Selected type of execution: 1
make: Nothing to be done for 'all'.
scale_mpi_epyc_epyc004_2023-06-26_01-33-35.csv epyc004 2023-06-26_01-33-35
MPI scalability begin
rep 1 scalability -e1 30000 256
rep 1 scalability -e1 30000 255
rep 1 scalability -e1 30000 254
rep 1 scalability -e1 30000 253
rep 1 scalability -e1 30000 252
rep 1 scalability -e1 30000 251
rep 1 scalability -e1 30000 250
rep 1 scalability -e1 30000 249
rep 1 scalability -e1 30000 248
rep 1 scalability -e1 30000 247
rep 1 scalability -e1 30000 246
rep 1 scalability -e1 30000 245
rep 1 scalability -e1 30000 244
rep 1 scalability -e1 30000 243
rep 1 scalability -e1 30000 242
rep 1 scalability -e1 30000 241
rep 1 scalability -e1 30000 240
rep 1 scalability -e1 30000 239
rep 1 scalability -e1 30000 238
rep 1 scalability -e1 30000 237
rep 1 scalability -e1 30000 236
rep 1 scalability -e1 30000 235
rep 1 scalability -e1 30000 234
rep 1 scalability -e1 30000 233
rep 1 scalability -e1 30000 232
rep 1 scalability -e1 30000 231
rep 1 scalability -e1 30000 230
rep 1 scalability -e1 30000 229
rep 1 scalability -e1 30000 228
rep 1 scalability -e1 30000 227
rep 1 scalability -e1 30000 226
rep 1 scalability -e1 30000 225
rep 1 scalability -e1 30000 224
rep 1 scalability -e1 30000 223
rep 1 scalability -e1 30000 222
rep 1 scalability -e1 30000 221
rep 1 scalability -e1 30000 220
rep 1 scalability -e1 30000 219
rep 1 scalability -e1 30000 218
rep 1 scalability -e1 30000 217
rep 1 scalability -e1 30000 216
rep 1 scalability -e1 30000 215
rep 1 scalability -e1 30000 214
rep 1 scalability -e1 30000 213
rep 1 scalability -e1 30000 212
rep 1 scalability -e1 30000 211
rep 1 scalability -e1 30000 210
rep 1 scalability -e1 30000 209
rep 1 scalability -e1 30000 208
rep 1 scalability -e1 30000 207
rep 1 scalability -e1 30000 206
rep 1 scalability -e1 30000 205
rep 1 scalability -e1 30000 204
rep 1 scalability -e1 30000 203
rep 1 scalability -e1 30000 202
rep 1 scalability -e1 30000 201
rep 1 scalability -e1 30000 200
rep 1 scalability -e1 30000 199
rep 1 scalability -e1 30000 198
rep 1 scalability -e1 30000 197
rep 1 scalability -e1 30000 196
rep 1 scalability -e1 30000 195
rep 1 scalability -e1 30000 194
rep 1 scalability -e1 30000 193
rep 1 scalability -e1 30000 192
rep 1 scalability -e1 30000 191
rep 1 scalability -e1 30000 190
rep 1 scalability -e1 30000 189
rep 1 scalability -e1 30000 188
rep 1 scalability -e1 30000 187
rep 1 scalability -e1 30000 186
rep 1 scalability -e1 30000 185
rep 1 scalability -e1 30000 184
rep 1 scalability -e1 30000 183
rep 1 scalability -e1 30000 182
rep 1 scalability -e1 30000 181
rep 1 scalability -e1 30000 180
rep 1 scalability -e1 30000 179
rep 1 scalability -e1 30000 178
rep 1 scalability -e1 30000 177
rep 1 scalability -e1 30000 176
rep 1 scalability -e1 30000 175
rep 1 scalability -e1 30000 174
rep 1 scalability -e1 30000 173
rep 1 scalability -e1 30000 172
rep 1 scalability -e1 30000 171
rep 1 scalability -e1 30000 170
rep 1 scalability -e1 30000 169
rep 1 scalability -e1 30000 168
rep 1 scalability -e1 30000 167
rep 1 scalability -e1 30000 166
rep 1 scalability -e1 30000 165
rep 1 scalability -e1 30000 164
rep 1 scalability -e1 30000 163
rep 1 scalability -e1 30000 162
rep 1 scalability -e1 30000 161
rep 1 scalability -e1 30000 160
rep 1 scalability -e1 30000 159
rep 1 scalability -e1 30000 158
rep 1 scalability -e1 30000 157
rep 1 scalability -e1 30000 156
rep 1 scalability -e1 30000 155
rep 1 scalability -e1 30000 154
rep 1 scalability -e1 30000 153
rep 1 scalability -e1 30000 152
rep 1 scalability -e1 30000 151
rep 1 scalability -e1 30000 150
rep 1 scalability -e1 30000 149
rep 1 scalability -e1 30000 148
rep 1 scalability -e1 30000 147
rep 1 scalability -e1 30000 146
rep 1 scalability -e1 30000 145
rep 1 scalability -e1 30000 144
rep 1 scalability -e1 30000 143
rep 1 scalability -e1 30000 142
rep 1 scalability -e1 30000 141
rep 1 scalability -e1 30000 140
rep 1 scalability -e1 30000 139
rep 1 scalability -e1 30000 138
rep 1 scalability -e1 30000 137
rep 1 scalability -e1 30000 136
rep 1 scalability -e1 30000 135
rep 1 scalability -e1 30000 134
rep 1 scalability -e1 30000 133
rep 1 scalability -e1 30000 132
rep 1 scalability -e1 30000 131
rep 1 scalability -e1 30000 130
rep 1 scalability -e1 30000 129
rep 1 scalability -e1 30000 128
rep 1 scalability -e1 30000 127
rep 1 scalability -e1 30000 126
rep 1 scalability -e1 30000 125
rep 1 scalability -e1 30000 124
rep 1 scalability -e1 30000 123
rep 1 scalability -e1 30000 122
rep 1 scalability -e1 30000 121
rep 1 scalability -e1 30000 120
rep 1 scalability -e1 30000 119
rep 1 scalability -e1 30000 118
rep 1 scalability -e1 30000 117
rep 1 scalability -e1 30000 116
rep 1 scalability -e1 30000 115
rep 1 scalability -e1 30000 114
rep 1 scalability -e1 30000 113
rep 1 scalability -e1 30000 112
rep 1 scalability -e1 30000 111
rep 1 scalability -e1 30000 110
rep 1 scalability -e1 30000 109
rep 1 scalability -e1 30000 108
rep 1 scalability -e1 30000 107
rep 1 scalability -e1 30000 106
rep 1 scalability -e1 30000 105
rep 1 scalability -e1 30000 104
rep 1 scalability -e1 30000 103
rep 1 scalability -e1 30000 102
rep 1 scalability -e1 30000 101
rep 1 scalability -e1 30000 100
rep 1 scalability -e1 30000 99
rep 1 scalability -e1 30000 98
rep 1 scalability -e1 30000 97
rep 1 scalability -e1 30000 96
rep 1 scalability -e1 30000 95
rep 1 scalability -e1 30000 94
rep 1 scalability -e1 30000 93
--------------------------------------------------------------------------
An ORTE daemon has unexpectedly failed after launch and before
communicating back to mpirun. This could be caused by a number
of factors, including an inability to create a connection back
to mpirun due to a lack of common network interfaces and/or no
route found between them. Please check network connectivity
(including firewalls and network routing requirements).
--------------------------------------------------------------------------
rep 1 scalability -e1 30000 92
--------------------------------------------------------------------------
An ORTE daemon has unexpectedly failed after launch and before
communicating back to mpirun. This could be caused by a number
of factors, including an inability to create a connection back
to mpirun due to a lack of common network interfaces and/or no
route found between them. Please check network connectivity
(including firewalls and network routing requirements).
--------------------------------------------------------------------------
rep 1 scalability -e1 30000 91
--------------------------------------------------------------------------
An ORTE daemon has unexpectedly failed after launch and before
communicating back to mpirun. This could be caused by a number
of factors, including an inability to create a connection back
to mpirun due to a lack of common network interfaces and/or no
route found between them. Please check network connectivity
(including firewalls and network routing requirements).
--------------------------------------------------------------------------
rep 1 scalability -e1 30000 90
--------------------------------------------------------------------------
An ORTE daemon has unexpectedly failed after launch and before
communicating back to mpirun. This could be caused by a number
of factors, including an inability to create a connection back
to mpirun due to a lack of common network interfaces and/or no
route found between them. Please check network connectivity
(including firewalls and network routing requirements).
--------------------------------------------------------------------------
rep 1 scalability -e1 30000 89
--------------------------------------------------------------------------
An ORTE daemon has unexpectedly failed after launch and before
communicating back to mpirun. This could be caused by a number
of factors, including an inability to create a connection back
to mpirun due to a lack of common network interfaces and/or no
route found between them. Please check network connectivity
(including firewalls and network routing requirements).
--------------------------------------------------------------------------
rep 1 scalability -e1 30000 88
--------------------------------------------------------------------------
An ORTE daemon has unexpectedly failed after launch and before
communicating back to mpirun. This could be caused by a number
of factors, including an inability to create a connection back
to mpirun due to a lack of common network interfaces and/or no
route found between them. Please check network connectivity
(including firewalls and network routing requirements).
--------------------------------------------------------------------------
rep 1 scalability -e1 30000 87
--------------------------------------------------------------------------
An ORTE daemon has unexpectedly failed after launch and before
communicating back to mpirun. This could be caused by a number
of factors, including an inability to create a connection back
to mpirun due to a lack of common network interfaces and/or no
route found between them. Please check network connectivity
(including firewalls and network routing requirements).
--------------------------------------------------------------------------
rep 1 scalability -e1 30000 86
--------------------------------------------------------------------------
An ORTE daemon has unexpectedly failed after launch and before
communicating back to mpirun. This could be caused by a number
of factors, including an inability to create a connection back
to mpirun due to a lack of common network interfaces and/or no
route found between them. Please check network connectivity
(including firewalls and network routing requirements).
--------------------------------------------------------------------------
rep 1 scalability -e1 30000 85
--------------------------------------------------------------------------
An ORTE daemon has unexpectedly failed after launch and before
communicating back to mpirun. This could be caused by a number
of factors, including an inability to create a connection back
to mpirun due to a lack of common network interfaces and/or no
route found between them. Please check network connectivity
(including firewalls and network routing requirements).
--------------------------------------------------------------------------
rep 1 scalability -e1 30000 84
--------------------------------------------------------------------------
An ORTE daemon has unexpectedly failed after launch and before
communicating back to mpirun. This could be caused by a number
of factors, including an inability to create a connection back
to mpirun due to a lack of common network interfaces and/or no
route found between them. Please check network connectivity
(including firewalls and network routing requirements).
--------------------------------------------------------------------------
rep 1 scalability -e1 30000 83
--------------------------------------------------------------------------
An ORTE daemon has unexpectedly failed after launch and before
communicating back to mpirun. This could be caused by a number
of factors, including an inability to create a connection back
to mpirun due to a lack of common network interfaces and/or no
route found between them. Please check network connectivity
(including firewalls and network routing requirements).
--------------------------------------------------------------------------
rep 1 scalability -e1 30000 82
--------------------------------------------------------------------------
An ORTE daemon has unexpectedly failed after launch and before
communicating back to mpirun. This could be caused by a number
of factors, including an inability to create a connection back
to mpirun due to a lack of common network interfaces and/or no
route found between them. Please check network connectivity
(including firewalls and network routing requirements).
--------------------------------------------------------------------------
rep 1 scalability -e1 30000 81
--------------------------------------------------------------------------
An ORTE daemon has unexpectedly failed after launch and before
communicating back to mpirun. This could be caused by a number
of factors, including an inability to create a connection back
to mpirun due to a lack of common network interfaces and/or no
route found between them. Please check network connectivity
(including firewalls and network routing requirements).
--------------------------------------------------------------------------
rep 1 scalability -e1 30000 80
--------------------------------------------------------------------------
An ORTE daemon has unexpectedly failed after launch and before
communicating back to mpirun. This could be caused by a number
of factors, including an inability to create a connection back
to mpirun due to a lack of common network interfaces and/or no
route found between them. Please check network connectivity
(including firewalls and network routing requirements).
--------------------------------------------------------------------------
rep 1 scalability -e1 30000 79
--------------------------------------------------------------------------
An ORTE daemon has unexpectedly failed after launch and before
communicating back to mpirun. This could be caused by a number
of factors, including an inability to create a connection back
to mpirun due to a lack of common network interfaces and/or no
route found between them. Please check network connectivity
(including firewalls and network routing requirements).
--------------------------------------------------------------------------
rep 1 scalability -e1 30000 78
--------------------------------------------------------------------------
An ORTE daemon has unexpectedly failed after launch and before
communicating back to mpirun. This could be caused by a number
of factors, including an inability to create a connection back
to mpirun due to a lack of common network interfaces and/or no
route found between them. Please check network connectivity
(including firewalls and network routing requirements).
--------------------------------------------------------------------------
rep 1 scalability -e1 30000 77
--------------------------------------------------------------------------
An ORTE daemon has unexpectedly failed after launch and before
communicating back to mpirun. This could be caused by a number
of factors, including an inability to create a connection back
to mpirun due to a lack of common network interfaces and/or no
route found between them. Please check network connectivity
(including firewalls and network routing requirements).
--------------------------------------------------------------------------
rep 1 scalability -e1 30000 76
--------------------------------------------------------------------------
An ORTE daemon has unexpectedly failed after launch and before
communicating back to mpirun. This could be caused by a number
of factors, including an inability to create a connection back
to mpirun due to a lack of common network interfaces and/or no
route found between them. Please check network connectivity
(including firewalls and network routing requirements).
--------------------------------------------------------------------------
rep 1 scalability -e1 30000 75
--------------------------------------------------------------------------
An ORTE daemon has unexpectedly failed after launch and before
communicating back to mpirun. This could be caused by a number
of factors, including an inability to create a connection back
to mpirun due to a lack of common network interfaces and/or no
route found between them. Please check network connectivity
(including firewalls and network routing requirements).
--------------------------------------------------------------------------
rep 1 scalability -e1 30000 74
--------------------------------------------------------------------------
An ORTE daemon has unexpectedly failed after launch and before
communicating back to mpirun. This could be caused by a number
of factors, including an inability to create a connection back
to mpirun due to a lack of common network interfaces and/or no
route found between them. Please check network connectivity
(including firewalls and network routing requirements).
--------------------------------------------------------------------------
rep 1 scalability -e1 30000 73
--------------------------------------------------------------------------
An ORTE daemon has unexpectedly failed after launch and before
communicating back to mpirun. This could be caused by a number
of factors, including an inability to create a connection back
to mpirun due to a lack of common network interfaces and/or no
route found between them. Please check network connectivity
(including firewalls and network routing requirements).
--------------------------------------------------------------------------
rep 1 scalability -e1 30000 72
--------------------------------------------------------------------------
An ORTE daemon has unexpectedly failed after launch and before
communicating back to mpirun. This could be caused by a number
of factors, including an inability to create a connection back
to mpirun due to a lack of common network interfaces and/or no
route found between them. Please check network connectivity
(including firewalls and network routing requirements).
--------------------------------------------------------------------------
rep 1 scalability -e1 30000 71
--------------------------------------------------------------------------
An ORTE daemon has unexpectedly failed after launch and before
communicating back to mpirun. This could be caused by a number
of factors, including an inability to create a connection back
to mpirun due to a lack of common network interfaces and/or no
route found between them. Please check network connectivity
(including firewalls and network routing requirements).
--------------------------------------------------------------------------
rep 1 scalability -e1 30000 70
--------------------------------------------------------------------------
An ORTE daemon has unexpectedly failed after launch and before
communicating back to mpirun. This could be caused by a number
of factors, including an inability to create a connection back
to mpirun due to a lack of common network interfaces and/or no
route found between them. Please check network connectivity
(including firewalls and network routing requirements).
--------------------------------------------------------------------------
rep 1 scalability -e1 30000 69
--------------------------------------------------------------------------
An ORTE daemon has unexpectedly failed after launch and before
communicating back to mpirun. This could be caused by a number
of factors, including an inability to create a connection back
to mpirun due to a lack of common network interfaces and/or no
route found between them. Please check network connectivity
(including firewalls and network routing requirements).
--------------------------------------------------------------------------
rep 1 scalability -e1 30000 68
--------------------------------------------------------------------------
An ORTE daemon has unexpectedly failed after launch and before
communicating back to mpirun. This could be caused by a number
of factors, including an inability to create a connection back
to mpirun due to a lack of common network interfaces and/or no
route found between them. Please check network connectivity
(including firewalls and network routing requirements).
--------------------------------------------------------------------------
rep 1 scalability -e1 30000 67
--------------------------------------------------------------------------
An ORTE daemon has unexpectedly failed after launch and before
communicating back to mpirun. This could be caused by a number
of factors, including an inability to create a connection back
to mpirun due to a lack of common network interfaces and/or no
route found between them. Please check network connectivity
(including firewalls and network routing requirements).
--------------------------------------------------------------------------
rep 1 scalability -e1 30000 66
--------------------------------------------------------------------------
An ORTE daemon has unexpectedly failed after launch and before
communicating back to mpirun. This could be caused by a number
of factors, including an inability to create a connection back
to mpirun due to a lack of common network interfaces and/or no
route found between them. Please check network connectivity
(including firewalls and network routing requirements).
--------------------------------------------------------------------------
rep 1 scalability -e1 30000 65
--------------------------------------------------------------------------
An ORTE daemon has unexpectedly failed after launch and before
communicating back to mpirun. This could be caused by a number
of factors, including an inability to create a connection back
to mpirun due to a lack of common network interfaces and/or no
route found between them. Please check network connectivity
(including firewalls and network routing requirements).
--------------------------------------------------------------------------
rep 1 scalability -e1 30000 64
--------------------------------------------------------------------------
An ORTE daemon has unexpectedly failed after launch and before
communicating back to mpirun. This could be caused by a number
of factors, including an inability to create a connection back
to mpirun due to a lack of common network interfaces and/or no
route found between them. Please check network connectivity
(including firewalls and network routing requirements).
--------------------------------------------------------------------------
rep 1 scalability -e1 30000 63
--------------------------------------------------------------------------
An ORTE daemon has unexpectedly failed after launch and before
communicating back to mpirun. This could be caused by a number
of factors, including an inability to create a connection back
to mpirun due to a lack of common network interfaces and/or no
route found between them. Please check network connectivity
(including firewalls and network routing requirements).
--------------------------------------------------------------------------
rep 1 scalability -e1 30000 62
--------------------------------------------------------------------------
An ORTE daemon has unexpectedly failed after launch and before
communicating back to mpirun. This could be caused by a number
of factors, including an inability to create a connection back
to mpirun due to a lack of common network interfaces and/or no
route found between them. Please check network connectivity
(including firewalls and network routing requirements).
--------------------------------------------------------------------------
rep 1 scalability -e1 30000 61
--------------------------------------------------------------------------
An ORTE daemon has unexpectedly failed after launch and before
communicating back to mpirun. This could be caused by a number
of factors, including an inability to create a connection back
to mpirun due to a lack of common network interfaces and/or no
route found between them. Please check network connectivity
(including firewalls and network routing requirements).
--------------------------------------------------------------------------
rep 1 scalability -e1 30000 60
--------------------------------------------------------------------------
An ORTE daemon has unexpectedly failed after launch and before
communicating back to mpirun. This could be caused by a number
of factors, including an inability to create a connection back
to mpirun due to a lack of common network interfaces and/or no
route found between them. Please check network connectivity
(including firewalls and network routing requirements).
--------------------------------------------------------------------------
rep 1 scalability -e1 30000 59
--------------------------------------------------------------------------
An ORTE daemon has unexpectedly failed after launch and before
communicating back to mpirun. This could be caused by a number
of factors, including an inability to create a connection back
to mpirun due to a lack of common network interfaces and/or no
route found between them. Please check network connectivity
(including firewalls and network routing requirements).
--------------------------------------------------------------------------
rep 1 scalability -e1 30000 58
--------------------------------------------------------------------------
An ORTE daemon has unexpectedly failed after launch and before
communicating back to mpirun. This could be caused by a number
of factors, including an inability to create a connection back
to mpirun due to a lack of common network interfaces and/or no
route found between them. Please check network connectivity
(including firewalls and network routing requirements).
--------------------------------------------------------------------------
rep 1 scalability -e1 30000 57
--------------------------------------------------------------------------
An ORTE daemon has unexpectedly failed after launch and before
communicating back to mpirun. This could be caused by a number
of factors, including an inability to create a connection back
to mpirun due to a lack of common network interfaces and/or no
route found between them. Please check network connectivity
(including firewalls and network routing requirements).
--------------------------------------------------------------------------
rep 1 scalability -e1 30000 56
--------------------------------------------------------------------------
An ORTE daemon has unexpectedly failed after launch and before
communicating back to mpirun. This could be caused by a number
of factors, including an inability to create a connection back
to mpirun due to a lack of common network interfaces and/or no
route found between them. Please check network connectivity
(including firewalls and network routing requirements).
--------------------------------------------------------------------------
rep 1 scalability -e1 30000 55
--------------------------------------------------------------------------
An ORTE daemon has unexpectedly failed after launch and before
communicating back to mpirun. This could be caused by a number
of factors, including an inability to create a connection back
to mpirun due to a lack of common network interfaces and/or no
route found between them. Please check network connectivity
(including firewalls and network routing requirements).
--------------------------------------------------------------------------
rep 1 scalability -e1 30000 54
--------------------------------------------------------------------------
An ORTE daemon has unexpectedly failed after launch and before
communicating back to mpirun. This could be caused by a number
of factors, including an inability to create a connection back
to mpirun due to a lack of common network interfaces and/or no
route found between them. Please check network connectivity
(including firewalls and network routing requirements).
--------------------------------------------------------------------------
rep 2 scalability -e1 30000 256
--------------------------------------------------------------------------
An ORTE daemon has unexpectedly failed after launch and before
communicating back to mpirun. This could be caused by a number
of factors, including an inability to create a connection back
to mpirun due to a lack of common network interfaces and/or no
route found between them. Please check network connectivity
(including firewalls and network routing requirements).
--------------------------------------------------------------------------
rep 2 scalability -e1 30000 255
--------------------------------------------------------------------------
An ORTE daemon has unexpectedly failed after launch and before
communicating back to mpirun. This could be caused by a number
of factors, including an inability to create a connection back
to mpirun due to a lack of common network interfaces and/or no
route found between them. Please check network connectivity
(including firewalls and network routing requirements).
--------------------------------------------------------------------------
rep 2 scalability -e1 30000 254
--------------------------------------------------------------------------
An ORTE daemon has unexpectedly failed after launch and before
communicating back to mpirun. This could be caused by a number
of factors, including an inability to create a connection back
to mpirun due to a lack of common network interfaces and/or no
route found between them. Please check network connectivity
(including firewalls and network routing requirements).
--------------------------------------------------------------------------
rep 2 scalability -e1 30000 253
--------------------------------------------------------------------------
An ORTE daemon has unexpectedly failed after launch and before
communicating back to mpirun. This could be caused by a number
of factors, including an inability to create a connection back
to mpirun due to a lack of common network interfaces and/or no
route found between them. Please check network connectivity
(including firewalls and network routing requirements).
--------------------------------------------------------------------------
rep 2 scalability -e1 30000 252
--------------------------------------------------------------------------
An ORTE daemon has unexpectedly failed after launch and before
communicating back to mpirun. This could be caused by a number
of factors, including an inability to create a connection back
to mpirun due to a lack of common network interfaces and/or no
route found between them. Please check network connectivity
(including firewalls and network routing requirements).
--------------------------------------------------------------------------
rep 2 scalability -e1 30000 251
--------------------------------------------------------------------------
An ORTE daemon has unexpectedly failed after launch and before
communicating back to mpirun. This could be caused by a number
of factors, including an inability to create a connection back
to mpirun due to a lack of common network interfaces and/or no
route found between them. Please check network connectivity
(including firewalls and network routing requirements).
--------------------------------------------------------------------------
rep 2 scalability -e1 30000 250
--------------------------------------------------------------------------
An ORTE daemon has unexpectedly failed after launch and before
communicating back to mpirun. This could be caused by a number
of factors, including an inability to create a connection back
to mpirun due to a lack of common network interfaces and/or no
route found between them. Please check network connectivity
(including firewalls and network routing requirements).
--------------------------------------------------------------------------
rep 2 scalability -e1 30000 249
--------------------------------------------------------------------------
An ORTE daemon has unexpectedly failed after launch and before
communicating back to mpirun. This could be caused by a number
of factors, including an inability to create a connection back
to mpirun due to a lack of common network interfaces and/or no
route found between them. Please check network connectivity
(including firewalls and network routing requirements).
--------------------------------------------------------------------------
rep 2 scalability -e1 30000 248
--------------------------------------------------------------------------
An ORTE daemon has unexpectedly failed after launch and before
communicating back to mpirun. This could be caused by a number
of factors, including an inability to create a connection back
to mpirun due to a lack of common network interfaces and/or no
route found between them. Please check network connectivity
(including firewalls and network routing requirements).
--------------------------------------------------------------------------
rep 2 scalability -e1 30000 247
--------------------------------------------------------------------------
An ORTE daemon has unexpectedly failed after launch and before
communicating back to mpirun. This could be caused by a number
of factors, including an inability to create a connection back
to mpirun due to a lack of common network interfaces and/or no
route found between them. Please check network connectivity
(including firewalls and network routing requirements).
--------------------------------------------------------------------------
rep 2 scalability -e1 30000 246
--------------------------------------------------------------------------
An ORTE daemon has unexpectedly failed after launch and before
communicating back to mpirun. This could be caused by a number
of factors, including an inability to create a connection back
to mpirun due to a lack of common network interfaces and/or no
route found between them. Please check network connectivity
(including firewalls and network routing requirements).
--------------------------------------------------------------------------
rep 2 scalability -e1 30000 245
--------------------------------------------------------------------------
An ORTE daemon has unexpectedly failed after launch and before
communicating back to mpirun. This could be caused by a number
of factors, including an inability to create a connection back
to mpirun due to a lack of common network interfaces and/or no
route found between them. Please check network connectivity
(including firewalls and network routing requirements).
--------------------------------------------------------------------------
rep 2 scalability -e1 30000 244
--------------------------------------------------------------------------
An ORTE daemon has unexpectedly failed after launch and before
communicating back to mpirun. This could be caused by a number
of factors, including an inability to create a connection back
to mpirun due to a lack of common network interfaces and/or no
route found between them. Please check network connectivity
(including firewalls and network routing requirements).
--------------------------------------------------------------------------
rep 2 scalability -e1 30000 243
--------------------------------------------------------------------------
An ORTE daemon has unexpectedly failed after launch and before
communicating back to mpirun. This could be caused by a number
of factors, including an inability to create a connection back
to mpirun due to a lack of common network interfaces and/or no
route found between them. Please check network connectivity
(including firewalls and network routing requirements).
--------------------------------------------------------------------------
rep 2 scalability -e1 30000 242
--------------------------------------------------------------------------
An ORTE daemon has unexpectedly failed after launch and before
communicating back to mpirun. This could be caused by a number
of factors, including an inability to create a connection back
to mpirun due to a lack of common network interfaces and/or no
route found between them. Please check network connectivity
(including firewalls and network routing requirements).
--------------------------------------------------------------------------
rep 2 scalability -e1 30000 241
--------------------------------------------------------------------------
An ORTE daemon has unexpectedly failed after launch and before
communicating back to mpirun. This could be caused by a number
of factors, including an inability to create a connection back
to mpirun due to a lack of common network interfaces and/or no
route found between them. Please check network connectivity
(including firewalls and network routing requirements).
--------------------------------------------------------------------------
rep 2 scalability -e1 30000 240
--------------------------------------------------------------------------
An ORTE daemon has unexpectedly failed after launch and before
communicating back to mpirun. This could be caused by a number
of factors, including an inability to create a connection back
to mpirun due to a lack of common network interfaces and/or no
route found between them. Please check network connectivity
(including firewalls and network routing requirements).
--------------------------------------------------------------------------
rep 2 scalability -e1 30000 239
--------------------------------------------------------------------------
An ORTE daemon has unexpectedly failed after launch and before
communicating back to mpirun. This could be caused by a number
of factors, including an inability to create a connection back
to mpirun due to a lack of common network interfaces and/or no
route found between them. Please check network connectivity
(including firewalls and network routing requirements).
--------------------------------------------------------------------------
rep 2 scalability -e1 30000 238
slurmstepd: error: *** JOB 13957 ON epyc004 CANCELLED AT 2023-06-26T03:34:01 DUE TO TIME LIMIT ***
