Selected type of execution: 3
make: Nothing to be done for 'all'.
scale_omp_epyc_epyc005_2023-06-12_12-57-50.csv epyc005 2023-06-12_12-57-50
scalability begin
rep 1 scalability -e3 10000 55
rep 1 scalability -e3 10000 56
rep 1 scalability -e3 10000 57
rep 1 scalability -e3 10000 58
rep 1 scalability -e3 10000 59
rep 1 scalability -e3 10000 60
rep 1 scalability -e3 10000 61
rep 1 scalability -e3 10000 62
rep 1 scalability -e3 10000 63
rep 1 scalability -e3 10000 64
rep 1 scalability -e3 1000 55
rep 1 scalability -e3 1000 56
rep 1 scalability -e3 1000 57
rep 1 scalability -e3 1000 58
rep 1 scalability -e3 1000 59
rep 1 scalability -e3 1000 60
rep 1 scalability -e3 1000 61
rep 1 scalability -e3 1000 62
rep 1 scalability -e3 1000 63
rep 1 scalability -e3 1000 64
rep 1 scalability -e3 100 55
rep 1 scalability -e3 100 56
rep 1 scalability -e3 100 57
rep 1 scalability -e3 100 58
rep 1 scalability -e3 100 59
rep 1 scalability -e3 100 60
rep 1 scalability -e3 100 61
rep 1 scalability -e3 100 62
rep 1 scalability -e3 100 63
rep 1 scalability -e3 100 64
rep 2 scalability -e3 10000 55
rep 2 scalability -e3 10000 56
rep 2 scalability -e3 10000 57
rep 2 scalability -e3 10000 58
rep 2 scalability -e3 10000 59
rep 2 scalability -e3 10000 60
rep 2 scalability -e3 10000 61
rep 2 scalability -e3 10000 62
rep 2 scalability -e3 10000 63
rep 2 scalability -e3 10000 64
rep 2 scalability -e3 1000 55
rep 2 scalability -e3 1000 56
rep 2 scalability -e3 1000 57
rep 2 scalability -e3 1000 58
rep 2 scalability -e3 1000 59
rep 2 scalability -e3 1000 60
rep 2 scalability -e3 1000 61
rep 2 scalability -e3 1000 62
rep 2 scalability -e3 1000 63
rep 2 scalability -e3 1000 64
rep 2 scalability -e3 100 55
rep 2 scalability -e3 100 56
rep 2 scalability -e3 100 57
rep 2 scalability -e3 100 58
rep 2 scalability -e3 100 59
rep 2 scalability -e3 100 60
rep 2 scalability -e3 100 61
rep 2 scalability -e3 100 62
rep 2 scalability -e3 100 63
rep 2 scalability -e3 100 64
rep 3 scalability -e3 10000 55
rep 3 scalability -e3 10000 56
rep 3 scalability -e3 10000 57
rep 3 scalability -e3 10000 58
rep 3 scalability -e3 10000 59
rep 3 scalability -e3 10000 60
rep 3 scalability -e3 10000 61
rep 3 scalability -e3 10000 62
slurmstepd: error: *** JOB 12002 ON epyc005 CANCELLED AT 2023-06-12T14:58:09 DUE TO TIME LIMIT ***
