Selected type of execution: 3
make: Nothing to be done for 'all'.
scale_mpi_epyc_epyc006_2023-06-13_12-02-32.csv epyc006 2023-06-13_12-02-32
MPI scalability begin
rep 1 scalability -e3 10000 64
rep 1 scalability -e3 10000 63
rep 1 scalability -e3 10000 62
rep 1 scalability -e3 10000 61
rep 1 scalability -e3 10000 60
rep 1 scalability -e3 10000 59
rep 1 scalability -e3 10000 58
rep 1 scalability -e3 10000 57
rep 1 scalability -e3 10000 56
rep 1 scalability -e3 10000 55
rep 1 scalability -e3 10000 54
rep 1 scalability -e3 10000 53
rep 1 scalability -e3 10000 52
rep 1 scalability -e3 10000 51
rep 1 scalability -e3 10000 50
rep 1 scalability -e3 10000 49
rep 1 scalability -e3 10000 48
rep 1 scalability -e3 10000 47
rep 1 scalability -e3 10000 46
rep 1 scalability -e3 10000 45
rep 1 scalability -e3 10000 44
rep 1 scalability -e3 10000 43
rep 1 scalability -e3 10000 42
rep 1 scalability -e3 10000 41
rep 1 scalability -e3 10000 40
rep 1 scalability -e3 10000 39
rep 1 scalability -e3 10000 38
rep 1 scalability -e3 10000 37
rep 1 scalability -e3 10000 36
rep 1 scalability -e3 10000 35
rep 1 scalability -e3 10000 34
rep 1 scalability -e3 10000 33
rep 1 scalability -e3 10000 32
rep 1 scalability -e3 10000 31
rep 1 scalability -e3 10000 30
rep 1 scalability -e3 10000 29
rep 1 scalability -e3 10000 28
rep 1 scalability -e3 10000 27
rep 1 scalability -e3 10000 26
rep 1 scalability -e3 10000 25
rep 1 scalability -e3 10000 24
rep 1 scalability -e3 10000 23
rep 1 scalability -e3 10000 22
rep 1 scalability -e3 10000 21
rep 1 scalability -e3 10000 20
rep 1 scalability -e3 10000 19
rep 1 scalability -e3 10000 18
rep 1 scalability -e3 10000 17
rep 1 scalability -e3 10000 16
rep 1 scalability -e3 10000 15
rep 1 scalability -e3 10000 14
rep 1 scalability -e3 10000 13
rep 1 scalability -e3 10000 12
rep 1 scalability -e3 10000 11
rep 1 scalability -e3 10000 10
rep 1 scalability -e3 10000 9
rep 1 scalability -e3 10000 8
rep 1 scalability -e3 10000 7
rep 1 scalability -e3 10000 6
rep 1 scalability -e3 10000 5
rep 1 scalability -e3 10000 4
rep 1 scalability -e3 10000 3
rep 1 scalability -e3 10000 2
rep 1 scalability -e3 10000 1
rep 1 scalability -e3 1000 64
rep 1 scalability -e3 1000 63
rep 1 scalability -e3 1000 62
rep 1 scalability -e3 1000 61
rep 1 scalability -e3 1000 60
rep 1 scalability -e3 1000 59
rep 1 scalability -e3 1000 58
rep 1 scalability -e3 1000 57
rep 1 scalability -e3 1000 56
rep 1 scalability -e3 1000 55
rep 1 scalability -e3 1000 54
rep 1 scalability -e3 1000 53
rep 1 scalability -e3 1000 52
rep 1 scalability -e3 1000 51
rep 1 scalability -e3 1000 50
rep 1 scalability -e3 1000 49
rep 1 scalability -e3 1000 48
rep 1 scalability -e3 1000 47
rep 1 scalability -e3 1000 46
rep 1 scalability -e3 1000 45
rep 1 scalability -e3 1000 44
rep 1 scalability -e3 1000 43
rep 1 scalability -e3 1000 42
rep 1 scalability -e3 1000 41
rep 1 scalability -e3 1000 40
rep 1 scalability -e3 1000 39
rep 1 scalability -e3 1000 38
rep 1 scalability -e3 1000 37
rep 1 scalability -e3 1000 36
rep 1 scalability -e3 1000 35
rep 1 scalability -e3 1000 34
rep 1 scalability -e3 1000 33
rep 1 scalability -e3 1000 32
rep 1 scalability -e3 1000 31
rep 1 scalability -e3 1000 30
rep 1 scalability -e3 1000 29
rep 1 scalability -e3 1000 28
rep 1 scalability -e3 1000 27
rep 1 scalability -e3 1000 26
rep 1 scalability -e3 1000 25
rep 1 scalability -e3 1000 24
rep 1 scalability -e3 1000 23
rep 1 scalability -e3 1000 22
rep 1 scalability -e3 1000 21
rep 1 scalability -e3 1000 20
rep 1 scalability -e3 1000 19
rep 1 scalability -e3 1000 18
rep 1 scalability -e3 1000 17
rep 1 scalability -e3 1000 16
rep 1 scalability -e3 1000 15
rep 1 scalability -e3 1000 14
rep 1 scalability -e3 1000 13
rep 1 scalability -e3 1000 12
rep 1 scalability -e3 1000 11
rep 1 scalability -e3 1000 10
rep 1 scalability -e3 1000 9
rep 1 scalability -e3 1000 8
rep 1 scalability -e3 1000 7
rep 1 scalability -e3 1000 6
rep 1 scalability -e3 1000 5
rep 1 scalability -e3 1000 4
rep 1 scalability -e3 1000 3
rep 1 scalability -e3 1000 2
rep 1 scalability -e3 1000 1
rep 1 scalability -e3 100 64
rep 1 scalability -e3 100 63
rep 1 scalability -e3 100 62
rep 1 scalability -e3 100 61
rep 1 scalability -e3 100 60
rep 1 scalability -e3 100 59
rep 1 scalability -e3 100 58
rep 1 scalability -e3 100 57
rep 1 scalability -e3 100 56
rep 1 scalability -e3 100 55
rep 1 scalability -e3 100 54
rep 1 scalability -e3 100 53
rep 1 scalability -e3 100 52
rep 1 scalability -e3 100 51
rep 1 scalability -e3 100 50
rep 1 scalability -e3 100 49
rep 1 scalability -e3 100 48
rep 1 scalability -e3 100 47
rep 1 scalability -e3 100 46
rep 1 scalability -e3 100 45
rep 1 scalability -e3 100 44
rep 1 scalability -e3 100 43
rep 1 scalability -e3 100 42
rep 1 scalability -e3 100 41
rep 1 scalability -e3 100 40
rep 1 scalability -e3 100 39
rep 1 scalability -e3 100 38
rep 1 scalability -e3 100 37
rep 1 scalability -e3 100 36
rep 1 scalability -e3 100 35
rep 1 scalability -e3 100 34
rep 1 scalability -e3 100 33
rep 1 scalability -e3 100 32
rep 1 scalability -e3 100 31
rep 1 scalability -e3 100 30
rep 1 scalability -e3 100 29
rep 1 scalability -e3 100 28
rep 1 scalability -e3 100 27
rep 1 scalability -e3 100 26
rep 1 scalability -e3 100 25
rep 1 scalability -e3 100 24
rep 1 scalability -e3 100 23
rep 1 scalability -e3 100 22
rep 1 scalability -e3 100 21
rep 1 scalability -e3 100 20
rep 1 scalability -e3 100 19
rep 1 scalability -e3 100 18
rep 1 scalability -e3 100 17
rep 1 scalability -e3 100 16
rep 1 scalability -e3 100 15
rep 1 scalability -e3 100 14
rep 1 scalability -e3 100 13
rep 1 scalability -e3 100 12
rep 1 scalability -e3 100 11
rep 1 scalability -e3 100 10
rep 1 scalability -e3 100 9
rep 1 scalability -e3 100 8
rep 1 scalability -e3 100 7
rep 1 scalability -e3 100 6
rep 1 scalability -e3 100 5
rep 1 scalability -e3 100 4
rep 1 scalability -e3 100 3
rep 1 scalability -e3 100 2
rep 1 scalability -e3 100 1
scalability end
