Selected type of execution: i
make: Nothing to be done for 'all'.
scale_weak_epyc_epyc005_2023-06-15_18-58-07.csv epyc005 2023-06-15_18-58-07
WEAK scalability begin
rep 1 scalability -i 100 1
rep 1 scalability -i 141 2
rep 1 scalability -i 200 3
rep 1 scalability -i 283 4
rep 1 scalability -i 400 5
rep 1 scalability -i 566 6
rep 1 scalability -i 800 7
rep 1 scalability -i 1131 8
rep 1 scalability -i 1600 9
rep 1 scalability -i 2263 10
rep 1 scalability -i 3200 11
rep 1 scalability -i 4525 12
rep 1 scalability -i 6400 13
rep 1 scalability -i 9051 14
rep 1 scalability -i 12800 15
rep 1 scalability -i 18102 16
rep 1 scalability -i 25600 17
rep 1 scalability -i 36204 18
rep 1 scalability -i 51200 19
rep 1 scalability -i 72408 20
rep 1 scalability -i 102400 21
rep 1 scalability -i 144815 22
rep 1 scalability -i 204800 23
rep 1 scalability -i 289631 24
rep 2 scalability -i 100 1
rep 2 scalability -i 141 2
rep 2 scalability -i 200 3
rep 2 scalability -i 283 4
rep 2 scalability -i 400 5
rep 2 scalability -i 566 6
rep 2 scalability -i 800 7
rep 2 scalability -i 1131 8
rep 2 scalability -i 1600 9
rep 2 scalability -i 2263 10
rep 2 scalability -i 3200 11
rep 2 scalability -i 4525 12
rep 2 scalability -i 6400 13
rep 2 scalability -i 9051 14
rep 2 scalability -i 12800 15
rep 2 scalability -i 18102 16
rep 2 scalability -i 25600 17
rep 2 scalability -i 36204 18
rep 2 scalability -i 51200 19
rep 2 scalability -i 72408 20
rep 2 scalability -i 102400 21
rep 2 scalability -i 144815 22
rep 2 scalability -i 204800 23
rep 2 scalability -i 289631 24
rep 3 scalability -i 100 1
rep 3 scalability -i 141 2
rep 3 scalability -i 200 3
rep 3 scalability -i 283 4
rep 3 scalability -i 400 5
rep 3 scalability -i 566 6
rep 3 scalability -i 800 7
rep 3 scalability -i 1131 8
rep 3 scalability -i 1600 9
rep 3 scalability -i 2263 10
rep 3 scalability -i 3200 11
rep 3 scalability -i 4525 12
rep 3 scalability -i 6400 13
rep 3 scalability -i 9051 14
rep 3 scalability -i 12800 15
rep 3 scalability -i 18102 16
rep 3 scalability -i 25600 17
rep 3 scalability -i 36204 18
rep 3 scalability -i 51200 19
rep 3 scalability -i 72408 20
rep 3 scalability -i 102400 21
rep 3 scalability -i 144815 22
slurmstepd: error: *** JOB 12818 ON epyc005 CANCELLED AT 2023-06-15T19:20:57 ***
