Selected type of execution: 0
make: Nothing to be done for 'all'.
scale_omp_epyc_epyc004_2023-06-12_10-52-08.csv epyc004 2023-06-12_10-52-08
scalability begin
rep 1 scalability -e0 10000 58
rep 1 scalability -e0 10000 59
rep 1 scalability -e0 10000 60
rep 1 scalability -e0 10000 61
rep 1 scalability -e0 10000 62
rep 1 scalability -e0 10000 63
rep 1 scalability -e0 10000 64
rep 1 scalability -e0 1000 58
rep 1 scalability -e0 1000 59
rep 1 scalability -e0 1000 60
rep 1 scalability -e0 1000 61
rep 1 scalability -e0 1000 62
rep 1 scalability -e0 1000 63
rep 1 scalability -e0 1000 64
rep 1 scalability -e0 100 58
rep 1 scalability -e0 100 59
rep 1 scalability -e0 100 60
rep 1 scalability -e0 100 61
rep 1 scalability -e0 100 62
rep 1 scalability -e0 100 63
rep 1 scalability -e0 100 64
rep 2 scalability -e0 10000 58
rep 2 scalability -e0 10000 59
rep 2 scalability -e0 10000 60
rep 2 scalability -e0 10000 61
rep 2 scalability -e0 10000 62
rep 2 scalability -e0 10000 63
rep 2 scalability -e0 10000 64
rep 2 scalability -e0 1000 58
rep 2 scalability -e0 1000 59
rep 2 scalability -e0 1000 60
rep 2 scalability -e0 1000 61
rep 2 scalability -e0 1000 62
rep 2 scalability -e0 1000 63
rep 2 scalability -e0 1000 64
rep 2 scalability -e0 100 58
rep 2 scalability -e0 100 59
rep 2 scalability -e0 100 60
rep 2 scalability -e0 100 61
rep 2 scalability -e0 100 62
rep 2 scalability -e0 100 63
rep 2 scalability -e0 100 64
rep 3 scalability -e0 10000 58
rep 3 scalability -e0 10000 59
rep 3 scalability -e0 10000 60
rep 3 scalability -e0 10000 61
rep 3 scalability -e0 10000 62
rep 3 scalability -e0 10000 63
rep 3 scalability -e0 10000 64
rep 3 scalability -e0 1000 58
rep 3 scalability -e0 1000 59
rep 3 scalability -e0 1000 60
rep 3 scalability -e0 1000 61
rep 3 scalability -e0 1000 62
rep 3 scalability -e0 1000 63
rep 3 scalability -e0 1000 64
rep 3 scalability -e0 100 58
rep 3 scalability -e0 100 59
rep 3 scalability -e0 100 60
rep 3 scalability -e0 100 61
rep 3 scalability -e0 100 62
rep 3 scalability -e0 100 63
rep 3 scalability -e0 100 64
rep 4 scalability -e0 10000 58
rep 4 scalability -e0 10000 59
rep 4 scalability -e0 10000 60
rep 4 scalability -e0 10000 61
rep 4 scalability -e0 10000 62
rep 4 scalability -e0 10000 63
rep 4 scalability -e0 10000 64
rep 4 scalability -e0 1000 58
rep 4 scalability -e0 1000 59
rep 4 scalability -e0 1000 60
rep 4 scalability -e0 1000 61
rep 4 scalability -e0 1000 62
rep 4 scalability -e0 1000 63
rep 4 scalability -e0 1000 64
rep 4 scalability -e0 100 58
rep 4 scalability -e0 100 59
rep 4 scalability -e0 100 60
rep 4 scalability -e0 100 61
rep 4 scalability -e0 100 62
rep 4 scalability -e0 100 63
rep 4 scalability -e0 100 64
rep 5 scalability -e0 10000 58
slurmstepd: error: *** JOB 11963 ON epyc004 CANCELLED AT 2023-06-12T12:52:09 DUE TO TIME LIMIT ***
