Selected type of execution: 1
make: Nothing to be done for 'all'.
scale_omp_epyc_epyc002_2023-06-21_11-40-01.csv epyc002 2023-06-21_11-40-01
OMP scalability begin
rep 1 scalability -e1 15000 64
rep 1 scalability -e1 15000 63
rep 1 scalability -e1 15000 62
rep 1 scalability -e1 15000 61
rep 1 scalability -e1 15000 60
rep 1 scalability -e1 15000 59
rep 1 scalability -e1 15000 58
rep 1 scalability -e1 15000 57
rep 1 scalability -e1 15000 56
rep 1 scalability -e1 15000 55
rep 1 scalability -e1 15000 54
rep 1 scalability -e1 15000 53
rep 1 scalability -e1 15000 52
rep 1 scalability -e1 15000 51
rep 1 scalability -e1 15000 50
rep 1 scalability -e1 15000 49
rep 1 scalability -e1 15000 48
rep 1 scalability -e1 15000 47
rep 1 scalability -e1 15000 46
rep 1 scalability -e1 15000 45
rep 1 scalability -e1 15000 44
rep 1 scalability -e1 15000 43
rep 1 scalability -e1 15000 42
rep 1 scalability -e1 15000 41
rep 1 scalability -e1 15000 40
rep 1 scalability -e1 15000 39
rep 1 scalability -e1 15000 38
rep 1 scalability -e1 15000 37
rep 1 scalability -e1 15000 36
rep 1 scalability -e1 15000 35
rep 1 scalability -e1 15000 34
rep 1 scalability -e1 15000 33
rep 1 scalability -e1 15000 32
rep 1 scalability -e1 15000 31
rep 1 scalability -e1 15000 30
rep 1 scalability -e1 15000 29
rep 1 scalability -e1 15000 28
rep 1 scalability -e1 15000 27
rep 1 scalability -e1 15000 26
rep 1 scalability -e1 15000 25
rep 1 scalability -e1 15000 24
rep 1 scalability -e1 15000 23
rep 1 scalability -e1 15000 22
rep 1 scalability -e1 15000 21
rep 1 scalability -e1 15000 20
rep 1 scalability -e1 15000 19
rep 1 scalability -e1 15000 18
rep 1 scalability -e1 15000 17
rep 1 scalability -e1 15000 16
rep 1 scalability -e1 15000 15
rep 1 scalability -e1 15000 14
rep 1 scalability -e1 15000 13
rep 1 scalability -e1 15000 12
rep 1 scalability -e1 15000 11
rep 1 scalability -e1 15000 10
rep 1 scalability -e1 15000 9
rep 1 scalability -e1 15000 8
rep 1 scalability -e1 15000 7
rep 1 scalability -e1 15000 6
rep 1 scalability -e1 15000 5
rep 1 scalability -e1 15000 4
rep 1 scalability -e1 15000 3
rep 1 scalability -e1 15000 2
rep 1 scalability -e1 15000 1
rep 2 scalability -e1 15000 64
rep 2 scalability -e1 15000 63
rep 2 scalability -e1 15000 62
rep 2 scalability -e1 15000 61
rep 2 scalability -e1 15000 60
rep 2 scalability -e1 15000 59
rep 2 scalability -e1 15000 58
rep 2 scalability -e1 15000 57
rep 2 scalability -e1 15000 56
rep 2 scalability -e1 15000 55
rep 2 scalability -e1 15000 54
rep 2 scalability -e1 15000 53
rep 2 scalability -e1 15000 52
rep 2 scalability -e1 15000 51
rep 2 scalability -e1 15000 50
rep 2 scalability -e1 15000 49
rep 2 scalability -e1 15000 48
rep 2 scalability -e1 15000 47
rep 2 scalability -e1 15000 46
rep 2 scalability -e1 15000 45
rep 2 scalability -e1 15000 44
rep 2 scalability -e1 15000 43
rep 2 scalability -e1 15000 42
rep 2 scalability -e1 15000 41
rep 2 scalability -e1 15000 40
rep 2 scalability -e1 15000 39
rep 2 scalability -e1 15000 38
rep 2 scalability -e1 15000 37
rep 2 scalability -e1 15000 36
rep 2 scalability -e1 15000 35
rep 2 scalability -e1 15000 34
rep 2 scalability -e1 15000 33
rep 2 scalability -e1 15000 32
rep 2 scalability -e1 15000 31
rep 2 scalability -e1 15000 30
rep 2 scalability -e1 15000 29
rep 2 scalability -e1 15000 28
rep 2 scalability -e1 15000 27
rep 2 scalability -e1 15000 26
rep 2 scalability -e1 15000 25
rep 2 scalability -e1 15000 24
rep 2 scalability -e1 15000 23
rep 2 scalability -e1 15000 22
rep 2 scalability -e1 15000 21
rep 2 scalability -e1 15000 20
rep 2 scalability -e1 15000 19
rep 2 scalability -e1 15000 18
rep 2 scalability -e1 15000 17
rep 2 scalability -e1 15000 16
rep 2 scalability -e1 15000 15
rep 2 scalability -e1 15000 14
rep 2 scalability -e1 15000 13
rep 2 scalability -e1 15000 12
rep 2 scalability -e1 15000 11
rep 2 scalability -e1 15000 10
rep 2 scalability -e1 15000 9
rep 2 scalability -e1 15000 8
rep 2 scalability -e1 15000 7
rep 2 scalability -e1 15000 6
rep 2 scalability -e1 15000 5
rep 2 scalability -e1 15000 4
rep 2 scalability -e1 15000 3
rep 2 scalability -e1 15000 2
rep 2 scalability -e1 15000 1
rep 3 scalability -e1 15000 64
rep 3 scalability -e1 15000 63
rep 3 scalability -e1 15000 62
rep 3 scalability -e1 15000 61
rep 3 scalability -e1 15000 60
rep 3 scalability -e1 15000 59
rep 3 scalability -e1 15000 58
rep 3 scalability -e1 15000 57
rep 3 scalability -e1 15000 56
rep 3 scalability -e1 15000 55
rep 3 scalability -e1 15000 54
rep 3 scalability -e1 15000 53
rep 3 scalability -e1 15000 52
rep 3 scalability -e1 15000 51
rep 3 scalability -e1 15000 50
rep 3 scalability -e1 15000 49
rep 3 scalability -e1 15000 48
rep 3 scalability -e1 15000 47
rep 3 scalability -e1 15000 46
rep 3 scalability -e1 15000 45
rep 3 scalability -e1 15000 44
rep 3 scalability -e1 15000 43
rep 3 scalability -e1 15000 42
rep 3 scalability -e1 15000 41
rep 3 scalability -e1 15000 40
rep 3 scalability -e1 15000 39
rep 3 scalability -e1 15000 38
rep 3 scalability -e1 15000 37
rep 3 scalability -e1 15000 36
rep 3 scalability -e1 15000 35
rep 3 scalability -e1 15000 34
rep 3 scalability -e1 15000 33
rep 3 scalability -e1 15000 32
rep 3 scalability -e1 15000 31
rep 3 scalability -e1 15000 30
rep 3 scalability -e1 15000 29
rep 3 scalability -e1 15000 28
rep 3 scalability -e1 15000 27
rep 3 scalability -e1 15000 26
rep 3 scalability -e1 15000 25
rep 3 scalability -e1 15000 24
rep 3 scalability -e1 15000 23
rep 3 scalability -e1 15000 22
rep 3 scalability -e1 15000 21
rep 3 scalability -e1 15000 20
rep 3 scalability -e1 15000 19
rep 3 scalability -e1 15000 18
rep 3 scalability -e1 15000 17
rep 3 scalability -e1 15000 16
rep 3 scalability -e1 15000 15
rep 3 scalability -e1 15000 14
rep 3 scalability -e1 15000 13
rep 3 scalability -e1 15000 12
rep 3 scalability -e1 15000 11
rep 3 scalability -e1 15000 10
rep 3 scalability -e1 15000 9
rep 3 scalability -e1 15000 8
rep 3 scalability -e1 15000 7
rep 3 scalability -e1 15000 6
rep 3 scalability -e1 15000 5
rep 3 scalability -e1 15000 4
rep 3 scalability -e1 15000 3
rep 3 scalability -e1 15000 2
rep 3 scalability -e1 15000 1
rep 4 scalability -e1 15000 64
rep 4 scalability -e1 15000 63
rep 4 scalability -e1 15000 62
rep 4 scalability -e1 15000 61
rep 4 scalability -e1 15000 60
rep 4 scalability -e1 15000 59
rep 4 scalability -e1 15000 58
rep 4 scalability -e1 15000 57
rep 4 scalability -e1 15000 56
rep 4 scalability -e1 15000 55
rep 4 scalability -e1 15000 54
rep 4 scalability -e1 15000 53
rep 4 scalability -e1 15000 52
rep 4 scalability -e1 15000 51
rep 4 scalability -e1 15000 50
rep 4 scalability -e1 15000 49
rep 4 scalability -e1 15000 48
rep 4 scalability -e1 15000 47
rep 4 scalability -e1 15000 46
rep 4 scalability -e1 15000 45
rep 4 scalability -e1 15000 44
rep 4 scalability -e1 15000 43
rep 4 scalability -e1 15000 42
rep 4 scalability -e1 15000 41
rep 4 scalability -e1 15000 40
rep 4 scalability -e1 15000 39
rep 4 scalability -e1 15000 38
rep 4 scalability -e1 15000 37
rep 4 scalability -e1 15000 36
rep 4 scalability -e1 15000 35
rep 4 scalability -e1 15000 34
rep 4 scalability -e1 15000 33
rep 4 scalability -e1 15000 32
rep 4 scalability -e1 15000 31
rep 4 scalability -e1 15000 30
rep 4 scalability -e1 15000 29
rep 4 scalability -e1 15000 28
rep 4 scalability -e1 15000 27
rep 4 scalability -e1 15000 26
rep 4 scalability -e1 15000 25
rep 4 scalability -e1 15000 24
rep 4 scalability -e1 15000 23
rep 4 scalability -e1 15000 22
rep 4 scalability -e1 15000 21
slurmstepd: error: *** JOB 13358 ON epyc002 CANCELLED AT 2023-06-21T13:40:22 DUE TO TIME LIMIT ***
