Selected type of execution: 1
make: Nothing to be done for 'all'.
scale_mpi_epyc_epyc004_2023-06-26_11-35-37.csv epyc004 2023-06-26_11-35-37
MPI scalability begin
rep 1 scalability -e1 30000 256
rep 1 scalability -e1 30000 248
rep 1 scalability -e1 30000 240
rep 1 scalability -e1 30000 232
rep 1 scalability -e1 30000 224
rep 1 scalability -e1 30000 216
rep 1 scalability -e1 30000 208
rep 1 scalability -e1 30000 200
rep 1 scalability -e1 30000 192
rep 1 scalability -e1 30000 184
rep 1 scalability -e1 30000 176
rep 1 scalability -e1 30000 168
rep 1 scalability -e1 30000 160
rep 1 scalability -e1 30000 152
rep 1 scalability -e1 30000 144
rep 1 scalability -e1 30000 136
rep 1 scalability -e1 30000 128
rep 1 scalability -e1 30000 120
rep 1 scalability -e1 30000 112
rep 1 scalability -e1 30000 104
rep 1 scalability -e1 30000 96
rep 1 scalability -e1 30000 88
rep 1 scalability -e1 30000 80
rep 1 scalability -e1 30000 72
rep 1 scalability -e1 30000 64
rep 1 scalability -e1 30000 56
rep 2 scalability -e1 30000 256
rep 2 scalability -e1 30000 248
rep 2 scalability -e1 30000 240
rep 2 scalability -e1 30000 232
rep 2 scalability -e1 30000 224
rep 2 scalability -e1 30000 216
rep 2 scalability -e1 30000 208
rep 2 scalability -e1 30000 200
rep 2 scalability -e1 30000 192
rep 2 scalability -e1 30000 184
rep 2 scalability -e1 30000 176
rep 2 scalability -e1 30000 168
rep 2 scalability -e1 30000 160
rep 2 scalability -e1 30000 152
rep 2 scalability -e1 30000 144
rep 2 scalability -e1 30000 136
rep 2 scalability -e1 30000 128
rep 2 scalability -e1 30000 120
rep 2 scalability -e1 30000 112
rep 2 scalability -e1 30000 104
rep 2 scalability -e1 30000 96
rep 2 scalability -e1 30000 88
rep 2 scalability -e1 30000 80
rep 2 scalability -e1 30000 72
rep 2 scalability -e1 30000 64
rep 2 scalability -e1 30000 56
rep 3 scalability -e1 30000 256
rep 3 scalability -e1 30000 248
rep 3 scalability -e1 30000 240
rep 3 scalability -e1 30000 232
rep 3 scalability -e1 30000 224
rep 3 scalability -e1 30000 216
rep 3 scalability -e1 30000 208
rep 3 scalability -e1 30000 200
rep 3 scalability -e1 30000 192
rep 3 scalability -e1 30000 184
rep 3 scalability -e1 30000 176
rep 3 scalability -e1 30000 168
rep 3 scalability -e1 30000 160
rep 3 scalability -e1 30000 152
rep 3 scalability -e1 30000 144
rep 3 scalability -e1 30000 136
rep 3 scalability -e1 30000 128
rep 3 scalability -e1 30000 120
rep 3 scalability -e1 30000 112
rep 3 scalability -e1 30000 104
rep 3 scalability -e1 30000 96
rep 3 scalability -e1 30000 88
rep 3 scalability -e1 30000 80
rep 3 scalability -e1 30000 72
rep 3 scalability -e1 30000 64
rep 3 scalability -e1 30000 56
rep 4 scalability -e1 30000 256
rep 4 scalability -e1 30000 248
rep 4 scalability -e1 30000 240
rep 4 scalability -e1 30000 232
rep 4 scalability -e1 30000 224
rep 4 scalability -e1 30000 216
rep 4 scalability -e1 30000 208
rep 4 scalability -e1 30000 200
rep 4 scalability -e1 30000 192
rep 4 scalability -e1 30000 184
rep 4 scalability -e1 30000 176
rep 4 scalability -e1 30000 168
rep 4 scalability -e1 30000 160
rep 4 scalability -e1 30000 152
rep 4 scalability -e1 30000 144
rep 4 scalability -e1 30000 136
rep 4 scalability -e1 30000 128
rep 4 scalability -e1 30000 120
rep 4 scalability -e1 30000 112
rep 4 scalability -e1 30000 104
rep 4 scalability -e1 30000 96
rep 4 scalability -e1 30000 88
rep 4 scalability -e1 30000 80
rep 4 scalability -e1 30000 72
rep 4 scalability -e1 30000 64
rep 4 scalability -e1 30000 56
rep 5 scalability -e1 30000 256
rep 5 scalability -e1 30000 248
rep 5 scalability -e1 30000 240
rep 5 scalability -e1 30000 232
rep 5 scalability -e1 30000 224
rep 5 scalability -e1 30000 216
rep 5 scalability -e1 30000 208
rep 5 scalability -e1 30000 200
rep 5 scalability -e1 30000 192
rep 5 scalability -e1 30000 184
rep 5 scalability -e1 30000 176
rep 5 scalability -e1 30000 168
rep 5 scalability -e1 30000 160
rep 5 scalability -e1 30000 152
rep 5 scalability -e1 30000 144
rep 5 scalability -e1 30000 136
rep 5 scalability -e1 30000 128
rep 5 scalability -e1 30000 120
rep 5 scalability -e1 30000 112
rep 5 scalability -e1 30000 104
rep 5 scalability -e1 30000 96
rep 5 scalability -e1 30000 88
rep 5 scalability -e1 30000 80
rep 5 scalability -e1 30000 72
rep 5 scalability -e1 30000 64
rep 5 scalability -e1 30000 56
rep 6 scalability -e1 30000 256
rep 6 scalability -e1 30000 248
rep 6 scalability -e1 30000 240
rep 6 scalability -e1 30000 232
rep 6 scalability -e1 30000 224
rep 6 scalability -e1 30000 216
rep 6 scalability -e1 30000 208
rep 6 scalability -e1 30000 200
rep 6 scalability -e1 30000 192
rep 6 scalability -e1 30000 184
rep 6 scalability -e1 30000 176
rep 6 scalability -e1 30000 168
rep 6 scalability -e1 30000 160
rep 6 scalability -e1 30000 152
rep 6 scalability -e1 30000 144
rep 6 scalability -e1 30000 136
rep 6 scalability -e1 30000 128
rep 6 scalability -e1 30000 120
rep 6 scalability -e1 30000 112
rep 6 scalability -e1 30000 104
rep 6 scalability -e1 30000 96
rep 6 scalability -e1 30000 88
rep 6 scalability -e1 30000 80
rep 6 scalability -e1 30000 72
rep 6 scalability -e1 30000 64
rep 6 scalability -e1 30000 56
rep 7 scalability -e1 30000 256
rep 7 scalability -e1 30000 248
rep 7 scalability -e1 30000 240
rep 7 scalability -e1 30000 232
rep 7 scalability -e1 30000 224
rep 7 scalability -e1 30000 216
rep 7 scalability -e1 30000 208
rep 7 scalability -e1 30000 200
rep 7 scalability -e1 30000 192
rep 7 scalability -e1 30000 184
rep 7 scalability -e1 30000 176
rep 7 scalability -e1 30000 168
rep 7 scalability -e1 30000 160
rep 7 scalability -e1 30000 152
rep 7 scalability -e1 30000 144
rep 7 scalability -e1 30000 136
rep 7 scalability -e1 30000 128
rep 7 scalability -e1 30000 120
rep 7 scalability -e1 30000 112
rep 7 scalability -e1 30000 104
--------------------------------------------------------------------------
An ORTE daemon has unexpectedly failed after launch and before
communicating back to mpirun. This could be caused by a number
of factors, including an inability to create a connection back
to mpirun due to a lack of common network interfaces and/or no
route found between them. Please check network connectivity
(including firewalls and network routing requirements).
--------------------------------------------------------------------------
rep 7 scalability -e1 30000 96
--------------------------------------------------------------------------
An ORTE daemon has unexpectedly failed after launch and before
communicating back to mpirun. This could be caused by a number
of factors, including an inability to create a connection back
to mpirun due to a lack of common network interfaces and/or no
route found between them. Please check network connectivity
(including firewalls and network routing requirements).
--------------------------------------------------------------------------
rep 7 scalability -e1 30000 88
--------------------------------------------------------------------------
An ORTE daemon has unexpectedly failed after launch and before
communicating back to mpirun. This could be caused by a number
of factors, including an inability to create a connection back
to mpirun due to a lack of common network interfaces and/or no
route found between them. Please check network connectivity
(including firewalls and network routing requirements).
--------------------------------------------------------------------------
rep 7 scalability -e1 30000 80
--------------------------------------------------------------------------
An ORTE daemon has unexpectedly failed after launch and before
communicating back to mpirun. This could be caused by a number
of factors, including an inability to create a connection back
to mpirun due to a lack of common network interfaces and/or no
route found between them. Please check network connectivity
(including firewalls and network routing requirements).
--------------------------------------------------------------------------
rep 7 scalability -e1 30000 72
--------------------------------------------------------------------------
An ORTE daemon has unexpectedly failed after launch and before
communicating back to mpirun. This could be caused by a number
of factors, including an inability to create a connection back
to mpirun due to a lack of common network interfaces and/or no
route found between them. Please check network connectivity
(including firewalls and network routing requirements).
--------------------------------------------------------------------------
rep 7 scalability -e1 30000 64
--------------------------------------------------------------------------
An ORTE daemon has unexpectedly failed after launch and before
communicating back to mpirun. This could be caused by a number
of factors, including an inability to create a connection back
to mpirun due to a lack of common network interfaces and/or no
route found between them. Please check network connectivity
(including firewalls and network routing requirements).
--------------------------------------------------------------------------
rep 7 scalability -e1 30000 56
--------------------------------------------------------------------------
An ORTE daemon has unexpectedly failed after launch and before
communicating back to mpirun. This could be caused by a number
of factors, including an inability to create a connection back
to mpirun due to a lack of common network interfaces and/or no
route found between them. Please check network connectivity
(including firewalls and network routing requirements).
--------------------------------------------------------------------------
rep 8 scalability -e1 30000 256
--------------------------------------------------------------------------
An ORTE daemon has unexpectedly failed after launch and before
communicating back to mpirun. This could be caused by a number
of factors, including an inability to create a connection back
to mpirun due to a lack of common network interfaces and/or no
route found between them. Please check network connectivity
(including firewalls and network routing requirements).
--------------------------------------------------------------------------
rep 8 scalability -e1 30000 248
--------------------------------------------------------------------------
An ORTE daemon has unexpectedly failed after launch and before
communicating back to mpirun. This could be caused by a number
of factors, including an inability to create a connection back
to mpirun due to a lack of common network interfaces and/or no
route found between them. Please check network connectivity
(including firewalls and network routing requirements).
--------------------------------------------------------------------------
rep 8 scalability -e1 30000 240
--------------------------------------------------------------------------
An ORTE daemon has unexpectedly failed after launch and before
communicating back to mpirun. This could be caused by a number
of factors, including an inability to create a connection back
to mpirun due to a lack of common network interfaces and/or no
route found between them. Please check network connectivity
(including firewalls and network routing requirements).
--------------------------------------------------------------------------
rep 8 scalability -e1 30000 232
--------------------------------------------------------------------------
An ORTE daemon has unexpectedly failed after launch and before
communicating back to mpirun. This could be caused by a number
of factors, including an inability to create a connection back
to mpirun due to a lack of common network interfaces and/or no
route found between them. Please check network connectivity
(including firewalls and network routing requirements).
--------------------------------------------------------------------------
rep 8 scalability -e1 30000 224
--------------------------------------------------------------------------
An ORTE daemon has unexpectedly failed after launch and before
communicating back to mpirun. This could be caused by a number
of factors, including an inability to create a connection back
to mpirun due to a lack of common network interfaces and/or no
route found between them. Please check network connectivity
(including firewalls and network routing requirements).
--------------------------------------------------------------------------
rep 8 scalability -e1 30000 216
--------------------------------------------------------------------------
An ORTE daemon has unexpectedly failed after launch and before
communicating back to mpirun. This could be caused by a number
of factors, including an inability to create a connection back
to mpirun due to a lack of common network interfaces and/or no
route found between them. Please check network connectivity
(including firewalls and network routing requirements).
--------------------------------------------------------------------------
rep 8 scalability -e1 30000 208
--------------------------------------------------------------------------
An ORTE daemon has unexpectedly failed after launch and before
communicating back to mpirun. This could be caused by a number
of factors, including an inability to create a connection back
to mpirun due to a lack of common network interfaces and/or no
route found between them. Please check network connectivity
(including firewalls and network routing requirements).
--------------------------------------------------------------------------
rep 8 scalability -e1 30000 200
--------------------------------------------------------------------------
An ORTE daemon has unexpectedly failed after launch and before
communicating back to mpirun. This could be caused by a number
of factors, including an inability to create a connection back
to mpirun due to a lack of common network interfaces and/or no
route found between them. Please check network connectivity
(including firewalls and network routing requirements).
--------------------------------------------------------------------------
rep 8 scalability -e1 30000 192
--------------------------------------------------------------------------
An ORTE daemon has unexpectedly failed after launch and before
communicating back to mpirun. This could be caused by a number
of factors, including an inability to create a connection back
to mpirun due to a lack of common network interfaces and/or no
route found between them. Please check network connectivity
(including firewalls and network routing requirements).
--------------------------------------------------------------------------
rep 8 scalability -e1 30000 184
--------------------------------------------------------------------------
An ORTE daemon has unexpectedly failed after launch and before
communicating back to mpirun. This could be caused by a number
of factors, including an inability to create a connection back
to mpirun due to a lack of common network interfaces and/or no
route found between them. Please check network connectivity
(including firewalls and network routing requirements).
--------------------------------------------------------------------------
rep 8 scalability -e1 30000 176
--------------------------------------------------------------------------
An ORTE daemon has unexpectedly failed after launch and before
communicating back to mpirun. This could be caused by a number
of factors, including an inability to create a connection back
to mpirun due to a lack of common network interfaces and/or no
route found between them. Please check network connectivity
(including firewalls and network routing requirements).
--------------------------------------------------------------------------
rep 8 scalability -e1 30000 168
--------------------------------------------------------------------------
An ORTE daemon has unexpectedly failed after launch and before
communicating back to mpirun. This could be caused by a number
of factors, including an inability to create a connection back
to mpirun due to a lack of common network interfaces and/or no
route found between them. Please check network connectivity
(including firewalls and network routing requirements).
--------------------------------------------------------------------------
rep 8 scalability -e1 30000 160
--------------------------------------------------------------------------
An ORTE daemon has unexpectedly failed after launch and before
communicating back to mpirun. This could be caused by a number
of factors, including an inability to create a connection back
to mpirun due to a lack of common network interfaces and/or no
route found between them. Please check network connectivity
(including firewalls and network routing requirements).
--------------------------------------------------------------------------
rep 8 scalability -e1 30000 152
--------------------------------------------------------------------------
An ORTE daemon has unexpectedly failed after launch and before
communicating back to mpirun. This could be caused by a number
of factors, including an inability to create a connection back
to mpirun due to a lack of common network interfaces and/or no
route found between them. Please check network connectivity
(including firewalls and network routing requirements).
--------------------------------------------------------------------------
rep 8 scalability -e1 30000 144
--------------------------------------------------------------------------
An ORTE daemon has unexpectedly failed after launch and before
communicating back to mpirun. This could be caused by a number
of factors, including an inability to create a connection back
to mpirun due to a lack of common network interfaces and/or no
route found between them. Please check network connectivity
(including firewalls and network routing requirements).
--------------------------------------------------------------------------
rep 8 scalability -e1 30000 136
--------------------------------------------------------------------------
An ORTE daemon has unexpectedly failed after launch and before
communicating back to mpirun. This could be caused by a number
of factors, including an inability to create a connection back
to mpirun due to a lack of common network interfaces and/or no
route found between them. Please check network connectivity
(including firewalls and network routing requirements).
--------------------------------------------------------------------------
rep 8 scalability -e1 30000 128
--------------------------------------------------------------------------
An ORTE daemon has unexpectedly failed after launch and before
communicating back to mpirun. This could be caused by a number
of factors, including an inability to create a connection back
to mpirun due to a lack of common network interfaces and/or no
route found between them. Please check network connectivity
(including firewalls and network routing requirements).
--------------------------------------------------------------------------
rep 8 scalability -e1 30000 120
--------------------------------------------------------------------------
An ORTE daemon has unexpectedly failed after launch and before
communicating back to mpirun. This could be caused by a number
of factors, including an inability to create a connection back
to mpirun due to a lack of common network interfaces and/or no
route found between them. Please check network connectivity
(including firewalls and network routing requirements).
--------------------------------------------------------------------------
rep 8 scalability -e1 30000 112
--------------------------------------------------------------------------
An ORTE daemon has unexpectedly failed after launch and before
communicating back to mpirun. This could be caused by a number
of factors, including an inability to create a connection back
to mpirun due to a lack of common network interfaces and/or no
route found between them. Please check network connectivity
(including firewalls and network routing requirements).
--------------------------------------------------------------------------
rep 8 scalability -e1 30000 104
--------------------------------------------------------------------------
An ORTE daemon has unexpectedly failed after launch and before
communicating back to mpirun. This could be caused by a number
of factors, including an inability to create a connection back
to mpirun due to a lack of common network interfaces and/or no
route found between them. Please check network connectivity
(including firewalls and network routing requirements).
--------------------------------------------------------------------------
rep 8 scalability -e1 30000 96
--------------------------------------------------------------------------
An ORTE daemon has unexpectedly failed after launch and before
communicating back to mpirun. This could be caused by a number
of factors, including an inability to create a connection back
to mpirun due to a lack of common network interfaces and/or no
route found between them. Please check network connectivity
(including firewalls and network routing requirements).
--------------------------------------------------------------------------
rep 8 scalability -e1 30000 88
--------------------------------------------------------------------------
An ORTE daemon has unexpectedly failed after launch and before
communicating back to mpirun. This could be caused by a number
of factors, including an inability to create a connection back
to mpirun due to a lack of common network interfaces and/or no
route found between them. Please check network connectivity
(including firewalls and network routing requirements).
--------------------------------------------------------------------------
rep 8 scalability -e1 30000 80
--------------------------------------------------------------------------
An ORTE daemon has unexpectedly failed after launch and before
communicating back to mpirun. This could be caused by a number
of factors, including an inability to create a connection back
to mpirun due to a lack of common network interfaces and/or no
route found between them. Please check network connectivity
(including firewalls and network routing requirements).
--------------------------------------------------------------------------
rep 8 scalability -e1 30000 72
--------------------------------------------------------------------------
An ORTE daemon has unexpectedly failed after launch and before
communicating back to mpirun. This could be caused by a number
of factors, including an inability to create a connection back
to mpirun due to a lack of common network interfaces and/or no
route found between them. Please check network connectivity
(including firewalls and network routing requirements).
--------------------------------------------------------------------------
rep 8 scalability -e1 30000 64
--------------------------------------------------------------------------
An ORTE daemon has unexpectedly failed after launch and before
communicating back to mpirun. This could be caused by a number
of factors, including an inability to create a connection back
to mpirun due to a lack of common network interfaces and/or no
route found between them. Please check network connectivity
(including firewalls and network routing requirements).
--------------------------------------------------------------------------
rep 8 scalability -e1 30000 56
--------------------------------------------------------------------------
An ORTE daemon has unexpectedly failed after launch and before
communicating back to mpirun. This could be caused by a number
of factors, including an inability to create a connection back
to mpirun due to a lack of common network interfaces and/or no
route found between them. Please check network connectivity
(including firewalls and network routing requirements).
--------------------------------------------------------------------------
rep 9 scalability -e1 30000 256
--------------------------------------------------------------------------
An ORTE daemon has unexpectedly failed after launch and before
communicating back to mpirun. This could be caused by a number
of factors, including an inability to create a connection back
to mpirun due to a lack of common network interfaces and/or no
route found between them. Please check network connectivity
(including firewalls and network routing requirements).
--------------------------------------------------------------------------
rep 9 scalability -e1 30000 248
--------------------------------------------------------------------------
An ORTE daemon has unexpectedly failed after launch and before
communicating back to mpirun. This could be caused by a number
of factors, including an inability to create a connection back
to mpirun due to a lack of common network interfaces and/or no
route found between them. Please check network connectivity
(including firewalls and network routing requirements).
--------------------------------------------------------------------------
rep 9 scalability -e1 30000 240
--------------------------------------------------------------------------
An ORTE daemon has unexpectedly failed after launch and before
communicating back to mpirun. This could be caused by a number
of factors, including an inability to create a connection back
to mpirun due to a lack of common network interfaces and/or no
route found between them. Please check network connectivity
(including firewalls and network routing requirements).
--------------------------------------------------------------------------
rep 9 scalability -e1 30000 232
--------------------------------------------------------------------------
An ORTE daemon has unexpectedly failed after launch and before
communicating back to mpirun. This could be caused by a number
of factors, including an inability to create a connection back
to mpirun due to a lack of common network interfaces and/or no
route found between them. Please check network connectivity
(including firewalls and network routing requirements).
--------------------------------------------------------------------------
rep 9 scalability -e1 30000 224
--------------------------------------------------------------------------
An ORTE daemon has unexpectedly failed after launch and before
communicating back to mpirun. This could be caused by a number
of factors, including an inability to create a connection back
to mpirun due to a lack of common network interfaces and/or no
route found between them. Please check network connectivity
(including firewalls and network routing requirements).
--------------------------------------------------------------------------
rep 9 scalability -e1 30000 216
--------------------------------------------------------------------------
An ORTE daemon has unexpectedly failed after launch and before
communicating back to mpirun. This could be caused by a number
of factors, including an inability to create a connection back
to mpirun due to a lack of common network interfaces and/or no
route found between them. Please check network connectivity
(including firewalls and network routing requirements).
--------------------------------------------------------------------------
rep 9 scalability -e1 30000 208
--------------------------------------------------------------------------
An ORTE daemon has unexpectedly failed after launch and before
communicating back to mpirun. This could be caused by a number
of factors, including an inability to create a connection back
to mpirun due to a lack of common network interfaces and/or no
route found between them. Please check network connectivity
(including firewalls and network routing requirements).
--------------------------------------------------------------------------
rep 9 scalability -e1 30000 200
--------------------------------------------------------------------------
An ORTE daemon has unexpectedly failed after launch and before
communicating back to mpirun. This could be caused by a number
of factors, including an inability to create a connection back
to mpirun due to a lack of common network interfaces and/or no
route found between them. Please check network connectivity
(including firewalls and network routing requirements).
--------------------------------------------------------------------------
rep 9 scalability -e1 30000 192
--------------------------------------------------------------------------
An ORTE daemon has unexpectedly failed after launch and before
communicating back to mpirun. This could be caused by a number
of factors, including an inability to create a connection back
to mpirun due to a lack of common network interfaces and/or no
route found between them. Please check network connectivity
(including firewalls and network routing requirements).
--------------------------------------------------------------------------
rep 9 scalability -e1 30000 184
--------------------------------------------------------------------------
An ORTE daemon has unexpectedly failed after launch and before
communicating back to mpirun. This could be caused by a number
of factors, including an inability to create a connection back
to mpirun due to a lack of common network interfaces and/or no
route found between them. Please check network connectivity
(including firewalls and network routing requirements).
--------------------------------------------------------------------------
rep 9 scalability -e1 30000 176
--------------------------------------------------------------------------
An ORTE daemon has unexpectedly failed after launch and before
communicating back to mpirun. This could be caused by a number
of factors, including an inability to create a connection back
to mpirun due to a lack of common network interfaces and/or no
route found between them. Please check network connectivity
(including firewalls and network routing requirements).
--------------------------------------------------------------------------
rep 9 scalability -e1 30000 168
--------------------------------------------------------------------------
An ORTE daemon has unexpectedly failed after launch and before
communicating back to mpirun. This could be caused by a number
of factors, including an inability to create a connection back
to mpirun due to a lack of common network interfaces and/or no
route found between them. Please check network connectivity
(including firewalls and network routing requirements).
--------------------------------------------------------------------------
rep 9 scalability -e1 30000 160
--------------------------------------------------------------------------
An ORTE daemon has unexpectedly failed after launch and before
communicating back to mpirun. This could be caused by a number
of factors, including an inability to create a connection back
to mpirun due to a lack of common network interfaces and/or no
route found between them. Please check network connectivity
(including firewalls and network routing requirements).
--------------------------------------------------------------------------
rep 9 scalability -e1 30000 152
--------------------------------------------------------------------------
An ORTE daemon has unexpectedly failed after launch and before
communicating back to mpirun. This could be caused by a number
of factors, including an inability to create a connection back
to mpirun due to a lack of common network interfaces and/or no
route found between them. Please check network connectivity
(including firewalls and network routing requirements).
--------------------------------------------------------------------------
rep 9 scalability -e1 30000 144
--------------------------------------------------------------------------
An ORTE daemon has unexpectedly failed after launch and before
communicating back to mpirun. This could be caused by a number
of factors, including an inability to create a connection back
to mpirun due to a lack of common network interfaces and/or no
route found between them. Please check network connectivity
(including firewalls and network routing requirements).
--------------------------------------------------------------------------
rep 9 scalability -e1 30000 136
--------------------------------------------------------------------------
An ORTE daemon has unexpectedly failed after launch and before
communicating back to mpirun. This could be caused by a number
of factors, including an inability to create a connection back
to mpirun due to a lack of common network interfaces and/or no
route found between them. Please check network connectivity
(including firewalls and network routing requirements).
--------------------------------------------------------------------------
rep 9 scalability -e1 30000 128
--------------------------------------------------------------------------
An ORTE daemon has unexpectedly failed after launch and before
communicating back to mpirun. This could be caused by a number
of factors, including an inability to create a connection back
to mpirun due to a lack of common network interfaces and/or no
route found between them. Please check network connectivity
(including firewalls and network routing requirements).
--------------------------------------------------------------------------
rep 9 scalability -e1 30000 120
--------------------------------------------------------------------------
An ORTE daemon has unexpectedly failed after launch and before
communicating back to mpirun. This could be caused by a number
of factors, including an inability to create a connection back
to mpirun due to a lack of common network interfaces and/or no
route found between them. Please check network connectivity
(including firewalls and network routing requirements).
--------------------------------------------------------------------------
rep 9 scalability -e1 30000 112
--------------------------------------------------------------------------
An ORTE daemon has unexpectedly failed after launch and before
communicating back to mpirun. This could be caused by a number
of factors, including an inability to create a connection back
to mpirun due to a lack of common network interfaces and/or no
route found between them. Please check network connectivity
(including firewalls and network routing requirements).
--------------------------------------------------------------------------
rep 9 scalability -e1 30000 104
--------------------------------------------------------------------------
An ORTE daemon has unexpectedly failed after launch and before
communicating back to mpirun. This could be caused by a number
of factors, including an inability to create a connection back
to mpirun due to a lack of common network interfaces and/or no
route found between them. Please check network connectivity
(including firewalls and network routing requirements).
--------------------------------------------------------------------------
rep 9 scalability -e1 30000 96
--------------------------------------------------------------------------
An ORTE daemon has unexpectedly failed after launch and before
communicating back to mpirun. This could be caused by a number
of factors, including an inability to create a connection back
to mpirun due to a lack of common network interfaces and/or no
route found between them. Please check network connectivity
(including firewalls and network routing requirements).
--------------------------------------------------------------------------
rep 9 scalability -e1 30000 88
--------------------------------------------------------------------------
An ORTE daemon has unexpectedly failed after launch and before
communicating back to mpirun. This could be caused by a number
of factors, including an inability to create a connection back
to mpirun due to a lack of common network interfaces and/or no
route found between them. Please check network connectivity
(including firewalls and network routing requirements).
--------------------------------------------------------------------------
rep 9 scalability -e1 30000 80
--------------------------------------------------------------------------
An ORTE daemon has unexpectedly failed after launch and before
communicating back to mpirun. This could be caused by a number
of factors, including an inability to create a connection back
to mpirun due to a lack of common network interfaces and/or no
route found between them. Please check network connectivity
(including firewalls and network routing requirements).
--------------------------------------------------------------------------
rep 9 scalability -e1 30000 72
--------------------------------------------------------------------------
An ORTE daemon has unexpectedly failed after launch and before
communicating back to mpirun. This could be caused by a number
of factors, including an inability to create a connection back
to mpirun due to a lack of common network interfaces and/or no
route found between them. Please check network connectivity
(including firewalls and network routing requirements).
--------------------------------------------------------------------------
rep 9 scalability -e1 30000 64
--------------------------------------------------------------------------
An ORTE daemon has unexpectedly failed after launch and before
communicating back to mpirun. This could be caused by a number
of factors, including an inability to create a connection back
to mpirun due to a lack of common network interfaces and/or no
route found between them. Please check network connectivity
(including firewalls and network routing requirements).
--------------------------------------------------------------------------
rep 9 scalability -e1 30000 56
--------------------------------------------------------------------------
An ORTE daemon has unexpectedly failed after launch and before
communicating back to mpirun. This could be caused by a number
of factors, including an inability to create a connection back
to mpirun due to a lack of common network interfaces and/or no
route found between them. Please check network connectivity
(including firewalls and network routing requirements).
--------------------------------------------------------------------------
rep 10 scalability -e1 30000 256
--------------------------------------------------------------------------
An ORTE daemon has unexpectedly failed after launch and before
communicating back to mpirun. This could be caused by a number
of factors, including an inability to create a connection back
to mpirun due to a lack of common network interfaces and/or no
route found between them. Please check network connectivity
(including firewalls and network routing requirements).
--------------------------------------------------------------------------
rep 10 scalability -e1 30000 248
--------------------------------------------------------------------------
An ORTE daemon has unexpectedly failed after launch and before
communicating back to mpirun. This could be caused by a number
of factors, including an inability to create a connection back
to mpirun due to a lack of common network interfaces and/or no
route found between them. Please check network connectivity
(including firewalls and network routing requirements).
--------------------------------------------------------------------------
rep 10 scalability -e1 30000 240
--------------------------------------------------------------------------
An ORTE daemon has unexpectedly failed after launch and before
communicating back to mpirun. This could be caused by a number
of factors, including an inability to create a connection back
to mpirun due to a lack of common network interfaces and/or no
route found between them. Please check network connectivity
(including firewalls and network routing requirements).
--------------------------------------------------------------------------
rep 10 scalability -e1 30000 232
--------------------------------------------------------------------------
An ORTE daemon has unexpectedly failed after launch and before
communicating back to mpirun. This could be caused by a number
of factors, including an inability to create a connection back
to mpirun due to a lack of common network interfaces and/or no
route found between them. Please check network connectivity
(including firewalls and network routing requirements).
--------------------------------------------------------------------------
rep 10 scalability -e1 30000 224
--------------------------------------------------------------------------
An ORTE daemon has unexpectedly failed after launch and before
communicating back to mpirun. This could be caused by a number
of factors, including an inability to create a connection back
to mpirun due to a lack of common network interfaces and/or no
route found between them. Please check network connectivity
(including firewalls and network routing requirements).
--------------------------------------------------------------------------
rep 10 scalability -e1 30000 216
--------------------------------------------------------------------------
An ORTE daemon has unexpectedly failed after launch and before
communicating back to mpirun. This could be caused by a number
of factors, including an inability to create a connection back
to mpirun due to a lack of common network interfaces and/or no
route found between them. Please check network connectivity
(including firewalls and network routing requirements).
--------------------------------------------------------------------------
rep 10 scalability -e1 30000 208
--------------------------------------------------------------------------
An ORTE daemon has unexpectedly failed after launch and before
communicating back to mpirun. This could be caused by a number
of factors, including an inability to create a connection back
to mpirun due to a lack of common network interfaces and/or no
route found between them. Please check network connectivity
(including firewalls and network routing requirements).
--------------------------------------------------------------------------
rep 10 scalability -e1 30000 200
--------------------------------------------------------------------------
An ORTE daemon has unexpectedly failed after launch and before
communicating back to mpirun. This could be caused by a number
of factors, including an inability to create a connection back
to mpirun due to a lack of common network interfaces and/or no
route found between them. Please check network connectivity
(including firewalls and network routing requirements).
--------------------------------------------------------------------------
rep 10 scalability -e1 30000 192
--------------------------------------------------------------------------
An ORTE daemon has unexpectedly failed after launch and before
communicating back to mpirun. This could be caused by a number
of factors, including an inability to create a connection back
to mpirun due to a lack of common network interfaces and/or no
route found between them. Please check network connectivity
(including firewalls and network routing requirements).
--------------------------------------------------------------------------
rep 10 scalability -e1 30000 184
--------------------------------------------------------------------------
An ORTE daemon has unexpectedly failed after launch and before
communicating back to mpirun. This could be caused by a number
of factors, including an inability to create a connection back
to mpirun due to a lack of common network interfaces and/or no
route found between them. Please check network connectivity
(including firewalls and network routing requirements).
--------------------------------------------------------------------------
rep 10 scalability -e1 30000 176
--------------------------------------------------------------------------
An ORTE daemon has unexpectedly failed after launch and before
communicating back to mpirun. This could be caused by a number
of factors, including an inability to create a connection back
to mpirun due to a lack of common network interfaces and/or no
route found between them. Please check network connectivity
(including firewalls and network routing requirements).
--------------------------------------------------------------------------
rep 10 scalability -e1 30000 168
--------------------------------------------------------------------------
An ORTE daemon has unexpectedly failed after launch and before
communicating back to mpirun. This could be caused by a number
of factors, including an inability to create a connection back
to mpirun due to a lack of common network interfaces and/or no
route found between them. Please check network connectivity
(including firewalls and network routing requirements).
--------------------------------------------------------------------------
rep 10 scalability -e1 30000 160
--------------------------------------------------------------------------
An ORTE daemon has unexpectedly failed after launch and before
communicating back to mpirun. This could be caused by a number
of factors, including an inability to create a connection back
to mpirun due to a lack of common network interfaces and/or no
route found between them. Please check network connectivity
(including firewalls and network routing requirements).
--------------------------------------------------------------------------
rep 10 scalability -e1 30000 152
--------------------------------------------------------------------------
An ORTE daemon has unexpectedly failed after launch and before
communicating back to mpirun. This could be caused by a number
of factors, including an inability to create a connection back
to mpirun due to a lack of common network interfaces and/or no
route found between them. Please check network connectivity
(including firewalls and network routing requirements).
--------------------------------------------------------------------------
rep 10 scalability -e1 30000 144
--------------------------------------------------------------------------
An ORTE daemon has unexpectedly failed after launch and before
communicating back to mpirun. This could be caused by a number
of factors, including an inability to create a connection back
to mpirun due to a lack of common network interfaces and/or no
route found between them. Please check network connectivity
(including firewalls and network routing requirements).
--------------------------------------------------------------------------
rep 10 scalability -e1 30000 136
--------------------------------------------------------------------------
An ORTE daemon has unexpectedly failed after launch and before
communicating back to mpirun. This could be caused by a number
of factors, including an inability to create a connection back
to mpirun due to a lack of common network interfaces and/or no
route found between them. Please check network connectivity
(including firewalls and network routing requirements).
--------------------------------------------------------------------------
rep 10 scalability -e1 30000 128
--------------------------------------------------------------------------
An ORTE daemon has unexpectedly failed after launch and before
communicating back to mpirun. This could be caused by a number
of factors, including an inability to create a connection back
to mpirun due to a lack of common network interfaces and/or no
route found between them. Please check network connectivity
(including firewalls and network routing requirements).
--------------------------------------------------------------------------
rep 10 scalability -e1 30000 120
--------------------------------------------------------------------------
An ORTE daemon has unexpectedly failed after launch and before
communicating back to mpirun. This could be caused by a number
of factors, including an inability to create a connection back
to mpirun due to a lack of common network interfaces and/or no
route found between them. Please check network connectivity
(including firewalls and network routing requirements).
--------------------------------------------------------------------------
rep 10 scalability -e1 30000 112
--------------------------------------------------------------------------
An ORTE daemon has unexpectedly failed after launch and before
communicating back to mpirun. This could be caused by a number
of factors, including an inability to create a connection back
to mpirun due to a lack of common network interfaces and/or no
route found between them. Please check network connectivity
(including firewalls and network routing requirements).
--------------------------------------------------------------------------
rep 10 scalability -e1 30000 104
--------------------------------------------------------------------------
An ORTE daemon has unexpectedly failed after launch and before
communicating back to mpirun. This could be caused by a number
of factors, including an inability to create a connection back
to mpirun due to a lack of common network interfaces and/or no
route found between them. Please check network connectivity
(including firewalls and network routing requirements).
--------------------------------------------------------------------------
rep 10 scalability -e1 30000 96
--------------------------------------------------------------------------
An ORTE daemon has unexpectedly failed after launch and before
communicating back to mpirun. This could be caused by a number
of factors, including an inability to create a connection back
to mpirun due to a lack of common network interfaces and/or no
route found between them. Please check network connectivity
(including firewalls and network routing requirements).
--------------------------------------------------------------------------
rep 10 scalability -e1 30000 88
--------------------------------------------------------------------------
An ORTE daemon has unexpectedly failed after launch and before
communicating back to mpirun. This could be caused by a number
of factors, including an inability to create a connection back
to mpirun due to a lack of common network interfaces and/or no
route found between them. Please check network connectivity
(including firewalls and network routing requirements).
--------------------------------------------------------------------------
rep 10 scalability -e1 30000 80
--------------------------------------------------------------------------
An ORTE daemon has unexpectedly failed after launch and before
communicating back to mpirun. This could be caused by a number
of factors, including an inability to create a connection back
to mpirun due to a lack of common network interfaces and/or no
route found between them. Please check network connectivity
(including firewalls and network routing requirements).
--------------------------------------------------------------------------
rep 10 scalability -e1 30000 72
--------------------------------------------------------------------------
An ORTE daemon has unexpectedly failed after launch and before
communicating back to mpirun. This could be caused by a number
of factors, including an inability to create a connection back
to mpirun due to a lack of common network interfaces and/or no
route found between them. Please check network connectivity
(including firewalls and network routing requirements).
--------------------------------------------------------------------------
rep 10 scalability -e1 30000 64
--------------------------------------------------------------------------
An ORTE daemon has unexpectedly failed after launch and before
communicating back to mpirun. This could be caused by a number
of factors, including an inability to create a connection back
to mpirun due to a lack of common network interfaces and/or no
route found between them. Please check network connectivity
(including firewalls and network routing requirements).
--------------------------------------------------------------------------
rep 10 scalability -e1 30000 56
--------------------------------------------------------------------------
An ORTE daemon has unexpectedly failed after launch and before
communicating back to mpirun. This could be caused by a number
of factors, including an inability to create a connection back
to mpirun due to a lack of common network interfaces and/or no
route found between them. Please check network connectivity
(including firewalls and network routing requirements).
--------------------------------------------------------------------------
scalability end
