Selected type of execution: 2
make: Nothing to be done for 'all'.
scale_mpi_epyc_epyc001.orfeo.hpc_2023-06-14_23-08-25.csv epyc001.orfeo.hpc 2023-06-14_23-08-25
MPI scalability begin
rep 1 scalability -e2 10000 40
rep 1 scalability -e2 10000 39
rep 1 scalability -e2 10000 38
rep 1 scalability -e2 10000 37
rep 1 scalability -e2 10000 36
rep 1 scalability -e2 10000 35
rep 1 scalability -e2 10000 34
rep 1 scalability -e2 10000 33
rep 1 scalability -e2 10000 32
rep 1 scalability -e2 10000 31
rep 1 scalability -e2 10000 30
rep 1 scalability -e2 10000 29
rep 1 scalability -e2 10000 28
rep 1 scalability -e2 10000 27
rep 1 scalability -e2 10000 26
rep 1 scalability -e2 10000 25
rep 1 scalability -e2 10000 24
rep 1 scalability -e2 10000 23
rep 1 scalability -e2 10000 22
rep 1 scalability -e2 10000 21
rep 1 scalability -e2 10000 20
rep 1 scalability -e2 10000 19
rep 1 scalability -e2 10000 18
rep 1 scalability -e2 10000 17
rep 1 scalability -e2 10000 16
rep 1 scalability -e2 10000 15
rep 1 scalability -e2 10000 14
slurmstepd: error: *** JOB 12521 ON epyc001 CANCELLED AT 2023-06-15T01:08:43 DUE TO TIME LIMIT ***
