Selected type of execution: 1
make: Nothing to be done for 'all'.
scale_omp_epyc_epyc006_2023-06-21_11-40-33.csv epyc006 2023-06-21_11-40-33
OMP scalability begin
rep 1 scalability -e1 25000 64
rep 1 scalability -e1 25000 63
rep 1 scalability -e1 25000 62
rep 1 scalability -e1 25000 61
rep 1 scalability -e1 25000 60
rep 1 scalability -e1 25000 59
rep 1 scalability -e1 25000 58
rep 1 scalability -e1 25000 57
rep 1 scalability -e1 25000 56
rep 1 scalability -e1 25000 55
rep 1 scalability -e1 25000 54
rep 1 scalability -e1 25000 53
rep 1 scalability -e1 25000 52
rep 1 scalability -e1 25000 51
rep 1 scalability -e1 25000 50
rep 1 scalability -e1 25000 49
rep 1 scalability -e1 25000 48
rep 1 scalability -e1 25000 47
rep 1 scalability -e1 25000 46
rep 1 scalability -e1 25000 45
rep 1 scalability -e1 25000 44
rep 1 scalability -e1 25000 43
rep 1 scalability -e1 25000 42
rep 1 scalability -e1 25000 41
rep 1 scalability -e1 25000 40
rep 1 scalability -e1 25000 39
rep 1 scalability -e1 25000 38
rep 1 scalability -e1 25000 37
rep 1 scalability -e1 25000 36
rep 1 scalability -e1 25000 35
rep 1 scalability -e1 25000 34
rep 1 scalability -e1 25000 33
rep 1 scalability -e1 25000 32
rep 1 scalability -e1 25000 31
rep 1 scalability -e1 25000 30
rep 1 scalability -e1 25000 29
rep 1 scalability -e1 25000 28
rep 1 scalability -e1 25000 27
rep 1 scalability -e1 25000 26
rep 1 scalability -e1 25000 25
rep 1 scalability -e1 25000 24
rep 1 scalability -e1 25000 23
rep 1 scalability -e1 25000 22
rep 1 scalability -e1 25000 21
rep 1 scalability -e1 25000 20
rep 1 scalability -e1 25000 19
rep 1 scalability -e1 25000 18
rep 1 scalability -e1 25000 17
rep 1 scalability -e1 25000 16
rep 1 scalability -e1 25000 15
rep 1 scalability -e1 25000 14
rep 1 scalability -e1 25000 13
rep 1 scalability -e1 25000 12
rep 1 scalability -e1 25000 11
rep 1 scalability -e1 25000 10
rep 1 scalability -e1 25000 9
rep 1 scalability -e1 25000 8
rep 1 scalability -e1 25000 7
rep 1 scalability -e1 25000 6
rep 1 scalability -e1 25000 5
rep 1 scalability -e1 25000 4
rep 1 scalability -e1 25000 3
rep 1 scalability -e1 25000 2
rep 1 scalability -e1 25000 1
rep 2 scalability -e1 25000 64
rep 2 scalability -e1 25000 63
rep 2 scalability -e1 25000 62
rep 2 scalability -e1 25000 61
rep 2 scalability -e1 25000 60
rep 2 scalability -e1 25000 59
rep 2 scalability -e1 25000 58
rep 2 scalability -e1 25000 57
rep 2 scalability -e1 25000 56
rep 2 scalability -e1 25000 55
rep 2 scalability -e1 25000 54
rep 2 scalability -e1 25000 53
rep 2 scalability -e1 25000 52
rep 2 scalability -e1 25000 51
rep 2 scalability -e1 25000 50
rep 2 scalability -e1 25000 49
rep 2 scalability -e1 25000 48
rep 2 scalability -e1 25000 47
rep 2 scalability -e1 25000 46
rep 2 scalability -e1 25000 45
rep 2 scalability -e1 25000 44
rep 2 scalability -e1 25000 43
rep 2 scalability -e1 25000 42
rep 2 scalability -e1 25000 41
rep 2 scalability -e1 25000 40
rep 2 scalability -e1 25000 39
rep 2 scalability -e1 25000 38
rep 2 scalability -e1 25000 37
rep 2 scalability -e1 25000 36
rep 2 scalability -e1 25000 35
rep 2 scalability -e1 25000 34
rep 2 scalability -e1 25000 33
rep 2 scalability -e1 25000 32
rep 2 scalability -e1 25000 31
rep 2 scalability -e1 25000 30
rep 2 scalability -e1 25000 29
rep 2 scalability -e1 25000 28
rep 2 scalability -e1 25000 27
rep 2 scalability -e1 25000 26
rep 2 scalability -e1 25000 25
slurmstepd: error: *** JOB 13360 ON epyc006 CANCELLED AT 2023-06-21T13:40:52 DUE TO TIME LIMIT ***
