Selected type of execution: 2
make: Nothing to be done for 'all'.
scale_omp_epyc_epyc008_2023-06-16_12-13-55.csv epyc008 2023-06-16_12-13-55
OMP scalability begin
rep 1 scalability -e2 10000 24
rep 1 scalability -e2 10000 25
rep 1 scalability -e2 10000 26
rep 1 scalability -e2 10000 27
rep 1 scalability -e2 10000 28
rep 1 scalability -e2 10000 29
rep 1 scalability -e2 10000 30
rep 1 scalability -e2 10000 31
rep 1 scalability -e2 10000 32
rep 1 scalability -e2 10000 33
rep 1 scalability -e2 10000 34
rep 1 scalability -e2 10000 35
rep 1 scalability -e2 10000 36
rep 1 scalability -e2 10000 37
rep 1 scalability -e2 10000 38
rep 1 scalability -e2 10000 39
rep 1 scalability -e2 10000 40
rep 1 scalability -e2 10000 41
rep 1 scalability -e2 10000 42
rep 1 scalability -e2 10000 43
rep 1 scalability -e2 10000 44
rep 2 scalability -e2 10000 24
rep 2 scalability -e2 10000 25
rep 2 scalability -e2 10000 26
rep 2 scalability -e2 10000 27
rep 2 scalability -e2 10000 28
rep 2 scalability -e2 10000 29
rep 2 scalability -e2 10000 30
rep 2 scalability -e2 10000 31
rep 2 scalability -e2 10000 32
rep 2 scalability -e2 10000 33
slurmstepd: error: *** JOB 12887 ON epyc008 CANCELLED AT 2023-06-16T14:14:15 DUE TO TIME LIMIT ***
