Selected type of execution: 1
make: Nothing to be done for 'all'.
scale_omp_epyc_epyc004_2023-06-21_17-11-51.csv epyc004 2023-06-21_17-11-51
OMP scalability begin
rep 1 scalability -e1 25000 1
rep 1 scalability -e1 25000 2
rep 1 scalability -e1 25000 3
rep 1 scalability -e1 25000 4
rep 1 scalability -e1 25000 5
rep 1 scalability -e1 25000 6
rep 1 scalability -e1 25000 7
rep 1 scalability -e1 25000 8
rep 1 scalability -e1 25000 9
rep 1 scalability -e1 25000 10
rep 1 scalability -e1 25000 11
rep 1 scalability -e1 25000 12
rep 1 scalability -e1 25000 13
rep 1 scalability -e1 25000 14
rep 1 scalability -e1 25000 15
rep 1 scalability -e1 25000 16
rep 1 scalability -e1 25000 17
rep 1 scalability -e1 25000 18
rep 1 scalability -e1 25000 19
rep 1 scalability -e1 25000 20
rep 1 scalability -e1 25000 21
rep 1 scalability -e1 25000 22
rep 1 scalability -e1 25000 23
rep 1 scalability -e1 25000 24
rep 1 scalability -e1 25000 25
rep 1 scalability -e1 25000 26
rep 1 scalability -e1 25000 27
rep 1 scalability -e1 25000 28
rep 1 scalability -e1 25000 29
rep 1 scalability -e1 25000 30
rep 1 scalability -e1 25000 31
rep 1 scalability -e1 25000 32
rep 1 scalability -e1 25000 33
rep 1 scalability -e1 25000 34
rep 1 scalability -e1 25000 35
rep 1 scalability -e1 25000 36
rep 1 scalability -e1 25000 37
rep 1 scalability -e1 25000 38
rep 1 scalability -e1 25000 39
rep 1 scalability -e1 25000 40
rep 1 scalability -e1 25000 41
rep 1 scalability -e1 25000 42
rep 1 scalability -e1 25000 43
rep 1 scalability -e1 25000 44
rep 1 scalability -e1 25000 45
rep 1 scalability -e1 25000 46
rep 1 scalability -e1 25000 47
rep 1 scalability -e1 25000 48
rep 1 scalability -e1 25000 49
rep 1 scalability -e1 25000 50
rep 1 scalability -e1 25000 51
rep 1 scalability -e1 25000 52
rep 1 scalability -e1 25000 53
rep 1 scalability -e1 25000 54
rep 1 scalability -e1 25000 55
rep 1 scalability -e1 25000 56
rep 1 scalability -e1 25000 57
rep 1 scalability -e1 25000 58
rep 1 scalability -e1 25000 59
rep 1 scalability -e1 25000 60
rep 1 scalability -e1 25000 61
rep 1 scalability -e1 25000 62
rep 1 scalability -e1 25000 63
rep 1 scalability -e1 25000 64
rep 2 scalability -e1 25000 1
rep 2 scalability -e1 25000 2
slurmstepd: error: *** JOB 13449 ON epyc004 CANCELLED AT 2023-06-21T19:11:54 DUE TO TIME LIMIT ***
