Selected type of execution: 0
make: Nothing to be done for 'all'.
scale_mpi_epyc_epyc002_2023-06-14_07-15-34.csv epyc002 2023-06-14_07-15-34
MPI scalability begin
rep 1 scalability -e0 10000 1
rep 1 scalability -e0 10000 2
rep 1 scalability -e0 10000 3
rep 1 scalability -e0 10000 4
rep 1 scalability -e0 10000 5
rep 1 scalability -e0 10000 6
rep 1 scalability -e0 10000 7
rep 1 scalability -e0 10000 8
rep 1 scalability -e0 10000 9
rep 1 scalability -e0 10000 10
rep 1 scalability -e0 10000 11
rep 1 scalability -e0 10000 12
rep 1 scalability -e0 10000 13
rep 1 scalability -e0 10000 14
rep 1 scalability -e0 10000 15
rep 1 scalability -e0 10000 16
rep 1 scalability -e0 10000 17
rep 1 scalability -e0 10000 18
rep 1 scalability -e0 10000 19
rep 1 scalability -e0 10000 20
rep 1 scalability -e0 10000 21
rep 1 scalability -e0 10000 22
rep 1 scalability -e0 10000 23
rep 1 scalability -e0 10000 24
rep 1 scalability -e0 10000 25
rep 1 scalability -e0 10000 26
rep 1 scalability -e0 10000 27
rep 1 scalability -e0 10000 28
rep 1 scalability -e0 10000 29
rep 1 scalability -e0 10000 30
slurmstepd: error: *** JOB 12297 ON epyc002 CANCELLED AT 2023-06-14T09:15:41 DUE TO TIME LIMIT ***
