Selected type of execution: 1
make: Nothing to be done for 'all'.
scale_omp_epyc_epyc007_2023-06-21_11-40-47.csv epyc007 2023-06-21_11-40-47
OMP scalability begin
rep 1 scalability -e1 30000 64
rep 1 scalability -e1 30000 63
rep 1 scalability -e1 30000 62
rep 1 scalability -e1 30000 61
rep 1 scalability -e1 30000 60
rep 1 scalability -e1 30000 59
rep 1 scalability -e1 30000 58
rep 1 scalability -e1 30000 57
rep 1 scalability -e1 30000 56
rep 1 scalability -e1 30000 55
rep 1 scalability -e1 30000 54
rep 1 scalability -e1 30000 53
rep 1 scalability -e1 30000 52
rep 1 scalability -e1 30000 51
rep 1 scalability -e1 30000 50
rep 1 scalability -e1 30000 49
rep 1 scalability -e1 30000 48
rep 1 scalability -e1 30000 47
rep 1 scalability -e1 30000 46
rep 1 scalability -e1 30000 45
rep 1 scalability -e1 30000 44
rep 1 scalability -e1 30000 43
rep 1 scalability -e1 30000 42
rep 1 scalability -e1 30000 41
rep 1 scalability -e1 30000 40
rep 1 scalability -e1 30000 39
rep 1 scalability -e1 30000 38
rep 1 scalability -e1 30000 37
rep 1 scalability -e1 30000 36
rep 1 scalability -e1 30000 35
rep 1 scalability -e1 30000 34
rep 1 scalability -e1 30000 33
rep 1 scalability -e1 30000 32
rep 1 scalability -e1 30000 31
rep 1 scalability -e1 30000 30
rep 1 scalability -e1 30000 29
rep 1 scalability -e1 30000 28
rep 1 scalability -e1 30000 27
rep 1 scalability -e1 30000 26
rep 1 scalability -e1 30000 25
rep 1 scalability -e1 30000 24
rep 1 scalability -e1 30000 23
rep 1 scalability -e1 30000 22
rep 1 scalability -e1 30000 21
rep 1 scalability -e1 30000 20
rep 1 scalability -e1 30000 19
rep 1 scalability -e1 30000 18
rep 1 scalability -e1 30000 17
rep 1 scalability -e1 30000 16
rep 1 scalability -e1 30000 15
rep 1 scalability -e1 30000 14
rep 1 scalability -e1 30000 13
rep 1 scalability -e1 30000 12
rep 1 scalability -e1 30000 11
rep 1 scalability -e1 30000 10
rep 1 scalability -e1 30000 9
rep 1 scalability -e1 30000 8
rep 1 scalability -e1 30000 7
rep 1 scalability -e1 30000 6
rep 1 scalability -e1 30000 5
rep 1 scalability -e1 30000 4
rep 1 scalability -e1 30000 3
rep 1 scalability -e1 30000 2
rep 1 scalability -e1 30000 1
slurmstepd: error: *** JOB 13361 ON epyc007 CANCELLED AT 2023-06-21T13:40:52 DUE TO TIME LIMIT ***
