Selected type of execution: 1
make: Nothing to be done for 'all'.
scale_omp_epyc_epyc001.orfeo.hpc_2023-06-21_19-48-14.csv epyc001.orfeo.hpc 2023-06-21_19-48-14
OMP scalability begin
rep 1 scalability -e1 20000 64
rep 1 scalability -e1 20000 63
rep 1 scalability -e1 20000 62
rep 1 scalability -e1 20000 61
rep 1 scalability -e1 20000 60
rep 1 scalability -e1 20000 59
rep 1 scalability -e1 20000 58
rep 1 scalability -e1 20000 57
rep 1 scalability -e1 20000 56
rep 1 scalability -e1 20000 55
rep 1 scalability -e1 20000 54
rep 1 scalability -e1 20000 53
rep 1 scalability -e1 20000 52
rep 1 scalability -e1 20000 51
rep 1 scalability -e1 20000 50
rep 1 scalability -e1 20000 49
rep 1 scalability -e1 20000 48
rep 1 scalability -e1 20000 47
rep 1 scalability -e1 20000 46
rep 1 scalability -e1 20000 45
rep 1 scalability -e1 20000 44
rep 1 scalability -e1 20000 43
rep 1 scalability -e1 20000 42
rep 1 scalability -e1 20000 41
rep 1 scalability -e1 20000 40
rep 1 scalability -e1 20000 39
rep 1 scalability -e1 20000 38
rep 1 scalability -e1 20000 37
rep 1 scalability -e1 20000 36
rep 1 scalability -e1 20000 35
rep 1 scalability -e1 20000 34
rep 1 scalability -e1 20000 33
rep 1 scalability -e1 20000 32
rep 1 scalability -e1 20000 31
rep 1 scalability -e1 20000 30
rep 1 scalability -e1 20000 29
rep 1 scalability -e1 20000 28
rep 1 scalability -e1 20000 27
rep 1 scalability -e1 20000 26
rep 1 scalability -e1 20000 25
rep 1 scalability -e1 20000 24
rep 1 scalability -e1 20000 23
rep 1 scalability -e1 20000 22
rep 1 scalability -e1 20000 21
rep 1 scalability -e1 20000 20
rep 1 scalability -e1 20000 19
rep 1 scalability -e1 20000 18
rep 1 scalability -e1 20000 17
rep 1 scalability -e1 20000 16
rep 2 scalability -e1 20000 64
rep 2 scalability -e1 20000 63
rep 2 scalability -e1 20000 62
rep 2 scalability -e1 20000 61
rep 2 scalability -e1 20000 60
rep 2 scalability -e1 20000 59
rep 2 scalability -e1 20000 58
rep 2 scalability -e1 20000 57
rep 2 scalability -e1 20000 56
rep 2 scalability -e1 20000 55
rep 2 scalability -e1 20000 54
rep 2 scalability -e1 20000 53
rep 2 scalability -e1 20000 52
rep 2 scalability -e1 20000 51
rep 2 scalability -e1 20000 50
rep 2 scalability -e1 20000 49
rep 2 scalability -e1 20000 48
rep 2 scalability -e1 20000 47
rep 2 scalability -e1 20000 46
rep 2 scalability -e1 20000 45
rep 2 scalability -e1 20000 44
rep 2 scalability -e1 20000 43
rep 2 scalability -e1 20000 42
rep 2 scalability -e1 20000 41
rep 2 scalability -e1 20000 40
rep 2 scalability -e1 20000 39
rep 2 scalability -e1 20000 38
rep 2 scalability -e1 20000 37
rep 2 scalability -e1 20000 36
rep 2 scalability -e1 20000 35
rep 2 scalability -e1 20000 34
rep 2 scalability -e1 20000 33
rep 2 scalability -e1 20000 32
rep 2 scalability -e1 20000 31
rep 2 scalability -e1 20000 30
rep 2 scalability -e1 20000 29
rep 2 scalability -e1 20000 28
rep 2 scalability -e1 20000 27
rep 2 scalability -e1 20000 26
rep 2 scalability -e1 20000 25
rep 2 scalability -e1 20000 24
rep 2 scalability -e1 20000 23
rep 2 scalability -e1 20000 22
rep 2 scalability -e1 20000 21
rep 2 scalability -e1 20000 20
rep 2 scalability -e1 20000 19
rep 2 scalability -e1 20000 18
rep 2 scalability -e1 20000 17
rep 2 scalability -e1 20000 16
rep 3 scalability -e1 20000 64
rep 3 scalability -e1 20000 63
rep 3 scalability -e1 20000 62
rep 3 scalability -e1 20000 61
rep 3 scalability -e1 20000 60
rep 3 scalability -e1 20000 59
rep 3 scalability -e1 20000 58
rep 3 scalability -e1 20000 57
rep 3 scalability -e1 20000 56
rep 3 scalability -e1 20000 55
rep 3 scalability -e1 20000 54
rep 3 scalability -e1 20000 53
rep 3 scalability -e1 20000 52
rep 3 scalability -e1 20000 51
rep 3 scalability -e1 20000 50
rep 3 scalability -e1 20000 49
rep 3 scalability -e1 20000 48
rep 3 scalability -e1 20000 47
rep 3 scalability -e1 20000 46
rep 3 scalability -e1 20000 45
rep 3 scalability -e1 20000 44
rep 3 scalability -e1 20000 43
rep 3 scalability -e1 20000 42
rep 3 scalability -e1 20000 41
rep 3 scalability -e1 20000 40
rep 3 scalability -e1 20000 39
rep 3 scalability -e1 20000 38
rep 3 scalability -e1 20000 37
rep 3 scalability -e1 20000 36
rep 3 scalability -e1 20000 35
rep 3 scalability -e1 20000 34
rep 3 scalability -e1 20000 33
rep 3 scalability -e1 20000 32
rep 3 scalability -e1 20000 31
rep 3 scalability -e1 20000 30
rep 3 scalability -e1 20000 29
rep 3 scalability -e1 20000 28
rep 3 scalability -e1 20000 27
rep 3 scalability -e1 20000 26
rep 3 scalability -e1 20000 25
rep 3 scalability -e1 20000 24
rep 3 scalability -e1 20000 23
rep 3 scalability -e1 20000 22
rep 3 scalability -e1 20000 21
rep 3 scalability -e1 20000 20
rep 3 scalability -e1 20000 19
rep 3 scalability -e1 20000 18
rep 3 scalability -e1 20000 17
rep 3 scalability -e1 20000 16
rep 4 scalability -e1 20000 64
rep 4 scalability -e1 20000 63
rep 4 scalability -e1 20000 62
rep 4 scalability -e1 20000 61
rep 4 scalability -e1 20000 60
rep 4 scalability -e1 20000 59
rep 4 scalability -e1 20000 58
rep 4 scalability -e1 20000 57
rep 4 scalability -e1 20000 56
rep 4 scalability -e1 20000 55
rep 4 scalability -e1 20000 54
rep 4 scalability -e1 20000 53
rep 4 scalability -e1 20000 52
rep 4 scalability -e1 20000 51
rep 4 scalability -e1 20000 50
rep 4 scalability -e1 20000 49
rep 4 scalability -e1 20000 48
rep 4 scalability -e1 20000 47
rep 4 scalability -e1 20000 46
rep 4 scalability -e1 20000 45
rep 4 scalability -e1 20000 44
rep 4 scalability -e1 20000 43
rep 4 scalability -e1 20000 42
rep 4 scalability -e1 20000 41
rep 4 scalability -e1 20000 40
rep 4 scalability -e1 20000 39
rep 4 scalability -e1 20000 38
rep 4 scalability -e1 20000 37
rep 4 scalability -e1 20000 36
rep 4 scalability -e1 20000 35
rep 4 scalability -e1 20000 34
rep 4 scalability -e1 20000 33
rep 4 scalability -e1 20000 32
rep 4 scalability -e1 20000 31
rep 4 scalability -e1 20000 30
rep 4 scalability -e1 20000 29
rep 4 scalability -e1 20000 28
rep 4 scalability -e1 20000 27
rep 4 scalability -e1 20000 26
rep 4 scalability -e1 20000 25
rep 4 scalability -e1 20000 24
rep 4 scalability -e1 20000 23
rep 4 scalability -e1 20000 22
rep 4 scalability -e1 20000 21
rep 4 scalability -e1 20000 20
rep 4 scalability -e1 20000 19
rep 4 scalability -e1 20000 18
rep 4 scalability -e1 20000 17
rep 4 scalability -e1 20000 16
rep 5 scalability -e1 20000 64
rep 5 scalability -e1 20000 63
rep 5 scalability -e1 20000 62
rep 5 scalability -e1 20000 61
rep 5 scalability -e1 20000 60
rep 5 scalability -e1 20000 59
rep 5 scalability -e1 20000 58
rep 5 scalability -e1 20000 57
rep 5 scalability -e1 20000 56
rep 5 scalability -e1 20000 55
rep 5 scalability -e1 20000 54
rep 5 scalability -e1 20000 53
rep 5 scalability -e1 20000 52
rep 5 scalability -e1 20000 51
rep 5 scalability -e1 20000 50
rep 5 scalability -e1 20000 49
rep 5 scalability -e1 20000 48
rep 5 scalability -e1 20000 47
rep 5 scalability -e1 20000 46
rep 5 scalability -e1 20000 45
rep 5 scalability -e1 20000 44
rep 5 scalability -e1 20000 43
rep 5 scalability -e1 20000 42
rep 5 scalability -e1 20000 41
rep 5 scalability -e1 20000 40
rep 5 scalability -e1 20000 39
rep 5 scalability -e1 20000 38
rep 5 scalability -e1 20000 37
rep 5 scalability -e1 20000 36
rep 5 scalability -e1 20000 35
rep 5 scalability -e1 20000 34
rep 5 scalability -e1 20000 33
rep 5 scalability -e1 20000 32
rep 5 scalability -e1 20000 31
rep 5 scalability -e1 20000 30
rep 5 scalability -e1 20000 29
rep 5 scalability -e1 20000 28
rep 5 scalability -e1 20000 27
rep 5 scalability -e1 20000 26
rep 5 scalability -e1 20000 25
rep 5 scalability -e1 20000 24
rep 5 scalability -e1 20000 23
rep 5 scalability -e1 20000 22
rep 5 scalability -e1 20000 21
rep 5 scalability -e1 20000 20
rep 5 scalability -e1 20000 19
rep 5 scalability -e1 20000 18
rep 5 scalability -e1 20000 17
rep 5 scalability -e1 20000 16
rep 6 scalability -e1 20000 64
rep 6 scalability -e1 20000 63
rep 6 scalability -e1 20000 62
rep 6 scalability -e1 20000 61
rep 6 scalability -e1 20000 60
rep 6 scalability -e1 20000 59
rep 6 scalability -e1 20000 58
rep 6 scalability -e1 20000 57
rep 6 scalability -e1 20000 56
rep 6 scalability -e1 20000 55
rep 6 scalability -e1 20000 54
rep 6 scalability -e1 20000 53
rep 6 scalability -e1 20000 52
rep 6 scalability -e1 20000 51
rep 6 scalability -e1 20000 50
rep 6 scalability -e1 20000 49
rep 6 scalability -e1 20000 48
rep 6 scalability -e1 20000 47
rep 6 scalability -e1 20000 46
rep 6 scalability -e1 20000 45
rep 6 scalability -e1 20000 44
rep 6 scalability -e1 20000 43
rep 6 scalability -e1 20000 42
rep 6 scalability -e1 20000 41
rep 6 scalability -e1 20000 40
rep 6 scalability -e1 20000 39
rep 6 scalability -e1 20000 38
rep 6 scalability -e1 20000 37
rep 6 scalability -e1 20000 36
rep 6 scalability -e1 20000 35
rep 6 scalability -e1 20000 34
rep 6 scalability -e1 20000 33
rep 6 scalability -e1 20000 32
rep 6 scalability -e1 20000 31
rep 6 scalability -e1 20000 30
rep 6 scalability -e1 20000 29
rep 6 scalability -e1 20000 28
rep 6 scalability -e1 20000 27
rep 6 scalability -e1 20000 26
rep 6 scalability -e1 20000 25
rep 6 scalability -e1 20000 24
rep 6 scalability -e1 20000 23
rep 6 scalability -e1 20000 22
slurmstepd: error: *** JOB 13462 ON epyc001 CANCELLED AT 2023-06-21T21:48:24 DUE TO TIME LIMIT ***
