Selected type of execution: 1
make: Nothing to be done for 'all'.
scale_mpi_epyc_epyc006_2023-06-13_10-24-13.csv epyc006 2023-06-13_10-24-13
MPI scalability begin
rep 1 scalability -e1 10000 64
rep 1 scalability -e1 10000 63
rep 1 scalability -e1 10000 62
rep 1 scalability -e1 10000 61
rep 1 scalability -e1 10000 60
rep 1 scalability -e1 10000 59
rep 1 scalability -e1 10000 58
rep 1 scalability -e1 10000 57
rep 1 scalability -e1 10000 56
rep 1 scalability -e1 10000 55
rep 1 scalability -e1 10000 54
rep 1 scalability -e1 10000 53
rep 1 scalability -e1 10000 52
rep 1 scalability -e1 10000 51
rep 1 scalability -e1 10000 50
rep 1 scalability -e1 10000 49
rep 1 scalability -e1 10000 48
rep 1 scalability -e1 10000 47
rep 1 scalability -e1 10000 46
rep 1 scalability -e1 10000 45
rep 1 scalability -e1 10000 44
rep 1 scalability -e1 10000 43
rep 1 scalability -e1 10000 42
rep 1 scalability -e1 10000 41
rep 1 scalability -e1 10000 40
rep 1 scalability -e1 10000 39
rep 1 scalability -e1 10000 38
rep 1 scalability -e1 10000 37
rep 1 scalability -e1 10000 36
rep 1 scalability -e1 10000 35
rep 1 scalability -e1 10000 34
rep 1 scalability -e1 10000 33
rep 1 scalability -e1 10000 32
rep 1 scalability -e1 10000 31
rep 1 scalability -e1 10000 30
rep 1 scalability -e1 10000 29
rep 1 scalability -e1 10000 28
rep 1 scalability -e1 10000 27
rep 1 scalability -e1 10000 26
rep 1 scalability -e1 10000 25
rep 1 scalability -e1 10000 24
rep 1 scalability -e1 10000 23
rep 1 scalability -e1 10000 22
rep 1 scalability -e1 10000 21
rep 1 scalability -e1 10000 20
rep 1 scalability -e1 10000 19
rep 1 scalability -e1 10000 18
rep 1 scalability -e1 10000 17
rep 1 scalability -e1 10000 16
rep 1 scalability -e1 10000 15
rep 1 scalability -e1 10000 14
rep 1 scalability -e1 10000 13
rep 1 scalability -e1 10000 12
rep 1 scalability -e1 10000 11
rep 1 scalability -e1 10000 10
rep 1 scalability -e1 10000 9
rep 1 scalability -e1 10000 8
rep 1 scalability -e1 10000 7
rep 1 scalability -e1 10000 6
rep 1 scalability -e1 10000 5
rep 1 scalability -e1 10000 4
rep 1 scalability -e1 10000 3
rep 1 scalability -e1 10000 2
rep 1 scalability -e1 10000 1
rep 1 scalability -e1 100 64
rep 1 scalability -e1 100 63
rep 1 scalability -e1 100 62
rep 1 scalability -e1 100 61
rep 1 scalability -e1 100 60
rep 1 scalability -e1 100 59
rep 1 scalability -e1 100 58
rep 1 scalability -e1 100 57
rep 1 scalability -e1 100 56
rep 1 scalability -e1 100 55
rep 1 scalability -e1 100 54
rep 1 scalability -e1 100 53
rep 1 scalability -e1 100 52
rep 1 scalability -e1 100 51
rep 1 scalability -e1 100 50
rep 1 scalability -e1 100 49
rep 1 scalability -e1 100 48
rep 1 scalability -e1 100 47
rep 1 scalability -e1 100 46
rep 1 scalability -e1 100 45
rep 1 scalability -e1 100 44
rep 1 scalability -e1 100 43
rep 1 scalability -e1 100 42
rep 1 scalability -e1 100 41
rep 1 scalability -e1 100 40
rep 1 scalability -e1 100 39
rep 1 scalability -e1 100 38
rep 1 scalability -e1 100 37
rep 1 scalability -e1 100 36
rep 1 scalability -e1 100 35
rep 1 scalability -e1 100 34
rep 1 scalability -e1 100 33
rep 1 scalability -e1 100 32
rep 1 scalability -e1 100 31
rep 1 scalability -e1 100 30
rep 1 scalability -e1 100 29
rep 1 scalability -e1 100 28
rep 1 scalability -e1 100 27
rep 1 scalability -e1 100 26
rep 1 scalability -e1 100 25
rep 1 scalability -e1 100 24
rep 1 scalability -e1 100 23
rep 1 scalability -e1 100 22
rep 1 scalability -e1 100 21
rep 1 scalability -e1 100 20
rep 1 scalability -e1 100 19
rep 1 scalability -e1 100 18
rep 1 scalability -e1 100 17
rep 1 scalability -e1 100 16
rep 1 scalability -e1 100 15
rep 1 scalability -e1 100 14
rep 1 scalability -e1 100 13
rep 1 scalability -e1 100 12
rep 1 scalability -e1 100 11
rep 1 scalability -e1 100 10
rep 1 scalability -e1 100 9
rep 1 scalability -e1 100 8
rep 1 scalability -e1 100 7
rep 1 scalability -e1 100 6
rep 1 scalability -e1 100 5
rep 1 scalability -e1 100 4
rep 1 scalability -e1 100 3
rep 1 scalability -e1 100 2
rep 1 scalability -e1 100 1
rep 1 scalability -e1 1 64
Error occurred while reading file
: No such file or directory
--------------------------------------------------------------------------
MPI_ABORT was invoked on rank 0 in communicator MPI_COMM_WORLD
with errorcode 1.

NOTE: invoking MPI_ABORT causes Open MPI to kill all MPI processes.
You may or may not see output from other processes, depending on
exactly when Open MPI kills them.
--------------------------------------------------------------------------
rep 1 scalability -e1 1 63
Error occurred while reading file
: No such file or directory
--------------------------------------------------------------------------
MPI_ABORT was invoked on rank 0 in communicator MPI_COMM_WORLD
with errorcode 1.

NOTE: invoking MPI_ABORT causes Open MPI to kill all MPI processes.
You may or may not see output from other processes, depending on
exactly when Open MPI kills them.
--------------------------------------------------------------------------
rep 1 scalability -e1 1 62
Error occurred while reading file
: No such file or directory
--------------------------------------------------------------------------
MPI_ABORT was invoked on rank 0 in communicator MPI_COMM_WORLD
with errorcode 1.

NOTE: invoking MPI_ABORT causes Open MPI to kill all MPI processes.
You may or may not see output from other processes, depending on
exactly when Open MPI kills them.
--------------------------------------------------------------------------
rep 1 scalability -e1 1 61
Error occurred while reading file
: No such file or directory
--------------------------------------------------------------------------
MPI_ABORT was invoked on rank 0 in communicator MPI_COMM_WORLD
with errorcode 1.

NOTE: invoking MPI_ABORT causes Open MPI to kill all MPI processes.
You may or may not see output from other processes, depending on
exactly when Open MPI kills them.
--------------------------------------------------------------------------
rep 1 scalability -e1 1 60
Error occurred while reading file
: No such file or directory
--------------------------------------------------------------------------
MPI_ABORT was invoked on rank 0 in communicator MPI_COMM_WORLD
with errorcode 1.

NOTE: invoking MPI_ABORT causes Open MPI to kill all MPI processes.
You may or may not see output from other processes, depending on
exactly when Open MPI kills them.
--------------------------------------------------------------------------
rep 1 scalability -e1 1 59
Error occurred while reading file
: No such file or directory
--------------------------------------------------------------------------
MPI_ABORT was invoked on rank 0 in communicator MPI_COMM_WORLD
with errorcode 1.

NOTE: invoking MPI_ABORT causes Open MPI to kill all MPI processes.
You may or may not see output from other processes, depending on
exactly when Open MPI kills them.
--------------------------------------------------------------------------
rep 1 scalability -e1 1 58
Error occurred while reading file
: No such file or directory
--------------------------------------------------------------------------
MPI_ABORT was invoked on rank 0 in communicator MPI_COMM_WORLD
with errorcode 1.

NOTE: invoking MPI_ABORT causes Open MPI to kill all MPI processes.
You may or may not see output from other processes, depending on
exactly when Open MPI kills them.
--------------------------------------------------------------------------
rep 1 scalability -e1 1 57
Error occurred while reading file
: No such file or directory
--------------------------------------------------------------------------
MPI_ABORT was invoked on rank 0 in communicator MPI_COMM_WORLD
with errorcode 1.

NOTE: invoking MPI_ABORT causes Open MPI to kill all MPI processes.
You may or may not see output from other processes, depending on
exactly when Open MPI kills them.
--------------------------------------------------------------------------
rep 1 scalability -e1 1 56
Error occurred while reading file
: No such file or directory
--------------------------------------------------------------------------
MPI_ABORT was invoked on rank 0 in communicator MPI_COMM_WORLD
with errorcode 1.

NOTE: invoking MPI_ABORT causes Open MPI to kill all MPI processes.
You may or may not see output from other processes, depending on
exactly when Open MPI kills them.
--------------------------------------------------------------------------
rep 1 scalability -e1 1 55
Error occurred while reading file
: No such file or directory
--------------------------------------------------------------------------
MPI_ABORT was invoked on rank 0 in communicator MPI_COMM_WORLD
with errorcode 1.

NOTE: invoking MPI_ABORT causes Open MPI to kill all MPI processes.
You may or may not see output from other processes, depending on
exactly when Open MPI kills them.
--------------------------------------------------------------------------
rep 1 scalability -e1 1 54
Error occurred while reading file
: No such file or directory
--------------------------------------------------------------------------
MPI_ABORT was invoked on rank 0 in communicator MPI_COMM_WORLD
with errorcode 1.

NOTE: invoking MPI_ABORT causes Open MPI to kill all MPI processes.
You may or may not see output from other processes, depending on
exactly when Open MPI kills them.
--------------------------------------------------------------------------
rep 1 scalability -e1 1 53
Error occurred while reading file
: No such file or directory
--------------------------------------------------------------------------
MPI_ABORT was invoked on rank 0 in communicator MPI_COMM_WORLD
with errorcode 1.

NOTE: invoking MPI_ABORT causes Open MPI to kill all MPI processes.
You may or may not see output from other processes, depending on
exactly when Open MPI kills them.
--------------------------------------------------------------------------
rep 1 scalability -e1 1 52
Error occurred while reading file
: No such file or directory
--------------------------------------------------------------------------
MPI_ABORT was invoked on rank 0 in communicator MPI_COMM_WORLD
with errorcode 1.

NOTE: invoking MPI_ABORT causes Open MPI to kill all MPI processes.
You may or may not see output from other processes, depending on
exactly when Open MPI kills them.
--------------------------------------------------------------------------
rep 1 scalability -e1 1 51
Error occurred while reading file
: No such file or directory
--------------------------------------------------------------------------
MPI_ABORT was invoked on rank 0 in communicator MPI_COMM_WORLD
with errorcode 1.

NOTE: invoking MPI_ABORT causes Open MPI to kill all MPI processes.
You may or may not see output from other processes, depending on
exactly when Open MPI kills them.
--------------------------------------------------------------------------
rep 1 scalability -e1 1 50
Error occurred while reading file
: No such file or directory
--------------------------------------------------------------------------
MPI_ABORT was invoked on rank 0 in communicator MPI_COMM_WORLD
with errorcode 1.

NOTE: invoking MPI_ABORT causes Open MPI to kill all MPI processes.
You may or may not see output from other processes, depending on
exactly when Open MPI kills them.
--------------------------------------------------------------------------
rep 1 scalability -e1 1 49
Error occurred while reading file
: No such file or directory
--------------------------------------------------------------------------
MPI_ABORT was invoked on rank 0 in communicator MPI_COMM_WORLD
with errorcode 1.

NOTE: invoking MPI_ABORT causes Open MPI to kill all MPI processes.
You may or may not see output from other processes, depending on
exactly when Open MPI kills them.
--------------------------------------------------------------------------
rep 1 scalability -e1 1 48
Error occurred while reading file
: No such file or directory
--------------------------------------------------------------------------
MPI_ABORT was invoked on rank 0 in communicator MPI_COMM_WORLD
with errorcode 1.

NOTE: invoking MPI_ABORT causes Open MPI to kill all MPI processes.
You may or may not see output from other processes, depending on
exactly when Open MPI kills them.
--------------------------------------------------------------------------
rep 1 scalability -e1 1 47
Error occurred while reading file
: No such file or directory
--------------------------------------------------------------------------
MPI_ABORT was invoked on rank 0 in communicator MPI_COMM_WORLD
with errorcode 1.

NOTE: invoking MPI_ABORT causes Open MPI to kill all MPI processes.
You may or may not see output from other processes, depending on
exactly when Open MPI kills them.
--------------------------------------------------------------------------
rep 1 scalability -e1 1 46
Error occurred while reading file
: No such file or directory
--------------------------------------------------------------------------
MPI_ABORT was invoked on rank 0 in communicator MPI_COMM_WORLD
with errorcode 1.

NOTE: invoking MPI_ABORT causes Open MPI to kill all MPI processes.
You may or may not see output from other processes, depending on
exactly when Open MPI kills them.
--------------------------------------------------------------------------
rep 1 scalability -e1 1 45
Error occurred while reading file
: No such file or directory
--------------------------------------------------------------------------
MPI_ABORT was invoked on rank 0 in communicator MPI_COMM_WORLD
with errorcode 1.

NOTE: invoking MPI_ABORT causes Open MPI to kill all MPI processes.
You may or may not see output from other processes, depending on
exactly when Open MPI kills them.
--------------------------------------------------------------------------
rep 1 scalability -e1 1 44
Error occurred while reading file
: No such file or directory
--------------------------------------------------------------------------
MPI_ABORT was invoked on rank 0 in communicator MPI_COMM_WORLD
with errorcode 1.

NOTE: invoking MPI_ABORT causes Open MPI to kill all MPI processes.
You may or may not see output from other processes, depending on
exactly when Open MPI kills them.
--------------------------------------------------------------------------
rep 1 scalability -e1 1 43
Error occurred while reading file
: No such file or directory
--------------------------------------------------------------------------
MPI_ABORT was invoked on rank 0 in communicator MPI_COMM_WORLD
with errorcode 1.

NOTE: invoking MPI_ABORT causes Open MPI to kill all MPI processes.
You may or may not see output from other processes, depending on
exactly when Open MPI kills them.
--------------------------------------------------------------------------
rep 1 scalability -e1 1 42
Error occurred while reading file
: No such file or directory
--------------------------------------------------------------------------
MPI_ABORT was invoked on rank 0 in communicator MPI_COMM_WORLD
with errorcode 1.

NOTE: invoking MPI_ABORT causes Open MPI to kill all MPI processes.
You may or may not see output from other processes, depending on
exactly when Open MPI kills them.
--------------------------------------------------------------------------
rep 1 scalability -e1 1 41
Error occurred while reading file
: No such file or directory
--------------------------------------------------------------------------
MPI_ABORT was invoked on rank 0 in communicator MPI_COMM_WORLD
with errorcode 1.

NOTE: invoking MPI_ABORT causes Open MPI to kill all MPI processes.
You may or may not see output from other processes, depending on
exactly when Open MPI kills them.
--------------------------------------------------------------------------
rep 1 scalability -e1 1 40
Error occurred while reading file
: No such file or directory
--------------------------------------------------------------------------
MPI_ABORT was invoked on rank 0 in communicator MPI_COMM_WORLD
with errorcode 1.

NOTE: invoking MPI_ABORT causes Open MPI to kill all MPI processes.
You may or may not see output from other processes, depending on
exactly when Open MPI kills them.
--------------------------------------------------------------------------
rep 1 scalability -e1 1 39
Error occurred while reading file
: No such file or directory
--------------------------------------------------------------------------
MPI_ABORT was invoked on rank 0 in communicator MPI_COMM_WORLD
with errorcode 1.

NOTE: invoking MPI_ABORT causes Open MPI to kill all MPI processes.
You may or may not see output from other processes, depending on
exactly when Open MPI kills them.
--------------------------------------------------------------------------
rep 1 scalability -e1 1 38
Error occurred while reading file
: No such file or directory
--------------------------------------------------------------------------
MPI_ABORT was invoked on rank 0 in communicator MPI_COMM_WORLD
with errorcode 1.

NOTE: invoking MPI_ABORT causes Open MPI to kill all MPI processes.
You may or may not see output from other processes, depending on
exactly when Open MPI kills them.
--------------------------------------------------------------------------
rep 1 scalability -e1 1 37
Error occurred while reading file
: No such file or directory
--------------------------------------------------------------------------
MPI_ABORT was invoked on rank 0 in communicator MPI_COMM_WORLD
with errorcode 1.

NOTE: invoking MPI_ABORT causes Open MPI to kill all MPI processes.
You may or may not see output from other processes, depending on
exactly when Open MPI kills them.
--------------------------------------------------------------------------
rep 1 scalability -e1 1 36
Error occurred while reading file
: No such file or directory
--------------------------------------------------------------------------
MPI_ABORT was invoked on rank 0 in communicator MPI_COMM_WORLD
with errorcode 1.

NOTE: invoking MPI_ABORT causes Open MPI to kill all MPI processes.
You may or may not see output from other processes, depending on
exactly when Open MPI kills them.
--------------------------------------------------------------------------
rep 1 scalability -e1 1 35
Error occurred while reading file
: No such file or directory
--------------------------------------------------------------------------
MPI_ABORT was invoked on rank 0 in communicator MPI_COMM_WORLD
with errorcode 1.

NOTE: invoking MPI_ABORT causes Open MPI to kill all MPI processes.
You may or may not see output from other processes, depending on
exactly when Open MPI kills them.
--------------------------------------------------------------------------
rep 1 scalability -e1 1 34
Error occurred while reading file
: No such file or directory
--------------------------------------------------------------------------
MPI_ABORT was invoked on rank 0 in communicator MPI_COMM_WORLD
with errorcode 1.

NOTE: invoking MPI_ABORT causes Open MPI to kill all MPI processes.
You may or may not see output from other processes, depending on
exactly when Open MPI kills them.
--------------------------------------------------------------------------
rep 1 scalability -e1 1 33
Error occurred while reading file
: No such file or directory
--------------------------------------------------------------------------
MPI_ABORT was invoked on rank 0 in communicator MPI_COMM_WORLD
with errorcode 1.

NOTE: invoking MPI_ABORT causes Open MPI to kill all MPI processes.
You may or may not see output from other processes, depending on
exactly when Open MPI kills them.
--------------------------------------------------------------------------
rep 1 scalability -e1 1 32
Error occurred while reading file
: No such file or directory
--------------------------------------------------------------------------
MPI_ABORT was invoked on rank 0 in communicator MPI_COMM_WORLD
with errorcode 1.

NOTE: invoking MPI_ABORT causes Open MPI to kill all MPI processes.
You may or may not see output from other processes, depending on
exactly when Open MPI kills them.
--------------------------------------------------------------------------
rep 1 scalability -e1 1 31
Error occurred while reading file
: No such file or directory
--------------------------------------------------------------------------
MPI_ABORT was invoked on rank 0 in communicator MPI_COMM_WORLD
with errorcode 1.

NOTE: invoking MPI_ABORT causes Open MPI to kill all MPI processes.
You may or may not see output from other processes, depending on
exactly when Open MPI kills them.
--------------------------------------------------------------------------
rep 1 scalability -e1 1 30
Error occurred while reading file
: No such file or directory
--------------------------------------------------------------------------
MPI_ABORT was invoked on rank 0 in communicator MPI_COMM_WORLD
with errorcode 1.

NOTE: invoking MPI_ABORT causes Open MPI to kill all MPI processes.
You may or may not see output from other processes, depending on
exactly when Open MPI kills them.
--------------------------------------------------------------------------
rep 1 scalability -e1 1 29
Error occurred while reading file
: No such file or directory
--------------------------------------------------------------------------
MPI_ABORT was invoked on rank 0 in communicator MPI_COMM_WORLD
with errorcode 1.

NOTE: invoking MPI_ABORT causes Open MPI to kill all MPI processes.
You may or may not see output from other processes, depending on
exactly when Open MPI kills them.
--------------------------------------------------------------------------
rep 1 scalability -e1 1 28
Error occurred while reading file
: No such file or directory
--------------------------------------------------------------------------
MPI_ABORT was invoked on rank 0 in communicator MPI_COMM_WORLD
with errorcode 1.

NOTE: invoking MPI_ABORT causes Open MPI to kill all MPI processes.
You may or may not see output from other processes, depending on
exactly when Open MPI kills them.
--------------------------------------------------------------------------
rep 1 scalability -e1 1 27
Error occurred while reading file
: No such file or directory
--------------------------------------------------------------------------
MPI_ABORT was invoked on rank 0 in communicator MPI_COMM_WORLD
with errorcode 1.

NOTE: invoking MPI_ABORT causes Open MPI to kill all MPI processes.
You may or may not see output from other processes, depending on
exactly when Open MPI kills them.
--------------------------------------------------------------------------
rep 1 scalability -e1 1 26
Error occurred while reading file
: No such file or directory
--------------------------------------------------------------------------
MPI_ABORT was invoked on rank 0 in communicator MPI_COMM_WORLD
with errorcode 1.

NOTE: invoking MPI_ABORT causes Open MPI to kill all MPI processes.
You may or may not see output from other processes, depending on
exactly when Open MPI kills them.
--------------------------------------------------------------------------
rep 1 scalability -e1 1 25
Error occurred while reading file
: No such file or directory
--------------------------------------------------------------------------
MPI_ABORT was invoked on rank 0 in communicator MPI_COMM_WORLD
with errorcode 1.

NOTE: invoking MPI_ABORT causes Open MPI to kill all MPI processes.
You may or may not see output from other processes, depending on
exactly when Open MPI kills them.
--------------------------------------------------------------------------
rep 1 scalability -e1 1 24
Error occurred while reading file
: No such file or directory
--------------------------------------------------------------------------
MPI_ABORT was invoked on rank 0 in communicator MPI_COMM_WORLD
with errorcode 1.

NOTE: invoking MPI_ABORT causes Open MPI to kill all MPI processes.
You may or may not see output from other processes, depending on
exactly when Open MPI kills them.
--------------------------------------------------------------------------
rep 1 scalability -e1 1 23
Error occurred while reading file
: No such file or directory
--------------------------------------------------------------------------
MPI_ABORT was invoked on rank 0 in communicator MPI_COMM_WORLD
with errorcode 1.

NOTE: invoking MPI_ABORT causes Open MPI to kill all MPI processes.
You may or may not see output from other processes, depending on
exactly when Open MPI kills them.
--------------------------------------------------------------------------
rep 1 scalability -e1 1 22
Error occurred while reading file
: No such file or directory
--------------------------------------------------------------------------
MPI_ABORT was invoked on rank 0 in communicator MPI_COMM_WORLD
with errorcode 1.

NOTE: invoking MPI_ABORT causes Open MPI to kill all MPI processes.
You may or may not see output from other processes, depending on
exactly when Open MPI kills them.
--------------------------------------------------------------------------
rep 1 scalability -e1 1 21
Error occurred while reading file
: No such file or directory
--------------------------------------------------------------------------
MPI_ABORT was invoked on rank 0 in communicator MPI_COMM_WORLD
with errorcode 1.

NOTE: invoking MPI_ABORT causes Open MPI to kill all MPI processes.
You may or may not see output from other processes, depending on
exactly when Open MPI kills them.
--------------------------------------------------------------------------
rep 1 scalability -e1 1 20
Error occurred while reading file
: No such file or directory
--------------------------------------------------------------------------
MPI_ABORT was invoked on rank 0 in communicator MPI_COMM_WORLD
with errorcode 1.

NOTE: invoking MPI_ABORT causes Open MPI to kill all MPI processes.
You may or may not see output from other processes, depending on
exactly when Open MPI kills them.
--------------------------------------------------------------------------
rep 1 scalability -e1 1 19
Error occurred while reading file
: No such file or directory
--------------------------------------------------------------------------
MPI_ABORT was invoked on rank 0 in communicator MPI_COMM_WORLD
with errorcode 1.

NOTE: invoking MPI_ABORT causes Open MPI to kill all MPI processes.
You may or may not see output from other processes, depending on
exactly when Open MPI kills them.
--------------------------------------------------------------------------
rep 1 scalability -e1 1 18
Error occurred while reading file
: No such file or directory
--------------------------------------------------------------------------
MPI_ABORT was invoked on rank 0 in communicator MPI_COMM_WORLD
with errorcode 1.

NOTE: invoking MPI_ABORT causes Open MPI to kill all MPI processes.
You may or may not see output from other processes, depending on
exactly when Open MPI kills them.
--------------------------------------------------------------------------
rep 1 scalability -e1 1 17
Error occurred while reading file
: No such file or directory
--------------------------------------------------------------------------
MPI_ABORT was invoked on rank 0 in communicator MPI_COMM_WORLD
with errorcode 1.

NOTE: invoking MPI_ABORT causes Open MPI to kill all MPI processes.
You may or may not see output from other processes, depending on
exactly when Open MPI kills them.
--------------------------------------------------------------------------
rep 1 scalability -e1 1 16
--------------------------------------------------------------------------
MPI_ABORT was invoked on rank 0 in communicator MPI_COMM_WORLD
with errorcode 1.

NOTE: invoking MPI_ABORT causes Open MPI to kill all MPI processes.
You may or may not see output from other processes, depending on
exactly when Open MPI kills them.
--------------------------------------------------------------------------
Error occurred while reading file
: No such file or directory
rep 1 scalability -e1 1 15
Error occurred while reading file
: No such file or directory
--------------------------------------------------------------------------
MPI_ABORT was invoked on rank 0 in communicator MPI_COMM_WORLD
with errorcode 1.

NOTE: invoking MPI_ABORT causes Open MPI to kill all MPI processes.
You may or may not see output from other processes, depending on
exactly when Open MPI kills them.
--------------------------------------------------------------------------
rep 1 scalability -e1 1 14
Error occurred while reading file
: No such file or directory
--------------------------------------------------------------------------
MPI_ABORT was invoked on rank 0 in communicator MPI_COMM_WORLD
with errorcode 1.

NOTE: invoking MPI_ABORT causes Open MPI to kill all MPI processes.
You may or may not see output from other processes, depending on
exactly when Open MPI kills them.
--------------------------------------------------------------------------
rep 1 scalability -e1 1 13
Error occurred while reading file
: No such file or directory
--------------------------------------------------------------------------
MPI_ABORT was invoked on rank 0 in communicator MPI_COMM_WORLD
with errorcode 1.

NOTE: invoking MPI_ABORT causes Open MPI to kill all MPI processes.
You may or may not see output from other processes, depending on
exactly when Open MPI kills them.
--------------------------------------------------------------------------
rep 1 scalability -e1 1 12
Error occurred while reading file
: No such file or directory
--------------------------------------------------------------------------
MPI_ABORT was invoked on rank 0 in communicator MPI_COMM_WORLD
with errorcode 1.

NOTE: invoking MPI_ABORT causes Open MPI to kill all MPI processes.
You may or may not see output from other processes, depending on
exactly when Open MPI kills them.
--------------------------------------------------------------------------
rep 1 scalability -e1 1 11
Error occurred while reading file
: No such file or directory
--------------------------------------------------------------------------
MPI_ABORT was invoked on rank 0 in communicator MPI_COMM_WORLD
with errorcode 1.

NOTE: invoking MPI_ABORT causes Open MPI to kill all MPI processes.
You may or may not see output from other processes, depending on
exactly when Open MPI kills them.
--------------------------------------------------------------------------
rep 1 scalability -e1 1 10
Error occurred while reading file
: No such file or directory
--------------------------------------------------------------------------
MPI_ABORT was invoked on rank 0 in communicator MPI_COMM_WORLD
with errorcode 1.

NOTE: invoking MPI_ABORT causes Open MPI to kill all MPI processes.
You may or may not see output from other processes, depending on
exactly when Open MPI kills them.
--------------------------------------------------------------------------
rep 1 scalability -e1 1 9
Error occurred while reading file
: No such file or directory
--------------------------------------------------------------------------
MPI_ABORT was invoked on rank 0 in communicator MPI_COMM_WORLD
with errorcode 1.

NOTE: invoking MPI_ABORT causes Open MPI to kill all MPI processes.
You may or may not see output from other processes, depending on
exactly when Open MPI kills them.
--------------------------------------------------------------------------
rep 1 scalability -e1 1 8
Error occurred while reading file
: No such file or directory
--------------------------------------------------------------------------
MPI_ABORT was invoked on rank 0 in communicator MPI_COMM_WORLD
with errorcode 1.

NOTE: invoking MPI_ABORT causes Open MPI to kill all MPI processes.
You may or may not see output from other processes, depending on
exactly when Open MPI kills them.
--------------------------------------------------------------------------
rep 1 scalability -e1 1 7
Error occurred while reading file
: No such file or directory
--------------------------------------------------------------------------
MPI_ABORT was invoked on rank 0 in communicator MPI_COMM_WORLD
with errorcode 1.

NOTE: invoking MPI_ABORT causes Open MPI to kill all MPI processes.
You may or may not see output from other processes, depending on
exactly when Open MPI kills them.
--------------------------------------------------------------------------
rep 1 scalability -e1 1 6
Error occurred while reading file
: No such file or directory
--------------------------------------------------------------------------
MPI_ABORT was invoked on rank 0 in communicator MPI_COMM_WORLD
with errorcode 1.

NOTE: invoking MPI_ABORT causes Open MPI to kill all MPI processes.
You may or may not see output from other processes, depending on
exactly when Open MPI kills them.
--------------------------------------------------------------------------
rep 1 scalability -e1 1 5
Error occurred while reading file
: No such file or directory
--------------------------------------------------------------------------
MPI_ABORT was invoked on rank 0 in communicator MPI_COMM_WORLD
with errorcode 1.

NOTE: invoking MPI_ABORT causes Open MPI to kill all MPI processes.
You may or may not see output from other processes, depending on
exactly when Open MPI kills them.
--------------------------------------------------------------------------
rep 1 scalability -e1 1 4
Error occurred while reading file
: No such file or directory
--------------------------------------------------------------------------
MPI_ABORT was invoked on rank 0 in communicator MPI_COMM_WORLD
with errorcode 1.

NOTE: invoking MPI_ABORT causes Open MPI to kill all MPI processes.
You may or may not see output from other processes, depending on
exactly when Open MPI kills them.
--------------------------------------------------------------------------
rep 1 scalability -e1 1 3
Error occurred while reading file
: No such file or directory
--------------------------------------------------------------------------
MPI_ABORT was invoked on rank 0 in communicator MPI_COMM_WORLD
with errorcode 1.

NOTE: invoking MPI_ABORT causes Open MPI to kill all MPI processes.
You may or may not see output from other processes, depending on
exactly when Open MPI kills them.
--------------------------------------------------------------------------
rep 1 scalability -e1 1 2
Error occurred while reading file
: No such file or directory
--------------------------------------------------------------------------
MPI_ABORT was invoked on rank 0 in communicator MPI_COMM_WORLD
with errorcode 1.

NOTE: invoking MPI_ABORT causes Open MPI to kill all MPI processes.
You may or may not see output from other processes, depending on
exactly when Open MPI kills them.
--------------------------------------------------------------------------
rep 1 scalability -e1 1 1
Error occurred while reading file
: No such file or directory
--------------------------------------------------------------------------
MPI_ABORT was invoked on rank 0 in communicator MPI_COMM_WORLD
with errorcode 1.

NOTE: invoking MPI_ABORT causes Open MPI to kill all MPI processes.
You may or may not see output from other processes, depending on
exactly when Open MPI kills them.
--------------------------------------------------------------------------
scalability end
