Selected type of execution: 1
make: Nothing to be done for 'all'.
scale_omp_epyc_epyc006_2023-06-21_17-11-57.csv epyc006 2023-06-21_17-11-57
OMP scalability begin
rep 1 scalability -e1 20000 1
rep 1 scalability -e1 20000 2
rep 1 scalability -e1 20000 3
rep 1 scalability -e1 20000 4
rep 1 scalability -e1 20000 5
rep 1 scalability -e1 20000 6
rep 1 scalability -e1 20000 7
rep 1 scalability -e1 20000 8
rep 1 scalability -e1 20000 9
rep 1 scalability -e1 20000 10
rep 1 scalability -e1 20000 11
rep 1 scalability -e1 20000 12
rep 1 scalability -e1 20000 13
rep 1 scalability -e1 20000 14
rep 1 scalability -e1 20000 15
rep 1 scalability -e1 20000 16
rep 1 scalability -e1 20000 17
rep 1 scalability -e1 20000 18
rep 1 scalability -e1 20000 19
rep 1 scalability -e1 20000 20
rep 1 scalability -e1 20000 21
rep 1 scalability -e1 20000 22
rep 1 scalability -e1 20000 23
rep 1 scalability -e1 20000 24
rep 1 scalability -e1 20000 25
rep 1 scalability -e1 20000 26
rep 1 scalability -e1 20000 27
rep 1 scalability -e1 20000 28
rep 1 scalability -e1 20000 29
rep 1 scalability -e1 20000 30
rep 1 scalability -e1 20000 31
rep 1 scalability -e1 20000 32
rep 1 scalability -e1 20000 33
rep 1 scalability -e1 20000 34
rep 1 scalability -e1 20000 35
rep 1 scalability -e1 20000 36
rep 1 scalability -e1 20000 37
rep 1 scalability -e1 20000 38
rep 1 scalability -e1 20000 39
rep 1 scalability -e1 20000 40
rep 1 scalability -e1 20000 41
rep 1 scalability -e1 20000 42
rep 1 scalability -e1 20000 43
rep 1 scalability -e1 20000 44
rep 1 scalability -e1 20000 45
rep 1 scalability -e1 20000 46
rep 1 scalability -e1 20000 47
rep 1 scalability -e1 20000 48
rep 1 scalability -e1 20000 49
rep 1 scalability -e1 20000 50
rep 1 scalability -e1 20000 51
rep 1 scalability -e1 20000 52
rep 1 scalability -e1 20000 53
rep 1 scalability -e1 20000 54
rep 1 scalability -e1 20000 55
rep 1 scalability -e1 20000 56
rep 1 scalability -e1 20000 57
rep 1 scalability -e1 20000 58
rep 1 scalability -e1 20000 59
rep 1 scalability -e1 20000 60
rep 1 scalability -e1 20000 61
rep 1 scalability -e1 20000 62
rep 1 scalability -e1 20000 63
rep 1 scalability -e1 20000 64
rep 2 scalability -e1 20000 1
rep 2 scalability -e1 20000 2
rep 2 scalability -e1 20000 3
rep 2 scalability -e1 20000 4
rep 2 scalability -e1 20000 5
rep 2 scalability -e1 20000 6
rep 2 scalability -e1 20000 7
rep 2 scalability -e1 20000 8
rep 2 scalability -e1 20000 9
rep 2 scalability -e1 20000 10
rep 2 scalability -e1 20000 11
rep 2 scalability -e1 20000 12
rep 2 scalability -e1 20000 13
rep 2 scalability -e1 20000 14
rep 2 scalability -e1 20000 15
rep 2 scalability -e1 20000 16
rep 2 scalability -e1 20000 17
rep 2 scalability -e1 20000 18
rep 2 scalability -e1 20000 19
rep 2 scalability -e1 20000 20
rep 2 scalability -e1 20000 21
rep 2 scalability -e1 20000 22
rep 2 scalability -e1 20000 23
rep 2 scalability -e1 20000 24
rep 2 scalability -e1 20000 25
rep 2 scalability -e1 20000 26
rep 2 scalability -e1 20000 27
rep 2 scalability -e1 20000 28
rep 2 scalability -e1 20000 29
rep 2 scalability -e1 20000 30
rep 2 scalability -e1 20000 31
rep 2 scalability -e1 20000 32
rep 2 scalability -e1 20000 33
rep 2 scalability -e1 20000 34
rep 2 scalability -e1 20000 35
rep 2 scalability -e1 20000 36
rep 2 scalability -e1 20000 37
rep 2 scalability -e1 20000 38
rep 2 scalability -e1 20000 39
rep 2 scalability -e1 20000 40
slurmstepd: error: *** JOB 13450 ON epyc006 CANCELLED AT 2023-06-21T19:11:54 DUE TO TIME LIMIT ***
