Selected type of execution: 1
make: Nothing to be done for 'all'.
scale_mpi_epyc_epyc004_2023-06-26_13-35-52.csv epyc004 2023-06-26_13-35-52
MPI scalability begin
rep 1 scalability -e1 25000 256
rep 1 scalability -e1 25000 248
rep 1 scalability -e1 25000 240
rep 1 scalability -e1 25000 232
rep 1 scalability -e1 25000 224
rep 1 scalability -e1 25000 216
rep 1 scalability -e1 25000 208
rep 1 scalability -e1 25000 200
rep 1 scalability -e1 25000 192
rep 1 scalability -e1 25000 184
rep 1 scalability -e1 25000 176
rep 1 scalability -e1 25000 168
rep 1 scalability -e1 25000 160
rep 1 scalability -e1 25000 152
rep 1 scalability -e1 25000 144
rep 1 scalability -e1 25000 136
rep 1 scalability -e1 25000 128
rep 1 scalability -e1 25000 120
rep 1 scalability -e1 25000 112
rep 1 scalability -e1 25000 104
rep 1 scalability -e1 25000 96
rep 1 scalability -e1 25000 88
rep 1 scalability -e1 25000 80
rep 1 scalability -e1 25000 72
rep 1 scalability -e1 25000 64
rep 1 scalability -e1 25000 56
rep 2 scalability -e1 25000 256
rep 2 scalability -e1 25000 248
rep 2 scalability -e1 25000 240
rep 2 scalability -e1 25000 232
rep 2 scalability -e1 25000 224
rep 2 scalability -e1 25000 216
rep 2 scalability -e1 25000 208
rep 2 scalability -e1 25000 200
rep 2 scalability -e1 25000 192
rep 2 scalability -e1 25000 184
rep 2 scalability -e1 25000 176
rep 2 scalability -e1 25000 168
rep 2 scalability -e1 25000 160
rep 2 scalability -e1 25000 152
rep 2 scalability -e1 25000 144
rep 2 scalability -e1 25000 136
rep 2 scalability -e1 25000 128
rep 2 scalability -e1 25000 120
rep 2 scalability -e1 25000 112
rep 2 scalability -e1 25000 104
rep 2 scalability -e1 25000 96
rep 2 scalability -e1 25000 88
rep 2 scalability -e1 25000 80
rep 2 scalability -e1 25000 72
rep 2 scalability -e1 25000 64
rep 2 scalability -e1 25000 56
rep 3 scalability -e1 25000 256
rep 3 scalability -e1 25000 248
rep 3 scalability -e1 25000 240
rep 3 scalability -e1 25000 232
rep 3 scalability -e1 25000 224
rep 3 scalability -e1 25000 216
rep 3 scalability -e1 25000 208
rep 3 scalability -e1 25000 200
rep 3 scalability -e1 25000 192
rep 3 scalability -e1 25000 184
rep 3 scalability -e1 25000 176
rep 3 scalability -e1 25000 168
rep 3 scalability -e1 25000 160
rep 3 scalability -e1 25000 152
rep 3 scalability -e1 25000 144
rep 3 scalability -e1 25000 136
rep 3 scalability -e1 25000 128
rep 3 scalability -e1 25000 120
rep 3 scalability -e1 25000 112
rep 3 scalability -e1 25000 104
rep 3 scalability -e1 25000 96
rep 3 scalability -e1 25000 88
rep 3 scalability -e1 25000 80
rep 3 scalability -e1 25000 72
rep 3 scalability -e1 25000 64
rep 3 scalability -e1 25000 56
rep 4 scalability -e1 25000 256
rep 4 scalability -e1 25000 248
rep 4 scalability -e1 25000 240
rep 4 scalability -e1 25000 232
rep 4 scalability -e1 25000 224
rep 4 scalability -e1 25000 216
rep 4 scalability -e1 25000 208
rep 4 scalability -e1 25000 200
rep 4 scalability -e1 25000 192
rep 4 scalability -e1 25000 184
rep 4 scalability -e1 25000 176
rep 4 scalability -e1 25000 168
rep 4 scalability -e1 25000 160
rep 4 scalability -e1 25000 152
rep 4 scalability -e1 25000 144
rep 4 scalability -e1 25000 136
rep 4 scalability -e1 25000 128
rep 4 scalability -e1 25000 120
rep 4 scalability -e1 25000 112
rep 4 scalability -e1 25000 104
rep 4 scalability -e1 25000 96
rep 4 scalability -e1 25000 88
rep 4 scalability -e1 25000 80
rep 4 scalability -e1 25000 72
rep 4 scalability -e1 25000 64
rep 4 scalability -e1 25000 56
rep 5 scalability -e1 25000 256
rep 5 scalability -e1 25000 248
rep 5 scalability -e1 25000 240
rep 5 scalability -e1 25000 232
rep 5 scalability -e1 25000 224
rep 5 scalability -e1 25000 216
rep 5 scalability -e1 25000 208
rep 5 scalability -e1 25000 200
rep 5 scalability -e1 25000 192
rep 5 scalability -e1 25000 184
rep 5 scalability -e1 25000 176
rep 5 scalability -e1 25000 168
rep 5 scalability -e1 25000 160
rep 5 scalability -e1 25000 152
rep 5 scalability -e1 25000 144
rep 5 scalability -e1 25000 136
rep 5 scalability -e1 25000 128
rep 5 scalability -e1 25000 120
rep 5 scalability -e1 25000 112
rep 5 scalability -e1 25000 104
rep 5 scalability -e1 25000 96
rep 5 scalability -e1 25000 88
rep 5 scalability -e1 25000 80
rep 5 scalability -e1 25000 72
rep 5 scalability -e1 25000 64
rep 5 scalability -e1 25000 56
rep 6 scalability -e1 25000 256
rep 6 scalability -e1 25000 248
rep 6 scalability -e1 25000 240
rep 6 scalability -e1 25000 232
rep 6 scalability -e1 25000 224
rep 6 scalability -e1 25000 216
rep 6 scalability -e1 25000 208
slurmstepd: error: *** JOB 14034 ON epyc004 CANCELLED AT 2023-06-26T14:57:13 ***
