Selected type of execution: 1
make: Nothing to be done for 'all'.
scale_omp_epyc_epyc004_2023-06-21_19-47-59.csv epyc004 2023-06-21_19-47-59
OMP scalability begin
rep 1 scalability -e1 30000 64
rep 1 scalability -e1 30000 63
rep 1 scalability -e1 30000 62
rep 1 scalability -e1 30000 61
rep 1 scalability -e1 30000 60
rep 1 scalability -e1 30000 59
rep 1 scalability -e1 30000 58
rep 1 scalability -e1 30000 57
rep 1 scalability -e1 30000 56
rep 1 scalability -e1 30000 55
rep 1 scalability -e1 30000 54
rep 1 scalability -e1 30000 53
rep 1 scalability -e1 30000 52
rep 1 scalability -e1 30000 51
rep 1 scalability -e1 30000 50
rep 1 scalability -e1 30000 49
rep 1 scalability -e1 30000 48
rep 1 scalability -e1 30000 47
rep 1 scalability -e1 30000 46
rep 1 scalability -e1 30000 45
rep 1 scalability -e1 30000 44
rep 1 scalability -e1 30000 43
rep 1 scalability -e1 30000 42
rep 1 scalability -e1 30000 41
rep 1 scalability -e1 30000 40
rep 1 scalability -e1 30000 39
rep 1 scalability -e1 30000 38
rep 1 scalability -e1 30000 37
rep 1 scalability -e1 30000 36
rep 1 scalability -e1 30000 35
rep 1 scalability -e1 30000 34
rep 1 scalability -e1 30000 33
rep 1 scalability -e1 30000 32
rep 1 scalability -e1 30000 31
rep 1 scalability -e1 30000 30
rep 1 scalability -e1 30000 29
rep 1 scalability -e1 30000 28
rep 1 scalability -e1 30000 27
rep 1 scalability -e1 30000 26
rep 1 scalability -e1 30000 25
rep 1 scalability -e1 30000 24
rep 1 scalability -e1 30000 23
rep 1 scalability -e1 30000 22
rep 1 scalability -e1 30000 21
rep 1 scalability -e1 30000 20
rep 1 scalability -e1 30000 19
rep 1 scalability -e1 30000 18
rep 1 scalability -e1 30000 17
rep 1 scalability -e1 30000 16
rep 2 scalability -e1 30000 64
rep 2 scalability -e1 30000 63
rep 2 scalability -e1 30000 62
rep 2 scalability -e1 30000 61
rep 2 scalability -e1 30000 60
rep 2 scalability -e1 30000 59
rep 2 scalability -e1 30000 58
rep 2 scalability -e1 30000 57
rep 2 scalability -e1 30000 56
rep 2 scalability -e1 30000 55
rep 2 scalability -e1 30000 54
rep 2 scalability -e1 30000 53
rep 2 scalability -e1 30000 52
rep 2 scalability -e1 30000 51
rep 2 scalability -e1 30000 50
rep 2 scalability -e1 30000 49
rep 2 scalability -e1 30000 48
rep 2 scalability -e1 30000 47
rep 2 scalability -e1 30000 46
rep 2 scalability -e1 30000 45
rep 2 scalability -e1 30000 44
rep 2 scalability -e1 30000 43
rep 2 scalability -e1 30000 42
rep 2 scalability -e1 30000 41
rep 2 scalability -e1 30000 40
rep 2 scalability -e1 30000 39
rep 2 scalability -e1 30000 38
rep 2 scalability -e1 30000 37
rep 2 scalability -e1 30000 36
rep 2 scalability -e1 30000 35
rep 2 scalability -e1 30000 34
rep 2 scalability -e1 30000 33
rep 2 scalability -e1 30000 32
rep 2 scalability -e1 30000 31
rep 2 scalability -e1 30000 30
rep 2 scalability -e1 30000 29
rep 2 scalability -e1 30000 28
rep 2 scalability -e1 30000 27
rep 2 scalability -e1 30000 26
rep 2 scalability -e1 30000 25
rep 2 scalability -e1 30000 24
rep 2 scalability -e1 30000 23
rep 2 scalability -e1 30000 22
rep 2 scalability -e1 30000 21
rep 2 scalability -e1 30000 20
rep 2 scalability -e1 30000 19
rep 2 scalability -e1 30000 18
rep 2 scalability -e1 30000 17
rep 2 scalability -e1 30000 16
rep 3 scalability -e1 30000 64
rep 3 scalability -e1 30000 63
rep 3 scalability -e1 30000 62
rep 3 scalability -e1 30000 61
rep 3 scalability -e1 30000 60
rep 3 scalability -e1 30000 59
rep 3 scalability -e1 30000 58
rep 3 scalability -e1 30000 57
rep 3 scalability -e1 30000 56
rep 3 scalability -e1 30000 55
rep 3 scalability -e1 30000 54
rep 3 scalability -e1 30000 53
rep 3 scalability -e1 30000 52
rep 3 scalability -e1 30000 51
rep 3 scalability -e1 30000 50
rep 3 scalability -e1 30000 49
rep 3 scalability -e1 30000 48
rep 3 scalability -e1 30000 47
rep 3 scalability -e1 30000 46
rep 3 scalability -e1 30000 45
rep 3 scalability -e1 30000 44
rep 3 scalability -e1 30000 43
rep 3 scalability -e1 30000 42
rep 3 scalability -e1 30000 41
rep 3 scalability -e1 30000 40
rep 3 scalability -e1 30000 39
rep 3 scalability -e1 30000 38
rep 3 scalability -e1 30000 37
rep 3 scalability -e1 30000 36
rep 3 scalability -e1 30000 35
rep 3 scalability -e1 30000 34
rep 3 scalability -e1 30000 33
rep 3 scalability -e1 30000 32
rep 3 scalability -e1 30000 31
rep 3 scalability -e1 30000 30
rep 3 scalability -e1 30000 29
rep 3 scalability -e1 30000 28
rep 3 scalability -e1 30000 27
slurmstepd: error: *** JOB 13461 ON epyc004 CANCELLED AT 2023-06-21T21:48:24 DUE TO TIME LIMIT ***
