Selected type of execution: 3
make: Nothing to be done for 'all'.
scale_mpi_epyc_epyc006_2023-06-15_06-58-51.csv epyc006 2023-06-15_06-58-51
MPI scalability begin
rep 1 scalability -e3 10000 32
rep 1 scalability -e3 10000 31
rep 1 scalability -e3 10000 30
rep 1 scalability -e3 10000 29
rep 1 scalability -e3 10000 28
rep 1 scalability -e3 10000 27
rep 1 scalability -e3 10000 26
rep 1 scalability -e3 10000 25
rep 1 scalability -e3 10000 24
rep 1 scalability -e3 10000 23
rep 1 scalability -e3 10000 22
rep 1 scalability -e3 10000 21
rep 1 scalability -e3 10000 20
rep 1 scalability -e3 10000 19
rep 1 scalability -e3 10000 18
rep 1 scalability -e3 10000 17
rep 1 scalability -e3 10000 16
rep 1 scalability -e3 10000 15
rep 1 scalability -e3 10000 14
rep 1 scalability -e3 10000 13
rep 1 scalability -e3 10000 12
rep 1 scalability -e3 10000 11
rep 1 scalability -e3 10000 10
rep 1 scalability -e3 10000 9
rep 1 scalability -e3 10000 8
rep 1 scalability -e3 10000 7
rep 1 scalability -e3 10000 6
rep 1 scalability -e3 10000 5
rep 1 scalability -e3 10000 4
rep 1 scalability -e3 10000 3
rep 1 scalability -e3 10000 2
rep 1 scalability -e3 10000 1
rep 2 scalability -e3 10000 32
rep 2 scalability -e3 10000 31
rep 2 scalability -e3 10000 30
rep 2 scalability -e3 10000 29
rep 2 scalability -e3 10000 28
rep 2 scalability -e3 10000 27
rep 2 scalability -e3 10000 26
rep 2 scalability -e3 10000 25
rep 2 scalability -e3 10000 24
rep 2 scalability -e3 10000 23
rep 2 scalability -e3 10000 22
rep 2 scalability -e3 10000 21
rep 2 scalability -e3 10000 20
rep 2 scalability -e3 10000 19
rep 2 scalability -e3 10000 18
rep 2 scalability -e3 10000 17
rep 2 scalability -e3 10000 16
rep 2 scalability -e3 10000 15
rep 2 scalability -e3 10000 14
rep 2 scalability -e3 10000 13
rep 2 scalability -e3 10000 12
rep 2 scalability -e3 10000 11
rep 2 scalability -e3 10000 10
rep 2 scalability -e3 10000 9
rep 2 scalability -e3 10000 8
rep 2 scalability -e3 10000 7
rep 2 scalability -e3 10000 6
rep 2 scalability -e3 10000 5
rep 2 scalability -e3 10000 4
rep 2 scalability -e3 10000 3
rep 2 scalability -e3 10000 2
rep 2 scalability -e3 10000 1
rep 3 scalability -e3 10000 32
rep 3 scalability -e3 10000 31
rep 3 scalability -e3 10000 30
rep 3 scalability -e3 10000 29
rep 3 scalability -e3 10000 28
rep 3 scalability -e3 10000 27
rep 3 scalability -e3 10000 26
rep 3 scalability -e3 10000 25
rep 3 scalability -e3 10000 24
rep 3 scalability -e3 10000 23
rep 3 scalability -e3 10000 22
rep 3 scalability -e3 10000 21
rep 3 scalability -e3 10000 20
rep 3 scalability -e3 10000 19
rep 3 scalability -e3 10000 18
rep 3 scalability -e3 10000 17
rep 3 scalability -e3 10000 16
rep 3 scalability -e3 10000 15
rep 3 scalability -e3 10000 14
rep 3 scalability -e3 10000 13
rep 3 scalability -e3 10000 12
rep 3 scalability -e3 10000 11
rep 3 scalability -e3 10000 10
rep 3 scalability -e3 10000 9
rep 3 scalability -e3 10000 8
rep 3 scalability -e3 10000 7
rep 3 scalability -e3 10000 6
rep 3 scalability -e3 10000 5
rep 3 scalability -e3 10000 4
rep 3 scalability -e3 10000 3
rep 3 scalability -e3 10000 2
rep 3 scalability -e3 10000 1
scalability end
