Selected type of execution: 0
make: Nothing to be done for 'all'.
scale_omp_epyc_epyc002_2023-06-12_17-35-11.csv epyc002 2023-06-12_17-35-11
scalability begin
rep 1 scalability -e0 10000 64
rep 1 scalability -e0 10000 63
rep 1 scalability -e0 10000 62
rep 1 scalability -e0 10000 61
rep 1 scalability -e0 10000 60
rep 1 scalability -e0 10000 59
rep 1 scalability -e0 10000 58
rep 1 scalability -e0 10000 57
rep 1 scalability -e0 10000 56
rep 1 scalability -e0 10000 55
rep 1 scalability -e0 10000 54
rep 1 scalability -e0 10000 53
rep 1 scalability -e0 10000 52
rep 1 scalability -e0 10000 51
rep 1 scalability -e0 10000 50
rep 1 scalability -e0 10000 49
rep 1 scalability -e0 10000 48
rep 1 scalability -e0 10000 47
rep 1 scalability -e0 10000 46
rep 1 scalability -e0 10000 45
rep 1 scalability -e0 10000 44
rep 1 scalability -e0 10000 43
rep 1 scalability -e0 10000 42
rep 1 scalability -e0 10000 41
rep 1 scalability -e0 10000 40
rep 1 scalability -e0 10000 39
rep 1 scalability -e0 10000 38
rep 1 scalability -e0 10000 37
rep 1 scalability -e0 10000 36
rep 1 scalability -e0 10000 35
slurmstepd: error: *** JOB 12096 ON epyc002 CANCELLED AT 2023-06-12T19:35:39 DUE TO TIME LIMIT ***
