Selected type of execution: 1
make: Nothing to be done for 'all'.
scale_mpi_thin_thin007_2023-06-23_06-18-13.csv thin007 2023-06-23_06-18-13
MPI scalability begin
rep 1 scalability -e1 10000 12
[thin007:3695780] MCW rank 1 bound to socket 0[core 1[hwt 0]]: [./B/./././././././././.][./././././././././././.]
[thin007:3695780] MCW rank 2 bound to socket 0[core 2[hwt 0]]: [././B/././././././././.][./././././././././././.]
[thin007:3695780] MCW rank 3 bound to socket 0[core 3[hwt 0]]: [./././B/./././././././.][./././././././././././.]
[thin007:3695780] MCW rank 4 bound to socket 0[core 4[hwt 0]]: [././././B/././././././.][./././././././././././.]
[thin007:3695780] MCW rank 5 bound to socket 0[core 5[hwt 0]]: [./././././B/./././././.][./././././././././././.]
[thin007:3695780] MCW rank 6 bound to socket 0[core 6[hwt 0]]: [././././././B/././././.][./././././././././././.]
[thin007:3695780] MCW rank 7 bound to socket 0[core 7[hwt 0]]: [./././././././B/./././.][./././././././././././.]
[thin007:3695780] MCW rank 8 bound to socket 0[core 8[hwt 0]]: [././././././././B/././.][./././././././././././.]
[thin007:3695780] MCW rank 9 bound to socket 0[core 9[hwt 0]]: [./././././././././B/./.][./././././././././././.]
[thin007:3695780] MCW rank 10 bound to socket 0[core 10[hwt 0]]: [././././././././././B/.][./././././././././././.]
[thin007:3695780] MCW rank 11 bound to socket 0[core 11[hwt 0]]: [./././././././././././B][./././././././././././.]
[thin007:3695780] MCW rank 0 bound to socket 0[core 0[hwt 0]]: [B/././././././././././.][./././././././././././.]
rep 1 scalability -e1 10000 11
[thin007:3695861] MCW rank 0 bound to socket 0[core 0[hwt 0]]: [B/././././././././././.][./././././././././././.]
[thin007:3695861] MCW rank 1 bound to socket 0[core 1[hwt 0]]: [./B/./././././././././.][./././././././././././.]
[thin007:3695861] MCW rank 2 bound to socket 0[core 2[hwt 0]]: [././B/././././././././.][./././././././././././.]
[thin007:3695861] MCW rank 3 bound to socket 0[core 3[hwt 0]]: [./././B/./././././././.][./././././././././././.]
[thin007:3695861] MCW rank 4 bound to socket 0[core 4[hwt 0]]: [././././B/././././././.][./././././././././././.]
[thin007:3695861] MCW rank 5 bound to socket 0[core 5[hwt 0]]: [./././././B/./././././.][./././././././././././.]
[thin007:3695861] MCW rank 6 bound to socket 0[core 6[hwt 0]]: [././././././B/././././.][./././././././././././.]
[thin007:3695861] MCW rank 7 bound to socket 0[core 7[hwt 0]]: [./././././././B/./././.][./././././././././././.]
[thin007:3695861] MCW rank 8 bound to socket 0[core 8[hwt 0]]: [././././././././B/././.][./././././././././././.]
[thin007:3695861] MCW rank 9 bound to socket 0[core 9[hwt 0]]: [./././././././././B/./.][./././././././././././.]
[thin007:3695861] MCW rank 10 bound to socket 0[core 10[hwt 0]]: [././././././././././B/.][./././././././././././.]
rep 1 scalability -e1 10000 10
[thin007:3695923] MCW rank 4 bound to socket 0[core 4[hwt 0]]: [././././B/././././././.][./././././././././././.]
[thin007:3695923] MCW rank 5 bound to socket 0[core 5[hwt 0]]: [./././././B/./././././.][./././././././././././.]
[thin007:3695923] MCW rank 6 bound to socket 0[core 6[hwt 0]]: [././././././B/././././.][./././././././././././.]
[thin007:3695923] MCW rank 7 bound to socket 0[core 7[hwt 0]]: [./././././././B/./././.][./././././././././././.]
[thin007:3695923] MCW rank 8 bound to socket 0[core 8[hwt 0]]: [././././././././B/././.][./././././././././././.]
[thin007:3695923] MCW rank 9 bound to socket 0[core 9[hwt 0]]: [./././././././././B/./.][./././././././././././.]
[thin007:3695923] MCW rank 0 bound to socket 0[core 0[hwt 0]]: [B/././././././././././.][./././././././././././.]
[thin007:3695923] MCW rank 1 bound to socket 0[core 1[hwt 0]]: [./B/./././././././././.][./././././././././././.]
[thin007:3695923] MCW rank 2 bound to socket 0[core 2[hwt 0]]: [././B/././././././././.][./././././././././././.]
[thin007:3695923] MCW rank 3 bound to socket 0[core 3[hwt 0]]: [./././B/./././././././.][./././././././././././.]
rep 1 scalability -e1 10000 9
[thin007:3695979] MCW rank 4 bound to socket 0[core 4[hwt 0]]: [././././B/././././././.][./././././././././././.]
[thin007:3695979] MCW rank 5 bound to socket 0[core 5[hwt 0]]: [./././././B/./././././.][./././././././././././.]
[thin007:3695979] MCW rank 6 bound to socket 0[core 6[hwt 0]]: [././././././B/././././.][./././././././././././.]
[thin007:3695979] MCW rank 7 bound to socket 0[core 7[hwt 0]]: [./././././././B/./././.][./././././././././././.]
[thin007:3695979] MCW rank 8 bound to socket 0[core 8[hwt 0]]: [././././././././B/././.][./././././././././././.]
[thin007:3695979] MCW rank 0 bound to socket 0[core 0[hwt 0]]: [B/././././././././././.][./././././././././././.]
[thin007:3695979] MCW rank 1 bound to socket 0[core 1[hwt 0]]: [./B/./././././././././.][./././././././././././.]
[thin007:3695979] MCW rank 2 bound to socket 0[core 2[hwt 0]]: [././B/././././././././.][./././././././././././.]
[thin007:3695979] MCW rank 3 bound to socket 0[core 3[hwt 0]]: [./././B/./././././././.][./././././././././././.]
rep 1 scalability -e1 10000 8
[thin007:3696032] MCW rank 0 bound to socket 0[core 0[hwt 0]]: [B/././././././././././.][./././././././././././.]
[thin007:3696032] MCW rank 1 bound to socket 0[core 1[hwt 0]]: [./B/./././././././././.][./././././././././././.]
[thin007:3696032] MCW rank 2 bound to socket 0[core 2[hwt 0]]: [././B/././././././././.][./././././././././././.]
[thin007:3696032] MCW rank 3 bound to socket 0[core 3[hwt 0]]: [./././B/./././././././.][./././././././././././.]
[thin007:3696032] MCW rank 4 bound to socket 0[core 4[hwt 0]]: [././././B/././././././.][./././././././././././.]
[thin007:3696032] MCW rank 5 bound to socket 0[core 5[hwt 0]]: [./././././B/./././././.][./././././././././././.]
[thin007:3696032] MCW rank 6 bound to socket 0[core 6[hwt 0]]: [././././././B/././././.][./././././././././././.]
[thin007:3696032] MCW rank 7 bound to socket 0[core 7[hwt 0]]: [./././././././B/./././.][./././././././././././.]
rep 1 scalability -e1 10000 7
[thin007:3696078] MCW rank 5 bound to socket 0[core 5[hwt 0]]: [./././././B/./././././.][./././././././././././.]
[thin007:3696078] MCW rank 6 bound to socket 0[core 6[hwt 0]]: [././././././B/././././.][./././././././././././.]
[thin007:3696078] MCW rank 0 bound to socket 0[core 0[hwt 0]]: [B/././././././././././.][./././././././././././.]
[thin007:3696078] MCW rank 1 bound to socket 0[core 1[hwt 0]]: [./B/./././././././././.][./././././././././././.]
[thin007:3696078] MCW rank 2 bound to socket 0[core 2[hwt 0]]: [././B/././././././././.][./././././././././././.]
[thin007:3696078] MCW rank 3 bound to socket 0[core 3[hwt 0]]: [./././B/./././././././.][./././././././././././.]
[thin007:3696078] MCW rank 4 bound to socket 0[core 4[hwt 0]]: [././././B/././././././.][./././././././././././.]
rep 1 scalability -e1 10000 6
[thin007:3696123] MCW rank 5 bound to socket 0[core 5[hwt 0]]: [./././././B/./././././.][./././././././././././.]
[thin007:3696123] MCW rank 0 bound to socket 0[core 0[hwt 0]]: [B/././././././././././.][./././././././././././.]
[thin007:3696123] MCW rank 1 bound to socket 0[core 1[hwt 0]]: [./B/./././././././././.][./././././././././././.]
[thin007:3696123] MCW rank 2 bound to socket 0[core 2[hwt 0]]: [././B/././././././././.][./././././././././././.]
[thin007:3696123] MCW rank 3 bound to socket 0[core 3[hwt 0]]: [./././B/./././././././.][./././././././././././.]
[thin007:3696123] MCW rank 4 bound to socket 0[core 4[hwt 0]]: [././././B/././././././.][./././././././././././.]
rep 1 scalability -e1 10000 5
[thin007:3696158] MCW rank 4 bound to socket 0[core 4[hwt 0]]: [././././B/././././././.][./././././././././././.]
[thin007:3696158] MCW rank 0 bound to socket 0[core 0[hwt 0]]: [B/././././././././././.][./././././././././././.]
[thin007:3696158] MCW rank 1 bound to socket 0[core 1[hwt 0]]: [./B/./././././././././.][./././././././././././.]
[thin007:3696158] MCW rank 2 bound to socket 0[core 2[hwt 0]]: [././B/././././././././.][./././././././././././.]
[thin007:3696158] MCW rank 3 bound to socket 0[core 3[hwt 0]]: [./././B/./././././././.][./././././././././././.]
rep 1 scalability -e1 10000 4
[thin007:3696193] MCW rank 0 bound to socket 0[core 0[hwt 0]]: [B/././././././././././.][./././././././././././.]
[thin007:3696193] MCW rank 1 bound to socket 0[core 1[hwt 0]]: [./B/./././././././././.][./././././././././././.]
[thin007:3696193] MCW rank 2 bound to socket 0[core 2[hwt 0]]: [././B/././././././././.][./././././././././././.]
[thin007:3696193] MCW rank 3 bound to socket 0[core 3[hwt 0]]: [./././B/./././././././.][./././././././././././.]
rep 1 scalability -e1 10000 3
[thin007:3696222] MCW rank 0 bound to socket 0[core 0[hwt 0]]: [B/././././././././././.][./././././././././././.]
[thin007:3696222] MCW rank 1 bound to socket 0[core 1[hwt 0]]: [./B/./././././././././.][./././././././././././.]
[thin007:3696222] MCW rank 2 bound to socket 0[core 2[hwt 0]]: [././B/././././././././.][./././././././././././.]
rep 1 scalability -e1 10000 2
[thin007:3696253] MCW rank 0 bound to socket 0[core 0[hwt 0]]: [B/././././././././././.][./././././././././././.]
[thin007:3696253] MCW rank 1 bound to socket 0[core 1[hwt 0]]: [./B/./././././././././.][./././././././././././.]
rep 1 scalability -e1 10000 1
[thin007:3696283] MCW rank 0 bound to socket 0[core 0[hwt 0]]: [B/././././././././././.][./././././././././././.]
rep 2 scalability -e1 10000 12
[thin007:3696308] MCW rank 0 bound to socket 0[core 0[hwt 0]]: [B/././././././././././.][./././././././././././.]
[thin007:3696308] MCW rank 1 bound to socket 0[core 1[hwt 0]]: [./B/./././././././././.][./././././././././././.]
[thin007:3696308] MCW rank 2 bound to socket 0[core 2[hwt 0]]: [././B/././././././././.][./././././././././././.]
[thin007:3696308] MCW rank 3 bound to socket 0[core 3[hwt 0]]: [./././B/./././././././.][./././././././././././.]
[thin007:3696308] MCW rank 4 bound to socket 0[core 4[hwt 0]]: [././././B/././././././.][./././././././././././.]
[thin007:3696308] MCW rank 5 bound to socket 0[core 5[hwt 0]]: [./././././B/./././././.][./././././././././././.]
[thin007:3696308] MCW rank 6 bound to socket 0[core 6[hwt 0]]: [././././././B/././././.][./././././././././././.]
[thin007:3696308] MCW rank 7 bound to socket 0[core 7[hwt 0]]: [./././././././B/./././.][./././././././././././.]
[thin007:3696308] MCW rank 8 bound to socket 0[core 8[hwt 0]]: [././././././././B/././.][./././././././././././.]
[thin007:3696308] MCW rank 9 bound to socket 0[core 9[hwt 0]]: [./././././././././B/./.][./././././././././././.]
[thin007:3696308] MCW rank 10 bound to socket 0[core 10[hwt 0]]: [././././././././././B/.][./././././././././././.]
[thin007:3696308] MCW rank 11 bound to socket 0[core 11[hwt 0]]: [./././././././././././B][./././././././././././.]
rep 2 scalability -e1 10000 11
[thin007:3696383] MCW rank 10 bound to socket 0[core 10[hwt 0]]: [././././././././././B/.][./././././././././././.]
[thin007:3696383] MCW rank 0 bound to socket 0[core 0[hwt 0]]: [B/././././././././././.][./././././././././././.]
[thin007:3696383] MCW rank 1 bound to socket 0[core 1[hwt 0]]: [./B/./././././././././.][./././././././././././.]
[thin007:3696383] MCW rank 2 bound to socket 0[core 2[hwt 0]]: [././B/././././././././.][./././././././././././.]
[thin007:3696383] MCW rank 3 bound to socket 0[core 3[hwt 0]]: [./././B/./././././././.][./././././././././././.]
[thin007:3696383] MCW rank 4 bound to socket 0[core 4[hwt 0]]: [././././B/././././././.][./././././././././././.]
[thin007:3696383] MCW rank 5 bound to socket 0[core 5[hwt 0]]: [./././././B/./././././.][./././././././././././.]
[thin007:3696383] MCW rank 6 bound to socket 0[core 6[hwt 0]]: [././././././B/././././.][./././././././././././.]
[thin007:3696383] MCW rank 7 bound to socket 0[core 7[hwt 0]]: [./././././././B/./././.][./././././././././././.]
[thin007:3696383] MCW rank 8 bound to socket 0[core 8[hwt 0]]: [././././././././B/././.][./././././././././././.]
[thin007:3696383] MCW rank 9 bound to socket 0[core 9[hwt 0]]: [./././././././././B/./.][./././././././././././.]
rep 2 scalability -e1 10000 10
[thin007:3696442] MCW rank 0 bound to socket 0[core 0[hwt 0]]: [B/././././././././././.][./././././././././././.]
[thin007:3696442] MCW rank 1 bound to socket 0[core 1[hwt 0]]: [./B/./././././././././.][./././././././././././.]
[thin007:3696442] MCW rank 2 bound to socket 0[core 2[hwt 0]]: [././B/././././././././.][./././././././././././.]
[thin007:3696442] MCW rank 3 bound to socket 0[core 3[hwt 0]]: [./././B/./././././././.][./././././././././././.]
[thin007:3696442] MCW rank 4 bound to socket 0[core 4[hwt 0]]: [././././B/././././././.][./././././././././././.]
[thin007:3696442] MCW rank 5 bound to socket 0[core 5[hwt 0]]: [./././././B/./././././.][./././././././././././.]
[thin007:3696442] MCW rank 6 bound to socket 0[core 6[hwt 0]]: [././././././B/././././.][./././././././././././.]
[thin007:3696442] MCW rank 7 bound to socket 0[core 7[hwt 0]]: [./././././././B/./././.][./././././././././././.]
[thin007:3696442] MCW rank 8 bound to socket 0[core 8[hwt 0]]: [././././././././B/././.][./././././././././././.]
[thin007:3696442] MCW rank 9 bound to socket 0[core 9[hwt 0]]: [./././././././././B/./.][./././././././././././.]
rep 2 scalability -e1 10000 9
[thin007:3696497] MCW rank 8 bound to socket 0[core 8[hwt 0]]: [././././././././B/././.][./././././././././././.]
[thin007:3696497] MCW rank 0 bound to socket 0[core 0[hwt 0]]: [B/././././././././././.][./././././././././././.]
[thin007:3696497] MCW rank 1 bound to socket 0[core 1[hwt 0]]: [./B/./././././././././.][./././././././././././.]
[thin007:3696497] MCW rank 2 bound to socket 0[core 2[hwt 0]]: [././B/././././././././.][./././././././././././.]
[thin007:3696497] MCW rank 3 bound to socket 0[core 3[hwt 0]]: [./././B/./././././././.][./././././././././././.]
[thin007:3696497] MCW rank 4 bound to socket 0[core 4[hwt 0]]: [././././B/././././././.][./././././././././././.]
[thin007:3696497] MCW rank 5 bound to socket 0[core 5[hwt 0]]: [./././././B/./././././.][./././././././././././.]
[thin007:3696497] MCW rank 6 bound to socket 0[core 6[hwt 0]]: [././././././B/././././.][./././././././././././.]
[thin007:3696497] MCW rank 7 bound to socket 0[core 7[hwt 0]]: [./././././././B/./././.][./././././././././././.]
rep 2 scalability -e1 10000 8
[thin007:3696551] MCW rank 6 bound to socket 0[core 6[hwt 0]]: [././././././B/././././.][./././././././././././.]
[thin007:3696551] MCW rank 7 bound to socket 0[core 7[hwt 0]]: [./././././././B/./././.][./././././././././././.]
[thin007:3696551] MCW rank 0 bound to socket 0[core 0[hwt 0]]: [B/././././././././././.][./././././././././././.]
[thin007:3696551] MCW rank 1 bound to socket 0[core 1[hwt 0]]: [./B/./././././././././.][./././././././././././.]
[thin007:3696551] MCW rank 2 bound to socket 0[core 2[hwt 0]]: [././B/././././././././.][./././././././././././.]
[thin007:3696551] MCW rank 3 bound to socket 0[core 3[hwt 0]]: [./././B/./././././././.][./././././././././././.]
[thin007:3696551] MCW rank 4 bound to socket 0[core 4[hwt 0]]: [././././B/././././././.][./././././././././././.]
[thin007:3696551] MCW rank 5 bound to socket 0[core 5[hwt 0]]: [./././././B/./././././.][./././././././././././.]
rep 2 scalability -e1 10000 7
[thin007:3696595] MCW rank 0 bound to socket 0[core 0[hwt 0]]: [B/././././././././././.][./././././././././././.]
[thin007:3696595] MCW rank 1 bound to socket 0[core 1[hwt 0]]: [./B/./././././././././.][./././././././././././.]
[thin007:3696595] MCW rank 2 bound to socket 0[core 2[hwt 0]]: [././B/././././././././.][./././././././././././.]
[thin007:3696595] MCW rank 3 bound to socket 0[core 3[hwt 0]]: [./././B/./././././././.][./././././././././././.]
[thin007:3696595] MCW rank 4 bound to socket 0[core 4[hwt 0]]: [././././B/././././././.][./././././././././././.]
[thin007:3696595] MCW rank 5 bound to socket 0[core 5[hwt 0]]: [./././././B/./././././.][./././././././././././.]
[thin007:3696595] MCW rank 6 bound to socket 0[core 6[hwt 0]]: [././././././B/././././.][./././././././././././.]
rep 2 scalability -e1 10000 6
[thin007:3696638] MCW rank 0 bound to socket 0[core 0[hwt 0]]: [B/././././././././././.][./././././././././././.]
[thin007:3696638] MCW rank 1 bound to socket 0[core 1[hwt 0]]: [./B/./././././././././.][./././././././././././.]
[thin007:3696638] MCW rank 2 bound to socket 0[core 2[hwt 0]]: [././B/././././././././.][./././././././././././.]
[thin007:3696638] MCW rank 3 bound to socket 0[core 3[hwt 0]]: [./././B/./././././././.][./././././././././././.]
[thin007:3696638] MCW rank 4 bound to socket 0[core 4[hwt 0]]: [././././B/././././././.][./././././././././././.]
[thin007:3696638] MCW rank 5 bound to socket 0[core 5[hwt 0]]: [./././././B/./././././.][./././././././././././.]
rep 2 scalability -e1 10000 5
[thin007:3696674] MCW rank 0 bound to socket 0[core 0[hwt 0]]: [B/././././././././././.][./././././././././././.]
[thin007:3696674] MCW rank 1 bound to socket 0[core 1[hwt 0]]: [./B/./././././././././.][./././././././././././.]
[thin007:3696674] MCW rank 2 bound to socket 0[core 2[hwt 0]]: [././B/././././././././.][./././././././././././.]
[thin007:3696674] MCW rank 3 bound to socket 0[core 3[hwt 0]]: [./././B/./././././././.][./././././././././././.]
[thin007:3696674] MCW rank 4 bound to socket 0[core 4[hwt 0]]: [././././B/././././././.][./././././././././././.]
rep 2 scalability -e1 10000 4
[thin007:3696705] MCW rank 0 bound to socket 0[core 0[hwt 0]]: [B/././././././././././.][./././././././././././.]
[thin007:3696705] MCW rank 1 bound to socket 0[core 1[hwt 0]]: [./B/./././././././././.][./././././././././././.]
[thin007:3696705] MCW rank 2 bound to socket 0[core 2[hwt 0]]: [././B/././././././././.][./././././././././././.]
[thin007:3696705] MCW rank 3 bound to socket 0[core 3[hwt 0]]: [./././B/./././././././.][./././././././././././.]
rep 2 scalability -e1 10000 3
[thin007:3696739] MCW rank 0 bound to socket 0[core 0[hwt 0]]: [B/././././././././././.][./././././././././././.]
[thin007:3696739] MCW rank 1 bound to socket 0[core 1[hwt 0]]: [./B/./././././././././.][./././././././././././.]
[thin007:3696739] MCW rank 2 bound to socket 0[core 2[hwt 0]]: [././B/././././././././.][./././././././././././.]
rep 2 scalability -e1 10000 2
[thin007:3696770] MCW rank 0 bound to socket 0[core 0[hwt 0]]: [B/././././././././././.][./././././././././././.]
[thin007:3696770] MCW rank 1 bound to socket 0[core 1[hwt 0]]: [./B/./././././././././.][./././././././././././.]
rep 2 scalability -e1 10000 1
[thin007:3696791] MCW rank 0 bound to socket 0[core 0[hwt 0]]: [B/././././././././././.][./././././././././././.]
rep 3 scalability -e1 10000 12
[thin007:3696818] MCW rank 8 bound to socket 0[core 8[hwt 0]]: [././././././././B/././.][./././././././././././.]
[thin007:3696818] MCW rank 9 bound to socket 0[core 9[hwt 0]]: [./././././././././B/./.][./././././././././././.]
[thin007:3696818] MCW rank 10 bound to socket 0[core 10[hwt 0]]: [././././././././././B/.][./././././././././././.]
[thin007:3696818] MCW rank 11 bound to socket 0[core 11[hwt 0]]: [./././././././././././B][./././././././././././.]
[thin007:3696818] MCW rank 0 bound to socket 0[core 0[hwt 0]]: [B/././././././././././.][./././././././././././.]
[thin007:3696818] MCW rank 1 bound to socket 0[core 1[hwt 0]]: [./B/./././././././././.][./././././././././././.]
[thin007:3696818] MCW rank 2 bound to socket 0[core 2[hwt 0]]: [././B/././././././././.][./././././././././././.]
[thin007:3696818] MCW rank 3 bound to socket 0[core 3[hwt 0]]: [./././B/./././././././.][./././././././././././.]
[thin007:3696818] MCW rank 4 bound to socket 0[core 4[hwt 0]]: [././././B/././././././.][./././././././././././.]
[thin007:3696818] MCW rank 5 bound to socket 0[core 5[hwt 0]]: [./././././B/./././././.][./././././././././././.]
[thin007:3696818] MCW rank 6 bound to socket 0[core 6[hwt 0]]: [././././././B/././././.][./././././././././././.]
[thin007:3696818] MCW rank 7 bound to socket 0[core 7[hwt 0]]: [./././././././B/./././.][./././././././././././.]
rep 3 scalability -e1 10000 11
[thin007:3696887] MCW rank 1 bound to socket 0[core 1[hwt 0]]: [./B/./././././././././.][./././././././././././.]
[thin007:3696887] MCW rank 2 bound to socket 0[core 2[hwt 0]]: [././B/././././././././.][./././././././././././.]
[thin007:3696887] MCW rank 3 bound to socket 0[core 3[hwt 0]]: [./././B/./././././././.][./././././././././././.]
[thin007:3696887] MCW rank 4 bound to socket 0[core 4[hwt 0]]: [././././B/././././././.][./././././././././././.]
[thin007:3696887] MCW rank 5 bound to socket 0[core 5[hwt 0]]: [./././././B/./././././.][./././././././././././.]
[thin007:3696887] MCW rank 6 bound to socket 0[core 6[hwt 0]]: [././././././B/././././.][./././././././././././.]
[thin007:3696887] MCW rank 7 bound to socket 0[core 7[hwt 0]]: [./././././././B/./././.][./././././././././././.]
[thin007:3696887] MCW rank 8 bound to socket 0[core 8[hwt 0]]: [././././././././B/././.][./././././././././././.]
[thin007:3696887] MCW rank 9 bound to socket 0[core 9[hwt 0]]: [./././././././././B/./.][./././././././././././.]
[thin007:3696887] MCW rank 10 bound to socket 0[core 10[hwt 0]]: [././././././././././B/.][./././././././././././.]
[thin007:3696887] MCW rank 0 bound to socket 0[core 0[hwt 0]]: [B/././././././././././.][./././././././././././.]
rep 3 scalability -e1 10000 10
[thin007:3696949] MCW rank 4 bound to socket 0[core 4[hwt 0]]: [././././B/././././././.][./././././././././././.]
[thin007:3696949] MCW rank 5 bound to socket 0[core 5[hwt 0]]: [./././././B/./././././.][./././././././././././.]
[thin007:3696949] MCW rank 6 bound to socket 0[core 6[hwt 0]]: [././././././B/././././.][./././././././././././.]
[thin007:3696949] MCW rank 7 bound to socket 0[core 7[hwt 0]]: [./././././././B/./././.][./././././././././././.]
[thin007:3696949] MCW rank 8 bound to socket 0[core 8[hwt 0]]: [././././././././B/././.][./././././././././././.]
[thin007:3696949] MCW rank 9 bound to socket 0[core 9[hwt 0]]: [./././././././././B/./.][./././././././././././.]
[thin007:3696949] MCW rank 0 bound to socket 0[core 0[hwt 0]]: [B/././././././././././.][./././././././././././.]
[thin007:3696949] MCW rank 1 bound to socket 0[core 1[hwt 0]]: [./B/./././././././././.][./././././././././././.]
[thin007:3696949] MCW rank 2 bound to socket 0[core 2[hwt 0]]: [././B/././././././././.][./././././././././././.]
[thin007:3696949] MCW rank 3 bound to socket 0[core 3[hwt 0]]: [./././B/./././././././.][./././././././././././.]
rep 3 scalability -e1 10000 9
[thin007:3697008] MCW rank 3 bound to socket 0[core 3[hwt 0]]: [./././B/./././././././.][./././././././././././.]
[thin007:3697008] MCW rank 4 bound to socket 0[core 4[hwt 0]]: [././././B/././././././.][./././././././././././.]
[thin007:3697008] MCW rank 5 bound to socket 0[core 5[hwt 0]]: [./././././B/./././././.][./././././././././././.]
[thin007:3697008] MCW rank 6 bound to socket 0[core 6[hwt 0]]: [././././././B/././././.][./././././././././././.]
[thin007:3697008] MCW rank 7 bound to socket 0[core 7[hwt 0]]: [./././././././B/./././.][./././././././././././.]
[thin007:3697008] MCW rank 8 bound to socket 0[core 8[hwt 0]]: [././././././././B/././.][./././././././././././.]
[thin007:3697008] MCW rank 0 bound to socket 0[core 0[hwt 0]]: [B/././././././././././.][./././././././././././.]
[thin007:3697008] MCW rank 1 bound to socket 0[core 1[hwt 0]]: [./B/./././././././././.][./././././././././././.]
[thin007:3697008] MCW rank 2 bound to socket 0[core 2[hwt 0]]: [././B/././././././././.][./././././././././././.]
rep 3 scalability -e1 10000 8
[thin007:3697060] MCW rank 3 bound to socket 0[core 3[hwt 0]]: [./././B/./././././././.][./././././././././././.]
[thin007:3697060] MCW rank 4 bound to socket 0[core 4[hwt 0]]: [././././B/././././././.][./././././././././././.]
[thin007:3697060] MCW rank 5 bound to socket 0[core 5[hwt 0]]: [./././././B/./././././.][./././././././././././.]
[thin007:3697060] MCW rank 6 bound to socket 0[core 6[hwt 0]]: [././././././B/././././.][./././././././././././.]
[thin007:3697060] MCW rank 7 bound to socket 0[core 7[hwt 0]]: [./././././././B/./././.][./././././././././././.]
[thin007:3697060] MCW rank 0 bound to socket 0[core 0[hwt 0]]: [B/././././././././././.][./././././././././././.]
[thin007:3697060] MCW rank 1 bound to socket 0[core 1[hwt 0]]: [./B/./././././././././.][./././././././././././.]
[thin007:3697060] MCW rank 2 bound to socket 0[core 2[hwt 0]]: [././B/././././././././.][./././././././././././.]
rep 3 scalability -e1 10000 7
[thin007:3697108] MCW rank 0 bound to socket 0[core 0[hwt 0]]: [B/././././././././././.][./././././././././././.]
[thin007:3697108] MCW rank 1 bound to socket 0[core 1[hwt 0]]: [./B/./././././././././.][./././././././././././.]
[thin007:3697108] MCW rank 2 bound to socket 0[core 2[hwt 0]]: [././B/././././././././.][./././././././././././.]
[thin007:3697108] MCW rank 3 bound to socket 0[core 3[hwt 0]]: [./././B/./././././././.][./././././././././././.]
[thin007:3697108] MCW rank 4 bound to socket 0[core 4[hwt 0]]: [././././B/././././././.][./././././././././././.]
[thin007:3697108] MCW rank 5 bound to socket 0[core 5[hwt 0]]: [./././././B/./././././.][./././././././././././.]
[thin007:3697108] MCW rank 6 bound to socket 0[core 6[hwt 0]]: [././././././B/././././.][./././././././././././.]
rep 3 scalability -e1 10000 6
[thin007:3697150] MCW rank 0 bound to socket 0[core 0[hwt 0]]: [B/././././././././././.][./././././././././././.]
[thin007:3697150] MCW rank 1 bound to socket 0[core 1[hwt 0]]: [./B/./././././././././.][./././././././././././.]
[thin007:3697150] MCW rank 2 bound to socket 0[core 2[hwt 0]]: [././B/././././././././.][./././././././././././.]
[thin007:3697150] MCW rank 3 bound to socket 0[core 3[hwt 0]]: [./././B/./././././././.][./././././././././././.]
[thin007:3697150] MCW rank 4 bound to socket 0[core 4[hwt 0]]: [././././B/././././././.][./././././././././././.]
[thin007:3697150] MCW rank 5 bound to socket 0[core 5[hwt 0]]: [./././././B/./././././.][./././././././././././.]
rep 3 scalability -e1 10000 5
[thin007:3697186] MCW rank 4 bound to socket 0[core 4[hwt 0]]: [././././B/././././././.][./././././././././././.]
[thin007:3697186] MCW rank 0 bound to socket 0[core 0[hwt 0]]: [B/././././././././././.][./././././././././././.]
[thin007:3697186] MCW rank 1 bound to socket 0[core 1[hwt 0]]: [./B/./././././././././.][./././././././././././.]
[thin007:3697186] MCW rank 2 bound to socket 0[core 2[hwt 0]]: [././B/././././././././.][./././././././././././.]
[thin007:3697186] MCW rank 3 bound to socket 0[core 3[hwt 0]]: [./././B/./././././././.][./././././././././././.]
rep 3 scalability -e1 10000 4
[thin007:3697217] MCW rank 0 bound to socket 0[core 0[hwt 0]]: [B/././././././././././.][./././././././././././.]
[thin007:3697217] MCW rank 1 bound to socket 0[core 1[hwt 0]]: [./B/./././././././././.][./././././././././././.]
[thin007:3697217] MCW rank 2 bound to socket 0[core 2[hwt 0]]: [././B/././././././././.][./././././././././././.]
[thin007:3697217] MCW rank 3 bound to socket 0[core 3[hwt 0]]: [./././B/./././././././.][./././././././././././.]
rep 3 scalability -e1 10000 3
[thin007:3697249] MCW rank 1 bound to socket 0[core 1[hwt 0]]: [./B/./././././././././.][./././././././././././.]
[thin007:3697249] MCW rank 2 bound to socket 0[core 2[hwt 0]]: [././B/././././././././.][./././././././././././.]
[thin007:3697249] MCW rank 0 bound to socket 0[core 0[hwt 0]]: [B/././././././././././.][./././././././././././.]
rep 3 scalability -e1 10000 2
[thin007:3697293] MCW rank 0 bound to socket 0[core 0[hwt 0]]: [B/././././././././././.][./././././././././././.]
[thin007:3697293] MCW rank 1 bound to socket 0[core 1[hwt 0]]: [./B/./././././././././.][./././././././././././.]
rep 3 scalability -e1 10000 1
[thin007:3697321] MCW rank 0 bound to socket 0[core 0[hwt 0]]: [B/././././././././././.][./././././././././././.]
rep 4 scalability -e1 10000 12
[thin007:3697350] MCW rank 3 bound to socket 0[core 3[hwt 0]]: [./././B/./././././././.][./././././././././././.]
[thin007:3697350] MCW rank 4 bound to socket 0[core 4[hwt 0]]: [././././B/././././././.][./././././././././././.]
[thin007:3697350] MCW rank 5 bound to socket 0[core 5[hwt 0]]: [./././././B/./././././.][./././././././././././.]
[thin007:3697350] MCW rank 6 bound to socket 0[core 6[hwt 0]]: [././././././B/././././.][./././././././././././.]
[thin007:3697350] MCW rank 7 bound to socket 0[core 7[hwt 0]]: [./././././././B/./././.][./././././././././././.]
[thin007:3697350] MCW rank 8 bound to socket 0[core 8[hwt 0]]: [././././././././B/././.][./././././././././././.]
[thin007:3697350] MCW rank 9 bound to socket 0[core 9[hwt 0]]: [./././././././././B/./.][./././././././././././.]
[thin007:3697350] MCW rank 10 bound to socket 0[core 10[hwt 0]]: [././././././././././B/.][./././././././././././.]
[thin007:3697350] MCW rank 11 bound to socket 0[core 11[hwt 0]]: [./././././././././././B][./././././././././././.]
[thin007:3697350] MCW rank 0 bound to socket 0[core 0[hwt 0]]: [B/././././././././././.][./././././././././././.]
[thin007:3697350] MCW rank 1 bound to socket 0[core 1[hwt 0]]: [./B/./././././././././.][./././././././././././.]
[thin007:3697350] MCW rank 2 bound to socket 0[core 2[hwt 0]]: [././B/././././././././.][./././././././././././.]
rep 4 scalability -e1 10000 11
[thin007:3697425] MCW rank 1 bound to socket 0[core 1[hwt 0]]: [./B/./././././././././.][./././././././././././.]
[thin007:3697425] MCW rank 2 bound to socket 0[core 2[hwt 0]]: [././B/././././././././.][./././././././././././.]
[thin007:3697425] MCW rank 3 bound to socket 0[core 3[hwt 0]]: [./././B/./././././././.][./././././././././././.]
[thin007:3697425] MCW rank 4 bound to socket 0[core 4[hwt 0]]: [././././B/././././././.][./././././././././././.]
[thin007:3697425] MCW rank 5 bound to socket 0[core 5[hwt 0]]: [./././././B/./././././.][./././././././././././.]
[thin007:3697425] MCW rank 6 bound to socket 0[core 6[hwt 0]]: [././././././B/././././.][./././././././././././.]
[thin007:3697425] MCW rank 7 bound to socket 0[core 7[hwt 0]]: [./././././././B/./././.][./././././././././././.]
[thin007:3697425] MCW rank 8 bound to socket 0[core 8[hwt 0]]: [././././././././B/././.][./././././././././././.]
[thin007:3697425] MCW rank 9 bound to socket 0[core 9[hwt 0]]: [./././././././././B/./.][./././././././././././.]
[thin007:3697425] MCW rank 10 bound to socket 0[core 10[hwt 0]]: [././././././././././B/.][./././././././././././.]
[thin007:3697425] MCW rank 0 bound to socket 0[core 0[hwt 0]]: [B/././././././././././.][./././././././././././.]
rep 4 scalability -e1 10000 10
[thin007:3697484] MCW rank 8 bound to socket 0[core 8[hwt 0]]: [././././././././B/././.][./././././././././././.]
[thin007:3697484] MCW rank 9 bound to socket 0[core 9[hwt 0]]: [./././././././././B/./.][./././././././././././.]
[thin007:3697484] MCW rank 0 bound to socket 0[core 0[hwt 0]]: [B/././././././././././.][./././././././././././.]
[thin007:3697484] MCW rank 1 bound to socket 0[core 1[hwt 0]]: [./B/./././././././././.][./././././././././././.]
[thin007:3697484] MCW rank 2 bound to socket 0[core 2[hwt 0]]: [././B/././././././././.][./././././././././././.]
[thin007:3697484] MCW rank 3 bound to socket 0[core 3[hwt 0]]: [./././B/./././././././.][./././././././././././.]
[thin007:3697484] MCW rank 4 bound to socket 0[core 4[hwt 0]]: [././././B/././././././.][./././././././././././.]
[thin007:3697484] MCW rank 5 bound to socket 0[core 5[hwt 0]]: [./././././B/./././././.][./././././././././././.]
[thin007:3697484] MCW rank 6 bound to socket 0[core 6[hwt 0]]: [././././././B/././././.][./././././././././././.]
[thin007:3697484] MCW rank 7 bound to socket 0[core 7[hwt 0]]: [./././././././B/./././.][./././././././././././.]
rep 4 scalability -e1 10000 9
[thin007:3697541] MCW rank 7 bound to socket 0[core 7[hwt 0]]: [./././././././B/./././.][./././././././././././.]
[thin007:3697541] MCW rank 8 bound to socket 0[core 8[hwt 0]]: [././././././././B/././.][./././././././././././.]
[thin007:3697541] MCW rank 0 bound to socket 0[core 0[hwt 0]]: [B/././././././././././.][./././././././././././.]
[thin007:3697541] MCW rank 1 bound to socket 0[core 1[hwt 0]]: [./B/./././././././././.][./././././././././././.]
[thin007:3697541] MCW rank 2 bound to socket 0[core 2[hwt 0]]: [././B/././././././././.][./././././././././././.]
[thin007:3697541] MCW rank 3 bound to socket 0[core 3[hwt 0]]: [./././B/./././././././.][./././././././././././.]
[thin007:3697541] MCW rank 4 bound to socket 0[core 4[hwt 0]]: [././././B/././././././.][./././././././././././.]
[thin007:3697541] MCW rank 5 bound to socket 0[core 5[hwt 0]]: [./././././B/./././././.][./././././././././././.]
[thin007:3697541] MCW rank 6 bound to socket 0[core 6[hwt 0]]: [././././././B/././././.][./././././././././././.]
rep 4 scalability -e1 10000 8
[thin007:3697592] MCW rank 2 bound to socket 0[core 2[hwt 0]]: [././B/././././././././.][./././././././././././.]
[thin007:3697592] MCW rank 3 bound to socket 0[core 3[hwt 0]]: [./././B/./././././././.][./././././././././././.]
[thin007:3697592] MCW rank 4 bound to socket 0[core 4[hwt 0]]: [././././B/././././././.][./././././././././././.]
[thin007:3697592] MCW rank 5 bound to socket 0[core 5[hwt 0]]: [./././././B/./././././.][./././././././././././.]
[thin007:3697592] MCW rank 6 bound to socket 0[core 6[hwt 0]]: [././././././B/././././.][./././././././././././.]
[thin007:3697592] MCW rank 7 bound to socket 0[core 7[hwt 0]]: [./././././././B/./././.][./././././././././././.]
[thin007:3697592] MCW rank 0 bound to socket 0[core 0[hwt 0]]: [B/././././././././././.][./././././././././././.]
[thin007:3697592] MCW rank 1 bound to socket 0[core 1[hwt 0]]: [./B/./././././././././.][./././././././././././.]
rep 4 scalability -e1 10000 7
[thin007:3697636] MCW rank 1 bound to socket 0[core 1[hwt 0]]: [./B/./././././././././.][./././././././././././.]
[thin007:3697636] MCW rank 2 bound to socket 0[core 2[hwt 0]]: [././B/././././././././.][./././././././././././.]
[thin007:3697636] MCW rank 3 bound to socket 0[core 3[hwt 0]]: [./././B/./././././././.][./././././././././././.]
[thin007:3697636] MCW rank 4 bound to socket 0[core 4[hwt 0]]: [././././B/././././././.][./././././././././././.]
[thin007:3697636] MCW rank 5 bound to socket 0[core 5[hwt 0]]: [./././././B/./././././.][./././././././././././.]
[thin007:3697636] MCW rank 6 bound to socket 0[core 6[hwt 0]]: [././././././B/././././.][./././././././././././.]
[thin007:3697636] MCW rank 0 bound to socket 0[core 0[hwt 0]]: [B/././././././././././.][./././././././././././.]
rep 4 scalability -e1 10000 6
[thin007:3697684] MCW rank 0 bound to socket 0[core 0[hwt 0]]: [B/././././././././././.][./././././././././././.]
[thin007:3697684] MCW rank 1 bound to socket 0[core 1[hwt 0]]: [./B/./././././././././.][./././././././././././.]
[thin007:3697684] MCW rank 2 bound to socket 0[core 2[hwt 0]]: [././B/././././././././.][./././././././././././.]
[thin007:3697684] MCW rank 3 bound to socket 0[core 3[hwt 0]]: [./././B/./././././././.][./././././././././././.]
[thin007:3697684] MCW rank 4 bound to socket 0[core 4[hwt 0]]: [././././B/././././././.][./././././././././././.]
[thin007:3697684] MCW rank 5 bound to socket 0[core 5[hwt 0]]: [./././././B/./././././.][./././././././././././.]
rep 4 scalability -e1 10000 5
[thin007:3697722] MCW rank 4 bound to socket 0[core 4[hwt 0]]: [././././B/././././././.][./././././././././././.]
[thin007:3697722] MCW rank 0 bound to socket 0[core 0[hwt 0]]: [B/././././././././././.][./././././././././././.]
[thin007:3697722] MCW rank 1 bound to socket 0[core 1[hwt 0]]: [./B/./././././././././.][./././././././././././.]
[thin007:3697722] MCW rank 2 bound to socket 0[core 2[hwt 0]]: [././B/././././././././.][./././././././././././.]
[thin007:3697722] MCW rank 3 bound to socket 0[core 3[hwt 0]]: [./././B/./././././././.][./././././././././././.]
rep 4 scalability -e1 10000 4
[thin007:3697755] MCW rank 3 bound to socket 0[core 3[hwt 0]]: [./././B/./././././././.][./././././././././././.]
[thin007:3697755] MCW rank 0 bound to socket 0[core 0[hwt 0]]: [B/././././././././././.][./././././././././././.]
[thin007:3697755] MCW rank 1 bound to socket 0[core 1[hwt 0]]: [./B/./././././././././.][./././././././././././.]
[thin007:3697755] MCW rank 2 bound to socket 0[core 2[hwt 0]]: [././B/././././././././.][./././././././././././.]
rep 4 scalability -e1 10000 3
[thin007:3697787] MCW rank 0 bound to socket 0[core 0[hwt 0]]: [B/././././././././././.][./././././././././././.]
[thin007:3697787] MCW rank 1 bound to socket 0[core 1[hwt 0]]: [./B/./././././././././.][./././././././././././.]
[thin007:3697787] MCW rank 2 bound to socket 0[core 2[hwt 0]]: [././B/././././././././.][./././././././././././.]
rep 4 scalability -e1 10000 2
[thin007:3697815] MCW rank 0 bound to socket 0[core 0[hwt 0]]: [B/././././././././././.][./././././././././././.]
[thin007:3697815] MCW rank 1 bound to socket 0[core 1[hwt 0]]: [./B/./././././././././.][./././././././././././.]
rep 4 scalability -e1 10000 1
[thin007:3697839] MCW rank 0 bound to socket 0[core 0[hwt 0]]: [B/././././././././././.][./././././././././././.]
rep 5 scalability -e1 10000 12
[thin007:3697864] MCW rank 9 bound to socket 0[core 9[hwt 0]]: [./././././././././B/./.][./././././././././././.]
[thin007:3697864] MCW rank 10 bound to socket 0[core 10[hwt 0]]: [././././././././././B/.][./././././././././././.]
[thin007:3697864] MCW rank 11 bound to socket 0[core 11[hwt 0]]: [./././././././././././B][./././././././././././.]
[thin007:3697864] MCW rank 0 bound to socket 0[core 0[hwt 0]]: [B/././././././././././.][./././././././././././.]
[thin007:3697864] MCW rank 1 bound to socket 0[core 1[hwt 0]]: [./B/./././././././././.][./././././././././././.]
[thin007:3697864] MCW rank 2 bound to socket 0[core 2[hwt 0]]: [././B/././././././././.][./././././././././././.]
[thin007:3697864] MCW rank 3 bound to socket 0[core 3[hwt 0]]: [./././B/./././././././.][./././././././././././.]
[thin007:3697864] MCW rank 4 bound to socket 0[core 4[hwt 0]]: [././././B/././././././.][./././././././././././.]
[thin007:3697864] MCW rank 5 bound to socket 0[core 5[hwt 0]]: [./././././B/./././././.][./././././././././././.]
[thin007:3697864] MCW rank 6 bound to socket 0[core 6[hwt 0]]: [././././././B/././././.][./././././././././././.]
[thin007:3697864] MCW rank 7 bound to socket 0[core 7[hwt 0]]: [./././././././B/./././.][./././././././././././.]
[thin007:3697864] MCW rank 8 bound to socket 0[core 8[hwt 0]]: [././././././././B/././.][./././././././././././.]
rep 5 scalability -e1 10000 11
[thin007:3697938] MCW rank 0 bound to socket 0[core 0[hwt 0]]: [B/././././././././././.][./././././././././././.]
[thin007:3697938] MCW rank 1 bound to socket 0[core 1[hwt 0]]: [./B/./././././././././.][./././././././././././.]
[thin007:3697938] MCW rank 2 bound to socket 0[core 2[hwt 0]]: [././B/././././././././.][./././././././././././.]
[thin007:3697938] MCW rank 3 bound to socket 0[core 3[hwt 0]]: [./././B/./././././././.][./././././././././././.]
[thin007:3697938] MCW rank 4 bound to socket 0[core 4[hwt 0]]: [././././B/././././././.][./././././././././././.]
[thin007:3697938] MCW rank 5 bound to socket 0[core 5[hwt 0]]: [./././././B/./././././.][./././././././././././.]
[thin007:3697938] MCW rank 6 bound to socket 0[core 6[hwt 0]]: [././././././B/././././.][./././././././././././.]
[thin007:3697938] MCW rank 7 bound to socket 0[core 7[hwt 0]]: [./././././././B/./././.][./././././././././././.]
[thin007:3697938] MCW rank 8 bound to socket 0[core 8[hwt 0]]: [././././././././B/././.][./././././././././././.]
[thin007:3697938] MCW rank 9 bound to socket 0[core 9[hwt 0]]: [./././././././././B/./.][./././././././././././.]
[thin007:3697938] MCW rank 10 bound to socket 0[core 10[hwt 0]]: [././././././././././B/.][./././././././././././.]
rep 5 scalability -e1 10000 10
[thin007:3698001] MCW rank 2 bound to socket 0[core 2[hwt 0]]: [././B/././././././././.][./././././././././././.]
[thin007:3698001] MCW rank 3 bound to socket 0[core 3[hwt 0]]: [./././B/./././././././.][./././././././././././.]
[thin007:3698001] MCW rank 4 bound to socket 0[core 4[hwt 0]]: [././././B/././././././.][./././././././././././.]
[thin007:3698001] MCW rank 5 bound to socket 0[core 5[hwt 0]]: [./././././B/./././././.][./././././././././././.]
[thin007:3698001] MCW rank 6 bound to socket 0[core 6[hwt 0]]: [././././././B/././././.][./././././././././././.]
[thin007:3698001] MCW rank 7 bound to socket 0[core 7[hwt 0]]: [./././././././B/./././.][./././././././././././.]
[thin007:3698001] MCW rank 8 bound to socket 0[core 8[hwt 0]]: [././././././././B/././.][./././././././././././.]
[thin007:3698001] MCW rank 9 bound to socket 0[core 9[hwt 0]]: [./././././././././B/./.][./././././././././././.]
[thin007:3698001] MCW rank 0 bound to socket 0[core 0[hwt 0]]: [B/././././././././././.][./././././././././././.]
[thin007:3698001] MCW rank 1 bound to socket 0[core 1[hwt 0]]: [./B/./././././././././.][./././././././././././.]
rep 5 scalability -e1 10000 9
[thin007:3698061] MCW rank 1 bound to socket 0[core 1[hwt 0]]: [./B/./././././././././.][./././././././././././.]
[thin007:3698061] MCW rank 2 bound to socket 0[core 2[hwt 0]]: [././B/././././././././.][./././././././././././.]
[thin007:3698061] MCW rank 3 bound to socket 0[core 3[hwt 0]]: [./././B/./././././././.][./././././././././././.]
[thin007:3698061] MCW rank 4 bound to socket 0[core 4[hwt 0]]: [././././B/././././././.][./././././././././././.]
[thin007:3698061] MCW rank 5 bound to socket 0[core 5[hwt 0]]: [./././././B/./././././.][./././././././././././.]
[thin007:3698061] MCW rank 6 bound to socket 0[core 6[hwt 0]]: [././././././B/././././.][./././././././././././.]
[thin007:3698061] MCW rank 7 bound to socket 0[core 7[hwt 0]]: [./././././././B/./././.][./././././././././././.]
[thin007:3698061] MCW rank 8 bound to socket 0[core 8[hwt 0]]: [././././././././B/././.][./././././././././././.]
[thin007:3698061] MCW rank 0 bound to socket 0[core 0[hwt 0]]: [B/././././././././././.][./././././././././././.]
rep 5 scalability -e1 10000 8
[thin007:3698112] MCW rank 0 bound to socket 0[core 0[hwt 0]]: [B/././././././././././.][./././././././././././.]
[thin007:3698112] MCW rank 1 bound to socket 0[core 1[hwt 0]]: [./B/./././././././././.][./././././././././././.]
[thin007:3698112] MCW rank 2 bound to socket 0[core 2[hwt 0]]: [././B/././././././././.][./././././././././././.]
[thin007:3698112] MCW rank 3 bound to socket 0[core 3[hwt 0]]: [./././B/./././././././.][./././././././././././.]
[thin007:3698112] MCW rank 4 bound to socket 0[core 4[hwt 0]]: [././././B/././././././.][./././././././././././.]
[thin007:3698112] MCW rank 5 bound to socket 0[core 5[hwt 0]]: [./././././B/./././././.][./././././././././././.]
[thin007:3698112] MCW rank 6 bound to socket 0[core 6[hwt 0]]: [././././././B/././././.][./././././././././././.]
[thin007:3698112] MCW rank 7 bound to socket 0[core 7[hwt 0]]: [./././././././B/./././.][./././././././././././.]
rep 5 scalability -e1 10000 7
[thin007:3698159] MCW rank 0 bound to socket 0[core 0[hwt 0]]: [B/././././././././././.][./././././././././././.]
[thin007:3698159] MCW rank 1 bound to socket 0[core 1[hwt 0]]: [./B/./././././././././.][./././././././././././.]
[thin007:3698159] MCW rank 2 bound to socket 0[core 2[hwt 0]]: [././B/././././././././.][./././././././././././.]
[thin007:3698159] MCW rank 3 bound to socket 0[core 3[hwt 0]]: [./././B/./././././././.][./././././././././././.]
[thin007:3698159] MCW rank 4 bound to socket 0[core 4[hwt 0]]: [././././B/././././././.][./././././././././././.]
[thin007:3698159] MCW rank 5 bound to socket 0[core 5[hwt 0]]: [./././././B/./././././.][./././././././././././.]
[thin007:3698159] MCW rank 6 bound to socket 0[core 6[hwt 0]]: [././././././B/././././.][./././././././././././.]
rep 5 scalability -e1 10000 6
[thin007:3698199] MCW rank 0 bound to socket 0[core 0[hwt 0]]: [B/././././././././././.][./././././././././././.]
[thin007:3698199] MCW rank 1 bound to socket 0[core 1[hwt 0]]: [./B/./././././././././.][./././././././././././.]
[thin007:3698199] MCW rank 2 bound to socket 0[core 2[hwt 0]]: [././B/././././././././.][./././././././././././.]
[thin007:3698199] MCW rank 3 bound to socket 0[core 3[hwt 0]]: [./././B/./././././././.][./././././././././././.]
[thin007:3698199] MCW rank 4 bound to socket 0[core 4[hwt 0]]: [././././B/././././././.][./././././././././././.]
[thin007:3698199] MCW rank 5 bound to socket 0[core 5[hwt 0]]: [./././././B/./././././.][./././././././././././.]
rep 5 scalability -e1 10000 5
[thin007:3698235] MCW rank 4 bound to socket 0[core 4[hwt 0]]: [././././B/././././././.][./././././././././././.]
[thin007:3698235] MCW rank 0 bound to socket 0[core 0[hwt 0]]: [B/././././././././././.][./././././././././././.]
[thin007:3698235] MCW rank 1 bound to socket 0[core 1[hwt 0]]: [./B/./././././././././.][./././././././././././.]
[thin007:3698235] MCW rank 2 bound to socket 0[core 2[hwt 0]]: [././B/././././././././.][./././././././././././.]
[thin007:3698235] MCW rank 3 bound to socket 0[core 3[hwt 0]]: [./././B/./././././././.][./././././././././././.]
rep 5 scalability -e1 10000 4
[thin007:3698265] MCW rank 0 bound to socket 0[core 0[hwt 0]]: [B/././././././././././.][./././././././././././.]
[thin007:3698265] MCW rank 1 bound to socket 0[core 1[hwt 0]]: [./B/./././././././././.][./././././././././././.]
[thin007:3698265] MCW rank 2 bound to socket 0[core 2[hwt 0]]: [././B/././././././././.][./././././././././././.]
[thin007:3698265] MCW rank 3 bound to socket 0[core 3[hwt 0]]: [./././B/./././././././.][./././././././././././.]
rep 5 scalability -e1 10000 3
[thin007:3698297] MCW rank 0 bound to socket 0[core 0[hwt 0]]: [B/././././././././././.][./././././././././././.]
[thin007:3698297] MCW rank 1 bound to socket 0[core 1[hwt 0]]: [./B/./././././././././.][./././././././././././.]
[thin007:3698297] MCW rank 2 bound to socket 0[core 2[hwt 0]]: [././B/././././././././.][./././././././././././.]
rep 5 scalability -e1 10000 2
[thin007:3698329] MCW rank 1 bound to socket 0[core 1[hwt 0]]: [./B/./././././././././.][./././././././././././.]
[thin007:3698329] MCW rank 0 bound to socket 0[core 0[hwt 0]]: [B/././././././././././.][./././././././././././.]
rep 5 scalability -e1 10000 1
[thin007:3698355] MCW rank 0 bound to socket 0[core 0[hwt 0]]: [B/././././././././././.][./././././././././././.]
rep 6 scalability -e1 10000 12
[thin007:3698386] MCW rank 6 bound to socket 0[core 6[hwt 0]]: [././././././B/././././.][./././././././././././.]
[thin007:3698386] MCW rank 7 bound to socket 0[core 7[hwt 0]]: [./././././././B/./././.][./././././././././././.]
[thin007:3698386] MCW rank 8 bound to socket 0[core 8[hwt 0]]: [././././././././B/././.][./././././././././././.]
[thin007:3698386] MCW rank 9 bound to socket 0[core 9[hwt 0]]: [./././././././././B/./.][./././././././././././.]
[thin007:3698386] MCW rank 10 bound to socket 0[core 10[hwt 0]]: [././././././././././B/.][./././././././././././.]
[thin007:3698386] MCW rank 11 bound to socket 0[core 11[hwt 0]]: [./././././././././././B][./././././././././././.]
[thin007:3698386] MCW rank 0 bound to socket 0[core 0[hwt 0]]: [B/././././././././././.][./././././././././././.]
[thin007:3698386] MCW rank 1 bound to socket 0[core 1[hwt 0]]: [./B/./././././././././.][./././././././././././.]
[thin007:3698386] MCW rank 2 bound to socket 0[core 2[hwt 0]]: [././B/././././././././.][./././././././././././.]
[thin007:3698386] MCW rank 3 bound to socket 0[core 3[hwt 0]]: [./././B/./././././././.][./././././././././././.]
[thin007:3698386] MCW rank 4 bound to socket 0[core 4[hwt 0]]: [././././B/././././././.][./././././././././././.]
[thin007:3698386] MCW rank 5 bound to socket 0[core 5[hwt 0]]: [./././././B/./././././.][./././././././././././.]
rep 6 scalability -e1 10000 11
[thin007:3698461] MCW rank 8 bound to socket 0[core 8[hwt 0]]: [././././././././B/././.][./././././././././././.]
[thin007:3698461] MCW rank 9 bound to socket 0[core 9[hwt 0]]: [./././././././././B/./.][./././././././././././.]
[thin007:3698461] MCW rank 10 bound to socket 0[core 10[hwt 0]]: [././././././././././B/.][./././././././././././.]
[thin007:3698461] MCW rank 0 bound to socket 0[core 0[hwt 0]]: [B/././././././././././.][./././././././././././.]
[thin007:3698461] MCW rank 1 bound to socket 0[core 1[hwt 0]]: [./B/./././././././././.][./././././././././././.]
[thin007:3698461] MCW rank 2 bound to socket 0[core 2[hwt 0]]: [././B/././././././././.][./././././././././././.]
[thin007:3698461] MCW rank 3 bound to socket 0[core 3[hwt 0]]: [./././B/./././././././.][./././././././././././.]
[thin007:3698461] MCW rank 4 bound to socket 0[core 4[hwt 0]]: [././././B/././././././.][./././././././././././.]
[thin007:3698461] MCW rank 5 bound to socket 0[core 5[hwt 0]]: [./././././B/./././././.][./././././././././././.]
[thin007:3698461] MCW rank 6 bound to socket 0[core 6[hwt 0]]: [././././././B/././././.][./././././././././././.]
[thin007:3698461] MCW rank 7 bound to socket 0[core 7[hwt 0]]: [./././././././B/./././.][./././././././././././.]
rep 6 scalability -e1 10000 10
[thin007:3698521] MCW rank 0 bound to socket 0[core 0[hwt 0]]: [B/././././././././././.][./././././././././././.]
[thin007:3698521] MCW rank 1 bound to socket 0[core 1[hwt 0]]: [./B/./././././././././.][./././././././././././.]
[thin007:3698521] MCW rank 2 bound to socket 0[core 2[hwt 0]]: [././B/././././././././.][./././././././././././.]
[thin007:3698521] MCW rank 3 bound to socket 0[core 3[hwt 0]]: [./././B/./././././././.][./././././././././././.]
[thin007:3698521] MCW rank 4 bound to socket 0[core 4[hwt 0]]: [././././B/././././././.][./././././././././././.]
[thin007:3698521] MCW rank 5 bound to socket 0[core 5[hwt 0]]: [./././././B/./././././.][./././././././././././.]
[thin007:3698521] MCW rank 6 bound to socket 0[core 6[hwt 0]]: [././././././B/././././.][./././././././././././.]
[thin007:3698521] MCW rank 7 bound to socket 0[core 7[hwt 0]]: [./././././././B/./././.][./././././././././././.]
[thin007:3698521] MCW rank 8 bound to socket 0[core 8[hwt 0]]: [././././././././B/././.][./././././././././././.]
[thin007:3698521] MCW rank 9 bound to socket 0[core 9[hwt 0]]: [./././././././././B/./.][./././././././././././.]
rep 6 scalability -e1 10000 9
[thin007:3698576] MCW rank 6 bound to socket 0[core 6[hwt 0]]: [././././././B/././././.][./././././././././././.]
[thin007:3698576] MCW rank 7 bound to socket 0[core 7[hwt 0]]: [./././././././B/./././.][./././././././././././.]
[thin007:3698576] MCW rank 8 bound to socket 0[core 8[hwt 0]]: [././././././././B/././.][./././././././././././.]
[thin007:3698576] MCW rank 0 bound to socket 0[core 0[hwt 0]]: [B/././././././././././.][./././././././././././.]
[thin007:3698576] MCW rank 1 bound to socket 0[core 1[hwt 0]]: [./B/./././././././././.][./././././././././././.]
[thin007:3698576] MCW rank 2 bound to socket 0[core 2[hwt 0]]: [././B/././././././././.][./././././././././././.]
[thin007:3698576] MCW rank 3 bound to socket 0[core 3[hwt 0]]: [./././B/./././././././.][./././././././././././.]
[thin007:3698576] MCW rank 4 bound to socket 0[core 4[hwt 0]]: [././././B/././././././.][./././././././././././.]
[thin007:3698576] MCW rank 5 bound to socket 0[core 5[hwt 0]]: [./././././B/./././././.][./././././././././././.]
rep 6 scalability -e1 10000 8
[thin007:3698629] MCW rank 0 bound to socket 0[core 0[hwt 0]]: [B/././././././././././.][./././././././././././.]
[thin007:3698629] MCW rank 1 bound to socket 0[core 1[hwt 0]]: [./B/./././././././././.][./././././././././././.]
[thin007:3698629] MCW rank 2 bound to socket 0[core 2[hwt 0]]: [././B/././././././././.][./././././././././././.]
[thin007:3698629] MCW rank 3 bound to socket 0[core 3[hwt 0]]: [./././B/./././././././.][./././././././././././.]
[thin007:3698629] MCW rank 4 bound to socket 0[core 4[hwt 0]]: [././././B/././././././.][./././././././././././.]
[thin007:3698629] MCW rank 5 bound to socket 0[core 5[hwt 0]]: [./././././B/./././././.][./././././././././././.]
[thin007:3698629] MCW rank 6 bound to socket 0[core 6[hwt 0]]: [././././././B/././././.][./././././././././././.]
[thin007:3698629] MCW rank 7 bound to socket 0[core 7[hwt 0]]: [./././././././B/./././.][./././././././././././.]
rep 6 scalability -e1 10000 7
[thin007:3698674] MCW rank 1 bound to socket 0[core 1[hwt 0]]: [./B/./././././././././.][./././././././././././.]
[thin007:3698674] MCW rank 2 bound to socket 0[core 2[hwt 0]]: [././B/././././././././.][./././././././././././.]
[thin007:3698674] MCW rank 3 bound to socket 0[core 3[hwt 0]]: [./././B/./././././././.][./././././././././././.]
[thin007:3698674] MCW rank 4 bound to socket 0[core 4[hwt 0]]: [././././B/././././././.][./././././././././././.]
[thin007:3698674] MCW rank 5 bound to socket 0[core 5[hwt 0]]: [./././././B/./././././.][./././././././././././.]
[thin007:3698674] MCW rank 6 bound to socket 0[core 6[hwt 0]]: [././././././B/././././.][./././././././././././.]
[thin007:3698674] MCW rank 0 bound to socket 0[core 0[hwt 0]]: [B/././././././././././.][./././././././././././.]
rep 6 scalability -e1 10000 6
[thin007:3698715] MCW rank 3 bound to socket 0[core 3[hwt 0]]: [./././B/./././././././.][./././././././././././.]
[thin007:3698715] MCW rank 4 bound to socket 0[core 4[hwt 0]]: [././././B/././././././.][./././././././././././.]
[thin007:3698715] MCW rank 5 bound to socket 0[core 5[hwt 0]]: [./././././B/./././././.][./././././././././././.]
[thin007:3698715] MCW rank 0 bound to socket 0[core 0[hwt 0]]: [B/././././././././././.][./././././././././././.]
[thin007:3698715] MCW rank 1 bound to socket 0[core 1[hwt 0]]: [./B/./././././././././.][./././././././././././.]
[thin007:3698715] MCW rank 2 bound to socket 0[core 2[hwt 0]]: [././B/././././././././.][./././././././././././.]
rep 6 scalability -e1 10000 5
[thin007:3698753] MCW rank 0 bound to socket 0[core 0[hwt 0]]: [B/././././././././././.][./././././././././././.]
[thin007:3698753] MCW rank 1 bound to socket 0[core 1[hwt 0]]: [./B/./././././././././.][./././././././././././.]
[thin007:3698753] MCW rank 2 bound to socket 0[core 2[hwt 0]]: [././B/././././././././.][./././././././././././.]
[thin007:3698753] MCW rank 3 bound to socket 0[core 3[hwt 0]]: [./././B/./././././././.][./././././././././././.]
[thin007:3698753] MCW rank 4 bound to socket 0[core 4[hwt 0]]: [././././B/././././././.][./././././././././././.]
rep 6 scalability -e1 10000 4
[thin007:3698785] MCW rank 1 bound to socket 0[core 1[hwt 0]]: [./B/./././././././././.][./././././././././././.]
[thin007:3698785] MCW rank 2 bound to socket 0[core 2[hwt 0]]: [././B/././././././././.][./././././././././././.]
[thin007:3698785] MCW rank 3 bound to socket 0[core 3[hwt 0]]: [./././B/./././././././.][./././././././././././.]
[thin007:3698785] MCW rank 0 bound to socket 0[core 0[hwt 0]]: [B/././././././././././.][./././././././././././.]
rep 6 scalability -e1 10000 3
[thin007:3698818] MCW rank 2 bound to socket 0[core 2[hwt 0]]: [././B/././././././././.][./././././././././././.]
[thin007:3698818] MCW rank 0 bound to socket 0[core 0[hwt 0]]: [B/././././././././././.][./././././././././././.]
[thin007:3698818] MCW rank 1 bound to socket 0[core 1[hwt 0]]: [./B/./././././././././.][./././././././././././.]
rep 6 scalability -e1 10000 2
[thin007:3698845] MCW rank 0 bound to socket 0[core 0[hwt 0]]: [B/././././././././././.][./././././././././././.]
[thin007:3698845] MCW rank 1 bound to socket 0[core 1[hwt 0]]: [./B/./././././././././.][./././././././././././.]
rep 6 scalability -e1 10000 1
[thin007:3698871] MCW rank 0 bound to socket 0[core 0[hwt 0]]: [B/././././././././././.][./././././././././././.]
rep 7 scalability -e1 10000 12
[thin007:3698908] MCW rank 2 bound to socket 0[core 2[hwt 0]]: [././B/././././././././.][./././././././././././.]
[thin007:3698908] MCW rank 3 bound to socket 0[core 3[hwt 0]]: [./././B/./././././././.][./././././././././././.]
[thin007:3698908] MCW rank 4 bound to socket 0[core 4[hwt 0]]: [././././B/././././././.][./././././././././././.]
[thin007:3698908] MCW rank 5 bound to socket 0[core 5[hwt 0]]: [./././././B/./././././.][./././././././././././.]
[thin007:3698908] MCW rank 6 bound to socket 0[core 6[hwt 0]]: [././././././B/././././.][./././././././././././.]
[thin007:3698908] MCW rank 7 bound to socket 0[core 7[hwt 0]]: [./././././././B/./././.][./././././././././././.]
[thin007:3698908] MCW rank 8 bound to socket 0[core 8[hwt 0]]: [././././././././B/././.][./././././././././././.]
[thin007:3698908] MCW rank 9 bound to socket 0[core 9[hwt 0]]: [./././././././././B/./.][./././././././././././.]
[thin007:3698908] MCW rank 10 bound to socket 0[core 10[hwt 0]]: [././././././././././B/.][./././././././././././.]
[thin007:3698908] MCW rank 11 bound to socket 0[core 11[hwt 0]]: [./././././././././././B][./././././././././././.]
[thin007:3698908] MCW rank 0 bound to socket 0[core 0[hwt 0]]: [B/././././././././././.][./././././././././././.]
[thin007:3698908] MCW rank 1 bound to socket 0[core 1[hwt 0]]: [./B/./././././././././.][./././././././././././.]
rep 7 scalability -e1 10000 11
[thin007:3698976] MCW rank 9 bound to socket 0[core 9[hwt 0]]: [./././././././././B/./.][./././././././././././.]
[thin007:3698976] MCW rank 10 bound to socket 0[core 10[hwt 0]]: [././././././././././B/.][./././././././././././.]
[thin007:3698976] MCW rank 0 bound to socket 0[core 0[hwt 0]]: [B/././././././././././.][./././././././././././.]
[thin007:3698976] MCW rank 1 bound to socket 0[core 1[hwt 0]]: [./B/./././././././././.][./././././././././././.]
[thin007:3698976] MCW rank 2 bound to socket 0[core 2[hwt 0]]: [././B/././././././././.][./././././././././././.]
[thin007:3698976] MCW rank 3 bound to socket 0[core 3[hwt 0]]: [./././B/./././././././.][./././././././././././.]
[thin007:3698976] MCW rank 4 bound to socket 0[core 4[hwt 0]]: [././././B/././././././.][./././././././././././.]
[thin007:3698976] MCW rank 5 bound to socket 0[core 5[hwt 0]]: [./././././B/./././././.][./././././././././././.]
[thin007:3698976] MCW rank 6 bound to socket 0[core 6[hwt 0]]: [././././././B/././././.][./././././././././././.]
[thin007:3698976] MCW rank 7 bound to socket 0[core 7[hwt 0]]: [./././././././B/./././.][./././././././././././.]
[thin007:3698976] MCW rank 8 bound to socket 0[core 8[hwt 0]]: [././././././././B/././.][./././././././././././.]
rep 7 scalability -e1 10000 10
[thin007:3699039] MCW rank 7 bound to socket 0[core 7[hwt 0]]: [./././././././B/./././.][./././././././././././.]
[thin007:3699039] MCW rank 8 bound to socket 0[core 8[hwt 0]]: [././././././././B/././.][./././././././././././.]
[thin007:3699039] MCW rank 9 bound to socket 0[core 9[hwt 0]]: [./././././././././B/./.][./././././././././././.]
[thin007:3699039] MCW rank 0 bound to socket 0[core 0[hwt 0]]: [B/././././././././././.][./././././././././././.]
[thin007:3699039] MCW rank 1 bound to socket 0[core 1[hwt 0]]: [./B/./././././././././.][./././././././././././.]
[thin007:3699039] MCW rank 2 bound to socket 0[core 2[hwt 0]]: [././B/././././././././.][./././././././././././.]
[thin007:3699039] MCW rank 3 bound to socket 0[core 3[hwt 0]]: [./././B/./././././././.][./././././././././././.]
[thin007:3699039] MCW rank 4 bound to socket 0[core 4[hwt 0]]: [././././B/././././././.][./././././././././././.]
[thin007:3699039] MCW rank 5 bound to socket 0[core 5[hwt 0]]: [./././././B/./././././.][./././././././././././.]
[thin007:3699039] MCW rank 6 bound to socket 0[core 6[hwt 0]]: [././././././B/././././.][./././././././././././.]
rep 7 scalability -e1 10000 9
[thin007:3699097] MCW rank 4 bound to socket 0[core 4[hwt 0]]: [././././B/././././././.][./././././././././././.]
[thin007:3699097] MCW rank 5 bound to socket 0[core 5[hwt 0]]: [./././././B/./././././.][./././././././././././.]
[thin007:3699097] MCW rank 6 bound to socket 0[core 6[hwt 0]]: [././././././B/././././.][./././././././././././.]
[thin007:3699097] MCW rank 7 bound to socket 0[core 7[hwt 0]]: [./././././././B/./././.][./././././././././././.]
[thin007:3699097] MCW rank 8 bound to socket 0[core 8[hwt 0]]: [././././././././B/././.][./././././././././././.]
[thin007:3699097] MCW rank 0 bound to socket 0[core 0[hwt 0]]: [B/././././././././././.][./././././././././././.]
[thin007:3699097] MCW rank 1 bound to socket 0[core 1[hwt 0]]: [./B/./././././././././.][./././././././././././.]
[thin007:3699097] MCW rank 2 bound to socket 0[core 2[hwt 0]]: [././B/././././././././.][./././././././././././.]
[thin007:3699097] MCW rank 3 bound to socket 0[core 3[hwt 0]]: [./././B/./././././././.][./././././././././././.]
rep 7 scalability -e1 10000 8
[thin007:3699148] MCW rank 3 bound to socket 0[core 3[hwt 0]]: [./././B/./././././././.][./././././././././././.]
[thin007:3699148] MCW rank 4 bound to socket 0[core 4[hwt 0]]: [././././B/././././././.][./././././././././././.]
[thin007:3699148] MCW rank 5 bound to socket 0[core 5[hwt 0]]: [./././././B/./././././.][./././././././././././.]
[thin007:3699148] MCW rank 6 bound to socket 0[core 6[hwt 0]]: [././././././B/././././.][./././././././././././.]
[thin007:3699148] MCW rank 7 bound to socket 0[core 7[hwt 0]]: [./././././././B/./././.][./././././././././././.]
[thin007:3699148] MCW rank 0 bound to socket 0[core 0[hwt 0]]: [B/././././././././././.][./././././././././././.]
[thin007:3699148] MCW rank 1 bound to socket 0[core 1[hwt 0]]: [./B/./././././././././.][./././././././././././.]
[thin007:3699148] MCW rank 2 bound to socket 0[core 2[hwt 0]]: [././B/././././././././.][./././././././././././.]
rep 7 scalability -e1 10000 7
[thin007:3699197] MCW rank 5 bound to socket 0[core 5[hwt 0]]: [./././././B/./././././.][./././././././././././.]
[thin007:3699197] MCW rank 6 bound to socket 0[core 6[hwt 0]]: [././././././B/././././.][./././././././././././.]
[thin007:3699197] MCW rank 0 bound to socket 0[core 0[hwt 0]]: [B/././././././././././.][./././././././././././.]
[thin007:3699197] MCW rank 1 bound to socket 0[core 1[hwt 0]]: [./B/./././././././././.][./././././././././././.]
[thin007:3699197] MCW rank 2 bound to socket 0[core 2[hwt 0]]: [././B/././././././././.][./././././././././././.]
[thin007:3699197] MCW rank 3 bound to socket 0[core 3[hwt 0]]: [./././B/./././././././.][./././././././././././.]
[thin007:3699197] MCW rank 4 bound to socket 0[core 4[hwt 0]]: [././././B/././././././.][./././././././././././.]
rep 7 scalability -e1 10000 6
[thin007:3699240] MCW rank 4 bound to socket 0[core 4[hwt 0]]: [././././B/././././././.][./././././././././././.]
[thin007:3699240] MCW rank 5 bound to socket 0[core 5[hwt 0]]: [./././././B/./././././.][./././././././././././.]
[thin007:3699240] MCW rank 0 bound to socket 0[core 0[hwt 0]]: [B/././././././././././.][./././././././././././.]
[thin007:3699240] MCW rank 1 bound to socket 0[core 1[hwt 0]]: [./B/./././././././././.][./././././././././././.]
[thin007:3699240] MCW rank 2 bound to socket 0[core 2[hwt 0]]: [././B/././././././././.][./././././././././././.]
[thin007:3699240] MCW rank 3 bound to socket 0[core 3[hwt 0]]: [./././B/./././././././.][./././././././././././.]
rep 7 scalability -e1 10000 5
[thin007:3699275] MCW rank 2 bound to socket 0[core 2[hwt 0]]: [././B/././././././././.][./././././././././././.]
[thin007:3699275] MCW rank 3 bound to socket 0[core 3[hwt 0]]: [./././B/./././././././.][./././././././././././.]
[thin007:3699275] MCW rank 4 bound to socket 0[core 4[hwt 0]]: [././././B/././././././.][./././././././././././.]
[thin007:3699275] MCW rank 0 bound to socket 0[core 0[hwt 0]]: [B/././././././././././.][./././././././././././.]
[thin007:3699275] MCW rank 1 bound to socket 0[core 1[hwt 0]]: [./B/./././././././././.][./././././././././././.]
rep 7 scalability -e1 10000 4
[thin007:3699305] MCW rank 0 bound to socket 0[core 0[hwt 0]]: [B/././././././././././.][./././././././././././.]
[thin007:3699305] MCW rank 1 bound to socket 0[core 1[hwt 0]]: [./B/./././././././././.][./././././././././././.]
[thin007:3699305] MCW rank 2 bound to socket 0[core 2[hwt 0]]: [././B/././././././././.][./././././././././././.]
[thin007:3699305] MCW rank 3 bound to socket 0[core 3[hwt 0]]: [./././B/./././././././.][./././././././././././.]
rep 7 scalability -e1 10000 3
[thin007:3699338] MCW rank 0 bound to socket 0[core 0[hwt 0]]: [B/././././././././././.][./././././././././././.]
[thin007:3699338] MCW rank 1 bound to socket 0[core 1[hwt 0]]: [./B/./././././././././.][./././././././././././.]
[thin007:3699338] MCW rank 2 bound to socket 0[core 2[hwt 0]]: [././B/././././././././.][./././././././././././.]
rep 7 scalability -e1 10000 2
[thin007:3699370] MCW rank 0 bound to socket 0[core 0[hwt 0]]: [B/././././././././././.][./././././././././././.]
[thin007:3699370] MCW rank 1 bound to socket 0[core 1[hwt 0]]: [./B/./././././././././.][./././././././././././.]
rep 7 scalability -e1 10000 1
[thin007:3699394] MCW rank 0 bound to socket 0[core 0[hwt 0]]: [B/././././././././././.][./././././././././././.]
slurmstepd: error: *** JOB 13586 ON thin007 CANCELLED AT 2023-06-23T08:18:26 DUE TO TIME LIMIT ***
