Loading mkl version 2022.2.1
Loading tbb version 2021.7.1
Loading compiler-rt version 2022.2.1
size scalability begin
dgemm_oblas_epyc_epyc004_2023-07-02_16-09-35.csv,dgemm_oblas_epyc_epyc004_2023-07-02_16-09-35.csv,epyc004,rep 1 size 30000 srun -n1 --cpus-per-task=64 ./dgemm_oblas.x 30000 30000 30000>>dgemm_oblas_epyc_epyc004_2023-07-02_16-09-35.csv
dgemm_oblas_epyc_epyc004_2023-07-02_16-09-35.csv,dgemm_oblas_epyc_epyc004_2023-07-02_16-09-35.csv,epyc004,rep 1 size 29500 srun -n1 --cpus-per-task=64 ./dgemm_oblas.x 29500 29500 29500>>dgemm_oblas_epyc_epyc004_2023-07-02_16-09-35.csv
dgemm_oblas_epyc_epyc004_2023-07-02_16-09-35.csv,dgemm_oblas_epyc_epyc004_2023-07-02_16-09-35.csv,epyc004,rep 1 size 29000 srun -n1 --cpus-per-task=64 ./dgemm_oblas.x 29000 29000 29000>>dgemm_oblas_epyc_epyc004_2023-07-02_16-09-35.csv
dgemm_oblas_epyc_epyc004_2023-07-02_16-09-35.csv,dgemm_oblas_epyc_epyc004_2023-07-02_16-09-35.csv,epyc004,rep 1 size 28500 srun -n1 --cpus-per-task=64 ./dgemm_oblas.x 28500 28500 28500>>dgemm_oblas_epyc_epyc004_2023-07-02_16-09-35.csv
dgemm_oblas_epyc_epyc004_2023-07-02_16-09-35.csv,dgemm_oblas_epyc_epyc004_2023-07-02_16-09-35.csv,epyc004,rep 1 size 28000 srun -n1 --cpus-per-task=64 ./dgemm_oblas.x 28000 28000 28000>>dgemm_oblas_epyc_epyc004_2023-07-02_16-09-35.csv
dgemm_oblas_epyc_epyc004_2023-07-02_16-09-35.csv,dgemm_oblas_epyc_epyc004_2023-07-02_16-09-35.csv,epyc004,rep 1 size 27500 srun -n1 --cpus-per-task=64 ./dgemm_oblas.x 27500 27500 27500>>dgemm_oblas_epyc_epyc004_2023-07-02_16-09-35.csv
dgemm_oblas_epyc_epyc004_2023-07-02_16-09-35.csv,dgemm_oblas_epyc_epyc004_2023-07-02_16-09-35.csv,epyc004,rep 1 size 27000 srun -n1 --cpus-per-task=64 ./dgemm_oblas.x 27000 27000 27000>>dgemm_oblas_epyc_epyc004_2023-07-02_16-09-35.csv
dgemm_oblas_epyc_epyc004_2023-07-02_16-09-35.csv,dgemm_oblas_epyc_epyc004_2023-07-02_16-09-35.csv,epyc004,rep 1 size 26500 srun -n1 --cpus-per-task=64 ./dgemm_oblas.x 26500 26500 26500>>dgemm_oblas_epyc_epyc004_2023-07-02_16-09-35.csv
dgemm_oblas_epyc_epyc004_2023-07-02_16-09-35.csv,dgemm_oblas_epyc_epyc004_2023-07-02_16-09-35.csv,epyc004,rep 1 size 26000 srun -n1 --cpus-per-task=64 ./dgemm_oblas.x 26000 26000 26000>>dgemm_oblas_epyc_epyc004_2023-07-02_16-09-35.csv
dgemm_oblas_epyc_epyc004_2023-07-02_16-09-35.csv,dgemm_oblas_epyc_epyc004_2023-07-02_16-09-35.csv,epyc004,rep 1 size 25500 srun -n1 --cpus-per-task=64 ./dgemm_oblas.x 25500 25500 25500>>dgemm_oblas_epyc_epyc004_2023-07-02_16-09-35.csv
dgemm_oblas_epyc_epyc004_2023-07-02_16-09-35.csv,dgemm_oblas_epyc_epyc004_2023-07-02_16-09-35.csv,epyc004,rep 1 size 25000 srun -n1 --cpus-per-task=64 ./dgemm_oblas.x 25000 25000 25000>>dgemm_oblas_epyc_epyc004_2023-07-02_16-09-35.csv
dgemm_oblas_epyc_epyc004_2023-07-02_16-09-35.csv,dgemm_oblas_epyc_epyc004_2023-07-02_16-09-35.csv,epyc004,rep 1 size 24500 srun -n1 --cpus-per-task=64 ./dgemm_oblas.x 24500 24500 24500>>dgemm_oblas_epyc_epyc004_2023-07-02_16-09-35.csv
dgemm_oblas_epyc_epyc004_2023-07-02_16-09-35.csv,dgemm_oblas_epyc_epyc004_2023-07-02_16-09-35.csv,epyc004,rep 1 size 24000 srun -n1 --cpus-per-task=64 ./dgemm_oblas.x 24000 24000 24000>>dgemm_oblas_epyc_epyc004_2023-07-02_16-09-35.csv
dgemm_oblas_epyc_epyc004_2023-07-02_16-09-35.csv,dgemm_oblas_epyc_epyc004_2023-07-02_16-09-35.csv,epyc004,rep 1 size 23500 srun -n1 --cpus-per-task=64 ./dgemm_oblas.x 23500 23500 23500>>dgemm_oblas_epyc_epyc004_2023-07-02_16-09-35.csv
dgemm_oblas_epyc_epyc004_2023-07-02_16-09-35.csv,dgemm_oblas_epyc_epyc004_2023-07-02_16-09-35.csv,epyc004,rep 1 size 23000 srun -n1 --cpus-per-task=64 ./dgemm_oblas.x 23000 23000 23000>>dgemm_oblas_epyc_epyc004_2023-07-02_16-09-35.csv
dgemm_oblas_epyc_epyc004_2023-07-02_16-09-35.csv,dgemm_oblas_epyc_epyc004_2023-07-02_16-09-35.csv,epyc004,rep 1 size 22500 srun -n1 --cpus-per-task=64 ./dgemm_oblas.x 22500 22500 22500>>dgemm_oblas_epyc_epyc004_2023-07-02_16-09-35.csv
dgemm_oblas_epyc_epyc004_2023-07-02_16-09-35.csv,dgemm_oblas_epyc_epyc004_2023-07-02_16-09-35.csv,epyc004,rep 1 size 22000 srun -n1 --cpus-per-task=64 ./dgemm_oblas.x 22000 22000 22000>>dgemm_oblas_epyc_epyc004_2023-07-02_16-09-35.csv
dgemm_oblas_epyc_epyc004_2023-07-02_16-09-35.csv,dgemm_oblas_epyc_epyc004_2023-07-02_16-09-35.csv,epyc004,rep 1 size 21500 srun -n1 --cpus-per-task=64 ./dgemm_oblas.x 21500 21500 21500>>dgemm_oblas_epyc_epyc004_2023-07-02_16-09-35.csv
dgemm_oblas_epyc_epyc004_2023-07-02_16-09-35.csv,dgemm_oblas_epyc_epyc004_2023-07-02_16-09-35.csv,epyc004,rep 1 size 21000 srun -n1 --cpus-per-task=64 ./dgemm_oblas.x 21000 21000 21000>>dgemm_oblas_epyc_epyc004_2023-07-02_16-09-35.csv
dgemm_oblas_epyc_epyc004_2023-07-02_16-09-35.csv,dgemm_oblas_epyc_epyc004_2023-07-02_16-09-35.csv,epyc004,rep 1 size 20500 srun -n1 --cpus-per-task=64 ./dgemm_oblas.x 20500 20500 20500>>dgemm_oblas_epyc_epyc004_2023-07-02_16-09-35.csv
dgemm_oblas_epyc_epyc004_2023-07-02_16-09-35.csv,dgemm_oblas_epyc_epyc004_2023-07-02_16-09-35.csv,epyc004,rep 1 size 20000 srun -n1 --cpus-per-task=64 ./dgemm_oblas.x 20000 20000 20000>>dgemm_oblas_epyc_epyc004_2023-07-02_16-09-35.csv
dgemm_oblas_epyc_epyc004_2023-07-02_16-09-35.csv,dgemm_oblas_epyc_epyc004_2023-07-02_16-09-35.csv,epyc004,rep 2 size 30000 srun -n1 --cpus-per-task=64 ./dgemm_oblas.x 30000 30000 30000>>dgemm_oblas_epyc_epyc004_2023-07-02_16-09-35.csv
dgemm_oblas_epyc_epyc004_2023-07-02_16-09-35.csv,dgemm_oblas_epyc_epyc004_2023-07-02_16-09-35.csv,epyc004,rep 2 size 29500 srun -n1 --cpus-per-task=64 ./dgemm_oblas.x 29500 29500 29500>>dgemm_oblas_epyc_epyc004_2023-07-02_16-09-35.csv
dgemm_oblas_epyc_epyc004_2023-07-02_16-09-35.csv,dgemm_oblas_epyc_epyc004_2023-07-02_16-09-35.csv,epyc004,rep 2 size 29000 srun -n1 --cpus-per-task=64 ./dgemm_oblas.x 29000 29000 29000>>dgemm_oblas_epyc_epyc004_2023-07-02_16-09-35.csv
dgemm_oblas_epyc_epyc004_2023-07-02_16-09-35.csv,dgemm_oblas_epyc_epyc004_2023-07-02_16-09-35.csv,epyc004,rep 2 size 28500 srun -n1 --cpus-per-task=64 ./dgemm_oblas.x 28500 28500 28500>>dgemm_oblas_epyc_epyc004_2023-07-02_16-09-35.csv
dgemm_oblas_epyc_epyc004_2023-07-02_16-09-35.csv,dgemm_oblas_epyc_epyc004_2023-07-02_16-09-35.csv,epyc004,rep 2 size 28000 srun -n1 --cpus-per-task=64 ./dgemm_oblas.x 28000 28000 28000>>dgemm_oblas_epyc_epyc004_2023-07-02_16-09-35.csv
dgemm_oblas_epyc_epyc004_2023-07-02_16-09-35.csv,dgemm_oblas_epyc_epyc004_2023-07-02_16-09-35.csv,epyc004,rep 2 size 27500 srun -n1 --cpus-per-task=64 ./dgemm_oblas.x 27500 27500 27500>>dgemm_oblas_epyc_epyc004_2023-07-02_16-09-35.csv
dgemm_oblas_epyc_epyc004_2023-07-02_16-09-35.csv,dgemm_oblas_epyc_epyc004_2023-07-02_16-09-35.csv,epyc004,rep 2 size 27000 srun -n1 --cpus-per-task=64 ./dgemm_oblas.x 27000 27000 27000>>dgemm_oblas_epyc_epyc004_2023-07-02_16-09-35.csv
dgemm_oblas_epyc_epyc004_2023-07-02_16-09-35.csv,dgemm_oblas_epyc_epyc004_2023-07-02_16-09-35.csv,epyc004,rep 2 size 26500 srun -n1 --cpus-per-task=64 ./dgemm_oblas.x 26500 26500 26500>>dgemm_oblas_epyc_epyc004_2023-07-02_16-09-35.csv
dgemm_oblas_epyc_epyc004_2023-07-02_16-09-35.csv,dgemm_oblas_epyc_epyc004_2023-07-02_16-09-35.csv,epyc004,rep 2 size 26000 srun -n1 --cpus-per-task=64 ./dgemm_oblas.x 26000 26000 26000>>dgemm_oblas_epyc_epyc004_2023-07-02_16-09-35.csv
dgemm_oblas_epyc_epyc004_2023-07-02_16-09-35.csv,dgemm_oblas_epyc_epyc004_2023-07-02_16-09-35.csv,epyc004,rep 2 size 25500 srun -n1 --cpus-per-task=64 ./dgemm_oblas.x 25500 25500 25500>>dgemm_oblas_epyc_epyc004_2023-07-02_16-09-35.csv
dgemm_oblas_epyc_epyc004_2023-07-02_16-09-35.csv,dgemm_oblas_epyc_epyc004_2023-07-02_16-09-35.csv,epyc004,rep 2 size 25000 srun -n1 --cpus-per-task=64 ./dgemm_oblas.x 25000 25000 25000>>dgemm_oblas_epyc_epyc004_2023-07-02_16-09-35.csv
dgemm_oblas_epyc_epyc004_2023-07-02_16-09-35.csv,dgemm_oblas_epyc_epyc004_2023-07-02_16-09-35.csv,epyc004,rep 2 size 24500 srun -n1 --cpus-per-task=64 ./dgemm_oblas.x 24500 24500 24500>>dgemm_oblas_epyc_epyc004_2023-07-02_16-09-35.csv
dgemm_oblas_epyc_epyc004_2023-07-02_16-09-35.csv,dgemm_oblas_epyc_epyc004_2023-07-02_16-09-35.csv,epyc004,rep 2 size 24000 srun -n1 --cpus-per-task=64 ./dgemm_oblas.x 24000 24000 24000>>dgemm_oblas_epyc_epyc004_2023-07-02_16-09-35.csv
dgemm_oblas_epyc_epyc004_2023-07-02_16-09-35.csv,dgemm_oblas_epyc_epyc004_2023-07-02_16-09-35.csv,epyc004,rep 2 size 23500 srun -n1 --cpus-per-task=64 ./dgemm_oblas.x 23500 23500 23500>>dgemm_oblas_epyc_epyc004_2023-07-02_16-09-35.csv
dgemm_oblas_epyc_epyc004_2023-07-02_16-09-35.csv,dgemm_oblas_epyc_epyc004_2023-07-02_16-09-35.csv,epyc004,rep 2 size 23000 srun -n1 --cpus-per-task=64 ./dgemm_oblas.x 23000 23000 23000>>dgemm_oblas_epyc_epyc004_2023-07-02_16-09-35.csv
dgemm_oblas_epyc_epyc004_2023-07-02_16-09-35.csv,dgemm_oblas_epyc_epyc004_2023-07-02_16-09-35.csv,epyc004,rep 2 size 22500 srun -n1 --cpus-per-task=64 ./dgemm_oblas.x 22500 22500 22500>>dgemm_oblas_epyc_epyc004_2023-07-02_16-09-35.csv
dgemm_oblas_epyc_epyc004_2023-07-02_16-09-35.csv,dgemm_oblas_epyc_epyc004_2023-07-02_16-09-35.csv,epyc004,rep 2 size 22000 srun -n1 --cpus-per-task=64 ./dgemm_oblas.x 22000 22000 22000>>dgemm_oblas_epyc_epyc004_2023-07-02_16-09-35.csv
dgemm_oblas_epyc_epyc004_2023-07-02_16-09-35.csv,dgemm_oblas_epyc_epyc004_2023-07-02_16-09-35.csv,epyc004,rep 2 size 21500 srun -n1 --cpus-per-task=64 ./dgemm_oblas.x 21500 21500 21500>>dgemm_oblas_epyc_epyc004_2023-07-02_16-09-35.csv
dgemm_oblas_epyc_epyc004_2023-07-02_16-09-35.csv,dgemm_oblas_epyc_epyc004_2023-07-02_16-09-35.csv,epyc004,rep 2 size 21000 srun -n1 --cpus-per-task=64 ./dgemm_oblas.x 21000 21000 21000>>dgemm_oblas_epyc_epyc004_2023-07-02_16-09-35.csv
dgemm_oblas_epyc_epyc004_2023-07-02_16-09-35.csv,dgemm_oblas_epyc_epyc004_2023-07-02_16-09-35.csv,epyc004,rep 2 size 20500 srun -n1 --cpus-per-task=64 ./dgemm_oblas.x 20500 20500 20500>>dgemm_oblas_epyc_epyc004_2023-07-02_16-09-35.csv
dgemm_oblas_epyc_epyc004_2023-07-02_16-09-35.csv,dgemm_oblas_epyc_epyc004_2023-07-02_16-09-35.csv,epyc004,rep 2 size 20000 srun -n1 --cpus-per-task=64 ./dgemm_oblas.x 20000 20000 20000>>dgemm_oblas_epyc_epyc004_2023-07-02_16-09-35.csv
dgemm_oblas_epyc_epyc004_2023-07-02_16-09-35.csv,dgemm_oblas_epyc_epyc004_2023-07-02_16-09-35.csv,epyc004,rep 3 size 30000 srun -n1 --cpus-per-task=64 ./dgemm_oblas.x 30000 30000 30000>>dgemm_oblas_epyc_epyc004_2023-07-02_16-09-35.csv
dgemm_oblas_epyc_epyc004_2023-07-02_16-09-35.csv,dgemm_oblas_epyc_epyc004_2023-07-02_16-09-35.csv,epyc004,rep 3 size 29500 srun -n1 --cpus-per-task=64 ./dgemm_oblas.x 29500 29500 29500>>dgemm_oblas_epyc_epyc004_2023-07-02_16-09-35.csv
dgemm_oblas_epyc_epyc004_2023-07-02_16-09-35.csv,dgemm_oblas_epyc_epyc004_2023-07-02_16-09-35.csv,epyc004,rep 3 size 29000 srun -n1 --cpus-per-task=64 ./dgemm_oblas.x 29000 29000 29000>>dgemm_oblas_epyc_epyc004_2023-07-02_16-09-35.csv
dgemm_oblas_epyc_epyc004_2023-07-02_16-09-35.csv,dgemm_oblas_epyc_epyc004_2023-07-02_16-09-35.csv,epyc004,rep 3 size 28500 srun -n1 --cpus-per-task=64 ./dgemm_oblas.x 28500 28500 28500>>dgemm_oblas_epyc_epyc004_2023-07-02_16-09-35.csv
dgemm_oblas_epyc_epyc004_2023-07-02_16-09-35.csv,dgemm_oblas_epyc_epyc004_2023-07-02_16-09-35.csv,epyc004,rep 3 size 28000 srun -n1 --cpus-per-task=64 ./dgemm_oblas.x 28000 28000 28000>>dgemm_oblas_epyc_epyc004_2023-07-02_16-09-35.csv
dgemm_oblas_epyc_epyc004_2023-07-02_16-09-35.csv,dgemm_oblas_epyc_epyc004_2023-07-02_16-09-35.csv,epyc004,rep 3 size 27500 srun -n1 --cpus-per-task=64 ./dgemm_oblas.x 27500 27500 27500>>dgemm_oblas_epyc_epyc004_2023-07-02_16-09-35.csv
dgemm_oblas_epyc_epyc004_2023-07-02_16-09-35.csv,dgemm_oblas_epyc_epyc004_2023-07-02_16-09-35.csv,epyc004,rep 3 size 27000 srun -n1 --cpus-per-task=64 ./dgemm_oblas.x 27000 27000 27000>>dgemm_oblas_epyc_epyc004_2023-07-02_16-09-35.csv
dgemm_oblas_epyc_epyc004_2023-07-02_16-09-35.csv,dgemm_oblas_epyc_epyc004_2023-07-02_16-09-35.csv,epyc004,rep 3 size 26500 srun -n1 --cpus-per-task=64 ./dgemm_oblas.x 26500 26500 26500>>dgemm_oblas_epyc_epyc004_2023-07-02_16-09-35.csv
dgemm_oblas_epyc_epyc004_2023-07-02_16-09-35.csv,dgemm_oblas_epyc_epyc004_2023-07-02_16-09-35.csv,epyc004,rep 3 size 26000 srun -n1 --cpus-per-task=64 ./dgemm_oblas.x 26000 26000 26000>>dgemm_oblas_epyc_epyc004_2023-07-02_16-09-35.csv
dgemm_oblas_epyc_epyc004_2023-07-02_16-09-35.csv,dgemm_oblas_epyc_epyc004_2023-07-02_16-09-35.csv,epyc004,rep 3 size 25500 srun -n1 --cpus-per-task=64 ./dgemm_oblas.x 25500 25500 25500>>dgemm_oblas_epyc_epyc004_2023-07-02_16-09-35.csv
dgemm_oblas_epyc_epyc004_2023-07-02_16-09-35.csv,dgemm_oblas_epyc_epyc004_2023-07-02_16-09-35.csv,epyc004,rep 3 size 25000 srun -n1 --cpus-per-task=64 ./dgemm_oblas.x 25000 25000 25000>>dgemm_oblas_epyc_epyc004_2023-07-02_16-09-35.csv
dgemm_oblas_epyc_epyc004_2023-07-02_16-09-35.csv,dgemm_oblas_epyc_epyc004_2023-07-02_16-09-35.csv,epyc004,rep 3 size 24500 srun -n1 --cpus-per-task=64 ./dgemm_oblas.x 24500 24500 24500>>dgemm_oblas_epyc_epyc004_2023-07-02_16-09-35.csv
dgemm_oblas_epyc_epyc004_2023-07-02_16-09-35.csv,dgemm_oblas_epyc_epyc004_2023-07-02_16-09-35.csv,epyc004,rep 3 size 24000 srun -n1 --cpus-per-task=64 ./dgemm_oblas.x 24000 24000 24000>>dgemm_oblas_epyc_epyc004_2023-07-02_16-09-35.csv
dgemm_oblas_epyc_epyc004_2023-07-02_16-09-35.csv,dgemm_oblas_epyc_epyc004_2023-07-02_16-09-35.csv,epyc004,rep 3 size 23500 srun -n1 --cpus-per-task=64 ./dgemm_oblas.x 23500 23500 23500>>dgemm_oblas_epyc_epyc004_2023-07-02_16-09-35.csv
dgemm_oblas_epyc_epyc004_2023-07-02_16-09-35.csv,dgemm_oblas_epyc_epyc004_2023-07-02_16-09-35.csv,epyc004,rep 3 size 23000 srun -n1 --cpus-per-task=64 ./dgemm_oblas.x 23000 23000 23000>>dgemm_oblas_epyc_epyc004_2023-07-02_16-09-35.csv
dgemm_oblas_epyc_epyc004_2023-07-02_16-09-35.csv,dgemm_oblas_epyc_epyc004_2023-07-02_16-09-35.csv,epyc004,rep 3 size 22500 srun -n1 --cpus-per-task=64 ./dgemm_oblas.x 22500 22500 22500>>dgemm_oblas_epyc_epyc004_2023-07-02_16-09-35.csv
dgemm_oblas_epyc_epyc004_2023-07-02_16-09-35.csv,dgemm_oblas_epyc_epyc004_2023-07-02_16-09-35.csv,epyc004,rep 3 size 22000 srun -n1 --cpus-per-task=64 ./dgemm_oblas.x 22000 22000 22000>>dgemm_oblas_epyc_epyc004_2023-07-02_16-09-35.csv
dgemm_oblas_epyc_epyc004_2023-07-02_16-09-35.csv,dgemm_oblas_epyc_epyc004_2023-07-02_16-09-35.csv,epyc004,rep 3 size 21500 srun -n1 --cpus-per-task=64 ./dgemm_oblas.x 21500 21500 21500>>dgemm_oblas_epyc_epyc004_2023-07-02_16-09-35.csv
dgemm_oblas_epyc_epyc004_2023-07-02_16-09-35.csv,dgemm_oblas_epyc_epyc004_2023-07-02_16-09-35.csv,epyc004,rep 3 size 21000 srun -n1 --cpus-per-task=64 ./dgemm_oblas.x 21000 21000 21000>>dgemm_oblas_epyc_epyc004_2023-07-02_16-09-35.csv
dgemm_oblas_epyc_epyc004_2023-07-02_16-09-35.csv,dgemm_oblas_epyc_epyc004_2023-07-02_16-09-35.csv,epyc004,rep 3 size 20500 srun -n1 --cpus-per-task=64 ./dgemm_oblas.x 20500 20500 20500>>dgemm_oblas_epyc_epyc004_2023-07-02_16-09-35.csv
dgemm_oblas_epyc_epyc004_2023-07-02_16-09-35.csv,dgemm_oblas_epyc_epyc004_2023-07-02_16-09-35.csv,epyc004,rep 3 size 20000 srun -n1 --cpus-per-task=64 ./dgemm_oblas.x 20000 20000 20000>>dgemm_oblas_epyc_epyc004_2023-07-02_16-09-35.csv
dgemm_oblas_epyc_epyc004_2023-07-02_16-09-35.csv,dgemm_oblas_epyc_epyc004_2023-07-02_16-09-35.csv,epyc004,rep 4 size 30000 srun -n1 --cpus-per-task=64 ./dgemm_oblas.x 30000 30000 30000>>dgemm_oblas_epyc_epyc004_2023-07-02_16-09-35.csv
dgemm_oblas_epyc_epyc004_2023-07-02_16-09-35.csv,dgemm_oblas_epyc_epyc004_2023-07-02_16-09-35.csv,epyc004,rep 4 size 29500 srun -n1 --cpus-per-task=64 ./dgemm_oblas.x 29500 29500 29500>>dgemm_oblas_epyc_epyc004_2023-07-02_16-09-35.csv
dgemm_oblas_epyc_epyc004_2023-07-02_16-09-35.csv,dgemm_oblas_epyc_epyc004_2023-07-02_16-09-35.csv,epyc004,rep 4 size 29000 srun -n1 --cpus-per-task=64 ./dgemm_oblas.x 29000 29000 29000>>dgemm_oblas_epyc_epyc004_2023-07-02_16-09-35.csv
dgemm_oblas_epyc_epyc004_2023-07-02_16-09-35.csv,dgemm_oblas_epyc_epyc004_2023-07-02_16-09-35.csv,epyc004,rep 4 size 28500 srun -n1 --cpus-per-task=64 ./dgemm_oblas.x 28500 28500 28500>>dgemm_oblas_epyc_epyc004_2023-07-02_16-09-35.csv
dgemm_oblas_epyc_epyc004_2023-07-02_16-09-35.csv,dgemm_oblas_epyc_epyc004_2023-07-02_16-09-35.csv,epyc004,rep 4 size 28000 srun -n1 --cpus-per-task=64 ./dgemm_oblas.x 28000 28000 28000>>dgemm_oblas_epyc_epyc004_2023-07-02_16-09-35.csv
dgemm_oblas_epyc_epyc004_2023-07-02_16-09-35.csv,dgemm_oblas_epyc_epyc004_2023-07-02_16-09-35.csv,epyc004,rep 4 size 27500 srun -n1 --cpus-per-task=64 ./dgemm_oblas.x 27500 27500 27500>>dgemm_oblas_epyc_epyc004_2023-07-02_16-09-35.csv
dgemm_oblas_epyc_epyc004_2023-07-02_16-09-35.csv,dgemm_oblas_epyc_epyc004_2023-07-02_16-09-35.csv,epyc004,rep 4 size 27000 srun -n1 --cpus-per-task=64 ./dgemm_oblas.x 27000 27000 27000>>dgemm_oblas_epyc_epyc004_2023-07-02_16-09-35.csv
dgemm_oblas_epyc_epyc004_2023-07-02_16-09-35.csv,dgemm_oblas_epyc_epyc004_2023-07-02_16-09-35.csv,epyc004,rep 4 size 26500 srun -n1 --cpus-per-task=64 ./dgemm_oblas.x 26500 26500 26500>>dgemm_oblas_epyc_epyc004_2023-07-02_16-09-35.csv
dgemm_oblas_epyc_epyc004_2023-07-02_16-09-35.csv,dgemm_oblas_epyc_epyc004_2023-07-02_16-09-35.csv,epyc004,rep 4 size 26000 srun -n1 --cpus-per-task=64 ./dgemm_oblas.x 26000 26000 26000>>dgemm_oblas_epyc_epyc004_2023-07-02_16-09-35.csv
dgemm_oblas_epyc_epyc004_2023-07-02_16-09-35.csv,dgemm_oblas_epyc_epyc004_2023-07-02_16-09-35.csv,epyc004,rep 4 size 25500 srun -n1 --cpus-per-task=64 ./dgemm_oblas.x 25500 25500 25500>>dgemm_oblas_epyc_epyc004_2023-07-02_16-09-35.csv
dgemm_oblas_epyc_epyc004_2023-07-02_16-09-35.csv,dgemm_oblas_epyc_epyc004_2023-07-02_16-09-35.csv,epyc004,rep 4 size 25000 srun -n1 --cpus-per-task=64 ./dgemm_oblas.x 25000 25000 25000>>dgemm_oblas_epyc_epyc004_2023-07-02_16-09-35.csv
dgemm_oblas_epyc_epyc004_2023-07-02_16-09-35.csv,dgemm_oblas_epyc_epyc004_2023-07-02_16-09-35.csv,epyc004,rep 4 size 24500 srun -n1 --cpus-per-task=64 ./dgemm_oblas.x 24500 24500 24500>>dgemm_oblas_epyc_epyc004_2023-07-02_16-09-35.csv
dgemm_oblas_epyc_epyc004_2023-07-02_16-09-35.csv,dgemm_oblas_epyc_epyc004_2023-07-02_16-09-35.csv,epyc004,rep 4 size 24000 srun -n1 --cpus-per-task=64 ./dgemm_oblas.x 24000 24000 24000>>dgemm_oblas_epyc_epyc004_2023-07-02_16-09-35.csv
dgemm_oblas_epyc_epyc004_2023-07-02_16-09-35.csv,dgemm_oblas_epyc_epyc004_2023-07-02_16-09-35.csv,epyc004,rep 4 size 23500 srun -n1 --cpus-per-task=64 ./dgemm_oblas.x 23500 23500 23500>>dgemm_oblas_epyc_epyc004_2023-07-02_16-09-35.csv
dgemm_oblas_epyc_epyc004_2023-07-02_16-09-35.csv,dgemm_oblas_epyc_epyc004_2023-07-02_16-09-35.csv,epyc004,rep 4 size 23000 srun -n1 --cpus-per-task=64 ./dgemm_oblas.x 23000 23000 23000>>dgemm_oblas_epyc_epyc004_2023-07-02_16-09-35.csv
dgemm_oblas_epyc_epyc004_2023-07-02_16-09-35.csv,dgemm_oblas_epyc_epyc004_2023-07-02_16-09-35.csv,epyc004,rep 4 size 22500 srun -n1 --cpus-per-task=64 ./dgemm_oblas.x 22500 22500 22500>>dgemm_oblas_epyc_epyc004_2023-07-02_16-09-35.csv
dgemm_oblas_epyc_epyc004_2023-07-02_16-09-35.csv,dgemm_oblas_epyc_epyc004_2023-07-02_16-09-35.csv,epyc004,rep 4 size 22000 srun -n1 --cpus-per-task=64 ./dgemm_oblas.x 22000 22000 22000>>dgemm_oblas_epyc_epyc004_2023-07-02_16-09-35.csv
dgemm_oblas_epyc_epyc004_2023-07-02_16-09-35.csv,dgemm_oblas_epyc_epyc004_2023-07-02_16-09-35.csv,epyc004,rep 4 size 21500 srun -n1 --cpus-per-task=64 ./dgemm_oblas.x 21500 21500 21500>>dgemm_oblas_epyc_epyc004_2023-07-02_16-09-35.csv
dgemm_oblas_epyc_epyc004_2023-07-02_16-09-35.csv,dgemm_oblas_epyc_epyc004_2023-07-02_16-09-35.csv,epyc004,rep 4 size 21000 srun -n1 --cpus-per-task=64 ./dgemm_oblas.x 21000 21000 21000>>dgemm_oblas_epyc_epyc004_2023-07-02_16-09-35.csv
dgemm_oblas_epyc_epyc004_2023-07-02_16-09-35.csv,dgemm_oblas_epyc_epyc004_2023-07-02_16-09-35.csv,epyc004,rep 4 size 20500 srun -n1 --cpus-per-task=64 ./dgemm_oblas.x 20500 20500 20500>>dgemm_oblas_epyc_epyc004_2023-07-02_16-09-35.csv
dgemm_oblas_epyc_epyc004_2023-07-02_16-09-35.csv,dgemm_oblas_epyc_epyc004_2023-07-02_16-09-35.csv,epyc004,rep 4 size 20000 srun -n1 --cpus-per-task=64 ./dgemm_oblas.x 20000 20000 20000>>dgemm_oblas_epyc_epyc004_2023-07-02_16-09-35.csv
dgemm_oblas_epyc_epyc004_2023-07-02_16-09-35.csv,dgemm_oblas_epyc_epyc004_2023-07-02_16-09-35.csv,epyc004,rep 5 size 30000 srun -n1 --cpus-per-task=64 ./dgemm_oblas.x 30000 30000 30000>>dgemm_oblas_epyc_epyc004_2023-07-02_16-09-35.csv
dgemm_oblas_epyc_epyc004_2023-07-02_16-09-35.csv,dgemm_oblas_epyc_epyc004_2023-07-02_16-09-35.csv,epyc004,rep 5 size 29500 srun -n1 --cpus-per-task=64 ./dgemm_oblas.x 29500 29500 29500>>dgemm_oblas_epyc_epyc004_2023-07-02_16-09-35.csv
dgemm_oblas_epyc_epyc004_2023-07-02_16-09-35.csv,dgemm_oblas_epyc_epyc004_2023-07-02_16-09-35.csv,epyc004,rep 5 size 29000 srun -n1 --cpus-per-task=64 ./dgemm_oblas.x 29000 29000 29000>>dgemm_oblas_epyc_epyc004_2023-07-02_16-09-35.csv
dgemm_oblas_epyc_epyc004_2023-07-02_16-09-35.csv,dgemm_oblas_epyc_epyc004_2023-07-02_16-09-35.csv,epyc004,rep 5 size 28500 srun -n1 --cpus-per-task=64 ./dgemm_oblas.x 28500 28500 28500>>dgemm_oblas_epyc_epyc004_2023-07-02_16-09-35.csv
dgemm_oblas_epyc_epyc004_2023-07-02_16-09-35.csv,dgemm_oblas_epyc_epyc004_2023-07-02_16-09-35.csv,epyc004,rep 5 size 28000 srun -n1 --cpus-per-task=64 ./dgemm_oblas.x 28000 28000 28000>>dgemm_oblas_epyc_epyc004_2023-07-02_16-09-35.csv
dgemm_oblas_epyc_epyc004_2023-07-02_16-09-35.csv,dgemm_oblas_epyc_epyc004_2023-07-02_16-09-35.csv,epyc004,rep 5 size 27500 srun -n1 --cpus-per-task=64 ./dgemm_oblas.x 27500 27500 27500>>dgemm_oblas_epyc_epyc004_2023-07-02_16-09-35.csv
dgemm_oblas_epyc_epyc004_2023-07-02_16-09-35.csv,dgemm_oblas_epyc_epyc004_2023-07-02_16-09-35.csv,epyc004,rep 5 size 27000 srun -n1 --cpus-per-task=64 ./dgemm_oblas.x 27000 27000 27000>>dgemm_oblas_epyc_epyc004_2023-07-02_16-09-35.csv
dgemm_oblas_epyc_epyc004_2023-07-02_16-09-35.csv,dgemm_oblas_epyc_epyc004_2023-07-02_16-09-35.csv,epyc004,rep 5 size 26500 srun -n1 --cpus-per-task=64 ./dgemm_oblas.x 26500 26500 26500>>dgemm_oblas_epyc_epyc004_2023-07-02_16-09-35.csv
dgemm_oblas_epyc_epyc004_2023-07-02_16-09-35.csv,dgemm_oblas_epyc_epyc004_2023-07-02_16-09-35.csv,epyc004,rep 5 size 26000 srun -n1 --cpus-per-task=64 ./dgemm_oblas.x 26000 26000 26000>>dgemm_oblas_epyc_epyc004_2023-07-02_16-09-35.csv
dgemm_oblas_epyc_epyc004_2023-07-02_16-09-35.csv,dgemm_oblas_epyc_epyc004_2023-07-02_16-09-35.csv,epyc004,rep 5 size 25500 srun -n1 --cpus-per-task=64 ./dgemm_oblas.x 25500 25500 25500>>dgemm_oblas_epyc_epyc004_2023-07-02_16-09-35.csv
dgemm_oblas_epyc_epyc004_2023-07-02_16-09-35.csv,dgemm_oblas_epyc_epyc004_2023-07-02_16-09-35.csv,epyc004,rep 5 size 25000 srun -n1 --cpus-per-task=64 ./dgemm_oblas.x 25000 25000 25000>>dgemm_oblas_epyc_epyc004_2023-07-02_16-09-35.csv
dgemm_oblas_epyc_epyc004_2023-07-02_16-09-35.csv,dgemm_oblas_epyc_epyc004_2023-07-02_16-09-35.csv,epyc004,rep 5 size 24500 srun -n1 --cpus-per-task=64 ./dgemm_oblas.x 24500 24500 24500>>dgemm_oblas_epyc_epyc004_2023-07-02_16-09-35.csv
dgemm_oblas_epyc_epyc004_2023-07-02_16-09-35.csv,dgemm_oblas_epyc_epyc004_2023-07-02_16-09-35.csv,epyc004,rep 5 size 24000 srun -n1 --cpus-per-task=64 ./dgemm_oblas.x 24000 24000 24000>>dgemm_oblas_epyc_epyc004_2023-07-02_16-09-35.csv
dgemm_oblas_epyc_epyc004_2023-07-02_16-09-35.csv,dgemm_oblas_epyc_epyc004_2023-07-02_16-09-35.csv,epyc004,rep 5 size 23500 srun -n1 --cpus-per-task=64 ./dgemm_oblas.x 23500 23500 23500>>dgemm_oblas_epyc_epyc004_2023-07-02_16-09-35.csv
dgemm_oblas_epyc_epyc004_2023-07-02_16-09-35.csv,dgemm_oblas_epyc_epyc004_2023-07-02_16-09-35.csv,epyc004,rep 5 size 23000 srun -n1 --cpus-per-task=64 ./dgemm_oblas.x 23000 23000 23000>>dgemm_oblas_epyc_epyc004_2023-07-02_16-09-35.csv
dgemm_oblas_epyc_epyc004_2023-07-02_16-09-35.csv,dgemm_oblas_epyc_epyc004_2023-07-02_16-09-35.csv,epyc004,rep 5 size 22500 srun -n1 --cpus-per-task=64 ./dgemm_oblas.x 22500 22500 22500>>dgemm_oblas_epyc_epyc004_2023-07-02_16-09-35.csv
dgemm_oblas_epyc_epyc004_2023-07-02_16-09-35.csv,dgemm_oblas_epyc_epyc004_2023-07-02_16-09-35.csv,epyc004,rep 5 size 22000 srun -n1 --cpus-per-task=64 ./dgemm_oblas.x 22000 22000 22000>>dgemm_oblas_epyc_epyc004_2023-07-02_16-09-35.csv
dgemm_oblas_epyc_epyc004_2023-07-02_16-09-35.csv,dgemm_oblas_epyc_epyc004_2023-07-02_16-09-35.csv,epyc004,rep 5 size 21500 srun -n1 --cpus-per-task=64 ./dgemm_oblas.x 21500 21500 21500>>dgemm_oblas_epyc_epyc004_2023-07-02_16-09-35.csv
dgemm_oblas_epyc_epyc004_2023-07-02_16-09-35.csv,dgemm_oblas_epyc_epyc004_2023-07-02_16-09-35.csv,epyc004,rep 5 size 21000 srun -n1 --cpus-per-task=64 ./dgemm_oblas.x 21000 21000 21000>>dgemm_oblas_epyc_epyc004_2023-07-02_16-09-35.csv
dgemm_oblas_epyc_epyc004_2023-07-02_16-09-35.csv,dgemm_oblas_epyc_epyc004_2023-07-02_16-09-35.csv,epyc004,rep 5 size 20500 srun -n1 --cpus-per-task=64 ./dgemm_oblas.x 20500 20500 20500>>dgemm_oblas_epyc_epyc004_2023-07-02_16-09-35.csv
dgemm_oblas_epyc_epyc004_2023-07-02_16-09-35.csv,dgemm_oblas_epyc_epyc004_2023-07-02_16-09-35.csv,epyc004,rep 5 size 20000 srun -n1 --cpus-per-task=64 ./dgemm_oblas.x 20000 20000 20000>>dgemm_oblas_epyc_epyc004_2023-07-02_16-09-35.csv
dgemm_oblas_optimized_epyc_epyc004_2023-07-02_17-20-05.csv,dgemm_oblas_optimized_epyc_epyc004_2023-07-02_17-20-05.csv,epyc004,rep 1 size 30000 srun -n1 --cpus-per-task=64 ./dgemm_oblas_optimized.x 30000 30000 30000>>dgemm_oblas_optimized_epyc_epyc004_2023-07-02_17-20-05.csv
dgemm_oblas_optimized_epyc_epyc004_2023-07-02_17-20-05.csv,dgemm_oblas_optimized_epyc_epyc004_2023-07-02_17-20-05.csv,epyc004,rep 1 size 29500 srun -n1 --cpus-per-task=64 ./dgemm_oblas_optimized.x 29500 29500 29500>>dgemm_oblas_optimized_epyc_epyc004_2023-07-02_17-20-05.csv
dgemm_oblas_optimized_epyc_epyc004_2023-07-02_17-20-05.csv,dgemm_oblas_optimized_epyc_epyc004_2023-07-02_17-20-05.csv,epyc004,rep 1 size 29000 srun -n1 --cpus-per-task=64 ./dgemm_oblas_optimized.x 29000 29000 29000>>dgemm_oblas_optimized_epyc_epyc004_2023-07-02_17-20-05.csv
dgemm_oblas_optimized_epyc_epyc004_2023-07-02_17-20-05.csv,dgemm_oblas_optimized_epyc_epyc004_2023-07-02_17-20-05.csv,epyc004,rep 1 size 28500 srun -n1 --cpus-per-task=64 ./dgemm_oblas_optimized.x 28500 28500 28500>>dgemm_oblas_optimized_epyc_epyc004_2023-07-02_17-20-05.csv
dgemm_oblas_optimized_epyc_epyc004_2023-07-02_17-20-05.csv,dgemm_oblas_optimized_epyc_epyc004_2023-07-02_17-20-05.csv,epyc004,rep 1 size 28000 srun -n1 --cpus-per-task=64 ./dgemm_oblas_optimized.x 28000 28000 28000>>dgemm_oblas_optimized_epyc_epyc004_2023-07-02_17-20-05.csv
dgemm_oblas_optimized_epyc_epyc004_2023-07-02_17-20-05.csv,dgemm_oblas_optimized_epyc_epyc004_2023-07-02_17-20-05.csv,epyc004,rep 1 size 27500 srun -n1 --cpus-per-task=64 ./dgemm_oblas_optimized.x 27500 27500 27500>>dgemm_oblas_optimized_epyc_epyc004_2023-07-02_17-20-05.csv
dgemm_oblas_optimized_epyc_epyc004_2023-07-02_17-20-05.csv,dgemm_oblas_optimized_epyc_epyc004_2023-07-02_17-20-05.csv,epyc004,rep 1 size 27000 srun -n1 --cpus-per-task=64 ./dgemm_oblas_optimized.x 27000 27000 27000>>dgemm_oblas_optimized_epyc_epyc004_2023-07-02_17-20-05.csv
dgemm_oblas_optimized_epyc_epyc004_2023-07-02_17-20-05.csv,dgemm_oblas_optimized_epyc_epyc004_2023-07-02_17-20-05.csv,epyc004,rep 1 size 26500 srun -n1 --cpus-per-task=64 ./dgemm_oblas_optimized.x 26500 26500 26500>>dgemm_oblas_optimized_epyc_epyc004_2023-07-02_17-20-05.csv
dgemm_oblas_optimized_epyc_epyc004_2023-07-02_17-20-05.csv,dgemm_oblas_optimized_epyc_epyc004_2023-07-02_17-20-05.csv,epyc004,rep 1 size 26000 srun -n1 --cpus-per-task=64 ./dgemm_oblas_optimized.x 26000 26000 26000>>dgemm_oblas_optimized_epyc_epyc004_2023-07-02_17-20-05.csv
dgemm_oblas_optimized_epyc_epyc004_2023-07-02_17-20-05.csv,dgemm_oblas_optimized_epyc_epyc004_2023-07-02_17-20-05.csv,epyc004,rep 1 size 25500 srun -n1 --cpus-per-task=64 ./dgemm_oblas_optimized.x 25500 25500 25500>>dgemm_oblas_optimized_epyc_epyc004_2023-07-02_17-20-05.csv
dgemm_oblas_optimized_epyc_epyc004_2023-07-02_17-20-05.csv,dgemm_oblas_optimized_epyc_epyc004_2023-07-02_17-20-05.csv,epyc004,rep 1 size 25000 srun -n1 --cpus-per-task=64 ./dgemm_oblas_optimized.x 25000 25000 25000>>dgemm_oblas_optimized_epyc_epyc004_2023-07-02_17-20-05.csv
dgemm_oblas_optimized_epyc_epyc004_2023-07-02_17-20-05.csv,dgemm_oblas_optimized_epyc_epyc004_2023-07-02_17-20-05.csv,epyc004,rep 1 size 24500 srun -n1 --cpus-per-task=64 ./dgemm_oblas_optimized.x 24500 24500 24500>>dgemm_oblas_optimized_epyc_epyc004_2023-07-02_17-20-05.csv
dgemm_oblas_optimized_epyc_epyc004_2023-07-02_17-20-05.csv,dgemm_oblas_optimized_epyc_epyc004_2023-07-02_17-20-05.csv,epyc004,rep 1 size 24000 srun -n1 --cpus-per-task=64 ./dgemm_oblas_optimized.x 24000 24000 24000>>dgemm_oblas_optimized_epyc_epyc004_2023-07-02_17-20-05.csv
dgemm_oblas_optimized_epyc_epyc004_2023-07-02_17-20-05.csv,dgemm_oblas_optimized_epyc_epyc004_2023-07-02_17-20-05.csv,epyc004,rep 1 size 23500 srun -n1 --cpus-per-task=64 ./dgemm_oblas_optimized.x 23500 23500 23500>>dgemm_oblas_optimized_epyc_epyc004_2023-07-02_17-20-05.csv
dgemm_oblas_optimized_epyc_epyc004_2023-07-02_17-20-05.csv,dgemm_oblas_optimized_epyc_epyc004_2023-07-02_17-20-05.csv,epyc004,rep 1 size 23000 srun -n1 --cpus-per-task=64 ./dgemm_oblas_optimized.x 23000 23000 23000>>dgemm_oblas_optimized_epyc_epyc004_2023-07-02_17-20-05.csv
dgemm_oblas_optimized_epyc_epyc004_2023-07-02_17-20-05.csv,dgemm_oblas_optimized_epyc_epyc004_2023-07-02_17-20-05.csv,epyc004,rep 1 size 22500 srun -n1 --cpus-per-task=64 ./dgemm_oblas_optimized.x 22500 22500 22500>>dgemm_oblas_optimized_epyc_epyc004_2023-07-02_17-20-05.csv
dgemm_oblas_optimized_epyc_epyc004_2023-07-02_17-20-05.csv,dgemm_oblas_optimized_epyc_epyc004_2023-07-02_17-20-05.csv,epyc004,rep 1 size 22000 srun -n1 --cpus-per-task=64 ./dgemm_oblas_optimized.x 22000 22000 22000>>dgemm_oblas_optimized_epyc_epyc004_2023-07-02_17-20-05.csv
dgemm_oblas_optimized_epyc_epyc004_2023-07-02_17-20-05.csv,dgemm_oblas_optimized_epyc_epyc004_2023-07-02_17-20-05.csv,epyc004,rep 1 size 21500 srun -n1 --cpus-per-task=64 ./dgemm_oblas_optimized.x 21500 21500 21500>>dgemm_oblas_optimized_epyc_epyc004_2023-07-02_17-20-05.csv
dgemm_oblas_optimized_epyc_epyc004_2023-07-02_17-20-05.csv,dgemm_oblas_optimized_epyc_epyc004_2023-07-02_17-20-05.csv,epyc004,rep 1 size 21000 srun -n1 --cpus-per-task=64 ./dgemm_oblas_optimized.x 21000 21000 21000>>dgemm_oblas_optimized_epyc_epyc004_2023-07-02_17-20-05.csv
dgemm_oblas_optimized_epyc_epyc004_2023-07-02_17-20-05.csv,dgemm_oblas_optimized_epyc_epyc004_2023-07-02_17-20-05.csv,epyc004,rep 1 size 20500 srun -n1 --cpus-per-task=64 ./dgemm_oblas_optimized.x 20500 20500 20500>>dgemm_oblas_optimized_epyc_epyc004_2023-07-02_17-20-05.csv
dgemm_oblas_optimized_epyc_epyc004_2023-07-02_17-20-05.csv,dgemm_oblas_optimized_epyc_epyc004_2023-07-02_17-20-05.csv,epyc004,rep 1 size 20000 srun -n1 --cpus-per-task=64 ./dgemm_oblas_optimized.x 20000 20000 20000>>dgemm_oblas_optimized_epyc_epyc004_2023-07-02_17-20-05.csv
dgemm_oblas_optimized_epyc_epyc004_2023-07-02_17-20-05.csv,dgemm_oblas_optimized_epyc_epyc004_2023-07-02_17-20-05.csv,epyc004,rep 2 size 30000 srun -n1 --cpus-per-task=64 ./dgemm_oblas_optimized.x 30000 30000 30000>>dgemm_oblas_optimized_epyc_epyc004_2023-07-02_17-20-05.csv
dgemm_oblas_optimized_epyc_epyc004_2023-07-02_17-20-05.csv,dgemm_oblas_optimized_epyc_epyc004_2023-07-02_17-20-05.csv,epyc004,rep 2 size 29500 srun -n1 --cpus-per-task=64 ./dgemm_oblas_optimized.x 29500 29500 29500>>dgemm_oblas_optimized_epyc_epyc004_2023-07-02_17-20-05.csv
dgemm_oblas_optimized_epyc_epyc004_2023-07-02_17-20-05.csv,dgemm_oblas_optimized_epyc_epyc004_2023-07-02_17-20-05.csv,epyc004,rep 2 size 29000 srun -n1 --cpus-per-task=64 ./dgemm_oblas_optimized.x 29000 29000 29000>>dgemm_oblas_optimized_epyc_epyc004_2023-07-02_17-20-05.csv
dgemm_oblas_optimized_epyc_epyc004_2023-07-02_17-20-05.csv,dgemm_oblas_optimized_epyc_epyc004_2023-07-02_17-20-05.csv,epyc004,rep 2 size 28500 srun -n1 --cpus-per-task=64 ./dgemm_oblas_optimized.x 28500 28500 28500>>dgemm_oblas_optimized_epyc_epyc004_2023-07-02_17-20-05.csv
dgemm_oblas_optimized_epyc_epyc004_2023-07-02_17-20-05.csv,dgemm_oblas_optimized_epyc_epyc004_2023-07-02_17-20-05.csv,epyc004,rep 2 size 28000 srun -n1 --cpus-per-task=64 ./dgemm_oblas_optimized.x 28000 28000 28000>>dgemm_oblas_optimized_epyc_epyc004_2023-07-02_17-20-05.csv
dgemm_oblas_optimized_epyc_epyc004_2023-07-02_17-20-05.csv,dgemm_oblas_optimized_epyc_epyc004_2023-07-02_17-20-05.csv,epyc004,rep 2 size 27500 srun -n1 --cpus-per-task=64 ./dgemm_oblas_optimized.x 27500 27500 27500>>dgemm_oblas_optimized_epyc_epyc004_2023-07-02_17-20-05.csv
dgemm_oblas_optimized_epyc_epyc004_2023-07-02_17-20-05.csv,dgemm_oblas_optimized_epyc_epyc004_2023-07-02_17-20-05.csv,epyc004,rep 2 size 27000 srun -n1 --cpus-per-task=64 ./dgemm_oblas_optimized.x 27000 27000 27000>>dgemm_oblas_optimized_epyc_epyc004_2023-07-02_17-20-05.csv
dgemm_oblas_optimized_epyc_epyc004_2023-07-02_17-20-05.csv,dgemm_oblas_optimized_epyc_epyc004_2023-07-02_17-20-05.csv,epyc004,rep 2 size 26500 srun -n1 --cpus-per-task=64 ./dgemm_oblas_optimized.x 26500 26500 26500>>dgemm_oblas_optimized_epyc_epyc004_2023-07-02_17-20-05.csv
dgemm_oblas_optimized_epyc_epyc004_2023-07-02_17-20-05.csv,dgemm_oblas_optimized_epyc_epyc004_2023-07-02_17-20-05.csv,epyc004,rep 2 size 26000 srun -n1 --cpus-per-task=64 ./dgemm_oblas_optimized.x 26000 26000 26000>>dgemm_oblas_optimized_epyc_epyc004_2023-07-02_17-20-05.csv
dgemm_oblas_optimized_epyc_epyc004_2023-07-02_17-20-05.csv,dgemm_oblas_optimized_epyc_epyc004_2023-07-02_17-20-05.csv,epyc004,rep 2 size 25500 srun -n1 --cpus-per-task=64 ./dgemm_oblas_optimized.x 25500 25500 25500>>dgemm_oblas_optimized_epyc_epyc004_2023-07-02_17-20-05.csv
dgemm_oblas_optimized_epyc_epyc004_2023-07-02_17-20-05.csv,dgemm_oblas_optimized_epyc_epyc004_2023-07-02_17-20-05.csv,epyc004,rep 2 size 25000 srun -n1 --cpus-per-task=64 ./dgemm_oblas_optimized.x 25000 25000 25000>>dgemm_oblas_optimized_epyc_epyc004_2023-07-02_17-20-05.csv
dgemm_oblas_optimized_epyc_epyc004_2023-07-02_17-20-05.csv,dgemm_oblas_optimized_epyc_epyc004_2023-07-02_17-20-05.csv,epyc004,rep 2 size 24500 srun -n1 --cpus-per-task=64 ./dgemm_oblas_optimized.x 24500 24500 24500>>dgemm_oblas_optimized_epyc_epyc004_2023-07-02_17-20-05.csv
dgemm_oblas_optimized_epyc_epyc004_2023-07-02_17-20-05.csv,dgemm_oblas_optimized_epyc_epyc004_2023-07-02_17-20-05.csv,epyc004,rep 2 size 24000 srun -n1 --cpus-per-task=64 ./dgemm_oblas_optimized.x 24000 24000 24000>>dgemm_oblas_optimized_epyc_epyc004_2023-07-02_17-20-05.csv
dgemm_oblas_optimized_epyc_epyc004_2023-07-02_17-20-05.csv,dgemm_oblas_optimized_epyc_epyc004_2023-07-02_17-20-05.csv,epyc004,rep 2 size 23500 srun -n1 --cpus-per-task=64 ./dgemm_oblas_optimized.x 23500 23500 23500>>dgemm_oblas_optimized_epyc_epyc004_2023-07-02_17-20-05.csv
dgemm_oblas_optimized_epyc_epyc004_2023-07-02_17-20-05.csv,dgemm_oblas_optimized_epyc_epyc004_2023-07-02_17-20-05.csv,epyc004,rep 2 size 23000 srun -n1 --cpus-per-task=64 ./dgemm_oblas_optimized.x 23000 23000 23000>>dgemm_oblas_optimized_epyc_epyc004_2023-07-02_17-20-05.csv
dgemm_oblas_optimized_epyc_epyc004_2023-07-02_17-20-05.csv,dgemm_oblas_optimized_epyc_epyc004_2023-07-02_17-20-05.csv,epyc004,rep 2 size 22500 srun -n1 --cpus-per-task=64 ./dgemm_oblas_optimized.x 22500 22500 22500>>dgemm_oblas_optimized_epyc_epyc004_2023-07-02_17-20-05.csv
dgemm_oblas_optimized_epyc_epyc004_2023-07-02_17-20-05.csv,dgemm_oblas_optimized_epyc_epyc004_2023-07-02_17-20-05.csv,epyc004,rep 2 size 22000 srun -n1 --cpus-per-task=64 ./dgemm_oblas_optimized.x 22000 22000 22000>>dgemm_oblas_optimized_epyc_epyc004_2023-07-02_17-20-05.csv
dgemm_oblas_optimized_epyc_epyc004_2023-07-02_17-20-05.csv,dgemm_oblas_optimized_epyc_epyc004_2023-07-02_17-20-05.csv,epyc004,rep 2 size 21500 srun -n1 --cpus-per-task=64 ./dgemm_oblas_optimized.x 21500 21500 21500>>dgemm_oblas_optimized_epyc_epyc004_2023-07-02_17-20-05.csv
dgemm_oblas_optimized_epyc_epyc004_2023-07-02_17-20-05.csv,dgemm_oblas_optimized_epyc_epyc004_2023-07-02_17-20-05.csv,epyc004,rep 2 size 21000 srun -n1 --cpus-per-task=64 ./dgemm_oblas_optimized.x 21000 21000 21000>>dgemm_oblas_optimized_epyc_epyc004_2023-07-02_17-20-05.csv
dgemm_oblas_optimized_epyc_epyc004_2023-07-02_17-20-05.csv,dgemm_oblas_optimized_epyc_epyc004_2023-07-02_17-20-05.csv,epyc004,rep 2 size 20500 srun -n1 --cpus-per-task=64 ./dgemm_oblas_optimized.x 20500 20500 20500>>dgemm_oblas_optimized_epyc_epyc004_2023-07-02_17-20-05.csv
dgemm_oblas_optimized_epyc_epyc004_2023-07-02_17-20-05.csv,dgemm_oblas_optimized_epyc_epyc004_2023-07-02_17-20-05.csv,epyc004,rep 2 size 20000 srun -n1 --cpus-per-task=64 ./dgemm_oblas_optimized.x 20000 20000 20000>>dgemm_oblas_optimized_epyc_epyc004_2023-07-02_17-20-05.csv
dgemm_oblas_optimized_epyc_epyc004_2023-07-02_17-20-05.csv,dgemm_oblas_optimized_epyc_epyc004_2023-07-02_17-20-05.csv,epyc004,rep 3 size 30000 srun -n1 --cpus-per-task=64 ./dgemm_oblas_optimized.x 30000 30000 30000>>dgemm_oblas_optimized_epyc_epyc004_2023-07-02_17-20-05.csv
dgemm_oblas_optimized_epyc_epyc004_2023-07-02_17-20-05.csv,dgemm_oblas_optimized_epyc_epyc004_2023-07-02_17-20-05.csv,epyc004,rep 3 size 29500 srun -n1 --cpus-per-task=64 ./dgemm_oblas_optimized.x 29500 29500 29500>>dgemm_oblas_optimized_epyc_epyc004_2023-07-02_17-20-05.csv
dgemm_oblas_optimized_epyc_epyc004_2023-07-02_17-20-05.csv,dgemm_oblas_optimized_epyc_epyc004_2023-07-02_17-20-05.csv,epyc004,rep 3 size 29000 srun -n1 --cpus-per-task=64 ./dgemm_oblas_optimized.x 29000 29000 29000>>dgemm_oblas_optimized_epyc_epyc004_2023-07-02_17-20-05.csv
dgemm_oblas_optimized_epyc_epyc004_2023-07-02_17-20-05.csv,dgemm_oblas_optimized_epyc_epyc004_2023-07-02_17-20-05.csv,epyc004,rep 3 size 28500 srun -n1 --cpus-per-task=64 ./dgemm_oblas_optimized.x 28500 28500 28500>>dgemm_oblas_optimized_epyc_epyc004_2023-07-02_17-20-05.csv
dgemm_oblas_optimized_epyc_epyc004_2023-07-02_17-20-05.csv,dgemm_oblas_optimized_epyc_epyc004_2023-07-02_17-20-05.csv,epyc004,rep 3 size 28000 srun -n1 --cpus-per-task=64 ./dgemm_oblas_optimized.x 28000 28000 28000>>dgemm_oblas_optimized_epyc_epyc004_2023-07-02_17-20-05.csv
dgemm_oblas_optimized_epyc_epyc004_2023-07-02_17-20-05.csv,dgemm_oblas_optimized_epyc_epyc004_2023-07-02_17-20-05.csv,epyc004,rep 3 size 27500 srun -n1 --cpus-per-task=64 ./dgemm_oblas_optimized.x 27500 27500 27500>>dgemm_oblas_optimized_epyc_epyc004_2023-07-02_17-20-05.csv
dgemm_oblas_optimized_epyc_epyc004_2023-07-02_17-20-05.csv,dgemm_oblas_optimized_epyc_epyc004_2023-07-02_17-20-05.csv,epyc004,rep 3 size 27000 srun -n1 --cpus-per-task=64 ./dgemm_oblas_optimized.x 27000 27000 27000>>dgemm_oblas_optimized_epyc_epyc004_2023-07-02_17-20-05.csv
dgemm_oblas_optimized_epyc_epyc004_2023-07-02_17-20-05.csv,dgemm_oblas_optimized_epyc_epyc004_2023-07-02_17-20-05.csv,epyc004,rep 3 size 26500 srun -n1 --cpus-per-task=64 ./dgemm_oblas_optimized.x 26500 26500 26500>>dgemm_oblas_optimized_epyc_epyc004_2023-07-02_17-20-05.csv
dgemm_oblas_optimized_epyc_epyc004_2023-07-02_17-20-05.csv,dgemm_oblas_optimized_epyc_epyc004_2023-07-02_17-20-05.csv,epyc004,rep 3 size 26000 srun -n1 --cpus-per-task=64 ./dgemm_oblas_optimized.x 26000 26000 26000>>dgemm_oblas_optimized_epyc_epyc004_2023-07-02_17-20-05.csv
dgemm_oblas_optimized_epyc_epyc004_2023-07-02_17-20-05.csv,dgemm_oblas_optimized_epyc_epyc004_2023-07-02_17-20-05.csv,epyc004,rep 3 size 25500 srun -n1 --cpus-per-task=64 ./dgemm_oblas_optimized.x 25500 25500 25500>>dgemm_oblas_optimized_epyc_epyc004_2023-07-02_17-20-05.csv
dgemm_oblas_optimized_epyc_epyc004_2023-07-02_17-20-05.csv,dgemm_oblas_optimized_epyc_epyc004_2023-07-02_17-20-05.csv,epyc004,rep 3 size 25000 srun -n1 --cpus-per-task=64 ./dgemm_oblas_optimized.x 25000 25000 25000>>dgemm_oblas_optimized_epyc_epyc004_2023-07-02_17-20-05.csv
dgemm_oblas_optimized_epyc_epyc004_2023-07-02_17-20-05.csv,dgemm_oblas_optimized_epyc_epyc004_2023-07-02_17-20-05.csv,epyc004,rep 3 size 24500 srun -n1 --cpus-per-task=64 ./dgemm_oblas_optimized.x 24500 24500 24500>>dgemm_oblas_optimized_epyc_epyc004_2023-07-02_17-20-05.csv
dgemm_oblas_optimized_epyc_epyc004_2023-07-02_17-20-05.csv,dgemm_oblas_optimized_epyc_epyc004_2023-07-02_17-20-05.csv,epyc004,rep 3 size 24000 srun -n1 --cpus-per-task=64 ./dgemm_oblas_optimized.x 24000 24000 24000>>dgemm_oblas_optimized_epyc_epyc004_2023-07-02_17-20-05.csv
dgemm_oblas_optimized_epyc_epyc004_2023-07-02_17-20-05.csv,dgemm_oblas_optimized_epyc_epyc004_2023-07-02_17-20-05.csv,epyc004,rep 3 size 23500 srun -n1 --cpus-per-task=64 ./dgemm_oblas_optimized.x 23500 23500 23500>>dgemm_oblas_optimized_epyc_epyc004_2023-07-02_17-20-05.csv
dgemm_oblas_optimized_epyc_epyc004_2023-07-02_17-20-05.csv,dgemm_oblas_optimized_epyc_epyc004_2023-07-02_17-20-05.csv,epyc004,rep 3 size 23000 srun -n1 --cpus-per-task=64 ./dgemm_oblas_optimized.x 23000 23000 23000>>dgemm_oblas_optimized_epyc_epyc004_2023-07-02_17-20-05.csv
dgemm_oblas_optimized_epyc_epyc004_2023-07-02_17-20-05.csv,dgemm_oblas_optimized_epyc_epyc004_2023-07-02_17-20-05.csv,epyc004,rep 3 size 22500 srun -n1 --cpus-per-task=64 ./dgemm_oblas_optimized.x 22500 22500 22500>>dgemm_oblas_optimized_epyc_epyc004_2023-07-02_17-20-05.csv
dgemm_oblas_optimized_epyc_epyc004_2023-07-02_17-20-05.csv,dgemm_oblas_optimized_epyc_epyc004_2023-07-02_17-20-05.csv,epyc004,rep 3 size 22000 srun -n1 --cpus-per-task=64 ./dgemm_oblas_optimized.x 22000 22000 22000>>dgemm_oblas_optimized_epyc_epyc004_2023-07-02_17-20-05.csv
dgemm_oblas_optimized_epyc_epyc004_2023-07-02_17-20-05.csv,dgemm_oblas_optimized_epyc_epyc004_2023-07-02_17-20-05.csv,epyc004,rep 3 size 21500 srun -n1 --cpus-per-task=64 ./dgemm_oblas_optimized.x 21500 21500 21500>>dgemm_oblas_optimized_epyc_epyc004_2023-07-02_17-20-05.csv
dgemm_oblas_optimized_epyc_epyc004_2023-07-02_17-20-05.csv,dgemm_oblas_optimized_epyc_epyc004_2023-07-02_17-20-05.csv,epyc004,rep 3 size 21000 srun -n1 --cpus-per-task=64 ./dgemm_oblas_optimized.x 21000 21000 21000>>dgemm_oblas_optimized_epyc_epyc004_2023-07-02_17-20-05.csv
dgemm_oblas_optimized_epyc_epyc004_2023-07-02_17-20-05.csv,dgemm_oblas_optimized_epyc_epyc004_2023-07-02_17-20-05.csv,epyc004,rep 3 size 20500 srun -n1 --cpus-per-task=64 ./dgemm_oblas_optimized.x 20500 20500 20500>>dgemm_oblas_optimized_epyc_epyc004_2023-07-02_17-20-05.csv
dgemm_oblas_optimized_epyc_epyc004_2023-07-02_17-20-05.csv,dgemm_oblas_optimized_epyc_epyc004_2023-07-02_17-20-05.csv,epyc004,rep 3 size 20000 srun -n1 --cpus-per-task=64 ./dgemm_oblas_optimized.x 20000 20000 20000>>dgemm_oblas_optimized_epyc_epyc004_2023-07-02_17-20-05.csv
dgemm_oblas_optimized_epyc_epyc004_2023-07-02_17-20-05.csv,dgemm_oblas_optimized_epyc_epyc004_2023-07-02_17-20-05.csv,epyc004,rep 4 size 30000 srun -n1 --cpus-per-task=64 ./dgemm_oblas_optimized.x 30000 30000 30000>>dgemm_oblas_optimized_epyc_epyc004_2023-07-02_17-20-05.csv
dgemm_oblas_optimized_epyc_epyc004_2023-07-02_17-20-05.csv,dgemm_oblas_optimized_epyc_epyc004_2023-07-02_17-20-05.csv,epyc004,rep 4 size 29500 srun -n1 --cpus-per-task=64 ./dgemm_oblas_optimized.x 29500 29500 29500>>dgemm_oblas_optimized_epyc_epyc004_2023-07-02_17-20-05.csv
dgemm_oblas_optimized_epyc_epyc004_2023-07-02_17-20-05.csv,dgemm_oblas_optimized_epyc_epyc004_2023-07-02_17-20-05.csv,epyc004,rep 4 size 29000 srun -n1 --cpus-per-task=64 ./dgemm_oblas_optimized.x 29000 29000 29000>>dgemm_oblas_optimized_epyc_epyc004_2023-07-02_17-20-05.csv
dgemm_oblas_optimized_epyc_epyc004_2023-07-02_17-20-05.csv,dgemm_oblas_optimized_epyc_epyc004_2023-07-02_17-20-05.csv,epyc004,rep 4 size 28500 srun -n1 --cpus-per-task=64 ./dgemm_oblas_optimized.x 28500 28500 28500>>dgemm_oblas_optimized_epyc_epyc004_2023-07-02_17-20-05.csv
dgemm_oblas_optimized_epyc_epyc004_2023-07-02_17-20-05.csv,dgemm_oblas_optimized_epyc_epyc004_2023-07-02_17-20-05.csv,epyc004,rep 4 size 28000 srun -n1 --cpus-per-task=64 ./dgemm_oblas_optimized.x 28000 28000 28000>>dgemm_oblas_optimized_epyc_epyc004_2023-07-02_17-20-05.csv
dgemm_oblas_optimized_epyc_epyc004_2023-07-02_17-20-05.csv,dgemm_oblas_optimized_epyc_epyc004_2023-07-02_17-20-05.csv,epyc004,rep 4 size 27500 srun -n1 --cpus-per-task=64 ./dgemm_oblas_optimized.x 27500 27500 27500>>dgemm_oblas_optimized_epyc_epyc004_2023-07-02_17-20-05.csv
dgemm_oblas_optimized_epyc_epyc004_2023-07-02_17-20-05.csv,dgemm_oblas_optimized_epyc_epyc004_2023-07-02_17-20-05.csv,epyc004,rep 4 size 27000 srun -n1 --cpus-per-task=64 ./dgemm_oblas_optimized.x 27000 27000 27000>>dgemm_oblas_optimized_epyc_epyc004_2023-07-02_17-20-05.csv
dgemm_oblas_optimized_epyc_epyc004_2023-07-02_17-20-05.csv,dgemm_oblas_optimized_epyc_epyc004_2023-07-02_17-20-05.csv,epyc004,rep 4 size 26500 srun -n1 --cpus-per-task=64 ./dgemm_oblas_optimized.x 26500 26500 26500>>dgemm_oblas_optimized_epyc_epyc004_2023-07-02_17-20-05.csv
dgemm_oblas_optimized_epyc_epyc004_2023-07-02_17-20-05.csv,dgemm_oblas_optimized_epyc_epyc004_2023-07-02_17-20-05.csv,epyc004,rep 4 size 26000 srun -n1 --cpus-per-task=64 ./dgemm_oblas_optimized.x 26000 26000 26000>>dgemm_oblas_optimized_epyc_epyc004_2023-07-02_17-20-05.csv
dgemm_oblas_optimized_epyc_epyc004_2023-07-02_17-20-05.csv,dgemm_oblas_optimized_epyc_epyc004_2023-07-02_17-20-05.csv,epyc004,rep 4 size 25500 srun -n1 --cpus-per-task=64 ./dgemm_oblas_optimized.x 25500 25500 25500>>dgemm_oblas_optimized_epyc_epyc004_2023-07-02_17-20-05.csv
dgemm_oblas_optimized_epyc_epyc004_2023-07-02_17-20-05.csv,dgemm_oblas_optimized_epyc_epyc004_2023-07-02_17-20-05.csv,epyc004,rep 4 size 25000 srun -n1 --cpus-per-task=64 ./dgemm_oblas_optimized.x 25000 25000 25000>>dgemm_oblas_optimized_epyc_epyc004_2023-07-02_17-20-05.csv
dgemm_oblas_optimized_epyc_epyc004_2023-07-02_17-20-05.csv,dgemm_oblas_optimized_epyc_epyc004_2023-07-02_17-20-05.csv,epyc004,rep 4 size 24500 srun -n1 --cpus-per-task=64 ./dgemm_oblas_optimized.x 24500 24500 24500>>dgemm_oblas_optimized_epyc_epyc004_2023-07-02_17-20-05.csv
dgemm_oblas_optimized_epyc_epyc004_2023-07-02_17-20-05.csv,dgemm_oblas_optimized_epyc_epyc004_2023-07-02_17-20-05.csv,epyc004,rep 4 size 24000 srun -n1 --cpus-per-task=64 ./dgemm_oblas_optimized.x 24000 24000 24000>>dgemm_oblas_optimized_epyc_epyc004_2023-07-02_17-20-05.csv
dgemm_oblas_optimized_epyc_epyc004_2023-07-02_17-20-05.csv,dgemm_oblas_optimized_epyc_epyc004_2023-07-02_17-20-05.csv,epyc004,rep 4 size 23500 srun -n1 --cpus-per-task=64 ./dgemm_oblas_optimized.x 23500 23500 23500>>dgemm_oblas_optimized_epyc_epyc004_2023-07-02_17-20-05.csv
dgemm_oblas_optimized_epyc_epyc004_2023-07-02_17-20-05.csv,dgemm_oblas_optimized_epyc_epyc004_2023-07-02_17-20-05.csv,epyc004,rep 4 size 23000 srun -n1 --cpus-per-task=64 ./dgemm_oblas_optimized.x 23000 23000 23000>>dgemm_oblas_optimized_epyc_epyc004_2023-07-02_17-20-05.csv
dgemm_oblas_optimized_epyc_epyc004_2023-07-02_17-20-05.csv,dgemm_oblas_optimized_epyc_epyc004_2023-07-02_17-20-05.csv,epyc004,rep 4 size 22500 srun -n1 --cpus-per-task=64 ./dgemm_oblas_optimized.x 22500 22500 22500>>dgemm_oblas_optimized_epyc_epyc004_2023-07-02_17-20-05.csv
dgemm_oblas_optimized_epyc_epyc004_2023-07-02_17-20-05.csv,dgemm_oblas_optimized_epyc_epyc004_2023-07-02_17-20-05.csv,epyc004,rep 4 size 22000 srun -n1 --cpus-per-task=64 ./dgemm_oblas_optimized.x 22000 22000 22000>>dgemm_oblas_optimized_epyc_epyc004_2023-07-02_17-20-05.csv
dgemm_oblas_optimized_epyc_epyc004_2023-07-02_17-20-05.csv,dgemm_oblas_optimized_epyc_epyc004_2023-07-02_17-20-05.csv,epyc004,rep 4 size 21500 srun -n1 --cpus-per-task=64 ./dgemm_oblas_optimized.x 21500 21500 21500>>dgemm_oblas_optimized_epyc_epyc004_2023-07-02_17-20-05.csv
dgemm_oblas_optimized_epyc_epyc004_2023-07-02_17-20-05.csv,dgemm_oblas_optimized_epyc_epyc004_2023-07-02_17-20-05.csv,epyc004,rep 4 size 21000 srun -n1 --cpus-per-task=64 ./dgemm_oblas_optimized.x 21000 21000 21000>>dgemm_oblas_optimized_epyc_epyc004_2023-07-02_17-20-05.csv
dgemm_oblas_optimized_epyc_epyc004_2023-07-02_17-20-05.csv,dgemm_oblas_optimized_epyc_epyc004_2023-07-02_17-20-05.csv,epyc004,rep 4 size 20500 srun -n1 --cpus-per-task=64 ./dgemm_oblas_optimized.x 20500 20500 20500>>dgemm_oblas_optimized_epyc_epyc004_2023-07-02_17-20-05.csv
dgemm_oblas_optimized_epyc_epyc004_2023-07-02_17-20-05.csv,dgemm_oblas_optimized_epyc_epyc004_2023-07-02_17-20-05.csv,epyc004,rep 4 size 20000 srun -n1 --cpus-per-task=64 ./dgemm_oblas_optimized.x 20000 20000 20000>>dgemm_oblas_optimized_epyc_epyc004_2023-07-02_17-20-05.csv
dgemm_oblas_optimized_epyc_epyc004_2023-07-02_17-20-05.csv,dgemm_oblas_optimized_epyc_epyc004_2023-07-02_17-20-05.csv,epyc004,rep 5 size 30000 srun -n1 --cpus-per-task=64 ./dgemm_oblas_optimized.x 30000 30000 30000>>dgemm_oblas_optimized_epyc_epyc004_2023-07-02_17-20-05.csv
srun: Job step aborted: Waiting up to 32 seconds for job step to finish.
slurmstepd: error: *** JOB 15519 ON epyc004 CANCELLED AT 2023-07-02T18:09:49 DUE TO TIME LIMIT ***
slurmstepd: error: *** STEP 15519.189 ON epyc004 CANCELLED AT 2023-07-02T18:09:49 DUE TO TIME LIMIT ***
