Loading mkl version 2022.2.1
Loading tbb version 2021.7.1
Loading compiler-rt version 2022.2.1
size scalability begin
dgemm_thin_job_17109.out	dgemm_oblas_optimized_thin_thin006_2023-07-10_03-54-01.csv	thin006	rep 1 size 30000 OMP_PLACES=cores OMP_PROC_BIND=close OMP_NUM_THREADS=12 BLIS_NUM_THREADS=12 srun -n1 --cpus-per-task=12 ./dgemm_oblas_optimized.x 30000 30000 30000>>dgemm_oblas_optimized_thin_thin006_2023-07-10_03-54-01.csv
dgemm_thin_job_17109.out	dgemm_oblas_optimized_thin_thin006_2023-07-10_03-54-01.csv	thin006	rep 1 size 30000 OMP_PLACES=cores OMP_PROC_BIND=close OMP_NUM_THREADS=11 BLIS_NUM_THREADS=11 srun -n1 --cpus-per-task=11 ./dgemm_oblas_optimized.x 30000 30000 30000>>dgemm_oblas_optimized_thin_thin006_2023-07-10_03-54-01.csv
dgemm_thin_job_17109.out	dgemm_oblas_optimized_thin_thin006_2023-07-10_03-54-01.csv	thin006	rep 1 size 30000 OMP_PLACES=cores OMP_PROC_BIND=close OMP_NUM_THREADS=10 BLIS_NUM_THREADS=10 srun -n1 --cpus-per-task=10 ./dgemm_oblas_optimized.x 30000 30000 30000>>dgemm_oblas_optimized_thin_thin006_2023-07-10_03-54-01.csv
dgemm_thin_job_17109.out	dgemm_oblas_optimized_thin_thin006_2023-07-10_03-54-01.csv	thin006	rep 1 size 30000 OMP_PLACES=cores OMP_PROC_BIND=close OMP_NUM_THREADS=9 BLIS_NUM_THREADS=9 srun -n1 --cpus-per-task=9 ./dgemm_oblas_optimized.x 30000 30000 30000>>dgemm_oblas_optimized_thin_thin006_2023-07-10_03-54-01.csv
dgemm_thin_job_17109.out	dgemm_oblas_optimized_thin_thin006_2023-07-10_03-54-01.csv	thin006	rep 1 size 30000 OMP_PLACES=cores OMP_PROC_BIND=close OMP_NUM_THREADS=8 BLIS_NUM_THREADS=8 srun -n1 --cpus-per-task=8 ./dgemm_oblas_optimized.x 30000 30000 30000>>dgemm_oblas_optimized_thin_thin006_2023-07-10_03-54-01.csv
dgemm_thin_job_17109.out	dgemm_oblas_optimized_thin_thin006_2023-07-10_03-54-01.csv	thin006	rep 1 size 30000 OMP_PLACES=cores OMP_PROC_BIND=close OMP_NUM_THREADS=7 BLIS_NUM_THREADS=7 srun -n1 --cpus-per-task=7 ./dgemm_oblas_optimized.x 30000 30000 30000>>dgemm_oblas_optimized_thin_thin006_2023-07-10_03-54-01.csv
dgemm_thin_job_17109.out	dgemm_oblas_optimized_thin_thin006_2023-07-10_03-54-01.csv	thin006	rep 1 size 30000 OMP_PLACES=cores OMP_PROC_BIND=close OMP_NUM_THREADS=6 BLIS_NUM_THREADS=6 srun -n1 --cpus-per-task=6 ./dgemm_oblas_optimized.x 30000 30000 30000>>dgemm_oblas_optimized_thin_thin006_2023-07-10_03-54-01.csv
dgemm_thin_job_17109.out	dgemm_oblas_optimized_thin_thin006_2023-07-10_03-54-01.csv	thin006	rep 1 size 30000 OMP_PLACES=cores OMP_PROC_BIND=close OMP_NUM_THREADS=5 BLIS_NUM_THREADS=5 srun -n1 --cpus-per-task=5 ./dgemm_oblas_optimized.x 30000 30000 30000>>dgemm_oblas_optimized_thin_thin006_2023-07-10_03-54-01.csv
dgemm_thin_job_17109.out	dgemm_oblas_optimized_thin_thin006_2023-07-10_03-54-01.csv	thin006	rep 1 size 30000 OMP_PLACES=cores OMP_PROC_BIND=close OMP_NUM_THREADS=4 BLIS_NUM_THREADS=4 srun -n1 --cpus-per-task=4 ./dgemm_oblas_optimized.x 30000 30000 30000>>dgemm_oblas_optimized_thin_thin006_2023-07-10_03-54-01.csv
dgemm_thin_job_17109.out	dgemm_oblas_optimized_thin_thin006_2023-07-10_03-54-01.csv	thin006	rep 1 size 30000 OMP_PLACES=cores OMP_PROC_BIND=close OMP_NUM_THREADS=3 BLIS_NUM_THREADS=3 srun -n1 --cpus-per-task=3 ./dgemm_oblas_optimized.x 30000 30000 30000>>dgemm_oblas_optimized_thin_thin006_2023-07-10_03-54-01.csv
dgemm_thin_job_17109.out	dgemm_oblas_optimized_thin_thin006_2023-07-10_03-54-01.csv	thin006	rep 1 size 30000 OMP_PLACES=cores OMP_PROC_BIND=close OMP_NUM_THREADS=2 BLIS_NUM_THREADS=2 srun -n1 --cpus-per-task=2 ./dgemm_oblas_optimized.x 30000 30000 30000>>dgemm_oblas_optimized_thin_thin006_2023-07-10_03-54-01.csv
dgemm_thin_job_17109.out	dgemm_oblas_optimized_thin_thin006_2023-07-10_03-54-01.csv	thin006	rep 1 size 30000 OMP_PLACES=cores OMP_PROC_BIND=close OMP_NUM_THREADS=1 BLIS_NUM_THREADS=1 srun -n1 --cpus-per-task=1 ./dgemm_oblas_optimized.x 30000 30000 30000>>dgemm_oblas_optimized_thin_thin006_2023-07-10_03-54-01.csv
dgemm_thin_job_17109.out	dgemm_oblas_optimized_thin_thin006_2023-07-10_03-54-01.csv	thin006	rep 2 size 30000 OMP_PLACES=cores OMP_PROC_BIND=close OMP_NUM_THREADS=12 BLIS_NUM_THREADS=12 srun -n1 --cpus-per-task=12 ./dgemm_oblas_optimized.x 30000 30000 30000>>dgemm_oblas_optimized_thin_thin006_2023-07-10_03-54-01.csv
dgemm_thin_job_17109.out	dgemm_oblas_optimized_thin_thin006_2023-07-10_03-54-01.csv	thin006	rep 2 size 30000 OMP_PLACES=cores OMP_PROC_BIND=close OMP_NUM_THREADS=11 BLIS_NUM_THREADS=11 srun -n1 --cpus-per-task=11 ./dgemm_oblas_optimized.x 30000 30000 30000>>dgemm_oblas_optimized_thin_thin006_2023-07-10_03-54-01.csv
dgemm_thin_job_17109.out	dgemm_oblas_optimized_thin_thin006_2023-07-10_03-54-01.csv	thin006	rep 2 size 30000 OMP_PLACES=cores OMP_PROC_BIND=close OMP_NUM_THREADS=10 BLIS_NUM_THREADS=10 srun -n1 --cpus-per-task=10 ./dgemm_oblas_optimized.x 30000 30000 30000>>dgemm_oblas_optimized_thin_thin006_2023-07-10_03-54-01.csv
dgemm_thin_job_17109.out	dgemm_oblas_optimized_thin_thin006_2023-07-10_03-54-01.csv	thin006	rep 2 size 30000 OMP_PLACES=cores OMP_PROC_BIND=close OMP_NUM_THREADS=9 BLIS_NUM_THREADS=9 srun -n1 --cpus-per-task=9 ./dgemm_oblas_optimized.x 30000 30000 30000>>dgemm_oblas_optimized_thin_thin006_2023-07-10_03-54-01.csv
dgemm_thin_job_17109.out	dgemm_oblas_optimized_thin_thin006_2023-07-10_03-54-01.csv	thin006	rep 2 size 30000 OMP_PLACES=cores OMP_PROC_BIND=close OMP_NUM_THREADS=8 BLIS_NUM_THREADS=8 srun -n1 --cpus-per-task=8 ./dgemm_oblas_optimized.x 30000 30000 30000>>dgemm_oblas_optimized_thin_thin006_2023-07-10_03-54-01.csv
dgemm_thin_job_17109.out	dgemm_oblas_optimized_thin_thin006_2023-07-10_03-54-01.csv	thin006	rep 2 size 30000 OMP_PLACES=cores OMP_PROC_BIND=close OMP_NUM_THREADS=7 BLIS_NUM_THREADS=7 srun -n1 --cpus-per-task=7 ./dgemm_oblas_optimized.x 30000 30000 30000>>dgemm_oblas_optimized_thin_thin006_2023-07-10_03-54-01.csv
dgemm_thin_job_17109.out	dgemm_oblas_optimized_thin_thin006_2023-07-10_03-54-01.csv	thin006	rep 2 size 30000 OMP_PLACES=cores OMP_PROC_BIND=close OMP_NUM_THREADS=6 BLIS_NUM_THREADS=6 srun -n1 --cpus-per-task=6 ./dgemm_oblas_optimized.x 30000 30000 30000>>dgemm_oblas_optimized_thin_thin006_2023-07-10_03-54-01.csv
dgemm_thin_job_17109.out	dgemm_oblas_optimized_thin_thin006_2023-07-10_03-54-01.csv	thin006	rep 2 size 30000 OMP_PLACES=cores OMP_PROC_BIND=close OMP_NUM_THREADS=5 BLIS_NUM_THREADS=5 srun -n1 --cpus-per-task=5 ./dgemm_oblas_optimized.x 30000 30000 30000>>dgemm_oblas_optimized_thin_thin006_2023-07-10_03-54-01.csv
dgemm_thin_job_17109.out	dgemm_oblas_optimized_thin_thin006_2023-07-10_03-54-01.csv	thin006	rep 2 size 30000 OMP_PLACES=cores OMP_PROC_BIND=close OMP_NUM_THREADS=4 BLIS_NUM_THREADS=4 srun -n1 --cpus-per-task=4 ./dgemm_oblas_optimized.x 30000 30000 30000>>dgemm_oblas_optimized_thin_thin006_2023-07-10_03-54-01.csv
dgemm_thin_job_17109.out	dgemm_oblas_optimized_thin_thin006_2023-07-10_03-54-01.csv	thin006	rep 2 size 30000 OMP_PLACES=cores OMP_PROC_BIND=close OMP_NUM_THREADS=3 BLIS_NUM_THREADS=3 srun -n1 --cpus-per-task=3 ./dgemm_oblas_optimized.x 30000 30000 30000>>dgemm_oblas_optimized_thin_thin006_2023-07-10_03-54-01.csv
dgemm_thin_job_17109.out	dgemm_oblas_optimized_thin_thin006_2023-07-10_03-54-01.csv	thin006	rep 2 size 30000 OMP_PLACES=cores OMP_PROC_BIND=close OMP_NUM_THREADS=2 BLIS_NUM_THREADS=2 srun -n1 --cpus-per-task=2 ./dgemm_oblas_optimized.x 30000 30000 30000>>dgemm_oblas_optimized_thin_thin006_2023-07-10_03-54-01.csv
dgemm_thin_job_17109.out	dgemm_oblas_optimized_thin_thin006_2023-07-10_03-54-01.csv	thin006	rep 2 size 30000 OMP_PLACES=cores OMP_PROC_BIND=close OMP_NUM_THREADS=1 BLIS_NUM_THREADS=1 srun -n1 --cpus-per-task=1 ./dgemm_oblas_optimized.x 30000 30000 30000>>dgemm_oblas_optimized_thin_thin006_2023-07-10_03-54-01.csv
dgemm_thin_job_17109.out	dgemm_oblas_optimized_thin_thin006_2023-07-10_03-54-01.csv	thin006	rep 3 size 30000 OMP_PLACES=cores OMP_PROC_BIND=close OMP_NUM_THREADS=12 BLIS_NUM_THREADS=12 srun -n1 --cpus-per-task=12 ./dgemm_oblas_optimized.x 30000 30000 30000>>dgemm_oblas_optimized_thin_thin006_2023-07-10_03-54-01.csv
dgemm_thin_job_17109.out	dgemm_oblas_optimized_thin_thin006_2023-07-10_03-54-01.csv	thin006	rep 3 size 30000 OMP_PLACES=cores OMP_PROC_BIND=close OMP_NUM_THREADS=11 BLIS_NUM_THREADS=11 srun -n1 --cpus-per-task=11 ./dgemm_oblas_optimized.x 30000 30000 30000>>dgemm_oblas_optimized_thin_thin006_2023-07-10_03-54-01.csv
dgemm_thin_job_17109.out	dgemm_oblas_optimized_thin_thin006_2023-07-10_03-54-01.csv	thin006	rep 3 size 30000 OMP_PLACES=cores OMP_PROC_BIND=close OMP_NUM_THREADS=10 BLIS_NUM_THREADS=10 srun -n1 --cpus-per-task=10 ./dgemm_oblas_optimized.x 30000 30000 30000>>dgemm_oblas_optimized_thin_thin006_2023-07-10_03-54-01.csv
dgemm_thin_job_17109.out	dgemm_oblas_optimized_thin_thin006_2023-07-10_03-54-01.csv	thin006	rep 3 size 30000 OMP_PLACES=cores OMP_PROC_BIND=close OMP_NUM_THREADS=9 BLIS_NUM_THREADS=9 srun -n1 --cpus-per-task=9 ./dgemm_oblas_optimized.x 30000 30000 30000>>dgemm_oblas_optimized_thin_thin006_2023-07-10_03-54-01.csv
dgemm_thin_job_17109.out	dgemm_oblas_optimized_thin_thin006_2023-07-10_03-54-01.csv	thin006	rep 3 size 30000 OMP_PLACES=cores OMP_PROC_BIND=close OMP_NUM_THREADS=8 BLIS_NUM_THREADS=8 srun -n1 --cpus-per-task=8 ./dgemm_oblas_optimized.x 30000 30000 30000>>dgemm_oblas_optimized_thin_thin006_2023-07-10_03-54-01.csv
dgemm_thin_job_17109.out	dgemm_oblas_optimized_thin_thin006_2023-07-10_03-54-01.csv	thin006	rep 3 size 30000 OMP_PLACES=cores OMP_PROC_BIND=close OMP_NUM_THREADS=7 BLIS_NUM_THREADS=7 srun -n1 --cpus-per-task=7 ./dgemm_oblas_optimized.x 30000 30000 30000>>dgemm_oblas_optimized_thin_thin006_2023-07-10_03-54-01.csv
dgemm_thin_job_17109.out	dgemm_oblas_optimized_thin_thin006_2023-07-10_03-54-01.csv	thin006	rep 3 size 30000 OMP_PLACES=cores OMP_PROC_BIND=close OMP_NUM_THREADS=6 BLIS_NUM_THREADS=6 srun -n1 --cpus-per-task=6 ./dgemm_oblas_optimized.x 30000 30000 30000>>dgemm_oblas_optimized_thin_thin006_2023-07-10_03-54-01.csv
dgemm_thin_job_17109.out	dgemm_oblas_optimized_thin_thin006_2023-07-10_03-54-01.csv	thin006	rep 3 size 30000 OMP_PLACES=cores OMP_PROC_BIND=close OMP_NUM_THREADS=5 BLIS_NUM_THREADS=5 srun -n1 --cpus-per-task=5 ./dgemm_oblas_optimized.x 30000 30000 30000>>dgemm_oblas_optimized_thin_thin006_2023-07-10_03-54-01.csv
dgemm_thin_job_17109.out	dgemm_oblas_optimized_thin_thin006_2023-07-10_03-54-01.csv	thin006	rep 3 size 30000 OMP_PLACES=cores OMP_PROC_BIND=close OMP_NUM_THREADS=4 BLIS_NUM_THREADS=4 srun -n1 --cpus-per-task=4 ./dgemm_oblas_optimized.x 30000 30000 30000>>dgemm_oblas_optimized_thin_thin006_2023-07-10_03-54-01.csv
dgemm_thin_job_17109.out	dgemm_oblas_optimized_thin_thin006_2023-07-10_03-54-01.csv	thin006	rep 3 size 30000 OMP_PLACES=cores OMP_PROC_BIND=close OMP_NUM_THREADS=3 BLIS_NUM_THREADS=3 srun -n1 --cpus-per-task=3 ./dgemm_oblas_optimized.x 30000 30000 30000>>dgemm_oblas_optimized_thin_thin006_2023-07-10_03-54-01.csv
dgemm_thin_job_17109.out	dgemm_oblas_optimized_thin_thin006_2023-07-10_03-54-01.csv	thin006	rep 3 size 30000 OMP_PLACES=cores OMP_PROC_BIND=close OMP_NUM_THREADS=2 BLIS_NUM_THREADS=2 srun -n1 --cpus-per-task=2 ./dgemm_oblas_optimized.x 30000 30000 30000>>dgemm_oblas_optimized_thin_thin006_2023-07-10_03-54-01.csv
srun: Job step aborted: Waiting up to 32 seconds for job step to finish.
slurmstepd: error: *** JOB 17109 ON thin006 CANCELLED AT 2023-07-10T05:54:27 DUE TO TIME LIMIT ***
slurmstepd: error: *** STEP 17109.34 ON thin006 CANCELLED AT 2023-07-10T05:54:27 DUE TO TIME LIMIT ***
