Loading mkl version 2022.2.1
Loading tbb version 2021.7.1
Loading compiler-rt version 2022.2.1
size scalability begin
sgemm_thin_job_17333.out	sgemm_mkl_optimized_thin_thin007_2023-07-11_00-14-36.csv	thin007	rep 1 size 30000 OMP_PLACES=cores OMP_PROC_BIND=spread OMP_NUM_THREADS=24 BLIS_NUM_THREADS=24 srun -n1 --cpus-per-task=24 ./sgemm_mkl_optimized.x 30000 30000 30000>>sgemm_mkl_optimized_thin_thin007_2023-07-11_00-14-36.csv
sgemm_thin_job_17333.out	sgemm_mkl_optimized_thin_thin007_2023-07-11_00-14-36.csv	thin007	rep 1 size 30000 OMP_PLACES=cores OMP_PROC_BIND=spread OMP_NUM_THREADS=23 BLIS_NUM_THREADS=23 srun -n1 --cpus-per-task=23 ./sgemm_mkl_optimized.x 30000 30000 30000>>sgemm_mkl_optimized_thin_thin007_2023-07-11_00-14-36.csv
sgemm_thin_job_17333.out	sgemm_mkl_optimized_thin_thin007_2023-07-11_00-14-36.csv	thin007	rep 1 size 30000 OMP_PLACES=cores OMP_PROC_BIND=spread OMP_NUM_THREADS=22 BLIS_NUM_THREADS=22 srun -n1 --cpus-per-task=22 ./sgemm_mkl_optimized.x 30000 30000 30000>>sgemm_mkl_optimized_thin_thin007_2023-07-11_00-14-36.csv
sgemm_thin_job_17333.out	sgemm_mkl_optimized_thin_thin007_2023-07-11_00-14-36.csv	thin007	rep 1 size 30000 OMP_PLACES=cores OMP_PROC_BIND=spread OMP_NUM_THREADS=21 BLIS_NUM_THREADS=21 srun -n1 --cpus-per-task=21 ./sgemm_mkl_optimized.x 30000 30000 30000>>sgemm_mkl_optimized_thin_thin007_2023-07-11_00-14-36.csv
sgemm_thin_job_17333.out	sgemm_mkl_optimized_thin_thin007_2023-07-11_00-14-36.csv	thin007	rep 1 size 30000 OMP_PLACES=cores OMP_PROC_BIND=spread OMP_NUM_THREADS=20 BLIS_NUM_THREADS=20 srun -n1 --cpus-per-task=20 ./sgemm_mkl_optimized.x 30000 30000 30000>>sgemm_mkl_optimized_thin_thin007_2023-07-11_00-14-36.csv
sgemm_thin_job_17333.out	sgemm_mkl_optimized_thin_thin007_2023-07-11_00-14-36.csv	thin007	rep 1 size 30000 OMP_PLACES=cores OMP_PROC_BIND=spread OMP_NUM_THREADS=19 BLIS_NUM_THREADS=19 srun -n1 --cpus-per-task=19 ./sgemm_mkl_optimized.x 30000 30000 30000>>sgemm_mkl_optimized_thin_thin007_2023-07-11_00-14-36.csv
sgemm_thin_job_17333.out	sgemm_mkl_optimized_thin_thin007_2023-07-11_00-14-36.csv	thin007	rep 1 size 30000 OMP_PLACES=cores OMP_PROC_BIND=spread OMP_NUM_THREADS=18 BLIS_NUM_THREADS=18 srun -n1 --cpus-per-task=18 ./sgemm_mkl_optimized.x 30000 30000 30000>>sgemm_mkl_optimized_thin_thin007_2023-07-11_00-14-36.csv
sgemm_thin_job_17333.out	sgemm_mkl_optimized_thin_thin007_2023-07-11_00-14-36.csv	thin007	rep 1 size 30000 OMP_PLACES=cores OMP_PROC_BIND=spread OMP_NUM_THREADS=17 BLIS_NUM_THREADS=17 srun -n1 --cpus-per-task=17 ./sgemm_mkl_optimized.x 30000 30000 30000>>sgemm_mkl_optimized_thin_thin007_2023-07-11_00-14-36.csv
sgemm_thin_job_17333.out	sgemm_mkl_optimized_thin_thin007_2023-07-11_00-14-36.csv	thin007	rep 1 size 30000 OMP_PLACES=cores OMP_PROC_BIND=spread OMP_NUM_THREADS=16 BLIS_NUM_THREADS=16 srun -n1 --cpus-per-task=16 ./sgemm_mkl_optimized.x 30000 30000 30000>>sgemm_mkl_optimized_thin_thin007_2023-07-11_00-14-36.csv
sgemm_thin_job_17333.out	sgemm_mkl_optimized_thin_thin007_2023-07-11_00-14-36.csv	thin007	rep 1 size 30000 OMP_PLACES=cores OMP_PROC_BIND=spread OMP_NUM_THREADS=15 BLIS_NUM_THREADS=15 srun -n1 --cpus-per-task=15 ./sgemm_mkl_optimized.x 30000 30000 30000>>sgemm_mkl_optimized_thin_thin007_2023-07-11_00-14-36.csv
sgemm_thin_job_17333.out	sgemm_mkl_optimized_thin_thin007_2023-07-11_00-14-36.csv	thin007	rep 1 size 30000 OMP_PLACES=cores OMP_PROC_BIND=spread OMP_NUM_THREADS=14 BLIS_NUM_THREADS=14 srun -n1 --cpus-per-task=14 ./sgemm_mkl_optimized.x 30000 30000 30000>>sgemm_mkl_optimized_thin_thin007_2023-07-11_00-14-36.csv
sgemm_thin_job_17333.out	sgemm_mkl_optimized_thin_thin007_2023-07-11_00-14-36.csv	thin007	rep 1 size 30000 OMP_PLACES=cores OMP_PROC_BIND=spread OMP_NUM_THREADS=13 BLIS_NUM_THREADS=13 srun -n1 --cpus-per-task=13 ./sgemm_mkl_optimized.x 30000 30000 30000>>sgemm_mkl_optimized_thin_thin007_2023-07-11_00-14-36.csv
sgemm_thin_job_17333.out	sgemm_mkl_optimized_thin_thin007_2023-07-11_00-14-36.csv	thin007	rep 1 size 30000 OMP_PLACES=cores OMP_PROC_BIND=spread OMP_NUM_THREADS=12 BLIS_NUM_THREADS=12 srun -n1 --cpus-per-task=12 ./sgemm_mkl_optimized.x 30000 30000 30000>>sgemm_mkl_optimized_thin_thin007_2023-07-11_00-14-36.csv
sgemm_thin_job_17333.out	sgemm_mkl_optimized_thin_thin007_2023-07-11_00-14-36.csv	thin007	rep 1 size 30000 OMP_PLACES=cores OMP_PROC_BIND=spread OMP_NUM_THREADS=11 BLIS_NUM_THREADS=11 srun -n1 --cpus-per-task=11 ./sgemm_mkl_optimized.x 30000 30000 30000>>sgemm_mkl_optimized_thin_thin007_2023-07-11_00-14-36.csv
sgemm_thin_job_17333.out	sgemm_mkl_optimized_thin_thin007_2023-07-11_00-14-36.csv	thin007	rep 1 size 30000 OMP_PLACES=cores OMP_PROC_BIND=spread OMP_NUM_THREADS=10 BLIS_NUM_THREADS=10 srun -n1 --cpus-per-task=10 ./sgemm_mkl_optimized.x 30000 30000 30000>>sgemm_mkl_optimized_thin_thin007_2023-07-11_00-14-36.csv
sgemm_thin_job_17333.out	sgemm_mkl_optimized_thin_thin007_2023-07-11_00-14-36.csv	thin007	rep 1 size 30000 OMP_PLACES=cores OMP_PROC_BIND=spread OMP_NUM_THREADS=9 BLIS_NUM_THREADS=9 srun -n1 --cpus-per-task=9 ./sgemm_mkl_optimized.x 30000 30000 30000>>sgemm_mkl_optimized_thin_thin007_2023-07-11_00-14-36.csv
sgemm_thin_job_17333.out	sgemm_mkl_optimized_thin_thin007_2023-07-11_00-14-36.csv	thin007	rep 1 size 30000 OMP_PLACES=cores OMP_PROC_BIND=spread OMP_NUM_THREADS=8 BLIS_NUM_THREADS=8 srun -n1 --cpus-per-task=8 ./sgemm_mkl_optimized.x 30000 30000 30000>>sgemm_mkl_optimized_thin_thin007_2023-07-11_00-14-36.csv
sgemm_thin_job_17333.out	sgemm_mkl_optimized_thin_thin007_2023-07-11_00-14-36.csv	thin007	rep 1 size 30000 OMP_PLACES=cores OMP_PROC_BIND=spread OMP_NUM_THREADS=7 BLIS_NUM_THREADS=7 srun -n1 --cpus-per-task=7 ./sgemm_mkl_optimized.x 30000 30000 30000>>sgemm_mkl_optimized_thin_thin007_2023-07-11_00-14-36.csv
sgemm_thin_job_17333.out	sgemm_mkl_optimized_thin_thin007_2023-07-11_00-14-36.csv	thin007	rep 1 size 30000 OMP_PLACES=cores OMP_PROC_BIND=spread OMP_NUM_THREADS=6 BLIS_NUM_THREADS=6 srun -n1 --cpus-per-task=6 ./sgemm_mkl_optimized.x 30000 30000 30000>>sgemm_mkl_optimized_thin_thin007_2023-07-11_00-14-36.csv
sgemm_thin_job_17333.out	sgemm_mkl_optimized_thin_thin007_2023-07-11_00-14-36.csv	thin007	rep 1 size 30000 OMP_PLACES=cores OMP_PROC_BIND=spread OMP_NUM_THREADS=5 BLIS_NUM_THREADS=5 srun -n1 --cpus-per-task=5 ./sgemm_mkl_optimized.x 30000 30000 30000>>sgemm_mkl_optimized_thin_thin007_2023-07-11_00-14-36.csv
sgemm_thin_job_17333.out	sgemm_mkl_optimized_thin_thin007_2023-07-11_00-14-36.csv	thin007	rep 1 size 30000 OMP_PLACES=cores OMP_PROC_BIND=spread OMP_NUM_THREADS=4 BLIS_NUM_THREADS=4 srun -n1 --cpus-per-task=4 ./sgemm_mkl_optimized.x 30000 30000 30000>>sgemm_mkl_optimized_thin_thin007_2023-07-11_00-14-36.csv
sgemm_thin_job_17333.out	sgemm_mkl_optimized_thin_thin007_2023-07-11_00-14-36.csv	thin007	rep 1 size 30000 OMP_PLACES=cores OMP_PROC_BIND=spread OMP_NUM_THREADS=3 BLIS_NUM_THREADS=3 srun -n1 --cpus-per-task=3 ./sgemm_mkl_optimized.x 30000 30000 30000>>sgemm_mkl_optimized_thin_thin007_2023-07-11_00-14-36.csv
sgemm_thin_job_17333.out	sgemm_mkl_optimized_thin_thin007_2023-07-11_00-14-36.csv	thin007	rep 1 size 30000 OMP_PLACES=cores OMP_PROC_BIND=spread OMP_NUM_THREADS=2 BLIS_NUM_THREADS=2 srun -n1 --cpus-per-task=2 ./sgemm_mkl_optimized.x 30000 30000 30000>>sgemm_mkl_optimized_thin_thin007_2023-07-11_00-14-36.csv
sgemm_thin_job_17333.out	sgemm_mkl_optimized_thin_thin007_2023-07-11_00-14-36.csv	thin007	rep 1 size 30000 OMP_PLACES=cores OMP_PROC_BIND=spread OMP_NUM_THREADS=1 BLIS_NUM_THREADS=1 srun -n1 --cpus-per-task=1 ./sgemm_mkl_optimized.x 30000 30000 30000>>sgemm_mkl_optimized_thin_thin007_2023-07-11_00-14-36.csv
sgemm_thin_job_17333.out	sgemm_mkl_optimized_thin_thin007_2023-07-11_00-14-36.csv	thin007	rep 2 size 30000 OMP_PLACES=cores OMP_PROC_BIND=spread OMP_NUM_THREADS=24 BLIS_NUM_THREADS=24 srun -n1 --cpus-per-task=24 ./sgemm_mkl_optimized.x 30000 30000 30000>>sgemm_mkl_optimized_thin_thin007_2023-07-11_00-14-36.csv
sgemm_thin_job_17333.out	sgemm_mkl_optimized_thin_thin007_2023-07-11_00-14-36.csv	thin007	rep 2 size 30000 OMP_PLACES=cores OMP_PROC_BIND=spread OMP_NUM_THREADS=23 BLIS_NUM_THREADS=23 srun -n1 --cpus-per-task=23 ./sgemm_mkl_optimized.x 30000 30000 30000>>sgemm_mkl_optimized_thin_thin007_2023-07-11_00-14-36.csv
sgemm_thin_job_17333.out	sgemm_mkl_optimized_thin_thin007_2023-07-11_00-14-36.csv	thin007	rep 2 size 30000 OMP_PLACES=cores OMP_PROC_BIND=spread OMP_NUM_THREADS=22 BLIS_NUM_THREADS=22 srun -n1 --cpus-per-task=22 ./sgemm_mkl_optimized.x 30000 30000 30000>>sgemm_mkl_optimized_thin_thin007_2023-07-11_00-14-36.csv
sgemm_thin_job_17333.out	sgemm_mkl_optimized_thin_thin007_2023-07-11_00-14-36.csv	thin007	rep 2 size 30000 OMP_PLACES=cores OMP_PROC_BIND=spread OMP_NUM_THREADS=21 BLIS_NUM_THREADS=21 srun -n1 --cpus-per-task=21 ./sgemm_mkl_optimized.x 30000 30000 30000>>sgemm_mkl_optimized_thin_thin007_2023-07-11_00-14-36.csv
sgemm_thin_job_17333.out	sgemm_mkl_optimized_thin_thin007_2023-07-11_00-14-36.csv	thin007	rep 2 size 30000 OMP_PLACES=cores OMP_PROC_BIND=spread OMP_NUM_THREADS=20 BLIS_NUM_THREADS=20 srun -n1 --cpus-per-task=20 ./sgemm_mkl_optimized.x 30000 30000 30000>>sgemm_mkl_optimized_thin_thin007_2023-07-11_00-14-36.csv
sgemm_thin_job_17333.out	sgemm_mkl_optimized_thin_thin007_2023-07-11_00-14-36.csv	thin007	rep 2 size 30000 OMP_PLACES=cores OMP_PROC_BIND=spread OMP_NUM_THREADS=19 BLIS_NUM_THREADS=19 srun -n1 --cpus-per-task=19 ./sgemm_mkl_optimized.x 30000 30000 30000>>sgemm_mkl_optimized_thin_thin007_2023-07-11_00-14-36.csv
sgemm_thin_job_17333.out	sgemm_mkl_optimized_thin_thin007_2023-07-11_00-14-36.csv	thin007	rep 2 size 30000 OMP_PLACES=cores OMP_PROC_BIND=spread OMP_NUM_THREADS=18 BLIS_NUM_THREADS=18 srun -n1 --cpus-per-task=18 ./sgemm_mkl_optimized.x 30000 30000 30000>>sgemm_mkl_optimized_thin_thin007_2023-07-11_00-14-36.csv
sgemm_thin_job_17333.out	sgemm_mkl_optimized_thin_thin007_2023-07-11_00-14-36.csv	thin007	rep 2 size 30000 OMP_PLACES=cores OMP_PROC_BIND=spread OMP_NUM_THREADS=17 BLIS_NUM_THREADS=17 srun -n1 --cpus-per-task=17 ./sgemm_mkl_optimized.x 30000 30000 30000>>sgemm_mkl_optimized_thin_thin007_2023-07-11_00-14-36.csv
sgemm_thin_job_17333.out	sgemm_mkl_optimized_thin_thin007_2023-07-11_00-14-36.csv	thin007	rep 2 size 30000 OMP_PLACES=cores OMP_PROC_BIND=spread OMP_NUM_THREADS=16 BLIS_NUM_THREADS=16 srun -n1 --cpus-per-task=16 ./sgemm_mkl_optimized.x 30000 30000 30000>>sgemm_mkl_optimized_thin_thin007_2023-07-11_00-14-36.csv
sgemm_thin_job_17333.out	sgemm_mkl_optimized_thin_thin007_2023-07-11_00-14-36.csv	thin007	rep 2 size 30000 OMP_PLACES=cores OMP_PROC_BIND=spread OMP_NUM_THREADS=15 BLIS_NUM_THREADS=15 srun -n1 --cpus-per-task=15 ./sgemm_mkl_optimized.x 30000 30000 30000>>sgemm_mkl_optimized_thin_thin007_2023-07-11_00-14-36.csv
sgemm_thin_job_17333.out	sgemm_mkl_optimized_thin_thin007_2023-07-11_00-14-36.csv	thin007	rep 2 size 30000 OMP_PLACES=cores OMP_PROC_BIND=spread OMP_NUM_THREADS=14 BLIS_NUM_THREADS=14 srun -n1 --cpus-per-task=14 ./sgemm_mkl_optimized.x 30000 30000 30000>>sgemm_mkl_optimized_thin_thin007_2023-07-11_00-14-36.csv
sgemm_thin_job_17333.out	sgemm_mkl_optimized_thin_thin007_2023-07-11_00-14-36.csv	thin007	rep 2 size 30000 OMP_PLACES=cores OMP_PROC_BIND=spread OMP_NUM_THREADS=13 BLIS_NUM_THREADS=13 srun -n1 --cpus-per-task=13 ./sgemm_mkl_optimized.x 30000 30000 30000>>sgemm_mkl_optimized_thin_thin007_2023-07-11_00-14-36.csv
sgemm_thin_job_17333.out	sgemm_mkl_optimized_thin_thin007_2023-07-11_00-14-36.csv	thin007	rep 2 size 30000 OMP_PLACES=cores OMP_PROC_BIND=spread OMP_NUM_THREADS=12 BLIS_NUM_THREADS=12 srun -n1 --cpus-per-task=12 ./sgemm_mkl_optimized.x 30000 30000 30000>>sgemm_mkl_optimized_thin_thin007_2023-07-11_00-14-36.csv
sgemm_thin_job_17333.out	sgemm_mkl_optimized_thin_thin007_2023-07-11_00-14-36.csv	thin007	rep 2 size 30000 OMP_PLACES=cores OMP_PROC_BIND=spread OMP_NUM_THREADS=11 BLIS_NUM_THREADS=11 srun -n1 --cpus-per-task=11 ./sgemm_mkl_optimized.x 30000 30000 30000>>sgemm_mkl_optimized_thin_thin007_2023-07-11_00-14-36.csv
sgemm_thin_job_17333.out	sgemm_mkl_optimized_thin_thin007_2023-07-11_00-14-36.csv	thin007	rep 2 size 30000 OMP_PLACES=cores OMP_PROC_BIND=spread OMP_NUM_THREADS=10 BLIS_NUM_THREADS=10 srun -n1 --cpus-per-task=10 ./sgemm_mkl_optimized.x 30000 30000 30000>>sgemm_mkl_optimized_thin_thin007_2023-07-11_00-14-36.csv
sgemm_thin_job_17333.out	sgemm_mkl_optimized_thin_thin007_2023-07-11_00-14-36.csv	thin007	rep 2 size 30000 OMP_PLACES=cores OMP_PROC_BIND=spread OMP_NUM_THREADS=9 BLIS_NUM_THREADS=9 srun -n1 --cpus-per-task=9 ./sgemm_mkl_optimized.x 30000 30000 30000>>sgemm_mkl_optimized_thin_thin007_2023-07-11_00-14-36.csv
sgemm_thin_job_17333.out	sgemm_mkl_optimized_thin_thin007_2023-07-11_00-14-36.csv	thin007	rep 2 size 30000 OMP_PLACES=cores OMP_PROC_BIND=spread OMP_NUM_THREADS=8 BLIS_NUM_THREADS=8 srun -n1 --cpus-per-task=8 ./sgemm_mkl_optimized.x 30000 30000 30000>>sgemm_mkl_optimized_thin_thin007_2023-07-11_00-14-36.csv
sgemm_thin_job_17333.out	sgemm_mkl_optimized_thin_thin007_2023-07-11_00-14-36.csv	thin007	rep 2 size 30000 OMP_PLACES=cores OMP_PROC_BIND=spread OMP_NUM_THREADS=7 BLIS_NUM_THREADS=7 srun -n1 --cpus-per-task=7 ./sgemm_mkl_optimized.x 30000 30000 30000>>sgemm_mkl_optimized_thin_thin007_2023-07-11_00-14-36.csv
sgemm_thin_job_17333.out	sgemm_mkl_optimized_thin_thin007_2023-07-11_00-14-36.csv	thin007	rep 2 size 30000 OMP_PLACES=cores OMP_PROC_BIND=spread OMP_NUM_THREADS=6 BLIS_NUM_THREADS=6 srun -n1 --cpus-per-task=6 ./sgemm_mkl_optimized.x 30000 30000 30000>>sgemm_mkl_optimized_thin_thin007_2023-07-11_00-14-36.csv
sgemm_thin_job_17333.out	sgemm_mkl_optimized_thin_thin007_2023-07-11_00-14-36.csv	thin007	rep 2 size 30000 OMP_PLACES=cores OMP_PROC_BIND=spread OMP_NUM_THREADS=5 BLIS_NUM_THREADS=5 srun -n1 --cpus-per-task=5 ./sgemm_mkl_optimized.x 30000 30000 30000>>sgemm_mkl_optimized_thin_thin007_2023-07-11_00-14-36.csv
sgemm_thin_job_17333.out	sgemm_mkl_optimized_thin_thin007_2023-07-11_00-14-36.csv	thin007	rep 2 size 30000 OMP_PLACES=cores OMP_PROC_BIND=spread OMP_NUM_THREADS=4 BLIS_NUM_THREADS=4 srun -n1 --cpus-per-task=4 ./sgemm_mkl_optimized.x 30000 30000 30000>>sgemm_mkl_optimized_thin_thin007_2023-07-11_00-14-36.csv
sgemm_thin_job_17333.out	sgemm_mkl_optimized_thin_thin007_2023-07-11_00-14-36.csv	thin007	rep 2 size 30000 OMP_PLACES=cores OMP_PROC_BIND=spread OMP_NUM_THREADS=3 BLIS_NUM_THREADS=3 srun -n1 --cpus-per-task=3 ./sgemm_mkl_optimized.x 30000 30000 30000>>sgemm_mkl_optimized_thin_thin007_2023-07-11_00-14-36.csv
sgemm_thin_job_17333.out	sgemm_mkl_optimized_thin_thin007_2023-07-11_00-14-36.csv	thin007	rep 2 size 30000 OMP_PLACES=cores OMP_PROC_BIND=spread OMP_NUM_THREADS=2 BLIS_NUM_THREADS=2 srun -n1 --cpus-per-task=2 ./sgemm_mkl_optimized.x 30000 30000 30000>>sgemm_mkl_optimized_thin_thin007_2023-07-11_00-14-36.csv
sgemm_thin_job_17333.out	sgemm_mkl_optimized_thin_thin007_2023-07-11_00-14-36.csv	thin007	rep 2 size 30000 OMP_PLACES=cores OMP_PROC_BIND=spread OMP_NUM_THREADS=1 BLIS_NUM_THREADS=1 srun -n1 --cpus-per-task=1 ./sgemm_mkl_optimized.x 30000 30000 30000>>sgemm_mkl_optimized_thin_thin007_2023-07-11_00-14-36.csv
sgemm_thin_job_17333.out	sgemm_mkl_optimized_thin_thin007_2023-07-11_00-14-36.csv	thin007	rep 3 size 30000 OMP_PLACES=cores OMP_PROC_BIND=spread OMP_NUM_THREADS=24 BLIS_NUM_THREADS=24 srun -n1 --cpus-per-task=24 ./sgemm_mkl_optimized.x 30000 30000 30000>>sgemm_mkl_optimized_thin_thin007_2023-07-11_00-14-36.csv
sgemm_thin_job_17333.out	sgemm_mkl_optimized_thin_thin007_2023-07-11_00-14-36.csv	thin007	rep 3 size 30000 OMP_PLACES=cores OMP_PROC_BIND=spread OMP_NUM_THREADS=23 BLIS_NUM_THREADS=23 srun -n1 --cpus-per-task=23 ./sgemm_mkl_optimized.x 30000 30000 30000>>sgemm_mkl_optimized_thin_thin007_2023-07-11_00-14-36.csv
sgemm_thin_job_17333.out	sgemm_mkl_optimized_thin_thin007_2023-07-11_00-14-36.csv	thin007	rep 3 size 30000 OMP_PLACES=cores OMP_PROC_BIND=spread OMP_NUM_THREADS=22 BLIS_NUM_THREADS=22 srun -n1 --cpus-per-task=22 ./sgemm_mkl_optimized.x 30000 30000 30000>>sgemm_mkl_optimized_thin_thin007_2023-07-11_00-14-36.csv
sgemm_thin_job_17333.out	sgemm_mkl_optimized_thin_thin007_2023-07-11_00-14-36.csv	thin007	rep 3 size 30000 OMP_PLACES=cores OMP_PROC_BIND=spread OMP_NUM_THREADS=21 BLIS_NUM_THREADS=21 srun -n1 --cpus-per-task=21 ./sgemm_mkl_optimized.x 30000 30000 30000>>sgemm_mkl_optimized_thin_thin007_2023-07-11_00-14-36.csv
sgemm_thin_job_17333.out	sgemm_mkl_optimized_thin_thin007_2023-07-11_00-14-36.csv	thin007	rep 3 size 30000 OMP_PLACES=cores OMP_PROC_BIND=spread OMP_NUM_THREADS=20 BLIS_NUM_THREADS=20 srun -n1 --cpus-per-task=20 ./sgemm_mkl_optimized.x 30000 30000 30000>>sgemm_mkl_optimized_thin_thin007_2023-07-11_00-14-36.csv
sgemm_thin_job_17333.out	sgemm_mkl_optimized_thin_thin007_2023-07-11_00-14-36.csv	thin007	rep 3 size 30000 OMP_PLACES=cores OMP_PROC_BIND=spread OMP_NUM_THREADS=19 BLIS_NUM_THREADS=19 srun -n1 --cpus-per-task=19 ./sgemm_mkl_optimized.x 30000 30000 30000>>sgemm_mkl_optimized_thin_thin007_2023-07-11_00-14-36.csv
sgemm_thin_job_17333.out	sgemm_mkl_optimized_thin_thin007_2023-07-11_00-14-36.csv	thin007	rep 3 size 30000 OMP_PLACES=cores OMP_PROC_BIND=spread OMP_NUM_THREADS=18 BLIS_NUM_THREADS=18 srun -n1 --cpus-per-task=18 ./sgemm_mkl_optimized.x 30000 30000 30000>>sgemm_mkl_optimized_thin_thin007_2023-07-11_00-14-36.csv
sgemm_thin_job_17333.out	sgemm_mkl_optimized_thin_thin007_2023-07-11_00-14-36.csv	thin007	rep 3 size 30000 OMP_PLACES=cores OMP_PROC_BIND=spread OMP_NUM_THREADS=17 BLIS_NUM_THREADS=17 srun -n1 --cpus-per-task=17 ./sgemm_mkl_optimized.x 30000 30000 30000>>sgemm_mkl_optimized_thin_thin007_2023-07-11_00-14-36.csv
sgemm_thin_job_17333.out	sgemm_mkl_optimized_thin_thin007_2023-07-11_00-14-36.csv	thin007	rep 3 size 30000 OMP_PLACES=cores OMP_PROC_BIND=spread OMP_NUM_THREADS=16 BLIS_NUM_THREADS=16 srun -n1 --cpus-per-task=16 ./sgemm_mkl_optimized.x 30000 30000 30000>>sgemm_mkl_optimized_thin_thin007_2023-07-11_00-14-36.csv
sgemm_thin_job_17333.out	sgemm_mkl_optimized_thin_thin007_2023-07-11_00-14-36.csv	thin007	rep 3 size 30000 OMP_PLACES=cores OMP_PROC_BIND=spread OMP_NUM_THREADS=15 BLIS_NUM_THREADS=15 srun -n1 --cpus-per-task=15 ./sgemm_mkl_optimized.x 30000 30000 30000>>sgemm_mkl_optimized_thin_thin007_2023-07-11_00-14-36.csv
sgemm_thin_job_17333.out	sgemm_mkl_optimized_thin_thin007_2023-07-11_00-14-36.csv	thin007	rep 3 size 30000 OMP_PLACES=cores OMP_PROC_BIND=spread OMP_NUM_THREADS=14 BLIS_NUM_THREADS=14 srun -n1 --cpus-per-task=14 ./sgemm_mkl_optimized.x 30000 30000 30000>>sgemm_mkl_optimized_thin_thin007_2023-07-11_00-14-36.csv
sgemm_thin_job_17333.out	sgemm_mkl_optimized_thin_thin007_2023-07-11_00-14-36.csv	thin007	rep 3 size 30000 OMP_PLACES=cores OMP_PROC_BIND=spread OMP_NUM_THREADS=13 BLIS_NUM_THREADS=13 srun -n1 --cpus-per-task=13 ./sgemm_mkl_optimized.x 30000 30000 30000>>sgemm_mkl_optimized_thin_thin007_2023-07-11_00-14-36.csv
sgemm_thin_job_17333.out	sgemm_mkl_optimized_thin_thin007_2023-07-11_00-14-36.csv	thin007	rep 3 size 30000 OMP_PLACES=cores OMP_PROC_BIND=spread OMP_NUM_THREADS=12 BLIS_NUM_THREADS=12 srun -n1 --cpus-per-task=12 ./sgemm_mkl_optimized.x 30000 30000 30000>>sgemm_mkl_optimized_thin_thin007_2023-07-11_00-14-36.csv
sgemm_thin_job_17333.out	sgemm_mkl_optimized_thin_thin007_2023-07-11_00-14-36.csv	thin007	rep 3 size 30000 OMP_PLACES=cores OMP_PROC_BIND=spread OMP_NUM_THREADS=11 BLIS_NUM_THREADS=11 srun -n1 --cpus-per-task=11 ./sgemm_mkl_optimized.x 30000 30000 30000>>sgemm_mkl_optimized_thin_thin007_2023-07-11_00-14-36.csv
sgemm_thin_job_17333.out	sgemm_mkl_optimized_thin_thin007_2023-07-11_00-14-36.csv	thin007	rep 3 size 30000 OMP_PLACES=cores OMP_PROC_BIND=spread OMP_NUM_THREADS=10 BLIS_NUM_THREADS=10 srun -n1 --cpus-per-task=10 ./sgemm_mkl_optimized.x 30000 30000 30000>>sgemm_mkl_optimized_thin_thin007_2023-07-11_00-14-36.csv
sgemm_thin_job_17333.out	sgemm_mkl_optimized_thin_thin007_2023-07-11_00-14-36.csv	thin007	rep 3 size 30000 OMP_PLACES=cores OMP_PROC_BIND=spread OMP_NUM_THREADS=9 BLIS_NUM_THREADS=9 srun -n1 --cpus-per-task=9 ./sgemm_mkl_optimized.x 30000 30000 30000>>sgemm_mkl_optimized_thin_thin007_2023-07-11_00-14-36.csv
sgemm_thin_job_17333.out	sgemm_mkl_optimized_thin_thin007_2023-07-11_00-14-36.csv	thin007	rep 3 size 30000 OMP_PLACES=cores OMP_PROC_BIND=spread OMP_NUM_THREADS=8 BLIS_NUM_THREADS=8 srun -n1 --cpus-per-task=8 ./sgemm_mkl_optimized.x 30000 30000 30000>>sgemm_mkl_optimized_thin_thin007_2023-07-11_00-14-36.csv
sgemm_thin_job_17333.out	sgemm_mkl_optimized_thin_thin007_2023-07-11_00-14-36.csv	thin007	rep 3 size 30000 OMP_PLACES=cores OMP_PROC_BIND=spread OMP_NUM_THREADS=7 BLIS_NUM_THREADS=7 srun -n1 --cpus-per-task=7 ./sgemm_mkl_optimized.x 30000 30000 30000>>sgemm_mkl_optimized_thin_thin007_2023-07-11_00-14-36.csv
sgemm_thin_job_17333.out	sgemm_mkl_optimized_thin_thin007_2023-07-11_00-14-36.csv	thin007	rep 3 size 30000 OMP_PLACES=cores OMP_PROC_BIND=spread OMP_NUM_THREADS=6 BLIS_NUM_THREADS=6 srun -n1 --cpus-per-task=6 ./sgemm_mkl_optimized.x 30000 30000 30000>>sgemm_mkl_optimized_thin_thin007_2023-07-11_00-14-36.csv
sgemm_thin_job_17333.out	sgemm_mkl_optimized_thin_thin007_2023-07-11_00-14-36.csv	thin007	rep 3 size 30000 OMP_PLACES=cores OMP_PROC_BIND=spread OMP_NUM_THREADS=5 BLIS_NUM_THREADS=5 srun -n1 --cpus-per-task=5 ./sgemm_mkl_optimized.x 30000 30000 30000>>sgemm_mkl_optimized_thin_thin007_2023-07-11_00-14-36.csv
sgemm_thin_job_17333.out	sgemm_mkl_optimized_thin_thin007_2023-07-11_00-14-36.csv	thin007	rep 3 size 30000 OMP_PLACES=cores OMP_PROC_BIND=spread OMP_NUM_THREADS=4 BLIS_NUM_THREADS=4 srun -n1 --cpus-per-task=4 ./sgemm_mkl_optimized.x 30000 30000 30000>>sgemm_mkl_optimized_thin_thin007_2023-07-11_00-14-36.csv
sgemm_thin_job_17333.out	sgemm_mkl_optimized_thin_thin007_2023-07-11_00-14-36.csv	thin007	rep 3 size 30000 OMP_PLACES=cores OMP_PROC_BIND=spread OMP_NUM_THREADS=3 BLIS_NUM_THREADS=3 srun -n1 --cpus-per-task=3 ./sgemm_mkl_optimized.x 30000 30000 30000>>sgemm_mkl_optimized_thin_thin007_2023-07-11_00-14-36.csv
sgemm_thin_job_17333.out	sgemm_mkl_optimized_thin_thin007_2023-07-11_00-14-36.csv	thin007	rep 3 size 30000 OMP_PLACES=cores OMP_PROC_BIND=spread OMP_NUM_THREADS=2 BLIS_NUM_THREADS=2 srun -n1 --cpus-per-task=2 ./sgemm_mkl_optimized.x 30000 30000 30000>>sgemm_mkl_optimized_thin_thin007_2023-07-11_00-14-36.csv
sgemm_thin_job_17333.out	sgemm_mkl_optimized_thin_thin007_2023-07-11_00-14-36.csv	thin007	rep 3 size 30000 OMP_PLACES=cores OMP_PROC_BIND=spread OMP_NUM_THREADS=1 BLIS_NUM_THREADS=1 srun -n1 --cpus-per-task=1 ./sgemm_mkl_optimized.x 30000 30000 30000>>sgemm_mkl_optimized_thin_thin007_2023-07-11_00-14-36.csv
sgemm_thin_job_17333.out	sgemm_mkl_optimized_thin_thin007_2023-07-11_00-14-36.csv	thin007	rep 4 size 30000 OMP_PLACES=cores OMP_PROC_BIND=spread OMP_NUM_THREADS=24 BLIS_NUM_THREADS=24 srun -n1 --cpus-per-task=24 ./sgemm_mkl_optimized.x 30000 30000 30000>>sgemm_mkl_optimized_thin_thin007_2023-07-11_00-14-36.csv
sgemm_thin_job_17333.out	sgemm_mkl_optimized_thin_thin007_2023-07-11_00-14-36.csv	thin007	rep 4 size 30000 OMP_PLACES=cores OMP_PROC_BIND=spread OMP_NUM_THREADS=23 BLIS_NUM_THREADS=23 srun -n1 --cpus-per-task=23 ./sgemm_mkl_optimized.x 30000 30000 30000>>sgemm_mkl_optimized_thin_thin007_2023-07-11_00-14-36.csv
sgemm_thin_job_17333.out	sgemm_mkl_optimized_thin_thin007_2023-07-11_00-14-36.csv	thin007	rep 4 size 30000 OMP_PLACES=cores OMP_PROC_BIND=spread OMP_NUM_THREADS=22 BLIS_NUM_THREADS=22 srun -n1 --cpus-per-task=22 ./sgemm_mkl_optimized.x 30000 30000 30000>>sgemm_mkl_optimized_thin_thin007_2023-07-11_00-14-36.csv
sgemm_thin_job_17333.out	sgemm_mkl_optimized_thin_thin007_2023-07-11_00-14-36.csv	thin007	rep 4 size 30000 OMP_PLACES=cores OMP_PROC_BIND=spread OMP_NUM_THREADS=21 BLIS_NUM_THREADS=21 srun -n1 --cpus-per-task=21 ./sgemm_mkl_optimized.x 30000 30000 30000>>sgemm_mkl_optimized_thin_thin007_2023-07-11_00-14-36.csv
sgemm_thin_job_17333.out	sgemm_mkl_optimized_thin_thin007_2023-07-11_00-14-36.csv	thin007	rep 4 size 30000 OMP_PLACES=cores OMP_PROC_BIND=spread OMP_NUM_THREADS=20 BLIS_NUM_THREADS=20 srun -n1 --cpus-per-task=20 ./sgemm_mkl_optimized.x 30000 30000 30000>>sgemm_mkl_optimized_thin_thin007_2023-07-11_00-14-36.csv
sgemm_thin_job_17333.out	sgemm_mkl_optimized_thin_thin007_2023-07-11_00-14-36.csv	thin007	rep 4 size 30000 OMP_PLACES=cores OMP_PROC_BIND=spread OMP_NUM_THREADS=19 BLIS_NUM_THREADS=19 srun -n1 --cpus-per-task=19 ./sgemm_mkl_optimized.x 30000 30000 30000>>sgemm_mkl_optimized_thin_thin007_2023-07-11_00-14-36.csv
sgemm_thin_job_17333.out	sgemm_mkl_optimized_thin_thin007_2023-07-11_00-14-36.csv	thin007	rep 4 size 30000 OMP_PLACES=cores OMP_PROC_BIND=spread OMP_NUM_THREADS=18 BLIS_NUM_THREADS=18 srun -n1 --cpus-per-task=18 ./sgemm_mkl_optimized.x 30000 30000 30000>>sgemm_mkl_optimized_thin_thin007_2023-07-11_00-14-36.csv
sgemm_thin_job_17333.out	sgemm_mkl_optimized_thin_thin007_2023-07-11_00-14-36.csv	thin007	rep 4 size 30000 OMP_PLACES=cores OMP_PROC_BIND=spread OMP_NUM_THREADS=17 BLIS_NUM_THREADS=17 srun -n1 --cpus-per-task=17 ./sgemm_mkl_optimized.x 30000 30000 30000>>sgemm_mkl_optimized_thin_thin007_2023-07-11_00-14-36.csv
sgemm_thin_job_17333.out	sgemm_mkl_optimized_thin_thin007_2023-07-11_00-14-36.csv	thin007	rep 4 size 30000 OMP_PLACES=cores OMP_PROC_BIND=spread OMP_NUM_THREADS=16 BLIS_NUM_THREADS=16 srun -n1 --cpus-per-task=16 ./sgemm_mkl_optimized.x 30000 30000 30000>>sgemm_mkl_optimized_thin_thin007_2023-07-11_00-14-36.csv
sgemm_thin_job_17333.out	sgemm_mkl_optimized_thin_thin007_2023-07-11_00-14-36.csv	thin007	rep 4 size 30000 OMP_PLACES=cores OMP_PROC_BIND=spread OMP_NUM_THREADS=15 BLIS_NUM_THREADS=15 srun -n1 --cpus-per-task=15 ./sgemm_mkl_optimized.x 30000 30000 30000>>sgemm_mkl_optimized_thin_thin007_2023-07-11_00-14-36.csv
sgemm_thin_job_17333.out	sgemm_mkl_optimized_thin_thin007_2023-07-11_00-14-36.csv	thin007	rep 4 size 30000 OMP_PLACES=cores OMP_PROC_BIND=spread OMP_NUM_THREADS=14 BLIS_NUM_THREADS=14 srun -n1 --cpus-per-task=14 ./sgemm_mkl_optimized.x 30000 30000 30000>>sgemm_mkl_optimized_thin_thin007_2023-07-11_00-14-36.csv
sgemm_thin_job_17333.out	sgemm_mkl_optimized_thin_thin007_2023-07-11_00-14-36.csv	thin007	rep 4 size 30000 OMP_PLACES=cores OMP_PROC_BIND=spread OMP_NUM_THREADS=13 BLIS_NUM_THREADS=13 srun -n1 --cpus-per-task=13 ./sgemm_mkl_optimized.x 30000 30000 30000>>sgemm_mkl_optimized_thin_thin007_2023-07-11_00-14-36.csv
sgemm_thin_job_17333.out	sgemm_mkl_optimized_thin_thin007_2023-07-11_00-14-36.csv	thin007	rep 4 size 30000 OMP_PLACES=cores OMP_PROC_BIND=spread OMP_NUM_THREADS=12 BLIS_NUM_THREADS=12 srun -n1 --cpus-per-task=12 ./sgemm_mkl_optimized.x 30000 30000 30000>>sgemm_mkl_optimized_thin_thin007_2023-07-11_00-14-36.csv
sgemm_thin_job_17333.out	sgemm_mkl_optimized_thin_thin007_2023-07-11_00-14-36.csv	thin007	rep 4 size 30000 OMP_PLACES=cores OMP_PROC_BIND=spread OMP_NUM_THREADS=11 BLIS_NUM_THREADS=11 srun -n1 --cpus-per-task=11 ./sgemm_mkl_optimized.x 30000 30000 30000>>sgemm_mkl_optimized_thin_thin007_2023-07-11_00-14-36.csv
sgemm_thin_job_17333.out	sgemm_mkl_optimized_thin_thin007_2023-07-11_00-14-36.csv	thin007	rep 4 size 30000 OMP_PLACES=cores OMP_PROC_BIND=spread OMP_NUM_THREADS=10 BLIS_NUM_THREADS=10 srun -n1 --cpus-per-task=10 ./sgemm_mkl_optimized.x 30000 30000 30000>>sgemm_mkl_optimized_thin_thin007_2023-07-11_00-14-36.csv
sgemm_thin_job_17333.out	sgemm_mkl_optimized_thin_thin007_2023-07-11_00-14-36.csv	thin007	rep 4 size 30000 OMP_PLACES=cores OMP_PROC_BIND=spread OMP_NUM_THREADS=9 BLIS_NUM_THREADS=9 srun -n1 --cpus-per-task=9 ./sgemm_mkl_optimized.x 30000 30000 30000>>sgemm_mkl_optimized_thin_thin007_2023-07-11_00-14-36.csv
sgemm_thin_job_17333.out	sgemm_mkl_optimized_thin_thin007_2023-07-11_00-14-36.csv	thin007	rep 4 size 30000 OMP_PLACES=cores OMP_PROC_BIND=spread OMP_NUM_THREADS=8 BLIS_NUM_THREADS=8 srun -n1 --cpus-per-task=8 ./sgemm_mkl_optimized.x 30000 30000 30000>>sgemm_mkl_optimized_thin_thin007_2023-07-11_00-14-36.csv
sgemm_thin_job_17333.out	sgemm_mkl_optimized_thin_thin007_2023-07-11_00-14-36.csv	thin007	rep 4 size 30000 OMP_PLACES=cores OMP_PROC_BIND=spread OMP_NUM_THREADS=7 BLIS_NUM_THREADS=7 srun -n1 --cpus-per-task=7 ./sgemm_mkl_optimized.x 30000 30000 30000>>sgemm_mkl_optimized_thin_thin007_2023-07-11_00-14-36.csv
sgemm_thin_job_17333.out	sgemm_mkl_optimized_thin_thin007_2023-07-11_00-14-36.csv	thin007	rep 4 size 30000 OMP_PLACES=cores OMP_PROC_BIND=spread OMP_NUM_THREADS=6 BLIS_NUM_THREADS=6 srun -n1 --cpus-per-task=6 ./sgemm_mkl_optimized.x 30000 30000 30000>>sgemm_mkl_optimized_thin_thin007_2023-07-11_00-14-36.csv
sgemm_thin_job_17333.out	sgemm_mkl_optimized_thin_thin007_2023-07-11_00-14-36.csv	thin007	rep 4 size 30000 OMP_PLACES=cores OMP_PROC_BIND=spread OMP_NUM_THREADS=5 BLIS_NUM_THREADS=5 srun -n1 --cpus-per-task=5 ./sgemm_mkl_optimized.x 30000 30000 30000>>sgemm_mkl_optimized_thin_thin007_2023-07-11_00-14-36.csv
sgemm_thin_job_17333.out	sgemm_mkl_optimized_thin_thin007_2023-07-11_00-14-36.csv	thin007	rep 4 size 30000 OMP_PLACES=cores OMP_PROC_BIND=spread OMP_NUM_THREADS=4 BLIS_NUM_THREADS=4 srun -n1 --cpus-per-task=4 ./sgemm_mkl_optimized.x 30000 30000 30000>>sgemm_mkl_optimized_thin_thin007_2023-07-11_00-14-36.csv
sgemm_thin_job_17333.out	sgemm_mkl_optimized_thin_thin007_2023-07-11_00-14-36.csv	thin007	rep 4 size 30000 OMP_PLACES=cores OMP_PROC_BIND=spread OMP_NUM_THREADS=3 BLIS_NUM_THREADS=3 srun -n1 --cpus-per-task=3 ./sgemm_mkl_optimized.x 30000 30000 30000>>sgemm_mkl_optimized_thin_thin007_2023-07-11_00-14-36.csv
sgemm_thin_job_17333.out	sgemm_mkl_optimized_thin_thin007_2023-07-11_00-14-36.csv	thin007	rep 4 size 30000 OMP_PLACES=cores OMP_PROC_BIND=spread OMP_NUM_THREADS=2 BLIS_NUM_THREADS=2 srun -n1 --cpus-per-task=2 ./sgemm_mkl_optimized.x 30000 30000 30000>>sgemm_mkl_optimized_thin_thin007_2023-07-11_00-14-36.csv
sgemm_thin_job_17333.out	sgemm_mkl_optimized_thin_thin007_2023-07-11_00-14-36.csv	thin007	rep 4 size 30000 OMP_PLACES=cores OMP_PROC_BIND=spread OMP_NUM_THREADS=1 BLIS_NUM_THREADS=1 srun -n1 --cpus-per-task=1 ./sgemm_mkl_optimized.x 30000 30000 30000>>sgemm_mkl_optimized_thin_thin007_2023-07-11_00-14-36.csv
sgemm_thin_job_17333.out	sgemm_mkl_optimized_thin_thin007_2023-07-11_00-14-36.csv	thin007	rep 5 size 30000 OMP_PLACES=cores OMP_PROC_BIND=spread OMP_NUM_THREADS=24 BLIS_NUM_THREADS=24 srun -n1 --cpus-per-task=24 ./sgemm_mkl_optimized.x 30000 30000 30000>>sgemm_mkl_optimized_thin_thin007_2023-07-11_00-14-36.csv
sgemm_thin_job_17333.out	sgemm_mkl_optimized_thin_thin007_2023-07-11_00-14-36.csv	thin007	rep 5 size 30000 OMP_PLACES=cores OMP_PROC_BIND=spread OMP_NUM_THREADS=23 BLIS_NUM_THREADS=23 srun -n1 --cpus-per-task=23 ./sgemm_mkl_optimized.x 30000 30000 30000>>sgemm_mkl_optimized_thin_thin007_2023-07-11_00-14-36.csv
sgemm_thin_job_17333.out	sgemm_mkl_optimized_thin_thin007_2023-07-11_00-14-36.csv	thin007	rep 5 size 30000 OMP_PLACES=cores OMP_PROC_BIND=spread OMP_NUM_THREADS=22 BLIS_NUM_THREADS=22 srun -n1 --cpus-per-task=22 ./sgemm_mkl_optimized.x 30000 30000 30000>>sgemm_mkl_optimized_thin_thin007_2023-07-11_00-14-36.csv
sgemm_thin_job_17333.out	sgemm_mkl_optimized_thin_thin007_2023-07-11_00-14-36.csv	thin007	rep 5 size 30000 OMP_PLACES=cores OMP_PROC_BIND=spread OMP_NUM_THREADS=21 BLIS_NUM_THREADS=21 srun -n1 --cpus-per-task=21 ./sgemm_mkl_optimized.x 30000 30000 30000>>sgemm_mkl_optimized_thin_thin007_2023-07-11_00-14-36.csv
sgemm_thin_job_17333.out	sgemm_mkl_optimized_thin_thin007_2023-07-11_00-14-36.csv	thin007	rep 5 size 30000 OMP_PLACES=cores OMP_PROC_BIND=spread OMP_NUM_THREADS=20 BLIS_NUM_THREADS=20 srun -n1 --cpus-per-task=20 ./sgemm_mkl_optimized.x 30000 30000 30000>>sgemm_mkl_optimized_thin_thin007_2023-07-11_00-14-36.csv
sgemm_thin_job_17333.out	sgemm_mkl_optimized_thin_thin007_2023-07-11_00-14-36.csv	thin007	rep 5 size 30000 OMP_PLACES=cores OMP_PROC_BIND=spread OMP_NUM_THREADS=19 BLIS_NUM_THREADS=19 srun -n1 --cpus-per-task=19 ./sgemm_mkl_optimized.x 30000 30000 30000>>sgemm_mkl_optimized_thin_thin007_2023-07-11_00-14-36.csv
sgemm_thin_job_17333.out	sgemm_mkl_optimized_thin_thin007_2023-07-11_00-14-36.csv	thin007	rep 5 size 30000 OMP_PLACES=cores OMP_PROC_BIND=spread OMP_NUM_THREADS=18 BLIS_NUM_THREADS=18 srun -n1 --cpus-per-task=18 ./sgemm_mkl_optimized.x 30000 30000 30000>>sgemm_mkl_optimized_thin_thin007_2023-07-11_00-14-36.csv
sgemm_thin_job_17333.out	sgemm_mkl_optimized_thin_thin007_2023-07-11_00-14-36.csv	thin007	rep 5 size 30000 OMP_PLACES=cores OMP_PROC_BIND=spread OMP_NUM_THREADS=17 BLIS_NUM_THREADS=17 srun -n1 --cpus-per-task=17 ./sgemm_mkl_optimized.x 30000 30000 30000>>sgemm_mkl_optimized_thin_thin007_2023-07-11_00-14-36.csv
sgemm_thin_job_17333.out	sgemm_mkl_optimized_thin_thin007_2023-07-11_00-14-36.csv	thin007	rep 5 size 30000 OMP_PLACES=cores OMP_PROC_BIND=spread OMP_NUM_THREADS=16 BLIS_NUM_THREADS=16 srun -n1 --cpus-per-task=16 ./sgemm_mkl_optimized.x 30000 30000 30000>>sgemm_mkl_optimized_thin_thin007_2023-07-11_00-14-36.csv
srun: error: Unable to create step for job 17333: Job/step already completing or completed
sgemm_thin_job_17333.out	sgemm_mkl_optimized_thin_thin007_2023-07-11_00-14-36.csv	thin007	rep 5 size 30000 OMP_PLACES=cores OMP_PROC_BIND=spread OMP_NUM_THREADS=15 BLIS_NUM_THREADS=15 srun -n1 --cpus-per-task=15 ./sgemm_mkl_optimized.x 30000 30000 30000>>sgemm_mkl_optimized_thin_thin007_2023-07-11_00-14-36.csv
srun: error: Unable to create step for job 17333: Job/step already completing or completed
sgemm_thin_job_17333.out	sgemm_mkl_optimized_thin_thin007_2023-07-11_00-14-36.csv	thin007	rep 5 size 30000 OMP_PLACES=cores OMP_PROC_BIND=spread OMP_NUM_THREADS=14 BLIS_NUM_THREADS=14 srun -n1 --cpus-per-task=14 ./sgemm_mkl_optimized.x 30000 30000 30000>>sgemm_mkl_optimized_thin_thin007_2023-07-11_00-14-36.csv
srun: error: Unable to create step for job 17333: Job/step already completing or completed
sgemm_thin_job_17333.out	sgemm_mkl_optimized_thin_thin007_2023-07-11_00-14-36.csv	thin007	rep 5 size 30000 OMP_PLACES=cores OMP_PROC_BIND=spread OMP_NUM_THREADS=13 BLIS_NUM_THREADS=13 srun -n1 --cpus-per-task=13 ./sgemm_mkl_optimized.x 30000 30000 30000>>sgemm_mkl_optimized_thin_thin007_2023-07-11_00-14-36.csv
srun: error: Unable to create step for job 17333: Job/step already completing or completed
sgemm_thin_job_17333.out	sgemm_mkl_optimized_thin_thin007_2023-07-11_00-14-36.csv	thin007	rep 5 size 30000 OMP_PLACES=cores OMP_PROC_BIND=spread OMP_NUM_THREADS=12 BLIS_NUM_THREADS=12 srun -n1 --cpus-per-task=12 ./sgemm_mkl_optimized.x 30000 30000 30000>>sgemm_mkl_optimized_thin_thin007_2023-07-11_00-14-36.csv
srun: error: Unable to create step for job 17333: Job/step already completing or completed
sgemm_thin_job_17333.out	sgemm_mkl_optimized_thin_thin007_2023-07-11_00-14-36.csv	thin007	rep 5 size 30000 OMP_PLACES=cores OMP_PROC_BIND=spread OMP_NUM_THREADS=11 BLIS_NUM_THREADS=11 srun -n1 --cpus-per-task=11 ./sgemm_mkl_optimized.x 30000 30000 30000>>sgemm_mkl_optimized_thin_thin007_2023-07-11_00-14-36.csv
srun: error: Unable to create step for job 17333: Job/step already completing or completed
sgemm_thin_job_17333.out	sgemm_mkl_optimized_thin_thin007_2023-07-11_00-14-36.csv	thin007	rep 5 size 30000 OMP_PLACES=cores OMP_PROC_BIND=spread OMP_NUM_THREADS=10 BLIS_NUM_THREADS=10 srun -n1 --cpus-per-task=10 ./sgemm_mkl_optimized.x 30000 30000 30000>>sgemm_mkl_optimized_thin_thin007_2023-07-11_00-14-36.csv
srun: error: Unable to create step for job 17333: Job/step already completing or completed
sgemm_thin_job_17333.out	sgemm_mkl_optimized_thin_thin007_2023-07-11_00-14-36.csv	thin007	rep 5 size 30000 OMP_PLACES=cores OMP_PROC_BIND=spread OMP_NUM_THREADS=9 BLIS_NUM_THREADS=9 srun -n1 --cpus-per-task=9 ./sgemm_mkl_optimized.x 30000 30000 30000>>sgemm_mkl_optimized_thin_thin007_2023-07-11_00-14-36.csv
srun: error: Unable to create step for job 17333: Job/step already completing or completed
sgemm_thin_job_17333.out	sgemm_mkl_optimized_thin_thin007_2023-07-11_00-14-36.csv	thin007	rep 5 size 30000 OMP_PLACES=cores OMP_PROC_BIND=spread OMP_NUM_THREADS=8 BLIS_NUM_THREADS=8 srun -n1 --cpus-per-task=8 ./sgemm_mkl_optimized.x 30000 30000 30000>>sgemm_mkl_optimized_thin_thin007_2023-07-11_00-14-36.csv
srun: error: Unable to create step for job 17333: Job/step already completing or completed
sgemm_thin_job_17333.out	sgemm_mkl_optimized_thin_thin007_2023-07-11_00-14-36.csv	thin007	rep 5 size 30000 OMP_PLACES=cores OMP_PROC_BIND=spread OMP_NUM_THREADS=7 BLIS_NUM_THREADS=7 srun -n1 --cpus-per-task=7 ./sgemm_mkl_optimized.x 30000 30000 30000>>sgemm_mkl_optimized_thin_thin007_2023-07-11_00-14-36.csv
srun: error: Unable to create step for job 17333: Job/step already completing or completed
sgemm_thin_job_17333.out	sgemm_mkl_optimized_thin_thin007_2023-07-11_00-14-36.csv	thin007	rep 5 size 30000 OMP_PLACES=cores OMP_PROC_BIND=spread OMP_NUM_THREADS=6 BLIS_NUM_THREADS=6 srun -n1 --cpus-per-task=6 ./sgemm_mkl_optimized.x 30000 30000 30000>>sgemm_mkl_optimized_thin_thin007_2023-07-11_00-14-36.csv
srun: error: Unable to create step for job 17333: Job/step already completing or completed
sgemm_thin_job_17333.out	sgemm_mkl_optimized_thin_thin007_2023-07-11_00-14-36.csv	thin007	rep 5 size 30000 OMP_PLACES=cores OMP_PROC_BIND=spread OMP_NUM_THREADS=5 BLIS_NUM_THREADS=5 srun -n1 --cpus-per-task=5 ./sgemm_mkl_optimized.x 30000 30000 30000>>sgemm_mkl_optimized_thin_thin007_2023-07-11_00-14-36.csv
srun: error: Unable to create step for job 17333: Job/step already completing or completed
sgemm_thin_job_17333.out	sgemm_mkl_optimized_thin_thin007_2023-07-11_00-14-36.csv	thin007	rep 5 size 30000 OMP_PLACES=cores OMP_PROC_BIND=spread OMP_NUM_THREADS=4 BLIS_NUM_THREADS=4 srun -n1 --cpus-per-task=4 ./sgemm_mkl_optimized.x 30000 30000 30000>>sgemm_mkl_optimized_thin_thin007_2023-07-11_00-14-36.csv
srun: error: Unable to create step for job 17333: Job/step already completing or completed
sgemm_thin_job_17333.out	sgemm_mkl_optimized_thin_thin007_2023-07-11_00-14-36.csv	thin007	rep 5 size 30000 OMP_PLACES=cores OMP_PROC_BIND=spread OMP_NUM_THREADS=3 BLIS_NUM_THREADS=3 srun -n1 --cpus-per-task=3 ./sgemm_mkl_optimized.x 30000 30000 30000>>sgemm_mkl_optimized_thin_thin007_2023-07-11_00-14-36.csv
srun: error: Unable to create step for job 17333: Job/step already completing or completed
sgemm_thin_job_17333.out	sgemm_mkl_optimized_thin_thin007_2023-07-11_00-14-36.csv	thin007	rep 5 size 30000 OMP_PLACES=cores OMP_PROC_BIND=spread OMP_NUM_THREADS=2 BLIS_NUM_THREADS=2 srun -n1 --cpus-per-task=2 ./sgemm_mkl_optimized.x 30000 30000 30000>>sgemm_mkl_optimized_thin_thin007_2023-07-11_00-14-36.csv
srun: error: Unable to create step for job 17333: Job/step already completing or completed
sgemm_thin_job_17333.out	sgemm_mkl_optimized_thin_thin007_2023-07-11_00-14-36.csv	thin007	rep 5 size 30000 OMP_PLACES=cores OMP_PROC_BIND=spread OMP_NUM_THREADS=1 BLIS_NUM_THREADS=1 srun -n1 --cpus-per-task=1 ./sgemm_mkl_optimized.x 30000 30000 30000>>sgemm_mkl_optimized_thin_thin007_2023-07-11_00-14-36.csv
srun: error: Unable to create step for job 17333: Job/step already completing or completed
sgemm_thin_job_17333.out	sgemm_mkl_optimized_thin_thin007_2023-07-11_00-14-36.csv	thin007	rep 6 size 30000 OMP_PLACES=cores OMP_PROC_BIND=spread OMP_NUM_THREADS=24 BLIS_NUM_THREADS=24 srun -n1 --cpus-per-task=24 ./sgemm_mkl_optimized.x 30000 30000 30000>>sgemm_mkl_optimized_thin_thin007_2023-07-11_00-14-36.csv
srun: error: Unable to create step for job 17333: Job/step already completing or completed
sgemm_thin_job_17333.out	sgemm_mkl_optimized_thin_thin007_2023-07-11_00-14-36.csv	thin007	rep 6 size 30000 OMP_PLACES=cores OMP_PROC_BIND=spread OMP_NUM_THREADS=23 BLIS_NUM_THREADS=23 srun -n1 --cpus-per-task=23 ./sgemm_mkl_optimized.x 30000 30000 30000>>sgemm_mkl_optimized_thin_thin007_2023-07-11_00-14-36.csv
srun: error: Unable to create step for job 17333: Job/step already completing or completed
sgemm_thin_job_17333.out	sgemm_mkl_optimized_thin_thin007_2023-07-11_00-14-36.csv	thin007	rep 6 size 30000 OMP_PLACES=cores OMP_PROC_BIND=spread OMP_NUM_THREADS=22 BLIS_NUM_THREADS=22 srun -n1 --cpus-per-task=22 ./sgemm_mkl_optimized.x 30000 30000 30000>>sgemm_mkl_optimized_thin_thin007_2023-07-11_00-14-36.csv
srun: error: Unable to create step for job 17333: Job/step already completing or completed
sgemm_thin_job_17333.out	sgemm_mkl_optimized_thin_thin007_2023-07-11_00-14-36.csv	thin007	rep 6 size 30000 OMP_PLACES=cores OMP_PROC_BIND=spread OMP_NUM_THREADS=21 BLIS_NUM_THREADS=21 srun -n1 --cpus-per-task=21 ./sgemm_mkl_optimized.x 30000 30000 30000>>sgemm_mkl_optimized_thin_thin007_2023-07-11_00-14-36.csv
srun: error: Unable to create step for job 17333: Job/step already completing or completed
sgemm_thin_job_17333.out	sgemm_mkl_optimized_thin_thin007_2023-07-11_00-14-36.csv	thin007	rep 6 size 30000 OMP_PLACES=cores OMP_PROC_BIND=spread OMP_NUM_THREADS=20 BLIS_NUM_THREADS=20 srun -n1 --cpus-per-task=20 ./sgemm_mkl_optimized.x 30000 30000 30000>>sgemm_mkl_optimized_thin_thin007_2023-07-11_00-14-36.csv
srun: error: Unable to create step for job 17333: Job/step already completing or completed
sgemm_thin_job_17333.out	sgemm_mkl_optimized_thin_thin007_2023-07-11_00-14-36.csv	thin007	rep 6 size 30000 OMP_PLACES=cores OMP_PROC_BIND=spread OMP_NUM_THREADS=19 BLIS_NUM_THREADS=19 srun -n1 --cpus-per-task=19 ./sgemm_mkl_optimized.x 30000 30000 30000>>sgemm_mkl_optimized_thin_thin007_2023-07-11_00-14-36.csv
srun: error: Unable to create step for job 17333: Job/step already completing or completed
sgemm_thin_job_17333.out	sgemm_mkl_optimized_thin_thin007_2023-07-11_00-14-36.csv	thin007	rep 6 size 30000 OMP_PLACES=cores OMP_PROC_BIND=spread OMP_NUM_THREADS=18 BLIS_NUM_THREADS=18 srun -n1 --cpus-per-task=18 ./sgemm_mkl_optimized.x 30000 30000 30000>>sgemm_mkl_optimized_thin_thin007_2023-07-11_00-14-36.csv
srun: error: Unable to create step for job 17333: Job/step already completing or completed
sgemm_thin_job_17333.out	sgemm_mkl_optimized_thin_thin007_2023-07-11_00-14-36.csv	thin007	rep 6 size 30000 OMP_PLACES=cores OMP_PROC_BIND=spread OMP_NUM_THREADS=17 BLIS_NUM_THREADS=17 srun -n1 --cpus-per-task=17 ./sgemm_mkl_optimized.x 30000 30000 30000>>sgemm_mkl_optimized_thin_thin007_2023-07-11_00-14-36.csv
srun: error: Unable to create step for job 17333: Job/step already completing or completed
sgemm_thin_job_17333.out	sgemm_mkl_optimized_thin_thin007_2023-07-11_00-14-36.csv	thin007	rep 6 size 30000 OMP_PLACES=cores OMP_PROC_BIND=spread OMP_NUM_THREADS=16 BLIS_NUM_THREADS=16 srun -n1 --cpus-per-task=16 ./sgemm_mkl_optimized.x 30000 30000 30000>>sgemm_mkl_optimized_thin_thin007_2023-07-11_00-14-36.csv
srun: error: Unable to create step for job 17333: Job/step already completing or completed
sgemm_thin_job_17333.out	sgemm_mkl_optimized_thin_thin007_2023-07-11_00-14-36.csv	thin007	rep 6 size 30000 OMP_PLACES=cores OMP_PROC_BIND=spread OMP_NUM_THREADS=15 BLIS_NUM_THREADS=15 srun -n1 --cpus-per-task=15 ./sgemm_mkl_optimized.x 30000 30000 30000>>sgemm_mkl_optimized_thin_thin007_2023-07-11_00-14-36.csv
srun: error: Unable to create step for job 17333: Job/step already completing or completed
sgemm_thin_job_17333.out	sgemm_mkl_optimized_thin_thin007_2023-07-11_00-14-36.csv	thin007	rep 6 size 30000 OMP_PLACES=cores OMP_PROC_BIND=spread OMP_NUM_THREADS=14 BLIS_NUM_THREADS=14 srun -n1 --cpus-per-task=14 ./sgemm_mkl_optimized.x 30000 30000 30000>>sgemm_mkl_optimized_thin_thin007_2023-07-11_00-14-36.csv
srun: error: Unable to create step for job 17333: Job/step already completing or completed
sgemm_thin_job_17333.out	sgemm_mkl_optimized_thin_thin007_2023-07-11_00-14-36.csv	thin007	rep 6 size 30000 OMP_PLACES=cores OMP_PROC_BIND=spread OMP_NUM_THREADS=13 BLIS_NUM_THREADS=13 srun -n1 --cpus-per-task=13 ./sgemm_mkl_optimized.x 30000 30000 30000>>sgemm_mkl_optimized_thin_thin007_2023-07-11_00-14-36.csv
srun: error: Unable to create step for job 17333: Job/step already completing or completed
sgemm_thin_job_17333.out	sgemm_mkl_optimized_thin_thin007_2023-07-11_00-14-36.csv	thin007	rep 6 size 30000 OMP_PLACES=cores OMP_PROC_BIND=spread OMP_NUM_THREADS=12 BLIS_NUM_THREADS=12 srun -n1 --cpus-per-task=12 ./sgemm_mkl_optimized.x 30000 30000 30000>>sgemm_mkl_optimized_thin_thin007_2023-07-11_00-14-36.csv
srun: error: Unable to create step for job 17333: Job/step already completing or completed
sgemm_thin_job_17333.out	sgemm_mkl_optimized_thin_thin007_2023-07-11_00-14-36.csv	thin007	rep 6 size 30000 OMP_PLACES=cores OMP_PROC_BIND=spread OMP_NUM_THREADS=11 BLIS_NUM_THREADS=11 srun -n1 --cpus-per-task=11 ./sgemm_mkl_optimized.x 30000 30000 30000>>sgemm_mkl_optimized_thin_thin007_2023-07-11_00-14-36.csv
srun: error: Unable to create step for job 17333: Job/step already completing or completed
sgemm_thin_job_17333.out	sgemm_mkl_optimized_thin_thin007_2023-07-11_00-14-36.csv	thin007	rep 6 size 30000 OMP_PLACES=cores OMP_PROC_BIND=spread OMP_NUM_THREADS=10 BLIS_NUM_THREADS=10 srun -n1 --cpus-per-task=10 ./sgemm_mkl_optimized.x 30000 30000 30000>>sgemm_mkl_optimized_thin_thin007_2023-07-11_00-14-36.csv
srun: error: Unable to create step for job 17333: Job/step already completing or completed
sgemm_thin_job_17333.out	sgemm_mkl_optimized_thin_thin007_2023-07-11_00-14-36.csv	thin007	rep 6 size 30000 OMP_PLACES=cores OMP_PROC_BIND=spread OMP_NUM_THREADS=9 BLIS_NUM_THREADS=9 srun -n1 --cpus-per-task=9 ./sgemm_mkl_optimized.x 30000 30000 30000>>sgemm_mkl_optimized_thin_thin007_2023-07-11_00-14-36.csv
srun: error: Unable to create step for job 17333: Job/step already completing or completed
sgemm_thin_job_17333.out	sgemm_mkl_optimized_thin_thin007_2023-07-11_00-14-36.csv	thin007	rep 6 size 30000 OMP_PLACES=cores OMP_PROC_BIND=spread OMP_NUM_THREADS=8 BLIS_NUM_THREADS=8 srun -n1 --cpus-per-task=8 ./sgemm_mkl_optimized.x 30000 30000 30000>>sgemm_mkl_optimized_thin_thin007_2023-07-11_00-14-36.csv
srun: error: Unable to create step for job 17333: Job/step already completing or completed
sgemm_thin_job_17333.out	sgemm_mkl_optimized_thin_thin007_2023-07-11_00-14-36.csv	thin007	rep 6 size 30000 OMP_PLACES=cores OMP_PROC_BIND=spread OMP_NUM_THREADS=7 BLIS_NUM_THREADS=7 srun -n1 --cpus-per-task=7 ./sgemm_mkl_optimized.x 30000 30000 30000>>sgemm_mkl_optimized_thin_thin007_2023-07-11_00-14-36.csv
srun: error: Unable to create step for job 17333: Job/step already completing or completed
sgemm_thin_job_17333.out	sgemm_mkl_optimized_thin_thin007_2023-07-11_00-14-36.csv	thin007	rep 6 size 30000 OMP_PLACES=cores OMP_PROC_BIND=spread OMP_NUM_THREADS=6 BLIS_NUM_THREADS=6 srun -n1 --cpus-per-task=6 ./sgemm_mkl_optimized.x 30000 30000 30000>>sgemm_mkl_optimized_thin_thin007_2023-07-11_00-14-36.csv
srun: error: Unable to create step for job 17333: Job/step already completing or completed
sgemm_thin_job_17333.out	sgemm_mkl_optimized_thin_thin007_2023-07-11_00-14-36.csv	thin007	rep 6 size 30000 OMP_PLACES=cores OMP_PROC_BIND=spread OMP_NUM_THREADS=5 BLIS_NUM_THREADS=5 srun -n1 --cpus-per-task=5 ./sgemm_mkl_optimized.x 30000 30000 30000>>sgemm_mkl_optimized_thin_thin007_2023-07-11_00-14-36.csv
srun: error: Unable to create step for job 17333: Job/step already completing or completed
sgemm_thin_job_17333.out	sgemm_mkl_optimized_thin_thin007_2023-07-11_00-14-36.csv	thin007	rep 6 size 30000 OMP_PLACES=cores OMP_PROC_BIND=spread OMP_NUM_THREADS=4 BLIS_NUM_THREADS=4 srun -n1 --cpus-per-task=4 ./sgemm_mkl_optimized.x 30000 30000 30000>>sgemm_mkl_optimized_thin_thin007_2023-07-11_00-14-36.csv
srun: error: Unable to create step for job 17333: Job/step already completing or completed
sgemm_thin_job_17333.out	sgemm_mkl_optimized_thin_thin007_2023-07-11_00-14-36.csv	thin007	rep 6 size 30000 OMP_PLACES=cores OMP_PROC_BIND=spread OMP_NUM_THREADS=3 BLIS_NUM_THREADS=3 srun -n1 --cpus-per-task=3 ./sgemm_mkl_optimized.x 30000 30000 30000>>sgemm_mkl_optimized_thin_thin007_2023-07-11_00-14-36.csv
srun: error: Unable to create step for job 17333: Job/step already completing or completed
sgemm_thin_job_17333.out	sgemm_mkl_optimized_thin_thin007_2023-07-11_00-14-36.csv	thin007	rep 6 size 30000 OMP_PLACES=cores OMP_PROC_BIND=spread OMP_NUM_THREADS=2 BLIS_NUM_THREADS=2 srun -n1 --cpus-per-task=2 ./sgemm_mkl_optimized.x 30000 30000 30000>>sgemm_mkl_optimized_thin_thin007_2023-07-11_00-14-36.csv
srun: error: Unable to create step for job 17333: Job/step already completing or completed
sgemm_thin_job_17333.out	sgemm_mkl_optimized_thin_thin007_2023-07-11_00-14-36.csv	thin007	rep 6 size 30000 OMP_PLACES=cores OMP_PROC_BIND=spread OMP_NUM_THREADS=1 BLIS_NUM_THREADS=1 srun -n1 --cpus-per-task=1 ./sgemm_mkl_optimized.x 30000 30000 30000>>sgemm_mkl_optimized_thin_thin007_2023-07-11_00-14-36.csv
srun: error: Unable to create step for job 17333: Job/step already completing or completed
sgemm_thin_job_17333.out	sgemm_mkl_optimized_thin_thin007_2023-07-11_00-14-36.csv	thin007	rep 7 size 30000 OMP_PLACES=cores OMP_PROC_BIND=spread OMP_NUM_THREADS=24 BLIS_NUM_THREADS=24 srun -n1 --cpus-per-task=24 ./sgemm_mkl_optimized.x 30000 30000 30000>>sgemm_mkl_optimized_thin_thin007_2023-07-11_00-14-36.csv
srun: error: Unable to create step for job 17333: Job/step already completing or completed
sgemm_thin_job_17333.out	sgemm_mkl_optimized_thin_thin007_2023-07-11_00-14-36.csv	thin007	rep 7 size 30000 OMP_PLACES=cores OMP_PROC_BIND=spread OMP_NUM_THREADS=23 BLIS_NUM_THREADS=23 srun -n1 --cpus-per-task=23 ./sgemm_mkl_optimized.x 30000 30000 30000>>sgemm_mkl_optimized_thin_thin007_2023-07-11_00-14-36.csv
srun: error: Unable to create step for job 17333: Job/step already completing or completed
sgemm_thin_job_17333.out	sgemm_mkl_optimized_thin_thin007_2023-07-11_00-14-36.csv	thin007	rep 7 size 30000 OMP_PLACES=cores OMP_PROC_BIND=spread OMP_NUM_THREADS=22 BLIS_NUM_THREADS=22 srun -n1 --cpus-per-task=22 ./sgemm_mkl_optimized.x 30000 30000 30000>>sgemm_mkl_optimized_thin_thin007_2023-07-11_00-14-36.csv
srun: error: Unable to create step for job 17333: Job/step already completing or completed
sgemm_thin_job_17333.out	sgemm_mkl_optimized_thin_thin007_2023-07-11_00-14-36.csv	thin007	rep 7 size 30000 OMP_PLACES=cores OMP_PROC_BIND=spread OMP_NUM_THREADS=21 BLIS_NUM_THREADS=21 srun -n1 --cpus-per-task=21 ./sgemm_mkl_optimized.x 30000 30000 30000>>sgemm_mkl_optimized_thin_thin007_2023-07-11_00-14-36.csv
srun: error: Unable to create step for job 17333: Job/step already completing or completed
sgemm_thin_job_17333.out	sgemm_mkl_optimized_thin_thin007_2023-07-11_00-14-36.csv	thin007	rep 7 size 30000 OMP_PLACES=cores OMP_PROC_BIND=spread OMP_NUM_THREADS=20 BLIS_NUM_THREADS=20 srun -n1 --cpus-per-task=20 ./sgemm_mkl_optimized.x 30000 30000 30000>>sgemm_mkl_optimized_thin_thin007_2023-07-11_00-14-36.csv
srun: error: Unable to create step for job 17333: Job/step already completing or completed
sgemm_thin_job_17333.out	sgemm_mkl_optimized_thin_thin007_2023-07-11_00-14-36.csv	thin007	rep 7 size 30000 OMP_PLACES=cores OMP_PROC_BIND=spread OMP_NUM_THREADS=19 BLIS_NUM_THREADS=19 srun -n1 --cpus-per-task=19 ./sgemm_mkl_optimized.x 30000 30000 30000>>sgemm_mkl_optimized_thin_thin007_2023-07-11_00-14-36.csv
srun: error: Unable to create step for job 17333: Job/step already completing or completed
sgemm_thin_job_17333.out	sgemm_mkl_optimized_thin_thin007_2023-07-11_00-14-36.csv	thin007	rep 7 size 30000 OMP_PLACES=cores OMP_PROC_BIND=spread OMP_NUM_THREADS=18 BLIS_NUM_THREADS=18 srun -n1 --cpus-per-task=18 ./sgemm_mkl_optimized.x 30000 30000 30000>>sgemm_mkl_optimized_thin_thin007_2023-07-11_00-14-36.csv
srun: error: Unable to create step for job 17333: Job/step already completing or completed
sgemm_thin_job_17333.out	sgemm_mkl_optimized_thin_thin007_2023-07-11_00-14-36.csv	thin007	rep 7 size 30000 OMP_PLACES=cores OMP_PROC_BIND=spread OMP_NUM_THREADS=17 BLIS_NUM_THREADS=17 srun -n1 --cpus-per-task=17 ./sgemm_mkl_optimized.x 30000 30000 30000>>sgemm_mkl_optimized_thin_thin007_2023-07-11_00-14-36.csv
srun: error: Unable to create step for job 17333: Job/step already completing or completed
sgemm_thin_job_17333.out	sgemm_mkl_optimized_thin_thin007_2023-07-11_00-14-36.csv	thin007	rep 7 size 30000 OMP_PLACES=cores OMP_PROC_BIND=spread OMP_NUM_THREADS=16 BLIS_NUM_THREADS=16 srun -n1 --cpus-per-task=16 ./sgemm_mkl_optimized.x 30000 30000 30000>>sgemm_mkl_optimized_thin_thin007_2023-07-11_00-14-36.csv
srun: error: Unable to create step for job 17333: Job/step already completing or completed
sgemm_thin_job_17333.out	sgemm_mkl_optimized_thin_thin007_2023-07-11_00-14-36.csv	thin007	rep 7 size 30000 OMP_PLACES=cores OMP_PROC_BIND=spread OMP_NUM_THREADS=15 BLIS_NUM_THREADS=15 srun -n1 --cpus-per-task=15 ./sgemm_mkl_optimized.x 30000 30000 30000>>sgemm_mkl_optimized_thin_thin007_2023-07-11_00-14-36.csv
srun: error: Unable to create step for job 17333: Job/step already completing or completed
sgemm_thin_job_17333.out	sgemm_mkl_optimized_thin_thin007_2023-07-11_00-14-36.csv	thin007	rep 7 size 30000 OMP_PLACES=cores OMP_PROC_BIND=spread OMP_NUM_THREADS=14 BLIS_NUM_THREADS=14 srun -n1 --cpus-per-task=14 ./sgemm_mkl_optimized.x 30000 30000 30000>>sgemm_mkl_optimized_thin_thin007_2023-07-11_00-14-36.csv
srun: error: Unable to create step for job 17333: Job/step already completing or completed
sgemm_thin_job_17333.out	sgemm_mkl_optimized_thin_thin007_2023-07-11_00-14-36.csv	thin007	rep 7 size 30000 OMP_PLACES=cores OMP_PROC_BIND=spread OMP_NUM_THREADS=13 BLIS_NUM_THREADS=13 srun -n1 --cpus-per-task=13 ./sgemm_mkl_optimized.x 30000 30000 30000>>sgemm_mkl_optimized_thin_thin007_2023-07-11_00-14-36.csv
srun: error: Unable to create step for job 17333: Job/step already completing or completed
sgemm_thin_job_17333.out	sgemm_mkl_optimized_thin_thin007_2023-07-11_00-14-36.csv	thin007	rep 7 size 30000 OMP_PLACES=cores OMP_PROC_BIND=spread OMP_NUM_THREADS=12 BLIS_NUM_THREADS=12 srun -n1 --cpus-per-task=12 ./sgemm_mkl_optimized.x 30000 30000 30000>>sgemm_mkl_optimized_thin_thin007_2023-07-11_00-14-36.csv
srun: error: Unable to create step for job 17333: Job/step already completing or completed
sgemm_thin_job_17333.out	sgemm_mkl_optimized_thin_thin007_2023-07-11_00-14-36.csv	thin007	rep 7 size 30000 OMP_PLACES=cores OMP_PROC_BIND=spread OMP_NUM_THREADS=11 BLIS_NUM_THREADS=11 srun -n1 --cpus-per-task=11 ./sgemm_mkl_optimized.x 30000 30000 30000>>sgemm_mkl_optimized_thin_thin007_2023-07-11_00-14-36.csv
srun: error: Unable to create step for job 17333: Job/step already completing or completed
sgemm_thin_job_17333.out	sgemm_mkl_optimized_thin_thin007_2023-07-11_00-14-36.csv	thin007	rep 7 size 30000 OMP_PLACES=cores OMP_PROC_BIND=spread OMP_NUM_THREADS=10 BLIS_NUM_THREADS=10 srun -n1 --cpus-per-task=10 ./sgemm_mkl_optimized.x 30000 30000 30000>>sgemm_mkl_optimized_thin_thin007_2023-07-11_00-14-36.csv
srun: error: Unable to create step for job 17333: Job/step already completing or completed
sgemm_thin_job_17333.out	sgemm_mkl_optimized_thin_thin007_2023-07-11_00-14-36.csv	thin007	rep 7 size 30000 OMP_PLACES=cores OMP_PROC_BIND=spread OMP_NUM_THREADS=9 BLIS_NUM_THREADS=9 srun -n1 --cpus-per-task=9 ./sgemm_mkl_optimized.x 30000 30000 30000>>sgemm_mkl_optimized_thin_thin007_2023-07-11_00-14-36.csv
srun: error: Unable to create step for job 17333: Job/step already completing or completed
sgemm_thin_job_17333.out	sgemm_mkl_optimized_thin_thin007_2023-07-11_00-14-36.csv	thin007	rep 7 size 30000 OMP_PLACES=cores OMP_PROC_BIND=spread OMP_NUM_THREADS=8 BLIS_NUM_THREADS=8 srun -n1 --cpus-per-task=8 ./sgemm_mkl_optimized.x 30000 30000 30000>>sgemm_mkl_optimized_thin_thin007_2023-07-11_00-14-36.csv
srun: error: Unable to create step for job 17333: Job/step already completing or completed
sgemm_thin_job_17333.out	sgemm_mkl_optimized_thin_thin007_2023-07-11_00-14-36.csv	thin007	rep 7 size 30000 OMP_PLACES=cores OMP_PROC_BIND=spread OMP_NUM_THREADS=7 BLIS_NUM_THREADS=7 srun -n1 --cpus-per-task=7 ./sgemm_mkl_optimized.x 30000 30000 30000>>sgemm_mkl_optimized_thin_thin007_2023-07-11_00-14-36.csv
srun: error: Unable to create step for job 17333: Job/step already completing or completed
sgemm_thin_job_17333.out	sgemm_mkl_optimized_thin_thin007_2023-07-11_00-14-36.csv	thin007	rep 7 size 30000 OMP_PLACES=cores OMP_PROC_BIND=spread OMP_NUM_THREADS=6 BLIS_NUM_THREADS=6 srun -n1 --cpus-per-task=6 ./sgemm_mkl_optimized.x 30000 30000 30000>>sgemm_mkl_optimized_thin_thin007_2023-07-11_00-14-36.csv
srun: error: Unable to create step for job 17333: Job/step already completing or completed
sgemm_thin_job_17333.out	sgemm_mkl_optimized_thin_thin007_2023-07-11_00-14-36.csv	thin007	rep 7 size 30000 OMP_PLACES=cores OMP_PROC_BIND=spread OMP_NUM_THREADS=5 BLIS_NUM_THREADS=5 srun -n1 --cpus-per-task=5 ./sgemm_mkl_optimized.x 30000 30000 30000>>sgemm_mkl_optimized_thin_thin007_2023-07-11_00-14-36.csv
srun: error: Unable to create step for job 17333: Job/step already completing or completed
sgemm_thin_job_17333.out	sgemm_mkl_optimized_thin_thin007_2023-07-11_00-14-36.csv	thin007	rep 7 size 30000 OMP_PLACES=cores OMP_PROC_BIND=spread OMP_NUM_THREADS=4 BLIS_NUM_THREADS=4 srun -n1 --cpus-per-task=4 ./sgemm_mkl_optimized.x 30000 30000 30000>>sgemm_mkl_optimized_thin_thin007_2023-07-11_00-14-36.csv
srun: error: Unable to create step for job 17333: Job/step already completing or completed
sgemm_thin_job_17333.out	sgemm_mkl_optimized_thin_thin007_2023-07-11_00-14-36.csv	thin007	rep 7 size 30000 OMP_PLACES=cores OMP_PROC_BIND=spread OMP_NUM_THREADS=3 BLIS_NUM_THREADS=3 srun -n1 --cpus-per-task=3 ./sgemm_mkl_optimized.x 30000 30000 30000>>sgemm_mkl_optimized_thin_thin007_2023-07-11_00-14-36.csv
srun: error: Unable to create step for job 17333: Job/step already completing or completed
sgemm_thin_job_17333.out	sgemm_mkl_optimized_thin_thin007_2023-07-11_00-14-36.csv	thin007	rep 7 size 30000 OMP_PLACES=cores OMP_PROC_BIND=spread OMP_NUM_THREADS=2 BLIS_NUM_THREADS=2 srun -n1 --cpus-per-task=2 ./sgemm_mkl_optimized.x 30000 30000 30000>>sgemm_mkl_optimized_thin_thin007_2023-07-11_00-14-36.csv
srun: error: Unable to create step for job 17333: Job/step already completing or completed
sgemm_thin_job_17333.out	sgemm_mkl_optimized_thin_thin007_2023-07-11_00-14-36.csv	thin007	rep 7 size 30000 OMP_PLACES=cores OMP_PROC_BIND=spread OMP_NUM_THREADS=1 BLIS_NUM_THREADS=1 srun -n1 --cpus-per-task=1 ./sgemm_mkl_optimized.x 30000 30000 30000>>sgemm_mkl_optimized_thin_thin007_2023-07-11_00-14-36.csv
srun: error: Unable to create step for job 17333: Job/step already completing or completed
sgemm_thin_job_17333.out	sgemm_mkl_optimized_thin_thin007_2023-07-11_00-14-36.csv	thin007	rep 8 size 30000 OMP_PLACES=cores OMP_PROC_BIND=spread OMP_NUM_THREADS=24 BLIS_NUM_THREADS=24 srun -n1 --cpus-per-task=24 ./sgemm_mkl_optimized.x 30000 30000 30000>>sgemm_mkl_optimized_thin_thin007_2023-07-11_00-14-36.csv
srun: error: Unable to create step for job 17333: Job/step already completing or completed
sgemm_thin_job_17333.out	sgemm_mkl_optimized_thin_thin007_2023-07-11_00-14-36.csv	thin007	rep 8 size 30000 OMP_PLACES=cores OMP_PROC_BIND=spread OMP_NUM_THREADS=23 BLIS_NUM_THREADS=23 srun -n1 --cpus-per-task=23 ./sgemm_mkl_optimized.x 30000 30000 30000>>sgemm_mkl_optimized_thin_thin007_2023-07-11_00-14-36.csv
srun: error: Unable to create step for job 17333: Job/step already completing or completed
sgemm_thin_job_17333.out	sgemm_mkl_optimized_thin_thin007_2023-07-11_00-14-36.csv	thin007	rep 8 size 30000 OMP_PLACES=cores OMP_PROC_BIND=spread OMP_NUM_THREADS=22 BLIS_NUM_THREADS=22 srun -n1 --cpus-per-task=22 ./sgemm_mkl_optimized.x 30000 30000 30000>>sgemm_mkl_optimized_thin_thin007_2023-07-11_00-14-36.csv
srun: error: Unable to create step for job 17333: Job/step already completing or completed
sgemm_thin_job_17333.out	sgemm_mkl_optimized_thin_thin007_2023-07-11_00-14-36.csv	thin007	rep 8 size 30000 OMP_PLACES=cores OMP_PROC_BIND=spread OMP_NUM_THREADS=21 BLIS_NUM_THREADS=21 srun -n1 --cpus-per-task=21 ./sgemm_mkl_optimized.x 30000 30000 30000>>sgemm_mkl_optimized_thin_thin007_2023-07-11_00-14-36.csv
srun: error: Unable to create step for job 17333: Job/step already completing or completed
sgemm_thin_job_17333.out	sgemm_mkl_optimized_thin_thin007_2023-07-11_00-14-36.csv	thin007	rep 8 size 30000 OMP_PLACES=cores OMP_PROC_BIND=spread OMP_NUM_THREADS=20 BLIS_NUM_THREADS=20 srun -n1 --cpus-per-task=20 ./sgemm_mkl_optimized.x 30000 30000 30000>>sgemm_mkl_optimized_thin_thin007_2023-07-11_00-14-36.csv
srun: error: Unable to create step for job 17333: Job/step already completing or completed
sgemm_thin_job_17333.out	sgemm_mkl_optimized_thin_thin007_2023-07-11_00-14-36.csv	thin007	rep 8 size 30000 OMP_PLACES=cores OMP_PROC_BIND=spread OMP_NUM_THREADS=19 BLIS_NUM_THREADS=19 srun -n1 --cpus-per-task=19 ./sgemm_mkl_optimized.x 30000 30000 30000>>sgemm_mkl_optimized_thin_thin007_2023-07-11_00-14-36.csv
srun: error: Unable to create step for job 17333: Job/step already completing or completed
sgemm_thin_job_17333.out	sgemm_mkl_optimized_thin_thin007_2023-07-11_00-14-36.csv	thin007	rep 8 size 30000 OMP_PLACES=cores OMP_PROC_BIND=spread OMP_NUM_THREADS=18 BLIS_NUM_THREADS=18 srun -n1 --cpus-per-task=18 ./sgemm_mkl_optimized.x 30000 30000 30000>>sgemm_mkl_optimized_thin_thin007_2023-07-11_00-14-36.csv
srun: error: Unable to create step for job 17333: Job/step already completing or completed
sgemm_thin_job_17333.out	sgemm_mkl_optimized_thin_thin007_2023-07-11_00-14-36.csv	thin007	rep 8 size 30000 OMP_PLACES=cores OMP_PROC_BIND=spread OMP_NUM_THREADS=17 BLIS_NUM_THREADS=17 srun -n1 --cpus-per-task=17 ./sgemm_mkl_optimized.x 30000 30000 30000>>sgemm_mkl_optimized_thin_thin007_2023-07-11_00-14-36.csv
srun: error: Unable to create step for job 17333: Job/step already completing or completed
sgemm_thin_job_17333.out	sgemm_mkl_optimized_thin_thin007_2023-07-11_00-14-36.csv	thin007	rep 8 size 30000 OMP_PLACES=cores OMP_PROC_BIND=spread OMP_NUM_THREADS=16 BLIS_NUM_THREADS=16 srun -n1 --cpus-per-task=16 ./sgemm_mkl_optimized.x 30000 30000 30000>>sgemm_mkl_optimized_thin_thin007_2023-07-11_00-14-36.csv
srun: error: Unable to create step for job 17333: Job/step already completing or completed
sgemm_thin_job_17333.out	sgemm_mkl_optimized_thin_thin007_2023-07-11_00-14-36.csv	thin007	rep 8 size 30000 OMP_PLACES=cores OMP_PROC_BIND=spread OMP_NUM_THREADS=15 BLIS_NUM_THREADS=15 srun -n1 --cpus-per-task=15 ./sgemm_mkl_optimized.x 30000 30000 30000>>sgemm_mkl_optimized_thin_thin007_2023-07-11_00-14-36.csv
srun: error: Unable to create step for job 17333: Job/step already completing or completed
sgemm_thin_job_17333.out	sgemm_mkl_optimized_thin_thin007_2023-07-11_00-14-36.csv	thin007	rep 8 size 30000 OMP_PLACES=cores OMP_PROC_BIND=spread OMP_NUM_THREADS=14 BLIS_NUM_THREADS=14 srun -n1 --cpus-per-task=14 ./sgemm_mkl_optimized.x 30000 30000 30000>>sgemm_mkl_optimized_thin_thin007_2023-07-11_00-14-36.csv
srun: error: Unable to create step for job 17333: Job/step already completing or completed
sgemm_thin_job_17333.out	sgemm_mkl_optimized_thin_thin007_2023-07-11_00-14-36.csv	thin007	rep 8 size 30000 OMP_PLACES=cores OMP_PROC_BIND=spread OMP_NUM_THREADS=13 BLIS_NUM_THREADS=13 srun -n1 --cpus-per-task=13 ./sgemm_mkl_optimized.x 30000 30000 30000>>sgemm_mkl_optimized_thin_thin007_2023-07-11_00-14-36.csv
srun: error: Unable to create step for job 17333: Job/step already completing or completed
sgemm_thin_job_17333.out	sgemm_mkl_optimized_thin_thin007_2023-07-11_00-14-36.csv	thin007	rep 8 size 30000 OMP_PLACES=cores OMP_PROC_BIND=spread OMP_NUM_THREADS=12 BLIS_NUM_THREADS=12 srun -n1 --cpus-per-task=12 ./sgemm_mkl_optimized.x 30000 30000 30000>>sgemm_mkl_optimized_thin_thin007_2023-07-11_00-14-36.csv
srun: error: Unable to create step for job 17333: Job/step already completing or completed
sgemm_thin_job_17333.out	sgemm_mkl_optimized_thin_thin007_2023-07-11_00-14-36.csv	thin007	rep 8 size 30000 OMP_PLACES=cores OMP_PROC_BIND=spread OMP_NUM_THREADS=11 BLIS_NUM_THREADS=11 srun -n1 --cpus-per-task=11 ./sgemm_mkl_optimized.x 30000 30000 30000>>sgemm_mkl_optimized_thin_thin007_2023-07-11_00-14-36.csv
srun: error: Unable to create step for job 17333: Job/step already completing or completed
sgemm_thin_job_17333.out	sgemm_mkl_optimized_thin_thin007_2023-07-11_00-14-36.csv	thin007	rep 8 size 30000 OMP_PLACES=cores OMP_PROC_BIND=spread OMP_NUM_THREADS=10 BLIS_NUM_THREADS=10 srun -n1 --cpus-per-task=10 ./sgemm_mkl_optimized.x 30000 30000 30000>>sgemm_mkl_optimized_thin_thin007_2023-07-11_00-14-36.csv
srun: error: Unable to create step for job 17333: Job/step already completing or completed
sgemm_thin_job_17333.out	sgemm_mkl_optimized_thin_thin007_2023-07-11_00-14-36.csv	thin007	rep 8 size 30000 OMP_PLACES=cores OMP_PROC_BIND=spread OMP_NUM_THREADS=9 BLIS_NUM_THREADS=9 srun -n1 --cpus-per-task=9 ./sgemm_mkl_optimized.x 30000 30000 30000>>sgemm_mkl_optimized_thin_thin007_2023-07-11_00-14-36.csv
srun: error: Unable to create step for job 17333: Job/step already completing or completed
sgemm_thin_job_17333.out	sgemm_mkl_optimized_thin_thin007_2023-07-11_00-14-36.csv	thin007	rep 8 size 30000 OMP_PLACES=cores OMP_PROC_BIND=spread OMP_NUM_THREADS=8 BLIS_NUM_THREADS=8 srun -n1 --cpus-per-task=8 ./sgemm_mkl_optimized.x 30000 30000 30000>>sgemm_mkl_optimized_thin_thin007_2023-07-11_00-14-36.csv
srun: error: Unable to create step for job 17333: Job/step already completing or completed
sgemm_thin_job_17333.out	sgemm_mkl_optimized_thin_thin007_2023-07-11_00-14-36.csv	thin007	rep 8 size 30000 OMP_PLACES=cores OMP_PROC_BIND=spread OMP_NUM_THREADS=7 BLIS_NUM_THREADS=7 srun -n1 --cpus-per-task=7 ./sgemm_mkl_optimized.x 30000 30000 30000>>sgemm_mkl_optimized_thin_thin007_2023-07-11_00-14-36.csv
srun: error: Unable to create step for job 17333: Job/step already completing or completed
sgemm_thin_job_17333.out	sgemm_mkl_optimized_thin_thin007_2023-07-11_00-14-36.csv	thin007	rep 8 size 30000 OMP_PLACES=cores OMP_PROC_BIND=spread OMP_NUM_THREADS=6 BLIS_NUM_THREADS=6 srun -n1 --cpus-per-task=6 ./sgemm_mkl_optimized.x 30000 30000 30000>>sgemm_mkl_optimized_thin_thin007_2023-07-11_00-14-36.csv
srun: error: Unable to create step for job 17333: Job/step already completing or completed
sgemm_thin_job_17333.out	sgemm_mkl_optimized_thin_thin007_2023-07-11_00-14-36.csv	thin007	rep 8 size 30000 OMP_PLACES=cores OMP_PROC_BIND=spread OMP_NUM_THREADS=5 BLIS_NUM_THREADS=5 srun -n1 --cpus-per-task=5 ./sgemm_mkl_optimized.x 30000 30000 30000>>sgemm_mkl_optimized_thin_thin007_2023-07-11_00-14-36.csv
srun: error: Unable to create step for job 17333: Job/step already completing or completed
sgemm_thin_job_17333.out	sgemm_mkl_optimized_thin_thin007_2023-07-11_00-14-36.csv	thin007	rep 8 size 30000 OMP_PLACES=cores OMP_PROC_BIND=spread OMP_NUM_THREADS=4 BLIS_NUM_THREADS=4 srun -n1 --cpus-per-task=4 ./sgemm_mkl_optimized.x 30000 30000 30000>>sgemm_mkl_optimized_thin_thin007_2023-07-11_00-14-36.csv
srun: error: Unable to create step for job 17333: Job/step already completing or completed
sgemm_thin_job_17333.out	sgemm_mkl_optimized_thin_thin007_2023-07-11_00-14-36.csv	thin007	rep 8 size 30000 OMP_PLACES=cores OMP_PROC_BIND=spread OMP_NUM_THREADS=3 BLIS_NUM_THREADS=3 srun -n1 --cpus-per-task=3 ./sgemm_mkl_optimized.x 30000 30000 30000>>sgemm_mkl_optimized_thin_thin007_2023-07-11_00-14-36.csv
srun: error: Unable to create step for job 17333: Job/step already completing or completed
sgemm_thin_job_17333.out	sgemm_mkl_optimized_thin_thin007_2023-07-11_00-14-36.csv	thin007	rep 8 size 30000 OMP_PLACES=cores OMP_PROC_BIND=spread OMP_NUM_THREADS=2 BLIS_NUM_THREADS=2 srun -n1 --cpus-per-task=2 ./sgemm_mkl_optimized.x 30000 30000 30000>>sgemm_mkl_optimized_thin_thin007_2023-07-11_00-14-36.csv
srun: error: Unable to create step for job 17333: Job/step already completing or completed
sgemm_thin_job_17333.out	sgemm_mkl_optimized_thin_thin007_2023-07-11_00-14-36.csv	thin007	rep 8 size 30000 OMP_PLACES=cores OMP_PROC_BIND=spread OMP_NUM_THREADS=1 BLIS_NUM_THREADS=1 srun -n1 --cpus-per-task=1 ./sgemm_mkl_optimized.x 30000 30000 30000>>sgemm_mkl_optimized_thin_thin007_2023-07-11_00-14-36.csv
srun: error: Slurm job 17333 has expired
srun: Check SLURM_JOB_ID environment variable. Expired or invalid job 17333
slurmstepd: error: *** JOB 17333 ON thin007 CANCELLED AT 2023-07-11T02:15:01 DUE TO TIME LIMIT ***
