Loading mkl version 2022.2.1
Loading tbb version 2021.7.1
Loading compiler-rt version 2022.2.1
size scalability begin
sgemm_mkl_epyc_job_15671.out	sgemm_blis_epyc_epyc006_2023-07-03_08-17-32.csv	epyc006	rep 1 size 30000 OMP_PLACES=cores OMP_PROC_BIND=close OMP_NUM_THREADS=64 BLIS_NUM_THREADS=64 srun -n1 --cpus-per-task=64 ./sgemm_blis.x 30000 30000 30000>>sgemm_blis_epyc_epyc006_2023-07-03_08-17-32.csv
sgemm_mkl_epyc_job_15671.out	sgemm_blis_epyc_epyc006_2023-07-03_08-17-32.csv	epyc006	rep 1 size 29500 OMP_PLACES=cores OMP_PROC_BIND=close OMP_NUM_THREADS=64 BLIS_NUM_THREADS=64 srun -n1 --cpus-per-task=64 ./sgemm_blis.x 29500 29500 29500>>sgemm_blis_epyc_epyc006_2023-07-03_08-17-32.csv
sgemm_mkl_epyc_job_15671.out	sgemm_blis_epyc_epyc006_2023-07-03_08-17-32.csv	epyc006	rep 1 size 29000 OMP_PLACES=cores OMP_PROC_BIND=close OMP_NUM_THREADS=64 BLIS_NUM_THREADS=64 srun -n1 --cpus-per-task=64 ./sgemm_blis.x 29000 29000 29000>>sgemm_blis_epyc_epyc006_2023-07-03_08-17-32.csv
sgemm_mkl_epyc_job_15671.out	sgemm_blis_epyc_epyc006_2023-07-03_08-17-32.csv	epyc006	rep 1 size 28500 OMP_PLACES=cores OMP_PROC_BIND=close OMP_NUM_THREADS=64 BLIS_NUM_THREADS=64 srun -n1 --cpus-per-task=64 ./sgemm_blis.x 28500 28500 28500>>sgemm_blis_epyc_epyc006_2023-07-03_08-17-32.csv
sgemm_mkl_epyc_job_15671.out	sgemm_blis_epyc_epyc006_2023-07-03_08-17-32.csv	epyc006	rep 1 size 28000 OMP_PLACES=cores OMP_PROC_BIND=close OMP_NUM_THREADS=64 BLIS_NUM_THREADS=64 srun -n1 --cpus-per-task=64 ./sgemm_blis.x 28000 28000 28000>>sgemm_blis_epyc_epyc006_2023-07-03_08-17-32.csv
sgemm_mkl_epyc_job_15671.out	sgemm_blis_epyc_epyc006_2023-07-03_08-17-32.csv	epyc006	rep 1 size 27500 OMP_PLACES=cores OMP_PROC_BIND=close OMP_NUM_THREADS=64 BLIS_NUM_THREADS=64 srun -n1 --cpus-per-task=64 ./sgemm_blis.x 27500 27500 27500>>sgemm_blis_epyc_epyc006_2023-07-03_08-17-32.csv
sgemm_mkl_epyc_job_15671.out	sgemm_blis_epyc_epyc006_2023-07-03_08-17-32.csv	epyc006	rep 1 size 27000 OMP_PLACES=cores OMP_PROC_BIND=close OMP_NUM_THREADS=64 BLIS_NUM_THREADS=64 srun -n1 --cpus-per-task=64 ./sgemm_blis.x 27000 27000 27000>>sgemm_blis_epyc_epyc006_2023-07-03_08-17-32.csv
sgemm_mkl_epyc_job_15671.out	sgemm_blis_epyc_epyc006_2023-07-03_08-17-32.csv	epyc006	rep 1 size 26500 OMP_PLACES=cores OMP_PROC_BIND=close OMP_NUM_THREADS=64 BLIS_NUM_THREADS=64 srun -n1 --cpus-per-task=64 ./sgemm_blis.x 26500 26500 26500>>sgemm_blis_epyc_epyc006_2023-07-03_08-17-32.csv
sgemm_mkl_epyc_job_15671.out	sgemm_blis_epyc_epyc006_2023-07-03_08-17-32.csv	epyc006	rep 1 size 26000 OMP_PLACES=cores OMP_PROC_BIND=close OMP_NUM_THREADS=64 BLIS_NUM_THREADS=64 srun -n1 --cpus-per-task=64 ./sgemm_blis.x 26000 26000 26000>>sgemm_blis_epyc_epyc006_2023-07-03_08-17-32.csv
sgemm_mkl_epyc_job_15671.out	sgemm_blis_epyc_epyc006_2023-07-03_08-17-32.csv	epyc006	rep 1 size 25500 OMP_PLACES=cores OMP_PROC_BIND=close OMP_NUM_THREADS=64 BLIS_NUM_THREADS=64 srun -n1 --cpus-per-task=64 ./sgemm_blis.x 25500 25500 25500>>sgemm_blis_epyc_epyc006_2023-07-03_08-17-32.csv
sgemm_mkl_epyc_job_15671.out	sgemm_blis_epyc_epyc006_2023-07-03_08-17-32.csv	epyc006	rep 1 size 25000 OMP_PLACES=cores OMP_PROC_BIND=close OMP_NUM_THREADS=64 BLIS_NUM_THREADS=64 srun -n1 --cpus-per-task=64 ./sgemm_blis.x 25000 25000 25000>>sgemm_blis_epyc_epyc006_2023-07-03_08-17-32.csv
sgemm_mkl_epyc_job_15671.out	sgemm_blis_epyc_epyc006_2023-07-03_08-17-32.csv	epyc006	rep 1 size 24500 OMP_PLACES=cores OMP_PROC_BIND=close OMP_NUM_THREADS=64 BLIS_NUM_THREADS=64 srun -n1 --cpus-per-task=64 ./sgemm_blis.x 24500 24500 24500>>sgemm_blis_epyc_epyc006_2023-07-03_08-17-32.csv
sgemm_mkl_epyc_job_15671.out	sgemm_blis_epyc_epyc006_2023-07-03_08-17-32.csv	epyc006	rep 1 size 24000 OMP_PLACES=cores OMP_PROC_BIND=close OMP_NUM_THREADS=64 BLIS_NUM_THREADS=64 srun -n1 --cpus-per-task=64 ./sgemm_blis.x 24000 24000 24000>>sgemm_blis_epyc_epyc006_2023-07-03_08-17-32.csv
sgemm_mkl_epyc_job_15671.out	sgemm_blis_epyc_epyc006_2023-07-03_08-17-32.csv	epyc006	rep 1 size 23500 OMP_PLACES=cores OMP_PROC_BIND=close OMP_NUM_THREADS=64 BLIS_NUM_THREADS=64 srun -n1 --cpus-per-task=64 ./sgemm_blis.x 23500 23500 23500>>sgemm_blis_epyc_epyc006_2023-07-03_08-17-32.csv
sgemm_mkl_epyc_job_15671.out	sgemm_blis_epyc_epyc006_2023-07-03_08-17-32.csv	epyc006	rep 1 size 23000 OMP_PLACES=cores OMP_PROC_BIND=close OMP_NUM_THREADS=64 BLIS_NUM_THREADS=64 srun -n1 --cpus-per-task=64 ./sgemm_blis.x 23000 23000 23000>>sgemm_blis_epyc_epyc006_2023-07-03_08-17-32.csv
sgemm_mkl_epyc_job_15671.out	sgemm_blis_epyc_epyc006_2023-07-03_08-17-32.csv	epyc006	rep 1 size 22500 OMP_PLACES=cores OMP_PROC_BIND=close OMP_NUM_THREADS=64 BLIS_NUM_THREADS=64 srun -n1 --cpus-per-task=64 ./sgemm_blis.x 22500 22500 22500>>sgemm_blis_epyc_epyc006_2023-07-03_08-17-32.csv
sgemm_mkl_epyc_job_15671.out	sgemm_blis_epyc_epyc006_2023-07-03_08-17-32.csv	epyc006	rep 1 size 22000 OMP_PLACES=cores OMP_PROC_BIND=close OMP_NUM_THREADS=64 BLIS_NUM_THREADS=64 srun -n1 --cpus-per-task=64 ./sgemm_blis.x 22000 22000 22000>>sgemm_blis_epyc_epyc006_2023-07-03_08-17-32.csv
sgemm_mkl_epyc_job_15671.out	sgemm_blis_epyc_epyc006_2023-07-03_08-17-32.csv	epyc006	rep 1 size 21500 OMP_PLACES=cores OMP_PROC_BIND=close OMP_NUM_THREADS=64 BLIS_NUM_THREADS=64 srun -n1 --cpus-per-task=64 ./sgemm_blis.x 21500 21500 21500>>sgemm_blis_epyc_epyc006_2023-07-03_08-17-32.csv
sgemm_mkl_epyc_job_15671.out	sgemm_blis_epyc_epyc006_2023-07-03_08-17-32.csv	epyc006	rep 1 size 21000 OMP_PLACES=cores OMP_PROC_BIND=close OMP_NUM_THREADS=64 BLIS_NUM_THREADS=64 srun -n1 --cpus-per-task=64 ./sgemm_blis.x 21000 21000 21000>>sgemm_blis_epyc_epyc006_2023-07-03_08-17-32.csv
sgemm_mkl_epyc_job_15671.out	sgemm_blis_epyc_epyc006_2023-07-03_08-17-32.csv	epyc006	rep 1 size 20500 OMP_PLACES=cores OMP_PROC_BIND=close OMP_NUM_THREADS=64 BLIS_NUM_THREADS=64 srun -n1 --cpus-per-task=64 ./sgemm_blis.x 20500 20500 20500>>sgemm_blis_epyc_epyc006_2023-07-03_08-17-32.csv
sgemm_mkl_epyc_job_15671.out	sgemm_blis_epyc_epyc006_2023-07-03_08-17-32.csv	epyc006	rep 1 size 20000 OMP_PLACES=cores OMP_PROC_BIND=close OMP_NUM_THREADS=64 BLIS_NUM_THREADS=64 srun -n1 --cpus-per-task=64 ./sgemm_blis.x 20000 20000 20000>>sgemm_blis_epyc_epyc006_2023-07-03_08-17-32.csv
sgemm_mkl_epyc_job_15671.out	sgemm_blis_epyc_epyc006_2023-07-03_08-17-32.csv	epyc006	rep 2 size 30000 OMP_PLACES=cores OMP_PROC_BIND=close OMP_NUM_THREADS=64 BLIS_NUM_THREADS=64 srun -n1 --cpus-per-task=64 ./sgemm_blis.x 30000 30000 30000>>sgemm_blis_epyc_epyc006_2023-07-03_08-17-32.csv
sgemm_mkl_epyc_job_15671.out	sgemm_blis_epyc_epyc006_2023-07-03_08-17-32.csv	epyc006	rep 2 size 29500 OMP_PLACES=cores OMP_PROC_BIND=close OMP_NUM_THREADS=64 BLIS_NUM_THREADS=64 srun -n1 --cpus-per-task=64 ./sgemm_blis.x 29500 29500 29500>>sgemm_blis_epyc_epyc006_2023-07-03_08-17-32.csv
sgemm_mkl_epyc_job_15671.out	sgemm_blis_epyc_epyc006_2023-07-03_08-17-32.csv	epyc006	rep 2 size 29000 OMP_PLACES=cores OMP_PROC_BIND=close OMP_NUM_THREADS=64 BLIS_NUM_THREADS=64 srun -n1 --cpus-per-task=64 ./sgemm_blis.x 29000 29000 29000>>sgemm_blis_epyc_epyc006_2023-07-03_08-17-32.csv
sgemm_mkl_epyc_job_15671.out	sgemm_blis_epyc_epyc006_2023-07-03_08-17-32.csv	epyc006	rep 2 size 28500 OMP_PLACES=cores OMP_PROC_BIND=close OMP_NUM_THREADS=64 BLIS_NUM_THREADS=64 srun -n1 --cpus-per-task=64 ./sgemm_blis.x 28500 28500 28500>>sgemm_blis_epyc_epyc006_2023-07-03_08-17-32.csv
sgemm_mkl_epyc_job_15671.out	sgemm_blis_epyc_epyc006_2023-07-03_08-17-32.csv	epyc006	rep 2 size 28000 OMP_PLACES=cores OMP_PROC_BIND=close OMP_NUM_THREADS=64 BLIS_NUM_THREADS=64 srun -n1 --cpus-per-task=64 ./sgemm_blis.x 28000 28000 28000>>sgemm_blis_epyc_epyc006_2023-07-03_08-17-32.csv
sgemm_mkl_epyc_job_15671.out	sgemm_blis_epyc_epyc006_2023-07-03_08-17-32.csv	epyc006	rep 2 size 27500 OMP_PLACES=cores OMP_PROC_BIND=close OMP_NUM_THREADS=64 BLIS_NUM_THREADS=64 srun -n1 --cpus-per-task=64 ./sgemm_blis.x 27500 27500 27500>>sgemm_blis_epyc_epyc006_2023-07-03_08-17-32.csv
sgemm_mkl_epyc_job_15671.out	sgemm_blis_epyc_epyc006_2023-07-03_08-17-32.csv	epyc006	rep 2 size 27000 OMP_PLACES=cores OMP_PROC_BIND=close OMP_NUM_THREADS=64 BLIS_NUM_THREADS=64 srun -n1 --cpus-per-task=64 ./sgemm_blis.x 27000 27000 27000>>sgemm_blis_epyc_epyc006_2023-07-03_08-17-32.csv
sgemm_mkl_epyc_job_15671.out	sgemm_blis_epyc_epyc006_2023-07-03_08-17-32.csv	epyc006	rep 2 size 26500 OMP_PLACES=cores OMP_PROC_BIND=close OMP_NUM_THREADS=64 BLIS_NUM_THREADS=64 srun -n1 --cpus-per-task=64 ./sgemm_blis.x 26500 26500 26500>>sgemm_blis_epyc_epyc006_2023-07-03_08-17-32.csv
sgemm_mkl_epyc_job_15671.out	sgemm_blis_epyc_epyc006_2023-07-03_08-17-32.csv	epyc006	rep 2 size 26000 OMP_PLACES=cores OMP_PROC_BIND=close OMP_NUM_THREADS=64 BLIS_NUM_THREADS=64 srun -n1 --cpus-per-task=64 ./sgemm_blis.x 26000 26000 26000>>sgemm_blis_epyc_epyc006_2023-07-03_08-17-32.csv
sgemm_mkl_epyc_job_15671.out	sgemm_blis_epyc_epyc006_2023-07-03_08-17-32.csv	epyc006	rep 2 size 25500 OMP_PLACES=cores OMP_PROC_BIND=close OMP_NUM_THREADS=64 BLIS_NUM_THREADS=64 srun -n1 --cpus-per-task=64 ./sgemm_blis.x 25500 25500 25500>>sgemm_blis_epyc_epyc006_2023-07-03_08-17-32.csv
sgemm_mkl_epyc_job_15671.out	sgemm_blis_epyc_epyc006_2023-07-03_08-17-32.csv	epyc006	rep 2 size 25000 OMP_PLACES=cores OMP_PROC_BIND=close OMP_NUM_THREADS=64 BLIS_NUM_THREADS=64 srun -n1 --cpus-per-task=64 ./sgemm_blis.x 25000 25000 25000>>sgemm_blis_epyc_epyc006_2023-07-03_08-17-32.csv
sgemm_mkl_epyc_job_15671.out	sgemm_blis_epyc_epyc006_2023-07-03_08-17-32.csv	epyc006	rep 2 size 24500 OMP_PLACES=cores OMP_PROC_BIND=close OMP_NUM_THREADS=64 BLIS_NUM_THREADS=64 srun -n1 --cpus-per-task=64 ./sgemm_blis.x 24500 24500 24500>>sgemm_blis_epyc_epyc006_2023-07-03_08-17-32.csv
sgemm_mkl_epyc_job_15671.out	sgemm_blis_epyc_epyc006_2023-07-03_08-17-32.csv	epyc006	rep 2 size 24000 OMP_PLACES=cores OMP_PROC_BIND=close OMP_NUM_THREADS=64 BLIS_NUM_THREADS=64 srun -n1 --cpus-per-task=64 ./sgemm_blis.x 24000 24000 24000>>sgemm_blis_epyc_epyc006_2023-07-03_08-17-32.csv
sgemm_mkl_epyc_job_15671.out	sgemm_blis_epyc_epyc006_2023-07-03_08-17-32.csv	epyc006	rep 2 size 23500 OMP_PLACES=cores OMP_PROC_BIND=close OMP_NUM_THREADS=64 BLIS_NUM_THREADS=64 srun -n1 --cpus-per-task=64 ./sgemm_blis.x 23500 23500 23500>>sgemm_blis_epyc_epyc006_2023-07-03_08-17-32.csv
sgemm_mkl_epyc_job_15671.out	sgemm_blis_epyc_epyc006_2023-07-03_08-17-32.csv	epyc006	rep 2 size 23000 OMP_PLACES=cores OMP_PROC_BIND=close OMP_NUM_THREADS=64 BLIS_NUM_THREADS=64 srun -n1 --cpus-per-task=64 ./sgemm_blis.x 23000 23000 23000>>sgemm_blis_epyc_epyc006_2023-07-03_08-17-32.csv
sgemm_mkl_epyc_job_15671.out	sgemm_blis_epyc_epyc006_2023-07-03_08-17-32.csv	epyc006	rep 2 size 22500 OMP_PLACES=cores OMP_PROC_BIND=close OMP_NUM_THREADS=64 BLIS_NUM_THREADS=64 srun -n1 --cpus-per-task=64 ./sgemm_blis.x 22500 22500 22500>>sgemm_blis_epyc_epyc006_2023-07-03_08-17-32.csv
sgemm_mkl_epyc_job_15671.out	sgemm_blis_epyc_epyc006_2023-07-03_08-17-32.csv	epyc006	rep 2 size 22000 OMP_PLACES=cores OMP_PROC_BIND=close OMP_NUM_THREADS=64 BLIS_NUM_THREADS=64 srun -n1 --cpus-per-task=64 ./sgemm_blis.x 22000 22000 22000>>sgemm_blis_epyc_epyc006_2023-07-03_08-17-32.csv
sgemm_mkl_epyc_job_15671.out	sgemm_blis_epyc_epyc006_2023-07-03_08-17-32.csv	epyc006	rep 2 size 21500 OMP_PLACES=cores OMP_PROC_BIND=close OMP_NUM_THREADS=64 BLIS_NUM_THREADS=64 srun -n1 --cpus-per-task=64 ./sgemm_blis.x 21500 21500 21500>>sgemm_blis_epyc_epyc006_2023-07-03_08-17-32.csv
sgemm_mkl_epyc_job_15671.out	sgemm_blis_epyc_epyc006_2023-07-03_08-17-32.csv	epyc006	rep 2 size 21000 OMP_PLACES=cores OMP_PROC_BIND=close OMP_NUM_THREADS=64 BLIS_NUM_THREADS=64 srun -n1 --cpus-per-task=64 ./sgemm_blis.x 21000 21000 21000>>sgemm_blis_epyc_epyc006_2023-07-03_08-17-32.csv
sgemm_mkl_epyc_job_15671.out	sgemm_blis_epyc_epyc006_2023-07-03_08-17-32.csv	epyc006	rep 2 size 20500 OMP_PLACES=cores OMP_PROC_BIND=close OMP_NUM_THREADS=64 BLIS_NUM_THREADS=64 srun -n1 --cpus-per-task=64 ./sgemm_blis.x 20500 20500 20500>>sgemm_blis_epyc_epyc006_2023-07-03_08-17-32.csv
sgemm_mkl_epyc_job_15671.out	sgemm_blis_epyc_epyc006_2023-07-03_08-17-32.csv	epyc006	rep 2 size 20000 OMP_PLACES=cores OMP_PROC_BIND=close OMP_NUM_THREADS=64 BLIS_NUM_THREADS=64 srun -n1 --cpus-per-task=64 ./sgemm_blis.x 20000 20000 20000>>sgemm_blis_epyc_epyc006_2023-07-03_08-17-32.csv
sgemm_mkl_epyc_job_15671.out	sgemm_blis_epyc_epyc006_2023-07-03_08-17-32.csv	epyc006	rep 3 size 30000 OMP_PLACES=cores OMP_PROC_BIND=close OMP_NUM_THREADS=64 BLIS_NUM_THREADS=64 srun -n1 --cpus-per-task=64 ./sgemm_blis.x 30000 30000 30000>>sgemm_blis_epyc_epyc006_2023-07-03_08-17-32.csv
sgemm_mkl_epyc_job_15671.out	sgemm_blis_epyc_epyc006_2023-07-03_08-17-32.csv	epyc006	rep 3 size 29500 OMP_PLACES=cores OMP_PROC_BIND=close OMP_NUM_THREADS=64 BLIS_NUM_THREADS=64 srun -n1 --cpus-per-task=64 ./sgemm_blis.x 29500 29500 29500>>sgemm_blis_epyc_epyc006_2023-07-03_08-17-32.csv
sgemm_mkl_epyc_job_15671.out	sgemm_blis_epyc_epyc006_2023-07-03_08-17-32.csv	epyc006	rep 3 size 29000 OMP_PLACES=cores OMP_PROC_BIND=close OMP_NUM_THREADS=64 BLIS_NUM_THREADS=64 srun -n1 --cpus-per-task=64 ./sgemm_blis.x 29000 29000 29000>>sgemm_blis_epyc_epyc006_2023-07-03_08-17-32.csv
sgemm_mkl_epyc_job_15671.out	sgemm_blis_epyc_epyc006_2023-07-03_08-17-32.csv	epyc006	rep 3 size 28500 OMP_PLACES=cores OMP_PROC_BIND=close OMP_NUM_THREADS=64 BLIS_NUM_THREADS=64 srun -n1 --cpus-per-task=64 ./sgemm_blis.x 28500 28500 28500>>sgemm_blis_epyc_epyc006_2023-07-03_08-17-32.csv
sgemm_mkl_epyc_job_15671.out	sgemm_blis_epyc_epyc006_2023-07-03_08-17-32.csv	epyc006	rep 3 size 28000 OMP_PLACES=cores OMP_PROC_BIND=close OMP_NUM_THREADS=64 BLIS_NUM_THREADS=64 srun -n1 --cpus-per-task=64 ./sgemm_blis.x 28000 28000 28000>>sgemm_blis_epyc_epyc006_2023-07-03_08-17-32.csv
sgemm_mkl_epyc_job_15671.out	sgemm_blis_epyc_epyc006_2023-07-03_08-17-32.csv	epyc006	rep 3 size 27500 OMP_PLACES=cores OMP_PROC_BIND=close OMP_NUM_THREADS=64 BLIS_NUM_THREADS=64 srun -n1 --cpus-per-task=64 ./sgemm_blis.x 27500 27500 27500>>sgemm_blis_epyc_epyc006_2023-07-03_08-17-32.csv
sgemm_mkl_epyc_job_15671.out	sgemm_blis_epyc_epyc006_2023-07-03_08-17-32.csv	epyc006	rep 3 size 27000 OMP_PLACES=cores OMP_PROC_BIND=close OMP_NUM_THREADS=64 BLIS_NUM_THREADS=64 srun -n1 --cpus-per-task=64 ./sgemm_blis.x 27000 27000 27000>>sgemm_blis_epyc_epyc006_2023-07-03_08-17-32.csv
sgemm_mkl_epyc_job_15671.out	sgemm_blis_epyc_epyc006_2023-07-03_08-17-32.csv	epyc006	rep 3 size 26500 OMP_PLACES=cores OMP_PROC_BIND=close OMP_NUM_THREADS=64 BLIS_NUM_THREADS=64 srun -n1 --cpus-per-task=64 ./sgemm_blis.x 26500 26500 26500>>sgemm_blis_epyc_epyc006_2023-07-03_08-17-32.csv
sgemm_mkl_epyc_job_15671.out	sgemm_blis_epyc_epyc006_2023-07-03_08-17-32.csv	epyc006	rep 3 size 26000 OMP_PLACES=cores OMP_PROC_BIND=close OMP_NUM_THREADS=64 BLIS_NUM_THREADS=64 srun -n1 --cpus-per-task=64 ./sgemm_blis.x 26000 26000 26000>>sgemm_blis_epyc_epyc006_2023-07-03_08-17-32.csv
sgemm_mkl_epyc_job_15671.out	sgemm_blis_epyc_epyc006_2023-07-03_08-17-32.csv	epyc006	rep 3 size 25500 OMP_PLACES=cores OMP_PROC_BIND=close OMP_NUM_THREADS=64 BLIS_NUM_THREADS=64 srun -n1 --cpus-per-task=64 ./sgemm_blis.x 25500 25500 25500>>sgemm_blis_epyc_epyc006_2023-07-03_08-17-32.csv
sgemm_mkl_epyc_job_15671.out	sgemm_blis_epyc_epyc006_2023-07-03_08-17-32.csv	epyc006	rep 3 size 25000 OMP_PLACES=cores OMP_PROC_BIND=close OMP_NUM_THREADS=64 BLIS_NUM_THREADS=64 srun -n1 --cpus-per-task=64 ./sgemm_blis.x 25000 25000 25000>>sgemm_blis_epyc_epyc006_2023-07-03_08-17-32.csv
sgemm_mkl_epyc_job_15671.out	sgemm_blis_epyc_epyc006_2023-07-03_08-17-32.csv	epyc006	rep 3 size 24500 OMP_PLACES=cores OMP_PROC_BIND=close OMP_NUM_THREADS=64 BLIS_NUM_THREADS=64 srun -n1 --cpus-per-task=64 ./sgemm_blis.x 24500 24500 24500>>sgemm_blis_epyc_epyc006_2023-07-03_08-17-32.csv
sgemm_mkl_epyc_job_15671.out	sgemm_blis_epyc_epyc006_2023-07-03_08-17-32.csv	epyc006	rep 3 size 24000 OMP_PLACES=cores OMP_PROC_BIND=close OMP_NUM_THREADS=64 BLIS_NUM_THREADS=64 srun -n1 --cpus-per-task=64 ./sgemm_blis.x 24000 24000 24000>>sgemm_blis_epyc_epyc006_2023-07-03_08-17-32.csv
sgemm_mkl_epyc_job_15671.out	sgemm_blis_epyc_epyc006_2023-07-03_08-17-32.csv	epyc006	rep 3 size 23500 OMP_PLACES=cores OMP_PROC_BIND=close OMP_NUM_THREADS=64 BLIS_NUM_THREADS=64 srun -n1 --cpus-per-task=64 ./sgemm_blis.x 23500 23500 23500>>sgemm_blis_epyc_epyc006_2023-07-03_08-17-32.csv
sgemm_mkl_epyc_job_15671.out	sgemm_blis_epyc_epyc006_2023-07-03_08-17-32.csv	epyc006	rep 3 size 23000 OMP_PLACES=cores OMP_PROC_BIND=close OMP_NUM_THREADS=64 BLIS_NUM_THREADS=64 srun -n1 --cpus-per-task=64 ./sgemm_blis.x 23000 23000 23000>>sgemm_blis_epyc_epyc006_2023-07-03_08-17-32.csv
sgemm_mkl_epyc_job_15671.out	sgemm_blis_epyc_epyc006_2023-07-03_08-17-32.csv	epyc006	rep 3 size 22500 OMP_PLACES=cores OMP_PROC_BIND=close OMP_NUM_THREADS=64 BLIS_NUM_THREADS=64 srun -n1 --cpus-per-task=64 ./sgemm_blis.x 22500 22500 22500>>sgemm_blis_epyc_epyc006_2023-07-03_08-17-32.csv
sgemm_mkl_epyc_job_15671.out	sgemm_blis_epyc_epyc006_2023-07-03_08-17-32.csv	epyc006	rep 3 size 22000 OMP_PLACES=cores OMP_PROC_BIND=close OMP_NUM_THREADS=64 BLIS_NUM_THREADS=64 srun -n1 --cpus-per-task=64 ./sgemm_blis.x 22000 22000 22000>>sgemm_blis_epyc_epyc006_2023-07-03_08-17-32.csv
sgemm_mkl_epyc_job_15671.out	sgemm_blis_epyc_epyc006_2023-07-03_08-17-32.csv	epyc006	rep 3 size 21500 OMP_PLACES=cores OMP_PROC_BIND=close OMP_NUM_THREADS=64 BLIS_NUM_THREADS=64 srun -n1 --cpus-per-task=64 ./sgemm_blis.x 21500 21500 21500>>sgemm_blis_epyc_epyc006_2023-07-03_08-17-32.csv
sgemm_mkl_epyc_job_15671.out	sgemm_blis_epyc_epyc006_2023-07-03_08-17-32.csv	epyc006	rep 3 size 21000 OMP_PLACES=cores OMP_PROC_BIND=close OMP_NUM_THREADS=64 BLIS_NUM_THREADS=64 srun -n1 --cpus-per-task=64 ./sgemm_blis.x 21000 21000 21000>>sgemm_blis_epyc_epyc006_2023-07-03_08-17-32.csv
sgemm_mkl_epyc_job_15671.out	sgemm_blis_epyc_epyc006_2023-07-03_08-17-32.csv	epyc006	rep 3 size 20500 OMP_PLACES=cores OMP_PROC_BIND=close OMP_NUM_THREADS=64 BLIS_NUM_THREADS=64 srun -n1 --cpus-per-task=64 ./sgemm_blis.x 20500 20500 20500>>sgemm_blis_epyc_epyc006_2023-07-03_08-17-32.csv
sgemm_mkl_epyc_job_15671.out	sgemm_blis_epyc_epyc006_2023-07-03_08-17-32.csv	epyc006	rep 3 size 20000 OMP_PLACES=cores OMP_PROC_BIND=close OMP_NUM_THREADS=64 BLIS_NUM_THREADS=64 srun -n1 --cpus-per-task=64 ./sgemm_blis.x 20000 20000 20000>>sgemm_blis_epyc_epyc006_2023-07-03_08-17-32.csv
sgemm_mkl_epyc_job_15671.out	sgemm_blis_epyc_epyc006_2023-07-03_08-17-32.csv	epyc006	rep 4 size 30000 OMP_PLACES=cores OMP_PROC_BIND=close OMP_NUM_THREADS=64 BLIS_NUM_THREADS=64 srun -n1 --cpus-per-task=64 ./sgemm_blis.x 30000 30000 30000>>sgemm_blis_epyc_epyc006_2023-07-03_08-17-32.csv
sgemm_mkl_epyc_job_15671.out	sgemm_blis_epyc_epyc006_2023-07-03_08-17-32.csv	epyc006	rep 4 size 29500 OMP_PLACES=cores OMP_PROC_BIND=close OMP_NUM_THREADS=64 BLIS_NUM_THREADS=64 srun -n1 --cpus-per-task=64 ./sgemm_blis.x 29500 29500 29500>>sgemm_blis_epyc_epyc006_2023-07-03_08-17-32.csv
sgemm_mkl_epyc_job_15671.out	sgemm_blis_epyc_epyc006_2023-07-03_08-17-32.csv	epyc006	rep 4 size 29000 OMP_PLACES=cores OMP_PROC_BIND=close OMP_NUM_THREADS=64 BLIS_NUM_THREADS=64 srun -n1 --cpus-per-task=64 ./sgemm_blis.x 29000 29000 29000>>sgemm_blis_epyc_epyc006_2023-07-03_08-17-32.csv
sgemm_mkl_epyc_job_15671.out	sgemm_blis_epyc_epyc006_2023-07-03_08-17-32.csv	epyc006	rep 4 size 28500 OMP_PLACES=cores OMP_PROC_BIND=close OMP_NUM_THREADS=64 BLIS_NUM_THREADS=64 srun -n1 --cpus-per-task=64 ./sgemm_blis.x 28500 28500 28500>>sgemm_blis_epyc_epyc006_2023-07-03_08-17-32.csv
sgemm_mkl_epyc_job_15671.out	sgemm_blis_epyc_epyc006_2023-07-03_08-17-32.csv	epyc006	rep 4 size 28000 OMP_PLACES=cores OMP_PROC_BIND=close OMP_NUM_THREADS=64 BLIS_NUM_THREADS=64 srun -n1 --cpus-per-task=64 ./sgemm_blis.x 28000 28000 28000>>sgemm_blis_epyc_epyc006_2023-07-03_08-17-32.csv
sgemm_mkl_epyc_job_15671.out	sgemm_blis_epyc_epyc006_2023-07-03_08-17-32.csv	epyc006	rep 4 size 27500 OMP_PLACES=cores OMP_PROC_BIND=close OMP_NUM_THREADS=64 BLIS_NUM_THREADS=64 srun -n1 --cpus-per-task=64 ./sgemm_blis.x 27500 27500 27500>>sgemm_blis_epyc_epyc006_2023-07-03_08-17-32.csv
sgemm_mkl_epyc_job_15671.out	sgemm_blis_epyc_epyc006_2023-07-03_08-17-32.csv	epyc006	rep 4 size 27000 OMP_PLACES=cores OMP_PROC_BIND=close OMP_NUM_THREADS=64 BLIS_NUM_THREADS=64 srun -n1 --cpus-per-task=64 ./sgemm_blis.x 27000 27000 27000>>sgemm_blis_epyc_epyc006_2023-07-03_08-17-32.csv
sgemm_mkl_epyc_job_15671.out	sgemm_blis_epyc_epyc006_2023-07-03_08-17-32.csv	epyc006	rep 4 size 26500 OMP_PLACES=cores OMP_PROC_BIND=close OMP_NUM_THREADS=64 BLIS_NUM_THREADS=64 srun -n1 --cpus-per-task=64 ./sgemm_blis.x 26500 26500 26500>>sgemm_blis_epyc_epyc006_2023-07-03_08-17-32.csv
sgemm_mkl_epyc_job_15671.out	sgemm_blis_epyc_epyc006_2023-07-03_08-17-32.csv	epyc006	rep 4 size 26000 OMP_PLACES=cores OMP_PROC_BIND=close OMP_NUM_THREADS=64 BLIS_NUM_THREADS=64 srun -n1 --cpus-per-task=64 ./sgemm_blis.x 26000 26000 26000>>sgemm_blis_epyc_epyc006_2023-07-03_08-17-32.csv
sgemm_mkl_epyc_job_15671.out	sgemm_blis_epyc_epyc006_2023-07-03_08-17-32.csv	epyc006	rep 4 size 25500 OMP_PLACES=cores OMP_PROC_BIND=close OMP_NUM_THREADS=64 BLIS_NUM_THREADS=64 srun -n1 --cpus-per-task=64 ./sgemm_blis.x 25500 25500 25500>>sgemm_blis_epyc_epyc006_2023-07-03_08-17-32.csv
sgemm_mkl_epyc_job_15671.out	sgemm_blis_epyc_epyc006_2023-07-03_08-17-32.csv	epyc006	rep 4 size 25000 OMP_PLACES=cores OMP_PROC_BIND=close OMP_NUM_THREADS=64 BLIS_NUM_THREADS=64 srun -n1 --cpus-per-task=64 ./sgemm_blis.x 25000 25000 25000>>sgemm_blis_epyc_epyc006_2023-07-03_08-17-32.csv
sgemm_mkl_epyc_job_15671.out	sgemm_blis_epyc_epyc006_2023-07-03_08-17-32.csv	epyc006	rep 4 size 24500 OMP_PLACES=cores OMP_PROC_BIND=close OMP_NUM_THREADS=64 BLIS_NUM_THREADS=64 srun -n1 --cpus-per-task=64 ./sgemm_blis.x 24500 24500 24500>>sgemm_blis_epyc_epyc006_2023-07-03_08-17-32.csv
sgemm_mkl_epyc_job_15671.out	sgemm_blis_epyc_epyc006_2023-07-03_08-17-32.csv	epyc006	rep 4 size 24000 OMP_PLACES=cores OMP_PROC_BIND=close OMP_NUM_THREADS=64 BLIS_NUM_THREADS=64 srun -n1 --cpus-per-task=64 ./sgemm_blis.x 24000 24000 24000>>sgemm_blis_epyc_epyc006_2023-07-03_08-17-32.csv
sgemm_mkl_epyc_job_15671.out	sgemm_blis_epyc_epyc006_2023-07-03_08-17-32.csv	epyc006	rep 4 size 23500 OMP_PLACES=cores OMP_PROC_BIND=close OMP_NUM_THREADS=64 BLIS_NUM_THREADS=64 srun -n1 --cpus-per-task=64 ./sgemm_blis.x 23500 23500 23500>>sgemm_blis_epyc_epyc006_2023-07-03_08-17-32.csv
sgemm_mkl_epyc_job_15671.out	sgemm_blis_epyc_epyc006_2023-07-03_08-17-32.csv	epyc006	rep 4 size 23000 OMP_PLACES=cores OMP_PROC_BIND=close OMP_NUM_THREADS=64 BLIS_NUM_THREADS=64 srun -n1 --cpus-per-task=64 ./sgemm_blis.x 23000 23000 23000>>sgemm_blis_epyc_epyc006_2023-07-03_08-17-32.csv
sgemm_mkl_epyc_job_15671.out	sgemm_blis_epyc_epyc006_2023-07-03_08-17-32.csv	epyc006	rep 4 size 22500 OMP_PLACES=cores OMP_PROC_BIND=close OMP_NUM_THREADS=64 BLIS_NUM_THREADS=64 srun -n1 --cpus-per-task=64 ./sgemm_blis.x 22500 22500 22500>>sgemm_blis_epyc_epyc006_2023-07-03_08-17-32.csv
sgemm_mkl_epyc_job_15671.out	sgemm_blis_epyc_epyc006_2023-07-03_08-17-32.csv	epyc006	rep 4 size 22000 OMP_PLACES=cores OMP_PROC_BIND=close OMP_NUM_THREADS=64 BLIS_NUM_THREADS=64 srun -n1 --cpus-per-task=64 ./sgemm_blis.x 22000 22000 22000>>sgemm_blis_epyc_epyc006_2023-07-03_08-17-32.csv
sgemm_mkl_epyc_job_15671.out	sgemm_blis_epyc_epyc006_2023-07-03_08-17-32.csv	epyc006	rep 4 size 21500 OMP_PLACES=cores OMP_PROC_BIND=close OMP_NUM_THREADS=64 BLIS_NUM_THREADS=64 srun -n1 --cpus-per-task=64 ./sgemm_blis.x 21500 21500 21500>>sgemm_blis_epyc_epyc006_2023-07-03_08-17-32.csv
sgemm_mkl_epyc_job_15671.out	sgemm_blis_epyc_epyc006_2023-07-03_08-17-32.csv	epyc006	rep 4 size 21000 OMP_PLACES=cores OMP_PROC_BIND=close OMP_NUM_THREADS=64 BLIS_NUM_THREADS=64 srun -n1 --cpus-per-task=64 ./sgemm_blis.x 21000 21000 21000>>sgemm_blis_epyc_epyc006_2023-07-03_08-17-32.csv
sgemm_mkl_epyc_job_15671.out	sgemm_blis_epyc_epyc006_2023-07-03_08-17-32.csv	epyc006	rep 4 size 20500 OMP_PLACES=cores OMP_PROC_BIND=close OMP_NUM_THREADS=64 BLIS_NUM_THREADS=64 srun -n1 --cpus-per-task=64 ./sgemm_blis.x 20500 20500 20500>>sgemm_blis_epyc_epyc006_2023-07-03_08-17-32.csv
sgemm_mkl_epyc_job_15671.out	sgemm_blis_epyc_epyc006_2023-07-03_08-17-32.csv	epyc006	rep 4 size 20000 OMP_PLACES=cores OMP_PROC_BIND=close OMP_NUM_THREADS=64 BLIS_NUM_THREADS=64 srun -n1 --cpus-per-task=64 ./sgemm_blis.x 20000 20000 20000>>sgemm_blis_epyc_epyc006_2023-07-03_08-17-32.csv
sgemm_mkl_epyc_job_15671.out	sgemm_blis_epyc_epyc006_2023-07-03_08-17-32.csv	epyc006	rep 5 size 30000 OMP_PLACES=cores OMP_PROC_BIND=close OMP_NUM_THREADS=64 BLIS_NUM_THREADS=64 srun -n1 --cpus-per-task=64 ./sgemm_blis.x 30000 30000 30000>>sgemm_blis_epyc_epyc006_2023-07-03_08-17-32.csv
sgemm_mkl_epyc_job_15671.out	sgemm_blis_epyc_epyc006_2023-07-03_08-17-32.csv	epyc006	rep 5 size 29500 OMP_PLACES=cores OMP_PROC_BIND=close OMP_NUM_THREADS=64 BLIS_NUM_THREADS=64 srun -n1 --cpus-per-task=64 ./sgemm_blis.x 29500 29500 29500>>sgemm_blis_epyc_epyc006_2023-07-03_08-17-32.csv
sgemm_mkl_epyc_job_15671.out	sgemm_blis_epyc_epyc006_2023-07-03_08-17-32.csv	epyc006	rep 5 size 29000 OMP_PLACES=cores OMP_PROC_BIND=close OMP_NUM_THREADS=64 BLIS_NUM_THREADS=64 srun -n1 --cpus-per-task=64 ./sgemm_blis.x 29000 29000 29000>>sgemm_blis_epyc_epyc006_2023-07-03_08-17-32.csv
sgemm_mkl_epyc_job_15671.out	sgemm_blis_epyc_epyc006_2023-07-03_08-17-32.csv	epyc006	rep 5 size 28500 OMP_PLACES=cores OMP_PROC_BIND=close OMP_NUM_THREADS=64 BLIS_NUM_THREADS=64 srun -n1 --cpus-per-task=64 ./sgemm_blis.x 28500 28500 28500>>sgemm_blis_epyc_epyc006_2023-07-03_08-17-32.csv
sgemm_mkl_epyc_job_15671.out	sgemm_blis_epyc_epyc006_2023-07-03_08-17-32.csv	epyc006	rep 5 size 28000 OMP_PLACES=cores OMP_PROC_BIND=close OMP_NUM_THREADS=64 BLIS_NUM_THREADS=64 srun -n1 --cpus-per-task=64 ./sgemm_blis.x 28000 28000 28000>>sgemm_blis_epyc_epyc006_2023-07-03_08-17-32.csv
sgemm_mkl_epyc_job_15671.out	sgemm_blis_epyc_epyc006_2023-07-03_08-17-32.csv	epyc006	rep 5 size 27500 OMP_PLACES=cores OMP_PROC_BIND=close OMP_NUM_THREADS=64 BLIS_NUM_THREADS=64 srun -n1 --cpus-per-task=64 ./sgemm_blis.x 27500 27500 27500>>sgemm_blis_epyc_epyc006_2023-07-03_08-17-32.csv
sgemm_mkl_epyc_job_15671.out	sgemm_blis_epyc_epyc006_2023-07-03_08-17-32.csv	epyc006	rep 5 size 27000 OMP_PLACES=cores OMP_PROC_BIND=close OMP_NUM_THREADS=64 BLIS_NUM_THREADS=64 srun -n1 --cpus-per-task=64 ./sgemm_blis.x 27000 27000 27000>>sgemm_blis_epyc_epyc006_2023-07-03_08-17-32.csv
sgemm_mkl_epyc_job_15671.out	sgemm_blis_epyc_epyc006_2023-07-03_08-17-32.csv	epyc006	rep 5 size 26500 OMP_PLACES=cores OMP_PROC_BIND=close OMP_NUM_THREADS=64 BLIS_NUM_THREADS=64 srun -n1 --cpus-per-task=64 ./sgemm_blis.x 26500 26500 26500>>sgemm_blis_epyc_epyc006_2023-07-03_08-17-32.csv
sgemm_mkl_epyc_job_15671.out	sgemm_blis_epyc_epyc006_2023-07-03_08-17-32.csv	epyc006	rep 5 size 26000 OMP_PLACES=cores OMP_PROC_BIND=close OMP_NUM_THREADS=64 BLIS_NUM_THREADS=64 srun -n1 --cpus-per-task=64 ./sgemm_blis.x 26000 26000 26000>>sgemm_blis_epyc_epyc006_2023-07-03_08-17-32.csv
sgemm_mkl_epyc_job_15671.out	sgemm_blis_epyc_epyc006_2023-07-03_08-17-32.csv	epyc006	rep 5 size 25500 OMP_PLACES=cores OMP_PROC_BIND=close OMP_NUM_THREADS=64 BLIS_NUM_THREADS=64 srun -n1 --cpus-per-task=64 ./sgemm_blis.x 25500 25500 25500>>sgemm_blis_epyc_epyc006_2023-07-03_08-17-32.csv
sgemm_mkl_epyc_job_15671.out	sgemm_blis_epyc_epyc006_2023-07-03_08-17-32.csv	epyc006	rep 5 size 25000 OMP_PLACES=cores OMP_PROC_BIND=close OMP_NUM_THREADS=64 BLIS_NUM_THREADS=64 srun -n1 --cpus-per-task=64 ./sgemm_blis.x 25000 25000 25000>>sgemm_blis_epyc_epyc006_2023-07-03_08-17-32.csv
sgemm_mkl_epyc_job_15671.out	sgemm_blis_epyc_epyc006_2023-07-03_08-17-32.csv	epyc006	rep 5 size 24500 OMP_PLACES=cores OMP_PROC_BIND=close OMP_NUM_THREADS=64 BLIS_NUM_THREADS=64 srun -n1 --cpus-per-task=64 ./sgemm_blis.x 24500 24500 24500>>sgemm_blis_epyc_epyc006_2023-07-03_08-17-32.csv
sgemm_mkl_epyc_job_15671.out	sgemm_blis_epyc_epyc006_2023-07-03_08-17-32.csv	epyc006	rep 5 size 24000 OMP_PLACES=cores OMP_PROC_BIND=close OMP_NUM_THREADS=64 BLIS_NUM_THREADS=64 srun -n1 --cpus-per-task=64 ./sgemm_blis.x 24000 24000 24000>>sgemm_blis_epyc_epyc006_2023-07-03_08-17-32.csv
sgemm_mkl_epyc_job_15671.out	sgemm_blis_epyc_epyc006_2023-07-03_08-17-32.csv	epyc006	rep 5 size 23500 OMP_PLACES=cores OMP_PROC_BIND=close OMP_NUM_THREADS=64 BLIS_NUM_THREADS=64 srun -n1 --cpus-per-task=64 ./sgemm_blis.x 23500 23500 23500>>sgemm_blis_epyc_epyc006_2023-07-03_08-17-32.csv
sgemm_mkl_epyc_job_15671.out	sgemm_blis_epyc_epyc006_2023-07-03_08-17-32.csv	epyc006	rep 5 size 23000 OMP_PLACES=cores OMP_PROC_BIND=close OMP_NUM_THREADS=64 BLIS_NUM_THREADS=64 srun -n1 --cpus-per-task=64 ./sgemm_blis.x 23000 23000 23000>>sgemm_blis_epyc_epyc006_2023-07-03_08-17-32.csv
sgemm_mkl_epyc_job_15671.out	sgemm_blis_epyc_epyc006_2023-07-03_08-17-32.csv	epyc006	rep 5 size 22500 OMP_PLACES=cores OMP_PROC_BIND=close OMP_NUM_THREADS=64 BLIS_NUM_THREADS=64 srun -n1 --cpus-per-task=64 ./sgemm_blis.x 22500 22500 22500>>sgemm_blis_epyc_epyc006_2023-07-03_08-17-32.csv
sgemm_mkl_epyc_job_15671.out	sgemm_blis_epyc_epyc006_2023-07-03_08-17-32.csv	epyc006	rep 5 size 22000 OMP_PLACES=cores OMP_PROC_BIND=close OMP_NUM_THREADS=64 BLIS_NUM_THREADS=64 srun -n1 --cpus-per-task=64 ./sgemm_blis.x 22000 22000 22000>>sgemm_blis_epyc_epyc006_2023-07-03_08-17-32.csv
sgemm_mkl_epyc_job_15671.out	sgemm_blis_epyc_epyc006_2023-07-03_08-17-32.csv	epyc006	rep 5 size 21500 OMP_PLACES=cores OMP_PROC_BIND=close OMP_NUM_THREADS=64 BLIS_NUM_THREADS=64 srun -n1 --cpus-per-task=64 ./sgemm_blis.x 21500 21500 21500>>sgemm_blis_epyc_epyc006_2023-07-03_08-17-32.csv
sgemm_mkl_epyc_job_15671.out	sgemm_blis_epyc_epyc006_2023-07-03_08-17-32.csv	epyc006	rep 5 size 21000 OMP_PLACES=cores OMP_PROC_BIND=close OMP_NUM_THREADS=64 BLIS_NUM_THREADS=64 srun -n1 --cpus-per-task=64 ./sgemm_blis.x 21000 21000 21000>>sgemm_blis_epyc_epyc006_2023-07-03_08-17-32.csv
sgemm_mkl_epyc_job_15671.out	sgemm_blis_epyc_epyc006_2023-07-03_08-17-32.csv	epyc006	rep 5 size 20500 OMP_PLACES=cores OMP_PROC_BIND=close OMP_NUM_THREADS=64 BLIS_NUM_THREADS=64 srun -n1 --cpus-per-task=64 ./sgemm_blis.x 20500 20500 20500>>sgemm_blis_epyc_epyc006_2023-07-03_08-17-32.csv
sgemm_mkl_epyc_job_15671.out	sgemm_blis_epyc_epyc006_2023-07-03_08-17-32.csv	epyc006	rep 5 size 20000 OMP_PLACES=cores OMP_PROC_BIND=close OMP_NUM_THREADS=64 BLIS_NUM_THREADS=64 srun -n1 --cpus-per-task=64 ./sgemm_blis.x 20000 20000 20000>>sgemm_blis_epyc_epyc006_2023-07-03_08-17-32.csv
sgemm_mkl_epyc_job_15671.out	sgemm_blis_optimized_epyc_epyc006_2023-07-03_08-56-50.csv	epyc006	rep 1 size 30000 OMP_PLACES=cores OMP_PROC_BIND=close OMP_NUM_THREADS=64 BLIS_NUM_THREADS=64 srun -n1 --cpus-per-task=64 ./sgemm_blis_optimized.x 30000 30000 30000>>sgemm_blis_optimized_epyc_epyc006_2023-07-03_08-56-50.csv
sgemm_mkl_epyc_job_15671.out	sgemm_blis_optimized_epyc_epyc006_2023-07-03_08-56-50.csv	epyc006	rep 1 size 29500 OMP_PLACES=cores OMP_PROC_BIND=close OMP_NUM_THREADS=64 BLIS_NUM_THREADS=64 srun -n1 --cpus-per-task=64 ./sgemm_blis_optimized.x 29500 29500 29500>>sgemm_blis_optimized_epyc_epyc006_2023-07-03_08-56-50.csv
sgemm_mkl_epyc_job_15671.out	sgemm_blis_optimized_epyc_epyc006_2023-07-03_08-56-50.csv	epyc006	rep 1 size 29000 OMP_PLACES=cores OMP_PROC_BIND=close OMP_NUM_THREADS=64 BLIS_NUM_THREADS=64 srun -n1 --cpus-per-task=64 ./sgemm_blis_optimized.x 29000 29000 29000>>sgemm_blis_optimized_epyc_epyc006_2023-07-03_08-56-50.csv
sgemm_mkl_epyc_job_15671.out	sgemm_blis_optimized_epyc_epyc006_2023-07-03_08-56-50.csv	epyc006	rep 1 size 28500 OMP_PLACES=cores OMP_PROC_BIND=close OMP_NUM_THREADS=64 BLIS_NUM_THREADS=64 srun -n1 --cpus-per-task=64 ./sgemm_blis_optimized.x 28500 28500 28500>>sgemm_blis_optimized_epyc_epyc006_2023-07-03_08-56-50.csv
sgemm_mkl_epyc_job_15671.out	sgemm_blis_optimized_epyc_epyc006_2023-07-03_08-56-50.csv	epyc006	rep 1 size 28000 OMP_PLACES=cores OMP_PROC_BIND=close OMP_NUM_THREADS=64 BLIS_NUM_THREADS=64 srun -n1 --cpus-per-task=64 ./sgemm_blis_optimized.x 28000 28000 28000>>sgemm_blis_optimized_epyc_epyc006_2023-07-03_08-56-50.csv
sgemm_mkl_epyc_job_15671.out	sgemm_blis_optimized_epyc_epyc006_2023-07-03_08-56-50.csv	epyc006	rep 1 size 27500 OMP_PLACES=cores OMP_PROC_BIND=close OMP_NUM_THREADS=64 BLIS_NUM_THREADS=64 srun -n1 --cpus-per-task=64 ./sgemm_blis_optimized.x 27500 27500 27500>>sgemm_blis_optimized_epyc_epyc006_2023-07-03_08-56-50.csv
sgemm_mkl_epyc_job_15671.out	sgemm_blis_optimized_epyc_epyc006_2023-07-03_08-56-50.csv	epyc006	rep 1 size 27000 OMP_PLACES=cores OMP_PROC_BIND=close OMP_NUM_THREADS=64 BLIS_NUM_THREADS=64 srun -n1 --cpus-per-task=64 ./sgemm_blis_optimized.x 27000 27000 27000>>sgemm_blis_optimized_epyc_epyc006_2023-07-03_08-56-50.csv
sgemm_mkl_epyc_job_15671.out	sgemm_blis_optimized_epyc_epyc006_2023-07-03_08-56-50.csv	epyc006	rep 1 size 26500 OMP_PLACES=cores OMP_PROC_BIND=close OMP_NUM_THREADS=64 BLIS_NUM_THREADS=64 srun -n1 --cpus-per-task=64 ./sgemm_blis_optimized.x 26500 26500 26500>>sgemm_blis_optimized_epyc_epyc006_2023-07-03_08-56-50.csv
sgemm_mkl_epyc_job_15671.out	sgemm_blis_optimized_epyc_epyc006_2023-07-03_08-56-50.csv	epyc006	rep 1 size 26000 OMP_PLACES=cores OMP_PROC_BIND=close OMP_NUM_THREADS=64 BLIS_NUM_THREADS=64 srun -n1 --cpus-per-task=64 ./sgemm_blis_optimized.x 26000 26000 26000>>sgemm_blis_optimized_epyc_epyc006_2023-07-03_08-56-50.csv
sgemm_mkl_epyc_job_15671.out	sgemm_blis_optimized_epyc_epyc006_2023-07-03_08-56-50.csv	epyc006	rep 1 size 25500 OMP_PLACES=cores OMP_PROC_BIND=close OMP_NUM_THREADS=64 BLIS_NUM_THREADS=64 srun -n1 --cpus-per-task=64 ./sgemm_blis_optimized.x 25500 25500 25500>>sgemm_blis_optimized_epyc_epyc006_2023-07-03_08-56-50.csv
sgemm_mkl_epyc_job_15671.out	sgemm_blis_optimized_epyc_epyc006_2023-07-03_08-56-50.csv	epyc006	rep 1 size 25000 OMP_PLACES=cores OMP_PROC_BIND=close OMP_NUM_THREADS=64 BLIS_NUM_THREADS=64 srun -n1 --cpus-per-task=64 ./sgemm_blis_optimized.x 25000 25000 25000>>sgemm_blis_optimized_epyc_epyc006_2023-07-03_08-56-50.csv
sgemm_mkl_epyc_job_15671.out	sgemm_blis_optimized_epyc_epyc006_2023-07-03_08-56-50.csv	epyc006	rep 1 size 24500 OMP_PLACES=cores OMP_PROC_BIND=close OMP_NUM_THREADS=64 BLIS_NUM_THREADS=64 srun -n1 --cpus-per-task=64 ./sgemm_blis_optimized.x 24500 24500 24500>>sgemm_blis_optimized_epyc_epyc006_2023-07-03_08-56-50.csv
sgemm_mkl_epyc_job_15671.out	sgemm_blis_optimized_epyc_epyc006_2023-07-03_08-56-50.csv	epyc006	rep 1 size 24000 OMP_PLACES=cores OMP_PROC_BIND=close OMP_NUM_THREADS=64 BLIS_NUM_THREADS=64 srun -n1 --cpus-per-task=64 ./sgemm_blis_optimized.x 24000 24000 24000>>sgemm_blis_optimized_epyc_epyc006_2023-07-03_08-56-50.csv
sgemm_mkl_epyc_job_15671.out	sgemm_blis_optimized_epyc_epyc006_2023-07-03_08-56-50.csv	epyc006	rep 1 size 23500 OMP_PLACES=cores OMP_PROC_BIND=close OMP_NUM_THREADS=64 BLIS_NUM_THREADS=64 srun -n1 --cpus-per-task=64 ./sgemm_blis_optimized.x 23500 23500 23500>>sgemm_blis_optimized_epyc_epyc006_2023-07-03_08-56-50.csv
sgemm_mkl_epyc_job_15671.out	sgemm_blis_optimized_epyc_epyc006_2023-07-03_08-56-50.csv	epyc006	rep 1 size 23000 OMP_PLACES=cores OMP_PROC_BIND=close OMP_NUM_THREADS=64 BLIS_NUM_THREADS=64 srun -n1 --cpus-per-task=64 ./sgemm_blis_optimized.x 23000 23000 23000>>sgemm_blis_optimized_epyc_epyc006_2023-07-03_08-56-50.csv
sgemm_mkl_epyc_job_15671.out	sgemm_blis_optimized_epyc_epyc006_2023-07-03_08-56-50.csv	epyc006	rep 1 size 22500 OMP_PLACES=cores OMP_PROC_BIND=close OMP_NUM_THREADS=64 BLIS_NUM_THREADS=64 srun -n1 --cpus-per-task=64 ./sgemm_blis_optimized.x 22500 22500 22500>>sgemm_blis_optimized_epyc_epyc006_2023-07-03_08-56-50.csv
sgemm_mkl_epyc_job_15671.out	sgemm_blis_optimized_epyc_epyc006_2023-07-03_08-56-50.csv	epyc006	rep 1 size 22000 OMP_PLACES=cores OMP_PROC_BIND=close OMP_NUM_THREADS=64 BLIS_NUM_THREADS=64 srun -n1 --cpus-per-task=64 ./sgemm_blis_optimized.x 22000 22000 22000>>sgemm_blis_optimized_epyc_epyc006_2023-07-03_08-56-50.csv
sgemm_mkl_epyc_job_15671.out	sgemm_blis_optimized_epyc_epyc006_2023-07-03_08-56-50.csv	epyc006	rep 1 size 21500 OMP_PLACES=cores OMP_PROC_BIND=close OMP_NUM_THREADS=64 BLIS_NUM_THREADS=64 srun -n1 --cpus-per-task=64 ./sgemm_blis_optimized.x 21500 21500 21500>>sgemm_blis_optimized_epyc_epyc006_2023-07-03_08-56-50.csv
sgemm_mkl_epyc_job_15671.out	sgemm_blis_optimized_epyc_epyc006_2023-07-03_08-56-50.csv	epyc006	rep 1 size 21000 OMP_PLACES=cores OMP_PROC_BIND=close OMP_NUM_THREADS=64 BLIS_NUM_THREADS=64 srun -n1 --cpus-per-task=64 ./sgemm_blis_optimized.x 21000 21000 21000>>sgemm_blis_optimized_epyc_epyc006_2023-07-03_08-56-50.csv
sgemm_mkl_epyc_job_15671.out	sgemm_blis_optimized_epyc_epyc006_2023-07-03_08-56-50.csv	epyc006	rep 1 size 20500 OMP_PLACES=cores OMP_PROC_BIND=close OMP_NUM_THREADS=64 BLIS_NUM_THREADS=64 srun -n1 --cpus-per-task=64 ./sgemm_blis_optimized.x 20500 20500 20500>>sgemm_blis_optimized_epyc_epyc006_2023-07-03_08-56-50.csv
sgemm_mkl_epyc_job_15671.out	sgemm_blis_optimized_epyc_epyc006_2023-07-03_08-56-50.csv	epyc006	rep 1 size 20000 OMP_PLACES=cores OMP_PROC_BIND=close OMP_NUM_THREADS=64 BLIS_NUM_THREADS=64 srun -n1 --cpus-per-task=64 ./sgemm_blis_optimized.x 20000 20000 20000>>sgemm_blis_optimized_epyc_epyc006_2023-07-03_08-56-50.csv
sgemm_mkl_epyc_job_15671.out	sgemm_blis_optimized_epyc_epyc006_2023-07-03_08-56-50.csv	epyc006	rep 2 size 30000 OMP_PLACES=cores OMP_PROC_BIND=close OMP_NUM_THREADS=64 BLIS_NUM_THREADS=64 srun -n1 --cpus-per-task=64 ./sgemm_blis_optimized.x 30000 30000 30000>>sgemm_blis_optimized_epyc_epyc006_2023-07-03_08-56-50.csv
sgemm_mkl_epyc_job_15671.out	sgemm_blis_optimized_epyc_epyc006_2023-07-03_08-56-50.csv	epyc006	rep 2 size 29500 OMP_PLACES=cores OMP_PROC_BIND=close OMP_NUM_THREADS=64 BLIS_NUM_THREADS=64 srun -n1 --cpus-per-task=64 ./sgemm_blis_optimized.x 29500 29500 29500>>sgemm_blis_optimized_epyc_epyc006_2023-07-03_08-56-50.csv
sgemm_mkl_epyc_job_15671.out	sgemm_blis_optimized_epyc_epyc006_2023-07-03_08-56-50.csv	epyc006	rep 2 size 29000 OMP_PLACES=cores OMP_PROC_BIND=close OMP_NUM_THREADS=64 BLIS_NUM_THREADS=64 srun -n1 --cpus-per-task=64 ./sgemm_blis_optimized.x 29000 29000 29000>>sgemm_blis_optimized_epyc_epyc006_2023-07-03_08-56-50.csv
sgemm_mkl_epyc_job_15671.out	sgemm_blis_optimized_epyc_epyc006_2023-07-03_08-56-50.csv	epyc006	rep 2 size 28500 OMP_PLACES=cores OMP_PROC_BIND=close OMP_NUM_THREADS=64 BLIS_NUM_THREADS=64 srun -n1 --cpus-per-task=64 ./sgemm_blis_optimized.x 28500 28500 28500>>sgemm_blis_optimized_epyc_epyc006_2023-07-03_08-56-50.csv
sgemm_mkl_epyc_job_15671.out	sgemm_blis_optimized_epyc_epyc006_2023-07-03_08-56-50.csv	epyc006	rep 2 size 28000 OMP_PLACES=cores OMP_PROC_BIND=close OMP_NUM_THREADS=64 BLIS_NUM_THREADS=64 srun -n1 --cpus-per-task=64 ./sgemm_blis_optimized.x 28000 28000 28000>>sgemm_blis_optimized_epyc_epyc006_2023-07-03_08-56-50.csv
sgemm_mkl_epyc_job_15671.out	sgemm_blis_optimized_epyc_epyc006_2023-07-03_08-56-50.csv	epyc006	rep 2 size 27500 OMP_PLACES=cores OMP_PROC_BIND=close OMP_NUM_THREADS=64 BLIS_NUM_THREADS=64 srun -n1 --cpus-per-task=64 ./sgemm_blis_optimized.x 27500 27500 27500>>sgemm_blis_optimized_epyc_epyc006_2023-07-03_08-56-50.csv
sgemm_mkl_epyc_job_15671.out	sgemm_blis_optimized_epyc_epyc006_2023-07-03_08-56-50.csv	epyc006	rep 2 size 27000 OMP_PLACES=cores OMP_PROC_BIND=close OMP_NUM_THREADS=64 BLIS_NUM_THREADS=64 srun -n1 --cpus-per-task=64 ./sgemm_blis_optimized.x 27000 27000 27000>>sgemm_blis_optimized_epyc_epyc006_2023-07-03_08-56-50.csv
sgemm_mkl_epyc_job_15671.out	sgemm_blis_optimized_epyc_epyc006_2023-07-03_08-56-50.csv	epyc006	rep 2 size 26500 OMP_PLACES=cores OMP_PROC_BIND=close OMP_NUM_THREADS=64 BLIS_NUM_THREADS=64 srun -n1 --cpus-per-task=64 ./sgemm_blis_optimized.x 26500 26500 26500>>sgemm_blis_optimized_epyc_epyc006_2023-07-03_08-56-50.csv
sgemm_mkl_epyc_job_15671.out	sgemm_blis_optimized_epyc_epyc006_2023-07-03_08-56-50.csv	epyc006	rep 2 size 26000 OMP_PLACES=cores OMP_PROC_BIND=close OMP_NUM_THREADS=64 BLIS_NUM_THREADS=64 srun -n1 --cpus-per-task=64 ./sgemm_blis_optimized.x 26000 26000 26000>>sgemm_blis_optimized_epyc_epyc006_2023-07-03_08-56-50.csv
sgemm_mkl_epyc_job_15671.out	sgemm_blis_optimized_epyc_epyc006_2023-07-03_08-56-50.csv	epyc006	rep 2 size 25500 OMP_PLACES=cores OMP_PROC_BIND=close OMP_NUM_THREADS=64 BLIS_NUM_THREADS=64 srun -n1 --cpus-per-task=64 ./sgemm_blis_optimized.x 25500 25500 25500>>sgemm_blis_optimized_epyc_epyc006_2023-07-03_08-56-50.csv
sgemm_mkl_epyc_job_15671.out	sgemm_blis_optimized_epyc_epyc006_2023-07-03_08-56-50.csv	epyc006	rep 2 size 25000 OMP_PLACES=cores OMP_PROC_BIND=close OMP_NUM_THREADS=64 BLIS_NUM_THREADS=64 srun -n1 --cpus-per-task=64 ./sgemm_blis_optimized.x 25000 25000 25000>>sgemm_blis_optimized_epyc_epyc006_2023-07-03_08-56-50.csv
sgemm_mkl_epyc_job_15671.out	sgemm_blis_optimized_epyc_epyc006_2023-07-03_08-56-50.csv	epyc006	rep 2 size 24500 OMP_PLACES=cores OMP_PROC_BIND=close OMP_NUM_THREADS=64 BLIS_NUM_THREADS=64 srun -n1 --cpus-per-task=64 ./sgemm_blis_optimized.x 24500 24500 24500>>sgemm_blis_optimized_epyc_epyc006_2023-07-03_08-56-50.csv
sgemm_mkl_epyc_job_15671.out	sgemm_blis_optimized_epyc_epyc006_2023-07-03_08-56-50.csv	epyc006	rep 2 size 24000 OMP_PLACES=cores OMP_PROC_BIND=close OMP_NUM_THREADS=64 BLIS_NUM_THREADS=64 srun -n1 --cpus-per-task=64 ./sgemm_blis_optimized.x 24000 24000 24000>>sgemm_blis_optimized_epyc_epyc006_2023-07-03_08-56-50.csv
sgemm_mkl_epyc_job_15671.out	sgemm_blis_optimized_epyc_epyc006_2023-07-03_08-56-50.csv	epyc006	rep 2 size 23500 OMP_PLACES=cores OMP_PROC_BIND=close OMP_NUM_THREADS=64 BLIS_NUM_THREADS=64 srun -n1 --cpus-per-task=64 ./sgemm_blis_optimized.x 23500 23500 23500>>sgemm_blis_optimized_epyc_epyc006_2023-07-03_08-56-50.csv
sgemm_mkl_epyc_job_15671.out	sgemm_blis_optimized_epyc_epyc006_2023-07-03_08-56-50.csv	epyc006	rep 2 size 23000 OMP_PLACES=cores OMP_PROC_BIND=close OMP_NUM_THREADS=64 BLIS_NUM_THREADS=64 srun -n1 --cpus-per-task=64 ./sgemm_blis_optimized.x 23000 23000 23000>>sgemm_blis_optimized_epyc_epyc006_2023-07-03_08-56-50.csv
sgemm_mkl_epyc_job_15671.out	sgemm_blis_optimized_epyc_epyc006_2023-07-03_08-56-50.csv	epyc006	rep 2 size 22500 OMP_PLACES=cores OMP_PROC_BIND=close OMP_NUM_THREADS=64 BLIS_NUM_THREADS=64 srun -n1 --cpus-per-task=64 ./sgemm_blis_optimized.x 22500 22500 22500>>sgemm_blis_optimized_epyc_epyc006_2023-07-03_08-56-50.csv
sgemm_mkl_epyc_job_15671.out	sgemm_blis_optimized_epyc_epyc006_2023-07-03_08-56-50.csv	epyc006	rep 2 size 22000 OMP_PLACES=cores OMP_PROC_BIND=close OMP_NUM_THREADS=64 BLIS_NUM_THREADS=64 srun -n1 --cpus-per-task=64 ./sgemm_blis_optimized.x 22000 22000 22000>>sgemm_blis_optimized_epyc_epyc006_2023-07-03_08-56-50.csv
sgemm_mkl_epyc_job_15671.out	sgemm_blis_optimized_epyc_epyc006_2023-07-03_08-56-50.csv	epyc006	rep 2 size 21500 OMP_PLACES=cores OMP_PROC_BIND=close OMP_NUM_THREADS=64 BLIS_NUM_THREADS=64 srun -n1 --cpus-per-task=64 ./sgemm_blis_optimized.x 21500 21500 21500>>sgemm_blis_optimized_epyc_epyc006_2023-07-03_08-56-50.csv
sgemm_mkl_epyc_job_15671.out	sgemm_blis_optimized_epyc_epyc006_2023-07-03_08-56-50.csv	epyc006	rep 2 size 21000 OMP_PLACES=cores OMP_PROC_BIND=close OMP_NUM_THREADS=64 BLIS_NUM_THREADS=64 srun -n1 --cpus-per-task=64 ./sgemm_blis_optimized.x 21000 21000 21000>>sgemm_blis_optimized_epyc_epyc006_2023-07-03_08-56-50.csv
sgemm_mkl_epyc_job_15671.out	sgemm_blis_optimized_epyc_epyc006_2023-07-03_08-56-50.csv	epyc006	rep 2 size 20500 OMP_PLACES=cores OMP_PROC_BIND=close OMP_NUM_THREADS=64 BLIS_NUM_THREADS=64 srun -n1 --cpus-per-task=64 ./sgemm_blis_optimized.x 20500 20500 20500>>sgemm_blis_optimized_epyc_epyc006_2023-07-03_08-56-50.csv
sgemm_mkl_epyc_job_15671.out	sgemm_blis_optimized_epyc_epyc006_2023-07-03_08-56-50.csv	epyc006	rep 2 size 20000 OMP_PLACES=cores OMP_PROC_BIND=close OMP_NUM_THREADS=64 BLIS_NUM_THREADS=64 srun -n1 --cpus-per-task=64 ./sgemm_blis_optimized.x 20000 20000 20000>>sgemm_blis_optimized_epyc_epyc006_2023-07-03_08-56-50.csv
sgemm_mkl_epyc_job_15671.out	sgemm_blis_optimized_epyc_epyc006_2023-07-03_08-56-50.csv	epyc006	rep 3 size 30000 OMP_PLACES=cores OMP_PROC_BIND=close OMP_NUM_THREADS=64 BLIS_NUM_THREADS=64 srun -n1 --cpus-per-task=64 ./sgemm_blis_optimized.x 30000 30000 30000>>sgemm_blis_optimized_epyc_epyc006_2023-07-03_08-56-50.csv
sgemm_mkl_epyc_job_15671.out	sgemm_blis_optimized_epyc_epyc006_2023-07-03_08-56-50.csv	epyc006	rep 3 size 29500 OMP_PLACES=cores OMP_PROC_BIND=close OMP_NUM_THREADS=64 BLIS_NUM_THREADS=64 srun -n1 --cpus-per-task=64 ./sgemm_blis_optimized.x 29500 29500 29500>>sgemm_blis_optimized_epyc_epyc006_2023-07-03_08-56-50.csv
sgemm_mkl_epyc_job_15671.out	sgemm_blis_optimized_epyc_epyc006_2023-07-03_08-56-50.csv	epyc006	rep 3 size 29000 OMP_PLACES=cores OMP_PROC_BIND=close OMP_NUM_THREADS=64 BLIS_NUM_THREADS=64 srun -n1 --cpus-per-task=64 ./sgemm_blis_optimized.x 29000 29000 29000>>sgemm_blis_optimized_epyc_epyc006_2023-07-03_08-56-50.csv
sgemm_mkl_epyc_job_15671.out	sgemm_blis_optimized_epyc_epyc006_2023-07-03_08-56-50.csv	epyc006	rep 3 size 28500 OMP_PLACES=cores OMP_PROC_BIND=close OMP_NUM_THREADS=64 BLIS_NUM_THREADS=64 srun -n1 --cpus-per-task=64 ./sgemm_blis_optimized.x 28500 28500 28500>>sgemm_blis_optimized_epyc_epyc006_2023-07-03_08-56-50.csv
sgemm_mkl_epyc_job_15671.out	sgemm_blis_optimized_epyc_epyc006_2023-07-03_08-56-50.csv	epyc006	rep 3 size 28000 OMP_PLACES=cores OMP_PROC_BIND=close OMP_NUM_THREADS=64 BLIS_NUM_THREADS=64 srun -n1 --cpus-per-task=64 ./sgemm_blis_optimized.x 28000 28000 28000>>sgemm_blis_optimized_epyc_epyc006_2023-07-03_08-56-50.csv
sgemm_mkl_epyc_job_15671.out	sgemm_blis_optimized_epyc_epyc006_2023-07-03_08-56-50.csv	epyc006	rep 3 size 27500 OMP_PLACES=cores OMP_PROC_BIND=close OMP_NUM_THREADS=64 BLIS_NUM_THREADS=64 srun -n1 --cpus-per-task=64 ./sgemm_blis_optimized.x 27500 27500 27500>>sgemm_blis_optimized_epyc_epyc006_2023-07-03_08-56-50.csv
sgemm_mkl_epyc_job_15671.out	sgemm_blis_optimized_epyc_epyc006_2023-07-03_08-56-50.csv	epyc006	rep 3 size 27000 OMP_PLACES=cores OMP_PROC_BIND=close OMP_NUM_THREADS=64 BLIS_NUM_THREADS=64 srun -n1 --cpus-per-task=64 ./sgemm_blis_optimized.x 27000 27000 27000>>sgemm_blis_optimized_epyc_epyc006_2023-07-03_08-56-50.csv
sgemm_mkl_epyc_job_15671.out	sgemm_blis_optimized_epyc_epyc006_2023-07-03_08-56-50.csv	epyc006	rep 3 size 26500 OMP_PLACES=cores OMP_PROC_BIND=close OMP_NUM_THREADS=64 BLIS_NUM_THREADS=64 srun -n1 --cpus-per-task=64 ./sgemm_blis_optimized.x 26500 26500 26500>>sgemm_blis_optimized_epyc_epyc006_2023-07-03_08-56-50.csv
sgemm_mkl_epyc_job_15671.out	sgemm_blis_optimized_epyc_epyc006_2023-07-03_08-56-50.csv	epyc006	rep 3 size 26000 OMP_PLACES=cores OMP_PROC_BIND=close OMP_NUM_THREADS=64 BLIS_NUM_THREADS=64 srun -n1 --cpus-per-task=64 ./sgemm_blis_optimized.x 26000 26000 26000>>sgemm_blis_optimized_epyc_epyc006_2023-07-03_08-56-50.csv
sgemm_mkl_epyc_job_15671.out	sgemm_blis_optimized_epyc_epyc006_2023-07-03_08-56-50.csv	epyc006	rep 3 size 25500 OMP_PLACES=cores OMP_PROC_BIND=close OMP_NUM_THREADS=64 BLIS_NUM_THREADS=64 srun -n1 --cpus-per-task=64 ./sgemm_blis_optimized.x 25500 25500 25500>>sgemm_blis_optimized_epyc_epyc006_2023-07-03_08-56-50.csv
sgemm_mkl_epyc_job_15671.out	sgemm_blis_optimized_epyc_epyc006_2023-07-03_08-56-50.csv	epyc006	rep 3 size 25000 OMP_PLACES=cores OMP_PROC_BIND=close OMP_NUM_THREADS=64 BLIS_NUM_THREADS=64 srun -n1 --cpus-per-task=64 ./sgemm_blis_optimized.x 25000 25000 25000>>sgemm_blis_optimized_epyc_epyc006_2023-07-03_08-56-50.csv
sgemm_mkl_epyc_job_15671.out	sgemm_blis_optimized_epyc_epyc006_2023-07-03_08-56-50.csv	epyc006	rep 3 size 24500 OMP_PLACES=cores OMP_PROC_BIND=close OMP_NUM_THREADS=64 BLIS_NUM_THREADS=64 srun -n1 --cpus-per-task=64 ./sgemm_blis_optimized.x 24500 24500 24500>>sgemm_blis_optimized_epyc_epyc006_2023-07-03_08-56-50.csv
sgemm_mkl_epyc_job_15671.out	sgemm_blis_optimized_epyc_epyc006_2023-07-03_08-56-50.csv	epyc006	rep 3 size 24000 OMP_PLACES=cores OMP_PROC_BIND=close OMP_NUM_THREADS=64 BLIS_NUM_THREADS=64 srun -n1 --cpus-per-task=64 ./sgemm_blis_optimized.x 24000 24000 24000>>sgemm_blis_optimized_epyc_epyc006_2023-07-03_08-56-50.csv
sgemm_mkl_epyc_job_15671.out	sgemm_blis_optimized_epyc_epyc006_2023-07-03_08-56-50.csv	epyc006	rep 3 size 23500 OMP_PLACES=cores OMP_PROC_BIND=close OMP_NUM_THREADS=64 BLIS_NUM_THREADS=64 srun -n1 --cpus-per-task=64 ./sgemm_blis_optimized.x 23500 23500 23500>>sgemm_blis_optimized_epyc_epyc006_2023-07-03_08-56-50.csv
sgemm_mkl_epyc_job_15671.out	sgemm_blis_optimized_epyc_epyc006_2023-07-03_08-56-50.csv	epyc006	rep 3 size 23000 OMP_PLACES=cores OMP_PROC_BIND=close OMP_NUM_THREADS=64 BLIS_NUM_THREADS=64 srun -n1 --cpus-per-task=64 ./sgemm_blis_optimized.x 23000 23000 23000>>sgemm_blis_optimized_epyc_epyc006_2023-07-03_08-56-50.csv
sgemm_mkl_epyc_job_15671.out	sgemm_blis_optimized_epyc_epyc006_2023-07-03_08-56-50.csv	epyc006	rep 3 size 22500 OMP_PLACES=cores OMP_PROC_BIND=close OMP_NUM_THREADS=64 BLIS_NUM_THREADS=64 srun -n1 --cpus-per-task=64 ./sgemm_blis_optimized.x 22500 22500 22500>>sgemm_blis_optimized_epyc_epyc006_2023-07-03_08-56-50.csv
sgemm_mkl_epyc_job_15671.out	sgemm_blis_optimized_epyc_epyc006_2023-07-03_08-56-50.csv	epyc006	rep 3 size 22000 OMP_PLACES=cores OMP_PROC_BIND=close OMP_NUM_THREADS=64 BLIS_NUM_THREADS=64 srun -n1 --cpus-per-task=64 ./sgemm_blis_optimized.x 22000 22000 22000>>sgemm_blis_optimized_epyc_epyc006_2023-07-03_08-56-50.csv
sgemm_mkl_epyc_job_15671.out	sgemm_blis_optimized_epyc_epyc006_2023-07-03_08-56-50.csv	epyc006	rep 3 size 21500 OMP_PLACES=cores OMP_PROC_BIND=close OMP_NUM_THREADS=64 BLIS_NUM_THREADS=64 srun -n1 --cpus-per-task=64 ./sgemm_blis_optimized.x 21500 21500 21500>>sgemm_blis_optimized_epyc_epyc006_2023-07-03_08-56-50.csv
sgemm_mkl_epyc_job_15671.out	sgemm_blis_optimized_epyc_epyc006_2023-07-03_08-56-50.csv	epyc006	rep 3 size 21000 OMP_PLACES=cores OMP_PROC_BIND=close OMP_NUM_THREADS=64 BLIS_NUM_THREADS=64 srun -n1 --cpus-per-task=64 ./sgemm_blis_optimized.x 21000 21000 21000>>sgemm_blis_optimized_epyc_epyc006_2023-07-03_08-56-50.csv
sgemm_mkl_epyc_job_15671.out	sgemm_blis_optimized_epyc_epyc006_2023-07-03_08-56-50.csv	epyc006	rep 3 size 20500 OMP_PLACES=cores OMP_PROC_BIND=close OMP_NUM_THREADS=64 BLIS_NUM_THREADS=64 srun -n1 --cpus-per-task=64 ./sgemm_blis_optimized.x 20500 20500 20500>>sgemm_blis_optimized_epyc_epyc006_2023-07-03_08-56-50.csv
sgemm_mkl_epyc_job_15671.out	sgemm_blis_optimized_epyc_epyc006_2023-07-03_08-56-50.csv	epyc006	rep 3 size 20000 OMP_PLACES=cores OMP_PROC_BIND=close OMP_NUM_THREADS=64 BLIS_NUM_THREADS=64 srun -n1 --cpus-per-task=64 ./sgemm_blis_optimized.x 20000 20000 20000>>sgemm_blis_optimized_epyc_epyc006_2023-07-03_08-56-50.csv
sgemm_mkl_epyc_job_15671.out	sgemm_blis_optimized_epyc_epyc006_2023-07-03_08-56-50.csv	epyc006	rep 4 size 30000 OMP_PLACES=cores OMP_PROC_BIND=close OMP_NUM_THREADS=64 BLIS_NUM_THREADS=64 srun -n1 --cpus-per-task=64 ./sgemm_blis_optimized.x 30000 30000 30000>>sgemm_blis_optimized_epyc_epyc006_2023-07-03_08-56-50.csv
sgemm_mkl_epyc_job_15671.out	sgemm_blis_optimized_epyc_epyc006_2023-07-03_08-56-50.csv	epyc006	rep 4 size 29500 OMP_PLACES=cores OMP_PROC_BIND=close OMP_NUM_THREADS=64 BLIS_NUM_THREADS=64 srun -n1 --cpus-per-task=64 ./sgemm_blis_optimized.x 29500 29500 29500>>sgemm_blis_optimized_epyc_epyc006_2023-07-03_08-56-50.csv
sgemm_mkl_epyc_job_15671.out	sgemm_blis_optimized_epyc_epyc006_2023-07-03_08-56-50.csv	epyc006	rep 4 size 29000 OMP_PLACES=cores OMP_PROC_BIND=close OMP_NUM_THREADS=64 BLIS_NUM_THREADS=64 srun -n1 --cpus-per-task=64 ./sgemm_blis_optimized.x 29000 29000 29000>>sgemm_blis_optimized_epyc_epyc006_2023-07-03_08-56-50.csv
sgemm_mkl_epyc_job_15671.out	sgemm_blis_optimized_epyc_epyc006_2023-07-03_08-56-50.csv	epyc006	rep 4 size 28500 OMP_PLACES=cores OMP_PROC_BIND=close OMP_NUM_THREADS=64 BLIS_NUM_THREADS=64 srun -n1 --cpus-per-task=64 ./sgemm_blis_optimized.x 28500 28500 28500>>sgemm_blis_optimized_epyc_epyc006_2023-07-03_08-56-50.csv
sgemm_mkl_epyc_job_15671.out	sgemm_blis_optimized_epyc_epyc006_2023-07-03_08-56-50.csv	epyc006	rep 4 size 28000 OMP_PLACES=cores OMP_PROC_BIND=close OMP_NUM_THREADS=64 BLIS_NUM_THREADS=64 srun -n1 --cpus-per-task=64 ./sgemm_blis_optimized.x 28000 28000 28000>>sgemm_blis_optimized_epyc_epyc006_2023-07-03_08-56-50.csv
sgemm_mkl_epyc_job_15671.out	sgemm_blis_optimized_epyc_epyc006_2023-07-03_08-56-50.csv	epyc006	rep 4 size 27500 OMP_PLACES=cores OMP_PROC_BIND=close OMP_NUM_THREADS=64 BLIS_NUM_THREADS=64 srun -n1 --cpus-per-task=64 ./sgemm_blis_optimized.x 27500 27500 27500>>sgemm_blis_optimized_epyc_epyc006_2023-07-03_08-56-50.csv
sgemm_mkl_epyc_job_15671.out	sgemm_blis_optimized_epyc_epyc006_2023-07-03_08-56-50.csv	epyc006	rep 4 size 27000 OMP_PLACES=cores OMP_PROC_BIND=close OMP_NUM_THREADS=64 BLIS_NUM_THREADS=64 srun -n1 --cpus-per-task=64 ./sgemm_blis_optimized.x 27000 27000 27000>>sgemm_blis_optimized_epyc_epyc006_2023-07-03_08-56-50.csv
sgemm_mkl_epyc_job_15671.out	sgemm_blis_optimized_epyc_epyc006_2023-07-03_08-56-50.csv	epyc006	rep 4 size 26500 OMP_PLACES=cores OMP_PROC_BIND=close OMP_NUM_THREADS=64 BLIS_NUM_THREADS=64 srun -n1 --cpus-per-task=64 ./sgemm_blis_optimized.x 26500 26500 26500>>sgemm_blis_optimized_epyc_epyc006_2023-07-03_08-56-50.csv
sgemm_mkl_epyc_job_15671.out	sgemm_blis_optimized_epyc_epyc006_2023-07-03_08-56-50.csv	epyc006	rep 4 size 26000 OMP_PLACES=cores OMP_PROC_BIND=close OMP_NUM_THREADS=64 BLIS_NUM_THREADS=64 srun -n1 --cpus-per-task=64 ./sgemm_blis_optimized.x 26000 26000 26000>>sgemm_blis_optimized_epyc_epyc006_2023-07-03_08-56-50.csv
sgemm_mkl_epyc_job_15671.out	sgemm_blis_optimized_epyc_epyc006_2023-07-03_08-56-50.csv	epyc006	rep 4 size 25500 OMP_PLACES=cores OMP_PROC_BIND=close OMP_NUM_THREADS=64 BLIS_NUM_THREADS=64 srun -n1 --cpus-per-task=64 ./sgemm_blis_optimized.x 25500 25500 25500>>sgemm_blis_optimized_epyc_epyc006_2023-07-03_08-56-50.csv
sgemm_mkl_epyc_job_15671.out	sgemm_blis_optimized_epyc_epyc006_2023-07-03_08-56-50.csv	epyc006	rep 4 size 25000 OMP_PLACES=cores OMP_PROC_BIND=close OMP_NUM_THREADS=64 BLIS_NUM_THREADS=64 srun -n1 --cpus-per-task=64 ./sgemm_blis_optimized.x 25000 25000 25000>>sgemm_blis_optimized_epyc_epyc006_2023-07-03_08-56-50.csv
sgemm_mkl_epyc_job_15671.out	sgemm_blis_optimized_epyc_epyc006_2023-07-03_08-56-50.csv	epyc006	rep 4 size 24500 OMP_PLACES=cores OMP_PROC_BIND=close OMP_NUM_THREADS=64 BLIS_NUM_THREADS=64 srun -n1 --cpus-per-task=64 ./sgemm_blis_optimized.x 24500 24500 24500>>sgemm_blis_optimized_epyc_epyc006_2023-07-03_08-56-50.csv
sgemm_mkl_epyc_job_15671.out	sgemm_blis_optimized_epyc_epyc006_2023-07-03_08-56-50.csv	epyc006	rep 4 size 24000 OMP_PLACES=cores OMP_PROC_BIND=close OMP_NUM_THREADS=64 BLIS_NUM_THREADS=64 srun -n1 --cpus-per-task=64 ./sgemm_blis_optimized.x 24000 24000 24000>>sgemm_blis_optimized_epyc_epyc006_2023-07-03_08-56-50.csv
sgemm_mkl_epyc_job_15671.out	sgemm_blis_optimized_epyc_epyc006_2023-07-03_08-56-50.csv	epyc006	rep 4 size 23500 OMP_PLACES=cores OMP_PROC_BIND=close OMP_NUM_THREADS=64 BLIS_NUM_THREADS=64 srun -n1 --cpus-per-task=64 ./sgemm_blis_optimized.x 23500 23500 23500>>sgemm_blis_optimized_epyc_epyc006_2023-07-03_08-56-50.csv
sgemm_mkl_epyc_job_15671.out	sgemm_blis_optimized_epyc_epyc006_2023-07-03_08-56-50.csv	epyc006	rep 4 size 23000 OMP_PLACES=cores OMP_PROC_BIND=close OMP_NUM_THREADS=64 BLIS_NUM_THREADS=64 srun -n1 --cpus-per-task=64 ./sgemm_blis_optimized.x 23000 23000 23000>>sgemm_blis_optimized_epyc_epyc006_2023-07-03_08-56-50.csv
sgemm_mkl_epyc_job_15671.out	sgemm_blis_optimized_epyc_epyc006_2023-07-03_08-56-50.csv	epyc006	rep 4 size 22500 OMP_PLACES=cores OMP_PROC_BIND=close OMP_NUM_THREADS=64 BLIS_NUM_THREADS=64 srun -n1 --cpus-per-task=64 ./sgemm_blis_optimized.x 22500 22500 22500>>sgemm_blis_optimized_epyc_epyc006_2023-07-03_08-56-50.csv
sgemm_mkl_epyc_job_15671.out	sgemm_blis_optimized_epyc_epyc006_2023-07-03_08-56-50.csv	epyc006	rep 4 size 22000 OMP_PLACES=cores OMP_PROC_BIND=close OMP_NUM_THREADS=64 BLIS_NUM_THREADS=64 srun -n1 --cpus-per-task=64 ./sgemm_blis_optimized.x 22000 22000 22000>>sgemm_blis_optimized_epyc_epyc006_2023-07-03_08-56-50.csv
sgemm_mkl_epyc_job_15671.out	sgemm_blis_optimized_epyc_epyc006_2023-07-03_08-56-50.csv	epyc006	rep 4 size 21500 OMP_PLACES=cores OMP_PROC_BIND=close OMP_NUM_THREADS=64 BLIS_NUM_THREADS=64 srun -n1 --cpus-per-task=64 ./sgemm_blis_optimized.x 21500 21500 21500>>sgemm_blis_optimized_epyc_epyc006_2023-07-03_08-56-50.csv
sgemm_mkl_epyc_job_15671.out	sgemm_blis_optimized_epyc_epyc006_2023-07-03_08-56-50.csv	epyc006	rep 4 size 21000 OMP_PLACES=cores OMP_PROC_BIND=close OMP_NUM_THREADS=64 BLIS_NUM_THREADS=64 srun -n1 --cpus-per-task=64 ./sgemm_blis_optimized.x 21000 21000 21000>>sgemm_blis_optimized_epyc_epyc006_2023-07-03_08-56-50.csv
sgemm_mkl_epyc_job_15671.out	sgemm_blis_optimized_epyc_epyc006_2023-07-03_08-56-50.csv	epyc006	rep 4 size 20500 OMP_PLACES=cores OMP_PROC_BIND=close OMP_NUM_THREADS=64 BLIS_NUM_THREADS=64 srun -n1 --cpus-per-task=64 ./sgemm_blis_optimized.x 20500 20500 20500>>sgemm_blis_optimized_epyc_epyc006_2023-07-03_08-56-50.csv
sgemm_mkl_epyc_job_15671.out	sgemm_blis_optimized_epyc_epyc006_2023-07-03_08-56-50.csv	epyc006	rep 4 size 20000 OMP_PLACES=cores OMP_PROC_BIND=close OMP_NUM_THREADS=64 BLIS_NUM_THREADS=64 srun -n1 --cpus-per-task=64 ./sgemm_blis_optimized.x 20000 20000 20000>>sgemm_blis_optimized_epyc_epyc006_2023-07-03_08-56-50.csv
sgemm_mkl_epyc_job_15671.out	sgemm_blis_optimized_epyc_epyc006_2023-07-03_08-56-50.csv	epyc006	rep 5 size 30000 OMP_PLACES=cores OMP_PROC_BIND=close OMP_NUM_THREADS=64 BLIS_NUM_THREADS=64 srun -n1 --cpus-per-task=64 ./sgemm_blis_optimized.x 30000 30000 30000>>sgemm_blis_optimized_epyc_epyc006_2023-07-03_08-56-50.csv
sgemm_mkl_epyc_job_15671.out	sgemm_blis_optimized_epyc_epyc006_2023-07-03_08-56-50.csv	epyc006	rep 5 size 29500 OMP_PLACES=cores OMP_PROC_BIND=close OMP_NUM_THREADS=64 BLIS_NUM_THREADS=64 srun -n1 --cpus-per-task=64 ./sgemm_blis_optimized.x 29500 29500 29500>>sgemm_blis_optimized_epyc_epyc006_2023-07-03_08-56-50.csv
sgemm_mkl_epyc_job_15671.out	sgemm_blis_optimized_epyc_epyc006_2023-07-03_08-56-50.csv	epyc006	rep 5 size 29000 OMP_PLACES=cores OMP_PROC_BIND=close OMP_NUM_THREADS=64 BLIS_NUM_THREADS=64 srun -n1 --cpus-per-task=64 ./sgemm_blis_optimized.x 29000 29000 29000>>sgemm_blis_optimized_epyc_epyc006_2023-07-03_08-56-50.csv
sgemm_mkl_epyc_job_15671.out	sgemm_blis_optimized_epyc_epyc006_2023-07-03_08-56-50.csv	epyc006	rep 5 size 28500 OMP_PLACES=cores OMP_PROC_BIND=close OMP_NUM_THREADS=64 BLIS_NUM_THREADS=64 srun -n1 --cpus-per-task=64 ./sgemm_blis_optimized.x 28500 28500 28500>>sgemm_blis_optimized_epyc_epyc006_2023-07-03_08-56-50.csv
sgemm_mkl_epyc_job_15671.out	sgemm_blis_optimized_epyc_epyc006_2023-07-03_08-56-50.csv	epyc006	rep 5 size 28000 OMP_PLACES=cores OMP_PROC_BIND=close OMP_NUM_THREADS=64 BLIS_NUM_THREADS=64 srun -n1 --cpus-per-task=64 ./sgemm_blis_optimized.x 28000 28000 28000>>sgemm_blis_optimized_epyc_epyc006_2023-07-03_08-56-50.csv
sgemm_mkl_epyc_job_15671.out	sgemm_blis_optimized_epyc_epyc006_2023-07-03_08-56-50.csv	epyc006	rep 5 size 27500 OMP_PLACES=cores OMP_PROC_BIND=close OMP_NUM_THREADS=64 BLIS_NUM_THREADS=64 srun -n1 --cpus-per-task=64 ./sgemm_blis_optimized.x 27500 27500 27500>>sgemm_blis_optimized_epyc_epyc006_2023-07-03_08-56-50.csv
sgemm_mkl_epyc_job_15671.out	sgemm_blis_optimized_epyc_epyc006_2023-07-03_08-56-50.csv	epyc006	rep 5 size 27000 OMP_PLACES=cores OMP_PROC_BIND=close OMP_NUM_THREADS=64 BLIS_NUM_THREADS=64 srun -n1 --cpus-per-task=64 ./sgemm_blis_optimized.x 27000 27000 27000>>sgemm_blis_optimized_epyc_epyc006_2023-07-03_08-56-50.csv
sgemm_mkl_epyc_job_15671.out	sgemm_blis_optimized_epyc_epyc006_2023-07-03_08-56-50.csv	epyc006	rep 5 size 26500 OMP_PLACES=cores OMP_PROC_BIND=close OMP_NUM_THREADS=64 BLIS_NUM_THREADS=64 srun -n1 --cpus-per-task=64 ./sgemm_blis_optimized.x 26500 26500 26500>>sgemm_blis_optimized_epyc_epyc006_2023-07-03_08-56-50.csv
sgemm_mkl_epyc_job_15671.out	sgemm_blis_optimized_epyc_epyc006_2023-07-03_08-56-50.csv	epyc006	rep 5 size 26000 OMP_PLACES=cores OMP_PROC_BIND=close OMP_NUM_THREADS=64 BLIS_NUM_THREADS=64 srun -n1 --cpus-per-task=64 ./sgemm_blis_optimized.x 26000 26000 26000>>sgemm_blis_optimized_epyc_epyc006_2023-07-03_08-56-50.csv
sgemm_mkl_epyc_job_15671.out	sgemm_blis_optimized_epyc_epyc006_2023-07-03_08-56-50.csv	epyc006	rep 5 size 25500 OMP_PLACES=cores OMP_PROC_BIND=close OMP_NUM_THREADS=64 BLIS_NUM_THREADS=64 srun -n1 --cpus-per-task=64 ./sgemm_blis_optimized.x 25500 25500 25500>>sgemm_blis_optimized_epyc_epyc006_2023-07-03_08-56-50.csv
sgemm_mkl_epyc_job_15671.out	sgemm_blis_optimized_epyc_epyc006_2023-07-03_08-56-50.csv	epyc006	rep 5 size 25000 OMP_PLACES=cores OMP_PROC_BIND=close OMP_NUM_THREADS=64 BLIS_NUM_THREADS=64 srun -n1 --cpus-per-task=64 ./sgemm_blis_optimized.x 25000 25000 25000>>sgemm_blis_optimized_epyc_epyc006_2023-07-03_08-56-50.csv
sgemm_mkl_epyc_job_15671.out	sgemm_blis_optimized_epyc_epyc006_2023-07-03_08-56-50.csv	epyc006	rep 5 size 24500 OMP_PLACES=cores OMP_PROC_BIND=close OMP_NUM_THREADS=64 BLIS_NUM_THREADS=64 srun -n1 --cpus-per-task=64 ./sgemm_blis_optimized.x 24500 24500 24500>>sgemm_blis_optimized_epyc_epyc006_2023-07-03_08-56-50.csv
sgemm_mkl_epyc_job_15671.out	sgemm_blis_optimized_epyc_epyc006_2023-07-03_08-56-50.csv	epyc006	rep 5 size 24000 OMP_PLACES=cores OMP_PROC_BIND=close OMP_NUM_THREADS=64 BLIS_NUM_THREADS=64 srun -n1 --cpus-per-task=64 ./sgemm_blis_optimized.x 24000 24000 24000>>sgemm_blis_optimized_epyc_epyc006_2023-07-03_08-56-50.csv
sgemm_mkl_epyc_job_15671.out	sgemm_blis_optimized_epyc_epyc006_2023-07-03_08-56-50.csv	epyc006	rep 5 size 23500 OMP_PLACES=cores OMP_PROC_BIND=close OMP_NUM_THREADS=64 BLIS_NUM_THREADS=64 srun -n1 --cpus-per-task=64 ./sgemm_blis_optimized.x 23500 23500 23500>>sgemm_blis_optimized_epyc_epyc006_2023-07-03_08-56-50.csv
sgemm_mkl_epyc_job_15671.out	sgemm_blis_optimized_epyc_epyc006_2023-07-03_08-56-50.csv	epyc006	rep 5 size 23000 OMP_PLACES=cores OMP_PROC_BIND=close OMP_NUM_THREADS=64 BLIS_NUM_THREADS=64 srun -n1 --cpus-per-task=64 ./sgemm_blis_optimized.x 23000 23000 23000>>sgemm_blis_optimized_epyc_epyc006_2023-07-03_08-56-50.csv
sgemm_mkl_epyc_job_15671.out	sgemm_blis_optimized_epyc_epyc006_2023-07-03_08-56-50.csv	epyc006	rep 5 size 22500 OMP_PLACES=cores OMP_PROC_BIND=close OMP_NUM_THREADS=64 BLIS_NUM_THREADS=64 srun -n1 --cpus-per-task=64 ./sgemm_blis_optimized.x 22500 22500 22500>>sgemm_blis_optimized_epyc_epyc006_2023-07-03_08-56-50.csv
sgemm_mkl_epyc_job_15671.out	sgemm_blis_optimized_epyc_epyc006_2023-07-03_08-56-50.csv	epyc006	rep 5 size 22000 OMP_PLACES=cores OMP_PROC_BIND=close OMP_NUM_THREADS=64 BLIS_NUM_THREADS=64 srun -n1 --cpus-per-task=64 ./sgemm_blis_optimized.x 22000 22000 22000>>sgemm_blis_optimized_epyc_epyc006_2023-07-03_08-56-50.csv
sgemm_mkl_epyc_job_15671.out	sgemm_blis_optimized_epyc_epyc006_2023-07-03_08-56-50.csv	epyc006	rep 5 size 21500 OMP_PLACES=cores OMP_PROC_BIND=close OMP_NUM_THREADS=64 BLIS_NUM_THREADS=64 srun -n1 --cpus-per-task=64 ./sgemm_blis_optimized.x 21500 21500 21500>>sgemm_blis_optimized_epyc_epyc006_2023-07-03_08-56-50.csv
sgemm_mkl_epyc_job_15671.out	sgemm_blis_optimized_epyc_epyc006_2023-07-03_08-56-50.csv	epyc006	rep 5 size 21000 OMP_PLACES=cores OMP_PROC_BIND=close OMP_NUM_THREADS=64 BLIS_NUM_THREADS=64 srun -n1 --cpus-per-task=64 ./sgemm_blis_optimized.x 21000 21000 21000>>sgemm_blis_optimized_epyc_epyc006_2023-07-03_08-56-50.csv
sgemm_mkl_epyc_job_15671.out	sgemm_blis_optimized_epyc_epyc006_2023-07-03_08-56-50.csv	epyc006	rep 5 size 20500 OMP_PLACES=cores OMP_PROC_BIND=close OMP_NUM_THREADS=64 BLIS_NUM_THREADS=64 srun -n1 --cpus-per-task=64 ./sgemm_blis_optimized.x 20500 20500 20500>>sgemm_blis_optimized_epyc_epyc006_2023-07-03_08-56-50.csv
sgemm_mkl_epyc_job_15671.out	sgemm_blis_optimized_epyc_epyc006_2023-07-03_08-56-50.csv	epyc006	rep 5 size 20000 OMP_PLACES=cores OMP_PROC_BIND=close OMP_NUM_THREADS=64 BLIS_NUM_THREADS=64 srun -n1 --cpus-per-task=64 ./sgemm_blis_optimized.x 20000 20000 20000>>sgemm_blis_optimized_epyc_epyc006_2023-07-03_08-56-50.csv
sgemm_mkl_epyc_job_15671.out	sgemm_mkl_epyc_epyc006_2023-07-03_09-29-41.csv	epyc006	rep 1 size 30000 OMP_PLACES=cores OMP_PROC_BIND=close OMP_NUM_THREADS=64 BLIS_NUM_THREADS=64 srun -n1 --cpus-per-task=64 ./sgemm_mkl.x 30000 30000 30000>>sgemm_mkl_epyc_epyc006_2023-07-03_09-29-41.csv
sgemm_mkl_epyc_job_15671.out	sgemm_mkl_epyc_epyc006_2023-07-03_09-29-41.csv	epyc006	rep 1 size 29500 OMP_PLACES=cores OMP_PROC_BIND=close OMP_NUM_THREADS=64 BLIS_NUM_THREADS=64 srun -n1 --cpus-per-task=64 ./sgemm_mkl.x 29500 29500 29500>>sgemm_mkl_epyc_epyc006_2023-07-03_09-29-41.csv
sgemm_mkl_epyc_job_15671.out	sgemm_mkl_epyc_epyc006_2023-07-03_09-29-41.csv	epyc006	rep 1 size 29000 OMP_PLACES=cores OMP_PROC_BIND=close OMP_NUM_THREADS=64 BLIS_NUM_THREADS=64 srun -n1 --cpus-per-task=64 ./sgemm_mkl.x 29000 29000 29000>>sgemm_mkl_epyc_epyc006_2023-07-03_09-29-41.csv
sgemm_mkl_epyc_job_15671.out	sgemm_mkl_epyc_epyc006_2023-07-03_09-29-41.csv	epyc006	rep 1 size 28500 OMP_PLACES=cores OMP_PROC_BIND=close OMP_NUM_THREADS=64 BLIS_NUM_THREADS=64 srun -n1 --cpus-per-task=64 ./sgemm_mkl.x 28500 28500 28500>>sgemm_mkl_epyc_epyc006_2023-07-03_09-29-41.csv
sgemm_mkl_epyc_job_15671.out	sgemm_mkl_epyc_epyc006_2023-07-03_09-29-41.csv	epyc006	rep 1 size 28000 OMP_PLACES=cores OMP_PROC_BIND=close OMP_NUM_THREADS=64 BLIS_NUM_THREADS=64 srun -n1 --cpus-per-task=64 ./sgemm_mkl.x 28000 28000 28000>>sgemm_mkl_epyc_epyc006_2023-07-03_09-29-41.csv
sgemm_mkl_epyc_job_15671.out	sgemm_mkl_epyc_epyc006_2023-07-03_09-29-41.csv	epyc006	rep 1 size 27500 OMP_PLACES=cores OMP_PROC_BIND=close OMP_NUM_THREADS=64 BLIS_NUM_THREADS=64 srun -n1 --cpus-per-task=64 ./sgemm_mkl.x 27500 27500 27500>>sgemm_mkl_epyc_epyc006_2023-07-03_09-29-41.csv
sgemm_mkl_epyc_job_15671.out	sgemm_mkl_epyc_epyc006_2023-07-03_09-29-41.csv	epyc006	rep 1 size 27000 OMP_PLACES=cores OMP_PROC_BIND=close OMP_NUM_THREADS=64 BLIS_NUM_THREADS=64 srun -n1 --cpus-per-task=64 ./sgemm_mkl.x 27000 27000 27000>>sgemm_mkl_epyc_epyc006_2023-07-03_09-29-41.csv
sgemm_mkl_epyc_job_15671.out	sgemm_mkl_epyc_epyc006_2023-07-03_09-29-41.csv	epyc006	rep 1 size 26500 OMP_PLACES=cores OMP_PROC_BIND=close OMP_NUM_THREADS=64 BLIS_NUM_THREADS=64 srun -n1 --cpus-per-task=64 ./sgemm_mkl.x 26500 26500 26500>>sgemm_mkl_epyc_epyc006_2023-07-03_09-29-41.csv
sgemm_mkl_epyc_job_15671.out	sgemm_mkl_epyc_epyc006_2023-07-03_09-29-41.csv	epyc006	rep 1 size 26000 OMP_PLACES=cores OMP_PROC_BIND=close OMP_NUM_THREADS=64 BLIS_NUM_THREADS=64 srun -n1 --cpus-per-task=64 ./sgemm_mkl.x 26000 26000 26000>>sgemm_mkl_epyc_epyc006_2023-07-03_09-29-41.csv
sgemm_mkl_epyc_job_15671.out	sgemm_mkl_epyc_epyc006_2023-07-03_09-29-41.csv	epyc006	rep 1 size 25500 OMP_PLACES=cores OMP_PROC_BIND=close OMP_NUM_THREADS=64 BLIS_NUM_THREADS=64 srun -n1 --cpus-per-task=64 ./sgemm_mkl.x 25500 25500 25500>>sgemm_mkl_epyc_epyc006_2023-07-03_09-29-41.csv
sgemm_mkl_epyc_job_15671.out	sgemm_mkl_epyc_epyc006_2023-07-03_09-29-41.csv	epyc006	rep 1 size 25000 OMP_PLACES=cores OMP_PROC_BIND=close OMP_NUM_THREADS=64 BLIS_NUM_THREADS=64 srun -n1 --cpus-per-task=64 ./sgemm_mkl.x 25000 25000 25000>>sgemm_mkl_epyc_epyc006_2023-07-03_09-29-41.csv
sgemm_mkl_epyc_job_15671.out	sgemm_mkl_epyc_epyc006_2023-07-03_09-29-41.csv	epyc006	rep 1 size 24500 OMP_PLACES=cores OMP_PROC_BIND=close OMP_NUM_THREADS=64 BLIS_NUM_THREADS=64 srun -n1 --cpus-per-task=64 ./sgemm_mkl.x 24500 24500 24500>>sgemm_mkl_epyc_epyc006_2023-07-03_09-29-41.csv
sgemm_mkl_epyc_job_15671.out	sgemm_mkl_epyc_epyc006_2023-07-03_09-29-41.csv	epyc006	rep 1 size 24000 OMP_PLACES=cores OMP_PROC_BIND=close OMP_NUM_THREADS=64 BLIS_NUM_THREADS=64 srun -n1 --cpus-per-task=64 ./sgemm_mkl.x 24000 24000 24000>>sgemm_mkl_epyc_epyc006_2023-07-03_09-29-41.csv
sgemm_mkl_epyc_job_15671.out	sgemm_mkl_epyc_epyc006_2023-07-03_09-29-41.csv	epyc006	rep 1 size 23500 OMP_PLACES=cores OMP_PROC_BIND=close OMP_NUM_THREADS=64 BLIS_NUM_THREADS=64 srun -n1 --cpus-per-task=64 ./sgemm_mkl.x 23500 23500 23500>>sgemm_mkl_epyc_epyc006_2023-07-03_09-29-41.csv
sgemm_mkl_epyc_job_15671.out	sgemm_mkl_epyc_epyc006_2023-07-03_09-29-41.csv	epyc006	rep 1 size 23000 OMP_PLACES=cores OMP_PROC_BIND=close OMP_NUM_THREADS=64 BLIS_NUM_THREADS=64 srun -n1 --cpus-per-task=64 ./sgemm_mkl.x 23000 23000 23000>>sgemm_mkl_epyc_epyc006_2023-07-03_09-29-41.csv
sgemm_mkl_epyc_job_15671.out	sgemm_mkl_epyc_epyc006_2023-07-03_09-29-41.csv	epyc006	rep 1 size 22500 OMP_PLACES=cores OMP_PROC_BIND=close OMP_NUM_THREADS=64 BLIS_NUM_THREADS=64 srun -n1 --cpus-per-task=64 ./sgemm_mkl.x 22500 22500 22500>>sgemm_mkl_epyc_epyc006_2023-07-03_09-29-41.csv
sgemm_mkl_epyc_job_15671.out	sgemm_mkl_epyc_epyc006_2023-07-03_09-29-41.csv	epyc006	rep 1 size 22000 OMP_PLACES=cores OMP_PROC_BIND=close OMP_NUM_THREADS=64 BLIS_NUM_THREADS=64 srun -n1 --cpus-per-task=64 ./sgemm_mkl.x 22000 22000 22000>>sgemm_mkl_epyc_epyc006_2023-07-03_09-29-41.csv
sgemm_mkl_epyc_job_15671.out	sgemm_mkl_epyc_epyc006_2023-07-03_09-29-41.csv	epyc006	rep 1 size 21500 OMP_PLACES=cores OMP_PROC_BIND=close OMP_NUM_THREADS=64 BLIS_NUM_THREADS=64 srun -n1 --cpus-per-task=64 ./sgemm_mkl.x 21500 21500 21500>>sgemm_mkl_epyc_epyc006_2023-07-03_09-29-41.csv
sgemm_mkl_epyc_job_15671.out	sgemm_mkl_epyc_epyc006_2023-07-03_09-29-41.csv	epyc006	rep 1 size 21000 OMP_PLACES=cores OMP_PROC_BIND=close OMP_NUM_THREADS=64 BLIS_NUM_THREADS=64 srun -n1 --cpus-per-task=64 ./sgemm_mkl.x 21000 21000 21000>>sgemm_mkl_epyc_epyc006_2023-07-03_09-29-41.csv
sgemm_mkl_epyc_job_15671.out	sgemm_mkl_epyc_epyc006_2023-07-03_09-29-41.csv	epyc006	rep 1 size 20500 OMP_PLACES=cores OMP_PROC_BIND=close OMP_NUM_THREADS=64 BLIS_NUM_THREADS=64 srun -n1 --cpus-per-task=64 ./sgemm_mkl.x 20500 20500 20500>>sgemm_mkl_epyc_epyc006_2023-07-03_09-29-41.csv
sgemm_mkl_epyc_job_15671.out	sgemm_mkl_epyc_epyc006_2023-07-03_09-29-41.csv	epyc006	rep 1 size 20000 OMP_PLACES=cores OMP_PROC_BIND=close OMP_NUM_THREADS=64 BLIS_NUM_THREADS=64 srun -n1 --cpus-per-task=64 ./sgemm_mkl.x 20000 20000 20000>>sgemm_mkl_epyc_epyc006_2023-07-03_09-29-41.csv
sgemm_mkl_epyc_job_15671.out	sgemm_mkl_epyc_epyc006_2023-07-03_09-29-41.csv	epyc006	rep 2 size 30000 OMP_PLACES=cores OMP_PROC_BIND=close OMP_NUM_THREADS=64 BLIS_NUM_THREADS=64 srun -n1 --cpus-per-task=64 ./sgemm_mkl.x 30000 30000 30000>>sgemm_mkl_epyc_epyc006_2023-07-03_09-29-41.csv
sgemm_mkl_epyc_job_15671.out	sgemm_mkl_epyc_epyc006_2023-07-03_09-29-41.csv	epyc006	rep 2 size 29500 OMP_PLACES=cores OMP_PROC_BIND=close OMP_NUM_THREADS=64 BLIS_NUM_THREADS=64 srun -n1 --cpus-per-task=64 ./sgemm_mkl.x 29500 29500 29500>>sgemm_mkl_epyc_epyc006_2023-07-03_09-29-41.csv
sgemm_mkl_epyc_job_15671.out	sgemm_mkl_epyc_epyc006_2023-07-03_09-29-41.csv	epyc006	rep 2 size 29000 OMP_PLACES=cores OMP_PROC_BIND=close OMP_NUM_THREADS=64 BLIS_NUM_THREADS=64 srun -n1 --cpus-per-task=64 ./sgemm_mkl.x 29000 29000 29000>>sgemm_mkl_epyc_epyc006_2023-07-03_09-29-41.csv
sgemm_mkl_epyc_job_15671.out	sgemm_mkl_epyc_epyc006_2023-07-03_09-29-41.csv	epyc006	rep 2 size 28500 OMP_PLACES=cores OMP_PROC_BIND=close OMP_NUM_THREADS=64 BLIS_NUM_THREADS=64 srun -n1 --cpus-per-task=64 ./sgemm_mkl.x 28500 28500 28500>>sgemm_mkl_epyc_epyc006_2023-07-03_09-29-41.csv
sgemm_mkl_epyc_job_15671.out	sgemm_mkl_epyc_epyc006_2023-07-03_09-29-41.csv	epyc006	rep 2 size 28000 OMP_PLACES=cores OMP_PROC_BIND=close OMP_NUM_THREADS=64 BLIS_NUM_THREADS=64 srun -n1 --cpus-per-task=64 ./sgemm_mkl.x 28000 28000 28000>>sgemm_mkl_epyc_epyc006_2023-07-03_09-29-41.csv
sgemm_mkl_epyc_job_15671.out	sgemm_mkl_epyc_epyc006_2023-07-03_09-29-41.csv	epyc006	rep 2 size 27500 OMP_PLACES=cores OMP_PROC_BIND=close OMP_NUM_THREADS=64 BLIS_NUM_THREADS=64 srun -n1 --cpus-per-task=64 ./sgemm_mkl.x 27500 27500 27500>>sgemm_mkl_epyc_epyc006_2023-07-03_09-29-41.csv
sgemm_mkl_epyc_job_15671.out	sgemm_mkl_epyc_epyc006_2023-07-03_09-29-41.csv	epyc006	rep 2 size 27000 OMP_PLACES=cores OMP_PROC_BIND=close OMP_NUM_THREADS=64 BLIS_NUM_THREADS=64 srun -n1 --cpus-per-task=64 ./sgemm_mkl.x 27000 27000 27000>>sgemm_mkl_epyc_epyc006_2023-07-03_09-29-41.csv
sgemm_mkl_epyc_job_15671.out	sgemm_mkl_epyc_epyc006_2023-07-03_09-29-41.csv	epyc006	rep 2 size 26500 OMP_PLACES=cores OMP_PROC_BIND=close OMP_NUM_THREADS=64 BLIS_NUM_THREADS=64 srun -n1 --cpus-per-task=64 ./sgemm_mkl.x 26500 26500 26500>>sgemm_mkl_epyc_epyc006_2023-07-03_09-29-41.csv
sgemm_mkl_epyc_job_15671.out	sgemm_mkl_epyc_epyc006_2023-07-03_09-29-41.csv	epyc006	rep 2 size 26000 OMP_PLACES=cores OMP_PROC_BIND=close OMP_NUM_THREADS=64 BLIS_NUM_THREADS=64 srun -n1 --cpus-per-task=64 ./sgemm_mkl.x 26000 26000 26000>>sgemm_mkl_epyc_epyc006_2023-07-03_09-29-41.csv
sgemm_mkl_epyc_job_15671.out	sgemm_mkl_epyc_epyc006_2023-07-03_09-29-41.csv	epyc006	rep 2 size 25500 OMP_PLACES=cores OMP_PROC_BIND=close OMP_NUM_THREADS=64 BLIS_NUM_THREADS=64 srun -n1 --cpus-per-task=64 ./sgemm_mkl.x 25500 25500 25500>>sgemm_mkl_epyc_epyc006_2023-07-03_09-29-41.csv
sgemm_mkl_epyc_job_15671.out	sgemm_mkl_epyc_epyc006_2023-07-03_09-29-41.csv	epyc006	rep 2 size 25000 OMP_PLACES=cores OMP_PROC_BIND=close OMP_NUM_THREADS=64 BLIS_NUM_THREADS=64 srun -n1 --cpus-per-task=64 ./sgemm_mkl.x 25000 25000 25000>>sgemm_mkl_epyc_epyc006_2023-07-03_09-29-41.csv
sgemm_mkl_epyc_job_15671.out	sgemm_mkl_epyc_epyc006_2023-07-03_09-29-41.csv	epyc006	rep 2 size 24500 OMP_PLACES=cores OMP_PROC_BIND=close OMP_NUM_THREADS=64 BLIS_NUM_THREADS=64 srun -n1 --cpus-per-task=64 ./sgemm_mkl.x 24500 24500 24500>>sgemm_mkl_epyc_epyc006_2023-07-03_09-29-41.csv
sgemm_mkl_epyc_job_15671.out	sgemm_mkl_epyc_epyc006_2023-07-03_09-29-41.csv	epyc006	rep 2 size 24000 OMP_PLACES=cores OMP_PROC_BIND=close OMP_NUM_THREADS=64 BLIS_NUM_THREADS=64 srun -n1 --cpus-per-task=64 ./sgemm_mkl.x 24000 24000 24000>>sgemm_mkl_epyc_epyc006_2023-07-03_09-29-41.csv
sgemm_mkl_epyc_job_15671.out	sgemm_mkl_epyc_epyc006_2023-07-03_09-29-41.csv	epyc006	rep 2 size 23500 OMP_PLACES=cores OMP_PROC_BIND=close OMP_NUM_THREADS=64 BLIS_NUM_THREADS=64 srun -n1 --cpus-per-task=64 ./sgemm_mkl.x 23500 23500 23500>>sgemm_mkl_epyc_epyc006_2023-07-03_09-29-41.csv
sgemm_mkl_epyc_job_15671.out	sgemm_mkl_epyc_epyc006_2023-07-03_09-29-41.csv	epyc006	rep 2 size 23000 OMP_PLACES=cores OMP_PROC_BIND=close OMP_NUM_THREADS=64 BLIS_NUM_THREADS=64 srun -n1 --cpus-per-task=64 ./sgemm_mkl.x 23000 23000 23000>>sgemm_mkl_epyc_epyc006_2023-07-03_09-29-41.csv
sgemm_mkl_epyc_job_15671.out	sgemm_mkl_epyc_epyc006_2023-07-03_09-29-41.csv	epyc006	rep 2 size 22500 OMP_PLACES=cores OMP_PROC_BIND=close OMP_NUM_THREADS=64 BLIS_NUM_THREADS=64 srun -n1 --cpus-per-task=64 ./sgemm_mkl.x 22500 22500 22500>>sgemm_mkl_epyc_epyc006_2023-07-03_09-29-41.csv
sgemm_mkl_epyc_job_15671.out	sgemm_mkl_epyc_epyc006_2023-07-03_09-29-41.csv	epyc006	rep 2 size 22000 OMP_PLACES=cores OMP_PROC_BIND=close OMP_NUM_THREADS=64 BLIS_NUM_THREADS=64 srun -n1 --cpus-per-task=64 ./sgemm_mkl.x 22000 22000 22000>>sgemm_mkl_epyc_epyc006_2023-07-03_09-29-41.csv
sgemm_mkl_epyc_job_15671.out	sgemm_mkl_epyc_epyc006_2023-07-03_09-29-41.csv	epyc006	rep 2 size 21500 OMP_PLACES=cores OMP_PROC_BIND=close OMP_NUM_THREADS=64 BLIS_NUM_THREADS=64 srun -n1 --cpus-per-task=64 ./sgemm_mkl.x 21500 21500 21500>>sgemm_mkl_epyc_epyc006_2023-07-03_09-29-41.csv
sgemm_mkl_epyc_job_15671.out	sgemm_mkl_epyc_epyc006_2023-07-03_09-29-41.csv	epyc006	rep 2 size 21000 OMP_PLACES=cores OMP_PROC_BIND=close OMP_NUM_THREADS=64 BLIS_NUM_THREADS=64 srun -n1 --cpus-per-task=64 ./sgemm_mkl.x 21000 21000 21000>>sgemm_mkl_epyc_epyc006_2023-07-03_09-29-41.csv
sgemm_mkl_epyc_job_15671.out	sgemm_mkl_epyc_epyc006_2023-07-03_09-29-41.csv	epyc006	rep 2 size 20500 OMP_PLACES=cores OMP_PROC_BIND=close OMP_NUM_THREADS=64 BLIS_NUM_THREADS=64 srun -n1 --cpus-per-task=64 ./sgemm_mkl.x 20500 20500 20500>>sgemm_mkl_epyc_epyc006_2023-07-03_09-29-41.csv
sgemm_mkl_epyc_job_15671.out	sgemm_mkl_epyc_epyc006_2023-07-03_09-29-41.csv	epyc006	rep 2 size 20000 OMP_PLACES=cores OMP_PROC_BIND=close OMP_NUM_THREADS=64 BLIS_NUM_THREADS=64 srun -n1 --cpus-per-task=64 ./sgemm_mkl.x 20000 20000 20000>>sgemm_mkl_epyc_epyc006_2023-07-03_09-29-41.csv
sgemm_mkl_epyc_job_15671.out	sgemm_mkl_epyc_epyc006_2023-07-03_09-29-41.csv	epyc006	rep 3 size 30000 OMP_PLACES=cores OMP_PROC_BIND=close OMP_NUM_THREADS=64 BLIS_NUM_THREADS=64 srun -n1 --cpus-per-task=64 ./sgemm_mkl.x 30000 30000 30000>>sgemm_mkl_epyc_epyc006_2023-07-03_09-29-41.csv
sgemm_mkl_epyc_job_15671.out	sgemm_mkl_epyc_epyc006_2023-07-03_09-29-41.csv	epyc006	rep 3 size 29500 OMP_PLACES=cores OMP_PROC_BIND=close OMP_NUM_THREADS=64 BLIS_NUM_THREADS=64 srun -n1 --cpus-per-task=64 ./sgemm_mkl.x 29500 29500 29500>>sgemm_mkl_epyc_epyc006_2023-07-03_09-29-41.csv
sgemm_mkl_epyc_job_15671.out	sgemm_mkl_epyc_epyc006_2023-07-03_09-29-41.csv	epyc006	rep 3 size 29000 OMP_PLACES=cores OMP_PROC_BIND=close OMP_NUM_THREADS=64 BLIS_NUM_THREADS=64 srun -n1 --cpus-per-task=64 ./sgemm_mkl.x 29000 29000 29000>>sgemm_mkl_epyc_epyc006_2023-07-03_09-29-41.csv
sgemm_mkl_epyc_job_15671.out	sgemm_mkl_epyc_epyc006_2023-07-03_09-29-41.csv	epyc006	rep 3 size 28500 OMP_PLACES=cores OMP_PROC_BIND=close OMP_NUM_THREADS=64 BLIS_NUM_THREADS=64 srun -n1 --cpus-per-task=64 ./sgemm_mkl.x 28500 28500 28500>>sgemm_mkl_epyc_epyc006_2023-07-03_09-29-41.csv
sgemm_mkl_epyc_job_15671.out	sgemm_mkl_epyc_epyc006_2023-07-03_09-29-41.csv	epyc006	rep 3 size 28000 OMP_PLACES=cores OMP_PROC_BIND=close OMP_NUM_THREADS=64 BLIS_NUM_THREADS=64 srun -n1 --cpus-per-task=64 ./sgemm_mkl.x 28000 28000 28000>>sgemm_mkl_epyc_epyc006_2023-07-03_09-29-41.csv
sgemm_mkl_epyc_job_15671.out	sgemm_mkl_epyc_epyc006_2023-07-03_09-29-41.csv	epyc006	rep 3 size 27500 OMP_PLACES=cores OMP_PROC_BIND=close OMP_NUM_THREADS=64 BLIS_NUM_THREADS=64 srun -n1 --cpus-per-task=64 ./sgemm_mkl.x 27500 27500 27500>>sgemm_mkl_epyc_epyc006_2023-07-03_09-29-41.csv
sgemm_mkl_epyc_job_15671.out	sgemm_mkl_epyc_epyc006_2023-07-03_09-29-41.csv	epyc006	rep 3 size 27000 OMP_PLACES=cores OMP_PROC_BIND=close OMP_NUM_THREADS=64 BLIS_NUM_THREADS=64 srun -n1 --cpus-per-task=64 ./sgemm_mkl.x 27000 27000 27000>>sgemm_mkl_epyc_epyc006_2023-07-03_09-29-41.csv
sgemm_mkl_epyc_job_15671.out	sgemm_mkl_epyc_epyc006_2023-07-03_09-29-41.csv	epyc006	rep 3 size 26500 OMP_PLACES=cores OMP_PROC_BIND=close OMP_NUM_THREADS=64 BLIS_NUM_THREADS=64 srun -n1 --cpus-per-task=64 ./sgemm_mkl.x 26500 26500 26500>>sgemm_mkl_epyc_epyc006_2023-07-03_09-29-41.csv
sgemm_mkl_epyc_job_15671.out	sgemm_mkl_epyc_epyc006_2023-07-03_09-29-41.csv	epyc006	rep 3 size 26000 OMP_PLACES=cores OMP_PROC_BIND=close OMP_NUM_THREADS=64 BLIS_NUM_THREADS=64 srun -n1 --cpus-per-task=64 ./sgemm_mkl.x 26000 26000 26000>>sgemm_mkl_epyc_epyc006_2023-07-03_09-29-41.csv
sgemm_mkl_epyc_job_15671.out	sgemm_mkl_epyc_epyc006_2023-07-03_09-29-41.csv	epyc006	rep 3 size 25500 OMP_PLACES=cores OMP_PROC_BIND=close OMP_NUM_THREADS=64 BLIS_NUM_THREADS=64 srun -n1 --cpus-per-task=64 ./sgemm_mkl.x 25500 25500 25500>>sgemm_mkl_epyc_epyc006_2023-07-03_09-29-41.csv
sgemm_mkl_epyc_job_15671.out	sgemm_mkl_epyc_epyc006_2023-07-03_09-29-41.csv	epyc006	rep 3 size 25000 OMP_PLACES=cores OMP_PROC_BIND=close OMP_NUM_THREADS=64 BLIS_NUM_THREADS=64 srun -n1 --cpus-per-task=64 ./sgemm_mkl.x 25000 25000 25000>>sgemm_mkl_epyc_epyc006_2023-07-03_09-29-41.csv
sgemm_mkl_epyc_job_15671.out	sgemm_mkl_epyc_epyc006_2023-07-03_09-29-41.csv	epyc006	rep 3 size 24500 OMP_PLACES=cores OMP_PROC_BIND=close OMP_NUM_THREADS=64 BLIS_NUM_THREADS=64 srun -n1 --cpus-per-task=64 ./sgemm_mkl.x 24500 24500 24500>>sgemm_mkl_epyc_epyc006_2023-07-03_09-29-41.csv
sgemm_mkl_epyc_job_15671.out	sgemm_mkl_epyc_epyc006_2023-07-03_09-29-41.csv	epyc006	rep 3 size 24000 OMP_PLACES=cores OMP_PROC_BIND=close OMP_NUM_THREADS=64 BLIS_NUM_THREADS=64 srun -n1 --cpus-per-task=64 ./sgemm_mkl.x 24000 24000 24000>>sgemm_mkl_epyc_epyc006_2023-07-03_09-29-41.csv
sgemm_mkl_epyc_job_15671.out	sgemm_mkl_epyc_epyc006_2023-07-03_09-29-41.csv	epyc006	rep 3 size 23500 OMP_PLACES=cores OMP_PROC_BIND=close OMP_NUM_THREADS=64 BLIS_NUM_THREADS=64 srun -n1 --cpus-per-task=64 ./sgemm_mkl.x 23500 23500 23500>>sgemm_mkl_epyc_epyc006_2023-07-03_09-29-41.csv
sgemm_mkl_epyc_job_15671.out	sgemm_mkl_epyc_epyc006_2023-07-03_09-29-41.csv	epyc006	rep 3 size 23000 OMP_PLACES=cores OMP_PROC_BIND=close OMP_NUM_THREADS=64 BLIS_NUM_THREADS=64 srun -n1 --cpus-per-task=64 ./sgemm_mkl.x 23000 23000 23000>>sgemm_mkl_epyc_epyc006_2023-07-03_09-29-41.csv
sgemm_mkl_epyc_job_15671.out	sgemm_mkl_epyc_epyc006_2023-07-03_09-29-41.csv	epyc006	rep 3 size 22500 OMP_PLACES=cores OMP_PROC_BIND=close OMP_NUM_THREADS=64 BLIS_NUM_THREADS=64 srun -n1 --cpus-per-task=64 ./sgemm_mkl.x 22500 22500 22500>>sgemm_mkl_epyc_epyc006_2023-07-03_09-29-41.csv
sgemm_mkl_epyc_job_15671.out	sgemm_mkl_epyc_epyc006_2023-07-03_09-29-41.csv	epyc006	rep 3 size 22000 OMP_PLACES=cores OMP_PROC_BIND=close OMP_NUM_THREADS=64 BLIS_NUM_THREADS=64 srun -n1 --cpus-per-task=64 ./sgemm_mkl.x 22000 22000 22000>>sgemm_mkl_epyc_epyc006_2023-07-03_09-29-41.csv
sgemm_mkl_epyc_job_15671.out	sgemm_mkl_epyc_epyc006_2023-07-03_09-29-41.csv	epyc006	rep 3 size 21500 OMP_PLACES=cores OMP_PROC_BIND=close OMP_NUM_THREADS=64 BLIS_NUM_THREADS=64 srun -n1 --cpus-per-task=64 ./sgemm_mkl.x 21500 21500 21500>>sgemm_mkl_epyc_epyc006_2023-07-03_09-29-41.csv
sgemm_mkl_epyc_job_15671.out	sgemm_mkl_epyc_epyc006_2023-07-03_09-29-41.csv	epyc006	rep 3 size 21000 OMP_PLACES=cores OMP_PROC_BIND=close OMP_NUM_THREADS=64 BLIS_NUM_THREADS=64 srun -n1 --cpus-per-task=64 ./sgemm_mkl.x 21000 21000 21000>>sgemm_mkl_epyc_epyc006_2023-07-03_09-29-41.csv
sgemm_mkl_epyc_job_15671.out	sgemm_mkl_epyc_epyc006_2023-07-03_09-29-41.csv	epyc006	rep 3 size 20500 OMP_PLACES=cores OMP_PROC_BIND=close OMP_NUM_THREADS=64 BLIS_NUM_THREADS=64 srun -n1 --cpus-per-task=64 ./sgemm_mkl.x 20500 20500 20500>>sgemm_mkl_epyc_epyc006_2023-07-03_09-29-41.csv
sgemm_mkl_epyc_job_15671.out	sgemm_mkl_epyc_epyc006_2023-07-03_09-29-41.csv	epyc006	rep 3 size 20000 OMP_PLACES=cores OMP_PROC_BIND=close OMP_NUM_THREADS=64 BLIS_NUM_THREADS=64 srun -n1 --cpus-per-task=64 ./sgemm_mkl.x 20000 20000 20000>>sgemm_mkl_epyc_epyc006_2023-07-03_09-29-41.csv
sgemm_mkl_epyc_job_15671.out	sgemm_mkl_epyc_epyc006_2023-07-03_09-29-41.csv	epyc006	rep 4 size 30000 OMP_PLACES=cores OMP_PROC_BIND=close OMP_NUM_THREADS=64 BLIS_NUM_THREADS=64 srun -n1 --cpus-per-task=64 ./sgemm_mkl.x 30000 30000 30000>>sgemm_mkl_epyc_epyc006_2023-07-03_09-29-41.csv
sgemm_mkl_epyc_job_15671.out	sgemm_mkl_epyc_epyc006_2023-07-03_09-29-41.csv	epyc006	rep 4 size 29500 OMP_PLACES=cores OMP_PROC_BIND=close OMP_NUM_THREADS=64 BLIS_NUM_THREADS=64 srun -n1 --cpus-per-task=64 ./sgemm_mkl.x 29500 29500 29500>>sgemm_mkl_epyc_epyc006_2023-07-03_09-29-41.csv
sgemm_mkl_epyc_job_15671.out	sgemm_mkl_epyc_epyc006_2023-07-03_09-29-41.csv	epyc006	rep 4 size 29000 OMP_PLACES=cores OMP_PROC_BIND=close OMP_NUM_THREADS=64 BLIS_NUM_THREADS=64 srun -n1 --cpus-per-task=64 ./sgemm_mkl.x 29000 29000 29000>>sgemm_mkl_epyc_epyc006_2023-07-03_09-29-41.csv
sgemm_mkl_epyc_job_15671.out	sgemm_mkl_epyc_epyc006_2023-07-03_09-29-41.csv	epyc006	rep 4 size 28500 OMP_PLACES=cores OMP_PROC_BIND=close OMP_NUM_THREADS=64 BLIS_NUM_THREADS=64 srun -n1 --cpus-per-task=64 ./sgemm_mkl.x 28500 28500 28500>>sgemm_mkl_epyc_epyc006_2023-07-03_09-29-41.csv
sgemm_mkl_epyc_job_15671.out	sgemm_mkl_epyc_epyc006_2023-07-03_09-29-41.csv	epyc006	rep 4 size 28000 OMP_PLACES=cores OMP_PROC_BIND=close OMP_NUM_THREADS=64 BLIS_NUM_THREADS=64 srun -n1 --cpus-per-task=64 ./sgemm_mkl.x 28000 28000 28000>>sgemm_mkl_epyc_epyc006_2023-07-03_09-29-41.csv
sgemm_mkl_epyc_job_15671.out	sgemm_mkl_epyc_epyc006_2023-07-03_09-29-41.csv	epyc006	rep 4 size 27500 OMP_PLACES=cores OMP_PROC_BIND=close OMP_NUM_THREADS=64 BLIS_NUM_THREADS=64 srun -n1 --cpus-per-task=64 ./sgemm_mkl.x 27500 27500 27500>>sgemm_mkl_epyc_epyc006_2023-07-03_09-29-41.csv
sgemm_mkl_epyc_job_15671.out	sgemm_mkl_epyc_epyc006_2023-07-03_09-29-41.csv	epyc006	rep 4 size 27000 OMP_PLACES=cores OMP_PROC_BIND=close OMP_NUM_THREADS=64 BLIS_NUM_THREADS=64 srun -n1 --cpus-per-task=64 ./sgemm_mkl.x 27000 27000 27000>>sgemm_mkl_epyc_epyc006_2023-07-03_09-29-41.csv
sgemm_mkl_epyc_job_15671.out	sgemm_mkl_epyc_epyc006_2023-07-03_09-29-41.csv	epyc006	rep 4 size 26500 OMP_PLACES=cores OMP_PROC_BIND=close OMP_NUM_THREADS=64 BLIS_NUM_THREADS=64 srun -n1 --cpus-per-task=64 ./sgemm_mkl.x 26500 26500 26500>>sgemm_mkl_epyc_epyc006_2023-07-03_09-29-41.csv
sgemm_mkl_epyc_job_15671.out	sgemm_mkl_epyc_epyc006_2023-07-03_09-29-41.csv	epyc006	rep 4 size 26000 OMP_PLACES=cores OMP_PROC_BIND=close OMP_NUM_THREADS=64 BLIS_NUM_THREADS=64 srun -n1 --cpus-per-task=64 ./sgemm_mkl.x 26000 26000 26000>>sgemm_mkl_epyc_epyc006_2023-07-03_09-29-41.csv
sgemm_mkl_epyc_job_15671.out	sgemm_mkl_epyc_epyc006_2023-07-03_09-29-41.csv	epyc006	rep 4 size 25500 OMP_PLACES=cores OMP_PROC_BIND=close OMP_NUM_THREADS=64 BLIS_NUM_THREADS=64 srun -n1 --cpus-per-task=64 ./sgemm_mkl.x 25500 25500 25500>>sgemm_mkl_epyc_epyc006_2023-07-03_09-29-41.csv
sgemm_mkl_epyc_job_15671.out	sgemm_mkl_epyc_epyc006_2023-07-03_09-29-41.csv	epyc006	rep 4 size 25000 OMP_PLACES=cores OMP_PROC_BIND=close OMP_NUM_THREADS=64 BLIS_NUM_THREADS=64 srun -n1 --cpus-per-task=64 ./sgemm_mkl.x 25000 25000 25000>>sgemm_mkl_epyc_epyc006_2023-07-03_09-29-41.csv
sgemm_mkl_epyc_job_15671.out	sgemm_mkl_epyc_epyc006_2023-07-03_09-29-41.csv	epyc006	rep 4 size 24500 OMP_PLACES=cores OMP_PROC_BIND=close OMP_NUM_THREADS=64 BLIS_NUM_THREADS=64 srun -n1 --cpus-per-task=64 ./sgemm_mkl.x 24500 24500 24500>>sgemm_mkl_epyc_epyc006_2023-07-03_09-29-41.csv
sgemm_mkl_epyc_job_15671.out	sgemm_mkl_epyc_epyc006_2023-07-03_09-29-41.csv	epyc006	rep 4 size 24000 OMP_PLACES=cores OMP_PROC_BIND=close OMP_NUM_THREADS=64 BLIS_NUM_THREADS=64 srun -n1 --cpus-per-task=64 ./sgemm_mkl.x 24000 24000 24000>>sgemm_mkl_epyc_epyc006_2023-07-03_09-29-41.csv
sgemm_mkl_epyc_job_15671.out	sgemm_mkl_epyc_epyc006_2023-07-03_09-29-41.csv	epyc006	rep 4 size 23500 OMP_PLACES=cores OMP_PROC_BIND=close OMP_NUM_THREADS=64 BLIS_NUM_THREADS=64 srun -n1 --cpus-per-task=64 ./sgemm_mkl.x 23500 23500 23500>>sgemm_mkl_epyc_epyc006_2023-07-03_09-29-41.csv
sgemm_mkl_epyc_job_15671.out	sgemm_mkl_epyc_epyc006_2023-07-03_09-29-41.csv	epyc006	rep 4 size 23000 OMP_PLACES=cores OMP_PROC_BIND=close OMP_NUM_THREADS=64 BLIS_NUM_THREADS=64 srun -n1 --cpus-per-task=64 ./sgemm_mkl.x 23000 23000 23000>>sgemm_mkl_epyc_epyc006_2023-07-03_09-29-41.csv
sgemm_mkl_epyc_job_15671.out	sgemm_mkl_epyc_epyc006_2023-07-03_09-29-41.csv	epyc006	rep 4 size 22500 OMP_PLACES=cores OMP_PROC_BIND=close OMP_NUM_THREADS=64 BLIS_NUM_THREADS=64 srun -n1 --cpus-per-task=64 ./sgemm_mkl.x 22500 22500 22500>>sgemm_mkl_epyc_epyc006_2023-07-03_09-29-41.csv
sgemm_mkl_epyc_job_15671.out	sgemm_mkl_epyc_epyc006_2023-07-03_09-29-41.csv	epyc006	rep 4 size 22000 OMP_PLACES=cores OMP_PROC_BIND=close OMP_NUM_THREADS=64 BLIS_NUM_THREADS=64 srun -n1 --cpus-per-task=64 ./sgemm_mkl.x 22000 22000 22000>>sgemm_mkl_epyc_epyc006_2023-07-03_09-29-41.csv
sgemm_mkl_epyc_job_15671.out	sgemm_mkl_epyc_epyc006_2023-07-03_09-29-41.csv	epyc006	rep 4 size 21500 OMP_PLACES=cores OMP_PROC_BIND=close OMP_NUM_THREADS=64 BLIS_NUM_THREADS=64 srun -n1 --cpus-per-task=64 ./sgemm_mkl.x 21500 21500 21500>>sgemm_mkl_epyc_epyc006_2023-07-03_09-29-41.csv
sgemm_mkl_epyc_job_15671.out	sgemm_mkl_epyc_epyc006_2023-07-03_09-29-41.csv	epyc006	rep 4 size 21000 OMP_PLACES=cores OMP_PROC_BIND=close OMP_NUM_THREADS=64 BLIS_NUM_THREADS=64 srun -n1 --cpus-per-task=64 ./sgemm_mkl.x 21000 21000 21000>>sgemm_mkl_epyc_epyc006_2023-07-03_09-29-41.csv
sgemm_mkl_epyc_job_15671.out	sgemm_mkl_epyc_epyc006_2023-07-03_09-29-41.csv	epyc006	rep 4 size 20500 OMP_PLACES=cores OMP_PROC_BIND=close OMP_NUM_THREADS=64 BLIS_NUM_THREADS=64 srun -n1 --cpus-per-task=64 ./sgemm_mkl.x 20500 20500 20500>>sgemm_mkl_epyc_epyc006_2023-07-03_09-29-41.csv
sgemm_mkl_epyc_job_15671.out	sgemm_mkl_epyc_epyc006_2023-07-03_09-29-41.csv	epyc006	rep 4 size 20000 OMP_PLACES=cores OMP_PROC_BIND=close OMP_NUM_THREADS=64 BLIS_NUM_THREADS=64 srun -n1 --cpus-per-task=64 ./sgemm_mkl.x 20000 20000 20000>>sgemm_mkl_epyc_epyc006_2023-07-03_09-29-41.csv
sgemm_mkl_epyc_job_15671.out	sgemm_mkl_epyc_epyc006_2023-07-03_09-29-41.csv	epyc006	rep 5 size 30000 OMP_PLACES=cores OMP_PROC_BIND=close OMP_NUM_THREADS=64 BLIS_NUM_THREADS=64 srun -n1 --cpus-per-task=64 ./sgemm_mkl.x 30000 30000 30000>>sgemm_mkl_epyc_epyc006_2023-07-03_09-29-41.csv
sgemm_mkl_epyc_job_15671.out	sgemm_mkl_epyc_epyc006_2023-07-03_09-29-41.csv	epyc006	rep 5 size 29500 OMP_PLACES=cores OMP_PROC_BIND=close OMP_NUM_THREADS=64 BLIS_NUM_THREADS=64 srun -n1 --cpus-per-task=64 ./sgemm_mkl.x 29500 29500 29500>>sgemm_mkl_epyc_epyc006_2023-07-03_09-29-41.csv
sgemm_mkl_epyc_job_15671.out	sgemm_mkl_epyc_epyc006_2023-07-03_09-29-41.csv	epyc006	rep 5 size 29000 OMP_PLACES=cores OMP_PROC_BIND=close OMP_NUM_THREADS=64 BLIS_NUM_THREADS=64 srun -n1 --cpus-per-task=64 ./sgemm_mkl.x 29000 29000 29000>>sgemm_mkl_epyc_epyc006_2023-07-03_09-29-41.csv
sgemm_mkl_epyc_job_15671.out	sgemm_mkl_epyc_epyc006_2023-07-03_09-29-41.csv	epyc006	rep 5 size 28500 OMP_PLACES=cores OMP_PROC_BIND=close OMP_NUM_THREADS=64 BLIS_NUM_THREADS=64 srun -n1 --cpus-per-task=64 ./sgemm_mkl.x 28500 28500 28500>>sgemm_mkl_epyc_epyc006_2023-07-03_09-29-41.csv
sgemm_mkl_epyc_job_15671.out	sgemm_mkl_epyc_epyc006_2023-07-03_09-29-41.csv	epyc006	rep 5 size 28000 OMP_PLACES=cores OMP_PROC_BIND=close OMP_NUM_THREADS=64 BLIS_NUM_THREADS=64 srun -n1 --cpus-per-task=64 ./sgemm_mkl.x 28000 28000 28000>>sgemm_mkl_epyc_epyc006_2023-07-03_09-29-41.csv
sgemm_mkl_epyc_job_15671.out	sgemm_mkl_epyc_epyc006_2023-07-03_09-29-41.csv	epyc006	rep 5 size 27500 OMP_PLACES=cores OMP_PROC_BIND=close OMP_NUM_THREADS=64 BLIS_NUM_THREADS=64 srun -n1 --cpus-per-task=64 ./sgemm_mkl.x 27500 27500 27500>>sgemm_mkl_epyc_epyc006_2023-07-03_09-29-41.csv
sgemm_mkl_epyc_job_15671.out	sgemm_mkl_epyc_epyc006_2023-07-03_09-29-41.csv	epyc006	rep 5 size 27000 OMP_PLACES=cores OMP_PROC_BIND=close OMP_NUM_THREADS=64 BLIS_NUM_THREADS=64 srun -n1 --cpus-per-task=64 ./sgemm_mkl.x 27000 27000 27000>>sgemm_mkl_epyc_epyc006_2023-07-03_09-29-41.csv
sgemm_mkl_epyc_job_15671.out	sgemm_mkl_epyc_epyc006_2023-07-03_09-29-41.csv	epyc006	rep 5 size 26500 OMP_PLACES=cores OMP_PROC_BIND=close OMP_NUM_THREADS=64 BLIS_NUM_THREADS=64 srun -n1 --cpus-per-task=64 ./sgemm_mkl.x 26500 26500 26500>>sgemm_mkl_epyc_epyc006_2023-07-03_09-29-41.csv
sgemm_mkl_epyc_job_15671.out	sgemm_mkl_epyc_epyc006_2023-07-03_09-29-41.csv	epyc006	rep 5 size 26000 OMP_PLACES=cores OMP_PROC_BIND=close OMP_NUM_THREADS=64 BLIS_NUM_THREADS=64 srun -n1 --cpus-per-task=64 ./sgemm_mkl.x 26000 26000 26000>>sgemm_mkl_epyc_epyc006_2023-07-03_09-29-41.csv
sgemm_mkl_epyc_job_15671.out	sgemm_mkl_epyc_epyc006_2023-07-03_09-29-41.csv	epyc006	rep 5 size 25500 OMP_PLACES=cores OMP_PROC_BIND=close OMP_NUM_THREADS=64 BLIS_NUM_THREADS=64 srun -n1 --cpus-per-task=64 ./sgemm_mkl.x 25500 25500 25500>>sgemm_mkl_epyc_epyc006_2023-07-03_09-29-41.csv
sgemm_mkl_epyc_job_15671.out	sgemm_mkl_epyc_epyc006_2023-07-03_09-29-41.csv	epyc006	rep 5 size 25000 OMP_PLACES=cores OMP_PROC_BIND=close OMP_NUM_THREADS=64 BLIS_NUM_THREADS=64 srun -n1 --cpus-per-task=64 ./sgemm_mkl.x 25000 25000 25000>>sgemm_mkl_epyc_epyc006_2023-07-03_09-29-41.csv
sgemm_mkl_epyc_job_15671.out	sgemm_mkl_epyc_epyc006_2023-07-03_09-29-41.csv	epyc006	rep 5 size 24500 OMP_PLACES=cores OMP_PROC_BIND=close OMP_NUM_THREADS=64 BLIS_NUM_THREADS=64 srun -n1 --cpus-per-task=64 ./sgemm_mkl.x 24500 24500 24500>>sgemm_mkl_epyc_epyc006_2023-07-03_09-29-41.csv
sgemm_mkl_epyc_job_15671.out	sgemm_mkl_epyc_epyc006_2023-07-03_09-29-41.csv	epyc006	rep 5 size 24000 OMP_PLACES=cores OMP_PROC_BIND=close OMP_NUM_THREADS=64 BLIS_NUM_THREADS=64 srun -n1 --cpus-per-task=64 ./sgemm_mkl.x 24000 24000 24000>>sgemm_mkl_epyc_epyc006_2023-07-03_09-29-41.csv
sgemm_mkl_epyc_job_15671.out	sgemm_mkl_epyc_epyc006_2023-07-03_09-29-41.csv	epyc006	rep 5 size 23500 OMP_PLACES=cores OMP_PROC_BIND=close OMP_NUM_THREADS=64 BLIS_NUM_THREADS=64 srun -n1 --cpus-per-task=64 ./sgemm_mkl.x 23500 23500 23500>>sgemm_mkl_epyc_epyc006_2023-07-03_09-29-41.csv
sgemm_mkl_epyc_job_15671.out	sgemm_mkl_epyc_epyc006_2023-07-03_09-29-41.csv	epyc006	rep 5 size 23000 OMP_PLACES=cores OMP_PROC_BIND=close OMP_NUM_THREADS=64 BLIS_NUM_THREADS=64 srun -n1 --cpus-per-task=64 ./sgemm_mkl.x 23000 23000 23000>>sgemm_mkl_epyc_epyc006_2023-07-03_09-29-41.csv
sgemm_mkl_epyc_job_15671.out	sgemm_mkl_epyc_epyc006_2023-07-03_09-29-41.csv	epyc006	rep 5 size 22500 OMP_PLACES=cores OMP_PROC_BIND=close OMP_NUM_THREADS=64 BLIS_NUM_THREADS=64 srun -n1 --cpus-per-task=64 ./sgemm_mkl.x 22500 22500 22500>>sgemm_mkl_epyc_epyc006_2023-07-03_09-29-41.csv
sgemm_mkl_epyc_job_15671.out	sgemm_mkl_epyc_epyc006_2023-07-03_09-29-41.csv	epyc006	rep 5 size 22000 OMP_PLACES=cores OMP_PROC_BIND=close OMP_NUM_THREADS=64 BLIS_NUM_THREADS=64 srun -n1 --cpus-per-task=64 ./sgemm_mkl.x 22000 22000 22000>>sgemm_mkl_epyc_epyc006_2023-07-03_09-29-41.csv
sgemm_mkl_epyc_job_15671.out	sgemm_mkl_epyc_epyc006_2023-07-03_09-29-41.csv	epyc006	rep 5 size 21500 OMP_PLACES=cores OMP_PROC_BIND=close OMP_NUM_THREADS=64 BLIS_NUM_THREADS=64 srun -n1 --cpus-per-task=64 ./sgemm_mkl.x 21500 21500 21500>>sgemm_mkl_epyc_epyc006_2023-07-03_09-29-41.csv
sgemm_mkl_epyc_job_15671.out	sgemm_mkl_epyc_epyc006_2023-07-03_09-29-41.csv	epyc006	rep 5 size 21000 OMP_PLACES=cores OMP_PROC_BIND=close OMP_NUM_THREADS=64 BLIS_NUM_THREADS=64 srun -n1 --cpus-per-task=64 ./sgemm_mkl.x 21000 21000 21000>>sgemm_mkl_epyc_epyc006_2023-07-03_09-29-41.csv
sgemm_mkl_epyc_job_15671.out	sgemm_mkl_epyc_epyc006_2023-07-03_09-29-41.csv	epyc006	rep 5 size 20500 OMP_PLACES=cores OMP_PROC_BIND=close OMP_NUM_THREADS=64 BLIS_NUM_THREADS=64 srun -n1 --cpus-per-task=64 ./sgemm_mkl.x 20500 20500 20500>>sgemm_mkl_epyc_epyc006_2023-07-03_09-29-41.csv
sgemm_mkl_epyc_job_15671.out	sgemm_mkl_epyc_epyc006_2023-07-03_09-29-41.csv	epyc006	rep 5 size 20000 OMP_PLACES=cores OMP_PROC_BIND=close OMP_NUM_THREADS=64 BLIS_NUM_THREADS=64 srun -n1 --cpus-per-task=64 ./sgemm_mkl.x 20000 20000 20000>>sgemm_mkl_epyc_epyc006_2023-07-03_09-29-41.csv
sgemm_mkl_epyc_job_15671.out	sgemm_mkl_optimized_epyc_epyc006_2023-07-03_10-15-05.csv	epyc006	rep 1 size 30000 OMP_PLACES=cores OMP_PROC_BIND=close OMP_NUM_THREADS=64 BLIS_NUM_THREADS=64 srun -n1 --cpus-per-task=64 ./sgemm_mkl_optimized.x 30000 30000 30000>>sgemm_mkl_optimized_epyc_epyc006_2023-07-03_10-15-05.csv
sgemm_mkl_epyc_job_15671.out	sgemm_mkl_optimized_epyc_epyc006_2023-07-03_10-15-05.csv	epyc006	rep 1 size 29500 OMP_PLACES=cores OMP_PROC_BIND=close OMP_NUM_THREADS=64 BLIS_NUM_THREADS=64 srun -n1 --cpus-per-task=64 ./sgemm_mkl_optimized.x 29500 29500 29500>>sgemm_mkl_optimized_epyc_epyc006_2023-07-03_10-15-05.csv
sgemm_mkl_epyc_job_15671.out	sgemm_mkl_optimized_epyc_epyc006_2023-07-03_10-15-05.csv	epyc006	rep 1 size 29000 OMP_PLACES=cores OMP_PROC_BIND=close OMP_NUM_THREADS=64 BLIS_NUM_THREADS=64 srun -n1 --cpus-per-task=64 ./sgemm_mkl_optimized.x 29000 29000 29000>>sgemm_mkl_optimized_epyc_epyc006_2023-07-03_10-15-05.csv
sgemm_mkl_epyc_job_15671.out	sgemm_mkl_optimized_epyc_epyc006_2023-07-03_10-15-05.csv	epyc006	rep 1 size 28500 OMP_PLACES=cores OMP_PROC_BIND=close OMP_NUM_THREADS=64 BLIS_NUM_THREADS=64 srun -n1 --cpus-per-task=64 ./sgemm_mkl_optimized.x 28500 28500 28500>>sgemm_mkl_optimized_epyc_epyc006_2023-07-03_10-15-05.csv
sgemm_mkl_epyc_job_15671.out	sgemm_mkl_optimized_epyc_epyc006_2023-07-03_10-15-05.csv	epyc006	rep 1 size 28000 OMP_PLACES=cores OMP_PROC_BIND=close OMP_NUM_THREADS=64 BLIS_NUM_THREADS=64 srun -n1 --cpus-per-task=64 ./sgemm_mkl_optimized.x 28000 28000 28000>>sgemm_mkl_optimized_epyc_epyc006_2023-07-03_10-15-05.csv
sgemm_mkl_epyc_job_15671.out	sgemm_mkl_optimized_epyc_epyc006_2023-07-03_10-15-05.csv	epyc006	rep 1 size 27500 OMP_PLACES=cores OMP_PROC_BIND=close OMP_NUM_THREADS=64 BLIS_NUM_THREADS=64 srun -n1 --cpus-per-task=64 ./sgemm_mkl_optimized.x 27500 27500 27500>>sgemm_mkl_optimized_epyc_epyc006_2023-07-03_10-15-05.csv
slurmstepd: error: *** JOB 15671 ON epyc006 CANCELLED AT 2023-07-03T10:17:49 DUE TO TIME LIMIT ***
srun: Job step aborted: Waiting up to 32 seconds for job step to finish.
slurmstepd: error: *** STEP 15671.320 ON epyc006 CANCELLED AT 2023-07-03T10:17:49 DUE TO TIME LIMIT ***
