Loading mkl version 2022.2.1
Loading tbb version 2021.7.1
Loading compiler-rt version 2022.2.1
size scalability begin
dgemm_epyc_job_17369.out	dgemm_mkl_optimized_epyc_epyc005_2023-07-11_20-16-09.csv	epyc005	rep 1 size 30000 OMP_PLACES=cores OMP_PROC_BIND=close OMP_NUM_THREADS=128 BLIS_NUM_THREADS=128 srun -n1 --cpus-per-task=128 ./dgemm_mkl_optimized.x 30000 30000 30000>>dgemm_mkl_optimized_epyc_epyc005_2023-07-11_20-16-09.csv
dgemm_epyc_job_17369.out	dgemm_mkl_optimized_epyc_epyc005_2023-07-11_20-16-09.csv	epyc005	rep 1 size 30000 OMP_PLACES=cores OMP_PROC_BIND=close OMP_NUM_THREADS=127 BLIS_NUM_THREADS=127 srun -n1 --cpus-per-task=127 ./dgemm_mkl_optimized.x 30000 30000 30000>>dgemm_mkl_optimized_epyc_epyc005_2023-07-11_20-16-09.csv
dgemm_epyc_job_17369.out	dgemm_mkl_optimized_epyc_epyc005_2023-07-11_20-16-09.csv	epyc005	rep 1 size 30000 OMP_PLACES=cores OMP_PROC_BIND=close OMP_NUM_THREADS=126 BLIS_NUM_THREADS=126 srun -n1 --cpus-per-task=126 ./dgemm_mkl_optimized.x 30000 30000 30000>>dgemm_mkl_optimized_epyc_epyc005_2023-07-11_20-16-09.csv
dgemm_epyc_job_17369.out	dgemm_mkl_optimized_epyc_epyc005_2023-07-11_20-16-09.csv	epyc005	rep 1 size 30000 OMP_PLACES=cores OMP_PROC_BIND=close OMP_NUM_THREADS=125 BLIS_NUM_THREADS=125 srun -n1 --cpus-per-task=125 ./dgemm_mkl_optimized.x 30000 30000 30000>>dgemm_mkl_optimized_epyc_epyc005_2023-07-11_20-16-09.csv
dgemm_epyc_job_17369.out	dgemm_mkl_optimized_epyc_epyc005_2023-07-11_20-16-09.csv	epyc005	rep 1 size 30000 OMP_PLACES=cores OMP_PROC_BIND=close OMP_NUM_THREADS=124 BLIS_NUM_THREADS=124 srun -n1 --cpus-per-task=124 ./dgemm_mkl_optimized.x 30000 30000 30000>>dgemm_mkl_optimized_epyc_epyc005_2023-07-11_20-16-09.csv
dgemm_epyc_job_17369.out	dgemm_mkl_optimized_epyc_epyc005_2023-07-11_20-16-09.csv	epyc005	rep 1 size 30000 OMP_PLACES=cores OMP_PROC_BIND=close OMP_NUM_THREADS=123 BLIS_NUM_THREADS=123 srun -n1 --cpus-per-task=123 ./dgemm_mkl_optimized.x 30000 30000 30000>>dgemm_mkl_optimized_epyc_epyc005_2023-07-11_20-16-09.csv
dgemm_epyc_job_17369.out	dgemm_mkl_optimized_epyc_epyc005_2023-07-11_20-16-09.csv	epyc005	rep 1 size 30000 OMP_PLACES=cores OMP_PROC_BIND=close OMP_NUM_THREADS=122 BLIS_NUM_THREADS=122 srun -n1 --cpus-per-task=122 ./dgemm_mkl_optimized.x 30000 30000 30000>>dgemm_mkl_optimized_epyc_epyc005_2023-07-11_20-16-09.csv
dgemm_epyc_job_17369.out	dgemm_mkl_optimized_epyc_epyc005_2023-07-11_20-16-09.csv	epyc005	rep 1 size 30000 OMP_PLACES=cores OMP_PROC_BIND=close OMP_NUM_THREADS=121 BLIS_NUM_THREADS=121 srun -n1 --cpus-per-task=121 ./dgemm_mkl_optimized.x 30000 30000 30000>>dgemm_mkl_optimized_epyc_epyc005_2023-07-11_20-16-09.csv
dgemm_epyc_job_17369.out	dgemm_mkl_optimized_epyc_epyc005_2023-07-11_20-16-09.csv	epyc005	rep 1 size 30000 OMP_PLACES=cores OMP_PROC_BIND=close OMP_NUM_THREADS=120 BLIS_NUM_THREADS=120 srun -n1 --cpus-per-task=120 ./dgemm_mkl_optimized.x 30000 30000 30000>>dgemm_mkl_optimized_epyc_epyc005_2023-07-11_20-16-09.csv
dgemm_epyc_job_17369.out	dgemm_mkl_optimized_epyc_epyc005_2023-07-11_20-16-09.csv	epyc005	rep 1 size 30000 OMP_PLACES=cores OMP_PROC_BIND=close OMP_NUM_THREADS=119 BLIS_NUM_THREADS=119 srun -n1 --cpus-per-task=119 ./dgemm_mkl_optimized.x 30000 30000 30000>>dgemm_mkl_optimized_epyc_epyc005_2023-07-11_20-16-09.csv
dgemm_epyc_job_17369.out	dgemm_mkl_optimized_epyc_epyc005_2023-07-11_20-16-09.csv	epyc005	rep 1 size 30000 OMP_PLACES=cores OMP_PROC_BIND=close OMP_NUM_THREADS=118 BLIS_NUM_THREADS=118 srun -n1 --cpus-per-task=118 ./dgemm_mkl_optimized.x 30000 30000 30000>>dgemm_mkl_optimized_epyc_epyc005_2023-07-11_20-16-09.csv
dgemm_epyc_job_17369.out	dgemm_mkl_optimized_epyc_epyc005_2023-07-11_20-16-09.csv	epyc005	rep 1 size 30000 OMP_PLACES=cores OMP_PROC_BIND=close OMP_NUM_THREADS=117 BLIS_NUM_THREADS=117 srun -n1 --cpus-per-task=117 ./dgemm_mkl_optimized.x 30000 30000 30000>>dgemm_mkl_optimized_epyc_epyc005_2023-07-11_20-16-09.csv
dgemm_epyc_job_17369.out	dgemm_mkl_optimized_epyc_epyc005_2023-07-11_20-16-09.csv	epyc005	rep 1 size 30000 OMP_PLACES=cores OMP_PROC_BIND=close OMP_NUM_THREADS=116 BLIS_NUM_THREADS=116 srun -n1 --cpus-per-task=116 ./dgemm_mkl_optimized.x 30000 30000 30000>>dgemm_mkl_optimized_epyc_epyc005_2023-07-11_20-16-09.csv
dgemm_epyc_job_17369.out	dgemm_mkl_optimized_epyc_epyc005_2023-07-11_20-16-09.csv	epyc005	rep 1 size 30000 OMP_PLACES=cores OMP_PROC_BIND=close OMP_NUM_THREADS=115 BLIS_NUM_THREADS=115 srun -n1 --cpus-per-task=115 ./dgemm_mkl_optimized.x 30000 30000 30000>>dgemm_mkl_optimized_epyc_epyc005_2023-07-11_20-16-09.csv
dgemm_epyc_job_17369.out	dgemm_mkl_optimized_epyc_epyc005_2023-07-11_20-16-09.csv	epyc005	rep 1 size 30000 OMP_PLACES=cores OMP_PROC_BIND=close OMP_NUM_THREADS=114 BLIS_NUM_THREADS=114 srun -n1 --cpus-per-task=114 ./dgemm_mkl_optimized.x 30000 30000 30000>>dgemm_mkl_optimized_epyc_epyc005_2023-07-11_20-16-09.csv
dgemm_epyc_job_17369.out	dgemm_mkl_optimized_epyc_epyc005_2023-07-11_20-16-09.csv	epyc005	rep 1 size 30000 OMP_PLACES=cores OMP_PROC_BIND=close OMP_NUM_THREADS=113 BLIS_NUM_THREADS=113 srun -n1 --cpus-per-task=113 ./dgemm_mkl_optimized.x 30000 30000 30000>>dgemm_mkl_optimized_epyc_epyc005_2023-07-11_20-16-09.csv
dgemm_epyc_job_17369.out	dgemm_mkl_optimized_epyc_epyc005_2023-07-11_20-16-09.csv	epyc005	rep 1 size 30000 OMP_PLACES=cores OMP_PROC_BIND=close OMP_NUM_THREADS=112 BLIS_NUM_THREADS=112 srun -n1 --cpus-per-task=112 ./dgemm_mkl_optimized.x 30000 30000 30000>>dgemm_mkl_optimized_epyc_epyc005_2023-07-11_20-16-09.csv
dgemm_epyc_job_17369.out	dgemm_mkl_optimized_epyc_epyc005_2023-07-11_20-16-09.csv	epyc005	rep 1 size 30000 OMP_PLACES=cores OMP_PROC_BIND=close OMP_NUM_THREADS=111 BLIS_NUM_THREADS=111 srun -n1 --cpus-per-task=111 ./dgemm_mkl_optimized.x 30000 30000 30000>>dgemm_mkl_optimized_epyc_epyc005_2023-07-11_20-16-09.csv
dgemm_epyc_job_17369.out	dgemm_mkl_optimized_epyc_epyc005_2023-07-11_20-16-09.csv	epyc005	rep 1 size 30000 OMP_PLACES=cores OMP_PROC_BIND=close OMP_NUM_THREADS=110 BLIS_NUM_THREADS=110 srun -n1 --cpus-per-task=110 ./dgemm_mkl_optimized.x 30000 30000 30000>>dgemm_mkl_optimized_epyc_epyc005_2023-07-11_20-16-09.csv
dgemm_epyc_job_17369.out	dgemm_mkl_optimized_epyc_epyc005_2023-07-11_20-16-09.csv	epyc005	rep 1 size 30000 OMP_PLACES=cores OMP_PROC_BIND=close OMP_NUM_THREADS=109 BLIS_NUM_THREADS=109 srun -n1 --cpus-per-task=109 ./dgemm_mkl_optimized.x 30000 30000 30000>>dgemm_mkl_optimized_epyc_epyc005_2023-07-11_20-16-09.csv
dgemm_epyc_job_17369.out	dgemm_mkl_optimized_epyc_epyc005_2023-07-11_20-16-09.csv	epyc005	rep 1 size 30000 OMP_PLACES=cores OMP_PROC_BIND=close OMP_NUM_THREADS=108 BLIS_NUM_THREADS=108 srun -n1 --cpus-per-task=108 ./dgemm_mkl_optimized.x 30000 30000 30000>>dgemm_mkl_optimized_epyc_epyc005_2023-07-11_20-16-09.csv
dgemm_epyc_job_17369.out	dgemm_mkl_optimized_epyc_epyc005_2023-07-11_20-16-09.csv	epyc005	rep 1 size 30000 OMP_PLACES=cores OMP_PROC_BIND=close OMP_NUM_THREADS=107 BLIS_NUM_THREADS=107 srun -n1 --cpus-per-task=107 ./dgemm_mkl_optimized.x 30000 30000 30000>>dgemm_mkl_optimized_epyc_epyc005_2023-07-11_20-16-09.csv
dgemm_epyc_job_17369.out	dgemm_mkl_optimized_epyc_epyc005_2023-07-11_20-16-09.csv	epyc005	rep 1 size 30000 OMP_PLACES=cores OMP_PROC_BIND=close OMP_NUM_THREADS=106 BLIS_NUM_THREADS=106 srun -n1 --cpus-per-task=106 ./dgemm_mkl_optimized.x 30000 30000 30000>>dgemm_mkl_optimized_epyc_epyc005_2023-07-11_20-16-09.csv
dgemm_epyc_job_17369.out	dgemm_mkl_optimized_epyc_epyc005_2023-07-11_20-16-09.csv	epyc005	rep 1 size 30000 OMP_PLACES=cores OMP_PROC_BIND=close OMP_NUM_THREADS=105 BLIS_NUM_THREADS=105 srun -n1 --cpus-per-task=105 ./dgemm_mkl_optimized.x 30000 30000 30000>>dgemm_mkl_optimized_epyc_epyc005_2023-07-11_20-16-09.csv
dgemm_epyc_job_17369.out	dgemm_mkl_optimized_epyc_epyc005_2023-07-11_20-16-09.csv	epyc005	rep 1 size 30000 OMP_PLACES=cores OMP_PROC_BIND=close OMP_NUM_THREADS=104 BLIS_NUM_THREADS=104 srun -n1 --cpus-per-task=104 ./dgemm_mkl_optimized.x 30000 30000 30000>>dgemm_mkl_optimized_epyc_epyc005_2023-07-11_20-16-09.csv
dgemm_epyc_job_17369.out	dgemm_mkl_optimized_epyc_epyc005_2023-07-11_20-16-09.csv	epyc005	rep 1 size 30000 OMP_PLACES=cores OMP_PROC_BIND=close OMP_NUM_THREADS=103 BLIS_NUM_THREADS=103 srun -n1 --cpus-per-task=103 ./dgemm_mkl_optimized.x 30000 30000 30000>>dgemm_mkl_optimized_epyc_epyc005_2023-07-11_20-16-09.csv
dgemm_epyc_job_17369.out	dgemm_mkl_optimized_epyc_epyc005_2023-07-11_20-16-09.csv	epyc005	rep 1 size 30000 OMP_PLACES=cores OMP_PROC_BIND=close OMP_NUM_THREADS=102 BLIS_NUM_THREADS=102 srun -n1 --cpus-per-task=102 ./dgemm_mkl_optimized.x 30000 30000 30000>>dgemm_mkl_optimized_epyc_epyc005_2023-07-11_20-16-09.csv
dgemm_epyc_job_17369.out	dgemm_mkl_optimized_epyc_epyc005_2023-07-11_20-16-09.csv	epyc005	rep 1 size 30000 OMP_PLACES=cores OMP_PROC_BIND=close OMP_NUM_THREADS=101 BLIS_NUM_THREADS=101 srun -n1 --cpus-per-task=101 ./dgemm_mkl_optimized.x 30000 30000 30000>>dgemm_mkl_optimized_epyc_epyc005_2023-07-11_20-16-09.csv
dgemm_epyc_job_17369.out	dgemm_mkl_optimized_epyc_epyc005_2023-07-11_20-16-09.csv	epyc005	rep 1 size 30000 OMP_PLACES=cores OMP_PROC_BIND=close OMP_NUM_THREADS=100 BLIS_NUM_THREADS=100 srun -n1 --cpus-per-task=100 ./dgemm_mkl_optimized.x 30000 30000 30000>>dgemm_mkl_optimized_epyc_epyc005_2023-07-11_20-16-09.csv
dgemm_epyc_job_17369.out	dgemm_mkl_optimized_epyc_epyc005_2023-07-11_20-16-09.csv	epyc005	rep 1 size 30000 OMP_PLACES=cores OMP_PROC_BIND=close OMP_NUM_THREADS=99 BLIS_NUM_THREADS=99 srun -n1 --cpus-per-task=99 ./dgemm_mkl_optimized.x 30000 30000 30000>>dgemm_mkl_optimized_epyc_epyc005_2023-07-11_20-16-09.csv
dgemm_epyc_job_17369.out	dgemm_mkl_optimized_epyc_epyc005_2023-07-11_20-16-09.csv	epyc005	rep 1 size 30000 OMP_PLACES=cores OMP_PROC_BIND=close OMP_NUM_THREADS=98 BLIS_NUM_THREADS=98 srun -n1 --cpus-per-task=98 ./dgemm_mkl_optimized.x 30000 30000 30000>>dgemm_mkl_optimized_epyc_epyc005_2023-07-11_20-16-09.csv
dgemm_epyc_job_17369.out	dgemm_mkl_optimized_epyc_epyc005_2023-07-11_20-16-09.csv	epyc005	rep 1 size 30000 OMP_PLACES=cores OMP_PROC_BIND=close OMP_NUM_THREADS=97 BLIS_NUM_THREADS=97 srun -n1 --cpus-per-task=97 ./dgemm_mkl_optimized.x 30000 30000 30000>>dgemm_mkl_optimized_epyc_epyc005_2023-07-11_20-16-09.csv
dgemm_epyc_job_17369.out	dgemm_mkl_optimized_epyc_epyc005_2023-07-11_20-16-09.csv	epyc005	rep 1 size 30000 OMP_PLACES=cores OMP_PROC_BIND=close OMP_NUM_THREADS=96 BLIS_NUM_THREADS=96 srun -n1 --cpus-per-task=96 ./dgemm_mkl_optimized.x 30000 30000 30000>>dgemm_mkl_optimized_epyc_epyc005_2023-07-11_20-16-09.csv
dgemm_epyc_job_17369.out	dgemm_mkl_optimized_epyc_epyc005_2023-07-11_20-16-09.csv	epyc005	rep 1 size 30000 OMP_PLACES=cores OMP_PROC_BIND=close OMP_NUM_THREADS=95 BLIS_NUM_THREADS=95 srun -n1 --cpus-per-task=95 ./dgemm_mkl_optimized.x 30000 30000 30000>>dgemm_mkl_optimized_epyc_epyc005_2023-07-11_20-16-09.csv
dgemm_epyc_job_17369.out	dgemm_mkl_optimized_epyc_epyc005_2023-07-11_20-16-09.csv	epyc005	rep 1 size 30000 OMP_PLACES=cores OMP_PROC_BIND=close OMP_NUM_THREADS=94 BLIS_NUM_THREADS=94 srun -n1 --cpus-per-task=94 ./dgemm_mkl_optimized.x 30000 30000 30000>>dgemm_mkl_optimized_epyc_epyc005_2023-07-11_20-16-09.csv
dgemm_epyc_job_17369.out	dgemm_mkl_optimized_epyc_epyc005_2023-07-11_20-16-09.csv	epyc005	rep 1 size 30000 OMP_PLACES=cores OMP_PROC_BIND=close OMP_NUM_THREADS=93 BLIS_NUM_THREADS=93 srun -n1 --cpus-per-task=93 ./dgemm_mkl_optimized.x 30000 30000 30000>>dgemm_mkl_optimized_epyc_epyc005_2023-07-11_20-16-09.csv
dgemm_epyc_job_17369.out	dgemm_mkl_optimized_epyc_epyc005_2023-07-11_20-16-09.csv	epyc005	rep 1 size 30000 OMP_PLACES=cores OMP_PROC_BIND=close OMP_NUM_THREADS=92 BLIS_NUM_THREADS=92 srun -n1 --cpus-per-task=92 ./dgemm_mkl_optimized.x 30000 30000 30000>>dgemm_mkl_optimized_epyc_epyc005_2023-07-11_20-16-09.csv
dgemm_epyc_job_17369.out	dgemm_mkl_optimized_epyc_epyc005_2023-07-11_20-16-09.csv	epyc005	rep 1 size 30000 OMP_PLACES=cores OMP_PROC_BIND=close OMP_NUM_THREADS=91 BLIS_NUM_THREADS=91 srun -n1 --cpus-per-task=91 ./dgemm_mkl_optimized.x 30000 30000 30000>>dgemm_mkl_optimized_epyc_epyc005_2023-07-11_20-16-09.csv
dgemm_epyc_job_17369.out	dgemm_mkl_optimized_epyc_epyc005_2023-07-11_20-16-09.csv	epyc005	rep 1 size 30000 OMP_PLACES=cores OMP_PROC_BIND=close OMP_NUM_THREADS=90 BLIS_NUM_THREADS=90 srun -n1 --cpus-per-task=90 ./dgemm_mkl_optimized.x 30000 30000 30000>>dgemm_mkl_optimized_epyc_epyc005_2023-07-11_20-16-09.csv
dgemm_epyc_job_17369.out	dgemm_mkl_optimized_epyc_epyc005_2023-07-11_20-16-09.csv	epyc005	rep 1 size 30000 OMP_PLACES=cores OMP_PROC_BIND=close OMP_NUM_THREADS=89 BLIS_NUM_THREADS=89 srun -n1 --cpus-per-task=89 ./dgemm_mkl_optimized.x 30000 30000 30000>>dgemm_mkl_optimized_epyc_epyc005_2023-07-11_20-16-09.csv
dgemm_epyc_job_17369.out	dgemm_mkl_optimized_epyc_epyc005_2023-07-11_20-16-09.csv	epyc005	rep 1 size 30000 OMP_PLACES=cores OMP_PROC_BIND=close OMP_NUM_THREADS=88 BLIS_NUM_THREADS=88 srun -n1 --cpus-per-task=88 ./dgemm_mkl_optimized.x 30000 30000 30000>>dgemm_mkl_optimized_epyc_epyc005_2023-07-11_20-16-09.csv
dgemm_epyc_job_17369.out	dgemm_mkl_optimized_epyc_epyc005_2023-07-11_20-16-09.csv	epyc005	rep 1 size 30000 OMP_PLACES=cores OMP_PROC_BIND=close OMP_NUM_THREADS=87 BLIS_NUM_THREADS=87 srun -n1 --cpus-per-task=87 ./dgemm_mkl_optimized.x 30000 30000 30000>>dgemm_mkl_optimized_epyc_epyc005_2023-07-11_20-16-09.csv
dgemm_epyc_job_17369.out	dgemm_mkl_optimized_epyc_epyc005_2023-07-11_20-16-09.csv	epyc005	rep 1 size 30000 OMP_PLACES=cores OMP_PROC_BIND=close OMP_NUM_THREADS=86 BLIS_NUM_THREADS=86 srun -n1 --cpus-per-task=86 ./dgemm_mkl_optimized.x 30000 30000 30000>>dgemm_mkl_optimized_epyc_epyc005_2023-07-11_20-16-09.csv
dgemm_epyc_job_17369.out	dgemm_mkl_optimized_epyc_epyc005_2023-07-11_20-16-09.csv	epyc005	rep 1 size 30000 OMP_PLACES=cores OMP_PROC_BIND=close OMP_NUM_THREADS=85 BLIS_NUM_THREADS=85 srun -n1 --cpus-per-task=85 ./dgemm_mkl_optimized.x 30000 30000 30000>>dgemm_mkl_optimized_epyc_epyc005_2023-07-11_20-16-09.csv
dgemm_epyc_job_17369.out	dgemm_mkl_optimized_epyc_epyc005_2023-07-11_20-16-09.csv	epyc005	rep 1 size 30000 OMP_PLACES=cores OMP_PROC_BIND=close OMP_NUM_THREADS=84 BLIS_NUM_THREADS=84 srun -n1 --cpus-per-task=84 ./dgemm_mkl_optimized.x 30000 30000 30000>>dgemm_mkl_optimized_epyc_epyc005_2023-07-11_20-16-09.csv
dgemm_epyc_job_17369.out	dgemm_mkl_optimized_epyc_epyc005_2023-07-11_20-16-09.csv	epyc005	rep 1 size 30000 OMP_PLACES=cores OMP_PROC_BIND=close OMP_NUM_THREADS=83 BLIS_NUM_THREADS=83 srun -n1 --cpus-per-task=83 ./dgemm_mkl_optimized.x 30000 30000 30000>>dgemm_mkl_optimized_epyc_epyc005_2023-07-11_20-16-09.csv
dgemm_epyc_job_17369.out	dgemm_mkl_optimized_epyc_epyc005_2023-07-11_20-16-09.csv	epyc005	rep 1 size 30000 OMP_PLACES=cores OMP_PROC_BIND=close OMP_NUM_THREADS=82 BLIS_NUM_THREADS=82 srun -n1 --cpus-per-task=82 ./dgemm_mkl_optimized.x 30000 30000 30000>>dgemm_mkl_optimized_epyc_epyc005_2023-07-11_20-16-09.csv
dgemm_epyc_job_17369.out	dgemm_mkl_optimized_epyc_epyc005_2023-07-11_20-16-09.csv	epyc005	rep 1 size 30000 OMP_PLACES=cores OMP_PROC_BIND=close OMP_NUM_THREADS=81 BLIS_NUM_THREADS=81 srun -n1 --cpus-per-task=81 ./dgemm_mkl_optimized.x 30000 30000 30000>>dgemm_mkl_optimized_epyc_epyc005_2023-07-11_20-16-09.csv
dgemm_epyc_job_17369.out	dgemm_mkl_optimized_epyc_epyc005_2023-07-11_20-16-09.csv	epyc005	rep 1 size 30000 OMP_PLACES=cores OMP_PROC_BIND=close OMP_NUM_THREADS=80 BLIS_NUM_THREADS=80 srun -n1 --cpus-per-task=80 ./dgemm_mkl_optimized.x 30000 30000 30000>>dgemm_mkl_optimized_epyc_epyc005_2023-07-11_20-16-09.csv
dgemm_epyc_job_17369.out	dgemm_mkl_optimized_epyc_epyc005_2023-07-11_20-16-09.csv	epyc005	rep 1 size 30000 OMP_PLACES=cores OMP_PROC_BIND=close OMP_NUM_THREADS=79 BLIS_NUM_THREADS=79 srun -n1 --cpus-per-task=79 ./dgemm_mkl_optimized.x 30000 30000 30000>>dgemm_mkl_optimized_epyc_epyc005_2023-07-11_20-16-09.csv
dgemm_epyc_job_17369.out	dgemm_mkl_optimized_epyc_epyc005_2023-07-11_20-16-09.csv	epyc005	rep 1 size 30000 OMP_PLACES=cores OMP_PROC_BIND=close OMP_NUM_THREADS=78 BLIS_NUM_THREADS=78 srun -n1 --cpus-per-task=78 ./dgemm_mkl_optimized.x 30000 30000 30000>>dgemm_mkl_optimized_epyc_epyc005_2023-07-11_20-16-09.csv
dgemm_epyc_job_17369.out	dgemm_mkl_optimized_epyc_epyc005_2023-07-11_20-16-09.csv	epyc005	rep 1 size 30000 OMP_PLACES=cores OMP_PROC_BIND=close OMP_NUM_THREADS=77 BLIS_NUM_THREADS=77 srun -n1 --cpus-per-task=77 ./dgemm_mkl_optimized.x 30000 30000 30000>>dgemm_mkl_optimized_epyc_epyc005_2023-07-11_20-16-09.csv
dgemm_epyc_job_17369.out	dgemm_mkl_optimized_epyc_epyc005_2023-07-11_20-16-09.csv	epyc005	rep 1 size 30000 OMP_PLACES=cores OMP_PROC_BIND=close OMP_NUM_THREADS=76 BLIS_NUM_THREADS=76 srun -n1 --cpus-per-task=76 ./dgemm_mkl_optimized.x 30000 30000 30000>>dgemm_mkl_optimized_epyc_epyc005_2023-07-11_20-16-09.csv
dgemm_epyc_job_17369.out	dgemm_mkl_optimized_epyc_epyc005_2023-07-11_20-16-09.csv	epyc005	rep 1 size 30000 OMP_PLACES=cores OMP_PROC_BIND=close OMP_NUM_THREADS=75 BLIS_NUM_THREADS=75 srun -n1 --cpus-per-task=75 ./dgemm_mkl_optimized.x 30000 30000 30000>>dgemm_mkl_optimized_epyc_epyc005_2023-07-11_20-16-09.csv
dgemm_epyc_job_17369.out	dgemm_mkl_optimized_epyc_epyc005_2023-07-11_20-16-09.csv	epyc005	rep 1 size 30000 OMP_PLACES=cores OMP_PROC_BIND=close OMP_NUM_THREADS=74 BLIS_NUM_THREADS=74 srun -n1 --cpus-per-task=74 ./dgemm_mkl_optimized.x 30000 30000 30000>>dgemm_mkl_optimized_epyc_epyc005_2023-07-11_20-16-09.csv
dgemm_epyc_job_17369.out	dgemm_mkl_optimized_epyc_epyc005_2023-07-11_20-16-09.csv	epyc005	rep 1 size 30000 OMP_PLACES=cores OMP_PROC_BIND=close OMP_NUM_THREADS=73 BLIS_NUM_THREADS=73 srun -n1 --cpus-per-task=73 ./dgemm_mkl_optimized.x 30000 30000 30000>>dgemm_mkl_optimized_epyc_epyc005_2023-07-11_20-16-09.csv
dgemm_epyc_job_17369.out	dgemm_mkl_optimized_epyc_epyc005_2023-07-11_20-16-09.csv	epyc005	rep 1 size 30000 OMP_PLACES=cores OMP_PROC_BIND=close OMP_NUM_THREADS=72 BLIS_NUM_THREADS=72 srun -n1 --cpus-per-task=72 ./dgemm_mkl_optimized.x 30000 30000 30000>>dgemm_mkl_optimized_epyc_epyc005_2023-07-11_20-16-09.csv
dgemm_epyc_job_17369.out	dgemm_mkl_optimized_epyc_epyc005_2023-07-11_20-16-09.csv	epyc005	rep 1 size 30000 OMP_PLACES=cores OMP_PROC_BIND=close OMP_NUM_THREADS=71 BLIS_NUM_THREADS=71 srun -n1 --cpus-per-task=71 ./dgemm_mkl_optimized.x 30000 30000 30000>>dgemm_mkl_optimized_epyc_epyc005_2023-07-11_20-16-09.csv
dgemm_epyc_job_17369.out	dgemm_mkl_optimized_epyc_epyc005_2023-07-11_20-16-09.csv	epyc005	rep 1 size 30000 OMP_PLACES=cores OMP_PROC_BIND=close OMP_NUM_THREADS=70 BLIS_NUM_THREADS=70 srun -n1 --cpus-per-task=70 ./dgemm_mkl_optimized.x 30000 30000 30000>>dgemm_mkl_optimized_epyc_epyc005_2023-07-11_20-16-09.csv
dgemm_epyc_job_17369.out	dgemm_mkl_optimized_epyc_epyc005_2023-07-11_20-16-09.csv	epyc005	rep 1 size 30000 OMP_PLACES=cores OMP_PROC_BIND=close OMP_NUM_THREADS=69 BLIS_NUM_THREADS=69 srun -n1 --cpus-per-task=69 ./dgemm_mkl_optimized.x 30000 30000 30000>>dgemm_mkl_optimized_epyc_epyc005_2023-07-11_20-16-09.csv
dgemm_epyc_job_17369.out	dgemm_mkl_optimized_epyc_epyc005_2023-07-11_20-16-09.csv	epyc005	rep 1 size 30000 OMP_PLACES=cores OMP_PROC_BIND=close OMP_NUM_THREADS=68 BLIS_NUM_THREADS=68 srun -n1 --cpus-per-task=68 ./dgemm_mkl_optimized.x 30000 30000 30000>>dgemm_mkl_optimized_epyc_epyc005_2023-07-11_20-16-09.csv
dgemm_epyc_job_17369.out	dgemm_mkl_optimized_epyc_epyc005_2023-07-11_20-16-09.csv	epyc005	rep 1 size 30000 OMP_PLACES=cores OMP_PROC_BIND=close OMP_NUM_THREADS=67 BLIS_NUM_THREADS=67 srun -n1 --cpus-per-task=67 ./dgemm_mkl_optimized.x 30000 30000 30000>>dgemm_mkl_optimized_epyc_epyc005_2023-07-11_20-16-09.csv
dgemm_epyc_job_17369.out	dgemm_mkl_optimized_epyc_epyc005_2023-07-11_20-16-09.csv	epyc005	rep 1 size 30000 OMP_PLACES=cores OMP_PROC_BIND=close OMP_NUM_THREADS=66 BLIS_NUM_THREADS=66 srun -n1 --cpus-per-task=66 ./dgemm_mkl_optimized.x 30000 30000 30000>>dgemm_mkl_optimized_epyc_epyc005_2023-07-11_20-16-09.csv
dgemm_epyc_job_17369.out	dgemm_mkl_optimized_epyc_epyc005_2023-07-11_20-16-09.csv	epyc005	rep 1 size 30000 OMP_PLACES=cores OMP_PROC_BIND=close OMP_NUM_THREADS=65 BLIS_NUM_THREADS=65 srun -n1 --cpus-per-task=65 ./dgemm_mkl_optimized.x 30000 30000 30000>>dgemm_mkl_optimized_epyc_epyc005_2023-07-11_20-16-09.csv
dgemm_epyc_job_17369.out	dgemm_mkl_optimized_epyc_epyc005_2023-07-11_20-16-09.csv	epyc005	rep 1 size 30000 OMP_PLACES=cores OMP_PROC_BIND=close OMP_NUM_THREADS=64 BLIS_NUM_THREADS=64 srun -n1 --cpus-per-task=64 ./dgemm_mkl_optimized.x 30000 30000 30000>>dgemm_mkl_optimized_epyc_epyc005_2023-07-11_20-16-09.csv
dgemm_epyc_job_17369.out	dgemm_mkl_optimized_epyc_epyc005_2023-07-11_20-16-09.csv	epyc005	rep 1 size 30000 OMP_PLACES=cores OMP_PROC_BIND=close OMP_NUM_THREADS=63 BLIS_NUM_THREADS=63 srun -n1 --cpus-per-task=63 ./dgemm_mkl_optimized.x 30000 30000 30000>>dgemm_mkl_optimized_epyc_epyc005_2023-07-11_20-16-09.csv
dgemm_epyc_job_17369.out	dgemm_mkl_optimized_epyc_epyc005_2023-07-11_20-16-09.csv	epyc005	rep 1 size 30000 OMP_PLACES=cores OMP_PROC_BIND=close OMP_NUM_THREADS=62 BLIS_NUM_THREADS=62 srun -n1 --cpus-per-task=62 ./dgemm_mkl_optimized.x 30000 30000 30000>>dgemm_mkl_optimized_epyc_epyc005_2023-07-11_20-16-09.csv
dgemm_epyc_job_17369.out	dgemm_mkl_optimized_epyc_epyc005_2023-07-11_20-16-09.csv	epyc005	rep 1 size 30000 OMP_PLACES=cores OMP_PROC_BIND=close OMP_NUM_THREADS=61 BLIS_NUM_THREADS=61 srun -n1 --cpus-per-task=61 ./dgemm_mkl_optimized.x 30000 30000 30000>>dgemm_mkl_optimized_epyc_epyc005_2023-07-11_20-16-09.csv
dgemm_epyc_job_17369.out	dgemm_mkl_optimized_epyc_epyc005_2023-07-11_20-16-09.csv	epyc005	rep 1 size 30000 OMP_PLACES=cores OMP_PROC_BIND=close OMP_NUM_THREADS=60 BLIS_NUM_THREADS=60 srun -n1 --cpus-per-task=60 ./dgemm_mkl_optimized.x 30000 30000 30000>>dgemm_mkl_optimized_epyc_epyc005_2023-07-11_20-16-09.csv
dgemm_epyc_job_17369.out	dgemm_mkl_optimized_epyc_epyc005_2023-07-11_20-16-09.csv	epyc005	rep 1 size 30000 OMP_PLACES=cores OMP_PROC_BIND=close OMP_NUM_THREADS=59 BLIS_NUM_THREADS=59 srun -n1 --cpus-per-task=59 ./dgemm_mkl_optimized.x 30000 30000 30000>>dgemm_mkl_optimized_epyc_epyc005_2023-07-11_20-16-09.csv
dgemm_epyc_job_17369.out	dgemm_mkl_optimized_epyc_epyc005_2023-07-11_20-16-09.csv	epyc005	rep 1 size 30000 OMP_PLACES=cores OMP_PROC_BIND=close OMP_NUM_THREADS=58 BLIS_NUM_THREADS=58 srun -n1 --cpus-per-task=58 ./dgemm_mkl_optimized.x 30000 30000 30000>>dgemm_mkl_optimized_epyc_epyc005_2023-07-11_20-16-09.csv
dgemm_epyc_job_17369.out	dgemm_mkl_optimized_epyc_epyc005_2023-07-11_20-16-09.csv	epyc005	rep 1 size 30000 OMP_PLACES=cores OMP_PROC_BIND=close OMP_NUM_THREADS=57 BLIS_NUM_THREADS=57 srun -n1 --cpus-per-task=57 ./dgemm_mkl_optimized.x 30000 30000 30000>>dgemm_mkl_optimized_epyc_epyc005_2023-07-11_20-16-09.csv
dgemm_epyc_job_17369.out	dgemm_mkl_optimized_epyc_epyc005_2023-07-11_20-16-09.csv	epyc005	rep 1 size 30000 OMP_PLACES=cores OMP_PROC_BIND=close OMP_NUM_THREADS=56 BLIS_NUM_THREADS=56 srun -n1 --cpus-per-task=56 ./dgemm_mkl_optimized.x 30000 30000 30000>>dgemm_mkl_optimized_epyc_epyc005_2023-07-11_20-16-09.csv
dgemm_epyc_job_17369.out	dgemm_mkl_optimized_epyc_epyc005_2023-07-11_20-16-09.csv	epyc005	rep 1 size 30000 OMP_PLACES=cores OMP_PROC_BIND=close OMP_NUM_THREADS=55 BLIS_NUM_THREADS=55 srun -n1 --cpus-per-task=55 ./dgemm_mkl_optimized.x 30000 30000 30000>>dgemm_mkl_optimized_epyc_epyc005_2023-07-11_20-16-09.csv
dgemm_epyc_job_17369.out	dgemm_mkl_optimized_epyc_epyc005_2023-07-11_20-16-09.csv	epyc005	rep 1 size 30000 OMP_PLACES=cores OMP_PROC_BIND=close OMP_NUM_THREADS=54 BLIS_NUM_THREADS=54 srun -n1 --cpus-per-task=54 ./dgemm_mkl_optimized.x 30000 30000 30000>>dgemm_mkl_optimized_epyc_epyc005_2023-07-11_20-16-09.csv
dgemm_epyc_job_17369.out	dgemm_mkl_optimized_epyc_epyc005_2023-07-11_20-16-09.csv	epyc005	rep 1 size 30000 OMP_PLACES=cores OMP_PROC_BIND=close OMP_NUM_THREADS=53 BLIS_NUM_THREADS=53 srun -n1 --cpus-per-task=53 ./dgemm_mkl_optimized.x 30000 30000 30000>>dgemm_mkl_optimized_epyc_epyc005_2023-07-11_20-16-09.csv
dgemm_epyc_job_17369.out	dgemm_mkl_optimized_epyc_epyc005_2023-07-11_20-16-09.csv	epyc005	rep 1 size 30000 OMP_PLACES=cores OMP_PROC_BIND=close OMP_NUM_THREADS=52 BLIS_NUM_THREADS=52 srun -n1 --cpus-per-task=52 ./dgemm_mkl_optimized.x 30000 30000 30000>>dgemm_mkl_optimized_epyc_epyc005_2023-07-11_20-16-09.csv
dgemm_epyc_job_17369.out	dgemm_mkl_optimized_epyc_epyc005_2023-07-11_20-16-09.csv	epyc005	rep 1 size 30000 OMP_PLACES=cores OMP_PROC_BIND=close OMP_NUM_THREADS=51 BLIS_NUM_THREADS=51 srun -n1 --cpus-per-task=51 ./dgemm_mkl_optimized.x 30000 30000 30000>>dgemm_mkl_optimized_epyc_epyc005_2023-07-11_20-16-09.csv
dgemm_epyc_job_17369.out	dgemm_mkl_optimized_epyc_epyc005_2023-07-11_20-16-09.csv	epyc005	rep 1 size 30000 OMP_PLACES=cores OMP_PROC_BIND=close OMP_NUM_THREADS=50 BLIS_NUM_THREADS=50 srun -n1 --cpus-per-task=50 ./dgemm_mkl_optimized.x 30000 30000 30000>>dgemm_mkl_optimized_epyc_epyc005_2023-07-11_20-16-09.csv
dgemm_epyc_job_17369.out	dgemm_mkl_optimized_epyc_epyc005_2023-07-11_20-16-09.csv	epyc005	rep 1 size 30000 OMP_PLACES=cores OMP_PROC_BIND=close OMP_NUM_THREADS=49 BLIS_NUM_THREADS=49 srun -n1 --cpus-per-task=49 ./dgemm_mkl_optimized.x 30000 30000 30000>>dgemm_mkl_optimized_epyc_epyc005_2023-07-11_20-16-09.csv
dgemm_epyc_job_17369.out	dgemm_mkl_optimized_epyc_epyc005_2023-07-11_20-16-09.csv	epyc005	rep 1 size 30000 OMP_PLACES=cores OMP_PROC_BIND=close OMP_NUM_THREADS=48 BLIS_NUM_THREADS=48 srun -n1 --cpus-per-task=48 ./dgemm_mkl_optimized.x 30000 30000 30000>>dgemm_mkl_optimized_epyc_epyc005_2023-07-11_20-16-09.csv
dgemm_epyc_job_17369.out	dgemm_mkl_optimized_epyc_epyc005_2023-07-11_20-16-09.csv	epyc005	rep 1 size 30000 OMP_PLACES=cores OMP_PROC_BIND=close OMP_NUM_THREADS=47 BLIS_NUM_THREADS=47 srun -n1 --cpus-per-task=47 ./dgemm_mkl_optimized.x 30000 30000 30000>>dgemm_mkl_optimized_epyc_epyc005_2023-07-11_20-16-09.csv
dgemm_epyc_job_17369.out	dgemm_mkl_optimized_epyc_epyc005_2023-07-11_20-16-09.csv	epyc005	rep 1 size 30000 OMP_PLACES=cores OMP_PROC_BIND=close OMP_NUM_THREADS=46 BLIS_NUM_THREADS=46 srun -n1 --cpus-per-task=46 ./dgemm_mkl_optimized.x 30000 30000 30000>>dgemm_mkl_optimized_epyc_epyc005_2023-07-11_20-16-09.csv
dgemm_epyc_job_17369.out	dgemm_mkl_optimized_epyc_epyc005_2023-07-11_20-16-09.csv	epyc005	rep 1 size 30000 OMP_PLACES=cores OMP_PROC_BIND=close OMP_NUM_THREADS=45 BLIS_NUM_THREADS=45 srun -n1 --cpus-per-task=45 ./dgemm_mkl_optimized.x 30000 30000 30000>>dgemm_mkl_optimized_epyc_epyc005_2023-07-11_20-16-09.csv
dgemm_epyc_job_17369.out	dgemm_mkl_optimized_epyc_epyc005_2023-07-11_20-16-09.csv	epyc005	rep 1 size 30000 OMP_PLACES=cores OMP_PROC_BIND=close OMP_NUM_THREADS=44 BLIS_NUM_THREADS=44 srun -n1 --cpus-per-task=44 ./dgemm_mkl_optimized.x 30000 30000 30000>>dgemm_mkl_optimized_epyc_epyc005_2023-07-11_20-16-09.csv
dgemm_epyc_job_17369.out	dgemm_mkl_optimized_epyc_epyc005_2023-07-11_20-16-09.csv	epyc005	rep 1 size 30000 OMP_PLACES=cores OMP_PROC_BIND=close OMP_NUM_THREADS=43 BLIS_NUM_THREADS=43 srun -n1 --cpus-per-task=43 ./dgemm_mkl_optimized.x 30000 30000 30000>>dgemm_mkl_optimized_epyc_epyc005_2023-07-11_20-16-09.csv
dgemm_epyc_job_17369.out	dgemm_mkl_optimized_epyc_epyc005_2023-07-11_20-16-09.csv	epyc005	rep 1 size 30000 OMP_PLACES=cores OMP_PROC_BIND=close OMP_NUM_THREADS=42 BLIS_NUM_THREADS=42 srun -n1 --cpus-per-task=42 ./dgemm_mkl_optimized.x 30000 30000 30000>>dgemm_mkl_optimized_epyc_epyc005_2023-07-11_20-16-09.csv
dgemm_epyc_job_17369.out	dgemm_mkl_optimized_epyc_epyc005_2023-07-11_20-16-09.csv	epyc005	rep 1 size 30000 OMP_PLACES=cores OMP_PROC_BIND=close OMP_NUM_THREADS=41 BLIS_NUM_THREADS=41 srun -n1 --cpus-per-task=41 ./dgemm_mkl_optimized.x 30000 30000 30000>>dgemm_mkl_optimized_epyc_epyc005_2023-07-11_20-16-09.csv
dgemm_epyc_job_17369.out	dgemm_mkl_optimized_epyc_epyc005_2023-07-11_20-16-09.csv	epyc005	rep 1 size 30000 OMP_PLACES=cores OMP_PROC_BIND=close OMP_NUM_THREADS=40 BLIS_NUM_THREADS=40 srun -n1 --cpus-per-task=40 ./dgemm_mkl_optimized.x 30000 30000 30000>>dgemm_mkl_optimized_epyc_epyc005_2023-07-11_20-16-09.csv
dgemm_epyc_job_17369.out	dgemm_mkl_optimized_epyc_epyc005_2023-07-11_20-16-09.csv	epyc005	rep 1 size 30000 OMP_PLACES=cores OMP_PROC_BIND=close OMP_NUM_THREADS=39 BLIS_NUM_THREADS=39 srun -n1 --cpus-per-task=39 ./dgemm_mkl_optimized.x 30000 30000 30000>>dgemm_mkl_optimized_epyc_epyc005_2023-07-11_20-16-09.csv
dgemm_epyc_job_17369.out	dgemm_mkl_optimized_epyc_epyc005_2023-07-11_20-16-09.csv	epyc005	rep 1 size 30000 OMP_PLACES=cores OMP_PROC_BIND=close OMP_NUM_THREADS=38 BLIS_NUM_THREADS=38 srun -n1 --cpus-per-task=38 ./dgemm_mkl_optimized.x 30000 30000 30000>>dgemm_mkl_optimized_epyc_epyc005_2023-07-11_20-16-09.csv
dgemm_epyc_job_17369.out	dgemm_mkl_optimized_epyc_epyc005_2023-07-11_20-16-09.csv	epyc005	rep 1 size 30000 OMP_PLACES=cores OMP_PROC_BIND=close OMP_NUM_THREADS=37 BLIS_NUM_THREADS=37 srun -n1 --cpus-per-task=37 ./dgemm_mkl_optimized.x 30000 30000 30000>>dgemm_mkl_optimized_epyc_epyc005_2023-07-11_20-16-09.csv
dgemm_epyc_job_17369.out	dgemm_mkl_optimized_epyc_epyc005_2023-07-11_20-16-09.csv	epyc005	rep 1 size 30000 OMP_PLACES=cores OMP_PROC_BIND=close OMP_NUM_THREADS=36 BLIS_NUM_THREADS=36 srun -n1 --cpus-per-task=36 ./dgemm_mkl_optimized.x 30000 30000 30000>>dgemm_mkl_optimized_epyc_epyc005_2023-07-11_20-16-09.csv
dgemm_epyc_job_17369.out	dgemm_mkl_optimized_epyc_epyc005_2023-07-11_20-16-09.csv	epyc005	rep 1 size 30000 OMP_PLACES=cores OMP_PROC_BIND=close OMP_NUM_THREADS=35 BLIS_NUM_THREADS=35 srun -n1 --cpus-per-task=35 ./dgemm_mkl_optimized.x 30000 30000 30000>>dgemm_mkl_optimized_epyc_epyc005_2023-07-11_20-16-09.csv
dgemm_epyc_job_17369.out	dgemm_mkl_optimized_epyc_epyc005_2023-07-11_20-16-09.csv	epyc005	rep 1 size 30000 OMP_PLACES=cores OMP_PROC_BIND=close OMP_NUM_THREADS=34 BLIS_NUM_THREADS=34 srun -n1 --cpus-per-task=34 ./dgemm_mkl_optimized.x 30000 30000 30000>>dgemm_mkl_optimized_epyc_epyc005_2023-07-11_20-16-09.csv
dgemm_epyc_job_17369.out	dgemm_mkl_optimized_epyc_epyc005_2023-07-11_20-16-09.csv	epyc005	rep 1 size 30000 OMP_PLACES=cores OMP_PROC_BIND=close OMP_NUM_THREADS=33 BLIS_NUM_THREADS=33 srun -n1 --cpus-per-task=33 ./dgemm_mkl_optimized.x 30000 30000 30000>>dgemm_mkl_optimized_epyc_epyc005_2023-07-11_20-16-09.csv
dgemm_epyc_job_17369.out	dgemm_mkl_optimized_epyc_epyc005_2023-07-11_20-16-09.csv	epyc005	rep 1 size 30000 OMP_PLACES=cores OMP_PROC_BIND=close OMP_NUM_THREADS=32 BLIS_NUM_THREADS=32 srun -n1 --cpus-per-task=32 ./dgemm_mkl_optimized.x 30000 30000 30000>>dgemm_mkl_optimized_epyc_epyc005_2023-07-11_20-16-09.csv
dgemm_epyc_job_17369.out	dgemm_mkl_optimized_epyc_epyc005_2023-07-11_20-16-09.csv	epyc005	rep 1 size 30000 OMP_PLACES=cores OMP_PROC_BIND=close OMP_NUM_THREADS=31 BLIS_NUM_THREADS=31 srun -n1 --cpus-per-task=31 ./dgemm_mkl_optimized.x 30000 30000 30000>>dgemm_mkl_optimized_epyc_epyc005_2023-07-11_20-16-09.csv
dgemm_epyc_job_17369.out	dgemm_mkl_optimized_epyc_epyc005_2023-07-11_20-16-09.csv	epyc005	rep 1 size 30000 OMP_PLACES=cores OMP_PROC_BIND=close OMP_NUM_THREADS=30 BLIS_NUM_THREADS=30 srun -n1 --cpus-per-task=30 ./dgemm_mkl_optimized.x 30000 30000 30000>>dgemm_mkl_optimized_epyc_epyc005_2023-07-11_20-16-09.csv
dgemm_epyc_job_17369.out	dgemm_mkl_optimized_epyc_epyc005_2023-07-11_20-16-09.csv	epyc005	rep 1 size 30000 OMP_PLACES=cores OMP_PROC_BIND=close OMP_NUM_THREADS=29 BLIS_NUM_THREADS=29 srun -n1 --cpus-per-task=29 ./dgemm_mkl_optimized.x 30000 30000 30000>>dgemm_mkl_optimized_epyc_epyc005_2023-07-11_20-16-09.csv
dgemm_epyc_job_17369.out	dgemm_mkl_optimized_epyc_epyc005_2023-07-11_20-16-09.csv	epyc005	rep 1 size 30000 OMP_PLACES=cores OMP_PROC_BIND=close OMP_NUM_THREADS=28 BLIS_NUM_THREADS=28 srun -n1 --cpus-per-task=28 ./dgemm_mkl_optimized.x 30000 30000 30000>>dgemm_mkl_optimized_epyc_epyc005_2023-07-11_20-16-09.csv
dgemm_epyc_job_17369.out	dgemm_mkl_optimized_epyc_epyc005_2023-07-11_20-16-09.csv	epyc005	rep 1 size 30000 OMP_PLACES=cores OMP_PROC_BIND=close OMP_NUM_THREADS=27 BLIS_NUM_THREADS=27 srun -n1 --cpus-per-task=27 ./dgemm_mkl_optimized.x 30000 30000 30000>>dgemm_mkl_optimized_epyc_epyc005_2023-07-11_20-16-09.csv
dgemm_epyc_job_17369.out	dgemm_mkl_optimized_epyc_epyc005_2023-07-11_20-16-09.csv	epyc005	rep 1 size 30000 OMP_PLACES=cores OMP_PROC_BIND=close OMP_NUM_THREADS=26 BLIS_NUM_THREADS=26 srun -n1 --cpus-per-task=26 ./dgemm_mkl_optimized.x 30000 30000 30000>>dgemm_mkl_optimized_epyc_epyc005_2023-07-11_20-16-09.csv
dgemm_epyc_job_17369.out	dgemm_mkl_optimized_epyc_epyc005_2023-07-11_20-16-09.csv	epyc005	rep 1 size 30000 OMP_PLACES=cores OMP_PROC_BIND=close OMP_NUM_THREADS=25 BLIS_NUM_THREADS=25 srun -n1 --cpus-per-task=25 ./dgemm_mkl_optimized.x 30000 30000 30000>>dgemm_mkl_optimized_epyc_epyc005_2023-07-11_20-16-09.csv
dgemm_epyc_job_17369.out	dgemm_mkl_optimized_epyc_epyc005_2023-07-11_20-16-09.csv	epyc005	rep 1 size 30000 OMP_PLACES=cores OMP_PROC_BIND=close OMP_NUM_THREADS=24 BLIS_NUM_THREADS=24 srun -n1 --cpus-per-task=24 ./dgemm_mkl_optimized.x 30000 30000 30000>>dgemm_mkl_optimized_epyc_epyc005_2023-07-11_20-16-09.csv
dgemm_epyc_job_17369.out	dgemm_mkl_optimized_epyc_epyc005_2023-07-11_20-16-09.csv	epyc005	rep 1 size 30000 OMP_PLACES=cores OMP_PROC_BIND=close OMP_NUM_THREADS=23 BLIS_NUM_THREADS=23 srun -n1 --cpus-per-task=23 ./dgemm_mkl_optimized.x 30000 30000 30000>>dgemm_mkl_optimized_epyc_epyc005_2023-07-11_20-16-09.csv
dgemm_epyc_job_17369.out	dgemm_mkl_optimized_epyc_epyc005_2023-07-11_20-16-09.csv	epyc005	rep 1 size 30000 OMP_PLACES=cores OMP_PROC_BIND=close OMP_NUM_THREADS=22 BLIS_NUM_THREADS=22 srun -n1 --cpus-per-task=22 ./dgemm_mkl_optimized.x 30000 30000 30000>>dgemm_mkl_optimized_epyc_epyc005_2023-07-11_20-16-09.csv
dgemm_epyc_job_17369.out	dgemm_mkl_optimized_epyc_epyc005_2023-07-11_20-16-09.csv	epyc005	rep 1 size 30000 OMP_PLACES=cores OMP_PROC_BIND=close OMP_NUM_THREADS=21 BLIS_NUM_THREADS=21 srun -n1 --cpus-per-task=21 ./dgemm_mkl_optimized.x 30000 30000 30000>>dgemm_mkl_optimized_epyc_epyc005_2023-07-11_20-16-09.csv
dgemm_epyc_job_17369.out	dgemm_mkl_optimized_epyc_epyc005_2023-07-11_20-16-09.csv	epyc005	rep 1 size 30000 OMP_PLACES=cores OMP_PROC_BIND=close OMP_NUM_THREADS=20 BLIS_NUM_THREADS=20 srun -n1 --cpus-per-task=20 ./dgemm_mkl_optimized.x 30000 30000 30000>>dgemm_mkl_optimized_epyc_epyc005_2023-07-11_20-16-09.csv
dgemm_epyc_job_17369.out	dgemm_mkl_optimized_epyc_epyc005_2023-07-11_20-16-09.csv	epyc005	rep 1 size 30000 OMP_PLACES=cores OMP_PROC_BIND=close OMP_NUM_THREADS=19 BLIS_NUM_THREADS=19 srun -n1 --cpus-per-task=19 ./dgemm_mkl_optimized.x 30000 30000 30000>>dgemm_mkl_optimized_epyc_epyc005_2023-07-11_20-16-09.csv
dgemm_epyc_job_17369.out	dgemm_mkl_optimized_epyc_epyc005_2023-07-11_20-16-09.csv	epyc005	rep 1 size 30000 OMP_PLACES=cores OMP_PROC_BIND=close OMP_NUM_THREADS=18 BLIS_NUM_THREADS=18 srun -n1 --cpus-per-task=18 ./dgemm_mkl_optimized.x 30000 30000 30000>>dgemm_mkl_optimized_epyc_epyc005_2023-07-11_20-16-09.csv
dgemm_epyc_job_17369.out	dgemm_mkl_optimized_epyc_epyc005_2023-07-11_20-16-09.csv	epyc005	rep 1 size 30000 OMP_PLACES=cores OMP_PROC_BIND=close OMP_NUM_THREADS=17 BLIS_NUM_THREADS=17 srun -n1 --cpus-per-task=17 ./dgemm_mkl_optimized.x 30000 30000 30000>>dgemm_mkl_optimized_epyc_epyc005_2023-07-11_20-16-09.csv
dgemm_epyc_job_17369.out	dgemm_mkl_optimized_epyc_epyc005_2023-07-11_20-16-09.csv	epyc005	rep 1 size 30000 OMP_PLACES=cores OMP_PROC_BIND=close OMP_NUM_THREADS=16 BLIS_NUM_THREADS=16 srun -n1 --cpus-per-task=16 ./dgemm_mkl_optimized.x 30000 30000 30000>>dgemm_mkl_optimized_epyc_epyc005_2023-07-11_20-16-09.csv
dgemm_epyc_job_17369.out	dgemm_mkl_optimized_epyc_epyc005_2023-07-11_20-16-09.csv	epyc005	rep 1 size 30000 OMP_PLACES=cores OMP_PROC_BIND=close OMP_NUM_THREADS=15 BLIS_NUM_THREADS=15 srun -n1 --cpus-per-task=15 ./dgemm_mkl_optimized.x 30000 30000 30000>>dgemm_mkl_optimized_epyc_epyc005_2023-07-11_20-16-09.csv
dgemm_epyc_job_17369.out	dgemm_mkl_optimized_epyc_epyc005_2023-07-11_20-16-09.csv	epyc005	rep 1 size 30000 OMP_PLACES=cores OMP_PROC_BIND=close OMP_NUM_THREADS=14 BLIS_NUM_THREADS=14 srun -n1 --cpus-per-task=14 ./dgemm_mkl_optimized.x 30000 30000 30000>>dgemm_mkl_optimized_epyc_epyc005_2023-07-11_20-16-09.csv
dgemm_epyc_job_17369.out	dgemm_mkl_optimized_epyc_epyc005_2023-07-11_20-16-09.csv	epyc005	rep 1 size 30000 OMP_PLACES=cores OMP_PROC_BIND=close OMP_NUM_THREADS=13 BLIS_NUM_THREADS=13 srun -n1 --cpus-per-task=13 ./dgemm_mkl_optimized.x 30000 30000 30000>>dgemm_mkl_optimized_epyc_epyc005_2023-07-11_20-16-09.csv
dgemm_epyc_job_17369.out	dgemm_mkl_optimized_epyc_epyc005_2023-07-11_20-16-09.csv	epyc005	rep 1 size 30000 OMP_PLACES=cores OMP_PROC_BIND=close OMP_NUM_THREADS=12 BLIS_NUM_THREADS=12 srun -n1 --cpus-per-task=12 ./dgemm_mkl_optimized.x 30000 30000 30000>>dgemm_mkl_optimized_epyc_epyc005_2023-07-11_20-16-09.csv
dgemm_epyc_job_17369.out	dgemm_mkl_optimized_epyc_epyc005_2023-07-11_20-16-09.csv	epyc005	rep 1 size 30000 OMP_PLACES=cores OMP_PROC_BIND=close OMP_NUM_THREADS=11 BLIS_NUM_THREADS=11 srun -n1 --cpus-per-task=11 ./dgemm_mkl_optimized.x 30000 30000 30000>>dgemm_mkl_optimized_epyc_epyc005_2023-07-11_20-16-09.csv
srun: Job step aborted: Waiting up to 32 seconds for job step to finish.
slurmstepd: error: *** JOB 17369 ON epyc005 CANCELLED AT 2023-07-11T22:16:32 DUE TO TIME LIMIT ***
slurmstepd: error: *** STEP 17369.117 ON epyc005 CANCELLED AT 2023-07-11T22:16:32 DUE TO TIME LIMIT ***
