Loading mkl version 2022.2.1
Loading tbb version 2021.7.1
Loading compiler-rt version 2022.2.1
size scalability begin
dgemm_thin_job_17376.out	dgemm_oblas_optimized_thin_thin007_2023-07-11_16-17-05.csv	thin007	rep 1 size 30000 OMP_PLACES=cores OMP_PROC_BIND=close OMP_NUM_THREADS=24 BLIS_NUM_THREADS=24 srun -n1 --cpus-per-task=24 ./dgemm_oblas_optimized.x 30000 30000 30000>>dgemm_oblas_optimized_thin_thin007_2023-07-11_16-17-05.csv
dgemm_thin_job_17376.out	dgemm_oblas_optimized_thin_thin007_2023-07-11_16-17-05.csv	thin007	rep 1 size 30000 OMP_PLACES=cores OMP_PROC_BIND=close OMP_NUM_THREADS=23 BLIS_NUM_THREADS=23 srun -n1 --cpus-per-task=23 ./dgemm_oblas_optimized.x 30000 30000 30000>>dgemm_oblas_optimized_thin_thin007_2023-07-11_16-17-05.csv
dgemm_thin_job_17376.out	dgemm_oblas_optimized_thin_thin007_2023-07-11_16-17-05.csv	thin007	rep 1 size 30000 OMP_PLACES=cores OMP_PROC_BIND=close OMP_NUM_THREADS=22 BLIS_NUM_THREADS=22 srun -n1 --cpus-per-task=22 ./dgemm_oblas_optimized.x 30000 30000 30000>>dgemm_oblas_optimized_thin_thin007_2023-07-11_16-17-05.csv
dgemm_thin_job_17376.out	dgemm_oblas_optimized_thin_thin007_2023-07-11_16-17-05.csv	thin007	rep 1 size 30000 OMP_PLACES=cores OMP_PROC_BIND=close OMP_NUM_THREADS=21 BLIS_NUM_THREADS=21 srun -n1 --cpus-per-task=21 ./dgemm_oblas_optimized.x 30000 30000 30000>>dgemm_oblas_optimized_thin_thin007_2023-07-11_16-17-05.csv
dgemm_thin_job_17376.out	dgemm_oblas_optimized_thin_thin007_2023-07-11_16-17-05.csv	thin007	rep 1 size 30000 OMP_PLACES=cores OMP_PROC_BIND=close OMP_NUM_THREADS=20 BLIS_NUM_THREADS=20 srun -n1 --cpus-per-task=20 ./dgemm_oblas_optimized.x 30000 30000 30000>>dgemm_oblas_optimized_thin_thin007_2023-07-11_16-17-05.csv
dgemm_thin_job_17376.out	dgemm_oblas_optimized_thin_thin007_2023-07-11_16-17-05.csv	thin007	rep 1 size 30000 OMP_PLACES=cores OMP_PROC_BIND=close OMP_NUM_THREADS=19 BLIS_NUM_THREADS=19 srun -n1 --cpus-per-task=19 ./dgemm_oblas_optimized.x 30000 30000 30000>>dgemm_oblas_optimized_thin_thin007_2023-07-11_16-17-05.csv
dgemm_thin_job_17376.out	dgemm_oblas_optimized_thin_thin007_2023-07-11_16-17-05.csv	thin007	rep 1 size 30000 OMP_PLACES=cores OMP_PROC_BIND=close OMP_NUM_THREADS=18 BLIS_NUM_THREADS=18 srun -n1 --cpus-per-task=18 ./dgemm_oblas_optimized.x 30000 30000 30000>>dgemm_oblas_optimized_thin_thin007_2023-07-11_16-17-05.csv
dgemm_thin_job_17376.out	dgemm_oblas_optimized_thin_thin007_2023-07-11_16-17-05.csv	thin007	rep 1 size 30000 OMP_PLACES=cores OMP_PROC_BIND=close OMP_NUM_THREADS=17 BLIS_NUM_THREADS=17 srun -n1 --cpus-per-task=17 ./dgemm_oblas_optimized.x 30000 30000 30000>>dgemm_oblas_optimized_thin_thin007_2023-07-11_16-17-05.csv
dgemm_thin_job_17376.out	dgemm_oblas_optimized_thin_thin007_2023-07-11_16-17-05.csv	thin007	rep 1 size 30000 OMP_PLACES=cores OMP_PROC_BIND=close OMP_NUM_THREADS=16 BLIS_NUM_THREADS=16 srun -n1 --cpus-per-task=16 ./dgemm_oblas_optimized.x 30000 30000 30000>>dgemm_oblas_optimized_thin_thin007_2023-07-11_16-17-05.csv
dgemm_thin_job_17376.out	dgemm_oblas_optimized_thin_thin007_2023-07-11_16-17-05.csv	thin007	rep 1 size 30000 OMP_PLACES=cores OMP_PROC_BIND=close OMP_NUM_THREADS=15 BLIS_NUM_THREADS=15 srun -n1 --cpus-per-task=15 ./dgemm_oblas_optimized.x 30000 30000 30000>>dgemm_oblas_optimized_thin_thin007_2023-07-11_16-17-05.csv
dgemm_thin_job_17376.out	dgemm_oblas_optimized_thin_thin007_2023-07-11_16-17-05.csv	thin007	rep 1 size 30000 OMP_PLACES=cores OMP_PROC_BIND=close OMP_NUM_THREADS=14 BLIS_NUM_THREADS=14 srun -n1 --cpus-per-task=14 ./dgemm_oblas_optimized.x 30000 30000 30000>>dgemm_oblas_optimized_thin_thin007_2023-07-11_16-17-05.csv
dgemm_thin_job_17376.out	dgemm_oblas_optimized_thin_thin007_2023-07-11_16-17-05.csv	thin007	rep 1 size 30000 OMP_PLACES=cores OMP_PROC_BIND=close OMP_NUM_THREADS=13 BLIS_NUM_THREADS=13 srun -n1 --cpus-per-task=13 ./dgemm_oblas_optimized.x 30000 30000 30000>>dgemm_oblas_optimized_thin_thin007_2023-07-11_16-17-05.csv
dgemm_thin_job_17376.out	dgemm_oblas_optimized_thin_thin007_2023-07-11_16-17-05.csv	thin007	rep 1 size 30000 OMP_PLACES=cores OMP_PROC_BIND=close OMP_NUM_THREADS=12 BLIS_NUM_THREADS=12 srun -n1 --cpus-per-task=12 ./dgemm_oblas_optimized.x 30000 30000 30000>>dgemm_oblas_optimized_thin_thin007_2023-07-11_16-17-05.csv
dgemm_thin_job_17376.out	dgemm_oblas_optimized_thin_thin007_2023-07-11_16-17-05.csv	thin007	rep 1 size 30000 OMP_PLACES=cores OMP_PROC_BIND=close OMP_NUM_THREADS=11 BLIS_NUM_THREADS=11 srun -n1 --cpus-per-task=11 ./dgemm_oblas_optimized.x 30000 30000 30000>>dgemm_oblas_optimized_thin_thin007_2023-07-11_16-17-05.csv
dgemm_thin_job_17376.out	dgemm_oblas_optimized_thin_thin007_2023-07-11_16-17-05.csv	thin007	rep 1 size 30000 OMP_PLACES=cores OMP_PROC_BIND=close OMP_NUM_THREADS=10 BLIS_NUM_THREADS=10 srun -n1 --cpus-per-task=10 ./dgemm_oblas_optimized.x 30000 30000 30000>>dgemm_oblas_optimized_thin_thin007_2023-07-11_16-17-05.csv
dgemm_thin_job_17376.out	dgemm_oblas_optimized_thin_thin007_2023-07-11_16-17-05.csv	thin007	rep 1 size 30000 OMP_PLACES=cores OMP_PROC_BIND=close OMP_NUM_THREADS=9 BLIS_NUM_THREADS=9 srun -n1 --cpus-per-task=9 ./dgemm_oblas_optimized.x 30000 30000 30000>>dgemm_oblas_optimized_thin_thin007_2023-07-11_16-17-05.csv
dgemm_thin_job_17376.out	dgemm_oblas_optimized_thin_thin007_2023-07-11_16-17-05.csv	thin007	rep 1 size 30000 OMP_PLACES=cores OMP_PROC_BIND=close OMP_NUM_THREADS=8 BLIS_NUM_THREADS=8 srun -n1 --cpus-per-task=8 ./dgemm_oblas_optimized.x 30000 30000 30000>>dgemm_oblas_optimized_thin_thin007_2023-07-11_16-17-05.csv
dgemm_thin_job_17376.out	dgemm_oblas_optimized_thin_thin007_2023-07-11_16-17-05.csv	thin007	rep 1 size 30000 OMP_PLACES=cores OMP_PROC_BIND=close OMP_NUM_THREADS=7 BLIS_NUM_THREADS=7 srun -n1 --cpus-per-task=7 ./dgemm_oblas_optimized.x 30000 30000 30000>>dgemm_oblas_optimized_thin_thin007_2023-07-11_16-17-05.csv
dgemm_thin_job_17376.out	dgemm_oblas_optimized_thin_thin007_2023-07-11_16-17-05.csv	thin007	rep 1 size 30000 OMP_PLACES=cores OMP_PROC_BIND=close OMP_NUM_THREADS=6 BLIS_NUM_THREADS=6 srun -n1 --cpus-per-task=6 ./dgemm_oblas_optimized.x 30000 30000 30000>>dgemm_oblas_optimized_thin_thin007_2023-07-11_16-17-05.csv
dgemm_thin_job_17376.out	dgemm_oblas_optimized_thin_thin007_2023-07-11_16-17-05.csv	thin007	rep 1 size 30000 OMP_PLACES=cores OMP_PROC_BIND=close OMP_NUM_THREADS=5 BLIS_NUM_THREADS=5 srun -n1 --cpus-per-task=5 ./dgemm_oblas_optimized.x 30000 30000 30000>>dgemm_oblas_optimized_thin_thin007_2023-07-11_16-17-05.csv
dgemm_thin_job_17376.out	dgemm_oblas_optimized_thin_thin007_2023-07-11_16-17-05.csv	thin007	rep 1 size 30000 OMP_PLACES=cores OMP_PROC_BIND=close OMP_NUM_THREADS=4 BLIS_NUM_THREADS=4 srun -n1 --cpus-per-task=4 ./dgemm_oblas_optimized.x 30000 30000 30000>>dgemm_oblas_optimized_thin_thin007_2023-07-11_16-17-05.csv
dgemm_thin_job_17376.out	dgemm_oblas_optimized_thin_thin007_2023-07-11_16-17-05.csv	thin007	rep 1 size 30000 OMP_PLACES=cores OMP_PROC_BIND=close OMP_NUM_THREADS=3 BLIS_NUM_THREADS=3 srun -n1 --cpus-per-task=3 ./dgemm_oblas_optimized.x 30000 30000 30000>>dgemm_oblas_optimized_thin_thin007_2023-07-11_16-17-05.csv
dgemm_thin_job_17376.out	dgemm_oblas_optimized_thin_thin007_2023-07-11_16-17-05.csv	thin007	rep 1 size 30000 OMP_PLACES=cores OMP_PROC_BIND=close OMP_NUM_THREADS=2 BLIS_NUM_THREADS=2 srun -n1 --cpus-per-task=2 ./dgemm_oblas_optimized.x 30000 30000 30000>>dgemm_oblas_optimized_thin_thin007_2023-07-11_16-17-05.csv
dgemm_thin_job_17376.out	dgemm_oblas_optimized_thin_thin007_2023-07-11_16-17-05.csv	thin007	rep 1 size 30000 OMP_PLACES=cores OMP_PROC_BIND=close OMP_NUM_THREADS=1 BLIS_NUM_THREADS=1 srun -n1 --cpus-per-task=1 ./dgemm_oblas_optimized.x 30000 30000 30000>>dgemm_oblas_optimized_thin_thin007_2023-07-11_16-17-05.csv
dgemm_thin_job_17376.out	dgemm_oblas_optimized_thin_thin007_2023-07-11_16-17-05.csv	thin007	rep 2 size 30000 OMP_PLACES=cores OMP_PROC_BIND=close OMP_NUM_THREADS=24 BLIS_NUM_THREADS=24 srun -n1 --cpus-per-task=24 ./dgemm_oblas_optimized.x 30000 30000 30000>>dgemm_oblas_optimized_thin_thin007_2023-07-11_16-17-05.csv
dgemm_thin_job_17376.out	dgemm_oblas_optimized_thin_thin007_2023-07-11_16-17-05.csv	thin007	rep 2 size 30000 OMP_PLACES=cores OMP_PROC_BIND=close OMP_NUM_THREADS=23 BLIS_NUM_THREADS=23 srun -n1 --cpus-per-task=23 ./dgemm_oblas_optimized.x 30000 30000 30000>>dgemm_oblas_optimized_thin_thin007_2023-07-11_16-17-05.csv
dgemm_thin_job_17376.out	dgemm_oblas_optimized_thin_thin007_2023-07-11_16-17-05.csv	thin007	rep 2 size 30000 OMP_PLACES=cores OMP_PROC_BIND=close OMP_NUM_THREADS=22 BLIS_NUM_THREADS=22 srun -n1 --cpus-per-task=22 ./dgemm_oblas_optimized.x 30000 30000 30000>>dgemm_oblas_optimized_thin_thin007_2023-07-11_16-17-05.csv
dgemm_thin_job_17376.out	dgemm_oblas_optimized_thin_thin007_2023-07-11_16-17-05.csv	thin007	rep 2 size 30000 OMP_PLACES=cores OMP_PROC_BIND=close OMP_NUM_THREADS=21 BLIS_NUM_THREADS=21 srun -n1 --cpus-per-task=21 ./dgemm_oblas_optimized.x 30000 30000 30000>>dgemm_oblas_optimized_thin_thin007_2023-07-11_16-17-05.csv
dgemm_thin_job_17376.out	dgemm_oblas_optimized_thin_thin007_2023-07-11_16-17-05.csv	thin007	rep 2 size 30000 OMP_PLACES=cores OMP_PROC_BIND=close OMP_NUM_THREADS=20 BLIS_NUM_THREADS=20 srun -n1 --cpus-per-task=20 ./dgemm_oblas_optimized.x 30000 30000 30000>>dgemm_oblas_optimized_thin_thin007_2023-07-11_16-17-05.csv
dgemm_thin_job_17376.out	dgemm_oblas_optimized_thin_thin007_2023-07-11_16-17-05.csv	thin007	rep 2 size 30000 OMP_PLACES=cores OMP_PROC_BIND=close OMP_NUM_THREADS=19 BLIS_NUM_THREADS=19 srun -n1 --cpus-per-task=19 ./dgemm_oblas_optimized.x 30000 30000 30000>>dgemm_oblas_optimized_thin_thin007_2023-07-11_16-17-05.csv
dgemm_thin_job_17376.out	dgemm_oblas_optimized_thin_thin007_2023-07-11_16-17-05.csv	thin007	rep 2 size 30000 OMP_PLACES=cores OMP_PROC_BIND=close OMP_NUM_THREADS=18 BLIS_NUM_THREADS=18 srun -n1 --cpus-per-task=18 ./dgemm_oblas_optimized.x 30000 30000 30000>>dgemm_oblas_optimized_thin_thin007_2023-07-11_16-17-05.csv
dgemm_thin_job_17376.out	dgemm_oblas_optimized_thin_thin007_2023-07-11_16-17-05.csv	thin007	rep 2 size 30000 OMP_PLACES=cores OMP_PROC_BIND=close OMP_NUM_THREADS=17 BLIS_NUM_THREADS=17 srun -n1 --cpus-per-task=17 ./dgemm_oblas_optimized.x 30000 30000 30000>>dgemm_oblas_optimized_thin_thin007_2023-07-11_16-17-05.csv
dgemm_thin_job_17376.out	dgemm_oblas_optimized_thin_thin007_2023-07-11_16-17-05.csv	thin007	rep 2 size 30000 OMP_PLACES=cores OMP_PROC_BIND=close OMP_NUM_THREADS=16 BLIS_NUM_THREADS=16 srun -n1 --cpus-per-task=16 ./dgemm_oblas_optimized.x 30000 30000 30000>>dgemm_oblas_optimized_thin_thin007_2023-07-11_16-17-05.csv
dgemm_thin_job_17376.out	dgemm_oblas_optimized_thin_thin007_2023-07-11_16-17-05.csv	thin007	rep 2 size 30000 OMP_PLACES=cores OMP_PROC_BIND=close OMP_NUM_THREADS=15 BLIS_NUM_THREADS=15 srun -n1 --cpus-per-task=15 ./dgemm_oblas_optimized.x 30000 30000 30000>>dgemm_oblas_optimized_thin_thin007_2023-07-11_16-17-05.csv
dgemm_thin_job_17376.out	dgemm_oblas_optimized_thin_thin007_2023-07-11_16-17-05.csv	thin007	rep 2 size 30000 OMP_PLACES=cores OMP_PROC_BIND=close OMP_NUM_THREADS=14 BLIS_NUM_THREADS=14 srun -n1 --cpus-per-task=14 ./dgemm_oblas_optimized.x 30000 30000 30000>>dgemm_oblas_optimized_thin_thin007_2023-07-11_16-17-05.csv
dgemm_thin_job_17376.out	dgemm_oblas_optimized_thin_thin007_2023-07-11_16-17-05.csv	thin007	rep 2 size 30000 OMP_PLACES=cores OMP_PROC_BIND=close OMP_NUM_THREADS=13 BLIS_NUM_THREADS=13 srun -n1 --cpus-per-task=13 ./dgemm_oblas_optimized.x 30000 30000 30000>>dgemm_oblas_optimized_thin_thin007_2023-07-11_16-17-05.csv
dgemm_thin_job_17376.out	dgemm_oblas_optimized_thin_thin007_2023-07-11_16-17-05.csv	thin007	rep 2 size 30000 OMP_PLACES=cores OMP_PROC_BIND=close OMP_NUM_THREADS=12 BLIS_NUM_THREADS=12 srun -n1 --cpus-per-task=12 ./dgemm_oblas_optimized.x 30000 30000 30000>>dgemm_oblas_optimized_thin_thin007_2023-07-11_16-17-05.csv
dgemm_thin_job_17376.out	dgemm_oblas_optimized_thin_thin007_2023-07-11_16-17-05.csv	thin007	rep 2 size 30000 OMP_PLACES=cores OMP_PROC_BIND=close OMP_NUM_THREADS=11 BLIS_NUM_THREADS=11 srun -n1 --cpus-per-task=11 ./dgemm_oblas_optimized.x 30000 30000 30000>>dgemm_oblas_optimized_thin_thin007_2023-07-11_16-17-05.csv
dgemm_thin_job_17376.out	dgemm_oblas_optimized_thin_thin007_2023-07-11_16-17-05.csv	thin007	rep 2 size 30000 OMP_PLACES=cores OMP_PROC_BIND=close OMP_NUM_THREADS=10 BLIS_NUM_THREADS=10 srun -n1 --cpus-per-task=10 ./dgemm_oblas_optimized.x 30000 30000 30000>>dgemm_oblas_optimized_thin_thin007_2023-07-11_16-17-05.csv
dgemm_thin_job_17376.out	dgemm_oblas_optimized_thin_thin007_2023-07-11_16-17-05.csv	thin007	rep 2 size 30000 OMP_PLACES=cores OMP_PROC_BIND=close OMP_NUM_THREADS=9 BLIS_NUM_THREADS=9 srun -n1 --cpus-per-task=9 ./dgemm_oblas_optimized.x 30000 30000 30000>>dgemm_oblas_optimized_thin_thin007_2023-07-11_16-17-05.csv
dgemm_thin_job_17376.out	dgemm_oblas_optimized_thin_thin007_2023-07-11_16-17-05.csv	thin007	rep 2 size 30000 OMP_PLACES=cores OMP_PROC_BIND=close OMP_NUM_THREADS=8 BLIS_NUM_THREADS=8 srun -n1 --cpus-per-task=8 ./dgemm_oblas_optimized.x 30000 30000 30000>>dgemm_oblas_optimized_thin_thin007_2023-07-11_16-17-05.csv
dgemm_thin_job_17376.out	dgemm_oblas_optimized_thin_thin007_2023-07-11_16-17-05.csv	thin007	rep 2 size 30000 OMP_PLACES=cores OMP_PROC_BIND=close OMP_NUM_THREADS=7 BLIS_NUM_THREADS=7 srun -n1 --cpus-per-task=7 ./dgemm_oblas_optimized.x 30000 30000 30000>>dgemm_oblas_optimized_thin_thin007_2023-07-11_16-17-05.csv
dgemm_thin_job_17376.out	dgemm_oblas_optimized_thin_thin007_2023-07-11_16-17-05.csv	thin007	rep 2 size 30000 OMP_PLACES=cores OMP_PROC_BIND=close OMP_NUM_THREADS=6 BLIS_NUM_THREADS=6 srun -n1 --cpus-per-task=6 ./dgemm_oblas_optimized.x 30000 30000 30000>>dgemm_oblas_optimized_thin_thin007_2023-07-11_16-17-05.csv
dgemm_thin_job_17376.out	dgemm_oblas_optimized_thin_thin007_2023-07-11_16-17-05.csv	thin007	rep 2 size 30000 OMP_PLACES=cores OMP_PROC_BIND=close OMP_NUM_THREADS=5 BLIS_NUM_THREADS=5 srun -n1 --cpus-per-task=5 ./dgemm_oblas_optimized.x 30000 30000 30000>>dgemm_oblas_optimized_thin_thin007_2023-07-11_16-17-05.csv
dgemm_thin_job_17376.out	dgemm_oblas_optimized_thin_thin007_2023-07-11_16-17-05.csv	thin007	rep 2 size 30000 OMP_PLACES=cores OMP_PROC_BIND=close OMP_NUM_THREADS=4 BLIS_NUM_THREADS=4 srun -n1 --cpus-per-task=4 ./dgemm_oblas_optimized.x 30000 30000 30000>>dgemm_oblas_optimized_thin_thin007_2023-07-11_16-17-05.csv
dgemm_thin_job_17376.out	dgemm_oblas_optimized_thin_thin007_2023-07-11_16-17-05.csv	thin007	rep 2 size 30000 OMP_PLACES=cores OMP_PROC_BIND=close OMP_NUM_THREADS=3 BLIS_NUM_THREADS=3 srun -n1 --cpus-per-task=3 ./dgemm_oblas_optimized.x 30000 30000 30000>>dgemm_oblas_optimized_thin_thin007_2023-07-11_16-17-05.csv
dgemm_thin_job_17376.out	dgemm_oblas_optimized_thin_thin007_2023-07-11_16-17-05.csv	thin007	rep 2 size 30000 OMP_PLACES=cores OMP_PROC_BIND=close OMP_NUM_THREADS=2 BLIS_NUM_THREADS=2 srun -n1 --cpus-per-task=2 ./dgemm_oblas_optimized.x 30000 30000 30000>>dgemm_oblas_optimized_thin_thin007_2023-07-11_16-17-05.csv
dgemm_thin_job_17376.out	dgemm_oblas_optimized_thin_thin007_2023-07-11_16-17-05.csv	thin007	rep 2 size 30000 OMP_PLACES=cores OMP_PROC_BIND=close OMP_NUM_THREADS=1 BLIS_NUM_THREADS=1 srun -n1 --cpus-per-task=1 ./dgemm_oblas_optimized.x 30000 30000 30000>>dgemm_oblas_optimized_thin_thin007_2023-07-11_16-17-05.csv
dgemm_thin_job_17376.out	dgemm_oblas_optimized_thin_thin007_2023-07-11_16-17-05.csv	thin007	rep 3 size 30000 OMP_PLACES=cores OMP_PROC_BIND=close OMP_NUM_THREADS=24 BLIS_NUM_THREADS=24 srun -n1 --cpus-per-task=24 ./dgemm_oblas_optimized.x 30000 30000 30000>>dgemm_oblas_optimized_thin_thin007_2023-07-11_16-17-05.csv
dgemm_thin_job_17376.out	dgemm_oblas_optimized_thin_thin007_2023-07-11_16-17-05.csv	thin007	rep 3 size 30000 OMP_PLACES=cores OMP_PROC_BIND=close OMP_NUM_THREADS=23 BLIS_NUM_THREADS=23 srun -n1 --cpus-per-task=23 ./dgemm_oblas_optimized.x 30000 30000 30000>>dgemm_oblas_optimized_thin_thin007_2023-07-11_16-17-05.csv
dgemm_thin_job_17376.out	dgemm_oblas_optimized_thin_thin007_2023-07-11_16-17-05.csv	thin007	rep 3 size 30000 OMP_PLACES=cores OMP_PROC_BIND=close OMP_NUM_THREADS=22 BLIS_NUM_THREADS=22 srun -n1 --cpus-per-task=22 ./dgemm_oblas_optimized.x 30000 30000 30000>>dgemm_oblas_optimized_thin_thin007_2023-07-11_16-17-05.csv
srun: error: Unable to create step for job 17376: Job/step already completing or completed
dgemm_thin_job_17376.out	dgemm_oblas_optimized_thin_thin007_2023-07-11_16-17-05.csv	thin007	rep 3 size 30000 OMP_PLACES=cores OMP_PROC_BIND=close OMP_NUM_THREADS=21 BLIS_NUM_THREADS=21 srun -n1 --cpus-per-task=21 ./dgemm_oblas_optimized.x 30000 30000 30000>>dgemm_oblas_optimized_thin_thin007_2023-07-11_16-17-05.csv
srun: error: Unable to create step for job 17376: Job/step already completing or completed
dgemm_thin_job_17376.out	dgemm_oblas_optimized_thin_thin007_2023-07-11_16-17-05.csv	thin007	rep 3 size 30000 OMP_PLACES=cores OMP_PROC_BIND=close OMP_NUM_THREADS=20 BLIS_NUM_THREADS=20 srun -n1 --cpus-per-task=20 ./dgemm_oblas_optimized.x 30000 30000 30000>>dgemm_oblas_optimized_thin_thin007_2023-07-11_16-17-05.csv
srun: error: Unable to create step for job 17376: Job/step already completing or completed
dgemm_thin_job_17376.out	dgemm_oblas_optimized_thin_thin007_2023-07-11_16-17-05.csv	thin007	rep 3 size 30000 OMP_PLACES=cores OMP_PROC_BIND=close OMP_NUM_THREADS=19 BLIS_NUM_THREADS=19 srun -n1 --cpus-per-task=19 ./dgemm_oblas_optimized.x 30000 30000 30000>>dgemm_oblas_optimized_thin_thin007_2023-07-11_16-17-05.csv
srun: error: Unable to create step for job 17376: Job/step already completing or completed
dgemm_thin_job_17376.out	dgemm_oblas_optimized_thin_thin007_2023-07-11_16-17-05.csv	thin007	rep 3 size 30000 OMP_PLACES=cores OMP_PROC_BIND=close OMP_NUM_THREADS=18 BLIS_NUM_THREADS=18 srun -n1 --cpus-per-task=18 ./dgemm_oblas_optimized.x 30000 30000 30000>>dgemm_oblas_optimized_thin_thin007_2023-07-11_16-17-05.csv
srun: error: Unable to create step for job 17376: Job/step already completing or completed
dgemm_thin_job_17376.out	dgemm_oblas_optimized_thin_thin007_2023-07-11_16-17-05.csv	thin007	rep 3 size 30000 OMP_PLACES=cores OMP_PROC_BIND=close OMP_NUM_THREADS=17 BLIS_NUM_THREADS=17 srun -n1 --cpus-per-task=17 ./dgemm_oblas_optimized.x 30000 30000 30000>>dgemm_oblas_optimized_thin_thin007_2023-07-11_16-17-05.csv
srun: error: Unable to create step for job 17376: Job/step already completing or completed
dgemm_thin_job_17376.out	dgemm_oblas_optimized_thin_thin007_2023-07-11_16-17-05.csv	thin007	rep 3 size 30000 OMP_PLACES=cores OMP_PROC_BIND=close OMP_NUM_THREADS=16 BLIS_NUM_THREADS=16 srun -n1 --cpus-per-task=16 ./dgemm_oblas_optimized.x 30000 30000 30000>>dgemm_oblas_optimized_thin_thin007_2023-07-11_16-17-05.csv
srun: error: Unable to create step for job 17376: Job/step already completing or completed
dgemm_thin_job_17376.out	dgemm_oblas_optimized_thin_thin007_2023-07-11_16-17-05.csv	thin007	rep 3 size 30000 OMP_PLACES=cores OMP_PROC_BIND=close OMP_NUM_THREADS=15 BLIS_NUM_THREADS=15 srun -n1 --cpus-per-task=15 ./dgemm_oblas_optimized.x 30000 30000 30000>>dgemm_oblas_optimized_thin_thin007_2023-07-11_16-17-05.csv
srun: error: Unable to create step for job 17376: Job/step already completing or completed
dgemm_thin_job_17376.out	dgemm_oblas_optimized_thin_thin007_2023-07-11_16-17-05.csv	thin007	rep 3 size 30000 OMP_PLACES=cores OMP_PROC_BIND=close OMP_NUM_THREADS=14 BLIS_NUM_THREADS=14 srun -n1 --cpus-per-task=14 ./dgemm_oblas_optimized.x 30000 30000 30000>>dgemm_oblas_optimized_thin_thin007_2023-07-11_16-17-05.csv
srun: error: Unable to create step for job 17376: Job/step already completing or completed
dgemm_thin_job_17376.out	dgemm_oblas_optimized_thin_thin007_2023-07-11_16-17-05.csv	thin007	rep 3 size 30000 OMP_PLACES=cores OMP_PROC_BIND=close OMP_NUM_THREADS=13 BLIS_NUM_THREADS=13 srun -n1 --cpus-per-task=13 ./dgemm_oblas_optimized.x 30000 30000 30000>>dgemm_oblas_optimized_thin_thin007_2023-07-11_16-17-05.csv
srun: error: Unable to create step for job 17376: Job/step already completing or completed
dgemm_thin_job_17376.out	dgemm_oblas_optimized_thin_thin007_2023-07-11_16-17-05.csv	thin007	rep 3 size 30000 OMP_PLACES=cores OMP_PROC_BIND=close OMP_NUM_THREADS=12 BLIS_NUM_THREADS=12 srun -n1 --cpus-per-task=12 ./dgemm_oblas_optimized.x 30000 30000 30000>>dgemm_oblas_optimized_thin_thin007_2023-07-11_16-17-05.csv
srun: error: Unable to create step for job 17376: Job/step already completing or completed
dgemm_thin_job_17376.out	dgemm_oblas_optimized_thin_thin007_2023-07-11_16-17-05.csv	thin007	rep 3 size 30000 OMP_PLACES=cores OMP_PROC_BIND=close OMP_NUM_THREADS=11 BLIS_NUM_THREADS=11 srun -n1 --cpus-per-task=11 ./dgemm_oblas_optimized.x 30000 30000 30000>>dgemm_oblas_optimized_thin_thin007_2023-07-11_16-17-05.csv
srun: error: Unable to create step for job 17376: Job/step already completing or completed
dgemm_thin_job_17376.out	dgemm_oblas_optimized_thin_thin007_2023-07-11_16-17-05.csv	thin007	rep 3 size 30000 OMP_PLACES=cores OMP_PROC_BIND=close OMP_NUM_THREADS=10 BLIS_NUM_THREADS=10 srun -n1 --cpus-per-task=10 ./dgemm_oblas_optimized.x 30000 30000 30000>>dgemm_oblas_optimized_thin_thin007_2023-07-11_16-17-05.csv
srun: error: Unable to create step for job 17376: Job/step already completing or completed
dgemm_thin_job_17376.out	dgemm_oblas_optimized_thin_thin007_2023-07-11_16-17-05.csv	thin007	rep 3 size 30000 OMP_PLACES=cores OMP_PROC_BIND=close OMP_NUM_THREADS=9 BLIS_NUM_THREADS=9 srun -n1 --cpus-per-task=9 ./dgemm_oblas_optimized.x 30000 30000 30000>>dgemm_oblas_optimized_thin_thin007_2023-07-11_16-17-05.csv
srun: error: Unable to create step for job 17376: Job/step already completing or completed
dgemm_thin_job_17376.out	dgemm_oblas_optimized_thin_thin007_2023-07-11_16-17-05.csv	thin007	rep 3 size 30000 OMP_PLACES=cores OMP_PROC_BIND=close OMP_NUM_THREADS=8 BLIS_NUM_THREADS=8 srun -n1 --cpus-per-task=8 ./dgemm_oblas_optimized.x 30000 30000 30000>>dgemm_oblas_optimized_thin_thin007_2023-07-11_16-17-05.csv
srun: error: Unable to create step for job 17376: Job/step already completing or completed
dgemm_thin_job_17376.out	dgemm_oblas_optimized_thin_thin007_2023-07-11_16-17-05.csv	thin007	rep 3 size 30000 OMP_PLACES=cores OMP_PROC_BIND=close OMP_NUM_THREADS=7 BLIS_NUM_THREADS=7 srun -n1 --cpus-per-task=7 ./dgemm_oblas_optimized.x 30000 30000 30000>>dgemm_oblas_optimized_thin_thin007_2023-07-11_16-17-05.csv
srun: error: Unable to create step for job 17376: Job/step already completing or completed
dgemm_thin_job_17376.out	dgemm_oblas_optimized_thin_thin007_2023-07-11_16-17-05.csv	thin007	rep 3 size 30000 OMP_PLACES=cores OMP_PROC_BIND=close OMP_NUM_THREADS=6 BLIS_NUM_THREADS=6 srun -n1 --cpus-per-task=6 ./dgemm_oblas_optimized.x 30000 30000 30000>>dgemm_oblas_optimized_thin_thin007_2023-07-11_16-17-05.csv
srun: error: Unable to create step for job 17376: Job/step already completing or completed
dgemm_thin_job_17376.out	dgemm_oblas_optimized_thin_thin007_2023-07-11_16-17-05.csv	thin007	rep 3 size 30000 OMP_PLACES=cores OMP_PROC_BIND=close OMP_NUM_THREADS=5 BLIS_NUM_THREADS=5 srun -n1 --cpus-per-task=5 ./dgemm_oblas_optimized.x 30000 30000 30000>>dgemm_oblas_optimized_thin_thin007_2023-07-11_16-17-05.csv
srun: error: Unable to create step for job 17376: Job/step already completing or completed
dgemm_thin_job_17376.out	dgemm_oblas_optimized_thin_thin007_2023-07-11_16-17-05.csv	thin007	rep 3 size 30000 OMP_PLACES=cores OMP_PROC_BIND=close OMP_NUM_THREADS=4 BLIS_NUM_THREADS=4 srun -n1 --cpus-per-task=4 ./dgemm_oblas_optimized.x 30000 30000 30000>>dgemm_oblas_optimized_thin_thin007_2023-07-11_16-17-05.csv
srun: error: Unable to create step for job 17376: Job/step already completing or completed
dgemm_thin_job_17376.out	dgemm_oblas_optimized_thin_thin007_2023-07-11_16-17-05.csv	thin007	rep 3 size 30000 OMP_PLACES=cores OMP_PROC_BIND=close OMP_NUM_THREADS=3 BLIS_NUM_THREADS=3 srun -n1 --cpus-per-task=3 ./dgemm_oblas_optimized.x 30000 30000 30000>>dgemm_oblas_optimized_thin_thin007_2023-07-11_16-17-05.csv
srun: error: Unable to create step for job 17376: Job/step already completing or completed
dgemm_thin_job_17376.out	dgemm_oblas_optimized_thin_thin007_2023-07-11_16-17-05.csv	thin007	rep 3 size 30000 OMP_PLACES=cores OMP_PROC_BIND=close OMP_NUM_THREADS=2 BLIS_NUM_THREADS=2 srun -n1 --cpus-per-task=2 ./dgemm_oblas_optimized.x 30000 30000 30000>>dgemm_oblas_optimized_thin_thin007_2023-07-11_16-17-05.csv
srun: error: Unable to create step for job 17376: Job/step already completing or completed
dgemm_thin_job_17376.out	dgemm_oblas_optimized_thin_thin007_2023-07-11_16-17-05.csv	thin007	rep 3 size 30000 OMP_PLACES=cores OMP_PROC_BIND=close OMP_NUM_THREADS=1 BLIS_NUM_THREADS=1 srun -n1 --cpus-per-task=1 ./dgemm_oblas_optimized.x 30000 30000 30000>>dgemm_oblas_optimized_thin_thin007_2023-07-11_16-17-05.csv
srun: error: Unable to create step for job 17376: Job/step already completing or completed
dgemm_thin_job_17376.out	dgemm_oblas_optimized_thin_thin007_2023-07-11_16-17-05.csv	thin007	rep 4 size 30000 OMP_PLACES=cores OMP_PROC_BIND=close OMP_NUM_THREADS=24 BLIS_NUM_THREADS=24 srun -n1 --cpus-per-task=24 ./dgemm_oblas_optimized.x 30000 30000 30000>>dgemm_oblas_optimized_thin_thin007_2023-07-11_16-17-05.csv
srun: error: Unable to create step for job 17376: Job/step already completing or completed
dgemm_thin_job_17376.out	dgemm_oblas_optimized_thin_thin007_2023-07-11_16-17-05.csv	thin007	rep 4 size 30000 OMP_PLACES=cores OMP_PROC_BIND=close OMP_NUM_THREADS=23 BLIS_NUM_THREADS=23 srun -n1 --cpus-per-task=23 ./dgemm_oblas_optimized.x 30000 30000 30000>>dgemm_oblas_optimized_thin_thin007_2023-07-11_16-17-05.csv
srun: error: Unable to create step for job 17376: Job/step already completing or completed
dgemm_thin_job_17376.out	dgemm_oblas_optimized_thin_thin007_2023-07-11_16-17-05.csv	thin007	rep 4 size 30000 OMP_PLACES=cores OMP_PROC_BIND=close OMP_NUM_THREADS=22 BLIS_NUM_THREADS=22 srun -n1 --cpus-per-task=22 ./dgemm_oblas_optimized.x 30000 30000 30000>>dgemm_oblas_optimized_thin_thin007_2023-07-11_16-17-05.csv
srun: error: Unable to create step for job 17376: Job/step already completing or completed
dgemm_thin_job_17376.out	dgemm_oblas_optimized_thin_thin007_2023-07-11_16-17-05.csv	thin007	rep 4 size 30000 OMP_PLACES=cores OMP_PROC_BIND=close OMP_NUM_THREADS=21 BLIS_NUM_THREADS=21 srun -n1 --cpus-per-task=21 ./dgemm_oblas_optimized.x 30000 30000 30000>>dgemm_oblas_optimized_thin_thin007_2023-07-11_16-17-05.csv
srun: error: Unable to create step for job 17376: Job/step already completing or completed
dgemm_thin_job_17376.out	dgemm_oblas_optimized_thin_thin007_2023-07-11_16-17-05.csv	thin007	rep 4 size 30000 OMP_PLACES=cores OMP_PROC_BIND=close OMP_NUM_THREADS=20 BLIS_NUM_THREADS=20 srun -n1 --cpus-per-task=20 ./dgemm_oblas_optimized.x 30000 30000 30000>>dgemm_oblas_optimized_thin_thin007_2023-07-11_16-17-05.csv
srun: error: Unable to create step for job 17376: Job/step already completing or completed
dgemm_thin_job_17376.out	dgemm_oblas_optimized_thin_thin007_2023-07-11_16-17-05.csv	thin007	rep 4 size 30000 OMP_PLACES=cores OMP_PROC_BIND=close OMP_NUM_THREADS=19 BLIS_NUM_THREADS=19 srun -n1 --cpus-per-task=19 ./dgemm_oblas_optimized.x 30000 30000 30000>>dgemm_oblas_optimized_thin_thin007_2023-07-11_16-17-05.csv
srun: error: Unable to create step for job 17376: Job/step already completing or completed
dgemm_thin_job_17376.out	dgemm_oblas_optimized_thin_thin007_2023-07-11_16-17-05.csv	thin007	rep 4 size 30000 OMP_PLACES=cores OMP_PROC_BIND=close OMP_NUM_THREADS=18 BLIS_NUM_THREADS=18 srun -n1 --cpus-per-task=18 ./dgemm_oblas_optimized.x 30000 30000 30000>>dgemm_oblas_optimized_thin_thin007_2023-07-11_16-17-05.csv
srun: error: Unable to create step for job 17376: Job/step already completing or completed
dgemm_thin_job_17376.out	dgemm_oblas_optimized_thin_thin007_2023-07-11_16-17-05.csv	thin007	rep 4 size 30000 OMP_PLACES=cores OMP_PROC_BIND=close OMP_NUM_THREADS=17 BLIS_NUM_THREADS=17 srun -n1 --cpus-per-task=17 ./dgemm_oblas_optimized.x 30000 30000 30000>>dgemm_oblas_optimized_thin_thin007_2023-07-11_16-17-05.csv
srun: error: Unable to create step for job 17376: Job/step already completing or completed
dgemm_thin_job_17376.out	dgemm_oblas_optimized_thin_thin007_2023-07-11_16-17-05.csv	thin007	rep 4 size 30000 OMP_PLACES=cores OMP_PROC_BIND=close OMP_NUM_THREADS=16 BLIS_NUM_THREADS=16 srun -n1 --cpus-per-task=16 ./dgemm_oblas_optimized.x 30000 30000 30000>>dgemm_oblas_optimized_thin_thin007_2023-07-11_16-17-05.csv
srun: error: Unable to create step for job 17376: Job/step already completing or completed
dgemm_thin_job_17376.out	dgemm_oblas_optimized_thin_thin007_2023-07-11_16-17-05.csv	thin007	rep 4 size 30000 OMP_PLACES=cores OMP_PROC_BIND=close OMP_NUM_THREADS=15 BLIS_NUM_THREADS=15 srun -n1 --cpus-per-task=15 ./dgemm_oblas_optimized.x 30000 30000 30000>>dgemm_oblas_optimized_thin_thin007_2023-07-11_16-17-05.csv
srun: error: Unable to create step for job 17376: Job/step already completing or completed
dgemm_thin_job_17376.out	dgemm_oblas_optimized_thin_thin007_2023-07-11_16-17-05.csv	thin007	rep 4 size 30000 OMP_PLACES=cores OMP_PROC_BIND=close OMP_NUM_THREADS=14 BLIS_NUM_THREADS=14 srun -n1 --cpus-per-task=14 ./dgemm_oblas_optimized.x 30000 30000 30000>>dgemm_oblas_optimized_thin_thin007_2023-07-11_16-17-05.csv
srun: error: Unable to create step for job 17376: Job/step already completing or completed
dgemm_thin_job_17376.out	dgemm_oblas_optimized_thin_thin007_2023-07-11_16-17-05.csv	thin007	rep 4 size 30000 OMP_PLACES=cores OMP_PROC_BIND=close OMP_NUM_THREADS=13 BLIS_NUM_THREADS=13 srun -n1 --cpus-per-task=13 ./dgemm_oblas_optimized.x 30000 30000 30000>>dgemm_oblas_optimized_thin_thin007_2023-07-11_16-17-05.csv
srun: error: Unable to create step for job 17376: Job/step already completing or completed
dgemm_thin_job_17376.out	dgemm_oblas_optimized_thin_thin007_2023-07-11_16-17-05.csv	thin007	rep 4 size 30000 OMP_PLACES=cores OMP_PROC_BIND=close OMP_NUM_THREADS=12 BLIS_NUM_THREADS=12 srun -n1 --cpus-per-task=12 ./dgemm_oblas_optimized.x 30000 30000 30000>>dgemm_oblas_optimized_thin_thin007_2023-07-11_16-17-05.csv
srun: error: Unable to create step for job 17376: Job/step already completing or completed
dgemm_thin_job_17376.out	dgemm_oblas_optimized_thin_thin007_2023-07-11_16-17-05.csv	thin007	rep 4 size 30000 OMP_PLACES=cores OMP_PROC_BIND=close OMP_NUM_THREADS=11 BLIS_NUM_THREADS=11 srun -n1 --cpus-per-task=11 ./dgemm_oblas_optimized.x 30000 30000 30000>>dgemm_oblas_optimized_thin_thin007_2023-07-11_16-17-05.csv
srun: error: Unable to create step for job 17376: Job/step already completing or completed
dgemm_thin_job_17376.out	dgemm_oblas_optimized_thin_thin007_2023-07-11_16-17-05.csv	thin007	rep 4 size 30000 OMP_PLACES=cores OMP_PROC_BIND=close OMP_NUM_THREADS=10 BLIS_NUM_THREADS=10 srun -n1 --cpus-per-task=10 ./dgemm_oblas_optimized.x 30000 30000 30000>>dgemm_oblas_optimized_thin_thin007_2023-07-11_16-17-05.csv
srun: error: Unable to create step for job 17376: Job/step already completing or completed
dgemm_thin_job_17376.out	dgemm_oblas_optimized_thin_thin007_2023-07-11_16-17-05.csv	thin007	rep 4 size 30000 OMP_PLACES=cores OMP_PROC_BIND=close OMP_NUM_THREADS=9 BLIS_NUM_THREADS=9 srun -n1 --cpus-per-task=9 ./dgemm_oblas_optimized.x 30000 30000 30000>>dgemm_oblas_optimized_thin_thin007_2023-07-11_16-17-05.csv
srun: error: Unable to create step for job 17376: Job/step already completing or completed
dgemm_thin_job_17376.out	dgemm_oblas_optimized_thin_thin007_2023-07-11_16-17-05.csv	thin007	rep 4 size 30000 OMP_PLACES=cores OMP_PROC_BIND=close OMP_NUM_THREADS=8 BLIS_NUM_THREADS=8 srun -n1 --cpus-per-task=8 ./dgemm_oblas_optimized.x 30000 30000 30000>>dgemm_oblas_optimized_thin_thin007_2023-07-11_16-17-05.csv
srun: error: Unable to create step for job 17376: Job/step already completing or completed
dgemm_thin_job_17376.out	dgemm_oblas_optimized_thin_thin007_2023-07-11_16-17-05.csv	thin007	rep 4 size 30000 OMP_PLACES=cores OMP_PROC_BIND=close OMP_NUM_THREADS=7 BLIS_NUM_THREADS=7 srun -n1 --cpus-per-task=7 ./dgemm_oblas_optimized.x 30000 30000 30000>>dgemm_oblas_optimized_thin_thin007_2023-07-11_16-17-05.csv
srun: error: Unable to create step for job 17376: Job/step already completing or completed
dgemm_thin_job_17376.out	dgemm_oblas_optimized_thin_thin007_2023-07-11_16-17-05.csv	thin007	rep 4 size 30000 OMP_PLACES=cores OMP_PROC_BIND=close OMP_NUM_THREADS=6 BLIS_NUM_THREADS=6 srun -n1 --cpus-per-task=6 ./dgemm_oblas_optimized.x 30000 30000 30000>>dgemm_oblas_optimized_thin_thin007_2023-07-11_16-17-05.csv
srun: error: Unable to create step for job 17376: Job/step already completing or completed
dgemm_thin_job_17376.out	dgemm_oblas_optimized_thin_thin007_2023-07-11_16-17-05.csv	thin007	rep 4 size 30000 OMP_PLACES=cores OMP_PROC_BIND=close OMP_NUM_THREADS=5 BLIS_NUM_THREADS=5 srun -n1 --cpus-per-task=5 ./dgemm_oblas_optimized.x 30000 30000 30000>>dgemm_oblas_optimized_thin_thin007_2023-07-11_16-17-05.csv
srun: error: Unable to create step for job 17376: Job/step already completing or completed
dgemm_thin_job_17376.out	dgemm_oblas_optimized_thin_thin007_2023-07-11_16-17-05.csv	thin007	rep 4 size 30000 OMP_PLACES=cores OMP_PROC_BIND=close OMP_NUM_THREADS=4 BLIS_NUM_THREADS=4 srun -n1 --cpus-per-task=4 ./dgemm_oblas_optimized.x 30000 30000 30000>>dgemm_oblas_optimized_thin_thin007_2023-07-11_16-17-05.csv
srun: error: Unable to create step for job 17376: Job/step already completing or completed
dgemm_thin_job_17376.out	dgemm_oblas_optimized_thin_thin007_2023-07-11_16-17-05.csv	thin007	rep 4 size 30000 OMP_PLACES=cores OMP_PROC_BIND=close OMP_NUM_THREADS=3 BLIS_NUM_THREADS=3 srun -n1 --cpus-per-task=3 ./dgemm_oblas_optimized.x 30000 30000 30000>>dgemm_oblas_optimized_thin_thin007_2023-07-11_16-17-05.csv
srun: error: Unable to create step for job 17376: Job/step already completing or completed
dgemm_thin_job_17376.out	dgemm_oblas_optimized_thin_thin007_2023-07-11_16-17-05.csv	thin007	rep 4 size 30000 OMP_PLACES=cores OMP_PROC_BIND=close OMP_NUM_THREADS=2 BLIS_NUM_THREADS=2 srun -n1 --cpus-per-task=2 ./dgemm_oblas_optimized.x 30000 30000 30000>>dgemm_oblas_optimized_thin_thin007_2023-07-11_16-17-05.csv
srun: error: Unable to create step for job 17376: Job/step already completing or completed
dgemm_thin_job_17376.out	dgemm_oblas_optimized_thin_thin007_2023-07-11_16-17-05.csv	thin007	rep 4 size 30000 OMP_PLACES=cores OMP_PROC_BIND=close OMP_NUM_THREADS=1 BLIS_NUM_THREADS=1 srun -n1 --cpus-per-task=1 ./dgemm_oblas_optimized.x 30000 30000 30000>>dgemm_oblas_optimized_thin_thin007_2023-07-11_16-17-05.csv
srun: error: Unable to create step for job 17376: Job/step already completing or completed
dgemm_thin_job_17376.out	dgemm_oblas_optimized_thin_thin007_2023-07-11_16-17-05.csv	thin007	rep 5 size 30000 OMP_PLACES=cores OMP_PROC_BIND=close OMP_NUM_THREADS=24 BLIS_NUM_THREADS=24 srun -n1 --cpus-per-task=24 ./dgemm_oblas_optimized.x 30000 30000 30000>>dgemm_oblas_optimized_thin_thin007_2023-07-11_16-17-05.csv
srun: error: Unable to create step for job 17376: Job/step already completing or completed
dgemm_thin_job_17376.out	dgemm_oblas_optimized_thin_thin007_2023-07-11_16-17-05.csv	thin007	rep 5 size 30000 OMP_PLACES=cores OMP_PROC_BIND=close OMP_NUM_THREADS=23 BLIS_NUM_THREADS=23 srun -n1 --cpus-per-task=23 ./dgemm_oblas_optimized.x 30000 30000 30000>>dgemm_oblas_optimized_thin_thin007_2023-07-11_16-17-05.csv
srun: error: Unable to create step for job 17376: Job/step already completing or completed
dgemm_thin_job_17376.out	dgemm_oblas_optimized_thin_thin007_2023-07-11_16-17-05.csv	thin007	rep 5 size 30000 OMP_PLACES=cores OMP_PROC_BIND=close OMP_NUM_THREADS=22 BLIS_NUM_THREADS=22 srun -n1 --cpus-per-task=22 ./dgemm_oblas_optimized.x 30000 30000 30000>>dgemm_oblas_optimized_thin_thin007_2023-07-11_16-17-05.csv
srun: error: Unable to create step for job 17376: Job/step already completing or completed
dgemm_thin_job_17376.out	dgemm_oblas_optimized_thin_thin007_2023-07-11_16-17-05.csv	thin007	rep 5 size 30000 OMP_PLACES=cores OMP_PROC_BIND=close OMP_NUM_THREADS=21 BLIS_NUM_THREADS=21 srun -n1 --cpus-per-task=21 ./dgemm_oblas_optimized.x 30000 30000 30000>>dgemm_oblas_optimized_thin_thin007_2023-07-11_16-17-05.csv
srun: error: Unable to create step for job 17376: Job/step already completing or completed
dgemm_thin_job_17376.out	dgemm_oblas_optimized_thin_thin007_2023-07-11_16-17-05.csv	thin007	rep 5 size 30000 OMP_PLACES=cores OMP_PROC_BIND=close OMP_NUM_THREADS=20 BLIS_NUM_THREADS=20 srun -n1 --cpus-per-task=20 ./dgemm_oblas_optimized.x 30000 30000 30000>>dgemm_oblas_optimized_thin_thin007_2023-07-11_16-17-05.csv
srun: error: Unable to create step for job 17376: Job/step already completing or completed
dgemm_thin_job_17376.out	dgemm_oblas_optimized_thin_thin007_2023-07-11_16-17-05.csv	thin007	rep 5 size 30000 OMP_PLACES=cores OMP_PROC_BIND=close OMP_NUM_THREADS=19 BLIS_NUM_THREADS=19 srun -n1 --cpus-per-task=19 ./dgemm_oblas_optimized.x 30000 30000 30000>>dgemm_oblas_optimized_thin_thin007_2023-07-11_16-17-05.csv
srun: error: Unable to create step for job 17376: Job/step already completing or completed
dgemm_thin_job_17376.out	dgemm_oblas_optimized_thin_thin007_2023-07-11_16-17-05.csv	thin007	rep 5 size 30000 OMP_PLACES=cores OMP_PROC_BIND=close OMP_NUM_THREADS=18 BLIS_NUM_THREADS=18 srun -n1 --cpus-per-task=18 ./dgemm_oblas_optimized.x 30000 30000 30000>>dgemm_oblas_optimized_thin_thin007_2023-07-11_16-17-05.csv
srun: error: Unable to create step for job 17376: Job/step already completing or completed
dgemm_thin_job_17376.out	dgemm_oblas_optimized_thin_thin007_2023-07-11_16-17-05.csv	thin007	rep 5 size 30000 OMP_PLACES=cores OMP_PROC_BIND=close OMP_NUM_THREADS=17 BLIS_NUM_THREADS=17 srun -n1 --cpus-per-task=17 ./dgemm_oblas_optimized.x 30000 30000 30000>>dgemm_oblas_optimized_thin_thin007_2023-07-11_16-17-05.csv
srun: error: Unable to create step for job 17376: Job/step already completing or completed
dgemm_thin_job_17376.out	dgemm_oblas_optimized_thin_thin007_2023-07-11_16-17-05.csv	thin007	rep 5 size 30000 OMP_PLACES=cores OMP_PROC_BIND=close OMP_NUM_THREADS=16 BLIS_NUM_THREADS=16 srun -n1 --cpus-per-task=16 ./dgemm_oblas_optimized.x 30000 30000 30000>>dgemm_oblas_optimized_thin_thin007_2023-07-11_16-17-05.csv
srun: error: Unable to create step for job 17376: Job/step already completing or completed
dgemm_thin_job_17376.out	dgemm_oblas_optimized_thin_thin007_2023-07-11_16-17-05.csv	thin007	rep 5 size 30000 OMP_PLACES=cores OMP_PROC_BIND=close OMP_NUM_THREADS=15 BLIS_NUM_THREADS=15 srun -n1 --cpus-per-task=15 ./dgemm_oblas_optimized.x 30000 30000 30000>>dgemm_oblas_optimized_thin_thin007_2023-07-11_16-17-05.csv
srun: error: Unable to create step for job 17376: Job/step already completing or completed
dgemm_thin_job_17376.out	dgemm_oblas_optimized_thin_thin007_2023-07-11_16-17-05.csv	thin007	rep 5 size 30000 OMP_PLACES=cores OMP_PROC_BIND=close OMP_NUM_THREADS=14 BLIS_NUM_THREADS=14 srun -n1 --cpus-per-task=14 ./dgemm_oblas_optimized.x 30000 30000 30000>>dgemm_oblas_optimized_thin_thin007_2023-07-11_16-17-05.csv
srun: error: Unable to create step for job 17376: Job/step already completing or completed
dgemm_thin_job_17376.out	dgemm_oblas_optimized_thin_thin007_2023-07-11_16-17-05.csv	thin007	rep 5 size 30000 OMP_PLACES=cores OMP_PROC_BIND=close OMP_NUM_THREADS=13 BLIS_NUM_THREADS=13 srun -n1 --cpus-per-task=13 ./dgemm_oblas_optimized.x 30000 30000 30000>>dgemm_oblas_optimized_thin_thin007_2023-07-11_16-17-05.csv
srun: error: Unable to create step for job 17376: Job/step already completing or completed
dgemm_thin_job_17376.out	dgemm_oblas_optimized_thin_thin007_2023-07-11_16-17-05.csv	thin007	rep 5 size 30000 OMP_PLACES=cores OMP_PROC_BIND=close OMP_NUM_THREADS=12 BLIS_NUM_THREADS=12 srun -n1 --cpus-per-task=12 ./dgemm_oblas_optimized.x 30000 30000 30000>>dgemm_oblas_optimized_thin_thin007_2023-07-11_16-17-05.csv
srun: error: Unable to create step for job 17376: Job/step already completing or completed
dgemm_thin_job_17376.out	dgemm_oblas_optimized_thin_thin007_2023-07-11_16-17-05.csv	thin007	rep 5 size 30000 OMP_PLACES=cores OMP_PROC_BIND=close OMP_NUM_THREADS=11 BLIS_NUM_THREADS=11 srun -n1 --cpus-per-task=11 ./dgemm_oblas_optimized.x 30000 30000 30000>>dgemm_oblas_optimized_thin_thin007_2023-07-11_16-17-05.csv
srun: error: Unable to create step for job 17376: Job/step already completing or completed
dgemm_thin_job_17376.out	dgemm_oblas_optimized_thin_thin007_2023-07-11_16-17-05.csv	thin007	rep 5 size 30000 OMP_PLACES=cores OMP_PROC_BIND=close OMP_NUM_THREADS=10 BLIS_NUM_THREADS=10 srun -n1 --cpus-per-task=10 ./dgemm_oblas_optimized.x 30000 30000 30000>>dgemm_oblas_optimized_thin_thin007_2023-07-11_16-17-05.csv
srun: error: Unable to create step for job 17376: Job/step already completing or completed
dgemm_thin_job_17376.out	dgemm_oblas_optimized_thin_thin007_2023-07-11_16-17-05.csv	thin007	rep 5 size 30000 OMP_PLACES=cores OMP_PROC_BIND=close OMP_NUM_THREADS=9 BLIS_NUM_THREADS=9 srun -n1 --cpus-per-task=9 ./dgemm_oblas_optimized.x 30000 30000 30000>>dgemm_oblas_optimized_thin_thin007_2023-07-11_16-17-05.csv
srun: error: Unable to create step for job 17376: Job/step already completing or completed
dgemm_thin_job_17376.out	dgemm_oblas_optimized_thin_thin007_2023-07-11_16-17-05.csv	thin007	rep 5 size 30000 OMP_PLACES=cores OMP_PROC_BIND=close OMP_NUM_THREADS=8 BLIS_NUM_THREADS=8 srun -n1 --cpus-per-task=8 ./dgemm_oblas_optimized.x 30000 30000 30000>>dgemm_oblas_optimized_thin_thin007_2023-07-11_16-17-05.csv
srun: error: Unable to create step for job 17376: Job/step already completing or completed
dgemm_thin_job_17376.out	dgemm_oblas_optimized_thin_thin007_2023-07-11_16-17-05.csv	thin007	rep 5 size 30000 OMP_PLACES=cores OMP_PROC_BIND=close OMP_NUM_THREADS=7 BLIS_NUM_THREADS=7 srun -n1 --cpus-per-task=7 ./dgemm_oblas_optimized.x 30000 30000 30000>>dgemm_oblas_optimized_thin_thin007_2023-07-11_16-17-05.csv
srun: error: Unable to create step for job 17376: Job/step already completing or completed
dgemm_thin_job_17376.out	dgemm_oblas_optimized_thin_thin007_2023-07-11_16-17-05.csv	thin007	rep 5 size 30000 OMP_PLACES=cores OMP_PROC_BIND=close OMP_NUM_THREADS=6 BLIS_NUM_THREADS=6 srun -n1 --cpus-per-task=6 ./dgemm_oblas_optimized.x 30000 30000 30000>>dgemm_oblas_optimized_thin_thin007_2023-07-11_16-17-05.csv
srun: error: Unable to create step for job 17376: Job/step already completing or completed
dgemm_thin_job_17376.out	dgemm_oblas_optimized_thin_thin007_2023-07-11_16-17-05.csv	thin007	rep 5 size 30000 OMP_PLACES=cores OMP_PROC_BIND=close OMP_NUM_THREADS=5 BLIS_NUM_THREADS=5 srun -n1 --cpus-per-task=5 ./dgemm_oblas_optimized.x 30000 30000 30000>>dgemm_oblas_optimized_thin_thin007_2023-07-11_16-17-05.csv
srun: error: Unable to create step for job 17376: Job/step already completing or completed
dgemm_thin_job_17376.out	dgemm_oblas_optimized_thin_thin007_2023-07-11_16-17-05.csv	thin007	rep 5 size 30000 OMP_PLACES=cores OMP_PROC_BIND=close OMP_NUM_THREADS=4 BLIS_NUM_THREADS=4 srun -n1 --cpus-per-task=4 ./dgemm_oblas_optimized.x 30000 30000 30000>>dgemm_oblas_optimized_thin_thin007_2023-07-11_16-17-05.csv
srun: error: Unable to create step for job 17376: Job/step already completing or completed
dgemm_thin_job_17376.out	dgemm_oblas_optimized_thin_thin007_2023-07-11_16-17-05.csv	thin007	rep 5 size 30000 OMP_PLACES=cores OMP_PROC_BIND=close OMP_NUM_THREADS=3 BLIS_NUM_THREADS=3 srun -n1 --cpus-per-task=3 ./dgemm_oblas_optimized.x 30000 30000 30000>>dgemm_oblas_optimized_thin_thin007_2023-07-11_16-17-05.csv
srun: error: Unable to create step for job 17376: Job/step already completing or completed
dgemm_thin_job_17376.out	dgemm_oblas_optimized_thin_thin007_2023-07-11_16-17-05.csv	thin007	rep 5 size 30000 OMP_PLACES=cores OMP_PROC_BIND=close OMP_NUM_THREADS=2 BLIS_NUM_THREADS=2 srun -n1 --cpus-per-task=2 ./dgemm_oblas_optimized.x 30000 30000 30000>>dgemm_oblas_optimized_thin_thin007_2023-07-11_16-17-05.csv
srun: error: Unable to create step for job 17376: Job/step already completing or completed
dgemm_thin_job_17376.out	dgemm_oblas_optimized_thin_thin007_2023-07-11_16-17-05.csv	thin007	rep 5 size 30000 OMP_PLACES=cores OMP_PROC_BIND=close OMP_NUM_THREADS=1 BLIS_NUM_THREADS=1 srun -n1 --cpus-per-task=1 ./dgemm_oblas_optimized.x 30000 30000 30000>>dgemm_oblas_optimized_thin_thin007_2023-07-11_16-17-05.csv
srun: error: Unable to create step for job 17376: Job/step already completing or completed
dgemm_thin_job_17376.out	dgemm_oblas_optimized_thin_thin007_2023-07-11_16-17-05.csv	thin007	rep 6 size 30000 OMP_PLACES=cores OMP_PROC_BIND=close OMP_NUM_THREADS=24 BLIS_NUM_THREADS=24 srun -n1 --cpus-per-task=24 ./dgemm_oblas_optimized.x 30000 30000 30000>>dgemm_oblas_optimized_thin_thin007_2023-07-11_16-17-05.csv
srun: error: Unable to create step for job 17376: Job/step already completing or completed
dgemm_thin_job_17376.out	dgemm_oblas_optimized_thin_thin007_2023-07-11_16-17-05.csv	thin007	rep 6 size 30000 OMP_PLACES=cores OMP_PROC_BIND=close OMP_NUM_THREADS=23 BLIS_NUM_THREADS=23 srun -n1 --cpus-per-task=23 ./dgemm_oblas_optimized.x 30000 30000 30000>>dgemm_oblas_optimized_thin_thin007_2023-07-11_16-17-05.csv
srun: error: Unable to create step for job 17376: Job/step already completing or completed
dgemm_thin_job_17376.out	dgemm_oblas_optimized_thin_thin007_2023-07-11_16-17-05.csv	thin007	rep 6 size 30000 OMP_PLACES=cores OMP_PROC_BIND=close OMP_NUM_THREADS=22 BLIS_NUM_THREADS=22 srun -n1 --cpus-per-task=22 ./dgemm_oblas_optimized.x 30000 30000 30000>>dgemm_oblas_optimized_thin_thin007_2023-07-11_16-17-05.csv
srun: error: Unable to create step for job 17376: Job/step already completing or completed
dgemm_thin_job_17376.out	dgemm_oblas_optimized_thin_thin007_2023-07-11_16-17-05.csv	thin007	rep 6 size 30000 OMP_PLACES=cores OMP_PROC_BIND=close OMP_NUM_THREADS=21 BLIS_NUM_THREADS=21 srun -n1 --cpus-per-task=21 ./dgemm_oblas_optimized.x 30000 30000 30000>>dgemm_oblas_optimized_thin_thin007_2023-07-11_16-17-05.csv
srun: error: Unable to create step for job 17376: Job/step already completing or completed
dgemm_thin_job_17376.out	dgemm_oblas_optimized_thin_thin007_2023-07-11_16-17-05.csv	thin007	rep 6 size 30000 OMP_PLACES=cores OMP_PROC_BIND=close OMP_NUM_THREADS=20 BLIS_NUM_THREADS=20 srun -n1 --cpus-per-task=20 ./dgemm_oblas_optimized.x 30000 30000 30000>>dgemm_oblas_optimized_thin_thin007_2023-07-11_16-17-05.csv
srun: error: Unable to create step for job 17376: Job/step already completing or completed
dgemm_thin_job_17376.out	dgemm_oblas_optimized_thin_thin007_2023-07-11_16-17-05.csv	thin007	rep 6 size 30000 OMP_PLACES=cores OMP_PROC_BIND=close OMP_NUM_THREADS=19 BLIS_NUM_THREADS=19 srun -n1 --cpus-per-task=19 ./dgemm_oblas_optimized.x 30000 30000 30000>>dgemm_oblas_optimized_thin_thin007_2023-07-11_16-17-05.csv
srun: error: Unable to create step for job 17376: Job/step already completing or completed
dgemm_thin_job_17376.out	dgemm_oblas_optimized_thin_thin007_2023-07-11_16-17-05.csv	thin007	rep 6 size 30000 OMP_PLACES=cores OMP_PROC_BIND=close OMP_NUM_THREADS=18 BLIS_NUM_THREADS=18 srun -n1 --cpus-per-task=18 ./dgemm_oblas_optimized.x 30000 30000 30000>>dgemm_oblas_optimized_thin_thin007_2023-07-11_16-17-05.csv
srun: error: Unable to create step for job 17376: Job/step already completing or completed
dgemm_thin_job_17376.out	dgemm_oblas_optimized_thin_thin007_2023-07-11_16-17-05.csv	thin007	rep 6 size 30000 OMP_PLACES=cores OMP_PROC_BIND=close OMP_NUM_THREADS=17 BLIS_NUM_THREADS=17 srun -n1 --cpus-per-task=17 ./dgemm_oblas_optimized.x 30000 30000 30000>>dgemm_oblas_optimized_thin_thin007_2023-07-11_16-17-05.csv
srun: error: Unable to create step for job 17376: Job/step already completing or completed
dgemm_thin_job_17376.out	dgemm_oblas_optimized_thin_thin007_2023-07-11_16-17-05.csv	thin007	rep 6 size 30000 OMP_PLACES=cores OMP_PROC_BIND=close OMP_NUM_THREADS=16 BLIS_NUM_THREADS=16 srun -n1 --cpus-per-task=16 ./dgemm_oblas_optimized.x 30000 30000 30000>>dgemm_oblas_optimized_thin_thin007_2023-07-11_16-17-05.csv
srun: error: Unable to create step for job 17376: Job/step already completing or completed
dgemm_thin_job_17376.out	dgemm_oblas_optimized_thin_thin007_2023-07-11_16-17-05.csv	thin007	rep 6 size 30000 OMP_PLACES=cores OMP_PROC_BIND=close OMP_NUM_THREADS=15 BLIS_NUM_THREADS=15 srun -n1 --cpus-per-task=15 ./dgemm_oblas_optimized.x 30000 30000 30000>>dgemm_oblas_optimized_thin_thin007_2023-07-11_16-17-05.csv
srun: error: Unable to create step for job 17376: Job/step already completing or completed
dgemm_thin_job_17376.out	dgemm_oblas_optimized_thin_thin007_2023-07-11_16-17-05.csv	thin007	rep 6 size 30000 OMP_PLACES=cores OMP_PROC_BIND=close OMP_NUM_THREADS=14 BLIS_NUM_THREADS=14 srun -n1 --cpus-per-task=14 ./dgemm_oblas_optimized.x 30000 30000 30000>>dgemm_oblas_optimized_thin_thin007_2023-07-11_16-17-05.csv
srun: error: Unable to create step for job 17376: Job/step already completing or completed
dgemm_thin_job_17376.out	dgemm_oblas_optimized_thin_thin007_2023-07-11_16-17-05.csv	thin007	rep 6 size 30000 OMP_PLACES=cores OMP_PROC_BIND=close OMP_NUM_THREADS=13 BLIS_NUM_THREADS=13 srun -n1 --cpus-per-task=13 ./dgemm_oblas_optimized.x 30000 30000 30000>>dgemm_oblas_optimized_thin_thin007_2023-07-11_16-17-05.csv
srun: error: Unable to create step for job 17376: Job/step already completing or completed
dgemm_thin_job_17376.out	dgemm_oblas_optimized_thin_thin007_2023-07-11_16-17-05.csv	thin007	rep 6 size 30000 OMP_PLACES=cores OMP_PROC_BIND=close OMP_NUM_THREADS=12 BLIS_NUM_THREADS=12 srun -n1 --cpus-per-task=12 ./dgemm_oblas_optimized.x 30000 30000 30000>>dgemm_oblas_optimized_thin_thin007_2023-07-11_16-17-05.csv
srun: error: Unable to create step for job 17376: Job/step already completing or completed
dgemm_thin_job_17376.out	dgemm_oblas_optimized_thin_thin007_2023-07-11_16-17-05.csv	thin007	rep 6 size 30000 OMP_PLACES=cores OMP_PROC_BIND=close OMP_NUM_THREADS=11 BLIS_NUM_THREADS=11 srun -n1 --cpus-per-task=11 ./dgemm_oblas_optimized.x 30000 30000 30000>>dgemm_oblas_optimized_thin_thin007_2023-07-11_16-17-05.csv
srun: error: Unable to create step for job 17376: Job/step already completing or completed
dgemm_thin_job_17376.out	dgemm_oblas_optimized_thin_thin007_2023-07-11_16-17-05.csv	thin007	rep 6 size 30000 OMP_PLACES=cores OMP_PROC_BIND=close OMP_NUM_THREADS=10 BLIS_NUM_THREADS=10 srun -n1 --cpus-per-task=10 ./dgemm_oblas_optimized.x 30000 30000 30000>>dgemm_oblas_optimized_thin_thin007_2023-07-11_16-17-05.csv
srun: error: Unable to create step for job 17376: Job/step already completing or completed
dgemm_thin_job_17376.out	dgemm_oblas_optimized_thin_thin007_2023-07-11_16-17-05.csv	thin007	rep 6 size 30000 OMP_PLACES=cores OMP_PROC_BIND=close OMP_NUM_THREADS=9 BLIS_NUM_THREADS=9 srun -n1 --cpus-per-task=9 ./dgemm_oblas_optimized.x 30000 30000 30000>>dgemm_oblas_optimized_thin_thin007_2023-07-11_16-17-05.csv
srun: error: Unable to create step for job 17376: Job/step already completing or completed
dgemm_thin_job_17376.out	dgemm_oblas_optimized_thin_thin007_2023-07-11_16-17-05.csv	thin007	rep 6 size 30000 OMP_PLACES=cores OMP_PROC_BIND=close OMP_NUM_THREADS=8 BLIS_NUM_THREADS=8 srun -n1 --cpus-per-task=8 ./dgemm_oblas_optimized.x 30000 30000 30000>>dgemm_oblas_optimized_thin_thin007_2023-07-11_16-17-05.csv
srun: error: Unable to create step for job 17376: Job/step already completing or completed
dgemm_thin_job_17376.out	dgemm_oblas_optimized_thin_thin007_2023-07-11_16-17-05.csv	thin007	rep 6 size 30000 OMP_PLACES=cores OMP_PROC_BIND=close OMP_NUM_THREADS=7 BLIS_NUM_THREADS=7 srun -n1 --cpus-per-task=7 ./dgemm_oblas_optimized.x 30000 30000 30000>>dgemm_oblas_optimized_thin_thin007_2023-07-11_16-17-05.csv
srun: error: Unable to create step for job 17376: Job/step already completing or completed
dgemm_thin_job_17376.out	dgemm_oblas_optimized_thin_thin007_2023-07-11_16-17-05.csv	thin007	rep 6 size 30000 OMP_PLACES=cores OMP_PROC_BIND=close OMP_NUM_THREADS=6 BLIS_NUM_THREADS=6 srun -n1 --cpus-per-task=6 ./dgemm_oblas_optimized.x 30000 30000 30000>>dgemm_oblas_optimized_thin_thin007_2023-07-11_16-17-05.csv
srun: error: Unable to create step for job 17376: Job/step already completing or completed
dgemm_thin_job_17376.out	dgemm_oblas_optimized_thin_thin007_2023-07-11_16-17-05.csv	thin007	rep 6 size 30000 OMP_PLACES=cores OMP_PROC_BIND=close OMP_NUM_THREADS=5 BLIS_NUM_THREADS=5 srun -n1 --cpus-per-task=5 ./dgemm_oblas_optimized.x 30000 30000 30000>>dgemm_oblas_optimized_thin_thin007_2023-07-11_16-17-05.csv
srun: error: Unable to create step for job 17376: Job/step already completing or completed
dgemm_thin_job_17376.out	dgemm_oblas_optimized_thin_thin007_2023-07-11_16-17-05.csv	thin007	rep 6 size 30000 OMP_PLACES=cores OMP_PROC_BIND=close OMP_NUM_THREADS=4 BLIS_NUM_THREADS=4 srun -n1 --cpus-per-task=4 ./dgemm_oblas_optimized.x 30000 30000 30000>>dgemm_oblas_optimized_thin_thin007_2023-07-11_16-17-05.csv
srun: error: Unable to create step for job 17376: Job/step already completing or completed
dgemm_thin_job_17376.out	dgemm_oblas_optimized_thin_thin007_2023-07-11_16-17-05.csv	thin007	rep 6 size 30000 OMP_PLACES=cores OMP_PROC_BIND=close OMP_NUM_THREADS=3 BLIS_NUM_THREADS=3 srun -n1 --cpus-per-task=3 ./dgemm_oblas_optimized.x 30000 30000 30000>>dgemm_oblas_optimized_thin_thin007_2023-07-11_16-17-05.csv
srun: error: Unable to create step for job 17376: Job/step already completing or completed
dgemm_thin_job_17376.out	dgemm_oblas_optimized_thin_thin007_2023-07-11_16-17-05.csv	thin007	rep 6 size 30000 OMP_PLACES=cores OMP_PROC_BIND=close OMP_NUM_THREADS=2 BLIS_NUM_THREADS=2 srun -n1 --cpus-per-task=2 ./dgemm_oblas_optimized.x 30000 30000 30000>>dgemm_oblas_optimized_thin_thin007_2023-07-11_16-17-05.csv
srun: error: Unable to create step for job 17376: Job/step already completing or completed
dgemm_thin_job_17376.out	dgemm_oblas_optimized_thin_thin007_2023-07-11_16-17-05.csv	thin007	rep 6 size 30000 OMP_PLACES=cores OMP_PROC_BIND=close OMP_NUM_THREADS=1 BLIS_NUM_THREADS=1 srun -n1 --cpus-per-task=1 ./dgemm_oblas_optimized.x 30000 30000 30000>>dgemm_oblas_optimized_thin_thin007_2023-07-11_16-17-05.csv
srun: error: Unable to create step for job 17376: Job/step already completing or completed
dgemm_thin_job_17376.out	dgemm_oblas_optimized_thin_thin007_2023-07-11_16-17-05.csv	thin007	rep 7 size 30000 OMP_PLACES=cores OMP_PROC_BIND=close OMP_NUM_THREADS=24 BLIS_NUM_THREADS=24 srun -n1 --cpus-per-task=24 ./dgemm_oblas_optimized.x 30000 30000 30000>>dgemm_oblas_optimized_thin_thin007_2023-07-11_16-17-05.csv
srun: error: Unable to create step for job 17376: Job/step already completing or completed
dgemm_thin_job_17376.out	dgemm_oblas_optimized_thin_thin007_2023-07-11_16-17-05.csv	thin007	rep 7 size 30000 OMP_PLACES=cores OMP_PROC_BIND=close OMP_NUM_THREADS=23 BLIS_NUM_THREADS=23 srun -n1 --cpus-per-task=23 ./dgemm_oblas_optimized.x 30000 30000 30000>>dgemm_oblas_optimized_thin_thin007_2023-07-11_16-17-05.csv
srun: error: Unable to create step for job 17376: Job/step already completing or completed
dgemm_thin_job_17376.out	dgemm_oblas_optimized_thin_thin007_2023-07-11_16-17-05.csv	thin007	rep 7 size 30000 OMP_PLACES=cores OMP_PROC_BIND=close OMP_NUM_THREADS=22 BLIS_NUM_THREADS=22 srun -n1 --cpus-per-task=22 ./dgemm_oblas_optimized.x 30000 30000 30000>>dgemm_oblas_optimized_thin_thin007_2023-07-11_16-17-05.csv
srun: error: Unable to create step for job 17376: Job/step already completing or completed
dgemm_thin_job_17376.out	dgemm_oblas_optimized_thin_thin007_2023-07-11_16-17-05.csv	thin007	rep 7 size 30000 OMP_PLACES=cores OMP_PROC_BIND=close OMP_NUM_THREADS=21 BLIS_NUM_THREADS=21 srun -n1 --cpus-per-task=21 ./dgemm_oblas_optimized.x 30000 30000 30000>>dgemm_oblas_optimized_thin_thin007_2023-07-11_16-17-05.csv
srun: error: Unable to create step for job 17376: Job/step already completing or completed
dgemm_thin_job_17376.out	dgemm_oblas_optimized_thin_thin007_2023-07-11_16-17-05.csv	thin007	rep 7 size 30000 OMP_PLACES=cores OMP_PROC_BIND=close OMP_NUM_THREADS=20 BLIS_NUM_THREADS=20 srun -n1 --cpus-per-task=20 ./dgemm_oblas_optimized.x 30000 30000 30000>>dgemm_oblas_optimized_thin_thin007_2023-07-11_16-17-05.csv
srun: error: Unable to create step for job 17376: Job/step already completing or completed
dgemm_thin_job_17376.out	dgemm_oblas_optimized_thin_thin007_2023-07-11_16-17-05.csv	thin007	rep 7 size 30000 OMP_PLACES=cores OMP_PROC_BIND=close OMP_NUM_THREADS=19 BLIS_NUM_THREADS=19 srun -n1 --cpus-per-task=19 ./dgemm_oblas_optimized.x 30000 30000 30000>>dgemm_oblas_optimized_thin_thin007_2023-07-11_16-17-05.csv
srun: error: Unable to create step for job 17376: Job/step already completing or completed
dgemm_thin_job_17376.out	dgemm_oblas_optimized_thin_thin007_2023-07-11_16-17-05.csv	thin007	rep 7 size 30000 OMP_PLACES=cores OMP_PROC_BIND=close OMP_NUM_THREADS=18 BLIS_NUM_THREADS=18 srun -n1 --cpus-per-task=18 ./dgemm_oblas_optimized.x 30000 30000 30000>>dgemm_oblas_optimized_thin_thin007_2023-07-11_16-17-05.csv
srun: error: Unable to create step for job 17376: Job/step already completing or completed
dgemm_thin_job_17376.out	dgemm_oblas_optimized_thin_thin007_2023-07-11_16-17-05.csv	thin007	rep 7 size 30000 OMP_PLACES=cores OMP_PROC_BIND=close OMP_NUM_THREADS=17 BLIS_NUM_THREADS=17 srun -n1 --cpus-per-task=17 ./dgemm_oblas_optimized.x 30000 30000 30000>>dgemm_oblas_optimized_thin_thin007_2023-07-11_16-17-05.csv
srun: error: Unable to create step for job 17376: Job/step already completing or completed
dgemm_thin_job_17376.out	dgemm_oblas_optimized_thin_thin007_2023-07-11_16-17-05.csv	thin007	rep 7 size 30000 OMP_PLACES=cores OMP_PROC_BIND=close OMP_NUM_THREADS=16 BLIS_NUM_THREADS=16 srun -n1 --cpus-per-task=16 ./dgemm_oblas_optimized.x 30000 30000 30000>>dgemm_oblas_optimized_thin_thin007_2023-07-11_16-17-05.csv
srun: error: Unable to create step for job 17376: Job/step already completing or completed
dgemm_thin_job_17376.out	dgemm_oblas_optimized_thin_thin007_2023-07-11_16-17-05.csv	thin007	rep 7 size 30000 OMP_PLACES=cores OMP_PROC_BIND=close OMP_NUM_THREADS=15 BLIS_NUM_THREADS=15 srun -n1 --cpus-per-task=15 ./dgemm_oblas_optimized.x 30000 30000 30000>>dgemm_oblas_optimized_thin_thin007_2023-07-11_16-17-05.csv
srun: error: Unable to create step for job 17376: Job/step already completing or completed
dgemm_thin_job_17376.out	dgemm_oblas_optimized_thin_thin007_2023-07-11_16-17-05.csv	thin007	rep 7 size 30000 OMP_PLACES=cores OMP_PROC_BIND=close OMP_NUM_THREADS=14 BLIS_NUM_THREADS=14 srun -n1 --cpus-per-task=14 ./dgemm_oblas_optimized.x 30000 30000 30000>>dgemm_oblas_optimized_thin_thin007_2023-07-11_16-17-05.csv
srun: error: Unable to create step for job 17376: Job/step already completing or completed
dgemm_thin_job_17376.out	dgemm_oblas_optimized_thin_thin007_2023-07-11_16-17-05.csv	thin007	rep 7 size 30000 OMP_PLACES=cores OMP_PROC_BIND=close OMP_NUM_THREADS=13 BLIS_NUM_THREADS=13 srun -n1 --cpus-per-task=13 ./dgemm_oblas_optimized.x 30000 30000 30000>>dgemm_oblas_optimized_thin_thin007_2023-07-11_16-17-05.csv
srun: error: Unable to create step for job 17376: Job/step already completing or completed
dgemm_thin_job_17376.out	dgemm_oblas_optimized_thin_thin007_2023-07-11_16-17-05.csv	thin007	rep 7 size 30000 OMP_PLACES=cores OMP_PROC_BIND=close OMP_NUM_THREADS=12 BLIS_NUM_THREADS=12 srun -n1 --cpus-per-task=12 ./dgemm_oblas_optimized.x 30000 30000 30000>>dgemm_oblas_optimized_thin_thin007_2023-07-11_16-17-05.csv
srun: error: Unable to create step for job 17376: Job/step already completing or completed
dgemm_thin_job_17376.out	dgemm_oblas_optimized_thin_thin007_2023-07-11_16-17-05.csv	thin007	rep 7 size 30000 OMP_PLACES=cores OMP_PROC_BIND=close OMP_NUM_THREADS=11 BLIS_NUM_THREADS=11 srun -n1 --cpus-per-task=11 ./dgemm_oblas_optimized.x 30000 30000 30000>>dgemm_oblas_optimized_thin_thin007_2023-07-11_16-17-05.csv
srun: error: Unable to create step for job 17376: Job/step already completing or completed
dgemm_thin_job_17376.out	dgemm_oblas_optimized_thin_thin007_2023-07-11_16-17-05.csv	thin007	rep 7 size 30000 OMP_PLACES=cores OMP_PROC_BIND=close OMP_NUM_THREADS=10 BLIS_NUM_THREADS=10 srun -n1 --cpus-per-task=10 ./dgemm_oblas_optimized.x 30000 30000 30000>>dgemm_oblas_optimized_thin_thin007_2023-07-11_16-17-05.csv
srun: error: Unable to create step for job 17376: Job/step already completing or completed
dgemm_thin_job_17376.out	dgemm_oblas_optimized_thin_thin007_2023-07-11_16-17-05.csv	thin007	rep 7 size 30000 OMP_PLACES=cores OMP_PROC_BIND=close OMP_NUM_THREADS=9 BLIS_NUM_THREADS=9 srun -n1 --cpus-per-task=9 ./dgemm_oblas_optimized.x 30000 30000 30000>>dgemm_oblas_optimized_thin_thin007_2023-07-11_16-17-05.csv
srun: error: Unable to create step for job 17376: Job/step already completing or completed
dgemm_thin_job_17376.out	dgemm_oblas_optimized_thin_thin007_2023-07-11_16-17-05.csv	thin007	rep 7 size 30000 OMP_PLACES=cores OMP_PROC_BIND=close OMP_NUM_THREADS=8 BLIS_NUM_THREADS=8 srun -n1 --cpus-per-task=8 ./dgemm_oblas_optimized.x 30000 30000 30000>>dgemm_oblas_optimized_thin_thin007_2023-07-11_16-17-05.csv
srun: error: Unable to create step for job 17376: Job/step already completing or completed
dgemm_thin_job_17376.out	dgemm_oblas_optimized_thin_thin007_2023-07-11_16-17-05.csv	thin007	rep 7 size 30000 OMP_PLACES=cores OMP_PROC_BIND=close OMP_NUM_THREADS=7 BLIS_NUM_THREADS=7 srun -n1 --cpus-per-task=7 ./dgemm_oblas_optimized.x 30000 30000 30000>>dgemm_oblas_optimized_thin_thin007_2023-07-11_16-17-05.csv
srun: error: Unable to create step for job 17376: Job/step already completing or completed
dgemm_thin_job_17376.out	dgemm_oblas_optimized_thin_thin007_2023-07-11_16-17-05.csv	thin007	rep 7 size 30000 OMP_PLACES=cores OMP_PROC_BIND=close OMP_NUM_THREADS=6 BLIS_NUM_THREADS=6 srun -n1 --cpus-per-task=6 ./dgemm_oblas_optimized.x 30000 30000 30000>>dgemm_oblas_optimized_thin_thin007_2023-07-11_16-17-05.csv
srun: error: Unable to create step for job 17376: Job/step already completing or completed
dgemm_thin_job_17376.out	dgemm_oblas_optimized_thin_thin007_2023-07-11_16-17-05.csv	thin007	rep 7 size 30000 OMP_PLACES=cores OMP_PROC_BIND=close OMP_NUM_THREADS=5 BLIS_NUM_THREADS=5 srun -n1 --cpus-per-task=5 ./dgemm_oblas_optimized.x 30000 30000 30000>>dgemm_oblas_optimized_thin_thin007_2023-07-11_16-17-05.csv
srun: error: Unable to create step for job 17376: Job/step already completing or completed
dgemm_thin_job_17376.out	dgemm_oblas_optimized_thin_thin007_2023-07-11_16-17-05.csv	thin007	rep 7 size 30000 OMP_PLACES=cores OMP_PROC_BIND=close OMP_NUM_THREADS=4 BLIS_NUM_THREADS=4 srun -n1 --cpus-per-task=4 ./dgemm_oblas_optimized.x 30000 30000 30000>>dgemm_oblas_optimized_thin_thin007_2023-07-11_16-17-05.csv
srun: error: Unable to create step for job 17376: Job/step already completing or completed
dgemm_thin_job_17376.out	dgemm_oblas_optimized_thin_thin007_2023-07-11_16-17-05.csv	thin007	rep 7 size 30000 OMP_PLACES=cores OMP_PROC_BIND=close OMP_NUM_THREADS=3 BLIS_NUM_THREADS=3 srun -n1 --cpus-per-task=3 ./dgemm_oblas_optimized.x 30000 30000 30000>>dgemm_oblas_optimized_thin_thin007_2023-07-11_16-17-05.csv
srun: error: Unable to create step for job 17376: Job/step already completing or completed
dgemm_thin_job_17376.out	dgemm_oblas_optimized_thin_thin007_2023-07-11_16-17-05.csv	thin007	rep 7 size 30000 OMP_PLACES=cores OMP_PROC_BIND=close OMP_NUM_THREADS=2 BLIS_NUM_THREADS=2 srun -n1 --cpus-per-task=2 ./dgemm_oblas_optimized.x 30000 30000 30000>>dgemm_oblas_optimized_thin_thin007_2023-07-11_16-17-05.csv
srun: error: Unable to create step for job 17376: Job/step already completing or completed
dgemm_thin_job_17376.out	dgemm_oblas_optimized_thin_thin007_2023-07-11_16-17-05.csv	thin007	rep 7 size 30000 OMP_PLACES=cores OMP_PROC_BIND=close OMP_NUM_THREADS=1 BLIS_NUM_THREADS=1 srun -n1 --cpus-per-task=1 ./dgemm_oblas_optimized.x 30000 30000 30000>>dgemm_oblas_optimized_thin_thin007_2023-07-11_16-17-05.csv
srun: error: Unable to create step for job 17376: Job/step already completing or completed
dgemm_thin_job_17376.out	dgemm_oblas_optimized_thin_thin007_2023-07-11_16-17-05.csv	thin007	rep 8 size 30000 OMP_PLACES=cores OMP_PROC_BIND=close OMP_NUM_THREADS=24 BLIS_NUM_THREADS=24 srun -n1 --cpus-per-task=24 ./dgemm_oblas_optimized.x 30000 30000 30000>>dgemm_oblas_optimized_thin_thin007_2023-07-11_16-17-05.csv
srun: error: Unable to create step for job 17376: Job/step already completing or completed
dgemm_thin_job_17376.out	dgemm_oblas_optimized_thin_thin007_2023-07-11_16-17-05.csv	thin007	rep 8 size 30000 OMP_PLACES=cores OMP_PROC_BIND=close OMP_NUM_THREADS=23 BLIS_NUM_THREADS=23 srun -n1 --cpus-per-task=23 ./dgemm_oblas_optimized.x 30000 30000 30000>>dgemm_oblas_optimized_thin_thin007_2023-07-11_16-17-05.csv
srun: error: Unable to create step for job 17376: Job/step already completing or completed
dgemm_thin_job_17376.out	dgemm_oblas_optimized_thin_thin007_2023-07-11_16-17-05.csv	thin007	rep 8 size 30000 OMP_PLACES=cores OMP_PROC_BIND=close OMP_NUM_THREADS=22 BLIS_NUM_THREADS=22 srun -n1 --cpus-per-task=22 ./dgemm_oblas_optimized.x 30000 30000 30000>>dgemm_oblas_optimized_thin_thin007_2023-07-11_16-17-05.csv
srun: error: Unable to create step for job 17376: Job/step already completing or completed
dgemm_thin_job_17376.out	dgemm_oblas_optimized_thin_thin007_2023-07-11_16-17-05.csv	thin007	rep 8 size 30000 OMP_PLACES=cores OMP_PROC_BIND=close OMP_NUM_THREADS=21 BLIS_NUM_THREADS=21 srun -n1 --cpus-per-task=21 ./dgemm_oblas_optimized.x 30000 30000 30000>>dgemm_oblas_optimized_thin_thin007_2023-07-11_16-17-05.csv
srun: error: Unable to create step for job 17376: Job/step already completing or completed
dgemm_thin_job_17376.out	dgemm_oblas_optimized_thin_thin007_2023-07-11_16-17-05.csv	thin007	rep 8 size 30000 OMP_PLACES=cores OMP_PROC_BIND=close OMP_NUM_THREADS=20 BLIS_NUM_THREADS=20 srun -n1 --cpus-per-task=20 ./dgemm_oblas_optimized.x 30000 30000 30000>>dgemm_oblas_optimized_thin_thin007_2023-07-11_16-17-05.csv
srun: error: Unable to create step for job 17376: Job/step already completing or completed
dgemm_thin_job_17376.out	dgemm_oblas_optimized_thin_thin007_2023-07-11_16-17-05.csv	thin007	rep 8 size 30000 OMP_PLACES=cores OMP_PROC_BIND=close OMP_NUM_THREADS=19 BLIS_NUM_THREADS=19 srun -n1 --cpus-per-task=19 ./dgemm_oblas_optimized.x 30000 30000 30000>>dgemm_oblas_optimized_thin_thin007_2023-07-11_16-17-05.csv
srun: error: Unable to create step for job 17376: Job/step already completing or completed
dgemm_thin_job_17376.out	dgemm_oblas_optimized_thin_thin007_2023-07-11_16-17-05.csv	thin007	rep 8 size 30000 OMP_PLACES=cores OMP_PROC_BIND=close OMP_NUM_THREADS=18 BLIS_NUM_THREADS=18 srun -n1 --cpus-per-task=18 ./dgemm_oblas_optimized.x 30000 30000 30000>>dgemm_oblas_optimized_thin_thin007_2023-07-11_16-17-05.csv
srun: error: Unable to create step for job 17376: Job/step already completing or completed
dgemm_thin_job_17376.out	dgemm_oblas_optimized_thin_thin007_2023-07-11_16-17-05.csv	thin007	rep 8 size 30000 OMP_PLACES=cores OMP_PROC_BIND=close OMP_NUM_THREADS=17 BLIS_NUM_THREADS=17 srun -n1 --cpus-per-task=17 ./dgemm_oblas_optimized.x 30000 30000 30000>>dgemm_oblas_optimized_thin_thin007_2023-07-11_16-17-05.csv
srun: error: Unable to create step for job 17376: Job/step already completing or completed
dgemm_thin_job_17376.out	dgemm_oblas_optimized_thin_thin007_2023-07-11_16-17-05.csv	thin007	rep 8 size 30000 OMP_PLACES=cores OMP_PROC_BIND=close OMP_NUM_THREADS=16 BLIS_NUM_THREADS=16 srun -n1 --cpus-per-task=16 ./dgemm_oblas_optimized.x 30000 30000 30000>>dgemm_oblas_optimized_thin_thin007_2023-07-11_16-17-05.csv
srun: error: Unable to create step for job 17376: Job/step already completing or completed
dgemm_thin_job_17376.out	dgemm_oblas_optimized_thin_thin007_2023-07-11_16-17-05.csv	thin007	rep 8 size 30000 OMP_PLACES=cores OMP_PROC_BIND=close OMP_NUM_THREADS=15 BLIS_NUM_THREADS=15 srun -n1 --cpus-per-task=15 ./dgemm_oblas_optimized.x 30000 30000 30000>>dgemm_oblas_optimized_thin_thin007_2023-07-11_16-17-05.csv
srun: error: Unable to create step for job 17376: Job/step already completing or completed
dgemm_thin_job_17376.out	dgemm_oblas_optimized_thin_thin007_2023-07-11_16-17-05.csv	thin007	rep 8 size 30000 OMP_PLACES=cores OMP_PROC_BIND=close OMP_NUM_THREADS=14 BLIS_NUM_THREADS=14 srun -n1 --cpus-per-task=14 ./dgemm_oblas_optimized.x 30000 30000 30000>>dgemm_oblas_optimized_thin_thin007_2023-07-11_16-17-05.csv
srun: error: Unable to create step for job 17376: Job/step already completing or completed
dgemm_thin_job_17376.out	dgemm_oblas_optimized_thin_thin007_2023-07-11_16-17-05.csv	thin007	rep 8 size 30000 OMP_PLACES=cores OMP_PROC_BIND=close OMP_NUM_THREADS=13 BLIS_NUM_THREADS=13 srun -n1 --cpus-per-task=13 ./dgemm_oblas_optimized.x 30000 30000 30000>>dgemm_oblas_optimized_thin_thin007_2023-07-11_16-17-05.csv
srun: error: Unable to create step for job 17376: Job/step already completing or completed
dgemm_thin_job_17376.out	dgemm_oblas_optimized_thin_thin007_2023-07-11_16-17-05.csv	thin007	rep 8 size 30000 OMP_PLACES=cores OMP_PROC_BIND=close OMP_NUM_THREADS=12 BLIS_NUM_THREADS=12 srun -n1 --cpus-per-task=12 ./dgemm_oblas_optimized.x 30000 30000 30000>>dgemm_oblas_optimized_thin_thin007_2023-07-11_16-17-05.csv
srun: error: Unable to create step for job 17376: Job/step already completing or completed
dgemm_thin_job_17376.out	dgemm_oblas_optimized_thin_thin007_2023-07-11_16-17-05.csv	thin007	rep 8 size 30000 OMP_PLACES=cores OMP_PROC_BIND=close OMP_NUM_THREADS=11 BLIS_NUM_THREADS=11 srun -n1 --cpus-per-task=11 ./dgemm_oblas_optimized.x 30000 30000 30000>>dgemm_oblas_optimized_thin_thin007_2023-07-11_16-17-05.csv
srun: error: Unable to create step for job 17376: Job/step already completing or completed
dgemm_thin_job_17376.out	dgemm_oblas_optimized_thin_thin007_2023-07-11_16-17-05.csv	thin007	rep 8 size 30000 OMP_PLACES=cores OMP_PROC_BIND=close OMP_NUM_THREADS=10 BLIS_NUM_THREADS=10 srun -n1 --cpus-per-task=10 ./dgemm_oblas_optimized.x 30000 30000 30000>>dgemm_oblas_optimized_thin_thin007_2023-07-11_16-17-05.csv
srun: error: Unable to create step for job 17376: Job/step already completing or completed
dgemm_thin_job_17376.out	dgemm_oblas_optimized_thin_thin007_2023-07-11_16-17-05.csv	thin007	rep 8 size 30000 OMP_PLACES=cores OMP_PROC_BIND=close OMP_NUM_THREADS=9 BLIS_NUM_THREADS=9 srun -n1 --cpus-per-task=9 ./dgemm_oblas_optimized.x 30000 30000 30000>>dgemm_oblas_optimized_thin_thin007_2023-07-11_16-17-05.csv
srun: error: Unable to create step for job 17376: Job/step already completing or completed
dgemm_thin_job_17376.out	dgemm_oblas_optimized_thin_thin007_2023-07-11_16-17-05.csv	thin007	rep 8 size 30000 OMP_PLACES=cores OMP_PROC_BIND=close OMP_NUM_THREADS=8 BLIS_NUM_THREADS=8 srun -n1 --cpus-per-task=8 ./dgemm_oblas_optimized.x 30000 30000 30000>>dgemm_oblas_optimized_thin_thin007_2023-07-11_16-17-05.csv
srun: error: Unable to create step for job 17376: Job/step already completing or completed
dgemm_thin_job_17376.out	dgemm_oblas_optimized_thin_thin007_2023-07-11_16-17-05.csv	thin007	rep 8 size 30000 OMP_PLACES=cores OMP_PROC_BIND=close OMP_NUM_THREADS=7 BLIS_NUM_THREADS=7 srun -n1 --cpus-per-task=7 ./dgemm_oblas_optimized.x 30000 30000 30000>>dgemm_oblas_optimized_thin_thin007_2023-07-11_16-17-05.csv
srun: error: Unable to create step for job 17376: Job/step already completing or completed
dgemm_thin_job_17376.out	dgemm_oblas_optimized_thin_thin007_2023-07-11_16-17-05.csv	thin007	rep 8 size 30000 OMP_PLACES=cores OMP_PROC_BIND=close OMP_NUM_THREADS=6 BLIS_NUM_THREADS=6 srun -n1 --cpus-per-task=6 ./dgemm_oblas_optimized.x 30000 30000 30000>>dgemm_oblas_optimized_thin_thin007_2023-07-11_16-17-05.csv
srun: error: Unable to create step for job 17376: Job/step already completing or completed
dgemm_thin_job_17376.out	dgemm_oblas_optimized_thin_thin007_2023-07-11_16-17-05.csv	thin007	rep 8 size 30000 OMP_PLACES=cores OMP_PROC_BIND=close OMP_NUM_THREADS=5 BLIS_NUM_THREADS=5 srun -n1 --cpus-per-task=5 ./dgemm_oblas_optimized.x 30000 30000 30000>>dgemm_oblas_optimized_thin_thin007_2023-07-11_16-17-05.csv
srun: error: Unable to create step for job 17376: Job/step already completing or completed
dgemm_thin_job_17376.out	dgemm_oblas_optimized_thin_thin007_2023-07-11_16-17-05.csv	thin007	rep 8 size 30000 OMP_PLACES=cores OMP_PROC_BIND=close OMP_NUM_THREADS=4 BLIS_NUM_THREADS=4 srun -n1 --cpus-per-task=4 ./dgemm_oblas_optimized.x 30000 30000 30000>>dgemm_oblas_optimized_thin_thin007_2023-07-11_16-17-05.csv
srun: error: Unable to create step for job 17376: Job/step already completing or completed
dgemm_thin_job_17376.out	dgemm_oblas_optimized_thin_thin007_2023-07-11_16-17-05.csv	thin007	rep 8 size 30000 OMP_PLACES=cores OMP_PROC_BIND=close OMP_NUM_THREADS=3 BLIS_NUM_THREADS=3 srun -n1 --cpus-per-task=3 ./dgemm_oblas_optimized.x 30000 30000 30000>>dgemm_oblas_optimized_thin_thin007_2023-07-11_16-17-05.csv
srun: error: Unable to create step for job 17376: Job/step already completing or completed
dgemm_thin_job_17376.out	dgemm_oblas_optimized_thin_thin007_2023-07-11_16-17-05.csv	thin007	rep 8 size 30000 OMP_PLACES=cores OMP_PROC_BIND=close OMP_NUM_THREADS=2 BLIS_NUM_THREADS=2 srun -n1 --cpus-per-task=2 ./dgemm_oblas_optimized.x 30000 30000 30000>>dgemm_oblas_optimized_thin_thin007_2023-07-11_16-17-05.csv
srun: error: Unable to create step for job 17376: Job/step already completing or completed
dgemm_thin_job_17376.out	dgemm_oblas_optimized_thin_thin007_2023-07-11_16-17-05.csv	thin007	rep 8 size 30000 OMP_PLACES=cores OMP_PROC_BIND=close OMP_NUM_THREADS=1 BLIS_NUM_THREADS=1 srun -n1 --cpus-per-task=1 ./dgemm_oblas_optimized.x 30000 30000 30000>>dgemm_oblas_optimized_thin_thin007_2023-07-11_16-17-05.csv
srun: error: Unable to create step for job 17376: Job/step already completing or completed
dgemm_thin_job_17376.out	dgemm_oblas_optimized_thin_thin007_2023-07-11_16-17-05.csv	thin007	rep 9 size 30000 OMP_PLACES=cores OMP_PROC_BIND=close OMP_NUM_THREADS=24 BLIS_NUM_THREADS=24 srun -n1 --cpus-per-task=24 ./dgemm_oblas_optimized.x 30000 30000 30000>>dgemm_oblas_optimized_thin_thin007_2023-07-11_16-17-05.csv
srun: error: Unable to create step for job 17376: Job/step already completing or completed
dgemm_thin_job_17376.out	dgemm_oblas_optimized_thin_thin007_2023-07-11_16-17-05.csv	thin007	rep 9 size 30000 OMP_PLACES=cores OMP_PROC_BIND=close OMP_NUM_THREADS=23 BLIS_NUM_THREADS=23 srun -n1 --cpus-per-task=23 ./dgemm_oblas_optimized.x 30000 30000 30000>>dgemm_oblas_optimized_thin_thin007_2023-07-11_16-17-05.csv
srun: error: Unable to create step for job 17376: Job/step already completing or completed
dgemm_thin_job_17376.out	dgemm_oblas_optimized_thin_thin007_2023-07-11_16-17-05.csv	thin007	rep 9 size 30000 OMP_PLACES=cores OMP_PROC_BIND=close OMP_NUM_THREADS=22 BLIS_NUM_THREADS=22 srun -n1 --cpus-per-task=22 ./dgemm_oblas_optimized.x 30000 30000 30000>>dgemm_oblas_optimized_thin_thin007_2023-07-11_16-17-05.csv
srun: error: Unable to create step for job 17376: Job/step already completing or completed
dgemm_thin_job_17376.out	dgemm_oblas_optimized_thin_thin007_2023-07-11_16-17-05.csv	thin007	rep 9 size 30000 OMP_PLACES=cores OMP_PROC_BIND=close OMP_NUM_THREADS=21 BLIS_NUM_THREADS=21 srun -n1 --cpus-per-task=21 ./dgemm_oblas_optimized.x 30000 30000 30000>>dgemm_oblas_optimized_thin_thin007_2023-07-11_16-17-05.csv
srun: error: Unable to create step for job 17376: Job/step already completing or completed
dgemm_thin_job_17376.out	dgemm_oblas_optimized_thin_thin007_2023-07-11_16-17-05.csv	thin007	rep 9 size 30000 OMP_PLACES=cores OMP_PROC_BIND=close OMP_NUM_THREADS=20 BLIS_NUM_THREADS=20 srun -n1 --cpus-per-task=20 ./dgemm_oblas_optimized.x 30000 30000 30000>>dgemm_oblas_optimized_thin_thin007_2023-07-11_16-17-05.csv
srun: error: Unable to create step for job 17376: Job/step already completing or completed
dgemm_thin_job_17376.out	dgemm_oblas_optimized_thin_thin007_2023-07-11_16-17-05.csv	thin007	rep 9 size 30000 OMP_PLACES=cores OMP_PROC_BIND=close OMP_NUM_THREADS=19 BLIS_NUM_THREADS=19 srun -n1 --cpus-per-task=19 ./dgemm_oblas_optimized.x 30000 30000 30000>>dgemm_oblas_optimized_thin_thin007_2023-07-11_16-17-05.csv
srun: error: Unable to create step for job 17376: Job/step already completing or completed
dgemm_thin_job_17376.out	dgemm_oblas_optimized_thin_thin007_2023-07-11_16-17-05.csv	thin007	rep 9 size 30000 OMP_PLACES=cores OMP_PROC_BIND=close OMP_NUM_THREADS=18 BLIS_NUM_THREADS=18 srun -n1 --cpus-per-task=18 ./dgemm_oblas_optimized.x 30000 30000 30000>>dgemm_oblas_optimized_thin_thin007_2023-07-11_16-17-05.csv
srun: error: Unable to create step for job 17376: Job/step already completing or completed
dgemm_thin_job_17376.out	dgemm_oblas_optimized_thin_thin007_2023-07-11_16-17-05.csv	thin007	rep 9 size 30000 OMP_PLACES=cores OMP_PROC_BIND=close OMP_NUM_THREADS=17 BLIS_NUM_THREADS=17 srun -n1 --cpus-per-task=17 ./dgemm_oblas_optimized.x 30000 30000 30000>>dgemm_oblas_optimized_thin_thin007_2023-07-11_16-17-05.csv
srun: error: Unable to create step for job 17376: Job/step already completing or completed
dgemm_thin_job_17376.out	dgemm_oblas_optimized_thin_thin007_2023-07-11_16-17-05.csv	thin007	rep 9 size 30000 OMP_PLACES=cores OMP_PROC_BIND=close OMP_NUM_THREADS=16 BLIS_NUM_THREADS=16 srun -n1 --cpus-per-task=16 ./dgemm_oblas_optimized.x 30000 30000 30000>>dgemm_oblas_optimized_thin_thin007_2023-07-11_16-17-05.csv
srun: error: Unable to create step for job 17376: Job/step already completing or completed
dgemm_thin_job_17376.out	dgemm_oblas_optimized_thin_thin007_2023-07-11_16-17-05.csv	thin007	rep 9 size 30000 OMP_PLACES=cores OMP_PROC_BIND=close OMP_NUM_THREADS=15 BLIS_NUM_THREADS=15 srun -n1 --cpus-per-task=15 ./dgemm_oblas_optimized.x 30000 30000 30000>>dgemm_oblas_optimized_thin_thin007_2023-07-11_16-17-05.csv
srun: error: Unable to create step for job 17376: Job/step already completing or completed
dgemm_thin_job_17376.out	dgemm_oblas_optimized_thin_thin007_2023-07-11_16-17-05.csv	thin007	rep 9 size 30000 OMP_PLACES=cores OMP_PROC_BIND=close OMP_NUM_THREADS=14 BLIS_NUM_THREADS=14 srun -n1 --cpus-per-task=14 ./dgemm_oblas_optimized.x 30000 30000 30000>>dgemm_oblas_optimized_thin_thin007_2023-07-11_16-17-05.csv
srun: error: Unable to create step for job 17376: Job/step already completing or completed
dgemm_thin_job_17376.out	dgemm_oblas_optimized_thin_thin007_2023-07-11_16-17-05.csv	thin007	rep 9 size 30000 OMP_PLACES=cores OMP_PROC_BIND=close OMP_NUM_THREADS=13 BLIS_NUM_THREADS=13 srun -n1 --cpus-per-task=13 ./dgemm_oblas_optimized.x 30000 30000 30000>>dgemm_oblas_optimized_thin_thin007_2023-07-11_16-17-05.csv
srun: error: Unable to create step for job 17376: Job/step already completing or completed
dgemm_thin_job_17376.out	dgemm_oblas_optimized_thin_thin007_2023-07-11_16-17-05.csv	thin007	rep 9 size 30000 OMP_PLACES=cores OMP_PROC_BIND=close OMP_NUM_THREADS=12 BLIS_NUM_THREADS=12 srun -n1 --cpus-per-task=12 ./dgemm_oblas_optimized.x 30000 30000 30000>>dgemm_oblas_optimized_thin_thin007_2023-07-11_16-17-05.csv
srun: error: Unable to create step for job 17376: Job/step already completing or completed
dgemm_thin_job_17376.out	dgemm_oblas_optimized_thin_thin007_2023-07-11_16-17-05.csv	thin007	rep 9 size 30000 OMP_PLACES=cores OMP_PROC_BIND=close OMP_NUM_THREADS=11 BLIS_NUM_THREADS=11 srun -n1 --cpus-per-task=11 ./dgemm_oblas_optimized.x 30000 30000 30000>>dgemm_oblas_optimized_thin_thin007_2023-07-11_16-17-05.csv
srun: error: Unable to create step for job 17376: Job/step already completing or completed
dgemm_thin_job_17376.out	dgemm_oblas_optimized_thin_thin007_2023-07-11_16-17-05.csv	thin007	rep 9 size 30000 OMP_PLACES=cores OMP_PROC_BIND=close OMP_NUM_THREADS=10 BLIS_NUM_THREADS=10 srun -n1 --cpus-per-task=10 ./dgemm_oblas_optimized.x 30000 30000 30000>>dgemm_oblas_optimized_thin_thin007_2023-07-11_16-17-05.csv
srun: error: Unable to create step for job 17376: Job/step already completing or completed
dgemm_thin_job_17376.out	dgemm_oblas_optimized_thin_thin007_2023-07-11_16-17-05.csv	thin007	rep 9 size 30000 OMP_PLACES=cores OMP_PROC_BIND=close OMP_NUM_THREADS=9 BLIS_NUM_THREADS=9 srun -n1 --cpus-per-task=9 ./dgemm_oblas_optimized.x 30000 30000 30000>>dgemm_oblas_optimized_thin_thin007_2023-07-11_16-17-05.csv
srun: error: Unable to create step for job 17376: Job/step already completing or completed
dgemm_thin_job_17376.out	dgemm_oblas_optimized_thin_thin007_2023-07-11_16-17-05.csv	thin007	rep 9 size 30000 OMP_PLACES=cores OMP_PROC_BIND=close OMP_NUM_THREADS=8 BLIS_NUM_THREADS=8 srun -n1 --cpus-per-task=8 ./dgemm_oblas_optimized.x 30000 30000 30000>>dgemm_oblas_optimized_thin_thin007_2023-07-11_16-17-05.csv
srun: error: Unable to create step for job 17376: Job/step already completing or completed
dgemm_thin_job_17376.out	dgemm_oblas_optimized_thin_thin007_2023-07-11_16-17-05.csv	thin007	rep 9 size 30000 OMP_PLACES=cores OMP_PROC_BIND=close OMP_NUM_THREADS=7 BLIS_NUM_THREADS=7 srun -n1 --cpus-per-task=7 ./dgemm_oblas_optimized.x 30000 30000 30000>>dgemm_oblas_optimized_thin_thin007_2023-07-11_16-17-05.csv
srun: error: Unable to create step for job 17376: Job/step already completing or completed
dgemm_thin_job_17376.out	dgemm_oblas_optimized_thin_thin007_2023-07-11_16-17-05.csv	thin007	rep 9 size 30000 OMP_PLACES=cores OMP_PROC_BIND=close OMP_NUM_THREADS=6 BLIS_NUM_THREADS=6 srun -n1 --cpus-per-task=6 ./dgemm_oblas_optimized.x 30000 30000 30000>>dgemm_oblas_optimized_thin_thin007_2023-07-11_16-17-05.csv
srun: error: Unable to create step for job 17376: Job/step already completing or completed
dgemm_thin_job_17376.out	dgemm_oblas_optimized_thin_thin007_2023-07-11_16-17-05.csv	thin007	rep 9 size 30000 OMP_PLACES=cores OMP_PROC_BIND=close OMP_NUM_THREADS=5 BLIS_NUM_THREADS=5 srun -n1 --cpus-per-task=5 ./dgemm_oblas_optimized.x 30000 30000 30000>>dgemm_oblas_optimized_thin_thin007_2023-07-11_16-17-05.csv
srun: error: Unable to create step for job 17376: Job/step already completing or completed
dgemm_thin_job_17376.out	dgemm_oblas_optimized_thin_thin007_2023-07-11_16-17-05.csv	thin007	rep 9 size 30000 OMP_PLACES=cores OMP_PROC_BIND=close OMP_NUM_THREADS=4 BLIS_NUM_THREADS=4 srun -n1 --cpus-per-task=4 ./dgemm_oblas_optimized.x 30000 30000 30000>>dgemm_oblas_optimized_thin_thin007_2023-07-11_16-17-05.csv
srun: error: Unable to create step for job 17376: Job/step already completing or completed
dgemm_thin_job_17376.out	dgemm_oblas_optimized_thin_thin007_2023-07-11_16-17-05.csv	thin007	rep 9 size 30000 OMP_PLACES=cores OMP_PROC_BIND=close OMP_NUM_THREADS=3 BLIS_NUM_THREADS=3 srun -n1 --cpus-per-task=3 ./dgemm_oblas_optimized.x 30000 30000 30000>>dgemm_oblas_optimized_thin_thin007_2023-07-11_16-17-05.csv
srun: error: Unable to create step for job 17376: Job/step already completing or completed
dgemm_thin_job_17376.out	dgemm_oblas_optimized_thin_thin007_2023-07-11_16-17-05.csv	thin007	rep 9 size 30000 OMP_PLACES=cores OMP_PROC_BIND=close OMP_NUM_THREADS=2 BLIS_NUM_THREADS=2 srun -n1 --cpus-per-task=2 ./dgemm_oblas_optimized.x 30000 30000 30000>>dgemm_oblas_optimized_thin_thin007_2023-07-11_16-17-05.csv
srun: error: Unable to create step for job 17376: Job/step already completing or completed
dgemm_thin_job_17376.out	dgemm_oblas_optimized_thin_thin007_2023-07-11_16-17-05.csv	thin007	rep 9 size 30000 OMP_PLACES=cores OMP_PROC_BIND=close OMP_NUM_THREADS=1 BLIS_NUM_THREADS=1 srun -n1 --cpus-per-task=1 ./dgemm_oblas_optimized.x 30000 30000 30000>>dgemm_oblas_optimized_thin_thin007_2023-07-11_16-17-05.csv
srun: error: Unable to create step for job 17376: Job/step already completing or completed
dgemm_thin_job_17376.out	dgemm_oblas_optimized_thin_thin007_2023-07-11_16-17-05.csv	thin007	rep 10 size 30000 OMP_PLACES=cores OMP_PROC_BIND=close OMP_NUM_THREADS=24 BLIS_NUM_THREADS=24 srun -n1 --cpus-per-task=24 ./dgemm_oblas_optimized.x 30000 30000 30000>>dgemm_oblas_optimized_thin_thin007_2023-07-11_16-17-05.csv
srun: error: Unable to create step for job 17376: Job/step already completing or completed
dgemm_thin_job_17376.out	dgemm_oblas_optimized_thin_thin007_2023-07-11_16-17-05.csv	thin007	rep 10 size 30000 OMP_PLACES=cores OMP_PROC_BIND=close OMP_NUM_THREADS=23 BLIS_NUM_THREADS=23 srun -n1 --cpus-per-task=23 ./dgemm_oblas_optimized.x 30000 30000 30000>>dgemm_oblas_optimized_thin_thin007_2023-07-11_16-17-05.csv
srun: error: Unable to create step for job 17376: Job/step already completing or completed
dgemm_thin_job_17376.out	dgemm_oblas_optimized_thin_thin007_2023-07-11_16-17-05.csv	thin007	rep 10 size 30000 OMP_PLACES=cores OMP_PROC_BIND=close OMP_NUM_THREADS=22 BLIS_NUM_THREADS=22 srun -n1 --cpus-per-task=22 ./dgemm_oblas_optimized.x 30000 30000 30000>>dgemm_oblas_optimized_thin_thin007_2023-07-11_16-17-05.csv
srun: error: Unable to create step for job 17376: Job/step already completing or completed
dgemm_thin_job_17376.out	dgemm_oblas_optimized_thin_thin007_2023-07-11_16-17-05.csv	thin007	rep 10 size 30000 OMP_PLACES=cores OMP_PROC_BIND=close OMP_NUM_THREADS=21 BLIS_NUM_THREADS=21 srun -n1 --cpus-per-task=21 ./dgemm_oblas_optimized.x 30000 30000 30000>>dgemm_oblas_optimized_thin_thin007_2023-07-11_16-17-05.csv
srun: error: Unable to create step for job 17376: Job/step already completing or completed
dgemm_thin_job_17376.out	dgemm_oblas_optimized_thin_thin007_2023-07-11_16-17-05.csv	thin007	rep 10 size 30000 OMP_PLACES=cores OMP_PROC_BIND=close OMP_NUM_THREADS=20 BLIS_NUM_THREADS=20 srun -n1 --cpus-per-task=20 ./dgemm_oblas_optimized.x 30000 30000 30000>>dgemm_oblas_optimized_thin_thin007_2023-07-11_16-17-05.csv
srun: error: Unable to create step for job 17376: Job/step already completing or completed
dgemm_thin_job_17376.out	dgemm_oblas_optimized_thin_thin007_2023-07-11_16-17-05.csv	thin007	rep 10 size 30000 OMP_PLACES=cores OMP_PROC_BIND=close OMP_NUM_THREADS=19 BLIS_NUM_THREADS=19 srun -n1 --cpus-per-task=19 ./dgemm_oblas_optimized.x 30000 30000 30000>>dgemm_oblas_optimized_thin_thin007_2023-07-11_16-17-05.csv
srun: error: Unable to create step for job 17376: Job/step already completing or completed
dgemm_thin_job_17376.out	dgemm_oblas_optimized_thin_thin007_2023-07-11_16-17-05.csv	thin007	rep 10 size 30000 OMP_PLACES=cores OMP_PROC_BIND=close OMP_NUM_THREADS=18 BLIS_NUM_THREADS=18 srun -n1 --cpus-per-task=18 ./dgemm_oblas_optimized.x 30000 30000 30000>>dgemm_oblas_optimized_thin_thin007_2023-07-11_16-17-05.csv
srun: error: Unable to create step for job 17376: Job/step already completing or completed
dgemm_thin_job_17376.out	dgemm_oblas_optimized_thin_thin007_2023-07-11_16-17-05.csv	thin007	rep 10 size 30000 OMP_PLACES=cores OMP_PROC_BIND=close OMP_NUM_THREADS=17 BLIS_NUM_THREADS=17 srun -n1 --cpus-per-task=17 ./dgemm_oblas_optimized.x 30000 30000 30000>>dgemm_oblas_optimized_thin_thin007_2023-07-11_16-17-05.csv
srun: error: Unable to create step for job 17376: Job/step already completing or completed
dgemm_thin_job_17376.out	dgemm_oblas_optimized_thin_thin007_2023-07-11_16-17-05.csv	thin007	rep 10 size 30000 OMP_PLACES=cores OMP_PROC_BIND=close OMP_NUM_THREADS=16 BLIS_NUM_THREADS=16 srun -n1 --cpus-per-task=16 ./dgemm_oblas_optimized.x 30000 30000 30000>>dgemm_oblas_optimized_thin_thin007_2023-07-11_16-17-05.csv
srun: error: Unable to create step for job 17376: Job/step already completing or completed
dgemm_thin_job_17376.out	dgemm_oblas_optimized_thin_thin007_2023-07-11_16-17-05.csv	thin007	rep 10 size 30000 OMP_PLACES=cores OMP_PROC_BIND=close OMP_NUM_THREADS=15 BLIS_NUM_THREADS=15 srun -n1 --cpus-per-task=15 ./dgemm_oblas_optimized.x 30000 30000 30000>>dgemm_oblas_optimized_thin_thin007_2023-07-11_16-17-05.csv
srun: error: Unable to create step for job 17376: Job/step already completing or completed
dgemm_thin_job_17376.out	dgemm_oblas_optimized_thin_thin007_2023-07-11_16-17-05.csv	thin007	rep 10 size 30000 OMP_PLACES=cores OMP_PROC_BIND=close OMP_NUM_THREADS=14 BLIS_NUM_THREADS=14 srun -n1 --cpus-per-task=14 ./dgemm_oblas_optimized.x 30000 30000 30000>>dgemm_oblas_optimized_thin_thin007_2023-07-11_16-17-05.csv
srun: error: Unable to create step for job 17376: Job/step already completing or completed
dgemm_thin_job_17376.out	dgemm_oblas_optimized_thin_thin007_2023-07-11_16-17-05.csv	thin007	rep 10 size 30000 OMP_PLACES=cores OMP_PROC_BIND=close OMP_NUM_THREADS=13 BLIS_NUM_THREADS=13 srun -n1 --cpus-per-task=13 ./dgemm_oblas_optimized.x 30000 30000 30000>>dgemm_oblas_optimized_thin_thin007_2023-07-11_16-17-05.csv
srun: error: Unable to create step for job 17376: Job/step already completing or completed
dgemm_thin_job_17376.out	dgemm_oblas_optimized_thin_thin007_2023-07-11_16-17-05.csv	thin007	rep 10 size 30000 OMP_PLACES=cores OMP_PROC_BIND=close OMP_NUM_THREADS=12 BLIS_NUM_THREADS=12 srun -n1 --cpus-per-task=12 ./dgemm_oblas_optimized.x 30000 30000 30000>>dgemm_oblas_optimized_thin_thin007_2023-07-11_16-17-05.csv
srun: error: Unable to create step for job 17376: Job/step already completing or completed
dgemm_thin_job_17376.out	dgemm_oblas_optimized_thin_thin007_2023-07-11_16-17-05.csv	thin007	rep 10 size 30000 OMP_PLACES=cores OMP_PROC_BIND=close OMP_NUM_THREADS=11 BLIS_NUM_THREADS=11 srun -n1 --cpus-per-task=11 ./dgemm_oblas_optimized.x 30000 30000 30000>>dgemm_oblas_optimized_thin_thin007_2023-07-11_16-17-05.csv
srun: error: Unable to create step for job 17376: Job/step already completing or completed
dgemm_thin_job_17376.out	dgemm_oblas_optimized_thin_thin007_2023-07-11_16-17-05.csv	thin007	rep 10 size 30000 OMP_PLACES=cores OMP_PROC_BIND=close OMP_NUM_THREADS=10 BLIS_NUM_THREADS=10 srun -n1 --cpus-per-task=10 ./dgemm_oblas_optimized.x 30000 30000 30000>>dgemm_oblas_optimized_thin_thin007_2023-07-11_16-17-05.csv
srun: error: Unable to create step for job 17376: Job/step already completing or completed
dgemm_thin_job_17376.out	dgemm_oblas_optimized_thin_thin007_2023-07-11_16-17-05.csv	thin007	rep 10 size 30000 OMP_PLACES=cores OMP_PROC_BIND=close OMP_NUM_THREADS=9 BLIS_NUM_THREADS=9 srun -n1 --cpus-per-task=9 ./dgemm_oblas_optimized.x 30000 30000 30000>>dgemm_oblas_optimized_thin_thin007_2023-07-11_16-17-05.csv
srun: error: Unable to create step for job 17376: Job/step already completing or completed
dgemm_thin_job_17376.out	dgemm_oblas_optimized_thin_thin007_2023-07-11_16-17-05.csv	thin007	rep 10 size 30000 OMP_PLACES=cores OMP_PROC_BIND=close OMP_NUM_THREADS=8 BLIS_NUM_THREADS=8 srun -n1 --cpus-per-task=8 ./dgemm_oblas_optimized.x 30000 30000 30000>>dgemm_oblas_optimized_thin_thin007_2023-07-11_16-17-05.csv
srun: error: Unable to create step for job 17376: Job/step already completing or completed
dgemm_thin_job_17376.out	dgemm_oblas_optimized_thin_thin007_2023-07-11_16-17-05.csv	thin007	rep 10 size 30000 OMP_PLACES=cores OMP_PROC_BIND=close OMP_NUM_THREADS=7 BLIS_NUM_THREADS=7 srun -n1 --cpus-per-task=7 ./dgemm_oblas_optimized.x 30000 30000 30000>>dgemm_oblas_optimized_thin_thin007_2023-07-11_16-17-05.csv
srun: error: Unable to create step for job 17376: Job/step already completing or completed
dgemm_thin_job_17376.out	dgemm_oblas_optimized_thin_thin007_2023-07-11_16-17-05.csv	thin007	rep 10 size 30000 OMP_PLACES=cores OMP_PROC_BIND=close OMP_NUM_THREADS=6 BLIS_NUM_THREADS=6 srun -n1 --cpus-per-task=6 ./dgemm_oblas_optimized.x 30000 30000 30000>>dgemm_oblas_optimized_thin_thin007_2023-07-11_16-17-05.csv
srun: error: Unable to create step for job 17376: Job/step already completing or completed
dgemm_thin_job_17376.out	dgemm_oblas_optimized_thin_thin007_2023-07-11_16-17-05.csv	thin007	rep 10 size 30000 OMP_PLACES=cores OMP_PROC_BIND=close OMP_NUM_THREADS=5 BLIS_NUM_THREADS=5 srun -n1 --cpus-per-task=5 ./dgemm_oblas_optimized.x 30000 30000 30000>>dgemm_oblas_optimized_thin_thin007_2023-07-11_16-17-05.csv
srun: error: Unable to create step for job 17376: Job/step already completing or completed
dgemm_thin_job_17376.out	dgemm_oblas_optimized_thin_thin007_2023-07-11_16-17-05.csv	thin007	rep 10 size 30000 OMP_PLACES=cores OMP_PROC_BIND=close OMP_NUM_THREADS=4 BLIS_NUM_THREADS=4 srun -n1 --cpus-per-task=4 ./dgemm_oblas_optimized.x 30000 30000 30000>>dgemm_oblas_optimized_thin_thin007_2023-07-11_16-17-05.csv
srun: error: Unable to create step for job 17376: Job/step already completing or completed
dgemm_thin_job_17376.out	dgemm_oblas_optimized_thin_thin007_2023-07-11_16-17-05.csv	thin007	rep 10 size 30000 OMP_PLACES=cores OMP_PROC_BIND=close OMP_NUM_THREADS=3 BLIS_NUM_THREADS=3 srun -n1 --cpus-per-task=3 ./dgemm_oblas_optimized.x 30000 30000 30000>>dgemm_oblas_optimized_thin_thin007_2023-07-11_16-17-05.csv
srun: error: Unable to create step for job 17376: Job/step already completing or completed
dgemm_thin_job_17376.out	dgemm_oblas_optimized_thin_thin007_2023-07-11_16-17-05.csv	thin007	rep 10 size 30000 OMP_PLACES=cores OMP_PROC_BIND=close OMP_NUM_THREADS=2 BLIS_NUM_THREADS=2 srun -n1 --cpus-per-task=2 ./dgemm_oblas_optimized.x 30000 30000 30000>>dgemm_oblas_optimized_thin_thin007_2023-07-11_16-17-05.csv
srun: error: Unable to create step for job 17376: Job/step already completing or completed
dgemm_thin_job_17376.out	dgemm_oblas_optimized_thin_thin007_2023-07-11_16-17-05.csv	thin007	rep 10 size 30000 OMP_PLACES=cores OMP_PROC_BIND=close OMP_NUM_THREADS=1 BLIS_NUM_THREADS=1 srun -n1 --cpus-per-task=1 ./dgemm_oblas_optimized.x 30000 30000 30000>>dgemm_oblas_optimized_thin_thin007_2023-07-11_16-17-05.csv
srun: error: Unable to create step for job 17376: Job/step already completing or completed
thin007 2023-07-11_18-17-21 END
size scalability end
