Loading mkl version 2022.2.1
Loading tbb version 2021.7.1
Loading compiler-rt version 2022.2.1
size scalability begin
dgemm_thin_job_17104.out	dgemm_mkl_optimized_thin_thin006_2023-07-10_01-53-59.csv	thin006	rep 1 size 30000 OMP_PLACES=cores OMP_PROC_BIND=close OMP_NUM_THREADS=12 BLIS_NUM_THREADS=12 srun -n1 --cpus-per-task=12 ./dgemm_mkl_optimized.x 30000 30000 30000>>dgemm_mkl_optimized_thin_thin006_2023-07-10_01-53-59.csv
dgemm_thin_job_17104.out	dgemm_mkl_optimized_thin_thin006_2023-07-10_01-53-59.csv	thin006	rep 1 size 30000 OMP_PLACES=cores OMP_PROC_BIND=close OMP_NUM_THREADS=11 BLIS_NUM_THREADS=11 srun -n1 --cpus-per-task=11 ./dgemm_mkl_optimized.x 30000 30000 30000>>dgemm_mkl_optimized_thin_thin006_2023-07-10_01-53-59.csv
dgemm_thin_job_17104.out	dgemm_mkl_optimized_thin_thin006_2023-07-10_01-53-59.csv	thin006	rep 1 size 30000 OMP_PLACES=cores OMP_PROC_BIND=close OMP_NUM_THREADS=10 BLIS_NUM_THREADS=10 srun -n1 --cpus-per-task=10 ./dgemm_mkl_optimized.x 30000 30000 30000>>dgemm_mkl_optimized_thin_thin006_2023-07-10_01-53-59.csv
dgemm_thin_job_17104.out	dgemm_mkl_optimized_thin_thin006_2023-07-10_01-53-59.csv	thin006	rep 1 size 30000 OMP_PLACES=cores OMP_PROC_BIND=close OMP_NUM_THREADS=9 BLIS_NUM_THREADS=9 srun -n1 --cpus-per-task=9 ./dgemm_mkl_optimized.x 30000 30000 30000>>dgemm_mkl_optimized_thin_thin006_2023-07-10_01-53-59.csv
dgemm_thin_job_17104.out	dgemm_mkl_optimized_thin_thin006_2023-07-10_01-53-59.csv	thin006	rep 1 size 30000 OMP_PLACES=cores OMP_PROC_BIND=close OMP_NUM_THREADS=8 BLIS_NUM_THREADS=8 srun -n1 --cpus-per-task=8 ./dgemm_mkl_optimized.x 30000 30000 30000>>dgemm_mkl_optimized_thin_thin006_2023-07-10_01-53-59.csv
dgemm_thin_job_17104.out	dgemm_mkl_optimized_thin_thin006_2023-07-10_01-53-59.csv	thin006	rep 1 size 30000 OMP_PLACES=cores OMP_PROC_BIND=close OMP_NUM_THREADS=7 BLIS_NUM_THREADS=7 srun -n1 --cpus-per-task=7 ./dgemm_mkl_optimized.x 30000 30000 30000>>dgemm_mkl_optimized_thin_thin006_2023-07-10_01-53-59.csv
dgemm_thin_job_17104.out	dgemm_mkl_optimized_thin_thin006_2023-07-10_01-53-59.csv	thin006	rep 1 size 30000 OMP_PLACES=cores OMP_PROC_BIND=close OMP_NUM_THREADS=6 BLIS_NUM_THREADS=6 srun -n1 --cpus-per-task=6 ./dgemm_mkl_optimized.x 30000 30000 30000>>dgemm_mkl_optimized_thin_thin006_2023-07-10_01-53-59.csv
dgemm_thin_job_17104.out	dgemm_mkl_optimized_thin_thin006_2023-07-10_01-53-59.csv	thin006	rep 1 size 30000 OMP_PLACES=cores OMP_PROC_BIND=close OMP_NUM_THREADS=5 BLIS_NUM_THREADS=5 srun -n1 --cpus-per-task=5 ./dgemm_mkl_optimized.x 30000 30000 30000>>dgemm_mkl_optimized_thin_thin006_2023-07-10_01-53-59.csv
dgemm_thin_job_17104.out	dgemm_mkl_optimized_thin_thin006_2023-07-10_01-53-59.csv	thin006	rep 1 size 30000 OMP_PLACES=cores OMP_PROC_BIND=close OMP_NUM_THREADS=4 BLIS_NUM_THREADS=4 srun -n1 --cpus-per-task=4 ./dgemm_mkl_optimized.x 30000 30000 30000>>dgemm_mkl_optimized_thin_thin006_2023-07-10_01-53-59.csv
dgemm_thin_job_17104.out	dgemm_mkl_optimized_thin_thin006_2023-07-10_01-53-59.csv	thin006	rep 1 size 30000 OMP_PLACES=cores OMP_PROC_BIND=close OMP_NUM_THREADS=3 BLIS_NUM_THREADS=3 srun -n1 --cpus-per-task=3 ./dgemm_mkl_optimized.x 30000 30000 30000>>dgemm_mkl_optimized_thin_thin006_2023-07-10_01-53-59.csv
dgemm_thin_job_17104.out	dgemm_mkl_optimized_thin_thin006_2023-07-10_01-53-59.csv	thin006	rep 1 size 30000 OMP_PLACES=cores OMP_PROC_BIND=close OMP_NUM_THREADS=2 BLIS_NUM_THREADS=2 srun -n1 --cpus-per-task=2 ./dgemm_mkl_optimized.x 30000 30000 30000>>dgemm_mkl_optimized_thin_thin006_2023-07-10_01-53-59.csv
dgemm_thin_job_17104.out	dgemm_mkl_optimized_thin_thin006_2023-07-10_01-53-59.csv	thin006	rep 1 size 30000 OMP_PLACES=cores OMP_PROC_BIND=close OMP_NUM_THREADS=1 BLIS_NUM_THREADS=1 srun -n1 --cpus-per-task=1 ./dgemm_mkl_optimized.x 30000 30000 30000>>dgemm_mkl_optimized_thin_thin006_2023-07-10_01-53-59.csv
dgemm_thin_job_17104.out	dgemm_mkl_optimized_thin_thin006_2023-07-10_01-53-59.csv	thin006	rep 2 size 30000 OMP_PLACES=cores OMP_PROC_BIND=close OMP_NUM_THREADS=12 BLIS_NUM_THREADS=12 srun -n1 --cpus-per-task=12 ./dgemm_mkl_optimized.x 30000 30000 30000>>dgemm_mkl_optimized_thin_thin006_2023-07-10_01-53-59.csv
dgemm_thin_job_17104.out	dgemm_mkl_optimized_thin_thin006_2023-07-10_01-53-59.csv	thin006	rep 2 size 30000 OMP_PLACES=cores OMP_PROC_BIND=close OMP_NUM_THREADS=11 BLIS_NUM_THREADS=11 srun -n1 --cpus-per-task=11 ./dgemm_mkl_optimized.x 30000 30000 30000>>dgemm_mkl_optimized_thin_thin006_2023-07-10_01-53-59.csv
dgemm_thin_job_17104.out	dgemm_mkl_optimized_thin_thin006_2023-07-10_01-53-59.csv	thin006	rep 2 size 30000 OMP_PLACES=cores OMP_PROC_BIND=close OMP_NUM_THREADS=10 BLIS_NUM_THREADS=10 srun -n1 --cpus-per-task=10 ./dgemm_mkl_optimized.x 30000 30000 30000>>dgemm_mkl_optimized_thin_thin006_2023-07-10_01-53-59.csv
dgemm_thin_job_17104.out	dgemm_mkl_optimized_thin_thin006_2023-07-10_01-53-59.csv	thin006	rep 2 size 30000 OMP_PLACES=cores OMP_PROC_BIND=close OMP_NUM_THREADS=9 BLIS_NUM_THREADS=9 srun -n1 --cpus-per-task=9 ./dgemm_mkl_optimized.x 30000 30000 30000>>dgemm_mkl_optimized_thin_thin006_2023-07-10_01-53-59.csv
dgemm_thin_job_17104.out	dgemm_mkl_optimized_thin_thin006_2023-07-10_01-53-59.csv	thin006	rep 2 size 30000 OMP_PLACES=cores OMP_PROC_BIND=close OMP_NUM_THREADS=8 BLIS_NUM_THREADS=8 srun -n1 --cpus-per-task=8 ./dgemm_mkl_optimized.x 30000 30000 30000>>dgemm_mkl_optimized_thin_thin006_2023-07-10_01-53-59.csv
dgemm_thin_job_17104.out	dgemm_mkl_optimized_thin_thin006_2023-07-10_01-53-59.csv	thin006	rep 2 size 30000 OMP_PLACES=cores OMP_PROC_BIND=close OMP_NUM_THREADS=7 BLIS_NUM_THREADS=7 srun -n1 --cpus-per-task=7 ./dgemm_mkl_optimized.x 30000 30000 30000>>dgemm_mkl_optimized_thin_thin006_2023-07-10_01-53-59.csv
dgemm_thin_job_17104.out	dgemm_mkl_optimized_thin_thin006_2023-07-10_01-53-59.csv	thin006	rep 2 size 30000 OMP_PLACES=cores OMP_PROC_BIND=close OMP_NUM_THREADS=6 BLIS_NUM_THREADS=6 srun -n1 --cpus-per-task=6 ./dgemm_mkl_optimized.x 30000 30000 30000>>dgemm_mkl_optimized_thin_thin006_2023-07-10_01-53-59.csv
dgemm_thin_job_17104.out	dgemm_mkl_optimized_thin_thin006_2023-07-10_01-53-59.csv	thin006	rep 2 size 30000 OMP_PLACES=cores OMP_PROC_BIND=close OMP_NUM_THREADS=5 BLIS_NUM_THREADS=5 srun -n1 --cpus-per-task=5 ./dgemm_mkl_optimized.x 30000 30000 30000>>dgemm_mkl_optimized_thin_thin006_2023-07-10_01-53-59.csv
dgemm_thin_job_17104.out	dgemm_mkl_optimized_thin_thin006_2023-07-10_01-53-59.csv	thin006	rep 2 size 30000 OMP_PLACES=cores OMP_PROC_BIND=close OMP_NUM_THREADS=4 BLIS_NUM_THREADS=4 srun -n1 --cpus-per-task=4 ./dgemm_mkl_optimized.x 30000 30000 30000>>dgemm_mkl_optimized_thin_thin006_2023-07-10_01-53-59.csv
dgemm_thin_job_17104.out	dgemm_mkl_optimized_thin_thin006_2023-07-10_01-53-59.csv	thin006	rep 2 size 30000 OMP_PLACES=cores OMP_PROC_BIND=close OMP_NUM_THREADS=3 BLIS_NUM_THREADS=3 srun -n1 --cpus-per-task=3 ./dgemm_mkl_optimized.x 30000 30000 30000>>dgemm_mkl_optimized_thin_thin006_2023-07-10_01-53-59.csv
dgemm_thin_job_17104.out	dgemm_mkl_optimized_thin_thin006_2023-07-10_01-53-59.csv	thin006	rep 2 size 30000 OMP_PLACES=cores OMP_PROC_BIND=close OMP_NUM_THREADS=2 BLIS_NUM_THREADS=2 srun -n1 --cpus-per-task=2 ./dgemm_mkl_optimized.x 30000 30000 30000>>dgemm_mkl_optimized_thin_thin006_2023-07-10_01-53-59.csv
dgemm_thin_job_17104.out	dgemm_mkl_optimized_thin_thin006_2023-07-10_01-53-59.csv	thin006	rep 2 size 30000 OMP_PLACES=cores OMP_PROC_BIND=close OMP_NUM_THREADS=1 BLIS_NUM_THREADS=1 srun -n1 --cpus-per-task=1 ./dgemm_mkl_optimized.x 30000 30000 30000>>dgemm_mkl_optimized_thin_thin006_2023-07-10_01-53-59.csv
dgemm_thin_job_17104.out	dgemm_mkl_optimized_thin_thin006_2023-07-10_01-53-59.csv	thin006	rep 3 size 30000 OMP_PLACES=cores OMP_PROC_BIND=close OMP_NUM_THREADS=12 BLIS_NUM_THREADS=12 srun -n1 --cpus-per-task=12 ./dgemm_mkl_optimized.x 30000 30000 30000>>dgemm_mkl_optimized_thin_thin006_2023-07-10_01-53-59.csv
dgemm_thin_job_17104.out	dgemm_mkl_optimized_thin_thin006_2023-07-10_01-53-59.csv	thin006	rep 3 size 30000 OMP_PLACES=cores OMP_PROC_BIND=close OMP_NUM_THREADS=11 BLIS_NUM_THREADS=11 srun -n1 --cpus-per-task=11 ./dgemm_mkl_optimized.x 30000 30000 30000>>dgemm_mkl_optimized_thin_thin006_2023-07-10_01-53-59.csv
dgemm_thin_job_17104.out	dgemm_mkl_optimized_thin_thin006_2023-07-10_01-53-59.csv	thin006	rep 3 size 30000 OMP_PLACES=cores OMP_PROC_BIND=close OMP_NUM_THREADS=10 BLIS_NUM_THREADS=10 srun -n1 --cpus-per-task=10 ./dgemm_mkl_optimized.x 30000 30000 30000>>dgemm_mkl_optimized_thin_thin006_2023-07-10_01-53-59.csv
dgemm_thin_job_17104.out	dgemm_mkl_optimized_thin_thin006_2023-07-10_01-53-59.csv	thin006	rep 3 size 30000 OMP_PLACES=cores OMP_PROC_BIND=close OMP_NUM_THREADS=9 BLIS_NUM_THREADS=9 srun -n1 --cpus-per-task=9 ./dgemm_mkl_optimized.x 30000 30000 30000>>dgemm_mkl_optimized_thin_thin006_2023-07-10_01-53-59.csv
dgemm_thin_job_17104.out	dgemm_mkl_optimized_thin_thin006_2023-07-10_01-53-59.csv	thin006	rep 3 size 30000 OMP_PLACES=cores OMP_PROC_BIND=close OMP_NUM_THREADS=8 BLIS_NUM_THREADS=8 srun -n1 --cpus-per-task=8 ./dgemm_mkl_optimized.x 30000 30000 30000>>dgemm_mkl_optimized_thin_thin006_2023-07-10_01-53-59.csv
dgemm_thin_job_17104.out	dgemm_mkl_optimized_thin_thin006_2023-07-10_01-53-59.csv	thin006	rep 3 size 30000 OMP_PLACES=cores OMP_PROC_BIND=close OMP_NUM_THREADS=7 BLIS_NUM_THREADS=7 srun -n1 --cpus-per-task=7 ./dgemm_mkl_optimized.x 30000 30000 30000>>dgemm_mkl_optimized_thin_thin006_2023-07-10_01-53-59.csv
dgemm_thin_job_17104.out	dgemm_mkl_optimized_thin_thin006_2023-07-10_01-53-59.csv	thin006	rep 3 size 30000 OMP_PLACES=cores OMP_PROC_BIND=close OMP_NUM_THREADS=6 BLIS_NUM_THREADS=6 srun -n1 --cpus-per-task=6 ./dgemm_mkl_optimized.x 30000 30000 30000>>dgemm_mkl_optimized_thin_thin006_2023-07-10_01-53-59.csv
dgemm_thin_job_17104.out	dgemm_mkl_optimized_thin_thin006_2023-07-10_01-53-59.csv	thin006	rep 3 size 30000 OMP_PLACES=cores OMP_PROC_BIND=close OMP_NUM_THREADS=5 BLIS_NUM_THREADS=5 srun -n1 --cpus-per-task=5 ./dgemm_mkl_optimized.x 30000 30000 30000>>dgemm_mkl_optimized_thin_thin006_2023-07-10_01-53-59.csv
dgemm_thin_job_17104.out	dgemm_mkl_optimized_thin_thin006_2023-07-10_01-53-59.csv	thin006	rep 3 size 30000 OMP_PLACES=cores OMP_PROC_BIND=close OMP_NUM_THREADS=4 BLIS_NUM_THREADS=4 srun -n1 --cpus-per-task=4 ./dgemm_mkl_optimized.x 30000 30000 30000>>dgemm_mkl_optimized_thin_thin006_2023-07-10_01-53-59.csv
dgemm_thin_job_17104.out	dgemm_mkl_optimized_thin_thin006_2023-07-10_01-53-59.csv	thin006	rep 3 size 30000 OMP_PLACES=cores OMP_PROC_BIND=close OMP_NUM_THREADS=3 BLIS_NUM_THREADS=3 srun -n1 --cpus-per-task=3 ./dgemm_mkl_optimized.x 30000 30000 30000>>dgemm_mkl_optimized_thin_thin006_2023-07-10_01-53-59.csv
dgemm_thin_job_17104.out	dgemm_mkl_optimized_thin_thin006_2023-07-10_01-53-59.csv	thin006	rep 3 size 30000 OMP_PLACES=cores OMP_PROC_BIND=close OMP_NUM_THREADS=2 BLIS_NUM_THREADS=2 srun -n1 --cpus-per-task=2 ./dgemm_mkl_optimized.x 30000 30000 30000>>dgemm_mkl_optimized_thin_thin006_2023-07-10_01-53-59.csv
dgemm_thin_job_17104.out	dgemm_mkl_optimized_thin_thin006_2023-07-10_01-53-59.csv	thin006	rep 3 size 30000 OMP_PLACES=cores OMP_PROC_BIND=close OMP_NUM_THREADS=1 BLIS_NUM_THREADS=1 srun -n1 --cpus-per-task=1 ./dgemm_mkl_optimized.x 30000 30000 30000>>dgemm_mkl_optimized_thin_thin006_2023-07-10_01-53-59.csv
srun: error: Unable to create step for job 17104: Job/step already completing or completed
dgemm_thin_job_17104.out	dgemm_mkl_optimized_thin_thin006_2023-07-10_01-53-59.csv	thin006	rep 4 size 30000 OMP_PLACES=cores OMP_PROC_BIND=close OMP_NUM_THREADS=12 BLIS_NUM_THREADS=12 srun -n1 --cpus-per-task=12 ./dgemm_mkl_optimized.x 30000 30000 30000>>dgemm_mkl_optimized_thin_thin006_2023-07-10_01-53-59.csv
srun: error: Unable to create step for job 17104: Job/step already completing or completed
dgemm_thin_job_17104.out	dgemm_mkl_optimized_thin_thin006_2023-07-10_01-53-59.csv	thin006	rep 4 size 30000 OMP_PLACES=cores OMP_PROC_BIND=close OMP_NUM_THREADS=11 BLIS_NUM_THREADS=11 srun -n1 --cpus-per-task=11 ./dgemm_mkl_optimized.x 30000 30000 30000>>dgemm_mkl_optimized_thin_thin006_2023-07-10_01-53-59.csv
srun: error: Unable to create step for job 17104: Job/step already completing or completed
dgemm_thin_job_17104.out	dgemm_mkl_optimized_thin_thin006_2023-07-10_01-53-59.csv	thin006	rep 4 size 30000 OMP_PLACES=cores OMP_PROC_BIND=close OMP_NUM_THREADS=10 BLIS_NUM_THREADS=10 srun -n1 --cpus-per-task=10 ./dgemm_mkl_optimized.x 30000 30000 30000>>dgemm_mkl_optimized_thin_thin006_2023-07-10_01-53-59.csv
srun: error: Unable to create step for job 17104: Job/step already completing or completed
dgemm_thin_job_17104.out	dgemm_mkl_optimized_thin_thin006_2023-07-10_01-53-59.csv	thin006	rep 4 size 30000 OMP_PLACES=cores OMP_PROC_BIND=close OMP_NUM_THREADS=9 BLIS_NUM_THREADS=9 srun -n1 --cpus-per-task=9 ./dgemm_mkl_optimized.x 30000 30000 30000>>dgemm_mkl_optimized_thin_thin006_2023-07-10_01-53-59.csv
srun: error: Unable to create step for job 17104: Job/step already completing or completed
dgemm_thin_job_17104.out	dgemm_mkl_optimized_thin_thin006_2023-07-10_01-53-59.csv	thin006	rep 4 size 30000 OMP_PLACES=cores OMP_PROC_BIND=close OMP_NUM_THREADS=8 BLIS_NUM_THREADS=8 srun -n1 --cpus-per-task=8 ./dgemm_mkl_optimized.x 30000 30000 30000>>dgemm_mkl_optimized_thin_thin006_2023-07-10_01-53-59.csv
srun: error: Unable to create step for job 17104: Job/step already completing or completed
dgemm_thin_job_17104.out	dgemm_mkl_optimized_thin_thin006_2023-07-10_01-53-59.csv	thin006	rep 4 size 30000 OMP_PLACES=cores OMP_PROC_BIND=close OMP_NUM_THREADS=7 BLIS_NUM_THREADS=7 srun -n1 --cpus-per-task=7 ./dgemm_mkl_optimized.x 30000 30000 30000>>dgemm_mkl_optimized_thin_thin006_2023-07-10_01-53-59.csv
srun: error: Unable to create step for job 17104: Job/step already completing or completed
dgemm_thin_job_17104.out	dgemm_mkl_optimized_thin_thin006_2023-07-10_01-53-59.csv	thin006	rep 4 size 30000 OMP_PLACES=cores OMP_PROC_BIND=close OMP_NUM_THREADS=6 BLIS_NUM_THREADS=6 srun -n1 --cpus-per-task=6 ./dgemm_mkl_optimized.x 30000 30000 30000>>dgemm_mkl_optimized_thin_thin006_2023-07-10_01-53-59.csv
srun: error: Unable to create step for job 17104: Job/step already completing or completed
dgemm_thin_job_17104.out	dgemm_mkl_optimized_thin_thin006_2023-07-10_01-53-59.csv	thin006	rep 4 size 30000 OMP_PLACES=cores OMP_PROC_BIND=close OMP_NUM_THREADS=5 BLIS_NUM_THREADS=5 srun -n1 --cpus-per-task=5 ./dgemm_mkl_optimized.x 30000 30000 30000>>dgemm_mkl_optimized_thin_thin006_2023-07-10_01-53-59.csv
srun: error: Unable to create step for job 17104: Job/step already completing or completed
dgemm_thin_job_17104.out	dgemm_mkl_optimized_thin_thin006_2023-07-10_01-53-59.csv	thin006	rep 4 size 30000 OMP_PLACES=cores OMP_PROC_BIND=close OMP_NUM_THREADS=4 BLIS_NUM_THREADS=4 srun -n1 --cpus-per-task=4 ./dgemm_mkl_optimized.x 30000 30000 30000>>dgemm_mkl_optimized_thin_thin006_2023-07-10_01-53-59.csv
srun: error: Unable to create step for job 17104: Job/step already completing or completed
dgemm_thin_job_17104.out	dgemm_mkl_optimized_thin_thin006_2023-07-10_01-53-59.csv	thin006	rep 4 size 30000 OMP_PLACES=cores OMP_PROC_BIND=close OMP_NUM_THREADS=3 BLIS_NUM_THREADS=3 srun -n1 --cpus-per-task=3 ./dgemm_mkl_optimized.x 30000 30000 30000>>dgemm_mkl_optimized_thin_thin006_2023-07-10_01-53-59.csv
srun: error: Unable to create step for job 17104: Job/step already completing or completed
dgemm_thin_job_17104.out	dgemm_mkl_optimized_thin_thin006_2023-07-10_01-53-59.csv	thin006	rep 4 size 30000 OMP_PLACES=cores OMP_PROC_BIND=close OMP_NUM_THREADS=2 BLIS_NUM_THREADS=2 srun -n1 --cpus-per-task=2 ./dgemm_mkl_optimized.x 30000 30000 30000>>dgemm_mkl_optimized_thin_thin006_2023-07-10_01-53-59.csv
srun: error: Unable to create step for job 17104: Job/step already completing or completed
dgemm_thin_job_17104.out	dgemm_mkl_optimized_thin_thin006_2023-07-10_01-53-59.csv	thin006	rep 4 size 30000 OMP_PLACES=cores OMP_PROC_BIND=close OMP_NUM_THREADS=1 BLIS_NUM_THREADS=1 srun -n1 --cpus-per-task=1 ./dgemm_mkl_optimized.x 30000 30000 30000>>dgemm_mkl_optimized_thin_thin006_2023-07-10_01-53-59.csv
srun: error: Unable to create step for job 17104: Job/step already completing or completed
dgemm_thin_job_17104.out	dgemm_mkl_optimized_thin_thin006_2023-07-10_01-53-59.csv	thin006	rep 5 size 30000 OMP_PLACES=cores OMP_PROC_BIND=close OMP_NUM_THREADS=12 BLIS_NUM_THREADS=12 srun -n1 --cpus-per-task=12 ./dgemm_mkl_optimized.x 30000 30000 30000>>dgemm_mkl_optimized_thin_thin006_2023-07-10_01-53-59.csv
srun: error: Unable to create step for job 17104: Job/step already completing or completed
dgemm_thin_job_17104.out	dgemm_mkl_optimized_thin_thin006_2023-07-10_01-53-59.csv	thin006	rep 5 size 30000 OMP_PLACES=cores OMP_PROC_BIND=close OMP_NUM_THREADS=11 BLIS_NUM_THREADS=11 srun -n1 --cpus-per-task=11 ./dgemm_mkl_optimized.x 30000 30000 30000>>dgemm_mkl_optimized_thin_thin006_2023-07-10_01-53-59.csv
srun: error: Unable to create step for job 17104: Job/step already completing or completed
dgemm_thin_job_17104.out	dgemm_mkl_optimized_thin_thin006_2023-07-10_01-53-59.csv	thin006	rep 5 size 30000 OMP_PLACES=cores OMP_PROC_BIND=close OMP_NUM_THREADS=10 BLIS_NUM_THREADS=10 srun -n1 --cpus-per-task=10 ./dgemm_mkl_optimized.x 30000 30000 30000>>dgemm_mkl_optimized_thin_thin006_2023-07-10_01-53-59.csv
srun: error: Unable to create step for job 17104: Job/step already completing or completed
dgemm_thin_job_17104.out	dgemm_mkl_optimized_thin_thin006_2023-07-10_01-53-59.csv	thin006	rep 5 size 30000 OMP_PLACES=cores OMP_PROC_BIND=close OMP_NUM_THREADS=9 BLIS_NUM_THREADS=9 srun -n1 --cpus-per-task=9 ./dgemm_mkl_optimized.x 30000 30000 30000>>dgemm_mkl_optimized_thin_thin006_2023-07-10_01-53-59.csv
srun: error: Unable to create step for job 17104: Job/step already completing or completed
dgemm_thin_job_17104.out	dgemm_mkl_optimized_thin_thin006_2023-07-10_01-53-59.csv	thin006	rep 5 size 30000 OMP_PLACES=cores OMP_PROC_BIND=close OMP_NUM_THREADS=8 BLIS_NUM_THREADS=8 srun -n1 --cpus-per-task=8 ./dgemm_mkl_optimized.x 30000 30000 30000>>dgemm_mkl_optimized_thin_thin006_2023-07-10_01-53-59.csv
srun: error: Unable to create step for job 17104: Job/step already completing or completed
dgemm_thin_job_17104.out	dgemm_mkl_optimized_thin_thin006_2023-07-10_01-53-59.csv	thin006	rep 5 size 30000 OMP_PLACES=cores OMP_PROC_BIND=close OMP_NUM_THREADS=7 BLIS_NUM_THREADS=7 srun -n1 --cpus-per-task=7 ./dgemm_mkl_optimized.x 30000 30000 30000>>dgemm_mkl_optimized_thin_thin006_2023-07-10_01-53-59.csv
srun: error: Unable to create step for job 17104: Job/step already completing or completed
dgemm_thin_job_17104.out	dgemm_mkl_optimized_thin_thin006_2023-07-10_01-53-59.csv	thin006	rep 5 size 30000 OMP_PLACES=cores OMP_PROC_BIND=close OMP_NUM_THREADS=6 BLIS_NUM_THREADS=6 srun -n1 --cpus-per-task=6 ./dgemm_mkl_optimized.x 30000 30000 30000>>dgemm_mkl_optimized_thin_thin006_2023-07-10_01-53-59.csv
srun: error: Unable to create step for job 17104: Job/step already completing or completed
dgemm_thin_job_17104.out	dgemm_mkl_optimized_thin_thin006_2023-07-10_01-53-59.csv	thin006	rep 5 size 30000 OMP_PLACES=cores OMP_PROC_BIND=close OMP_NUM_THREADS=5 BLIS_NUM_THREADS=5 srun -n1 --cpus-per-task=5 ./dgemm_mkl_optimized.x 30000 30000 30000>>dgemm_mkl_optimized_thin_thin006_2023-07-10_01-53-59.csv
srun: error: Unable to create step for job 17104: Job/step already completing or completed
dgemm_thin_job_17104.out	dgemm_mkl_optimized_thin_thin006_2023-07-10_01-53-59.csv	thin006	rep 5 size 30000 OMP_PLACES=cores OMP_PROC_BIND=close OMP_NUM_THREADS=4 BLIS_NUM_THREADS=4 srun -n1 --cpus-per-task=4 ./dgemm_mkl_optimized.x 30000 30000 30000>>dgemm_mkl_optimized_thin_thin006_2023-07-10_01-53-59.csv
srun: error: Unable to create step for job 17104: Job/step already completing or completed
dgemm_thin_job_17104.out	dgemm_mkl_optimized_thin_thin006_2023-07-10_01-53-59.csv	thin006	rep 5 size 30000 OMP_PLACES=cores OMP_PROC_BIND=close OMP_NUM_THREADS=3 BLIS_NUM_THREADS=3 srun -n1 --cpus-per-task=3 ./dgemm_mkl_optimized.x 30000 30000 30000>>dgemm_mkl_optimized_thin_thin006_2023-07-10_01-53-59.csv
srun: error: Unable to create step for job 17104: Job/step already completing or completed
dgemm_thin_job_17104.out	dgemm_mkl_optimized_thin_thin006_2023-07-10_01-53-59.csv	thin006	rep 5 size 30000 OMP_PLACES=cores OMP_PROC_BIND=close OMP_NUM_THREADS=2 BLIS_NUM_THREADS=2 srun -n1 --cpus-per-task=2 ./dgemm_mkl_optimized.x 30000 30000 30000>>dgemm_mkl_optimized_thin_thin006_2023-07-10_01-53-59.csv
srun: error: Unable to create step for job 17104: Job/step already completing or completed
dgemm_thin_job_17104.out	dgemm_mkl_optimized_thin_thin006_2023-07-10_01-53-59.csv	thin006	rep 5 size 30000 OMP_PLACES=cores OMP_PROC_BIND=close OMP_NUM_THREADS=1 BLIS_NUM_THREADS=1 srun -n1 --cpus-per-task=1 ./dgemm_mkl_optimized.x 30000 30000 30000>>dgemm_mkl_optimized_thin_thin006_2023-07-10_01-53-59.csv
srun: error: Unable to create step for job 17104: Job/step already completing or completed
dgemm_thin_job_17104.out	dgemm_mkl_optimized_thin_thin006_2023-07-10_01-53-59.csv	thin006	rep 6 size 30000 OMP_PLACES=cores OMP_PROC_BIND=close OMP_NUM_THREADS=12 BLIS_NUM_THREADS=12 srun -n1 --cpus-per-task=12 ./dgemm_mkl_optimized.x 30000 30000 30000>>dgemm_mkl_optimized_thin_thin006_2023-07-10_01-53-59.csv
srun: error: Unable to create step for job 17104: Job/step already completing or completed
dgemm_thin_job_17104.out	dgemm_mkl_optimized_thin_thin006_2023-07-10_01-53-59.csv	thin006	rep 6 size 30000 OMP_PLACES=cores OMP_PROC_BIND=close OMP_NUM_THREADS=11 BLIS_NUM_THREADS=11 srun -n1 --cpus-per-task=11 ./dgemm_mkl_optimized.x 30000 30000 30000>>dgemm_mkl_optimized_thin_thin006_2023-07-10_01-53-59.csv
srun: error: Unable to create step for job 17104: Job/step already completing or completed
dgemm_thin_job_17104.out	dgemm_mkl_optimized_thin_thin006_2023-07-10_01-53-59.csv	thin006	rep 6 size 30000 OMP_PLACES=cores OMP_PROC_BIND=close OMP_NUM_THREADS=10 BLIS_NUM_THREADS=10 srun -n1 --cpus-per-task=10 ./dgemm_mkl_optimized.x 30000 30000 30000>>dgemm_mkl_optimized_thin_thin006_2023-07-10_01-53-59.csv
srun: error: Unable to create step for job 17104: Job/step already completing or completed
dgemm_thin_job_17104.out	dgemm_mkl_optimized_thin_thin006_2023-07-10_01-53-59.csv	thin006	rep 6 size 30000 OMP_PLACES=cores OMP_PROC_BIND=close OMP_NUM_THREADS=9 BLIS_NUM_THREADS=9 srun -n1 --cpus-per-task=9 ./dgemm_mkl_optimized.x 30000 30000 30000>>dgemm_mkl_optimized_thin_thin006_2023-07-10_01-53-59.csv
srun: error: Unable to create step for job 17104: Job/step already completing or completed
dgemm_thin_job_17104.out	dgemm_mkl_optimized_thin_thin006_2023-07-10_01-53-59.csv	thin006	rep 6 size 30000 OMP_PLACES=cores OMP_PROC_BIND=close OMP_NUM_THREADS=8 BLIS_NUM_THREADS=8 srun -n1 --cpus-per-task=8 ./dgemm_mkl_optimized.x 30000 30000 30000>>dgemm_mkl_optimized_thin_thin006_2023-07-10_01-53-59.csv
srun: error: Unable to create step for job 17104: Job/step already completing or completed
dgemm_thin_job_17104.out	dgemm_mkl_optimized_thin_thin006_2023-07-10_01-53-59.csv	thin006	rep 6 size 30000 OMP_PLACES=cores OMP_PROC_BIND=close OMP_NUM_THREADS=7 BLIS_NUM_THREADS=7 srun -n1 --cpus-per-task=7 ./dgemm_mkl_optimized.x 30000 30000 30000>>dgemm_mkl_optimized_thin_thin006_2023-07-10_01-53-59.csv
srun: error: Unable to create step for job 17104: Job/step already completing or completed
dgemm_thin_job_17104.out	dgemm_mkl_optimized_thin_thin006_2023-07-10_01-53-59.csv	thin006	rep 6 size 30000 OMP_PLACES=cores OMP_PROC_BIND=close OMP_NUM_THREADS=6 BLIS_NUM_THREADS=6 srun -n1 --cpus-per-task=6 ./dgemm_mkl_optimized.x 30000 30000 30000>>dgemm_mkl_optimized_thin_thin006_2023-07-10_01-53-59.csv
srun: error: Unable to create step for job 17104: Job/step already completing or completed
dgemm_thin_job_17104.out	dgemm_mkl_optimized_thin_thin006_2023-07-10_01-53-59.csv	thin006	rep 6 size 30000 OMP_PLACES=cores OMP_PROC_BIND=close OMP_NUM_THREADS=5 BLIS_NUM_THREADS=5 srun -n1 --cpus-per-task=5 ./dgemm_mkl_optimized.x 30000 30000 30000>>dgemm_mkl_optimized_thin_thin006_2023-07-10_01-53-59.csv
srun: error: Unable to create step for job 17104: Job/step already completing or completed
dgemm_thin_job_17104.out	dgemm_mkl_optimized_thin_thin006_2023-07-10_01-53-59.csv	thin006	rep 6 size 30000 OMP_PLACES=cores OMP_PROC_BIND=close OMP_NUM_THREADS=4 BLIS_NUM_THREADS=4 srun -n1 --cpus-per-task=4 ./dgemm_mkl_optimized.x 30000 30000 30000>>dgemm_mkl_optimized_thin_thin006_2023-07-10_01-53-59.csv
srun: error: Unable to create step for job 17104: Job/step already completing or completed
dgemm_thin_job_17104.out	dgemm_mkl_optimized_thin_thin006_2023-07-10_01-53-59.csv	thin006	rep 6 size 30000 OMP_PLACES=cores OMP_PROC_BIND=close OMP_NUM_THREADS=3 BLIS_NUM_THREADS=3 srun -n1 --cpus-per-task=3 ./dgemm_mkl_optimized.x 30000 30000 30000>>dgemm_mkl_optimized_thin_thin006_2023-07-10_01-53-59.csv
srun: error: Unable to create step for job 17104: Job/step already completing or completed
dgemm_thin_job_17104.out	dgemm_mkl_optimized_thin_thin006_2023-07-10_01-53-59.csv	thin006	rep 6 size 30000 OMP_PLACES=cores OMP_PROC_BIND=close OMP_NUM_THREADS=2 BLIS_NUM_THREADS=2 srun -n1 --cpus-per-task=2 ./dgemm_mkl_optimized.x 30000 30000 30000>>dgemm_mkl_optimized_thin_thin006_2023-07-10_01-53-59.csv
srun: error: Unable to create step for job 17104: Job/step already completing or completed
dgemm_thin_job_17104.out	dgemm_mkl_optimized_thin_thin006_2023-07-10_01-53-59.csv	thin006	rep 6 size 30000 OMP_PLACES=cores OMP_PROC_BIND=close OMP_NUM_THREADS=1 BLIS_NUM_THREADS=1 srun -n1 --cpus-per-task=1 ./dgemm_mkl_optimized.x 30000 30000 30000>>dgemm_mkl_optimized_thin_thin006_2023-07-10_01-53-59.csv
srun: error: Unable to create step for job 17104: Job/step already completing or completed
dgemm_thin_job_17104.out	dgemm_mkl_optimized_thin_thin006_2023-07-10_01-53-59.csv	thin006	rep 7 size 30000 OMP_PLACES=cores OMP_PROC_BIND=close OMP_NUM_THREADS=12 BLIS_NUM_THREADS=12 srun -n1 --cpus-per-task=12 ./dgemm_mkl_optimized.x 30000 30000 30000>>dgemm_mkl_optimized_thin_thin006_2023-07-10_01-53-59.csv
srun: error: Unable to create step for job 17104: Job/step already completing or completed
dgemm_thin_job_17104.out	dgemm_mkl_optimized_thin_thin006_2023-07-10_01-53-59.csv	thin006	rep 7 size 30000 OMP_PLACES=cores OMP_PROC_BIND=close OMP_NUM_THREADS=11 BLIS_NUM_THREADS=11 srun -n1 --cpus-per-task=11 ./dgemm_mkl_optimized.x 30000 30000 30000>>dgemm_mkl_optimized_thin_thin006_2023-07-10_01-53-59.csv
srun: error: Unable to create step for job 17104: Job/step already completing or completed
dgemm_thin_job_17104.out	dgemm_mkl_optimized_thin_thin006_2023-07-10_01-53-59.csv	thin006	rep 7 size 30000 OMP_PLACES=cores OMP_PROC_BIND=close OMP_NUM_THREADS=10 BLIS_NUM_THREADS=10 srun -n1 --cpus-per-task=10 ./dgemm_mkl_optimized.x 30000 30000 30000>>dgemm_mkl_optimized_thin_thin006_2023-07-10_01-53-59.csv
srun: error: Unable to create step for job 17104: Job/step already completing or completed
dgemm_thin_job_17104.out	dgemm_mkl_optimized_thin_thin006_2023-07-10_01-53-59.csv	thin006	rep 7 size 30000 OMP_PLACES=cores OMP_PROC_BIND=close OMP_NUM_THREADS=9 BLIS_NUM_THREADS=9 srun -n1 --cpus-per-task=9 ./dgemm_mkl_optimized.x 30000 30000 30000>>dgemm_mkl_optimized_thin_thin006_2023-07-10_01-53-59.csv
srun: error: Unable to create step for job 17104: Job/step already completing or completed
dgemm_thin_job_17104.out	dgemm_mkl_optimized_thin_thin006_2023-07-10_01-53-59.csv	thin006	rep 7 size 30000 OMP_PLACES=cores OMP_PROC_BIND=close OMP_NUM_THREADS=8 BLIS_NUM_THREADS=8 srun -n1 --cpus-per-task=8 ./dgemm_mkl_optimized.x 30000 30000 30000>>dgemm_mkl_optimized_thin_thin006_2023-07-10_01-53-59.csv
srun: error: Unable to create step for job 17104: Job/step already completing or completed
dgemm_thin_job_17104.out	dgemm_mkl_optimized_thin_thin006_2023-07-10_01-53-59.csv	thin006	rep 7 size 30000 OMP_PLACES=cores OMP_PROC_BIND=close OMP_NUM_THREADS=7 BLIS_NUM_THREADS=7 srun -n1 --cpus-per-task=7 ./dgemm_mkl_optimized.x 30000 30000 30000>>dgemm_mkl_optimized_thin_thin006_2023-07-10_01-53-59.csv
srun: error: Unable to create step for job 17104: Job/step already completing or completed
dgemm_thin_job_17104.out	dgemm_mkl_optimized_thin_thin006_2023-07-10_01-53-59.csv	thin006	rep 7 size 30000 OMP_PLACES=cores OMP_PROC_BIND=close OMP_NUM_THREADS=6 BLIS_NUM_THREADS=6 srun -n1 --cpus-per-task=6 ./dgemm_mkl_optimized.x 30000 30000 30000>>dgemm_mkl_optimized_thin_thin006_2023-07-10_01-53-59.csv
srun: error: Unable to create step for job 17104: Job/step already completing or completed
dgemm_thin_job_17104.out	dgemm_mkl_optimized_thin_thin006_2023-07-10_01-53-59.csv	thin006	rep 7 size 30000 OMP_PLACES=cores OMP_PROC_BIND=close OMP_NUM_THREADS=5 BLIS_NUM_THREADS=5 srun -n1 --cpus-per-task=5 ./dgemm_mkl_optimized.x 30000 30000 30000>>dgemm_mkl_optimized_thin_thin006_2023-07-10_01-53-59.csv
srun: error: Unable to create step for job 17104: Job/step already completing or completed
dgemm_thin_job_17104.out	dgemm_mkl_optimized_thin_thin006_2023-07-10_01-53-59.csv	thin006	rep 7 size 30000 OMP_PLACES=cores OMP_PROC_BIND=close OMP_NUM_THREADS=4 BLIS_NUM_THREADS=4 srun -n1 --cpus-per-task=4 ./dgemm_mkl_optimized.x 30000 30000 30000>>dgemm_mkl_optimized_thin_thin006_2023-07-10_01-53-59.csv
srun: error: Unable to create step for job 17104: Job/step already completing or completed
dgemm_thin_job_17104.out	dgemm_mkl_optimized_thin_thin006_2023-07-10_01-53-59.csv	thin006	rep 7 size 30000 OMP_PLACES=cores OMP_PROC_BIND=close OMP_NUM_THREADS=3 BLIS_NUM_THREADS=3 srun -n1 --cpus-per-task=3 ./dgemm_mkl_optimized.x 30000 30000 30000>>dgemm_mkl_optimized_thin_thin006_2023-07-10_01-53-59.csv
srun: error: Unable to create step for job 17104: Job/step already completing or completed
dgemm_thin_job_17104.out	dgemm_mkl_optimized_thin_thin006_2023-07-10_01-53-59.csv	thin006	rep 7 size 30000 OMP_PLACES=cores OMP_PROC_BIND=close OMP_NUM_THREADS=2 BLIS_NUM_THREADS=2 srun -n1 --cpus-per-task=2 ./dgemm_mkl_optimized.x 30000 30000 30000>>dgemm_mkl_optimized_thin_thin006_2023-07-10_01-53-59.csv
srun: error: Unable to create step for job 17104: Job/step already completing or completed
dgemm_thin_job_17104.out	dgemm_mkl_optimized_thin_thin006_2023-07-10_01-53-59.csv	thin006	rep 7 size 30000 OMP_PLACES=cores OMP_PROC_BIND=close OMP_NUM_THREADS=1 BLIS_NUM_THREADS=1 srun -n1 --cpus-per-task=1 ./dgemm_mkl_optimized.x 30000 30000 30000>>dgemm_mkl_optimized_thin_thin006_2023-07-10_01-53-59.csv
srun: error: Unable to create step for job 17104: Job/step already completing or completed
dgemm_thin_job_17104.out	dgemm_mkl_optimized_thin_thin006_2023-07-10_01-53-59.csv	thin006	rep 8 size 30000 OMP_PLACES=cores OMP_PROC_BIND=close OMP_NUM_THREADS=12 BLIS_NUM_THREADS=12 srun -n1 --cpus-per-task=12 ./dgemm_mkl_optimized.x 30000 30000 30000>>dgemm_mkl_optimized_thin_thin006_2023-07-10_01-53-59.csv
srun: error: Unable to create step for job 17104: Job/step already completing or completed
dgemm_thin_job_17104.out	dgemm_mkl_optimized_thin_thin006_2023-07-10_01-53-59.csv	thin006	rep 8 size 30000 OMP_PLACES=cores OMP_PROC_BIND=close OMP_NUM_THREADS=11 BLIS_NUM_THREADS=11 srun -n1 --cpus-per-task=11 ./dgemm_mkl_optimized.x 30000 30000 30000>>dgemm_mkl_optimized_thin_thin006_2023-07-10_01-53-59.csv
srun: error: Unable to create step for job 17104: Job/step already completing or completed
dgemm_thin_job_17104.out	dgemm_mkl_optimized_thin_thin006_2023-07-10_01-53-59.csv	thin006	rep 8 size 30000 OMP_PLACES=cores OMP_PROC_BIND=close OMP_NUM_THREADS=10 BLIS_NUM_THREADS=10 srun -n1 --cpus-per-task=10 ./dgemm_mkl_optimized.x 30000 30000 30000>>dgemm_mkl_optimized_thin_thin006_2023-07-10_01-53-59.csv
srun: error: Unable to create step for job 17104: Job/step already completing or completed
dgemm_thin_job_17104.out	dgemm_mkl_optimized_thin_thin006_2023-07-10_01-53-59.csv	thin006	rep 8 size 30000 OMP_PLACES=cores OMP_PROC_BIND=close OMP_NUM_THREADS=9 BLIS_NUM_THREADS=9 srun -n1 --cpus-per-task=9 ./dgemm_mkl_optimized.x 30000 30000 30000>>dgemm_mkl_optimized_thin_thin006_2023-07-10_01-53-59.csv
srun: error: Unable to create step for job 17104: Job/step already completing or completed
dgemm_thin_job_17104.out	dgemm_mkl_optimized_thin_thin006_2023-07-10_01-53-59.csv	thin006	rep 8 size 30000 OMP_PLACES=cores OMP_PROC_BIND=close OMP_NUM_THREADS=8 BLIS_NUM_THREADS=8 srun -n1 --cpus-per-task=8 ./dgemm_mkl_optimized.x 30000 30000 30000>>dgemm_mkl_optimized_thin_thin006_2023-07-10_01-53-59.csv
srun: error: Unable to create step for job 17104: Job/step already completing or completed
dgemm_thin_job_17104.out	dgemm_mkl_optimized_thin_thin006_2023-07-10_01-53-59.csv	thin006	rep 8 size 30000 OMP_PLACES=cores OMP_PROC_BIND=close OMP_NUM_THREADS=7 BLIS_NUM_THREADS=7 srun -n1 --cpus-per-task=7 ./dgemm_mkl_optimized.x 30000 30000 30000>>dgemm_mkl_optimized_thin_thin006_2023-07-10_01-53-59.csv
srun: error: Unable to create step for job 17104: Job/step already completing or completed
dgemm_thin_job_17104.out	dgemm_mkl_optimized_thin_thin006_2023-07-10_01-53-59.csv	thin006	rep 8 size 30000 OMP_PLACES=cores OMP_PROC_BIND=close OMP_NUM_THREADS=6 BLIS_NUM_THREADS=6 srun -n1 --cpus-per-task=6 ./dgemm_mkl_optimized.x 30000 30000 30000>>dgemm_mkl_optimized_thin_thin006_2023-07-10_01-53-59.csv
srun: error: Unable to create step for job 17104: Job/step already completing or completed
dgemm_thin_job_17104.out	dgemm_mkl_optimized_thin_thin006_2023-07-10_01-53-59.csv	thin006	rep 8 size 30000 OMP_PLACES=cores OMP_PROC_BIND=close OMP_NUM_THREADS=5 BLIS_NUM_THREADS=5 srun -n1 --cpus-per-task=5 ./dgemm_mkl_optimized.x 30000 30000 30000>>dgemm_mkl_optimized_thin_thin006_2023-07-10_01-53-59.csv
srun: error: Unable to create step for job 17104: Job/step already completing or completed
dgemm_thin_job_17104.out	dgemm_mkl_optimized_thin_thin006_2023-07-10_01-53-59.csv	thin006	rep 8 size 30000 OMP_PLACES=cores OMP_PROC_BIND=close OMP_NUM_THREADS=4 BLIS_NUM_THREADS=4 srun -n1 --cpus-per-task=4 ./dgemm_mkl_optimized.x 30000 30000 30000>>dgemm_mkl_optimized_thin_thin006_2023-07-10_01-53-59.csv
srun: error: Unable to create step for job 17104: Job/step already completing or completed
dgemm_thin_job_17104.out	dgemm_mkl_optimized_thin_thin006_2023-07-10_01-53-59.csv	thin006	rep 8 size 30000 OMP_PLACES=cores OMP_PROC_BIND=close OMP_NUM_THREADS=3 BLIS_NUM_THREADS=3 srun -n1 --cpus-per-task=3 ./dgemm_mkl_optimized.x 30000 30000 30000>>dgemm_mkl_optimized_thin_thin006_2023-07-10_01-53-59.csv
srun: error: Unable to create step for job 17104: Job/step already completing or completed
dgemm_thin_job_17104.out	dgemm_mkl_optimized_thin_thin006_2023-07-10_01-53-59.csv	thin006	rep 8 size 30000 OMP_PLACES=cores OMP_PROC_BIND=close OMP_NUM_THREADS=2 BLIS_NUM_THREADS=2 srun -n1 --cpus-per-task=2 ./dgemm_mkl_optimized.x 30000 30000 30000>>dgemm_mkl_optimized_thin_thin006_2023-07-10_01-53-59.csv
srun: error: Unable to create step for job 17104: Job/step already completing or completed
dgemm_thin_job_17104.out	dgemm_mkl_optimized_thin_thin006_2023-07-10_01-53-59.csv	thin006	rep 8 size 30000 OMP_PLACES=cores OMP_PROC_BIND=close OMP_NUM_THREADS=1 BLIS_NUM_THREADS=1 srun -n1 --cpus-per-task=1 ./dgemm_mkl_optimized.x 30000 30000 30000>>dgemm_mkl_optimized_thin_thin006_2023-07-10_01-53-59.csv
srun: error: Unable to create step for job 17104: Job/step already completing or completed
dgemm_thin_job_17104.out	dgemm_mkl_optimized_thin_thin006_2023-07-10_01-53-59.csv	thin006	rep 9 size 30000 OMP_PLACES=cores OMP_PROC_BIND=close OMP_NUM_THREADS=12 BLIS_NUM_THREADS=12 srun -n1 --cpus-per-task=12 ./dgemm_mkl_optimized.x 30000 30000 30000>>dgemm_mkl_optimized_thin_thin006_2023-07-10_01-53-59.csv
srun: error: Unable to create step for job 17104: Job/step already completing or completed
dgemm_thin_job_17104.out	dgemm_mkl_optimized_thin_thin006_2023-07-10_01-53-59.csv	thin006	rep 9 size 30000 OMP_PLACES=cores OMP_PROC_BIND=close OMP_NUM_THREADS=11 BLIS_NUM_THREADS=11 srun -n1 --cpus-per-task=11 ./dgemm_mkl_optimized.x 30000 30000 30000>>dgemm_mkl_optimized_thin_thin006_2023-07-10_01-53-59.csv
srun: error: Unable to create step for job 17104: Job/step already completing or completed
dgemm_thin_job_17104.out	dgemm_mkl_optimized_thin_thin006_2023-07-10_01-53-59.csv	thin006	rep 9 size 30000 OMP_PLACES=cores OMP_PROC_BIND=close OMP_NUM_THREADS=10 BLIS_NUM_THREADS=10 srun -n1 --cpus-per-task=10 ./dgemm_mkl_optimized.x 30000 30000 30000>>dgemm_mkl_optimized_thin_thin006_2023-07-10_01-53-59.csv
srun: error: Unable to create step for job 17104: Job/step already completing or completed
dgemm_thin_job_17104.out	dgemm_mkl_optimized_thin_thin006_2023-07-10_01-53-59.csv	thin006	rep 9 size 30000 OMP_PLACES=cores OMP_PROC_BIND=close OMP_NUM_THREADS=9 BLIS_NUM_THREADS=9 srun -n1 --cpus-per-task=9 ./dgemm_mkl_optimized.x 30000 30000 30000>>dgemm_mkl_optimized_thin_thin006_2023-07-10_01-53-59.csv
srun: error: Unable to create step for job 17104: Job/step already completing or completed
dgemm_thin_job_17104.out	dgemm_mkl_optimized_thin_thin006_2023-07-10_01-53-59.csv	thin006	rep 9 size 30000 OMP_PLACES=cores OMP_PROC_BIND=close OMP_NUM_THREADS=8 BLIS_NUM_THREADS=8 srun -n1 --cpus-per-task=8 ./dgemm_mkl_optimized.x 30000 30000 30000>>dgemm_mkl_optimized_thin_thin006_2023-07-10_01-53-59.csv
srun: error: Unable to create step for job 17104: Job/step already completing or completed
dgemm_thin_job_17104.out	dgemm_mkl_optimized_thin_thin006_2023-07-10_01-53-59.csv	thin006	rep 9 size 30000 OMP_PLACES=cores OMP_PROC_BIND=close OMP_NUM_THREADS=7 BLIS_NUM_THREADS=7 srun -n1 --cpus-per-task=7 ./dgemm_mkl_optimized.x 30000 30000 30000>>dgemm_mkl_optimized_thin_thin006_2023-07-10_01-53-59.csv
srun: error: Unable to create step for job 17104: Job/step already completing or completed
dgemm_thin_job_17104.out	dgemm_mkl_optimized_thin_thin006_2023-07-10_01-53-59.csv	thin006	rep 9 size 30000 OMP_PLACES=cores OMP_PROC_BIND=close OMP_NUM_THREADS=6 BLIS_NUM_THREADS=6 srun -n1 --cpus-per-task=6 ./dgemm_mkl_optimized.x 30000 30000 30000>>dgemm_mkl_optimized_thin_thin006_2023-07-10_01-53-59.csv
srun: error: Unable to create step for job 17104: Job/step already completing or completed
dgemm_thin_job_17104.out	dgemm_mkl_optimized_thin_thin006_2023-07-10_01-53-59.csv	thin006	rep 9 size 30000 OMP_PLACES=cores OMP_PROC_BIND=close OMP_NUM_THREADS=5 BLIS_NUM_THREADS=5 srun -n1 --cpus-per-task=5 ./dgemm_mkl_optimized.x 30000 30000 30000>>dgemm_mkl_optimized_thin_thin006_2023-07-10_01-53-59.csv
srun: error: Unable to create step for job 17104: Job/step already completing or completed
dgemm_thin_job_17104.out	dgemm_mkl_optimized_thin_thin006_2023-07-10_01-53-59.csv	thin006	rep 9 size 30000 OMP_PLACES=cores OMP_PROC_BIND=close OMP_NUM_THREADS=4 BLIS_NUM_THREADS=4 srun -n1 --cpus-per-task=4 ./dgemm_mkl_optimized.x 30000 30000 30000>>dgemm_mkl_optimized_thin_thin006_2023-07-10_01-53-59.csv
srun: error: Unable to create step for job 17104: Job/step already completing or completed
dgemm_thin_job_17104.out	dgemm_mkl_optimized_thin_thin006_2023-07-10_01-53-59.csv	thin006	rep 9 size 30000 OMP_PLACES=cores OMP_PROC_BIND=close OMP_NUM_THREADS=3 BLIS_NUM_THREADS=3 srun -n1 --cpus-per-task=3 ./dgemm_mkl_optimized.x 30000 30000 30000>>dgemm_mkl_optimized_thin_thin006_2023-07-10_01-53-59.csv
srun: error: Unable to create step for job 17104: Job/step already completing or completed
dgemm_thin_job_17104.out	dgemm_mkl_optimized_thin_thin006_2023-07-10_01-53-59.csv	thin006	rep 9 size 30000 OMP_PLACES=cores OMP_PROC_BIND=close OMP_NUM_THREADS=2 BLIS_NUM_THREADS=2 srun -n1 --cpus-per-task=2 ./dgemm_mkl_optimized.x 30000 30000 30000>>dgemm_mkl_optimized_thin_thin006_2023-07-10_01-53-59.csv
srun: error: Unable to create step for job 17104: Job/step already completing or completed
dgemm_thin_job_17104.out	dgemm_mkl_optimized_thin_thin006_2023-07-10_01-53-59.csv	thin006	rep 9 size 30000 OMP_PLACES=cores OMP_PROC_BIND=close OMP_NUM_THREADS=1 BLIS_NUM_THREADS=1 srun -n1 --cpus-per-task=1 ./dgemm_mkl_optimized.x 30000 30000 30000>>dgemm_mkl_optimized_thin_thin006_2023-07-10_01-53-59.csv
srun: error: Unable to create step for job 17104: Job/step already completing or completed
dgemm_thin_job_17104.out	dgemm_mkl_optimized_thin_thin006_2023-07-10_01-53-59.csv	thin006	rep 10 size 30000 OMP_PLACES=cores OMP_PROC_BIND=close OMP_NUM_THREADS=12 BLIS_NUM_THREADS=12 srun -n1 --cpus-per-task=12 ./dgemm_mkl_optimized.x 30000 30000 30000>>dgemm_mkl_optimized_thin_thin006_2023-07-10_01-53-59.csv
srun: error: Unable to create step for job 17104: Job/step already completing or completed
dgemm_thin_job_17104.out	dgemm_mkl_optimized_thin_thin006_2023-07-10_01-53-59.csv	thin006	rep 10 size 30000 OMP_PLACES=cores OMP_PROC_BIND=close OMP_NUM_THREADS=11 BLIS_NUM_THREADS=11 srun -n1 --cpus-per-task=11 ./dgemm_mkl_optimized.x 30000 30000 30000>>dgemm_mkl_optimized_thin_thin006_2023-07-10_01-53-59.csv
srun: error: Unable to create step for job 17104: Job/step already completing or completed
dgemm_thin_job_17104.out	dgemm_mkl_optimized_thin_thin006_2023-07-10_01-53-59.csv	thin006	rep 10 size 30000 OMP_PLACES=cores OMP_PROC_BIND=close OMP_NUM_THREADS=10 BLIS_NUM_THREADS=10 srun -n1 --cpus-per-task=10 ./dgemm_mkl_optimized.x 30000 30000 30000>>dgemm_mkl_optimized_thin_thin006_2023-07-10_01-53-59.csv
srun: error: Unable to create step for job 17104: Job/step already completing or completed
dgemm_thin_job_17104.out	dgemm_mkl_optimized_thin_thin006_2023-07-10_01-53-59.csv	thin006	rep 10 size 30000 OMP_PLACES=cores OMP_PROC_BIND=close OMP_NUM_THREADS=9 BLIS_NUM_THREADS=9 srun -n1 --cpus-per-task=9 ./dgemm_mkl_optimized.x 30000 30000 30000>>dgemm_mkl_optimized_thin_thin006_2023-07-10_01-53-59.csv
srun: error: Unable to create step for job 17104: Job/step already completing or completed
dgemm_thin_job_17104.out	dgemm_mkl_optimized_thin_thin006_2023-07-10_01-53-59.csv	thin006	rep 10 size 30000 OMP_PLACES=cores OMP_PROC_BIND=close OMP_NUM_THREADS=8 BLIS_NUM_THREADS=8 srun -n1 --cpus-per-task=8 ./dgemm_mkl_optimized.x 30000 30000 30000>>dgemm_mkl_optimized_thin_thin006_2023-07-10_01-53-59.csv
srun: error: Unable to create step for job 17104: Job/step already completing or completed
dgemm_thin_job_17104.out	dgemm_mkl_optimized_thin_thin006_2023-07-10_01-53-59.csv	thin006	rep 10 size 30000 OMP_PLACES=cores OMP_PROC_BIND=close OMP_NUM_THREADS=7 BLIS_NUM_THREADS=7 srun -n1 --cpus-per-task=7 ./dgemm_mkl_optimized.x 30000 30000 30000>>dgemm_mkl_optimized_thin_thin006_2023-07-10_01-53-59.csv
srun: error: Unable to create step for job 17104: Job/step already completing or completed
dgemm_thin_job_17104.out	dgemm_mkl_optimized_thin_thin006_2023-07-10_01-53-59.csv	thin006	rep 10 size 30000 OMP_PLACES=cores OMP_PROC_BIND=close OMP_NUM_THREADS=6 BLIS_NUM_THREADS=6 srun -n1 --cpus-per-task=6 ./dgemm_mkl_optimized.x 30000 30000 30000>>dgemm_mkl_optimized_thin_thin006_2023-07-10_01-53-59.csv
srun: error: Unable to create step for job 17104: Job/step already completing or completed
dgemm_thin_job_17104.out	dgemm_mkl_optimized_thin_thin006_2023-07-10_01-53-59.csv	thin006	rep 10 size 30000 OMP_PLACES=cores OMP_PROC_BIND=close OMP_NUM_THREADS=5 BLIS_NUM_THREADS=5 srun -n1 --cpus-per-task=5 ./dgemm_mkl_optimized.x 30000 30000 30000>>dgemm_mkl_optimized_thin_thin006_2023-07-10_01-53-59.csv
srun: error: Unable to create step for job 17104: Job/step already completing or completed
dgemm_thin_job_17104.out	dgemm_mkl_optimized_thin_thin006_2023-07-10_01-53-59.csv	thin006	rep 10 size 30000 OMP_PLACES=cores OMP_PROC_BIND=close OMP_NUM_THREADS=4 BLIS_NUM_THREADS=4 srun -n1 --cpus-per-task=4 ./dgemm_mkl_optimized.x 30000 30000 30000>>dgemm_mkl_optimized_thin_thin006_2023-07-10_01-53-59.csv
srun: error: Unable to create step for job 17104: Job/step already completing or completed
dgemm_thin_job_17104.out	dgemm_mkl_optimized_thin_thin006_2023-07-10_01-53-59.csv	thin006	rep 10 size 30000 OMP_PLACES=cores OMP_PROC_BIND=close OMP_NUM_THREADS=3 BLIS_NUM_THREADS=3 srun -n1 --cpus-per-task=3 ./dgemm_mkl_optimized.x 30000 30000 30000>>dgemm_mkl_optimized_thin_thin006_2023-07-10_01-53-59.csv
srun: error: Unable to create step for job 17104: Job/step already completing or completed
dgemm_thin_job_17104.out	dgemm_mkl_optimized_thin_thin006_2023-07-10_01-53-59.csv	thin006	rep 10 size 30000 OMP_PLACES=cores OMP_PROC_BIND=close OMP_NUM_THREADS=2 BLIS_NUM_THREADS=2 srun -n1 --cpus-per-task=2 ./dgemm_mkl_optimized.x 30000 30000 30000>>dgemm_mkl_optimized_thin_thin006_2023-07-10_01-53-59.csv
srun: error: Unable to create step for job 17104: Job/step already completing or completed
dgemm_thin_job_17104.out	dgemm_mkl_optimized_thin_thin006_2023-07-10_01-53-59.csv	thin006	rep 10 size 30000 OMP_PLACES=cores OMP_PROC_BIND=close OMP_NUM_THREADS=1 BLIS_NUM_THREADS=1 srun -n1 --cpus-per-task=1 ./dgemm_mkl_optimized.x 30000 30000 30000>>dgemm_mkl_optimized_thin_thin006_2023-07-10_01-53-59.csv
srun: error: Unable to create step for job 17104: Job/step already completing or completed
thin006 2023-07-10_03-54-00 END
size scalability end
