Selected type of execution: 1
make: Nothing to be done for 'all'.
scale_mpi_thin_thin010_2023-06-25_14-13-04.csv thin010 2023-06-25_14-13-04
MPI scalability begin
rep 1 scalability -e1 10000 12
[thin010:970712] MCW rank 7 bound to socket 0[core 7[hwt 0]]: [./././././././B/./././.][./././././././././././.]
[thin010:970712] MCW rank 8 bound to socket 0[core 8[hwt 0]]: [././././././././B/././.][./././././././././././.]
[thin010:970712] MCW rank 9 bound to socket 0[core 9[hwt 0]]: [./././././././././B/./.][./././././././././././.]
[thin010:970712] MCW rank 10 bound to socket 0[core 10[hwt 0]]: [././././././././././B/.][./././././././././././.]
[thin010:970712] MCW rank 11 bound to socket 0[core 11[hwt 0]]: [./././././././././././B][./././././././././././.]
[thin010:970712] MCW rank 0 bound to socket 0[core 0[hwt 0]]: [B/././././././././././.][./././././././././././.]
[thin010:970712] MCW rank 1 bound to socket 0[core 1[hwt 0]]: [./B/./././././././././.][./././././././././././.]
[thin010:970712] MCW rank 2 bound to socket 0[core 2[hwt 0]]: [././B/././././././././.][./././././././././././.]
[thin010:970712] MCW rank 3 bound to socket 0[core 3[hwt 0]]: [./././B/./././././././.][./././././././././././.]
[thin010:970712] MCW rank 4 bound to socket 0[core 4[hwt 0]]: [././././B/././././././.][./././././././././././.]
[thin010:970712] MCW rank 5 bound to socket 0[core 5[hwt 0]]: [./././././B/./././././.][./././././././././././.]
[thin010:970712] MCW rank 6 bound to socket 0[core 6[hwt 0]]: [././././././B/././././.][./././././././././././.]
rep 1 scalability -e1 10000 11
[thin010:970786] MCW rank 6 bound to socket 0[core 6[hwt 0]]: [././././././B/././././.][./././././././././././.]
[thin010:970786] MCW rank 7 bound to socket 0[core 7[hwt 0]]: [./././././././B/./././.][./././././././././././.]
[thin010:970786] MCW rank 8 bound to socket 0[core 8[hwt 0]]: [././././././././B/././.][./././././././././././.]
[thin010:970786] MCW rank 9 bound to socket 0[core 9[hwt 0]]: [./././././././././B/./.][./././././././././././.]
[thin010:970786] MCW rank 10 bound to socket 0[core 10[hwt 0]]: [././././././././././B/.][./././././././././././.]
[thin010:970786] MCW rank 0 bound to socket 0[core 0[hwt 0]]: [B/././././././././././.][./././././././././././.]
[thin010:970786] MCW rank 1 bound to socket 0[core 1[hwt 0]]: [./B/./././././././././.][./././././././././././.]
[thin010:970786] MCW rank 2 bound to socket 0[core 2[hwt 0]]: [././B/././././././././.][./././././././././././.]
[thin010:970786] MCW rank 3 bound to socket 0[core 3[hwt 0]]: [./././B/./././././././.][./././././././././././.]
[thin010:970786] MCW rank 4 bound to socket 0[core 4[hwt 0]]: [././././B/././././././.][./././././././././././.]
[thin010:970786] MCW rank 5 bound to socket 0[core 5[hwt 0]]: [./././././B/./././././.][./././././././././././.]
rep 1 scalability -e1 10000 10
[thin010:970845] MCW rank 0 bound to socket 0[core 0[hwt 0]]: [B/././././././././././.][./././././././././././.]
[thin010:970845] MCW rank 1 bound to socket 0[core 1[hwt 0]]: [./B/./././././././././.][./././././././././././.]
[thin010:970845] MCW rank 2 bound to socket 0[core 2[hwt 0]]: [././B/././././././././.][./././././././././././.]
[thin010:970845] MCW rank 3 bound to socket 0[core 3[hwt 0]]: [./././B/./././././././.][./././././././././././.]
[thin010:970845] MCW rank 4 bound to socket 0[core 4[hwt 0]]: [././././B/././././././.][./././././././././././.]
[thin010:970845] MCW rank 5 bound to socket 0[core 5[hwt 0]]: [./././././B/./././././.][./././././././././././.]
[thin010:970845] MCW rank 6 bound to socket 0[core 6[hwt 0]]: [././././././B/././././.][./././././././././././.]
[thin010:970845] MCW rank 7 bound to socket 0[core 7[hwt 0]]: [./././././././B/./././.][./././././././././././.]
[thin010:970845] MCW rank 8 bound to socket 0[core 8[hwt 0]]: [././././././././B/././.][./././././././././././.]
[thin010:970845] MCW rank 9 bound to socket 0[core 9[hwt 0]]: [./././././././././B/./.][./././././././././././.]
rep 1 scalability -e1 10000 9
[thin010:970900] MCW rank 1 bound to socket 0[core 1[hwt 0]]: [./B/./././././././././.][./././././././././././.]
[thin010:970900] MCW rank 2 bound to socket 0[core 2[hwt 0]]: [././B/././././././././.][./././././././././././.]
[thin010:970900] MCW rank 3 bound to socket 0[core 3[hwt 0]]: [./././B/./././././././.][./././././././././././.]
[thin010:970900] MCW rank 4 bound to socket 0[core 4[hwt 0]]: [././././B/././././././.][./././././././././././.]
[thin010:970900] MCW rank 5 bound to socket 0[core 5[hwt 0]]: [./././././B/./././././.][./././././././././././.]
[thin010:970900] MCW rank 6 bound to socket 0[core 6[hwt 0]]: [././././././B/././././.][./././././././././././.]
[thin010:970900] MCW rank 7 bound to socket 0[core 7[hwt 0]]: [./././././././B/./././.][./././././././././././.]
[thin010:970900] MCW rank 8 bound to socket 0[core 8[hwt 0]]: [././././././././B/././.][./././././././././././.]
[thin010:970900] MCW rank 0 bound to socket 0[core 0[hwt 0]]: [B/././././././././././.][./././././././././././.]
rep 1 scalability -e1 10000 8
[thin010:970950] MCW rank 5 bound to socket 0[core 5[hwt 0]]: [./././././B/./././././.][./././././././././././.]
[thin010:970950] MCW rank 6 bound to socket 0[core 6[hwt 0]]: [././././././B/././././.][./././././././././././.]
[thin010:970950] MCW rank 7 bound to socket 0[core 7[hwt 0]]: [./././././././B/./././.][./././././././././././.]
[thin010:970950] MCW rank 0 bound to socket 0[core 0[hwt 0]]: [B/././././././././././.][./././././././././././.]
[thin010:970950] MCW rank 1 bound to socket 0[core 1[hwt 0]]: [./B/./././././././././.][./././././././././././.]
[thin010:970950] MCW rank 2 bound to socket 0[core 2[hwt 0]]: [././B/././././././././.][./././././././././././.]
[thin010:970950] MCW rank 3 bound to socket 0[core 3[hwt 0]]: [./././B/./././././././.][./././././././././././.]
[thin010:970950] MCW rank 4 bound to socket 0[core 4[hwt 0]]: [././././B/././././././.][./././././././././././.]
rep 1 scalability -e1 10000 7
[thin010:971000] MCW rank 0 bound to socket 0[core 0[hwt 0]]: [B/././././././././././.][./././././././././././.]
[thin010:971000] MCW rank 1 bound to socket 0[core 1[hwt 0]]: [./B/./././././././././.][./././././././././././.]
[thin010:971000] MCW rank 2 bound to socket 0[core 2[hwt 0]]: [././B/././././././././.][./././././././././././.]
[thin010:971000] MCW rank 3 bound to socket 0[core 3[hwt 0]]: [./././B/./././././././.][./././././././././././.]
[thin010:971000] MCW rank 4 bound to socket 0[core 4[hwt 0]]: [././././B/././././././.][./././././././././././.]
[thin010:971000] MCW rank 5 bound to socket 0[core 5[hwt 0]]: [./././././B/./././././.][./././././././././././.]
[thin010:971000] MCW rank 6 bound to socket 0[core 6[hwt 0]]: [././././././B/././././.][./././././././././././.]
rep 1 scalability -e1 10000 6
[thin010:971040] MCW rank 1 bound to socket 0[core 1[hwt 0]]: [./B/./././././././././.][./././././././././././.]
[thin010:971040] MCW rank 2 bound to socket 0[core 2[hwt 0]]: [././B/././././././././.][./././././././././././.]
[thin010:971040] MCW rank 3 bound to socket 0[core 3[hwt 0]]: [./././B/./././././././.][./././././././././././.]
[thin010:971040] MCW rank 4 bound to socket 0[core 4[hwt 0]]: [././././B/././././././.][./././././././././././.]
[thin010:971040] MCW rank 5 bound to socket 0[core 5[hwt 0]]: [./././././B/./././././.][./././././././././././.]
[thin010:971040] MCW rank 0 bound to socket 0[core 0[hwt 0]]: [B/././././././././././.][./././././././././././.]
rep 1 scalability -e1 10000 5
[thin010:971084] MCW rank 1 bound to socket 0[core 1[hwt 0]]: [./B/./././././././././.][./././././././././././.]
[thin010:971084] MCW rank 2 bound to socket 0[core 2[hwt 0]]: [././B/././././././././.][./././././././././././.]
[thin010:971084] MCW rank 3 bound to socket 0[core 3[hwt 0]]: [./././B/./././././././.][./././././././././././.]
[thin010:971084] MCW rank 4 bound to socket 0[core 4[hwt 0]]: [././././B/././././././.][./././././././././././.]
[thin010:971084] MCW rank 0 bound to socket 0[core 0[hwt 0]]: [B/././././././././././.][./././././././././././.]
rep 1 scalability -e1 10000 4
[thin010:971117] MCW rank 0 bound to socket 0[core 0[hwt 0]]: [B/././././././././././.][./././././././././././.]
[thin010:971117] MCW rank 1 bound to socket 0[core 1[hwt 0]]: [./B/./././././././././.][./././././././././././.]
[thin010:971117] MCW rank 2 bound to socket 0[core 2[hwt 0]]: [././B/././././././././.][./././././././././././.]
[thin010:971117] MCW rank 3 bound to socket 0[core 3[hwt 0]]: [./././B/./././././././.][./././././././././././.]
rep 1 scalability -e1 10000 3
[thin010:971146] MCW rank 1 bound to socket 0[core 1[hwt 0]]: [./B/./././././././././.][./././././././././././.]
[thin010:971146] MCW rank 2 bound to socket 0[core 2[hwt 0]]: [././B/././././././././.][./././././././././././.]
[thin010:971146] MCW rank 0 bound to socket 0[core 0[hwt 0]]: [B/././././././././././.][./././././././././././.]
rep 1 scalability -e1 10000 2
[thin010:971176] MCW rank 0 bound to socket 0[core 0[hwt 0]]: [B/././././././././././.][./././././././././././.]
[thin010:971176] MCW rank 1 bound to socket 0[core 1[hwt 0]]: [./B/./././././././././.][./././././././././././.]
rep 1 scalability -e1 10000 1
[thin010:971204] MCW rank 0 bound to socket 0[core 0[hwt 0]]: [B/././././././././././.][./././././././././././.]
rep 2 scalability -e1 10000 12
[thin010:971231] MCW rank 10 bound to socket 0[core 10[hwt 0]]: [././././././././././B/.][./././././././././././.]
[thin010:971231] MCW rank 11 bound to socket 0[core 11[hwt 0]]: [./././././././././././B][./././././././././././.]
[thin010:971231] MCW rank 0 bound to socket 0[core 0[hwt 0]]: [B/././././././././././.][./././././././././././.]
[thin010:971231] MCW rank 1 bound to socket 0[core 1[hwt 0]]: [./B/./././././././././.][./././././././././././.]
[thin010:971231] MCW rank 2 bound to socket 0[core 2[hwt 0]]: [././B/././././././././.][./././././././././././.]
[thin010:971231] MCW rank 3 bound to socket 0[core 3[hwt 0]]: [./././B/./././././././.][./././././././././././.]
[thin010:971231] MCW rank 4 bound to socket 0[core 4[hwt 0]]: [././././B/././././././.][./././././././././././.]
[thin010:971231] MCW rank 5 bound to socket 0[core 5[hwt 0]]: [./././././B/./././././.][./././././././././././.]
[thin010:971231] MCW rank 6 bound to socket 0[core 6[hwt 0]]: [././././././B/././././.][./././././././././././.]
[thin010:971231] MCW rank 7 bound to socket 0[core 7[hwt 0]]: [./././././././B/./././.][./././././././././././.]
[thin010:971231] MCW rank 8 bound to socket 0[core 8[hwt 0]]: [././././././././B/././.][./././././././././././.]
[thin010:971231] MCW rank 9 bound to socket 0[core 9[hwt 0]]: [./././././././././B/./.][./././././././././././.]
rep 2 scalability -e1 10000 11
[thin010:971301] MCW rank 1 bound to socket 0[core 1[hwt 0]]: [./B/./././././././././.][./././././././././././.]
[thin010:971301] MCW rank 2 bound to socket 0[core 2[hwt 0]]: [././B/././././././././.][./././././././././././.]
[thin010:971301] MCW rank 3 bound to socket 0[core 3[hwt 0]]: [./././B/./././././././.][./././././././././././.]
[thin010:971301] MCW rank 4 bound to socket 0[core 4[hwt 0]]: [././././B/././././././.][./././././././././././.]
[thin010:971301] MCW rank 5 bound to socket 0[core 5[hwt 0]]: [./././././B/./././././.][./././././././././././.]
[thin010:971301] MCW rank 6 bound to socket 0[core 6[hwt 0]]: [././././././B/././././.][./././././././././././.]
[thin010:971301] MCW rank 7 bound to socket 0[core 7[hwt 0]]: [./././././././B/./././.][./././././././././././.]
[thin010:971301] MCW rank 8 bound to socket 0[core 8[hwt 0]]: [././././././././B/././.][./././././././././././.]
[thin010:971301] MCW rank 9 bound to socket 0[core 9[hwt 0]]: [./././././././././B/./.][./././././././././././.]
[thin010:971301] MCW rank 10 bound to socket 0[core 10[hwt 0]]: [././././././././././B/.][./././././././././././.]
[thin010:971301] MCW rank 0 bound to socket 0[core 0[hwt 0]]: [B/././././././././././.][./././././././././././.]
rep 2 scalability -e1 10000 10
[thin010:971363] MCW rank 2 bound to socket 0[core 2[hwt 0]]: [././B/././././././././.][./././././././././././.]
[thin010:971363] MCW rank 3 bound to socket 0[core 3[hwt 0]]: [./././B/./././././././.][./././././././././././.]
[thin010:971363] MCW rank 4 bound to socket 0[core 4[hwt 0]]: [././././B/././././././.][./././././././././././.]
[thin010:971363] MCW rank 5 bound to socket 0[core 5[hwt 0]]: [./././././B/./././././.][./././././././././././.]
[thin010:971363] MCW rank 6 bound to socket 0[core 6[hwt 0]]: [././././././B/././././.][./././././././././././.]
[thin010:971363] MCW rank 7 bound to socket 0[core 7[hwt 0]]: [./././././././B/./././.][./././././././././././.]
[thin010:971363] MCW rank 8 bound to socket 0[core 8[hwt 0]]: [././././././././B/././.][./././././././././././.]
[thin010:971363] MCW rank 9 bound to socket 0[core 9[hwt 0]]: [./././././././././B/./.][./././././././././././.]
[thin010:971363] MCW rank 0 bound to socket 0[core 0[hwt 0]]: [B/././././././././././.][./././././././././././.]
[thin010:971363] MCW rank 1 bound to socket 0[core 1[hwt 0]]: [./B/./././././././././.][./././././././././././.]
rep 2 scalability -e1 10000 9
[thin010:971418] MCW rank 0 bound to socket 0[core 0[hwt 0]]: [B/././././././././././.][./././././././././././.]
[thin010:971418] MCW rank 1 bound to socket 0[core 1[hwt 0]]: [./B/./././././././././.][./././././././././././.]
[thin010:971418] MCW rank 2 bound to socket 0[core 2[hwt 0]]: [././B/././././././././.][./././././././././././.]
[thin010:971418] MCW rank 3 bound to socket 0[core 3[hwt 0]]: [./././B/./././././././.][./././././././././././.]
[thin010:971418] MCW rank 4 bound to socket 0[core 4[hwt 0]]: [././././B/././././././.][./././././././././././.]
[thin010:971418] MCW rank 5 bound to socket 0[core 5[hwt 0]]: [./././././B/./././././.][./././././././././././.]
[thin010:971418] MCW rank 6 bound to socket 0[core 6[hwt 0]]: [././././././B/././././.][./././././././././././.]
[thin010:971418] MCW rank 7 bound to socket 0[core 7[hwt 0]]: [./././././././B/./././.][./././././././././././.]
[thin010:971418] MCW rank 8 bound to socket 0[core 8[hwt 0]]: [././././././././B/././.][./././././././././././.]
rep 2 scalability -e1 10000 8
[thin010:971475] MCW rank 0 bound to socket 0[core 0[hwt 0]]: [B/././././././././././.][./././././././././././.]
[thin010:971475] MCW rank 1 bound to socket 0[core 1[hwt 0]]: [./B/./././././././././.][./././././././././././.]
[thin010:971475] MCW rank 2 bound to socket 0[core 2[hwt 0]]: [././B/././././././././.][./././././././././././.]
[thin010:971475] MCW rank 3 bound to socket 0[core 3[hwt 0]]: [./././B/./././././././.][./././././././././././.]
[thin010:971475] MCW rank 4 bound to socket 0[core 4[hwt 0]]: [././././B/././././././.][./././././././././././.]
[thin010:971475] MCW rank 5 bound to socket 0[core 5[hwt 0]]: [./././././B/./././././.][./././././././././././.]
[thin010:971475] MCW rank 6 bound to socket 0[core 6[hwt 0]]: [././././././B/././././.][./././././././././././.]
[thin010:971475] MCW rank 7 bound to socket 0[core 7[hwt 0]]: [./././././././B/./././.][./././././././././././.]
rep 2 scalability -e1 10000 7
[thin010:971521] MCW rank 3 bound to socket 0[core 3[hwt 0]]: [./././B/./././././././.][./././././././././././.]
[thin010:971521] MCW rank 4 bound to socket 0[core 4[hwt 0]]: [././././B/././././././.][./././././././././././.]
[thin010:971521] MCW rank 5 bound to socket 0[core 5[hwt 0]]: [./././././B/./././././.][./././././././././././.]
[thin010:971521] MCW rank 6 bound to socket 0[core 6[hwt 0]]: [././././././B/././././.][./././././././././././.]
[thin010:971521] MCW rank 0 bound to socket 0[core 0[hwt 0]]: [B/././././././././././.][./././././././././././.]
[thin010:971521] MCW rank 1 bound to socket 0[core 1[hwt 0]]: [./B/./././././././././.][./././././././././././.]
[thin010:971521] MCW rank 2 bound to socket 0[core 2[hwt 0]]: [././B/././././././././.][./././././././././././.]
rep 2 scalability -e1 10000 6
[thin010:971563] MCW rank 4 bound to socket 0[core 4[hwt 0]]: [././././B/././././././.][./././././././././././.]
[thin010:971563] MCW rank 5 bound to socket 0[core 5[hwt 0]]: [./././././B/./././././.][./././././././././././.]
[thin010:971563] MCW rank 0 bound to socket 0[core 0[hwt 0]]: [B/././././././././././.][./././././././././././.]
[thin010:971563] MCW rank 1 bound to socket 0[core 1[hwt 0]]: [./B/./././././././././.][./././././././././././.]
[thin010:971563] MCW rank 2 bound to socket 0[core 2[hwt 0]]: [././B/././././././././.][./././././././././././.]
[thin010:971563] MCW rank 3 bound to socket 0[core 3[hwt 0]]: [./././B/./././././././.][./././././././././././.]
rep 2 scalability -e1 10000 5
[thin010:971602] MCW rank 4 bound to socket 0[core 4[hwt 0]]: [././././B/././././././.][./././././././././././.]
[thin010:971602] MCW rank 0 bound to socket 0[core 0[hwt 0]]: [B/././././././././././.][./././././././././././.]
[thin010:971602] MCW rank 1 bound to socket 0[core 1[hwt 0]]: [./B/./././././././././.][./././././././././././.]
[thin010:971602] MCW rank 2 bound to socket 0[core 2[hwt 0]]: [././B/././././././././.][./././././././././././.]
[thin010:971602] MCW rank 3 bound to socket 0[core 3[hwt 0]]: [./././B/./././././././.][./././././././././././.]
rep 2 scalability -e1 10000 4
[thin010:971632] MCW rank 0 bound to socket 0[core 0[hwt 0]]: [B/././././././././././.][./././././././././././.]
[thin010:971632] MCW rank 1 bound to socket 0[core 1[hwt 0]]: [./B/./././././././././.][./././././././././././.]
[thin010:971632] MCW rank 2 bound to socket 0[core 2[hwt 0]]: [././B/././././././././.][./././././././././././.]
[thin010:971632] MCW rank 3 bound to socket 0[core 3[hwt 0]]: [./././B/./././././././.][./././././././././././.]
rep 2 scalability -e1 10000 3
[thin010:971667] MCW rank 2 bound to socket 0[core 2[hwt 0]]: [././B/././././././././.][./././././././././././.]
[thin010:971667] MCW rank 0 bound to socket 0[core 0[hwt 0]]: [B/././././././././././.][./././././././././././.]
[thin010:971667] MCW rank 1 bound to socket 0[core 1[hwt 0]]: [./B/./././././././././.][./././././././././././.]
rep 2 scalability -e1 10000 2
[thin010:971697] MCW rank 0 bound to socket 0[core 0[hwt 0]]: [B/././././././././././.][./././././././././././.]
[thin010:971697] MCW rank 1 bound to socket 0[core 1[hwt 0]]: [./B/./././././././././.][./././././././././././.]
rep 2 scalability -e1 10000 1
[thin010:971721] MCW rank 0 bound to socket 0[core 0[hwt 0]]: [B/././././././././././.][./././././././././././.]
rep 3 scalability -e1 10000 12
[thin010:971750] MCW rank 7 bound to socket 0[core 7[hwt 0]]: [./././././././B/./././.][./././././././././././.]
[thin010:971750] MCW rank 8 bound to socket 0[core 8[hwt 0]]: [././././././././B/././.][./././././././././././.]
[thin010:971750] MCW rank 9 bound to socket 0[core 9[hwt 0]]: [./././././././././B/./.][./././././././././././.]
[thin010:971750] MCW rank 10 bound to socket 0[core 10[hwt 0]]: [././././././././././B/.][./././././././././././.]
[thin010:971750] MCW rank 11 bound to socket 0[core 11[hwt 0]]: [./././././././././././B][./././././././././././.]
[thin010:971750] MCW rank 0 bound to socket 0[core 0[hwt 0]]: [B/././././././././././.][./././././././././././.]
[thin010:971750] MCW rank 1 bound to socket 0[core 1[hwt 0]]: [./B/./././././././././.][./././././././././././.]
[thin010:971750] MCW rank 2 bound to socket 0[core 2[hwt 0]]: [././B/././././././././.][./././././././././././.]
[thin010:971750] MCW rank 3 bound to socket 0[core 3[hwt 0]]: [./././B/./././././././.][./././././././././././.]
[thin010:971750] MCW rank 4 bound to socket 0[core 4[hwt 0]]: [././././B/././././././.][./././././././././././.]
[thin010:971750] MCW rank 5 bound to socket 0[core 5[hwt 0]]: [./././././B/./././././.][./././././././././././.]
[thin010:971750] MCW rank 6 bound to socket 0[core 6[hwt 0]]: [././././././B/././././.][./././././././././././.]
rep 3 scalability -e1 10000 11
[thin010:971819] MCW rank 7 bound to socket 0[core 7[hwt 0]]: [./././././././B/./././.][./././././././././././.]
[thin010:971819] MCW rank 8 bound to socket 0[core 8[hwt 0]]: [././././././././B/././.][./././././././././././.]
[thin010:971819] MCW rank 9 bound to socket 0[core 9[hwt 0]]: [./././././././././B/./.][./././././././././././.]
[thin010:971819] MCW rank 10 bound to socket 0[core 10[hwt 0]]: [././././././././././B/.][./././././././././././.]
[thin010:971819] MCW rank 0 bound to socket 0[core 0[hwt 0]]: [B/././././././././././.][./././././././././././.]
[thin010:971819] MCW rank 1 bound to socket 0[core 1[hwt 0]]: [./B/./././././././././.][./././././././././././.]
[thin010:971819] MCW rank 2 bound to socket 0[core 2[hwt 0]]: [././B/././././././././.][./././././././././././.]
[thin010:971819] MCW rank 3 bound to socket 0[core 3[hwt 0]]: [./././B/./././././././.][./././././././././././.]
[thin010:971819] MCW rank 4 bound to socket 0[core 4[hwt 0]]: [././././B/././././././.][./././././././././././.]
[thin010:971819] MCW rank 5 bound to socket 0[core 5[hwt 0]]: [./././././B/./././././.][./././././././././././.]
[thin010:971819] MCW rank 6 bound to socket 0[core 6[hwt 0]]: [././././././B/././././.][./././././././././././.]
rep 3 scalability -e1 10000 10
[thin010:971879] MCW rank 0 bound to socket 0[core 0[hwt 0]]: [B/././././././././././.][./././././././././././.]
[thin010:971879] MCW rank 1 bound to socket 0[core 1[hwt 0]]: [./B/./././././././././.][./././././././././././.]
[thin010:971879] MCW rank 2 bound to socket 0[core 2[hwt 0]]: [././B/././././././././.][./././././././././././.]
[thin010:971879] MCW rank 3 bound to socket 0[core 3[hwt 0]]: [./././B/./././././././.][./././././././././././.]
[thin010:971879] MCW rank 4 bound to socket 0[core 4[hwt 0]]: [././././B/././././././.][./././././././././././.]
[thin010:971879] MCW rank 5 bound to socket 0[core 5[hwt 0]]: [./././././B/./././././.][./././././././././././.]
[thin010:971879] MCW rank 6 bound to socket 0[core 6[hwt 0]]: [././././././B/././././.][./././././././././././.]
[thin010:971879] MCW rank 7 bound to socket 0[core 7[hwt 0]]: [./././././././B/./././.][./././././././././././.]
[thin010:971879] MCW rank 8 bound to socket 0[core 8[hwt 0]]: [././././././././B/././.][./././././././././././.]
[thin010:971879] MCW rank 9 bound to socket 0[core 9[hwt 0]]: [./././././././././B/./.][./././././././././././.]
rep 3 scalability -e1 10000 9
[thin010:971935] MCW rank 0 bound to socket 0[core 0[hwt 0]]: [B/././././././././././.][./././././././././././.]
[thin010:971935] MCW rank 1 bound to socket 0[core 1[hwt 0]]: [./B/./././././././././.][./././././././././././.]
[thin010:971935] MCW rank 2 bound to socket 0[core 2[hwt 0]]: [././B/././././././././.][./././././././././././.]
[thin010:971935] MCW rank 3 bound to socket 0[core 3[hwt 0]]: [./././B/./././././././.][./././././././././././.]
[thin010:971935] MCW rank 4 bound to socket 0[core 4[hwt 0]]: [././././B/././././././.][./././././././././././.]
[thin010:971935] MCW rank 5 bound to socket 0[core 5[hwt 0]]: [./././././B/./././././.][./././././././././././.]
[thin010:971935] MCW rank 6 bound to socket 0[core 6[hwt 0]]: [././././././B/././././.][./././././././././././.]
[thin010:971935] MCW rank 7 bound to socket 0[core 7[hwt 0]]: [./././././././B/./././.][./././././././././././.]
[thin010:971935] MCW rank 8 bound to socket 0[core 8[hwt 0]]: [././././././././B/././.][./././././././././././.]
rep 3 scalability -e1 10000 8
[thin010:971988] MCW rank 0 bound to socket 0[core 0[hwt 0]]: [B/././././././././././.][./././././././././././.]
[thin010:971988] MCW rank 1 bound to socket 0[core 1[hwt 0]]: [./B/./././././././././.][./././././././././././.]
[thin010:971988] MCW rank 2 bound to socket 0[core 2[hwt 0]]: [././B/././././././././.][./././././././././././.]
[thin010:971988] MCW rank 3 bound to socket 0[core 3[hwt 0]]: [./././B/./././././././.][./././././././././././.]
[thin010:971988] MCW rank 4 bound to socket 0[core 4[hwt 0]]: [././././B/././././././.][./././././././././././.]
[thin010:971988] MCW rank 5 bound to socket 0[core 5[hwt 0]]: [./././././B/./././././.][./././././././././././.]
[thin010:971988] MCW rank 6 bound to socket 0[core 6[hwt 0]]: [././././././B/././././.][./././././././././././.]
[thin010:971988] MCW rank 7 bound to socket 0[core 7[hwt 0]]: [./././././././B/./././.][./././././././././././.]
rep 3 scalability -e1 10000 7
[thin010:972032] MCW rank 2 bound to socket 0[core 2[hwt 0]]: [././B/././././././././.][./././././././././././.]
[thin010:972032] MCW rank 3 bound to socket 0[core 3[hwt 0]]: [./././B/./././././././.][./././././././././././.]
[thin010:972032] MCW rank 4 bound to socket 0[core 4[hwt 0]]: [././././B/././././././.][./././././././././././.]
[thin010:972032] MCW rank 5 bound to socket 0[core 5[hwt 0]]: [./././././B/./././././.][./././././././././././.]
[thin010:972032] MCW rank 6 bound to socket 0[core 6[hwt 0]]: [././././././B/././././.][./././././././././././.]
[thin010:972032] MCW rank 0 bound to socket 0[core 0[hwt 0]]: [B/././././././././././.][./././././././././././.]
[thin010:972032] MCW rank 1 bound to socket 0[core 1[hwt 0]]: [./B/./././././././././.][./././././././././././.]
rep 3 scalability -e1 10000 6
[thin010:972074] MCW rank 4 bound to socket 0[core 4[hwt 0]]: [././././B/././././././.][./././././././././././.]
[thin010:972074] MCW rank 5 bound to socket 0[core 5[hwt 0]]: [./././././B/./././././.][./././././././././././.]
[thin010:972074] MCW rank 0 bound to socket 0[core 0[hwt 0]]: [B/././././././././././.][./././././././././././.]
[thin010:972074] MCW rank 1 bound to socket 0[core 1[hwt 0]]: [./B/./././././././././.][./././././././././././.]
[thin010:972074] MCW rank 2 bound to socket 0[core 2[hwt 0]]: [././B/././././././././.][./././././././././././.]
[thin010:972074] MCW rank 3 bound to socket 0[core 3[hwt 0]]: [./././B/./././././././.][./././././././././././.]
rep 3 scalability -e1 10000 5
[thin010:972113] MCW rank 4 bound to socket 0[core 4[hwt 0]]: [././././B/././././././.][./././././././././././.]
[thin010:972113] MCW rank 0 bound to socket 0[core 0[hwt 0]]: [B/././././././././././.][./././././././././././.]
[thin010:972113] MCW rank 1 bound to socket 0[core 1[hwt 0]]: [./B/./././././././././.][./././././././././././.]
[thin010:972113] MCW rank 2 bound to socket 0[core 2[hwt 0]]: [././B/././././././././.][./././././././././././.]
[thin010:972113] MCW rank 3 bound to socket 0[core 3[hwt 0]]: [./././B/./././././././.][./././././././././././.]
rep 3 scalability -e1 10000 4
[thin010:972145] MCW rank 1 bound to socket 0[core 1[hwt 0]]: [./B/./././././././././.][./././././././././././.]
[thin010:972145] MCW rank 2 bound to socket 0[core 2[hwt 0]]: [././B/././././././././.][./././././././././././.]
[thin010:972145] MCW rank 3 bound to socket 0[core 3[hwt 0]]: [./././B/./././././././.][./././././././././././.]
[thin010:972145] MCW rank 0 bound to socket 0[core 0[hwt 0]]: [B/././././././././././.][./././././././././././.]
rep 3 scalability -e1 10000 3
[thin010:972177] MCW rank 0 bound to socket 0[core 0[hwt 0]]: [B/././././././././././.][./././././././././././.]
[thin010:972177] MCW rank 1 bound to socket 0[core 1[hwt 0]]: [./B/./././././././././.][./././././././././././.]
[thin010:972177] MCW rank 2 bound to socket 0[core 2[hwt 0]]: [././B/././././././././.][./././././././././././.]
rep 3 scalability -e1 10000 2
[thin010:972206] MCW rank 0 bound to socket 0[core 0[hwt 0]]: [B/././././././././././.][./././././././././././.]
[thin010:972206] MCW rank 1 bound to socket 0[core 1[hwt 0]]: [./B/./././././././././.][./././././././././././.]
rep 3 scalability -e1 10000 1
[thin010:972235] MCW rank 0 bound to socket 0[core 0[hwt 0]]: [B/././././././././././.][./././././././././././.]
rep 4 scalability -e1 10000 12
[thin010:972273] MCW rank 3 bound to socket 0[core 3[hwt 0]]: [./././B/./././././././.][./././././././././././.]
[thin010:972273] MCW rank 4 bound to socket 0[core 4[hwt 0]]: [././././B/././././././.][./././././././././././.]
[thin010:972273] MCW rank 5 bound to socket 0[core 5[hwt 0]]: [./././././B/./././././.][./././././././././././.]
[thin010:972273] MCW rank 6 bound to socket 0[core 6[hwt 0]]: [././././././B/././././.][./././././././././././.]
[thin010:972273] MCW rank 7 bound to socket 0[core 7[hwt 0]]: [./././././././B/./././.][./././././././././././.]
[thin010:972273] MCW rank 8 bound to socket 0[core 8[hwt 0]]: [././././././././B/././.][./././././././././././.]
[thin010:972273] MCW rank 9 bound to socket 0[core 9[hwt 0]]: [./././././././././B/./.][./././././././././././.]
[thin010:972273] MCW rank 10 bound to socket 0[core 10[hwt 0]]: [././././././././././B/.][./././././././././././.]
[thin010:972273] MCW rank 11 bound to socket 0[core 11[hwt 0]]: [./././././././././././B][./././././././././././.]
[thin010:972273] MCW rank 0 bound to socket 0[core 0[hwt 0]]: [B/././././././././././.][./././././././././././.]
[thin010:972273] MCW rank 1 bound to socket 0[core 1[hwt 0]]: [./B/./././././././././.][./././././././././././.]
[thin010:972273] MCW rank 2 bound to socket 0[core 2[hwt 0]]: [././B/././././././././.][./././././././././././.]
rep 4 scalability -e1 10000 11
[thin010:972343] MCW rank 2 bound to socket 0[core 2[hwt 0]]: [././B/././././././././.][./././././././././././.]
[thin010:972343] MCW rank 3 bound to socket 0[core 3[hwt 0]]: [./././B/./././././././.][./././././././././././.]
[thin010:972343] MCW rank 4 bound to socket 0[core 4[hwt 0]]: [././././B/././././././.][./././././././././././.]
[thin010:972343] MCW rank 5 bound to socket 0[core 5[hwt 0]]: [./././././B/./././././.][./././././././././././.]
[thin010:972343] MCW rank 6 bound to socket 0[core 6[hwt 0]]: [././././././B/././././.][./././././././././././.]
[thin010:972343] MCW rank 7 bound to socket 0[core 7[hwt 0]]: [./././././././B/./././.][./././././././././././.]
[thin010:972343] MCW rank 8 bound to socket 0[core 8[hwt 0]]: [././././././././B/././.][./././././././././././.]
[thin010:972343] MCW rank 9 bound to socket 0[core 9[hwt 0]]: [./././././././././B/./.][./././././././././././.]
[thin010:972343] MCW rank 10 bound to socket 0[core 10[hwt 0]]: [././././././././././B/.][./././././././././././.]
[thin010:972343] MCW rank 0 bound to socket 0[core 0[hwt 0]]: [B/././././././././././.][./././././././././././.]
[thin010:972343] MCW rank 1 bound to socket 0[core 1[hwt 0]]: [./B/./././././././././.][./././././././././././.]
rep 4 scalability -e1 10000 10
[thin010:972404] MCW rank 6 bound to socket 0[core 6[hwt 0]]: [././././././B/././././.][./././././././././././.]
[thin010:972404] MCW rank 7 bound to socket 0[core 7[hwt 0]]: [./././././././B/./././.][./././././././././././.]
[thin010:972404] MCW rank 8 bound to socket 0[core 8[hwt 0]]: [././././././././B/././.][./././././././././././.]
[thin010:972404] MCW rank 9 bound to socket 0[core 9[hwt 0]]: [./././././././././B/./.][./././././././././././.]
[thin010:972404] MCW rank 0 bound to socket 0[core 0[hwt 0]]: [B/././././././././././.][./././././././././././.]
[thin010:972404] MCW rank 1 bound to socket 0[core 1[hwt 0]]: [./B/./././././././././.][./././././././././././.]
[thin010:972404] MCW rank 2 bound to socket 0[core 2[hwt 0]]: [././B/././././././././.][./././././././././././.]
[thin010:972404] MCW rank 3 bound to socket 0[core 3[hwt 0]]: [./././B/./././././././.][./././././././././././.]
[thin010:972404] MCW rank 4 bound to socket 0[core 4[hwt 0]]: [././././B/././././././.][./././././././././././.]
[thin010:972404] MCW rank 5 bound to socket 0[core 5[hwt 0]]: [./././././B/./././././.][./././././././././././.]
rep 4 scalability -e1 10000 9
[thin010:972461] MCW rank 6 bound to socket 0[core 6[hwt 0]]: [././././././B/././././.][./././././././././././.]
[thin010:972461] MCW rank 7 bound to socket 0[core 7[hwt 0]]: [./././././././B/./././.][./././././././././././.]
[thin010:972461] MCW rank 8 bound to socket 0[core 8[hwt 0]]: [././././././././B/././.][./././././././././././.]
[thin010:972461] MCW rank 0 bound to socket 0[core 0[hwt 0]]: [B/././././././././././.][./././././././././././.]
[thin010:972461] MCW rank 1 bound to socket 0[core 1[hwt 0]]: [./B/./././././././././.][./././././././././././.]
[thin010:972461] MCW rank 2 bound to socket 0[core 2[hwt 0]]: [././B/././././././././.][./././././././././././.]
[thin010:972461] MCW rank 3 bound to socket 0[core 3[hwt 0]]: [./././B/./././././././.][./././././././././././.]
[thin010:972461] MCW rank 4 bound to socket 0[core 4[hwt 0]]: [././././B/././././././.][./././././././././././.]
[thin010:972461] MCW rank 5 bound to socket 0[core 5[hwt 0]]: [./././././B/./././././.][./././././././././././.]
rep 4 scalability -e1 10000 8
[thin010:972518] MCW rank 0 bound to socket 0[core 0[hwt 0]]: [B/././././././././././.][./././././././././././.]
[thin010:972518] MCW rank 1 bound to socket 0[core 1[hwt 0]]: [./B/./././././././././.][./././././././././././.]
[thin010:972518] MCW rank 2 bound to socket 0[core 2[hwt 0]]: [././B/././././././././.][./././././././././././.]
[thin010:972518] MCW rank 3 bound to socket 0[core 3[hwt 0]]: [./././B/./././././././.][./././././././././././.]
[thin010:972518] MCW rank 4 bound to socket 0[core 4[hwt 0]]: [././././B/././././././.][./././././././././././.]
[thin010:972518] MCW rank 5 bound to socket 0[core 5[hwt 0]]: [./././././B/./././././.][./././././././././././.]
[thin010:972518] MCW rank 6 bound to socket 0[core 6[hwt 0]]: [././././././B/././././.][./././././././././././.]
[thin010:972518] MCW rank 7 bound to socket 0[core 7[hwt 0]]: [./././././././B/./././.][./././././././././././.]
rep 4 scalability -e1 10000 7
[thin010:972568] MCW rank 4 bound to socket 0[core 4[hwt 0]]: [././././B/././././././.][./././././././././././.]
[thin010:972568] MCW rank 5 bound to socket 0[core 5[hwt 0]]: [./././././B/./././././.][./././././././././././.]
[thin010:972568] MCW rank 6 bound to socket 0[core 6[hwt 0]]: [././././././B/././././.][./././././././././././.]
[thin010:972568] MCW rank 0 bound to socket 0[core 0[hwt 0]]: [B/././././././././././.][./././././././././././.]
[thin010:972568] MCW rank 1 bound to socket 0[core 1[hwt 0]]: [./B/./././././././././.][./././././././././././.]
[thin010:972568] MCW rank 2 bound to socket 0[core 2[hwt 0]]: [././B/././././././././.][./././././././././././.]
[thin010:972568] MCW rank 3 bound to socket 0[core 3[hwt 0]]: [./././B/./././././././.][./././././././././././.]
rep 4 scalability -e1 10000 6
[thin010:972610] MCW rank 0 bound to socket 0[core 0[hwt 0]]: [B/././././././././././.][./././././././././././.]
[thin010:972610] MCW rank 1 bound to socket 0[core 1[hwt 0]]: [./B/./././././././././.][./././././././././././.]
[thin010:972610] MCW rank 2 bound to socket 0[core 2[hwt 0]]: [././B/././././././././.][./././././././././././.]
[thin010:972610] MCW rank 3 bound to socket 0[core 3[hwt 0]]: [./././B/./././././././.][./././././././././././.]
[thin010:972610] MCW rank 4 bound to socket 0[core 4[hwt 0]]: [././././B/././././././.][./././././././././././.]
[thin010:972610] MCW rank 5 bound to socket 0[core 5[hwt 0]]: [./././././B/./././././.][./././././././././././.]
rep 4 scalability -e1 10000 5
[thin010:972645] MCW rank 1 bound to socket 0[core 1[hwt 0]]: [./B/./././././././././.][./././././././././././.]
[thin010:972645] MCW rank 2 bound to socket 0[core 2[hwt 0]]: [././B/././././././././.][./././././././././././.]
[thin010:972645] MCW rank 3 bound to socket 0[core 3[hwt 0]]: [./././B/./././././././.][./././././././././././.]
[thin010:972645] MCW rank 4 bound to socket 0[core 4[hwt 0]]: [././././B/././././././.][./././././././././././.]
[thin010:972645] MCW rank 0 bound to socket 0[core 0[hwt 0]]: [B/././././././././././.][./././././././././././.]
rep 4 scalability -e1 10000 4
[thin010:972676] MCW rank 3 bound to socket 0[core 3[hwt 0]]: [./././B/./././././././.][./././././././././././.]
[thin010:972676] MCW rank 0 bound to socket 0[core 0[hwt 0]]: [B/././././././././././.][./././././././././././.]
[thin010:972676] MCW rank 1 bound to socket 0[core 1[hwt 0]]: [./B/./././././././././.][./././././././././././.]
[thin010:972676] MCW rank 2 bound to socket 0[core 2[hwt 0]]: [././B/././././././././.][./././././././././././.]
rep 4 scalability -e1 10000 3
[thin010:972710] MCW rank 0 bound to socket 0[core 0[hwt 0]]: [B/././././././././././.][./././././././././././.]
[thin010:972710] MCW rank 1 bound to socket 0[core 1[hwt 0]]: [./B/./././././././././.][./././././././././././.]
[thin010:972710] MCW rank 2 bound to socket 0[core 2[hwt 0]]: [././B/././././././././.][./././././././././././.]
rep 4 scalability -e1 10000 2
[thin010:972739] MCW rank 0 bound to socket 0[core 0[hwt 0]]: [B/././././././././././.][./././././././././././.]
[thin010:972739] MCW rank 1 bound to socket 0[core 1[hwt 0]]: [./B/./././././././././.][./././././././././././.]
rep 4 scalability -e1 10000 1
[thin010:972762] MCW rank 0 bound to socket 0[core 0[hwt 0]]: [B/././././././././././.][./././././././././././.]
rep 5 scalability -e1 10000 12
[thin010:972792] MCW rank 10 bound to socket 0[core 10[hwt 0]]: [././././././././././B/.][./././././././././././.]
[thin010:972792] MCW rank 11 bound to socket 0[core 11[hwt 0]]: [./././././././././././B][./././././././././././.]
[thin010:972792] MCW rank 0 bound to socket 0[core 0[hwt 0]]: [B/././././././././././.][./././././././././././.]
[thin010:972792] MCW rank 1 bound to socket 0[core 1[hwt 0]]: [./B/./././././././././.][./././././././././././.]
[thin010:972792] MCW rank 2 bound to socket 0[core 2[hwt 0]]: [././B/././././././././.][./././././././././././.]
[thin010:972792] MCW rank 3 bound to socket 0[core 3[hwt 0]]: [./././B/./././././././.][./././././././././././.]
[thin010:972792] MCW rank 4 bound to socket 0[core 4[hwt 0]]: [././././B/././././././.][./././././././././././.]
[thin010:972792] MCW rank 5 bound to socket 0[core 5[hwt 0]]: [./././././B/./././././.][./././././././././././.]
[thin010:972792] MCW rank 6 bound to socket 0[core 6[hwt 0]]: [././././././B/././././.][./././././././././././.]
[thin010:972792] MCW rank 7 bound to socket 0[core 7[hwt 0]]: [./././././././B/./././.][./././././././././././.]
[thin010:972792] MCW rank 8 bound to socket 0[core 8[hwt 0]]: [././././././././B/././.][./././././././././././.]
[thin010:972792] MCW rank 9 bound to socket 0[core 9[hwt 0]]: [./././././././././B/./.][./././././././././././.]
rep 5 scalability -e1 10000 11
[thin010:972862] MCW rank 5 bound to socket 0[core 5[hwt 0]]: [./././././B/./././././.][./././././././././././.]
[thin010:972862] MCW rank 6 bound to socket 0[core 6[hwt 0]]: [././././././B/././././.][./././././././././././.]
[thin010:972862] MCW rank 7 bound to socket 0[core 7[hwt 0]]: [./././././././B/./././.][./././././././././././.]
[thin010:972862] MCW rank 8 bound to socket 0[core 8[hwt 0]]: [././././././././B/././.][./././././././././././.]
[thin010:972862] MCW rank 9 bound to socket 0[core 9[hwt 0]]: [./././././././././B/./.][./././././././././././.]
[thin010:972862] MCW rank 10 bound to socket 0[core 10[hwt 0]]: [././././././././././B/.][./././././././././././.]
[thin010:972862] MCW rank 0 bound to socket 0[core 0[hwt 0]]: [B/././././././././././.][./././././././././././.]
[thin010:972862] MCW rank 1 bound to socket 0[core 1[hwt 0]]: [./B/./././././././././.][./././././././././././.]
[thin010:972862] MCW rank 2 bound to socket 0[core 2[hwt 0]]: [././B/././././././././.][./././././././././././.]
[thin010:972862] MCW rank 3 bound to socket 0[core 3[hwt 0]]: [./././B/./././././././.][./././././././././././.]
[thin010:972862] MCW rank 4 bound to socket 0[core 4[hwt 0]]: [././././B/././././././.][./././././././././././.]
rep 5 scalability -e1 10000 10
[thin010:972923] MCW rank 2 bound to socket 0[core 2[hwt 0]]: [././B/././././././././.][./././././././././././.]
[thin010:972923] MCW rank 3 bound to socket 0[core 3[hwt 0]]: [./././B/./././././././.][./././././././././././.]
[thin010:972923] MCW rank 4 bound to socket 0[core 4[hwt 0]]: [././././B/././././././.][./././././././././././.]
[thin010:972923] MCW rank 5 bound to socket 0[core 5[hwt 0]]: [./././././B/./././././.][./././././././././././.]
[thin010:972923] MCW rank 6 bound to socket 0[core 6[hwt 0]]: [././././././B/././././.][./././././././././././.]
[thin010:972923] MCW rank 7 bound to socket 0[core 7[hwt 0]]: [./././././././B/./././.][./././././././././././.]
[thin010:972923] MCW rank 8 bound to socket 0[core 8[hwt 0]]: [././././././././B/././.][./././././././././././.]
[thin010:972923] MCW rank 9 bound to socket 0[core 9[hwt 0]]: [./././././././././B/./.][./././././././././././.]
[thin010:972923] MCW rank 0 bound to socket 0[core 0[hwt 0]]: [B/././././././././././.][./././././././././././.]
[thin010:972923] MCW rank 1 bound to socket 0[core 1[hwt 0]]: [./B/./././././././././.][./././././././././././.]
rep 5 scalability -e1 10000 9
[thin010:972979] MCW rank 1 bound to socket 0[core 1[hwt 0]]: [./B/./././././././././.][./././././././././././.]
[thin010:972979] MCW rank 2 bound to socket 0[core 2[hwt 0]]: [././B/././././././././.][./././././././././././.]
[thin010:972979] MCW rank 3 bound to socket 0[core 3[hwt 0]]: [./././B/./././././././.][./././././././././././.]
[thin010:972979] MCW rank 4 bound to socket 0[core 4[hwt 0]]: [././././B/././././././.][./././././././././././.]
[thin010:972979] MCW rank 5 bound to socket 0[core 5[hwt 0]]: [./././././B/./././././.][./././././././././././.]
[thin010:972979] MCW rank 6 bound to socket 0[core 6[hwt 0]]: [././././././B/././././.][./././././././././././.]
[thin010:972979] MCW rank 7 bound to socket 0[core 7[hwt 0]]: [./././././././B/./././.][./././././././././././.]
[thin010:972979] MCW rank 8 bound to socket 0[core 8[hwt 0]]: [././././././././B/././.][./././././././././././.]
[thin010:972979] MCW rank 0 bound to socket 0[core 0[hwt 0]]: [B/././././././././././.][./././././././././././.]
rep 5 scalability -e1 10000 8
[thin010:973030] MCW rank 5 bound to socket 0[core 5[hwt 0]]: [./././././B/./././././.][./././././././././././.]
[thin010:973030] MCW rank 6 bound to socket 0[core 6[hwt 0]]: [././././././B/././././.][./././././././././././.]
[thin010:973030] MCW rank 7 bound to socket 0[core 7[hwt 0]]: [./././././././B/./././.][./././././././././././.]
[thin010:973030] MCW rank 0 bound to socket 0[core 0[hwt 0]]: [B/././././././././././.][./././././././././././.]
[thin010:973030] MCW rank 1 bound to socket 0[core 1[hwt 0]]: [./B/./././././././././.][./././././././././././.]
[thin010:973030] MCW rank 2 bound to socket 0[core 2[hwt 0]]: [././B/././././././././.][./././././././././././.]
[thin010:973030] MCW rank 3 bound to socket 0[core 3[hwt 0]]: [./././B/./././././././.][./././././././././././.]
[thin010:973030] MCW rank 4 bound to socket 0[core 4[hwt 0]]: [././././B/././././././.][./././././././././././.]
rep 5 scalability -e1 10000 7
[thin010:973075] MCW rank 0 bound to socket 0[core 0[hwt 0]]: [B/././././././././././.][./././././././././././.]
[thin010:973075] MCW rank 1 bound to socket 0[core 1[hwt 0]]: [./B/./././././././././.][./././././././././././.]
[thin010:973075] MCW rank 2 bound to socket 0[core 2[hwt 0]]: [././B/././././././././.][./././././././././././.]
[thin010:973075] MCW rank 3 bound to socket 0[core 3[hwt 0]]: [./././B/./././././././.][./././././././././././.]
[thin010:973075] MCW rank 4 bound to socket 0[core 4[hwt 0]]: [././././B/././././././.][./././././././././././.]
[thin010:973075] MCW rank 5 bound to socket 0[core 5[hwt 0]]: [./././././B/./././././.][./././././././././././.]
[thin010:973075] MCW rank 6 bound to socket 0[core 6[hwt 0]]: [././././././B/././././.][./././././././././././.]
rep 5 scalability -e1 10000 6
[thin010:973116] MCW rank 0 bound to socket 0[core 0[hwt 0]]: [B/././././././././././.][./././././././././././.]
[thin010:973116] MCW rank 1 bound to socket 0[core 1[hwt 0]]: [./B/./././././././././.][./././././././././././.]
[thin010:973116] MCW rank 2 bound to socket 0[core 2[hwt 0]]: [././B/././././././././.][./././././././././././.]
[thin010:973116] MCW rank 3 bound to socket 0[core 3[hwt 0]]: [./././B/./././././././.][./././././././././././.]
[thin010:973116] MCW rank 4 bound to socket 0[core 4[hwt 0]]: [././././B/././././././.][./././././././././././.]
[thin010:973116] MCW rank 5 bound to socket 0[core 5[hwt 0]]: [./././././B/./././././.][./././././././././././.]
rep 5 scalability -e1 10000 5
[thin010:973159] MCW rank 3 bound to socket 0[core 3[hwt 0]]: [./././B/./././././././.][./././././././././././.]
[thin010:973159] MCW rank 4 bound to socket 0[core 4[hwt 0]]: [././././B/././././././.][./././././././././././.]
[thin010:973159] MCW rank 0 bound to socket 0[core 0[hwt 0]]: [B/././././././././././.][./././././././././././.]
[thin010:973159] MCW rank 1 bound to socket 0[core 1[hwt 0]]: [./B/./././././././././.][./././././././././././.]
[thin010:973159] MCW rank 2 bound to socket 0[core 2[hwt 0]]: [././B/././././././././.][./././././././././././.]
rep 5 scalability -e1 10000 4
[thin010:973190] MCW rank 2 bound to socket 0[core 2[hwt 0]]: [././B/././././././././.][./././././././././././.]
[thin010:973190] MCW rank 3 bound to socket 0[core 3[hwt 0]]: [./././B/./././././././.][./././././././././././.]
[thin010:973190] MCW rank 0 bound to socket 0[core 0[hwt 0]]: [B/././././././././././.][./././././././././././.]
[thin010:973190] MCW rank 1 bound to socket 0[core 1[hwt 0]]: [./B/./././././././././.][./././././././././././.]
rep 5 scalability -e1 10000 3
[thin010:973223] MCW rank 2 bound to socket 0[core 2[hwt 0]]: [././B/././././././././.][./././././././././././.]
[thin010:973223] MCW rank 0 bound to socket 0[core 0[hwt 0]]: [B/././././././././././.][./././././././././././.]
[thin010:973223] MCW rank 1 bound to socket 0[core 1[hwt 0]]: [./B/./././././././././.][./././././././././././.]
rep 5 scalability -e1 10000 2
[thin010:973252] MCW rank 1 bound to socket 0[core 1[hwt 0]]: [./B/./././././././././.][./././././././././././.]
[thin010:973252] MCW rank 0 bound to socket 0[core 0[hwt 0]]: [B/././././././././././.][./././././././././././.]
rep 5 scalability -e1 10000 1
[thin010:973278] MCW rank 0 bound to socket 0[core 0[hwt 0]]: [B/././././././././././.][./././././././././././.]
rep 6 scalability -e1 10000 12
[thin010:973305] MCW rank 0 bound to socket 0[core 0[hwt 0]]: [B/././././././././././.][./././././././././././.]
[thin010:973305] MCW rank 1 bound to socket 0[core 1[hwt 0]]: [./B/./././././././././.][./././././././././././.]
[thin010:973305] MCW rank 2 bound to socket 0[core 2[hwt 0]]: [././B/././././././././.][./././././././././././.]
[thin010:973305] MCW rank 3 bound to socket 0[core 3[hwt 0]]: [./././B/./././././././.][./././././././././././.]
[thin010:973305] MCW rank 4 bound to socket 0[core 4[hwt 0]]: [././././B/././././././.][./././././././././././.]
[thin010:973305] MCW rank 5 bound to socket 0[core 5[hwt 0]]: [./././././B/./././././.][./././././././././././.]
[thin010:973305] MCW rank 6 bound to socket 0[core 6[hwt 0]]: [././././././B/././././.][./././././././././././.]
[thin010:973305] MCW rank 7 bound to socket 0[core 7[hwt 0]]: [./././././././B/./././.][./././././././././././.]
[thin010:973305] MCW rank 8 bound to socket 0[core 8[hwt 0]]: [././././././././B/././.][./././././././././././.]
[thin010:973305] MCW rank 9 bound to socket 0[core 9[hwt 0]]: [./././././././././B/./.][./././././././././././.]
[thin010:973305] MCW rank 10 bound to socket 0[core 10[hwt 0]]: [././././././././././B/.][./././././././././././.]
[thin010:973305] MCW rank 11 bound to socket 0[core 11[hwt 0]]: [./././././././././././B][./././././././././././.]
rep 6 scalability -e1 10000 11
[thin010:973374] MCW rank 0 bound to socket 0[core 0[hwt 0]]: [B/././././././././././.][./././././././././././.]
[thin010:973374] MCW rank 1 bound to socket 0[core 1[hwt 0]]: [./B/./././././././././.][./././././././././././.]
[thin010:973374] MCW rank 2 bound to socket 0[core 2[hwt 0]]: [././B/././././././././.][./././././././././././.]
[thin010:973374] MCW rank 3 bound to socket 0[core 3[hwt 0]]: [./././B/./././././././.][./././././././././././.]
[thin010:973374] MCW rank 4 bound to socket 0[core 4[hwt 0]]: [././././B/././././././.][./././././././././././.]
[thin010:973374] MCW rank 5 bound to socket 0[core 5[hwt 0]]: [./././././B/./././././.][./././././././././././.]
[thin010:973374] MCW rank 6 bound to socket 0[core 6[hwt 0]]: [././././././B/././././.][./././././././././././.]
[thin010:973374] MCW rank 7 bound to socket 0[core 7[hwt 0]]: [./././././././B/./././.][./././././././././././.]
[thin010:973374] MCW rank 8 bound to socket 0[core 8[hwt 0]]: [././././././././B/././.][./././././././././././.]
[thin010:973374] MCW rank 9 bound to socket 0[core 9[hwt 0]]: [./././././././././B/./.][./././././././././././.]
[thin010:973374] MCW rank 10 bound to socket 0[core 10[hwt 0]]: [././././././././././B/.][./././././././././././.]
rep 6 scalability -e1 10000 10
[thin010:973437] MCW rank 2 bound to socket 0[core 2[hwt 0]]: [././B/././././././././.][./././././././././././.]
[thin010:973437] MCW rank 3 bound to socket 0[core 3[hwt 0]]: [./././B/./././././././.][./././././././././././.]
[thin010:973437] MCW rank 4 bound to socket 0[core 4[hwt 0]]: [././././B/././././././.][./././././././././././.]
[thin010:973437] MCW rank 5 bound to socket 0[core 5[hwt 0]]: [./././././B/./././././.][./././././././././././.]
[thin010:973437] MCW rank 6 bound to socket 0[core 6[hwt 0]]: [././././././B/././././.][./././././././././././.]
[thin010:973437] MCW rank 7 bound to socket 0[core 7[hwt 0]]: [./././././././B/./././.][./././././././././././.]
[thin010:973437] MCW rank 8 bound to socket 0[core 8[hwt 0]]: [././././././././B/././.][./././././././././././.]
[thin010:973437] MCW rank 9 bound to socket 0[core 9[hwt 0]]: [./././././././././B/./.][./././././././././././.]
[thin010:973437] MCW rank 0 bound to socket 0[core 0[hwt 0]]: [B/././././././././././.][./././././././././././.]
[thin010:973437] MCW rank 1 bound to socket 0[core 1[hwt 0]]: [./B/./././././././././.][./././././././././././.]
rep 6 scalability -e1 10000 9
[thin010:973493] MCW rank 4 bound to socket 0[core 4[hwt 0]]: [././././B/././././././.][./././././././././././.]
[thin010:973493] MCW rank 5 bound to socket 0[core 5[hwt 0]]: [./././././B/./././././.][./././././././././././.]
[thin010:973493] MCW rank 6 bound to socket 0[core 6[hwt 0]]: [././././././B/././././.][./././././././././././.]
[thin010:973493] MCW rank 7 bound to socket 0[core 7[hwt 0]]: [./././././././B/./././.][./././././././././././.]
[thin010:973493] MCW rank 8 bound to socket 0[core 8[hwt 0]]: [././././././././B/././.][./././././././././././.]
[thin010:973493] MCW rank 0 bound to socket 0[core 0[hwt 0]]: [B/././././././././././.][./././././././././././.]
[thin010:973493] MCW rank 1 bound to socket 0[core 1[hwt 0]]: [./B/./././././././././.][./././././././././././.]
[thin010:973493] MCW rank 2 bound to socket 0[core 2[hwt 0]]: [././B/././././././././.][./././././././././././.]
[thin010:973493] MCW rank 3 bound to socket 0[core 3[hwt 0]]: [./././B/./././././././.][./././././././././././.]
rep 6 scalability -e1 10000 8
[thin010:973548] MCW rank 3 bound to socket 0[core 3[hwt 0]]: [./././B/./././././././.][./././././././././././.]
[thin010:973548] MCW rank 4 bound to socket 0[core 4[hwt 0]]: [././././B/././././././.][./././././././././././.]
[thin010:973548] MCW rank 5 bound to socket 0[core 5[hwt 0]]: [./././././B/./././././.][./././././././././././.]
[thin010:973548] MCW rank 6 bound to socket 0[core 6[hwt 0]]: [././././././B/././././.][./././././././././././.]
[thin010:973548] MCW rank 7 bound to socket 0[core 7[hwt 0]]: [./././././././B/./././.][./././././././././././.]
[thin010:973548] MCW rank 0 bound to socket 0[core 0[hwt 0]]: [B/././././././././././.][./././././././././././.]
[thin010:973548] MCW rank 1 bound to socket 0[core 1[hwt 0]]: [./B/./././././././././.][./././././././././././.]
[thin010:973548] MCW rank 2 bound to socket 0[core 2[hwt 0]]: [././B/././././././././.][./././././././././././.]
rep 6 scalability -e1 10000 7
[thin010:973597] MCW rank 0 bound to socket 0[core 0[hwt 0]]: [B/././././././././././.][./././././././././././.]
[thin010:973597] MCW rank 1 bound to socket 0[core 1[hwt 0]]: [./B/./././././././././.][./././././././././././.]
[thin010:973597] MCW rank 2 bound to socket 0[core 2[hwt 0]]: [././B/././././././././.][./././././././././././.]
[thin010:973597] MCW rank 3 bound to socket 0[core 3[hwt 0]]: [./././B/./././././././.][./././././././././././.]
[thin010:973597] MCW rank 4 bound to socket 0[core 4[hwt 0]]: [././././B/././././././.][./././././././././././.]
[thin010:973597] MCW rank 5 bound to socket 0[core 5[hwt 0]]: [./././././B/./././././.][./././././././././././.]
[thin010:973597] MCW rank 6 bound to socket 0[core 6[hwt 0]]: [././././././B/././././.][./././././././././././.]
rep 6 scalability -e1 10000 6
[thin010:973639] MCW rank 0 bound to socket 0[core 0[hwt 0]]: [B/././././././././././.][./././././././././././.]
[thin010:973639] MCW rank 1 bound to socket 0[core 1[hwt 0]]: [./B/./././././././././.][./././././././././././.]
[thin010:973639] MCW rank 2 bound to socket 0[core 2[hwt 0]]: [././B/././././././././.][./././././././././././.]
[thin010:973639] MCW rank 3 bound to socket 0[core 3[hwt 0]]: [./././B/./././././././.][./././././././././././.]
[thin010:973639] MCW rank 4 bound to socket 0[core 4[hwt 0]]: [././././B/././././././.][./././././././././././.]
[thin010:973639] MCW rank 5 bound to socket 0[core 5[hwt 0]]: [./././././B/./././././.][./././././././././././.]
rep 6 scalability -e1 10000 5
[thin010:973677] MCW rank 0 bound to socket 0[core 0[hwt 0]]: [B/././././././././././.][./././././././././././.]
[thin010:973677] MCW rank 1 bound to socket 0[core 1[hwt 0]]: [./B/./././././././././.][./././././././././././.]
[thin010:973677] MCW rank 2 bound to socket 0[core 2[hwt 0]]: [././B/././././././././.][./././././././././././.]
[thin010:973677] MCW rank 3 bound to socket 0[core 3[hwt 0]]: [./././B/./././././././.][./././././././././././.]
[thin010:973677] MCW rank 4 bound to socket 0[core 4[hwt 0]]: [././././B/././././././.][./././././././././././.]
rep 6 scalability -e1 10000 4
[thin010:973709] MCW rank 0 bound to socket 0[core 0[hwt 0]]: [B/././././././././././.][./././././././././././.]
[thin010:973709] MCW rank 1 bound to socket 0[core 1[hwt 0]]: [./B/./././././././././.][./././././././././././.]
[thin010:973709] MCW rank 2 bound to socket 0[core 2[hwt 0]]: [././B/././././././././.][./././././././././././.]
[thin010:973709] MCW rank 3 bound to socket 0[core 3[hwt 0]]: [./././B/./././././././.][./././././././././././.]
rep 6 scalability -e1 10000 3
[thin010:973741] MCW rank 2 bound to socket 0[core 2[hwt 0]]: [././B/././././././././.][./././././././././././.]
[thin010:973741] MCW rank 0 bound to socket 0[core 0[hwt 0]]: [B/././././././././././.][./././././././././././.]
[thin010:973741] MCW rank 1 bound to socket 0[core 1[hwt 0]]: [./B/./././././././././.][./././././././././././.]
rep 6 scalability -e1 10000 2
[thin010:973770] MCW rank 1 bound to socket 0[core 1[hwt 0]]: [./B/./././././././././.][./././././././././././.]
[thin010:973770] MCW rank 0 bound to socket 0[core 0[hwt 0]]: [B/././././././././././.][./././././././././././.]
rep 6 scalability -e1 10000 1
[thin010:973797] MCW rank 0 bound to socket 0[core 0[hwt 0]]: [B/././././././././././.][./././././././././././.]
rep 7 scalability -e1 10000 12
[thin010:973825] MCW rank 0 bound to socket 0[core 0[hwt 0]]: [B/././././././././././.][./././././././././././.]
[thin010:973825] MCW rank 1 bound to socket 0[core 1[hwt 0]]: [./B/./././././././././.][./././././././././././.]
[thin010:973825] MCW rank 2 bound to socket 0[core 2[hwt 0]]: [././B/././././././././.][./././././././././././.]
[thin010:973825] MCW rank 3 bound to socket 0[core 3[hwt 0]]: [./././B/./././././././.][./././././././././././.]
[thin010:973825] MCW rank 4 bound to socket 0[core 4[hwt 0]]: [././././B/././././././.][./././././././././././.]
[thin010:973825] MCW rank 5 bound to socket 0[core 5[hwt 0]]: [./././././B/./././././.][./././././././././././.]
[thin010:973825] MCW rank 6 bound to socket 0[core 6[hwt 0]]: [././././././B/././././.][./././././././././././.]
[thin010:973825] MCW rank 7 bound to socket 0[core 7[hwt 0]]: [./././././././B/./././.][./././././././././././.]
[thin010:973825] MCW rank 8 bound to socket 0[core 8[hwt 0]]: [././././././././B/././.][./././././././././././.]
[thin010:973825] MCW rank 9 bound to socket 0[core 9[hwt 0]]: [./././././././././B/./.][./././././././././././.]
[thin010:973825] MCW rank 10 bound to socket 0[core 10[hwt 0]]: [././././././././././B/.][./././././././././././.]
[thin010:973825] MCW rank 11 bound to socket 0[core 11[hwt 0]]: [./././././././././././B][./././././././././././.]
rep 7 scalability -e1 10000 11
[thin010:973894] MCW rank 0 bound to socket 0[core 0[hwt 0]]: [B/././././././././././.][./././././././././././.]
[thin010:973894] MCW rank 1 bound to socket 0[core 1[hwt 0]]: [./B/./././././././././.][./././././././././././.]
[thin010:973894] MCW rank 2 bound to socket 0[core 2[hwt 0]]: [././B/././././././././.][./././././././././././.]
[thin010:973894] MCW rank 3 bound to socket 0[core 3[hwt 0]]: [./././B/./././././././.][./././././././././././.]
[thin010:973894] MCW rank 4 bound to socket 0[core 4[hwt 0]]: [././././B/././././././.][./././././././././././.]
[thin010:973894] MCW rank 5 bound to socket 0[core 5[hwt 0]]: [./././././B/./././././.][./././././././././././.]
[thin010:973894] MCW rank 6 bound to socket 0[core 6[hwt 0]]: [././././././B/././././.][./././././././././././.]
[thin010:973894] MCW rank 7 bound to socket 0[core 7[hwt 0]]: [./././././././B/./././.][./././././././././././.]
[thin010:973894] MCW rank 8 bound to socket 0[core 8[hwt 0]]: [././././././././B/././.][./././././././././././.]
[thin010:973894] MCW rank 9 bound to socket 0[core 9[hwt 0]]: [./././././././././B/./.][./././././././././././.]
[thin010:973894] MCW rank 10 bound to socket 0[core 10[hwt 0]]: [././././././././././B/.][./././././././././././.]
rep 7 scalability -e1 10000 10
[thin010:973956] MCW rank 0 bound to socket 0[core 0[hwt 0]]: [B/././././././././././.][./././././././././././.]
[thin010:973956] MCW rank 1 bound to socket 0[core 1[hwt 0]]: [./B/./././././././././.][./././././././././././.]
[thin010:973956] MCW rank 2 bound to socket 0[core 2[hwt 0]]: [././B/././././././././.][./././././././././././.]
[thin010:973956] MCW rank 3 bound to socket 0[core 3[hwt 0]]: [./././B/./././././././.][./././././././././././.]
[thin010:973956] MCW rank 4 bound to socket 0[core 4[hwt 0]]: [././././B/././././././.][./././././././././././.]
[thin010:973956] MCW rank 5 bound to socket 0[core 5[hwt 0]]: [./././././B/./././././.][./././././././././././.]
[thin010:973956] MCW rank 6 bound to socket 0[core 6[hwt 0]]: [././././././B/././././.][./././././././././././.]
[thin010:973956] MCW rank 7 bound to socket 0[core 7[hwt 0]]: [./././././././B/./././.][./././././././././././.]
[thin010:973956] MCW rank 8 bound to socket 0[core 8[hwt 0]]: [././././././././B/././.][./././././././././././.]
[thin010:973956] MCW rank 9 bound to socket 0[core 9[hwt 0]]: [./././././././././B/./.][./././././././././././.]
rep 7 scalability -e1 10000 9
[thin010:974011] MCW rank 2 bound to socket 0[core 2[hwt 0]]: [././B/././././././././.][./././././././././././.]
[thin010:974011] MCW rank 3 bound to socket 0[core 3[hwt 0]]: [./././B/./././././././.][./././././././././././.]
[thin010:974011] MCW rank 4 bound to socket 0[core 4[hwt 0]]: [././././B/././././././.][./././././././././././.]
[thin010:974011] MCW rank 5 bound to socket 0[core 5[hwt 0]]: [./././././B/./././././.][./././././././././././.]
[thin010:974011] MCW rank 6 bound to socket 0[core 6[hwt 0]]: [././././././B/././././.][./././././././././././.]
[thin010:974011] MCW rank 7 bound to socket 0[core 7[hwt 0]]: [./././././././B/./././.][./././././././././././.]
[thin010:974011] MCW rank 8 bound to socket 0[core 8[hwt 0]]: [././././././././B/././.][./././././././././././.]
[thin010:974011] MCW rank 0 bound to socket 0[core 0[hwt 0]]: [B/././././././././././.][./././././././././././.]
[thin010:974011] MCW rank 1 bound to socket 0[core 1[hwt 0]]: [./B/./././././././././.][./././././././././././.]
rep 7 scalability -e1 10000 8
[thin010:974063] MCW rank 4 bound to socket 0[core 4[hwt 0]]: [././././B/././././././.][./././././././././././.]
[thin010:974063] MCW rank 5 bound to socket 0[core 5[hwt 0]]: [./././././B/./././././.][./././././././././././.]
[thin010:974063] MCW rank 6 bound to socket 0[core 6[hwt 0]]: [././././././B/././././.][./././././././././././.]
[thin010:974063] MCW rank 7 bound to socket 0[core 7[hwt 0]]: [./././././././B/./././.][./././././././././././.]
[thin010:974063] MCW rank 0 bound to socket 0[core 0[hwt 0]]: [B/././././././././././.][./././././././././././.]
[thin010:974063] MCW rank 1 bound to socket 0[core 1[hwt 0]]: [./B/./././././././././.][./././././././././././.]
[thin010:974063] MCW rank 2 bound to socket 0[core 2[hwt 0]]: [././B/././././././././.][./././././././././././.]
[thin010:974063] MCW rank 3 bound to socket 0[core 3[hwt 0]]: [./././B/./././././././.][./././././././././././.]
rep 7 scalability -e1 10000 7
[thin010:974122] MCW rank 5 bound to socket 0[core 5[hwt 0]]: [./././././B/./././././.][./././././././././././.]
[thin010:974122] MCW rank 6 bound to socket 0[core 6[hwt 0]]: [././././././B/././././.][./././././././././././.]
[thin010:974122] MCW rank 0 bound to socket 0[core 0[hwt 0]]: [B/././././././././././.][./././././././././././.]
[thin010:974122] MCW rank 1 bound to socket 0[core 1[hwt 0]]: [./B/./././././././././.][./././././././././././.]
[thin010:974122] MCW rank 2 bound to socket 0[core 2[hwt 0]]: [././B/././././././././.][./././././././././././.]
[thin010:974122] MCW rank 3 bound to socket 0[core 3[hwt 0]]: [./././B/./././././././.][./././././././././././.]
[thin010:974122] MCW rank 4 bound to socket 0[core 4[hwt 0]]: [././././B/././././././.][./././././././././././.]
rep 7 scalability -e1 10000 6
[thin010:974162] MCW rank 4 bound to socket 0[core 4[hwt 0]]: [././././B/././././././.][./././././././././././.]
[thin010:974162] MCW rank 5 bound to socket 0[core 5[hwt 0]]: [./././././B/./././././.][./././././././././././.]
[thin010:974162] MCW rank 0 bound to socket 0[core 0[hwt 0]]: [B/././././././././././.][./././././././././././.]
[thin010:974162] MCW rank 1 bound to socket 0[core 1[hwt 0]]: [./B/./././././././././.][./././././././././././.]
[thin010:974162] MCW rank 2 bound to socket 0[core 2[hwt 0]]: [././B/././././././././.][./././././././././././.]
[thin010:974162] MCW rank 3 bound to socket 0[core 3[hwt 0]]: [./././B/./././././././.][./././././././././././.]
rep 7 scalability -e1 10000 5
[thin010:974201] MCW rank 0 bound to socket 0[core 0[hwt 0]]: [B/././././././././././.][./././././././././././.]
[thin010:974201] MCW rank 1 bound to socket 0[core 1[hwt 0]]: [./B/./././././././././.][./././././././././././.]
[thin010:974201] MCW rank 2 bound to socket 0[core 2[hwt 0]]: [././B/././././././././.][./././././././././././.]
[thin010:974201] MCW rank 3 bound to socket 0[core 3[hwt 0]]: [./././B/./././././././.][./././././././././././.]
[thin010:974201] MCW rank 4 bound to socket 0[core 4[hwt 0]]: [././././B/././././././.][./././././././././././.]
rep 7 scalability -e1 10000 4
[thin010:974233] MCW rank 0 bound to socket 0[core 0[hwt 0]]: [B/././././././././././.][./././././././././././.]
[thin010:974233] MCW rank 1 bound to socket 0[core 1[hwt 0]]: [./B/./././././././././.][./././././././././././.]
[thin010:974233] MCW rank 2 bound to socket 0[core 2[hwt 0]]: [././B/././././././././.][./././././././././././.]
[thin010:974233] MCW rank 3 bound to socket 0[core 3[hwt 0]]: [./././B/./././././././.][./././././././././././.]
rep 7 scalability -e1 10000 3
[thin010:974268] MCW rank 2 bound to socket 0[core 2[hwt 0]]: [././B/././././././././.][./././././././././././.]
[thin010:974268] MCW rank 0 bound to socket 0[core 0[hwt 0]]: [B/././././././././././.][./././././././././././.]
[thin010:974268] MCW rank 1 bound to socket 0[core 1[hwt 0]]: [./B/./././././././././.][./././././././././././.]
rep 7 scalability -e1 10000 2
[thin010:974299] MCW rank 1 bound to socket 0[core 1[hwt 0]]: [./B/./././././././././.][./././././././././././.]
[thin010:974299] MCW rank 0 bound to socket 0[core 0[hwt 0]]: [B/././././././././././.][./././././././././././.]
rep 7 scalability -e1 10000 1
[thin010:974324] MCW rank 0 bound to socket 0[core 0[hwt 0]]: [B/././././././././././.][./././././././././././.]
slurmstepd: error: *** JOB 13893 ON thin010 CANCELLED AT 2023-06-25T16:13:30 DUE TO TIME LIMIT ***
