Selected type of execution: 1
make: Nothing to be done for 'all'.
scale_omp_epyc_epyc005_2023-06-11_13-36-36.csv epyc005 2023-06-11_13-36-36
scalability begin
scalability -e1 10000 1
scalability -e1 10000 2
scalability -e1 10000 3
ERROR: wrong situation with more processes than domain decomposition slices
: No such file or directory
--------------------------------------------------------------------------
MPI_ABORT was invoked on rank 0 in communicator MPI_COMM_WORLD
with errorcode 1.

NOTE: invoking MPI_ABORT causes Open MPI to kill all MPI processes.
You may or may not see output from other processes, depending on
exactly when Open MPI kills them.
--------------------------------------------------------------------------
scalability -e1 10000 4
scalability -e1 10000 5
scalability -e1 10000 6
scalability -e1 10000 7
scalability -e1 10000 8
scalability -e1 10000 9
scalability -e1 10000 10
scalability -e1 10000 11
scalability -e1 10000 12
scalability -e1 10000 13
scalability -e1 10000 14
scalability -e1 10000 15
scalability -e1 10000 16
scalability -e1 10000 17
scalability -e1 10000 18
scalability -e1 10000 19
scalability -e1 10000 20
scalability -e1 10000 21
scalability -e1 10000 22
scalability -e1 10000 23
scalability -e1 10000 24
scalability -e1 10000 25
scalability -e1 10000 26
scalability -e1 10000 27
scalability -e1 10000 28
scalability -e1 10000 29
scalability -e1 10000 30
scalability -e1 10000 31
scalability -e1 10000 32
scalability -e1 10000 33
scalability -e1 10000 34
scalability -e1 10000 35
scalability -e1 10000 36
scalability -e1 10000 37
scalability -e1 10000 38
scalability -e1 10000 39
scalability -e1 10000 40
scalability -e1 10000 41
scalability -e1 10000 42
scalability -e1 10000 43
scalability -e1 10000 44
scalability -e1 10000 45
scalability -e1 10000 46
scalability -e1 10000 47
scalability -e1 10000 48
scalability -e1 10000 49
scalability -e1 10000 50
scalability -e1 10000 51
scalability -e1 10000 52
scalability -e1 10000 53
scalability -e1 10000 54
scalability -e1 10000 55
scalability -e1 10000 56
scalability -e1 10000 57
scalability -e1 10000 58
scalability -e1 10000 59
scalability -e1 10000 60
scalability -e1 10000 61
scalability -e1 10000 62
scalability -e1 10000 63
scalability -e1 10000 64
scalability -e1 1000 1
scalability -e1 1000 2
scalability -e1 1000 3
scalability -e1 1000 4
scalability -e1 1000 5
scalability -e1 1000 6
scalability -e1 1000 7
scalability -e1 1000 8
scalability -e1 1000 9
scalability -e1 1000 10
scalability -e1 1000 11
scalability -e1 1000 12
scalability -e1 1000 13
scalability -e1 1000 14
scalability -e1 1000 15
scalability -e1 1000 16
scalability -e1 1000 17
scalability -e1 1000 18
scalability -e1 1000 19
scalability -e1 1000 20
scalability -e1 1000 21
scalability -e1 1000 22
scalability -e1 1000 23
scalability -e1 1000 24
scalability -e1 1000 25
scalability -e1 1000 26
scalability -e1 1000 27
scalability -e1 1000 28
scalability -e1 1000 29
scalability -e1 1000 30
scalability -e1 1000 31
scalability -e1 1000 32
scalability -e1 1000 33
scalability -e1 1000 34
scalability -e1 1000 35
scalability -e1 1000 36
scalability -e1 1000 37
scalability -e1 1000 38
scalability -e1 1000 39
scalability -e1 1000 40
scalability -e1 1000 41
scalability -e1 1000 42
scalability -e1 1000 43
scalability -e1 1000 44
scalability -e1 1000 45
scalability -e1 1000 46
scalability -e1 1000 47
scalability -e1 1000 48
scalability -e1 1000 49
scalability -e1 1000 50
scalability -e1 1000 51
scalability -e1 1000 52
scalability -e1 1000 53
scalability -e1 1000 54
scalability -e1 1000 55
scalability -e1 1000 56
scalability -e1 1000 57
scalability -e1 1000 58
scalability -e1 1000 59
scalability -e1 1000 60
scalability -e1 1000 61
scalability -e1 1000 62
scalability -e1 1000 63
scalability -e1 1000 64
scalability -e1 100 1
scalability -e1 100 2
scalability -e1 100 3
scalability -e1 100 4
scalability -e1 100 5
scalability -e1 100 6
scalability -e1 100 7
scalability -e1 100 8
scalability -e1 100 9
scalability -e1 100 10
scalability -e1 100 11
scalability -e1 100 12
scalability -e1 100 13
scalability -e1 100 14
scalability -e1 100 15
scalability -e1 100 16
scalability -e1 100 17
scalability -e1 100 18
scalability -e1 100 19
scalability -e1 100 20
scalability -e1 100 21
scalability -e1 100 22
scalability -e1 100 23
scalability -e1 100 24
scalability -e1 100 25
scalability -e1 100 26
scalability -e1 100 27
scalability -e1 100 28
scalability -e1 100 29
scalability -e1 100 30
scalability -e1 100 31
scalability -e1 100 32
scalability -e1 100 33
scalability -e1 100 34
scalability -e1 100 35
scalability -e1 100 36
scalability -e1 100 37
scalability -e1 100 38
scalability -e1 100 39
scalability -e1 100 40
scalability -e1 100 41
scalability -e1 100 42
scalability -e1 100 43
scalability -e1 100 44
scalability -e1 100 45
scalability -e1 100 46
scalability -e1 100 47
scalability -e1 100 48
scalability -e1 100 49
scalability -e1 100 50
scalability -e1 100 51
scalability -e1 100 52
scalability -e1 100 53
scalability -e1 100 54
scalability -e1 100 55
scalability -e1 100 56
scalability -e1 100 57
scalability -e1 100 58
scalability -e1 100 59
scalability -e1 100 60
scalability -e1 100 61
scalability -e1 100 62
scalability -e1 100 63
scalability -e1 100 64
scalability -e1 10000 1
scalability -e1 10000 2
scalability -e1 10000 3
scalability -e1 10000 4
scalability -e1 10000 5
scalability -e1 10000 6
scalability -e1 10000 7
scalability -e1 10000 8
scalability -e1 10000 9
scalability -e1 10000 10
scalability -e1 10000 11
scalability -e1 10000 12
scalability -e1 10000 13
scalability -e1 10000 14
scalability -e1 10000 15
scalability -e1 10000 16
scalability -e1 10000 17
scalability -e1 10000 18
scalability -e1 10000 19
scalability -e1 10000 20
scalability -e1 10000 21
scalability -e1 10000 22
scalability -e1 10000 23
scalability -e1 10000 24
scalability -e1 10000 25
scalability -e1 10000 26
scalability -e1 10000 27
scalability -e1 10000 28
scalability -e1 10000 29
scalability -e1 10000 30
scalability -e1 10000 31
scalability -e1 10000 32
scalability -e1 10000 33
scalability -e1 10000 34
scalability -e1 10000 35
scalability -e1 10000 36
scalability -e1 10000 37
scalability -e1 10000 38
scalability -e1 10000 39
scalability -e1 10000 40
scalability -e1 10000 41
scalability -e1 10000 42
scalability -e1 10000 43
scalability -e1 10000 44
scalability -e1 10000 45
scalability -e1 10000 46
scalability -e1 10000 47
scalability -e1 10000 48
scalability -e1 10000 49
scalability -e1 10000 50
scalability -e1 10000 51
scalability -e1 10000 52
scalability -e1 10000 53
scalability -e1 10000 54
scalability -e1 10000 55
scalability -e1 10000 56
scalability -e1 10000 57
scalability -e1 10000 58
scalability -e1 10000 59
scalability -e1 10000 60
scalability -e1 10000 61
scalability -e1 10000 62
scalability -e1 10000 63
scalability -e1 10000 64
scalability -e1 1000 1
scalability -e1 1000 2
scalability -e1 1000 3
scalability -e1 1000 4
scalability -e1 1000 5
scalability -e1 1000 6
scalability -e1 1000 7
scalability -e1 1000 8
scalability -e1 1000 9
scalability -e1 1000 10
scalability -e1 1000 11
scalability -e1 1000 12
scalability -e1 1000 13
scalability -e1 1000 14
scalability -e1 1000 15
scalability -e1 1000 16
scalability -e1 1000 17
scalability -e1 1000 18
scalability -e1 1000 19
scalability -e1 1000 20
scalability -e1 1000 21
scalability -e1 1000 22
scalability -e1 1000 23
scalability -e1 1000 24
scalability -e1 1000 25
scalability -e1 1000 26
scalability -e1 1000 27
scalability -e1 1000 28
scalability -e1 1000 29
scalability -e1 1000 30
scalability -e1 1000 31
scalability -e1 1000 32
scalability -e1 1000 33
scalability -e1 1000 34
scalability -e1 1000 35
scalability -e1 1000 36
scalability -e1 1000 37
scalability -e1 1000 38
scalability -e1 1000 39
scalability -e1 1000 40
scalability -e1 1000 41
scalability -e1 1000 42
scalability -e1 1000 43
scalability -e1 1000 44
scalability -e1 1000 45
scalability -e1 1000 46
scalability -e1 1000 47
scalability -e1 1000 48
scalability -e1 1000 49
scalability -e1 1000 50
scalability -e1 1000 51
scalability -e1 1000 52
scalability -e1 1000 53
scalability -e1 1000 54
scalability -e1 1000 55
scalability -e1 1000 56
scalability -e1 1000 57
scalability -e1 1000 58
scalability -e1 1000 59
scalability -e1 1000 60
scalability -e1 1000 61
scalability -e1 1000 62
scalability -e1 1000 63
scalability -e1 1000 64
scalability -e1 100 1
scalability -e1 100 2
scalability -e1 100 3
scalability -e1 100 4
scalability -e1 100 5
scalability -e1 100 6
scalability -e1 100 7
scalability -e1 100 8
scalability -e1 100 9
scalability -e1 100 10
scalability -e1 100 11
scalability -e1 100 12
scalability -e1 100 13
scalability -e1 100 14
scalability -e1 100 15
scalability -e1 100 16
scalability -e1 100 17
scalability -e1 100 18
scalability -e1 100 19
scalability -e1 100 20
scalability -e1 100 21
scalability -e1 100 22
scalability -e1 100 23
scalability -e1 100 24
scalability -e1 100 25
scalability -e1 100 26
scalability -e1 100 27
scalability -e1 100 28
scalability -e1 100 29
scalability -e1 100 30
scalability -e1 100 31
scalability -e1 100 32
scalability -e1 100 33
scalability -e1 100 34
scalability -e1 100 35
scalability -e1 100 36
scalability -e1 100 37
scalability -e1 100 38
scalability -e1 100 39
scalability -e1 100 40
scalability -e1 100 41
scalability -e1 100 42
scalability -e1 100 43
scalability -e1 100 44
scalability -e1 100 45
scalability -e1 100 46
scalability -e1 100 47
scalability -e1 100 48
scalability -e1 100 49
scalability -e1 100 50
scalability -e1 100 51
scalability -e1 100 52
scalability -e1 100 53
scalability -e1 100 54
scalability -e1 100 55
scalability -e1 100 56
scalability -e1 100 57
scalability -e1 100 58
scalability -e1 100 59
scalability -e1 100 60
scalability -e1 100 61
scalability -e1 100 62
scalability -e1 100 63
scalability -e1 100 64
scalability -e1 10000 1
scalability -e1 10000 2
scalability -e1 10000 3
scalability -e1 10000 4
scalability -e1 10000 5
scalability -e1 10000 6
mca_fbtl_posix_preadv: error in (p)read(v):Level 3 reset
scalability -e1 10000 7
scalability -e1 10000 8
scalability -e1 10000 9
scalability -e1 10000 10
scalability -e1 10000 11
scalability -e1 10000 12
scalability -e1 10000 13
scalability -e1 10000 14
scalability -e1 10000 15
scalability -e1 10000 16
scalability -e1 10000 17
scalability -e1 10000 18
scalability -e1 10000 19
scalability -e1 10000 20
scalability -e1 10000 21
scalability -e1 10000 22
scalability -e1 10000 23
scalability -e1 10000 24
scalability -e1 10000 25
scalability -e1 10000 26
scalability -e1 10000 27
scalability -e1 10000 28
scalability -e1 10000 29
scalability -e1 10000 30
scalability -e1 10000 31
scalability -e1 10000 32
scalability -e1 10000 33
scalability -e1 10000 34
scalability -e1 10000 35
scalability -e1 10000 36
scalability -e1 10000 37
scalability -e1 10000 38
scalability -e1 10000 39
scalability -e1 10000 40
scalability -e1 10000 41
scalability -e1 10000 42
scalability -e1 10000 43
scalability -e1 10000 44
scalability -e1 10000 45
scalability -e1 10000 46
scalability -e1 10000 47
scalability -e1 10000 48
scalability -e1 10000 49
scalability -e1 10000 50
scalability -e1 10000 51
scalability -e1 10000 52
scalability -e1 10000 53
scalability -e1 10000 54
scalability -e1 10000 55
scalability -e1 10000 56
scalability -e1 10000 57
scalability -e1 10000 58
scalability -e1 10000 59
scalability -e1 10000 60
scalability -e1 10000 61
scalability -e1 10000 62
scalability -e1 10000 63
scalability -e1 10000 64
scalability -e1 1000 1
scalability -e1 1000 2
scalability -e1 1000 3
scalability -e1 1000 4
scalability -e1 1000 5
scalability -e1 1000 6
scalability -e1 1000 7
scalability -e1 1000 8
scalability -e1 1000 9
scalability -e1 1000 10
scalability -e1 1000 11
scalability -e1 1000 12
scalability -e1 1000 13
scalability -e1 1000 14
scalability -e1 1000 15
scalability -e1 1000 16
scalability -e1 1000 17
scalability -e1 1000 18
scalability -e1 1000 19
scalability -e1 1000 20
scalability -e1 1000 21
scalability -e1 1000 22
scalability -e1 1000 23
scalability -e1 1000 24
scalability -e1 1000 25
scalability -e1 1000 26
scalability -e1 1000 27
scalability -e1 1000 28
scalability -e1 1000 29
scalability -e1 1000 30
scalability -e1 1000 31
scalability -e1 1000 32
scalability -e1 1000 33
scalability -e1 1000 34
scalability -e1 1000 35
scalability -e1 1000 36
scalability -e1 1000 37
scalability -e1 1000 38
scalability -e1 1000 39
scalability -e1 1000 40
scalability -e1 1000 41
scalability -e1 1000 42
scalability -e1 1000 43
scalability -e1 1000 44
scalability -e1 1000 45
scalability -e1 1000 46
scalability -e1 1000 47
scalability -e1 1000 48
scalability -e1 1000 49
scalability -e1 1000 50
scalability -e1 1000 51
scalability -e1 1000 52
scalability -e1 1000 53
scalability -e1 1000 54
scalability -e1 1000 55
scalability -e1 1000 56
scalability -e1 1000 57
scalability -e1 1000 58
scalability -e1 1000 59
scalability -e1 1000 60
scalability -e1 1000 61
scalability -e1 1000 62
scalability -e1 1000 63
scalability -e1 1000 64
scalability -e1 100 1
scalability -e1 100 2
scalability -e1 100 3
scalability -e1 100 4
scalability -e1 100 5
scalability -e1 100 6
scalability -e1 100 7
scalability -e1 100 8
scalability -e1 100 9
scalability -e1 100 10
scalability -e1 100 11
scalability -e1 100 12
scalability -e1 100 13
scalability -e1 100 14
scalability -e1 100 15
scalability -e1 100 16
scalability -e1 100 17
scalability -e1 100 18
scalability -e1 100 19
scalability -e1 100 20
scalability -e1 100 21
scalability -e1 100 22
scalability -e1 100 23
scalability -e1 100 24
scalability -e1 100 25
scalability -e1 100 26
scalability -e1 100 27
scalability -e1 100 28
scalability -e1 100 29
scalability -e1 100 30
scalability -e1 100 31
scalability -e1 100 32
scalability -e1 100 33
scalability -e1 100 34
scalability -e1 100 35
scalability -e1 100 36
scalability -e1 100 37
scalability -e1 100 38
scalability -e1 100 39
scalability -e1 100 40
scalability -e1 100 41
scalability -e1 100 42
scalability -e1 100 43
scalability -e1 100 44
scalability -e1 100 45
scalability -e1 100 46
scalability -e1 100 47
scalability -e1 100 48
scalability -e1 100 49
scalability -e1 100 50
scalability -e1 100 51
scalability -e1 100 52
scalability -e1 100 53
scalability -e1 100 54
scalability -e1 100 55
scalability -e1 100 56
scalability -e1 100 57
scalability -e1 100 58
scalability -e1 100 59
scalability -e1 100 60
scalability -e1 100 61
scalability -e1 100 62
scalability -e1 100 63
scalability -e1 100 64
scalability -e1 10000 1
scalability -e1 10000 2
scalability -e1 10000 3
scalability -e1 10000 4
scalability -e1 10000 5
scalability -e1 10000 6
scalability -e1 10000 7
scalability -e1 10000 8
scalability -e1 10000 9
mca_fbtl_posix_preadv: error in (p)read(v):Level 3 reset
scalability -e1 10000 10
scalability -e1 10000 11
scalability -e1 10000 12
scalability -e1 10000 13
scalability -e1 10000 14
scalability -e1 10000 15
scalability -e1 10000 16
scalability -e1 10000 17
scalability -e1 10000 18
scalability -e1 10000 19
scalability -e1 10000 20
scalability -e1 10000 21
scalability -e1 10000 22
scalability -e1 10000 23
scalability -e1 10000 24
scalability -e1 10000 25
scalability -e1 10000 26
scalability -e1 10000 27
scalability -e1 10000 28
scalability -e1 10000 29
scalability -e1 10000 30
scalability -e1 10000 31
scalability -e1 10000 32
scalability -e1 10000 33
scalability -e1 10000 34
scalability -e1 10000 35
scalability -e1 10000 36
scalability -e1 10000 37
scalability -e1 10000 38
scalability -e1 10000 39
scalability -e1 10000 40
scalability -e1 10000 41
scalability -e1 10000 42
scalability -e1 10000 43
scalability -e1 10000 44
scalability -e1 10000 45
scalability -e1 10000 46
scalability -e1 10000 47
scalability -e1 10000 48
scalability -e1 10000 49
scalability -e1 10000 50
scalability -e1 10000 51
scalability -e1 10000 52
scalability -e1 10000 53
scalability -e1 10000 54
scalability -e1 10000 55
scalability -e1 10000 56
scalability -e1 10000 57
scalability -e1 10000 58
scalability -e1 10000 59
scalability -e1 10000 60
scalability -e1 10000 61
scalability -e1 10000 62
scalability -e1 10000 63
scalability -e1 10000 64
scalability -e1 1000 1
scalability -e1 1000 2
scalability -e1 1000 3
scalability -e1 1000 4
scalability -e1 1000 5
scalability -e1 1000 6
scalability -e1 1000 7
scalability -e1 1000 8
scalability -e1 1000 9
scalability -e1 1000 10
scalability -e1 1000 11
scalability -e1 1000 12
scalability -e1 1000 13
scalability -e1 1000 14
scalability -e1 1000 15
scalability -e1 1000 16
scalability -e1 1000 17
scalability -e1 1000 18
scalability -e1 1000 19
scalability -e1 1000 20
scalability -e1 1000 21
scalability -e1 1000 22
scalability -e1 1000 23
scalability -e1 1000 24
scalability -e1 1000 25
scalability -e1 1000 26
scalability -e1 1000 27
scalability -e1 1000 28
scalability -e1 1000 29
scalability -e1 1000 30
scalability -e1 1000 31
scalability -e1 1000 32
scalability -e1 1000 33
scalability -e1 1000 34
scalability -e1 1000 35
scalability -e1 1000 36
scalability -e1 1000 37
scalability -e1 1000 38
scalability -e1 1000 39
scalability -e1 1000 40
scalability -e1 1000 41
scalability -e1 1000 42
scalability -e1 1000 43
scalability -e1 1000 44
scalability -e1 1000 45
scalability -e1 1000 46
scalability -e1 1000 47
scalability -e1 1000 48
scalability -e1 1000 49
scalability -e1 1000 50
scalability -e1 1000 51
scalability -e1 1000 52
scalability -e1 1000 53
scalability -e1 1000 54
scalability -e1 1000 55
scalability -e1 1000 56
scalability -e1 1000 57
scalability -e1 1000 58
scalability -e1 1000 59
scalability -e1 1000 60
scalability -e1 1000 61
scalability -e1 1000 62
scalability -e1 1000 63
scalability -e1 1000 64
scalability -e1 100 1
scalability -e1 100 2
scalability -e1 100 3
scalability -e1 100 4
scalability -e1 100 5
scalability -e1 100 6
scalability -e1 100 7
scalability -e1 100 8
scalability -e1 100 9
scalability -e1 100 10
scalability -e1 100 11
scalability -e1 100 12
scalability -e1 100 13
scalability -e1 100 14
scalability -e1 100 15
scalability -e1 100 16
scalability -e1 100 17
scalability -e1 100 18
scalability -e1 100 19
scalability -e1 100 20
scalability -e1 100 21
scalability -e1 100 22
scalability -e1 100 23
scalability -e1 100 24
scalability -e1 100 25
scalability -e1 100 26
scalability -e1 100 27
scalability -e1 100 28
scalability -e1 100 29
scalability -e1 100 30
scalability -e1 100 31
scalability -e1 100 32
scalability -e1 100 33
scalability -e1 100 34
scalability -e1 100 35
scalability -e1 100 36
scalability -e1 100 37
scalability -e1 100 38
scalability -e1 100 39
scalability -e1 100 40
scalability -e1 100 41
scalability -e1 100 42
scalability -e1 100 43
scalability -e1 100 44
scalability -e1 100 45
scalability -e1 100 46
scalability -e1 100 47
scalability -e1 100 48
scalability -e1 100 49
scalability -e1 100 50
scalability -e1 100 51
scalability -e1 100 52
scalability -e1 100 53
scalability -e1 100 54
scalability -e1 100 55
scalability -e1 100 56
scalability -e1 100 57
scalability -e1 100 58
scalability -e1 100 59
scalability -e1 100 60
scalability -e1 100 61
scalability -e1 100 62
scalability -e1 100 63
scalability -e1 100 64
scalability -e1 10000 1
scalability -e1 10000 2
scalability -e1 10000 3
scalability -e1 10000 4
scalability -e1 10000 5
scalability -e1 10000 6
scalability -e1 10000 7
scalability -e1 10000 8
scalability -e1 10000 9
scalability -e1 10000 10
scalability -e1 10000 11
scalability -e1 10000 12
scalability -e1 10000 13
scalability -e1 10000 14
scalability -e1 10000 15
scalability -e1 10000 16
scalability -e1 10000 17
scalability -e1 10000 18
scalability -e1 10000 19
scalability -e1 10000 20
scalability -e1 10000 21
scalability -e1 10000 22
scalability -e1 10000 23
scalability -e1 10000 24
scalability -e1 10000 25
scalability -e1 10000 26
scalability -e1 10000 27
scalability -e1 10000 28
scalability -e1 10000 29
scalability -e1 10000 30
scalability -e1 10000 31
scalability -e1 10000 32
scalability -e1 10000 33
scalability -e1 10000 34
scalability -e1 10000 35
scalability -e1 10000 36
scalability -e1 10000 37
scalability -e1 10000 38
scalability -e1 10000 39
scalability -e1 10000 40
scalability -e1 10000 41
scalability -e1 10000 42
scalability -e1 10000 43
scalability -e1 10000 44
scalability -e1 10000 45
scalability -e1 10000 46
scalability -e1 10000 47
scalability -e1 10000 48
scalability -e1 10000 49
scalability -e1 10000 50
scalability -e1 10000 51
scalability -e1 10000 52
scalability -e1 10000 53
scalability -e1 10000 54
scalability -e1 10000 55
scalability -e1 10000 56
scalability -e1 10000 57
scalability -e1 10000 58
scalability -e1 10000 59
scalability -e1 10000 60
scalability -e1 10000 61
scalability -e1 10000 62
scalability -e1 10000 63
scalability -e1 10000 64
scalability -e1 1000 1
scalability -e1 1000 2
scalability -e1 1000 3
scalability -e1 1000 4
scalability -e1 1000 5
scalability -e1 1000 6
scalability -e1 1000 7
scalability -e1 1000 8
scalability -e1 1000 9
scalability -e1 1000 10
scalability -e1 1000 11
scalability -e1 1000 12
scalability -e1 1000 13
scalability -e1 1000 14
scalability -e1 1000 15
scalability -e1 1000 16
scalability -e1 1000 17
scalability -e1 1000 18
scalability -e1 1000 19
scalability -e1 1000 20
scalability -e1 1000 21
scalability -e1 1000 22
scalability -e1 1000 23
scalability -e1 1000 24
scalability -e1 1000 25
scalability -e1 1000 26
scalability -e1 1000 27
scalability -e1 1000 28
scalability -e1 1000 29
scalability -e1 1000 30
scalability -e1 1000 31
scalability -e1 1000 32
scalability -e1 1000 33
scalability -e1 1000 34
scalability -e1 1000 35
scalability -e1 1000 36
scalability -e1 1000 37
scalability -e1 1000 38
scalability -e1 1000 39
scalability -e1 1000 40
scalability -e1 1000 41
scalability -e1 1000 42
scalability -e1 1000 43
scalability -e1 1000 44
scalability -e1 1000 45
scalability -e1 1000 46
scalability -e1 1000 47
scalability -e1 1000 48
scalability -e1 1000 49
scalability -e1 1000 50
scalability -e1 1000 51
scalability -e1 1000 52
scalability -e1 1000 53
scalability -e1 1000 54
scalability -e1 1000 55
scalability -e1 1000 56
scalability -e1 1000 57
scalability -e1 1000 58
scalability -e1 1000 59
scalability -e1 1000 60
scalability -e1 1000 61
scalability -e1 1000 62
scalability -e1 1000 63
scalability -e1 1000 64
scalability -e1 100 1
scalability -e1 100 2
scalability -e1 100 3
scalability -e1 100 4
scalability -e1 100 5
scalability -e1 100 6
scalability -e1 100 7
scalability -e1 100 8
scalability -e1 100 9
scalability -e1 100 10
scalability -e1 100 11
scalability -e1 100 12
scalability -e1 100 13
scalability -e1 100 14
scalability -e1 100 15
scalability -e1 100 16
scalability -e1 100 17
scalability -e1 100 18
scalability -e1 100 19
scalability -e1 100 20
scalability -e1 100 21
scalability -e1 100 22
scalability -e1 100 23
scalability -e1 100 24
scalability -e1 100 25
scalability -e1 100 26
scalability -e1 100 27
scalability -e1 100 28
scalability -e1 100 29
scalability -e1 100 30
scalability -e1 100 31
scalability -e1 100 32
scalability -e1 100 33
scalability -e1 100 34
scalability -e1 100 35
scalability -e1 100 36
scalability -e1 100 37
scalability -e1 100 38
scalability -e1 100 39
scalability -e1 100 40
scalability -e1 100 41
scalability -e1 100 42
scalability -e1 100 43
scalability -e1 100 44
scalability -e1 100 45
scalability -e1 100 46
scalability -e1 100 47
scalability -e1 100 48
scalability -e1 100 49
scalability -e1 100 50
scalability -e1 100 51
scalability -e1 100 52
scalability -e1 100 53
scalability -e1 100 54
scalability -e1 100 55
scalability -e1 100 56
scalability -e1 100 57
scalability -e1 100 58
scalability -e1 100 59
scalability -e1 100 60
scalability -e1 100 61
scalability -e1 100 62
scalability -e1 100 63
scalability -e1 100 64
scalability end
