Selected type of execution: 2
make: Nothing to be done for 'all'.
scale_omp_epyc_epyc006_2023-06-15_20-31-28.csv epyc006 2023-06-15_20-31-28
scalability begin
rep 1 scalability -e2 10000 1
rep 1 scalability -e2 10000 2
rep 1 scalability -e2 10000 3
rep 1 scalability -e2 10000 4
rep 1 scalability -e2 10000 5
rep 1 scalability -e2 10000 6
rep 1 scalability -e2 10000 7
rep 1 scalability -e2 10000 8
rep 1 scalability -e2 10000 9
rep 1 scalability -e2 10000 10
rep 1 scalability -e2 10000 11
rep 1 scalability -e2 10000 12
rep 1 scalability -e2 10000 13
rep 1 scalability -e2 10000 14
rep 1 scalability -e2 10000 15
rep 1 scalability -e2 10000 16
rep 1 scalability -e2 10000 17
rep 1 scalability -e2 10000 18
rep 1 scalability -e2 10000 19
rep 1 scalability -e2 10000 20
rep 1 scalability -e2 10000 21
rep 1 scalability -e2 10000 22
rep 1 scalability -e2 10000 23
rep 1 scalability -e2 10000 24
rep 1 scalability -e2 10000 25
ERROR in file_pgm_write_chunk_noghost - the file could not be opened
: No space left on device
--------------------------------------------------------------------------
MPI_ABORT was invoked on rank 0 in communicator MPI_COMM_WORLD
with errorcode 1.

NOTE: invoking MPI_ABORT causes Open MPI to kill all MPI processes.
You may or may not see output from other processes, depending on
exactly when Open MPI kills them.
--------------------------------------------------------------------------
rep 1 scalability -e2 10000 26
/var/spool/slurm/d/job12828/slurm_script: line 57: scale_omp_epyc_epyc006_2023-06-15_20-31-28.csv: No space left on device
rep 1 scalability -e2 10000 27
/var/spool/slurm/d/job12828/slurm_script: line 57: scale_omp_epyc_epyc006_2023-06-15_20-31-28.csv: No space left on device
rep 1 scalability -e2 10000 28
/var/spool/slurm/d/job12828/slurm_script: line 57: scale_omp_epyc_epyc006_2023-06-15_20-31-28.csv: No space left on device
rep 1 scalability -e2 10000 29
/var/spool/slurm/d/job12828/slurm_script: line 57: scale_omp_epyc_epyc006_2023-06-15_20-31-28.csv: No space left on device
rep 1 scalability -e2 10000 30
/var/spool/slurm/d/job12828/slurm_script: line 57: scale_omp_epyc_epyc006_2023-06-15_20-31-28.csv: No space left on device
rep 1 scalability -e2 10000 31
/var/spool/slurm/d/job12828/slurm_script: line 57: scale_omp_epyc_epyc006_2023-06-15_20-31-28.csv: No space left on device
rep 1 scalability -e2 10000 32
/var/spool/slurm/d/job12828/slurm_script: line 57: scale_omp_epyc_epyc006_2023-06-15_20-31-28.csv: No space left on device
rep 1 scalability -e2 10000 33
/var/spool/slurm/d/job12828/slurm_script: line 57: scale_omp_epyc_epyc006_2023-06-15_20-31-28.csv: No space left on device
rep 1 scalability -e2 10000 34
/var/spool/slurm/d/job12828/slurm_script: line 57: scale_omp_epyc_epyc006_2023-06-15_20-31-28.csv: No space left on device
rep 1 scalability -e2 10000 35
/var/spool/slurm/d/job12828/slurm_script: line 57: scale_omp_epyc_epyc006_2023-06-15_20-31-28.csv: No space left on device
rep 1 scalability -e2 10000 36
/var/spool/slurm/d/job12828/slurm_script: line 57: scale_omp_epyc_epyc006_2023-06-15_20-31-28.csv: No space left on device
rep 1 scalability -e2 10000 37
/var/spool/slurm/d/job12828/slurm_script: line 57: scale_omp_epyc_epyc006_2023-06-15_20-31-28.csv: No space left on device
rep 1 scalability -e2 10000 38
/var/spool/slurm/d/job12828/slurm_script: line 57: scale_omp_epyc_epyc006_2023-06-15_20-31-28.csv: No space left on device
rep 1 scalability -e2 10000 39
/var/spool/slurm/d/job12828/slurm_script: line 57: scale_omp_epyc_epyc006_2023-06-15_20-31-28.csv: No space left on device
rep 1 scalability -e2 10000 40
/var/spool/slurm/d/job12828/slurm_script: line 57: scale_omp_epyc_epyc006_2023-06-15_20-31-28.csv: No space left on device
rep 1 scalability -e2 10000 41
/var/spool/slurm/d/job12828/slurm_script: line 57: scale_omp_epyc_epyc006_2023-06-15_20-31-28.csv: No space left on device
rep 1 scalability -e2 10000 42
/var/spool/slurm/d/job12828/slurm_script: line 57: scale_omp_epyc_epyc006_2023-06-15_20-31-28.csv: No space left on device
rep 1 scalability -e2 10000 43
/var/spool/slurm/d/job12828/slurm_script: line 57: scale_omp_epyc_epyc006_2023-06-15_20-31-28.csv: No space left on device
rep 1 scalability -e2 10000 44
/var/spool/slurm/d/job12828/slurm_script: line 57: scale_omp_epyc_epyc006_2023-06-15_20-31-28.csv: No space left on device
rep 1 scalability -e2 10000 45
/var/spool/slurm/d/job12828/slurm_script: line 57: scale_omp_epyc_epyc006_2023-06-15_20-31-28.csv: No space left on device
rep 1 scalability -e2 10000 46
/var/spool/slurm/d/job12828/slurm_script: line 57: scale_omp_epyc_epyc006_2023-06-15_20-31-28.csv: No space left on device
rep 1 scalability -e2 10000 47
/var/spool/slurm/d/job12828/slurm_script: line 57: scale_omp_epyc_epyc006_2023-06-15_20-31-28.csv: No space left on device
rep 1 scalability -e2 10000 48
/var/spool/slurm/d/job12828/slurm_script: line 57: scale_omp_epyc_epyc006_2023-06-15_20-31-28.csv: No space left on device
rep 1 scalability -e2 10000 49
/var/spool/slurm/d/job12828/slurm_script: line 57: scale_omp_epyc_epyc006_2023-06-15_20-31-28.csv: No space left on device
rep 1 scalability -e2 10000 50
/var/spool/slurm/d/job12828/slurm_script: line 57: scale_omp_epyc_epyc006_2023-06-15_20-31-28.csv: No space left on device
rep 1 scalability -e2 10000 51
/var/spool/slurm/d/job12828/slurm_script: line 57: scale_omp_epyc_epyc006_2023-06-15_20-31-28.csv: No space left on device
rep 1 scalability -e2 10000 52
/var/spool/slurm/d/job12828/slurm_script: line 57: scale_omp_epyc_epyc006_2023-06-15_20-31-28.csv: No space left on device
rep 1 scalability -e2 10000 53
/var/spool/slurm/d/job12828/slurm_script: line 57: scale_omp_epyc_epyc006_2023-06-15_20-31-28.csv: No space left on device
rep 1 scalability -e2 10000 54
/var/spool/slurm/d/job12828/slurm_script: line 57: scale_omp_epyc_epyc006_2023-06-15_20-31-28.csv: No space left on device
rep 1 scalability -e2 10000 55
/var/spool/slurm/d/job12828/slurm_script: line 57: scale_omp_epyc_epyc006_2023-06-15_20-31-28.csv: No space left on device
rep 1 scalability -e2 10000 56
/var/spool/slurm/d/job12828/slurm_script: line 57: scale_omp_epyc_epyc006_2023-06-15_20-31-28.csv: No space left on device
rep 1 scalability -e2 10000 57
/var/spool/slurm/d/job12828/slurm_script: line 57: scale_omp_epyc_epyc006_2023-06-15_20-31-28.csv: No space left on device
rep 1 scalability -e2 10000 58
/var/spool/slurm/d/job12828/slurm_script: line 57: scale_omp_epyc_epyc006_2023-06-15_20-31-28.csv: No space left on device
rep 1 scalability -e2 10000 59
/var/spool/slurm/d/job12828/slurm_script: line 57: scale_omp_epyc_epyc006_2023-06-15_20-31-28.csv: No space left on device
rep 1 scalability -e2 10000 60
/var/spool/slurm/d/job12828/slurm_script: line 57: scale_omp_epyc_epyc006_2023-06-15_20-31-28.csv: No space left on device
rep 1 scalability -e2 10000 61
/var/spool/slurm/d/job12828/slurm_script: line 57: scale_omp_epyc_epyc006_2023-06-15_20-31-28.csv: No space left on device
rep 1 scalability -e2 10000 62
/var/spool/slurm/d/job12828/slurm_script: line 57: scale_omp_epyc_epyc006_2023-06-15_20-31-28.csv: No space left on device
rep 1 scalability -e2 10000 63
/var/spool/slurm/d/job12828/slurm_script: line 57: scale_omp_epyc_epyc006_2023-06-15_20-31-28.csv: No space left on device
rep 1 scalability -e2 10000 64
/var/spool/slurm/d/job12828/slurm_script: line 57: scale_omp_epyc_epyc006_2023-06-15_20-31-28.csv: No space left on device
rep 2 scalability -e2 10000 1
/var/spool/slurm/d/job12828/slurm_script: line 57: scale_omp_epyc_epyc006_2023-06-15_20-31-28.csv: No space left on device
rep 2 scalability -e2 10000 2
/var/spool/slurm/d/job12828/slurm_script: line 57: scale_omp_epyc_epyc006_2023-06-15_20-31-28.csv: No space left on device
rep 2 scalability -e2 10000 3
/var/spool/slurm/d/job12828/slurm_script: line 57: scale_omp_epyc_epyc006_2023-06-15_20-31-28.csv: No space left on device
rep 2 scalability -e2 10000 4
/var/spool/slurm/d/job12828/slurm_script: line 57: scale_omp_epyc_epyc006_2023-06-15_20-31-28.csv: No space left on device
rep 2 scalability -e2 10000 5
/var/spool/slurm/d/job12828/slurm_script: line 57: scale_omp_epyc_epyc006_2023-06-15_20-31-28.csv: No space left on device
rep 2 scalability -e2 10000 6
/var/spool/slurm/d/job12828/slurm_script: line 57: scale_omp_epyc_epyc006_2023-06-15_20-31-28.csv: No space left on device
rep 2 scalability -e2 10000 7
/var/spool/slurm/d/job12828/slurm_script: line 57: scale_omp_epyc_epyc006_2023-06-15_20-31-28.csv: No space left on device
rep 2 scalability -e2 10000 8
/var/spool/slurm/d/job12828/slurm_script: line 57: scale_omp_epyc_epyc006_2023-06-15_20-31-28.csv: No space left on device
rep 2 scalability -e2 10000 9
/var/spool/slurm/d/job12828/slurm_script: line 57: scale_omp_epyc_epyc006_2023-06-15_20-31-28.csv: No space left on device
rep 2 scalability -e2 10000 10
/var/spool/slurm/d/job12828/slurm_script: line 57: scale_omp_epyc_epyc006_2023-06-15_20-31-28.csv: No space left on device
rep 2 scalability -e2 10000 11
/var/spool/slurm/d/job12828/slurm_script: line 57: scale_omp_epyc_epyc006_2023-06-15_20-31-28.csv: No space left on device
rep 2 scalability -e2 10000 12
/var/spool/slurm/d/job12828/slurm_script: line 57: scale_omp_epyc_epyc006_2023-06-15_20-31-28.csv: No space left on device
rep 2 scalability -e2 10000 13
/var/spool/slurm/d/job12828/slurm_script: line 57: scale_omp_epyc_epyc006_2023-06-15_20-31-28.csv: No space left on device
rep 2 scalability -e2 10000 14
/var/spool/slurm/d/job12828/slurm_script: line 57: scale_omp_epyc_epyc006_2023-06-15_20-31-28.csv: No space left on device
rep 2 scalability -e2 10000 15
/var/spool/slurm/d/job12828/slurm_script: line 57: scale_omp_epyc_epyc006_2023-06-15_20-31-28.csv: No space left on device
rep 2 scalability -e2 10000 16
/var/spool/slurm/d/job12828/slurm_script: line 57: scale_omp_epyc_epyc006_2023-06-15_20-31-28.csv: No space left on device
rep 2 scalability -e2 10000 17
/var/spool/slurm/d/job12828/slurm_script: line 57: scale_omp_epyc_epyc006_2023-06-15_20-31-28.csv: No space left on device
rep 2 scalability -e2 10000 18
/var/spool/slurm/d/job12828/slurm_script: line 57: scale_omp_epyc_epyc006_2023-06-15_20-31-28.csv: No space left on device
rep 2 scalability -e2 10000 19
/var/spool/slurm/d/job12828/slurm_script: line 57: scale_omp_epyc_epyc006_2023-06-15_20-31-28.csv: No space left on device
rep 2 scalability -e2 10000 20
/var/spool/slurm/d/job12828/slurm_script: line 57: scale_omp_epyc_epyc006_2023-06-15_20-31-28.csv: No space left on device
rep 2 scalability -e2 10000 21
/var/spool/slurm/d/job12828/slurm_script: line 57: scale_omp_epyc_epyc006_2023-06-15_20-31-28.csv: No space left on device
rep 2 scalability -e2 10000 22
/var/spool/slurm/d/job12828/slurm_script: line 57: scale_omp_epyc_epyc006_2023-06-15_20-31-28.csv: No space left on device
rep 2 scalability -e2 10000 23
/var/spool/slurm/d/job12828/slurm_script: line 57: scale_omp_epyc_epyc006_2023-06-15_20-31-28.csv: No space left on device
rep 2 scalability -e2 10000 24
/var/spool/slurm/d/job12828/slurm_script: line 57: scale_omp_epyc_epyc006_2023-06-15_20-31-28.csv: No space left on device
rep 2 scalability -e2 10000 25
/var/spool/slurm/d/job12828/slurm_script: line 57: scale_omp_epyc_epyc006_2023-06-15_20-31-28.csv: No space left on device
rep 2 scalability -e2 10000 26
/var/spool/slurm/d/job12828/slurm_script: line 57: scale_omp_epyc_epyc006_2023-06-15_20-31-28.csv: No space left on device
rep 2 scalability -e2 10000 27
/var/spool/slurm/d/job12828/slurm_script: line 57: scale_omp_epyc_epyc006_2023-06-15_20-31-28.csv: No space left on device
rep 2 scalability -e2 10000 28
/var/spool/slurm/d/job12828/slurm_script: line 57: scale_omp_epyc_epyc006_2023-06-15_20-31-28.csv: No space left on device
rep 2 scalability -e2 10000 29
/var/spool/slurm/d/job12828/slurm_script: line 57: scale_omp_epyc_epyc006_2023-06-15_20-31-28.csv: No space left on device
rep 2 scalability -e2 10000 30
/var/spool/slurm/d/job12828/slurm_script: line 57: scale_omp_epyc_epyc006_2023-06-15_20-31-28.csv: No space left on device
rep 2 scalability -e2 10000 31
/var/spool/slurm/d/job12828/slurm_script: line 57: scale_omp_epyc_epyc006_2023-06-15_20-31-28.csv: No space left on device
rep 2 scalability -e2 10000 32
/var/spool/slurm/d/job12828/slurm_script: line 57: scale_omp_epyc_epyc006_2023-06-15_20-31-28.csv: No space left on device
rep 2 scalability -e2 10000 33
/var/spool/slurm/d/job12828/slurm_script: line 57: scale_omp_epyc_epyc006_2023-06-15_20-31-28.csv: No space left on device
rep 2 scalability -e2 10000 34
/var/spool/slurm/d/job12828/slurm_script: line 57: scale_omp_epyc_epyc006_2023-06-15_20-31-28.csv: No space left on device
rep 2 scalability -e2 10000 35
/var/spool/slurm/d/job12828/slurm_script: line 57: scale_omp_epyc_epyc006_2023-06-15_20-31-28.csv: No space left on device
rep 2 scalability -e2 10000 36
/var/spool/slurm/d/job12828/slurm_script: line 57: scale_omp_epyc_epyc006_2023-06-15_20-31-28.csv: No space left on device
rep 2 scalability -e2 10000 37
/var/spool/slurm/d/job12828/slurm_script: line 57: scale_omp_epyc_epyc006_2023-06-15_20-31-28.csv: No space left on device
rep 2 scalability -e2 10000 38
/var/spool/slurm/d/job12828/slurm_script: line 57: scale_omp_epyc_epyc006_2023-06-15_20-31-28.csv: No space left on device
rep 2 scalability -e2 10000 39
/var/spool/slurm/d/job12828/slurm_script: line 57: scale_omp_epyc_epyc006_2023-06-15_20-31-28.csv: No space left on device
rep 2 scalability -e2 10000 40
/var/spool/slurm/d/job12828/slurm_script: line 57: scale_omp_epyc_epyc006_2023-06-15_20-31-28.csv: No space left on device
rep 2 scalability -e2 10000 41
/var/spool/slurm/d/job12828/slurm_script: line 57: scale_omp_epyc_epyc006_2023-06-15_20-31-28.csv: No space left on device
rep 2 scalability -e2 10000 42
/var/spool/slurm/d/job12828/slurm_script: line 57: scale_omp_epyc_epyc006_2023-06-15_20-31-28.csv: No space left on device
rep 2 scalability -e2 10000 43
/var/spool/slurm/d/job12828/slurm_script: line 57: scale_omp_epyc_epyc006_2023-06-15_20-31-28.csv: No space left on device
rep 2 scalability -e2 10000 44
/var/spool/slurm/d/job12828/slurm_script: line 57: scale_omp_epyc_epyc006_2023-06-15_20-31-28.csv: No space left on device
rep 2 scalability -e2 10000 45
/var/spool/slurm/d/job12828/slurm_script: line 57: scale_omp_epyc_epyc006_2023-06-15_20-31-28.csv: No space left on device
rep 2 scalability -e2 10000 46
/var/spool/slurm/d/job12828/slurm_script: line 57: scale_omp_epyc_epyc006_2023-06-15_20-31-28.csv: No space left on device
rep 2 scalability -e2 10000 47
/var/spool/slurm/d/job12828/slurm_script: line 57: scale_omp_epyc_epyc006_2023-06-15_20-31-28.csv: No space left on device
rep 2 scalability -e2 10000 48
/var/spool/slurm/d/job12828/slurm_script: line 57: scale_omp_epyc_epyc006_2023-06-15_20-31-28.csv: No space left on device
rep 2 scalability -e2 10000 49
/var/spool/slurm/d/job12828/slurm_script: line 57: scale_omp_epyc_epyc006_2023-06-15_20-31-28.csv: No space left on device
rep 2 scalability -e2 10000 50
/var/spool/slurm/d/job12828/slurm_script: line 57: scale_omp_epyc_epyc006_2023-06-15_20-31-28.csv: No space left on device
rep 2 scalability -e2 10000 51
/var/spool/slurm/d/job12828/slurm_script: line 57: scale_omp_epyc_epyc006_2023-06-15_20-31-28.csv: No space left on device
rep 2 scalability -e2 10000 52
/var/spool/slurm/d/job12828/slurm_script: line 57: scale_omp_epyc_epyc006_2023-06-15_20-31-28.csv: No space left on device
rep 2 scalability -e2 10000 53
/var/spool/slurm/d/job12828/slurm_script: line 57: scale_omp_epyc_epyc006_2023-06-15_20-31-28.csv: No space left on device
rep 2 scalability -e2 10000 54
/var/spool/slurm/d/job12828/slurm_script: line 57: scale_omp_epyc_epyc006_2023-06-15_20-31-28.csv: No space left on device
rep 2 scalability -e2 10000 55
/var/spool/slurm/d/job12828/slurm_script: line 57: scale_omp_epyc_epyc006_2023-06-15_20-31-28.csv: No space left on device
rep 2 scalability -e2 10000 56
/var/spool/slurm/d/job12828/slurm_script: line 57: scale_omp_epyc_epyc006_2023-06-15_20-31-28.csv: No space left on device
rep 2 scalability -e2 10000 57
/var/spool/slurm/d/job12828/slurm_script: line 57: scale_omp_epyc_epyc006_2023-06-15_20-31-28.csv: No space left on device
rep 2 scalability -e2 10000 58
/var/spool/slurm/d/job12828/slurm_script: line 57: scale_omp_epyc_epyc006_2023-06-15_20-31-28.csv: No space left on device
rep 2 scalability -e2 10000 59
/var/spool/slurm/d/job12828/slurm_script: line 57: scale_omp_epyc_epyc006_2023-06-15_20-31-28.csv: No space left on device
rep 2 scalability -e2 10000 60
/var/spool/slurm/d/job12828/slurm_script: line 57: scale_omp_epyc_epyc006_2023-06-15_20-31-28.csv: No space left on device
rep 2 scalability -e2 10000 61
/var/spool/slurm/d/job12828/slurm_script: line 57: scale_omp_epyc_epyc006_2023-06-15_20-31-28.csv: No space left on device
rep 2 scalability -e2 10000 62
/var/spool/slurm/d/job12828/slurm_script: line 57: scale_omp_epyc_epyc006_2023-06-15_20-31-28.csv: No space left on device
rep 2 scalability -e2 10000 63
/var/spool/slurm/d/job12828/slurm_script: line 57: scale_omp_epyc_epyc006_2023-06-15_20-31-28.csv: No space left on device
rep 2 scalability -e2 10000 64
/var/spool/slurm/d/job12828/slurm_script: line 57: scale_omp_epyc_epyc006_2023-06-15_20-31-28.csv: No space left on device
rep 3 scalability -e2 10000 1
/var/spool/slurm/d/job12828/slurm_script: line 57: scale_omp_epyc_epyc006_2023-06-15_20-31-28.csv: No space left on device
rep 3 scalability -e2 10000 2
/var/spool/slurm/d/job12828/slurm_script: line 57: scale_omp_epyc_epyc006_2023-06-15_20-31-28.csv: No space left on device
rep 3 scalability -e2 10000 3
/var/spool/slurm/d/job12828/slurm_script: line 57: scale_omp_epyc_epyc006_2023-06-15_20-31-28.csv: No space left on device
rep 3 scalability -e2 10000 4
/var/spool/slurm/d/job12828/slurm_script: line 57: scale_omp_epyc_epyc006_2023-06-15_20-31-28.csv: No space left on device
rep 3 scalability -e2 10000 5
/var/spool/slurm/d/job12828/slurm_script: line 57: scale_omp_epyc_epyc006_2023-06-15_20-31-28.csv: No space left on device
rep 3 scalability -e2 10000 6
/var/spool/slurm/d/job12828/slurm_script: line 57: scale_omp_epyc_epyc006_2023-06-15_20-31-28.csv: No space left on device
rep 3 scalability -e2 10000 7
/var/spool/slurm/d/job12828/slurm_script: line 57: scale_omp_epyc_epyc006_2023-06-15_20-31-28.csv: No space left on device
rep 3 scalability -e2 10000 8
/var/spool/slurm/d/job12828/slurm_script: line 57: scale_omp_epyc_epyc006_2023-06-15_20-31-28.csv: No space left on device
rep 3 scalability -e2 10000 9
/var/spool/slurm/d/job12828/slurm_script: line 57: scale_omp_epyc_epyc006_2023-06-15_20-31-28.csv: No space left on device
rep 3 scalability -e2 10000 10
/var/spool/slurm/d/job12828/slurm_script: line 57: scale_omp_epyc_epyc006_2023-06-15_20-31-28.csv: No space left on device
rep 3 scalability -e2 10000 11
/var/spool/slurm/d/job12828/slurm_script: line 57: scale_omp_epyc_epyc006_2023-06-15_20-31-28.csv: No space left on device
rep 3 scalability -e2 10000 12
/var/spool/slurm/d/job12828/slurm_script: line 57: scale_omp_epyc_epyc006_2023-06-15_20-31-28.csv: No space left on device
rep 3 scalability -e2 10000 13
/var/spool/slurm/d/job12828/slurm_script: line 57: scale_omp_epyc_epyc006_2023-06-15_20-31-28.csv: No space left on device
rep 3 scalability -e2 10000 14
/var/spool/slurm/d/job12828/slurm_script: line 57: scale_omp_epyc_epyc006_2023-06-15_20-31-28.csv: No space left on device
rep 3 scalability -e2 10000 15
/var/spool/slurm/d/job12828/slurm_script: line 57: scale_omp_epyc_epyc006_2023-06-15_20-31-28.csv: No space left on device
rep 3 scalability -e2 10000 16
/var/spool/slurm/d/job12828/slurm_script: line 57: scale_omp_epyc_epyc006_2023-06-15_20-31-28.csv: No space left on device
rep 3 scalability -e2 10000 17
/var/spool/slurm/d/job12828/slurm_script: line 57: scale_omp_epyc_epyc006_2023-06-15_20-31-28.csv: No space left on device
rep 3 scalability -e2 10000 18
/var/spool/slurm/d/job12828/slurm_script: line 57: scale_omp_epyc_epyc006_2023-06-15_20-31-28.csv: No space left on device
rep 3 scalability -e2 10000 19
/var/spool/slurm/d/job12828/slurm_script: line 57: scale_omp_epyc_epyc006_2023-06-15_20-31-28.csv: No space left on device
rep 3 scalability -e2 10000 20
/var/spool/slurm/d/job12828/slurm_script: line 57: scale_omp_epyc_epyc006_2023-06-15_20-31-28.csv: No space left on device
rep 3 scalability -e2 10000 21
/var/spool/slurm/d/job12828/slurm_script: line 57: scale_omp_epyc_epyc006_2023-06-15_20-31-28.csv: No space left on device
rep 3 scalability -e2 10000 22
/var/spool/slurm/d/job12828/slurm_script: line 57: scale_omp_epyc_epyc006_2023-06-15_20-31-28.csv: No space left on device
rep 3 scalability -e2 10000 23
/var/spool/slurm/d/job12828/slurm_script: line 57: scale_omp_epyc_epyc006_2023-06-15_20-31-28.csv: No space left on device
rep 3 scalability -e2 10000 24
/var/spool/slurm/d/job12828/slurm_script: line 57: scale_omp_epyc_epyc006_2023-06-15_20-31-28.csv: No space left on device
rep 3 scalability -e2 10000 25
/var/spool/slurm/d/job12828/slurm_script: line 57: scale_omp_epyc_epyc006_2023-06-15_20-31-28.csv: No space left on device
rep 3 scalability -e2 10000 26
/var/spool/slurm/d/job12828/slurm_script: line 57: scale_omp_epyc_epyc006_2023-06-15_20-31-28.csv: No space left on device
rep 3 scalability -e2 10000 27
/var/spool/slurm/d/job12828/slurm_script: line 57: scale_omp_epyc_epyc006_2023-06-15_20-31-28.csv: No space left on device
rep 3 scalability -e2 10000 28
/var/spool/slurm/d/job12828/slurm_script: line 57: scale_omp_epyc_epyc006_2023-06-15_20-31-28.csv: No space left on device
rep 3 scalability -e2 10000 29
/var/spool/slurm/d/job12828/slurm_script: line 57: scale_omp_epyc_epyc006_2023-06-15_20-31-28.csv: No space left on device
rep 3 scalability -e2 10000 30
/var/spool/slurm/d/job12828/slurm_script: line 57: scale_omp_epyc_epyc006_2023-06-15_20-31-28.csv: No space left on device
rep 3 scalability -e2 10000 31
/var/spool/slurm/d/job12828/slurm_script: line 57: scale_omp_epyc_epyc006_2023-06-15_20-31-28.csv: No space left on device
rep 3 scalability -e2 10000 32
/var/spool/slurm/d/job12828/slurm_script: line 57: scale_omp_epyc_epyc006_2023-06-15_20-31-28.csv: No space left on device
rep 3 scalability -e2 10000 33
/var/spool/slurm/d/job12828/slurm_script: line 57: scale_omp_epyc_epyc006_2023-06-15_20-31-28.csv: No space left on device
rep 3 scalability -e2 10000 34
/var/spool/slurm/d/job12828/slurm_script: line 57: scale_omp_epyc_epyc006_2023-06-15_20-31-28.csv: No space left on device
rep 3 scalability -e2 10000 35
/var/spool/slurm/d/job12828/slurm_script: line 57: scale_omp_epyc_epyc006_2023-06-15_20-31-28.csv: No space left on device
rep 3 scalability -e2 10000 36
/var/spool/slurm/d/job12828/slurm_script: line 57: scale_omp_epyc_epyc006_2023-06-15_20-31-28.csv: No space left on device
rep 3 scalability -e2 10000 37
/var/spool/slurm/d/job12828/slurm_script: line 57: scale_omp_epyc_epyc006_2023-06-15_20-31-28.csv: No space left on device
rep 3 scalability -e2 10000 38
/var/spool/slurm/d/job12828/slurm_script: line 57: scale_omp_epyc_epyc006_2023-06-15_20-31-28.csv: No space left on device
rep 3 scalability -e2 10000 39
/var/spool/slurm/d/job12828/slurm_script: line 57: scale_omp_epyc_epyc006_2023-06-15_20-31-28.csv: No space left on device
rep 3 scalability -e2 10000 40
/var/spool/slurm/d/job12828/slurm_script: line 57: scale_omp_epyc_epyc006_2023-06-15_20-31-28.csv: No space left on device
rep 3 scalability -e2 10000 41
/var/spool/slurm/d/job12828/slurm_script: line 57: scale_omp_epyc_epyc006_2023-06-15_20-31-28.csv: No space left on device
rep 3 scalability -e2 10000 42
/var/spool/slurm/d/job12828/slurm_script: line 57: scale_omp_epyc_epyc006_2023-06-15_20-31-28.csv: No space left on device
rep 3 scalability -e2 10000 43
/var/spool/slurm/d/job12828/slurm_script: line 57: scale_omp_epyc_epyc006_2023-06-15_20-31-28.csv: No space left on device
rep 3 scalability -e2 10000 44
/var/spool/slurm/d/job12828/slurm_script: line 57: scale_omp_epyc_epyc006_2023-06-15_20-31-28.csv: No space left on device
rep 3 scalability -e2 10000 45
/var/spool/slurm/d/job12828/slurm_script: line 57: scale_omp_epyc_epyc006_2023-06-15_20-31-28.csv: No space left on device
rep 3 scalability -e2 10000 46
/var/spool/slurm/d/job12828/slurm_script: line 57: scale_omp_epyc_epyc006_2023-06-15_20-31-28.csv: No space left on device
rep 3 scalability -e2 10000 47
/var/spool/slurm/d/job12828/slurm_script: line 57: scale_omp_epyc_epyc006_2023-06-15_20-31-28.csv: No space left on device
rep 3 scalability -e2 10000 48
/var/spool/slurm/d/job12828/slurm_script: line 57: scale_omp_epyc_epyc006_2023-06-15_20-31-28.csv: No space left on device
rep 3 scalability -e2 10000 49
/var/spool/slurm/d/job12828/slurm_script: line 57: scale_omp_epyc_epyc006_2023-06-15_20-31-28.csv: No space left on device
rep 3 scalability -e2 10000 50
/var/spool/slurm/d/job12828/slurm_script: line 57: scale_omp_epyc_epyc006_2023-06-15_20-31-28.csv: No space left on device
rep 3 scalability -e2 10000 51
/var/spool/slurm/d/job12828/slurm_script: line 57: scale_omp_epyc_epyc006_2023-06-15_20-31-28.csv: No space left on device
rep 3 scalability -e2 10000 52
/var/spool/slurm/d/job12828/slurm_script: line 57: scale_omp_epyc_epyc006_2023-06-15_20-31-28.csv: No space left on device
rep 3 scalability -e2 10000 53
/var/spool/slurm/d/job12828/slurm_script: line 57: scale_omp_epyc_epyc006_2023-06-15_20-31-28.csv: No space left on device
rep 3 scalability -e2 10000 54
/var/spool/slurm/d/job12828/slurm_script: line 57: scale_omp_epyc_epyc006_2023-06-15_20-31-28.csv: No space left on device
rep 3 scalability -e2 10000 55
/var/spool/slurm/d/job12828/slurm_script: line 57: scale_omp_epyc_epyc006_2023-06-15_20-31-28.csv: No space left on device
rep 3 scalability -e2 10000 56
/var/spool/slurm/d/job12828/slurm_script: line 57: scale_omp_epyc_epyc006_2023-06-15_20-31-28.csv: No space left on device
rep 3 scalability -e2 10000 57
/var/spool/slurm/d/job12828/slurm_script: line 57: scale_omp_epyc_epyc006_2023-06-15_20-31-28.csv: No space left on device
rep 3 scalability -e2 10000 58
/var/spool/slurm/d/job12828/slurm_script: line 57: scale_omp_epyc_epyc006_2023-06-15_20-31-28.csv: No space left on device
rep 3 scalability -e2 10000 59
/var/spool/slurm/d/job12828/slurm_script: line 57: scale_omp_epyc_epyc006_2023-06-15_20-31-28.csv: No space left on device
rep 3 scalability -e2 10000 60
/var/spool/slurm/d/job12828/slurm_script: line 57: scale_omp_epyc_epyc006_2023-06-15_20-31-28.csv: No space left on device
rep 3 scalability -e2 10000 61
/var/spool/slurm/d/job12828/slurm_script: line 57: scale_omp_epyc_epyc006_2023-06-15_20-31-28.csv: No space left on device
rep 3 scalability -e2 10000 62
/var/spool/slurm/d/job12828/slurm_script: line 57: scale_omp_epyc_epyc006_2023-06-15_20-31-28.csv: No space left on device
rep 3 scalability -e2 10000 63
/var/spool/slurm/d/job12828/slurm_script: line 57: scale_omp_epyc_epyc006_2023-06-15_20-31-28.csv: No space left on device
rep 3 scalability -e2 10000 64
/var/spool/slurm/d/job12828/slurm_script: line 57: scale_omp_epyc_epyc006_2023-06-15_20-31-28.csv: No space left on device
rep 4 scalability -e2 10000 1
/var/spool/slurm/d/job12828/slurm_script: line 57: scale_omp_epyc_epyc006_2023-06-15_20-31-28.csv: No space left on device
rep 4 scalability -e2 10000 2
/var/spool/slurm/d/job12828/slurm_script: line 57: scale_omp_epyc_epyc006_2023-06-15_20-31-28.csv: No space left on device
rep 4 scalability -e2 10000 3
/var/spool/slurm/d/job12828/slurm_script: line 57: scale_omp_epyc_epyc006_2023-06-15_20-31-28.csv: No space left on device
rep 4 scalability -e2 10000 4
/var/spool/slurm/d/job12828/slurm_script: line 57: scale_omp_epyc_epyc006_2023-06-15_20-31-28.csv: No space left on device
rep 4 scalability -e2 10000 5
/var/spool/slurm/d/job12828/slurm_script: line 57: scale_omp_epyc_epyc006_2023-06-15_20-31-28.csv: No space left on device
rep 4 scalability -e2 10000 6
/var/spool/slurm/d/job12828/slurm_script: line 57: scale_omp_epyc_epyc006_2023-06-15_20-31-28.csv: No space left on device
rep 4 scalability -e2 10000 7
/var/spool/slurm/d/job12828/slurm_script: line 57: scale_omp_epyc_epyc006_2023-06-15_20-31-28.csv: No space left on device
rep 4 scalability -e2 10000 8
/var/spool/slurm/d/job12828/slurm_script: line 57: scale_omp_epyc_epyc006_2023-06-15_20-31-28.csv: No space left on device
rep 4 scalability -e2 10000 9
/var/spool/slurm/d/job12828/slurm_script: line 57: scale_omp_epyc_epyc006_2023-06-15_20-31-28.csv: No space left on device
rep 4 scalability -e2 10000 10
/var/spool/slurm/d/job12828/slurm_script: line 57: scale_omp_epyc_epyc006_2023-06-15_20-31-28.csv: No space left on device
rep 4 scalability -e2 10000 11
/var/spool/slurm/d/job12828/slurm_script: line 57: scale_omp_epyc_epyc006_2023-06-15_20-31-28.csv: No space left on device
rep 4 scalability -e2 10000 12
/var/spool/slurm/d/job12828/slurm_script: line 57: scale_omp_epyc_epyc006_2023-06-15_20-31-28.csv: No space left on device
rep 4 scalability -e2 10000 13
/var/spool/slurm/d/job12828/slurm_script: line 57: scale_omp_epyc_epyc006_2023-06-15_20-31-28.csv: No space left on device
rep 4 scalability -e2 10000 14
/var/spool/slurm/d/job12828/slurm_script: line 57: scale_omp_epyc_epyc006_2023-06-15_20-31-28.csv: No space left on device
rep 4 scalability -e2 10000 15
/var/spool/slurm/d/job12828/slurm_script: line 57: scale_omp_epyc_epyc006_2023-06-15_20-31-28.csv: No space left on device
rep 4 scalability -e2 10000 16
/var/spool/slurm/d/job12828/slurm_script: line 57: scale_omp_epyc_epyc006_2023-06-15_20-31-28.csv: No space left on device
rep 4 scalability -e2 10000 17
/var/spool/slurm/d/job12828/slurm_script: line 57: scale_omp_epyc_epyc006_2023-06-15_20-31-28.csv: No space left on device
rep 4 scalability -e2 10000 18
/var/spool/slurm/d/job12828/slurm_script: line 57: scale_omp_epyc_epyc006_2023-06-15_20-31-28.csv: No space left on device
rep 4 scalability -e2 10000 19
/var/spool/slurm/d/job12828/slurm_script: line 57: scale_omp_epyc_epyc006_2023-06-15_20-31-28.csv: No space left on device
rep 4 scalability -e2 10000 20
/var/spool/slurm/d/job12828/slurm_script: line 57: scale_omp_epyc_epyc006_2023-06-15_20-31-28.csv: No space left on device
rep 4 scalability -e2 10000 21
/var/spool/slurm/d/job12828/slurm_script: line 57: scale_omp_epyc_epyc006_2023-06-15_20-31-28.csv: No space left on device
rep 4 scalability -e2 10000 22
/var/spool/slurm/d/job12828/slurm_script: line 57: scale_omp_epyc_epyc006_2023-06-15_20-31-28.csv: No space left on device
rep 4 scalability -e2 10000 23
/var/spool/slurm/d/job12828/slurm_script: line 57: scale_omp_epyc_epyc006_2023-06-15_20-31-28.csv: No space left on device
rep 4 scalability -e2 10000 24
/var/spool/slurm/d/job12828/slurm_script: line 57: scale_omp_epyc_epyc006_2023-06-15_20-31-28.csv: No space left on device
rep 4 scalability -e2 10000 25
/var/spool/slurm/d/job12828/slurm_script: line 57: scale_omp_epyc_epyc006_2023-06-15_20-31-28.csv: No space left on device
rep 4 scalability -e2 10000 26
/var/spool/slurm/d/job12828/slurm_script: line 57: scale_omp_epyc_epyc006_2023-06-15_20-31-28.csv: No space left on device
rep 4 scalability -e2 10000 27
/var/spool/slurm/d/job12828/slurm_script: line 57: scale_omp_epyc_epyc006_2023-06-15_20-31-28.csv: No space left on device
rep 4 scalability -e2 10000 28
/var/spool/slurm/d/job12828/slurm_script: line 57: scale_omp_epyc_epyc006_2023-06-15_20-31-28.csv: No space left on device
rep 4 scalability -e2 10000 29
/var/spool/slurm/d/job12828/slurm_script: line 57: scale_omp_epyc_epyc006_2023-06-15_20-31-28.csv: No space left on device
rep 4 scalability -e2 10000 30
/var/spool/slurm/d/job12828/slurm_script: line 57: scale_omp_epyc_epyc006_2023-06-15_20-31-28.csv: No space left on device
rep 4 scalability -e2 10000 31
/var/spool/slurm/d/job12828/slurm_script: line 57: scale_omp_epyc_epyc006_2023-06-15_20-31-28.csv: No space left on device
rep 4 scalability -e2 10000 32
/var/spool/slurm/d/job12828/slurm_script: line 57: scale_omp_epyc_epyc006_2023-06-15_20-31-28.csv: No space left on device
rep 4 scalability -e2 10000 33
/var/spool/slurm/d/job12828/slurm_script: line 57: scale_omp_epyc_epyc006_2023-06-15_20-31-28.csv: No space left on device
rep 4 scalability -e2 10000 34
/var/spool/slurm/d/job12828/slurm_script: line 57: scale_omp_epyc_epyc006_2023-06-15_20-31-28.csv: No space left on device
rep 4 scalability -e2 10000 35
/var/spool/slurm/d/job12828/slurm_script: line 57: scale_omp_epyc_epyc006_2023-06-15_20-31-28.csv: No space left on device
rep 4 scalability -e2 10000 36
/var/spool/slurm/d/job12828/slurm_script: line 57: scale_omp_epyc_epyc006_2023-06-15_20-31-28.csv: No space left on device
rep 4 scalability -e2 10000 37
/var/spool/slurm/d/job12828/slurm_script: line 57: scale_omp_epyc_epyc006_2023-06-15_20-31-28.csv: No space left on device
rep 4 scalability -e2 10000 38
/var/spool/slurm/d/job12828/slurm_script: line 57: scale_omp_epyc_epyc006_2023-06-15_20-31-28.csv: No space left on device
rep 4 scalability -e2 10000 39
/var/spool/slurm/d/job12828/slurm_script: line 57: scale_omp_epyc_epyc006_2023-06-15_20-31-28.csv: No space left on device
rep 4 scalability -e2 10000 40
/var/spool/slurm/d/job12828/slurm_script: line 57: scale_omp_epyc_epyc006_2023-06-15_20-31-28.csv: No space left on device
rep 4 scalability -e2 10000 41
/var/spool/slurm/d/job12828/slurm_script: line 57: scale_omp_epyc_epyc006_2023-06-15_20-31-28.csv: No space left on device
rep 4 scalability -e2 10000 42
/var/spool/slurm/d/job12828/slurm_script: line 57: scale_omp_epyc_epyc006_2023-06-15_20-31-28.csv: No space left on device
rep 4 scalability -e2 10000 43
/var/spool/slurm/d/job12828/slurm_script: line 57: scale_omp_epyc_epyc006_2023-06-15_20-31-28.csv: No space left on device
rep 4 scalability -e2 10000 44
/var/spool/slurm/d/job12828/slurm_script: line 57: scale_omp_epyc_epyc006_2023-06-15_20-31-28.csv: No space left on device
rep 4 scalability -e2 10000 45
/var/spool/slurm/d/job12828/slurm_script: line 57: scale_omp_epyc_epyc006_2023-06-15_20-31-28.csv: No space left on device
rep 4 scalability -e2 10000 46
/var/spool/slurm/d/job12828/slurm_script: line 57: scale_omp_epyc_epyc006_2023-06-15_20-31-28.csv: No space left on device
rep 4 scalability -e2 10000 47
/var/spool/slurm/d/job12828/slurm_script: line 57: scale_omp_epyc_epyc006_2023-06-15_20-31-28.csv: No space left on device
rep 4 scalability -e2 10000 48
/var/spool/slurm/d/job12828/slurm_script: line 57: scale_omp_epyc_epyc006_2023-06-15_20-31-28.csv: No space left on device
rep 4 scalability -e2 10000 49
/var/spool/slurm/d/job12828/slurm_script: line 57: scale_omp_epyc_epyc006_2023-06-15_20-31-28.csv: No space left on device
rep 4 scalability -e2 10000 50
/var/spool/slurm/d/job12828/slurm_script: line 57: scale_omp_epyc_epyc006_2023-06-15_20-31-28.csv: No space left on device
rep 4 scalability -e2 10000 51
/var/spool/slurm/d/job12828/slurm_script: line 57: scale_omp_epyc_epyc006_2023-06-15_20-31-28.csv: No space left on device
rep 4 scalability -e2 10000 52
/var/spool/slurm/d/job12828/slurm_script: line 57: scale_omp_epyc_epyc006_2023-06-15_20-31-28.csv: No space left on device
rep 4 scalability -e2 10000 53
/var/spool/slurm/d/job12828/slurm_script: line 57: scale_omp_epyc_epyc006_2023-06-15_20-31-28.csv: No space left on device
rep 4 scalability -e2 10000 54
/var/spool/slurm/d/job12828/slurm_script: line 57: scale_omp_epyc_epyc006_2023-06-15_20-31-28.csv: No space left on device
rep 4 scalability -e2 10000 55
/var/spool/slurm/d/job12828/slurm_script: line 57: scale_omp_epyc_epyc006_2023-06-15_20-31-28.csv: No space left on device
rep 4 scalability -e2 10000 56
/var/spool/slurm/d/job12828/slurm_script: line 57: scale_omp_epyc_epyc006_2023-06-15_20-31-28.csv: No space left on device
rep 4 scalability -e2 10000 57
/var/spool/slurm/d/job12828/slurm_script: line 57: scale_omp_epyc_epyc006_2023-06-15_20-31-28.csv: No space left on device
rep 4 scalability -e2 10000 58
/var/spool/slurm/d/job12828/slurm_script: line 57: scale_omp_epyc_epyc006_2023-06-15_20-31-28.csv: No space left on device
rep 4 scalability -e2 10000 59
/var/spool/slurm/d/job12828/slurm_script: line 57: scale_omp_epyc_epyc006_2023-06-15_20-31-28.csv: No space left on device
rep 4 scalability -e2 10000 60
/var/spool/slurm/d/job12828/slurm_script: line 57: scale_omp_epyc_epyc006_2023-06-15_20-31-28.csv: No space left on device
rep 4 scalability -e2 10000 61
/var/spool/slurm/d/job12828/slurm_script: line 57: scale_omp_epyc_epyc006_2023-06-15_20-31-28.csv: No space left on device
rep 4 scalability -e2 10000 62
/var/spool/slurm/d/job12828/slurm_script: line 57: scale_omp_epyc_epyc006_2023-06-15_20-31-28.csv: No space left on device
rep 4 scalability -e2 10000 63
/var/spool/slurm/d/job12828/slurm_script: line 57: scale_omp_epyc_epyc006_2023-06-15_20-31-28.csv: No space left on device
rep 4 scalability -e2 10000 64
/var/spool/slurm/d/job12828/slurm_script: line 57: scale_omp_epyc_epyc006_2023-06-15_20-31-28.csv: No space left on device
rep 5 scalability -e2 10000 1
/var/spool/slurm/d/job12828/slurm_script: line 57: scale_omp_epyc_epyc006_2023-06-15_20-31-28.csv: No space left on device
rep 5 scalability -e2 10000 2
/var/spool/slurm/d/job12828/slurm_script: line 57: scale_omp_epyc_epyc006_2023-06-15_20-31-28.csv: No space left on device
rep 5 scalability -e2 10000 3
/var/spool/slurm/d/job12828/slurm_script: line 57: scale_omp_epyc_epyc006_2023-06-15_20-31-28.csv: No space left on device
rep 5 scalability -e2 10000 4
/var/spool/slurm/d/job12828/slurm_script: line 57: scale_omp_epyc_epyc006_2023-06-15_20-31-28.csv: No space left on device
rep 5 scalability -e2 10000 5
/var/spool/slurm/d/job12828/slurm_script: line 57: scale_omp_epyc_epyc006_2023-06-15_20-31-28.csv: No space left on device
rep 5 scalability -e2 10000 6
/var/spool/slurm/d/job12828/slurm_script: line 57: scale_omp_epyc_epyc006_2023-06-15_20-31-28.csv: No space left on device
rep 5 scalability -e2 10000 7
/var/spool/slurm/d/job12828/slurm_script: line 57: scale_omp_epyc_epyc006_2023-06-15_20-31-28.csv: No space left on device
rep 5 scalability -e2 10000 8
/var/spool/slurm/d/job12828/slurm_script: line 57: scale_omp_epyc_epyc006_2023-06-15_20-31-28.csv: No space left on device
rep 5 scalability -e2 10000 9
/var/spool/slurm/d/job12828/slurm_script: line 57: scale_omp_epyc_epyc006_2023-06-15_20-31-28.csv: No space left on device
rep 5 scalability -e2 10000 10
/var/spool/slurm/d/job12828/slurm_script: line 57: scale_omp_epyc_epyc006_2023-06-15_20-31-28.csv: No space left on device
rep 5 scalability -e2 10000 11
/var/spool/slurm/d/job12828/slurm_script: line 57: scale_omp_epyc_epyc006_2023-06-15_20-31-28.csv: No space left on device
rep 5 scalability -e2 10000 12
/var/spool/slurm/d/job12828/slurm_script: line 57: scale_omp_epyc_epyc006_2023-06-15_20-31-28.csv: No space left on device
rep 5 scalability -e2 10000 13
/var/spool/slurm/d/job12828/slurm_script: line 57: scale_omp_epyc_epyc006_2023-06-15_20-31-28.csv: No space left on device
rep 5 scalability -e2 10000 14
/var/spool/slurm/d/job12828/slurm_script: line 57: scale_omp_epyc_epyc006_2023-06-15_20-31-28.csv: No space left on device
rep 5 scalability -e2 10000 15
/var/spool/slurm/d/job12828/slurm_script: line 57: scale_omp_epyc_epyc006_2023-06-15_20-31-28.csv: No space left on device
rep 5 scalability -e2 10000 16
/var/spool/slurm/d/job12828/slurm_script: line 57: scale_omp_epyc_epyc006_2023-06-15_20-31-28.csv: No space left on device
rep 5 scalability -e2 10000 17
/var/spool/slurm/d/job12828/slurm_script: line 57: scale_omp_epyc_epyc006_2023-06-15_20-31-28.csv: No space left on device
rep 5 scalability -e2 10000 18
/var/spool/slurm/d/job12828/slurm_script: line 57: scale_omp_epyc_epyc006_2023-06-15_20-31-28.csv: No space left on device
rep 5 scalability -e2 10000 19
/var/spool/slurm/d/job12828/slurm_script: line 57: scale_omp_epyc_epyc006_2023-06-15_20-31-28.csv: No space left on device
rep 5 scalability -e2 10000 20
/var/spool/slurm/d/job12828/slurm_script: line 57: scale_omp_epyc_epyc006_2023-06-15_20-31-28.csv: No space left on device
rep 5 scalability -e2 10000 21
/var/spool/slurm/d/job12828/slurm_script: line 57: scale_omp_epyc_epyc006_2023-06-15_20-31-28.csv: No space left on device
rep 5 scalability -e2 10000 22
/var/spool/slurm/d/job12828/slurm_script: line 57: scale_omp_epyc_epyc006_2023-06-15_20-31-28.csv: No space left on device
rep 5 scalability -e2 10000 23
/var/spool/slurm/d/job12828/slurm_script: line 57: scale_omp_epyc_epyc006_2023-06-15_20-31-28.csv: No space left on device
rep 5 scalability -e2 10000 24
/var/spool/slurm/d/job12828/slurm_script: line 57: scale_omp_epyc_epyc006_2023-06-15_20-31-28.csv: No space left on device
rep 5 scalability -e2 10000 25
/var/spool/slurm/d/job12828/slurm_script: line 57: scale_omp_epyc_epyc006_2023-06-15_20-31-28.csv: No space left on device
rep 5 scalability -e2 10000 26
/var/spool/slurm/d/job12828/slurm_script: line 57: scale_omp_epyc_epyc006_2023-06-15_20-31-28.csv: No space left on device
rep 5 scalability -e2 10000 27
/var/spool/slurm/d/job12828/slurm_script: line 57: scale_omp_epyc_epyc006_2023-06-15_20-31-28.csv: No space left on device
rep 5 scalability -e2 10000 28
/var/spool/slurm/d/job12828/slurm_script: line 57: scale_omp_epyc_epyc006_2023-06-15_20-31-28.csv: No space left on device
rep 5 scalability -e2 10000 29
/var/spool/slurm/d/job12828/slurm_script: line 57: scale_omp_epyc_epyc006_2023-06-15_20-31-28.csv: No space left on device
rep 5 scalability -e2 10000 30
/var/spool/slurm/d/job12828/slurm_script: line 57: scale_omp_epyc_epyc006_2023-06-15_20-31-28.csv: No space left on device
rep 5 scalability -e2 10000 31
/var/spool/slurm/d/job12828/slurm_script: line 57: scale_omp_epyc_epyc006_2023-06-15_20-31-28.csv: No space left on device
rep 5 scalability -e2 10000 32
/var/spool/slurm/d/job12828/slurm_script: line 57: scale_omp_epyc_epyc006_2023-06-15_20-31-28.csv: No space left on device
rep 5 scalability -e2 10000 33
/var/spool/slurm/d/job12828/slurm_script: line 57: scale_omp_epyc_epyc006_2023-06-15_20-31-28.csv: No space left on device
rep 5 scalability -e2 10000 34
/var/spool/slurm/d/job12828/slurm_script: line 57: scale_omp_epyc_epyc006_2023-06-15_20-31-28.csv: No space left on device
rep 5 scalability -e2 10000 35
/var/spool/slurm/d/job12828/slurm_script: line 57: scale_omp_epyc_epyc006_2023-06-15_20-31-28.csv: No space left on device
rep 5 scalability -e2 10000 36
/var/spool/slurm/d/job12828/slurm_script: line 57: scale_omp_epyc_epyc006_2023-06-15_20-31-28.csv: No space left on device
rep 5 scalability -e2 10000 37
/var/spool/slurm/d/job12828/slurm_script: line 57: scale_omp_epyc_epyc006_2023-06-15_20-31-28.csv: No space left on device
rep 5 scalability -e2 10000 38
/var/spool/slurm/d/job12828/slurm_script: line 57: scale_omp_epyc_epyc006_2023-06-15_20-31-28.csv: No space left on device
rep 5 scalability -e2 10000 39
/var/spool/slurm/d/job12828/slurm_script: line 57: scale_omp_epyc_epyc006_2023-06-15_20-31-28.csv: No space left on device
rep 5 scalability -e2 10000 40
/var/spool/slurm/d/job12828/slurm_script: line 57: scale_omp_epyc_epyc006_2023-06-15_20-31-28.csv: No space left on device
rep 5 scalability -e2 10000 41
/var/spool/slurm/d/job12828/slurm_script: line 57: scale_omp_epyc_epyc006_2023-06-15_20-31-28.csv: No space left on device
rep 5 scalability -e2 10000 42
/var/spool/slurm/d/job12828/slurm_script: line 57: scale_omp_epyc_epyc006_2023-06-15_20-31-28.csv: No space left on device
rep 5 scalability -e2 10000 43
/var/spool/slurm/d/job12828/slurm_script: line 57: scale_omp_epyc_epyc006_2023-06-15_20-31-28.csv: No space left on device
rep 5 scalability -e2 10000 44
/var/spool/slurm/d/job12828/slurm_script: line 57: scale_omp_epyc_epyc006_2023-06-15_20-31-28.csv: No space left on device
rep 5 scalability -e2 10000 45
/var/spool/slurm/d/job12828/slurm_script: line 57: scale_omp_epyc_epyc006_2023-06-15_20-31-28.csv: No space left on device
rep 5 scalability -e2 10000 46
/var/spool/slurm/d/job12828/slurm_script: line 57: scale_omp_epyc_epyc006_2023-06-15_20-31-28.csv: No space left on device
rep 5 scalability -e2 10000 47
/var/spool/slurm/d/job12828/slurm_script: line 57: scale_omp_epyc_epyc006_2023-06-15_20-31-28.csv: No space left on device
rep 5 scalability -e2 10000 48
/var/spool/slurm/d/job12828/slurm_script: line 57: scale_omp_epyc_epyc006_2023-06-15_20-31-28.csv: No space left on device
rep 5 scalability -e2 10000 49
/var/spool/slurm/d/job12828/slurm_script: line 57: scale_omp_epyc_epyc006_2023-06-15_20-31-28.csv: No space left on device
rep 5 scalability -e2 10000 50
/var/spool/slurm/d/job12828/slurm_script: line 57: scale_omp_epyc_epyc006_2023-06-15_20-31-28.csv: No space left on device
rep 5 scalability -e2 10000 51
/var/spool/slurm/d/job12828/slurm_script: line 57: scale_omp_epyc_epyc006_2023-06-15_20-31-28.csv: No space left on device
rep 5 scalability -e2 10000 52
/var/spool/slurm/d/job12828/slurm_script: line 57: scale_omp_epyc_epyc006_2023-06-15_20-31-28.csv: No space left on device
rep 5 scalability -e2 10000 53
/var/spool/slurm/d/job12828/slurm_script: line 57: scale_omp_epyc_epyc006_2023-06-15_20-31-28.csv: No space left on device
rep 5 scalability -e2 10000 54
/var/spool/slurm/d/job12828/slurm_script: line 57: scale_omp_epyc_epyc006_2023-06-15_20-31-28.csv: No space left on device
rep 5 scalability -e2 10000 55
/var/spool/slurm/d/job12828/slurm_script: line 57: scale_omp_epyc_epyc006_2023-06-15_20-31-28.csv: No space left on device
rep 5 scalability -e2 10000 56
/var/spool/slurm/d/job12828/slurm_script: line 57: scale_omp_epyc_epyc006_2023-06-15_20-31-28.csv: No space left on device
rep 5 scalability -e2 10000 57
/var/spool/slurm/d/job12828/slurm_script: line 57: scale_omp_epyc_epyc006_2023-06-15_20-31-28.csv: No space left on device
rep 5 scalability -e2 10000 58
/var/spool/slurm/d/job12828/slurm_script: line 57: scale_omp_epyc_epyc006_2023-06-15_20-31-28.csv: No space left on device
rep 5 scalability -e2 10000 59
/var/spool/slurm/d/job12828/slurm_script: line 57: scale_omp_epyc_epyc006_2023-06-15_20-31-28.csv: No space left on device
rep 5 scalability -e2 10000 60
/var/spool/slurm/d/job12828/slurm_script: line 57: scale_omp_epyc_epyc006_2023-06-15_20-31-28.csv: No space left on device
rep 5 scalability -e2 10000 61
/var/spool/slurm/d/job12828/slurm_script: line 57: scale_omp_epyc_epyc006_2023-06-15_20-31-28.csv: No space left on device
rep 5 scalability -e2 10000 62
/var/spool/slurm/d/job12828/slurm_script: line 57: scale_omp_epyc_epyc006_2023-06-15_20-31-28.csv: No space left on device
rep 5 scalability -e2 10000 63
/var/spool/slurm/d/job12828/slurm_script: line 57: scale_omp_epyc_epyc006_2023-06-15_20-31-28.csv: No space left on device
rep 5 scalability -e2 10000 64
/var/spool/slurm/d/job12828/slurm_script: line 57: scale_omp_epyc_epyc006_2023-06-15_20-31-28.csv: No space left on device
scalability end
