Selected type of execution: 0
make: Nothing to be done for 'all'.
scale_mpi_epyc_epyc004_2023-06-14_23-09-34.csv epyc004 2023-06-14_23-09-34
MPI scalability begin
rep 1 scalability -e0 10000 40
rep 1 scalability -e0 10000 39
rep 1 scalability -e0 10000 38
rep 1 scalability -e0 10000 37
rep 1 scalability -e0 10000 36
rep 1 scalability -e0 10000 35
rep 1 scalability -e0 10000 34
rep 1 scalability -e0 10000 33
rep 1 scalability -e0 10000 32
rep 1 scalability -e0 10000 31
rep 1 scalability -e0 10000 30
rep 1 scalability -e0 10000 29
rep 1 scalability -e0 10000 28
rep 1 scalability -e0 10000 27
rep 1 scalability -e0 10000 26
rep 1 scalability -e0 10000 25
rep 1 scalability -e0 10000 24
rep 1 scalability -e0 10000 23
rep 1 scalability -e0 10000 22
rep 1 scalability -e0 10000 21
rep 1 scalability -e0 10000 20
rep 1 scalability -e0 10000 19
rep 1 scalability -e0 10000 18
rep 1 scalability -e0 10000 17
rep 1 scalability -e0 10000 16
rep 1 scalability -e0 10000 15
rep 1 scalability -e0 10000 14
rep 1 scalability -e0 10000 13
rep 1 scalability -e0 10000 12
rep 1 scalability -e0 10000 11
slurmstepd: error: *** JOB 12522 ON epyc004 CANCELLED AT 2023-06-15T01:09:43 DUE TO TIME LIMIT ***
