Selected type of execution: 0
make: Nothing to be done for 'all'.
scale_mpi_epyc_epyc001.orfeo.hpc_2023-06-18_00-13-53.csv epyc001.orfeo.hpc 2023-06-18_00-13-53
MPI scalability begin
rep 1 scalability -e0 10000 64
rep 1 scalability -e0 10000 63
rep 1 scalability -e0 10000 62
rep 1 scalability -e0 10000 61
rep 1 scalability -e0 10000 60
rep 1 scalability -e0 10000 59
rep 1 scalability -e0 10000 58
rep 1 scalability -e0 10000 57
rep 1 scalability -e0 10000 56
rep 1 scalability -e0 10000 55
rep 1 scalability -e0 10000 54
rep 1 scalability -e0 10000 53
rep 1 scalability -e0 10000 52
rep 1 scalability -e0 10000 51
rep 1 scalability -e0 10000 50
rep 1 scalability -e0 10000 49
rep 1 scalability -e0 10000 48
rep 1 scalability -e0 10000 47
rep 1 scalability -e0 10000 46
rep 1 scalability -e0 10000 45
rep 1 scalability -e0 10000 44
rep 1 scalability -e0 10000 43
rep 1 scalability -e0 10000 42
rep 1 scalability -e0 10000 41
rep 1 scalability -e0 10000 40
rep 1 scalability -e0 10000 39
rep 1 scalability -e0 10000 38
rep 1 scalability -e0 10000 37
rep 1 scalability -e0 10000 36
slurmstepd: error: *** JOB 13074 ON epyc001 CANCELLED AT 2023-06-18T02:14:21 DUE TO TIME LIMIT ***
