Selected type of execution: 3
make: Nothing to be done for 'all'.
scale_mpi_epyc_epyc008_2023-06-13_22-48-06.csv epyc008 2023-06-13_22-48-06
MPI scalability begin
rep 1 scalability -e3 10000 64
rep 1 scalability -e3 10000 63
rep 1 scalability -e3 10000 62
rep 1 scalability -e3 10000 61
rep 1 scalability -e3 10000 60
rep 1 scalability -e3 10000 59
rep 1 scalability -e3 10000 58
rep 1 scalability -e3 10000 57
rep 1 scalability -e3 10000 56
rep 1 scalability -e3 10000 55
rep 1 scalability -e3 10000 54
rep 1 scalability -e3 10000 53
rep 1 scalability -e3 10000 52
rep 1 scalability -e3 10000 51
rep 1 scalability -e3 10000 50
rep 1 scalability -e3 10000 49
rep 1 scalability -e3 10000 48
rep 1 scalability -e3 10000 47
rep 1 scalability -e3 10000 46
rep 1 scalability -e3 10000 45
rep 1 scalability -e3 10000 44
rep 1 scalability -e3 10000 43
rep 1 scalability -e3 10000 42
rep 1 scalability -e3 10000 41
rep 1 scalability -e3 10000 40
rep 1 scalability -e3 10000 39
rep 1 scalability -e3 10000 38
rep 1 scalability -e3 10000 37
rep 1 scalability -e3 10000 36
rep 1 scalability -e3 10000 35
rep 1 scalability -e3 10000 34
rep 1 scalability -e3 10000 33
rep 1 scalability -e3 10000 32
rep 1 scalability -e3 10000 31
rep 1 scalability -e3 10000 30
rep 1 scalability -e3 10000 29
rep 1 scalability -e3 10000 28
rep 1 scalability -e3 10000 27
rep 1 scalability -e3 10000 26
rep 1 scalability -e3 10000 25
rep 1 scalability -e3 10000 24
rep 1 scalability -e3 10000 23
rep 1 scalability -e3 10000 22
rep 1 scalability -e3 10000 21
rep 1 scalability -e3 10000 20
rep 1 scalability -e3 10000 19
rep 1 scalability -e3 10000 18
rep 1 scalability -e3 10000 17
rep 1 scalability -e3 10000 16
rep 1 scalability -e3 10000 15
rep 1 scalability -e3 10000 14
rep 1 scalability -e3 10000 13
rep 1 scalability -e3 10000 12
rep 1 scalability -e3 10000 11
rep 1 scalability -e3 10000 10
rep 1 scalability -e3 10000 9
rep 1 scalability -e3 10000 8
rep 1 scalability -e3 10000 7
rep 1 scalability -e3 10000 6
rep 1 scalability -e3 10000 5
rep 1 scalability -e3 10000 4
rep 1 scalability -e3 10000 3
rep 1 scalability -e3 10000 2
rep 1 scalability -e3 10000 1
scalability end
