Selected type of execution: 0
make: Nothing to be done for 'all'.
scale_mpi_epyc_epyc004_2023-06-13_21-13-35.csv epyc004 2023-06-13_21-13-35
MPI scalability begin
rep 1 scalability -e0 10000 32
rep 1 scalability -e0 10000 33
rep 1 scalability -e0 10000 34
rep 1 scalability -e0 10000 35
rep 1 scalability -e0 10000 36
rep 1 scalability -e0 10000 37
rep 1 scalability -e0 10000 38
rep 2 scalability -e0 10000 32
rep 2 scalability -e0 10000 33
rep 2 scalability -e0 10000 34
rep 2 scalability -e0 10000 35
rep 2 scalability -e0 10000 36
rep 2 scalability -e0 10000 37
rep 2 scalability -e0 10000 38
rep 3 scalability -e0 10000 32
rep 3 scalability -e0 10000 33
rep 3 scalability -e0 10000 34
rep 3 scalability -e0 10000 35
rep 3 scalability -e0 10000 36
rep 3 scalability -e0 10000 37
rep 3 scalability -e0 10000 38
scalability end
