Selected type of execution: 1
make: Nothing to be done for 'all'.
scale_omp_epyc_epyc004_2023-06-21_22-07-35.csv epyc004 2023-06-21_22-07-35
OMP scalability begin
rep 1 scalability -e1 10000 64
rep 1 scalability -e1 10000 63
rep 1 scalability -e1 10000 62
rep 1 scalability -e1 10000 61
rep 1 scalability -e1 10000 60
rep 1 scalability -e1 10000 59
rep 1 scalability -e1 10000 58
rep 1 scalability -e1 10000 57
rep 1 scalability -e1 10000 56
rep 1 scalability -e1 10000 55
rep 1 scalability -e1 10000 54
rep 1 scalability -e1 10000 53
rep 1 scalability -e1 10000 52
rep 1 scalability -e1 10000 51
rep 1 scalability -e1 10000 50
rep 1 scalability -e1 10000 49
rep 1 scalability -e1 10000 48
rep 1 scalability -e1 10000 47
rep 1 scalability -e1 10000 46
rep 1 scalability -e1 10000 45
rep 1 scalability -e1 10000 44
rep 1 scalability -e1 10000 43
rep 1 scalability -e1 10000 42
rep 1 scalability -e1 10000 41
rep 1 scalability -e1 10000 40
rep 1 scalability -e1 10000 39
rep 1 scalability -e1 10000 38
rep 1 scalability -e1 10000 37
rep 1 scalability -e1 10000 36
rep 1 scalability -e1 10000 35
rep 1 scalability -e1 10000 34
rep 1 scalability -e1 10000 33
rep 1 scalability -e1 10000 32
rep 1 scalability -e1 10000 31
rep 1 scalability -e1 10000 30
rep 1 scalability -e1 10000 29
rep 1 scalability -e1 10000 28
rep 1 scalability -e1 10000 27
rep 1 scalability -e1 10000 26
rep 1 scalability -e1 10000 25
rep 1 scalability -e1 10000 24
rep 1 scalability -e1 10000 23
rep 1 scalability -e1 10000 22
rep 1 scalability -e1 10000 21
rep 1 scalability -e1 10000 20
rep 1 scalability -e1 10000 19
rep 1 scalability -e1 10000 18
rep 1 scalability -e1 10000 17
rep 1 scalability -e1 10000 16
rep 2 scalability -e1 10000 64
rep 2 scalability -e1 10000 63
rep 2 scalability -e1 10000 62
rep 2 scalability -e1 10000 61
rep 2 scalability -e1 10000 60
rep 2 scalability -e1 10000 59
rep 2 scalability -e1 10000 58
rep 2 scalability -e1 10000 57
rep 2 scalability -e1 10000 56
rep 2 scalability -e1 10000 55
rep 2 scalability -e1 10000 54
rep 2 scalability -e1 10000 53
rep 2 scalability -e1 10000 52
rep 2 scalability -e1 10000 51
rep 2 scalability -e1 10000 50
rep 2 scalability -e1 10000 49
rep 2 scalability -e1 10000 48
rep 2 scalability -e1 10000 47
rep 2 scalability -e1 10000 46
rep 2 scalability -e1 10000 45
rep 2 scalability -e1 10000 44
rep 2 scalability -e1 10000 43
rep 2 scalability -e1 10000 42
rep 2 scalability -e1 10000 41
rep 2 scalability -e1 10000 40
rep 2 scalability -e1 10000 39
rep 2 scalability -e1 10000 38
rep 2 scalability -e1 10000 37
rep 2 scalability -e1 10000 36
rep 2 scalability -e1 10000 35
rep 2 scalability -e1 10000 34
rep 2 scalability -e1 10000 33
rep 2 scalability -e1 10000 32
rep 2 scalability -e1 10000 31
rep 2 scalability -e1 10000 30
rep 2 scalability -e1 10000 29
rep 2 scalability -e1 10000 28
rep 2 scalability -e1 10000 27
rep 2 scalability -e1 10000 26
rep 2 scalability -e1 10000 25
rep 2 scalability -e1 10000 24
rep 2 scalability -e1 10000 23
rep 2 scalability -e1 10000 22
rep 2 scalability -e1 10000 21
rep 2 scalability -e1 10000 20
rep 2 scalability -e1 10000 19
rep 2 scalability -e1 10000 18
rep 2 scalability -e1 10000 17
rep 2 scalability -e1 10000 16
rep 3 scalability -e1 10000 64
rep 3 scalability -e1 10000 63
rep 3 scalability -e1 10000 62
rep 3 scalability -e1 10000 61
rep 3 scalability -e1 10000 60
rep 3 scalability -e1 10000 59
rep 3 scalability -e1 10000 58
rep 3 scalability -e1 10000 57
rep 3 scalability -e1 10000 56
rep 3 scalability -e1 10000 55
rep 3 scalability -e1 10000 54
rep 3 scalability -e1 10000 53
rep 3 scalability -e1 10000 52
rep 3 scalability -e1 10000 51
rep 3 scalability -e1 10000 50
rep 3 scalability -e1 10000 49
rep 3 scalability -e1 10000 48
rep 3 scalability -e1 10000 47
rep 3 scalability -e1 10000 46
rep 3 scalability -e1 10000 45
rep 3 scalability -e1 10000 44
rep 3 scalability -e1 10000 43
rep 3 scalability -e1 10000 42
rep 3 scalability -e1 10000 41
rep 3 scalability -e1 10000 40
rep 3 scalability -e1 10000 39
rep 3 scalability -e1 10000 38
rep 3 scalability -e1 10000 37
rep 3 scalability -e1 10000 36
rep 3 scalability -e1 10000 35
rep 3 scalability -e1 10000 34
rep 3 scalability -e1 10000 33
rep 3 scalability -e1 10000 32
rep 3 scalability -e1 10000 31
rep 3 scalability -e1 10000 30
rep 3 scalability -e1 10000 29
rep 3 scalability -e1 10000 28
rep 3 scalability -e1 10000 27
rep 3 scalability -e1 10000 26
rep 3 scalability -e1 10000 25
rep 3 scalability -e1 10000 24
rep 3 scalability -e1 10000 23
rep 3 scalability -e1 10000 22
rep 3 scalability -e1 10000 21
rep 3 scalability -e1 10000 20
rep 3 scalability -e1 10000 19
rep 3 scalability -e1 10000 18
rep 3 scalability -e1 10000 17
rep 3 scalability -e1 10000 16
rep 4 scalability -e1 10000 64
rep 4 scalability -e1 10000 63
rep 4 scalability -e1 10000 62
rep 4 scalability -e1 10000 61
rep 4 scalability -e1 10000 60
rep 4 scalability -e1 10000 59
rep 4 scalability -e1 10000 58
rep 4 scalability -e1 10000 57
rep 4 scalability -e1 10000 56
rep 4 scalability -e1 10000 55
rep 4 scalability -e1 10000 54
rep 4 scalability -e1 10000 53
rep 4 scalability -e1 10000 52
rep 4 scalability -e1 10000 51
rep 4 scalability -e1 10000 50
rep 4 scalability -e1 10000 49
rep 4 scalability -e1 10000 48
rep 4 scalability -e1 10000 47
rep 4 scalability -e1 10000 46
rep 4 scalability -e1 10000 45
rep 4 scalability -e1 10000 44
rep 4 scalability -e1 10000 43
rep 4 scalability -e1 10000 42
rep 4 scalability -e1 10000 41
rep 4 scalability -e1 10000 40
rep 4 scalability -e1 10000 39
rep 4 scalability -e1 10000 38
rep 4 scalability -e1 10000 37
rep 4 scalability -e1 10000 36
rep 4 scalability -e1 10000 35
rep 4 scalability -e1 10000 34
rep 4 scalability -e1 10000 33
rep 4 scalability -e1 10000 32
rep 4 scalability -e1 10000 31
rep 4 scalability -e1 10000 30
rep 4 scalability -e1 10000 29
rep 4 scalability -e1 10000 28
rep 4 scalability -e1 10000 27
rep 4 scalability -e1 10000 26
rep 4 scalability -e1 10000 25
rep 4 scalability -e1 10000 24
rep 4 scalability -e1 10000 23
rep 4 scalability -e1 10000 22
rep 4 scalability -e1 10000 21
rep 4 scalability -e1 10000 20
rep 4 scalability -e1 10000 19
rep 4 scalability -e1 10000 18
rep 4 scalability -e1 10000 17
rep 4 scalability -e1 10000 16
rep 5 scalability -e1 10000 64
rep 5 scalability -e1 10000 63
rep 5 scalability -e1 10000 62
rep 5 scalability -e1 10000 61
rep 5 scalability -e1 10000 60
rep 5 scalability -e1 10000 59
rep 5 scalability -e1 10000 58
rep 5 scalability -e1 10000 57
rep 5 scalability -e1 10000 56
rep 5 scalability -e1 10000 55
rep 5 scalability -e1 10000 54
rep 5 scalability -e1 10000 53
rep 5 scalability -e1 10000 52
rep 5 scalability -e1 10000 51
rep 5 scalability -e1 10000 50
rep 5 scalability -e1 10000 49
rep 5 scalability -e1 10000 48
rep 5 scalability -e1 10000 47
rep 5 scalability -e1 10000 46
rep 5 scalability -e1 10000 45
rep 5 scalability -e1 10000 44
rep 5 scalability -e1 10000 43
rep 5 scalability -e1 10000 42
rep 5 scalability -e1 10000 41
rep 5 scalability -e1 10000 40
rep 5 scalability -e1 10000 39
rep 5 scalability -e1 10000 38
rep 5 scalability -e1 10000 37
rep 5 scalability -e1 10000 36
rep 5 scalability -e1 10000 35
rep 5 scalability -e1 10000 34
rep 5 scalability -e1 10000 33
rep 5 scalability -e1 10000 32
rep 5 scalability -e1 10000 31
rep 5 scalability -e1 10000 30
rep 5 scalability -e1 10000 29
rep 5 scalability -e1 10000 28
rep 5 scalability -e1 10000 27
rep 5 scalability -e1 10000 26
rep 5 scalability -e1 10000 25
rep 5 scalability -e1 10000 24
rep 5 scalability -e1 10000 23
rep 5 scalability -e1 10000 22
rep 5 scalability -e1 10000 21
rep 5 scalability -e1 10000 20
rep 5 scalability -e1 10000 19
rep 5 scalability -e1 10000 18
rep 5 scalability -e1 10000 17
rep 5 scalability -e1 10000 16
rep 6 scalability -e1 10000 64
rep 6 scalability -e1 10000 63
rep 6 scalability -e1 10000 62
rep 6 scalability -e1 10000 61
rep 6 scalability -e1 10000 60
rep 6 scalability -e1 10000 59
rep 6 scalability -e1 10000 58
rep 6 scalability -e1 10000 57
rep 6 scalability -e1 10000 56
rep 6 scalability -e1 10000 55
rep 6 scalability -e1 10000 54
rep 6 scalability -e1 10000 53
rep 6 scalability -e1 10000 52
rep 6 scalability -e1 10000 51
rep 6 scalability -e1 10000 50
rep 6 scalability -e1 10000 49
rep 6 scalability -e1 10000 48
rep 6 scalability -e1 10000 47
rep 6 scalability -e1 10000 46
rep 6 scalability -e1 10000 45
rep 6 scalability -e1 10000 44
rep 6 scalability -e1 10000 43
rep 6 scalability -e1 10000 42
rep 6 scalability -e1 10000 41
rep 6 scalability -e1 10000 40
rep 6 scalability -e1 10000 39
rep 6 scalability -e1 10000 38
rep 6 scalability -e1 10000 37
rep 6 scalability -e1 10000 36
rep 6 scalability -e1 10000 35
rep 6 scalability -e1 10000 34
rep 6 scalability -e1 10000 33
rep 6 scalability -e1 10000 32
rep 6 scalability -e1 10000 31
rep 6 scalability -e1 10000 30
rep 6 scalability -e1 10000 29
rep 6 scalability -e1 10000 28
rep 6 scalability -e1 10000 27
rep 6 scalability -e1 10000 26
rep 6 scalability -e1 10000 25
rep 6 scalability -e1 10000 24
rep 6 scalability -e1 10000 23
rep 6 scalability -e1 10000 22
rep 6 scalability -e1 10000 21
rep 6 scalability -e1 10000 20
rep 6 scalability -e1 10000 19
rep 6 scalability -e1 10000 18
rep 6 scalability -e1 10000 17
rep 6 scalability -e1 10000 16
rep 7 scalability -e1 10000 64
rep 7 scalability -e1 10000 63
rep 7 scalability -e1 10000 62
rep 7 scalability -e1 10000 61
rep 7 scalability -e1 10000 60
rep 7 scalability -e1 10000 59
rep 7 scalability -e1 10000 58
rep 7 scalability -e1 10000 57
rep 7 scalability -e1 10000 56
rep 7 scalability -e1 10000 55
rep 7 scalability -e1 10000 54
rep 7 scalability -e1 10000 53
rep 7 scalability -e1 10000 52
rep 7 scalability -e1 10000 51
rep 7 scalability -e1 10000 50
rep 7 scalability -e1 10000 49
rep 7 scalability -e1 10000 48
rep 7 scalability -e1 10000 47
rep 7 scalability -e1 10000 46
rep 7 scalability -e1 10000 45
rep 7 scalability -e1 10000 44
rep 7 scalability -e1 10000 43
rep 7 scalability -e1 10000 42
rep 7 scalability -e1 10000 41
rep 7 scalability -e1 10000 40
rep 7 scalability -e1 10000 39
rep 7 scalability -e1 10000 38
rep 7 scalability -e1 10000 37
rep 7 scalability -e1 10000 36
rep 7 scalability -e1 10000 35
rep 7 scalability -e1 10000 34
rep 7 scalability -e1 10000 33
rep 7 scalability -e1 10000 32
rep 7 scalability -e1 10000 31
rep 7 scalability -e1 10000 30
rep 7 scalability -e1 10000 29
rep 7 scalability -e1 10000 28
rep 7 scalability -e1 10000 27
rep 7 scalability -e1 10000 26
rep 7 scalability -e1 10000 25
rep 7 scalability -e1 10000 24
rep 7 scalability -e1 10000 23
rep 7 scalability -e1 10000 22
rep 7 scalability -e1 10000 21
rep 7 scalability -e1 10000 20
rep 7 scalability -e1 10000 19
rep 7 scalability -e1 10000 18
rep 7 scalability -e1 10000 17
rep 7 scalability -e1 10000 16
rep 8 scalability -e1 10000 64
rep 8 scalability -e1 10000 63
rep 8 scalability -e1 10000 62
rep 8 scalability -e1 10000 61
rep 8 scalability -e1 10000 60
rep 8 scalability -e1 10000 59
rep 8 scalability -e1 10000 58
rep 8 scalability -e1 10000 57
rep 8 scalability -e1 10000 56
rep 8 scalability -e1 10000 55
rep 8 scalability -e1 10000 54
rep 8 scalability -e1 10000 53
rep 8 scalability -e1 10000 52
rep 8 scalability -e1 10000 51
rep 8 scalability -e1 10000 50
rep 8 scalability -e1 10000 49
rep 8 scalability -e1 10000 48
rep 8 scalability -e1 10000 47
rep 8 scalability -e1 10000 46
rep 8 scalability -e1 10000 45
rep 8 scalability -e1 10000 44
rep 8 scalability -e1 10000 43
rep 8 scalability -e1 10000 42
rep 8 scalability -e1 10000 41
rep 8 scalability -e1 10000 40
rep 8 scalability -e1 10000 39
rep 8 scalability -e1 10000 38
rep 8 scalability -e1 10000 37
rep 8 scalability -e1 10000 36
rep 8 scalability -e1 10000 35
rep 8 scalability -e1 10000 34
rep 8 scalability -e1 10000 33
rep 8 scalability -e1 10000 32
rep 8 scalability -e1 10000 31
rep 8 scalability -e1 10000 30
rep 8 scalability -e1 10000 29
rep 8 scalability -e1 10000 28
rep 8 scalability -e1 10000 27
rep 8 scalability -e1 10000 26
rep 8 scalability -e1 10000 25
rep 8 scalability -e1 10000 24
rep 8 scalability -e1 10000 23
rep 8 scalability -e1 10000 22
rep 8 scalability -e1 10000 21
rep 8 scalability -e1 10000 20
rep 8 scalability -e1 10000 19
rep 8 scalability -e1 10000 18
rep 8 scalability -e1 10000 17
rep 8 scalability -e1 10000 16
rep 9 scalability -e1 10000 64
rep 9 scalability -e1 10000 63
rep 9 scalability -e1 10000 62
rep 9 scalability -e1 10000 61
rep 9 scalability -e1 10000 60
rep 9 scalability -e1 10000 59
rep 9 scalability -e1 10000 58
rep 9 scalability -e1 10000 57
rep 9 scalability -e1 10000 56
rep 9 scalability -e1 10000 55
rep 9 scalability -e1 10000 54
rep 9 scalability -e1 10000 53
rep 9 scalability -e1 10000 52
rep 9 scalability -e1 10000 51
rep 9 scalability -e1 10000 50
rep 9 scalability -e1 10000 49
rep 9 scalability -e1 10000 48
rep 9 scalability -e1 10000 47
rep 9 scalability -e1 10000 46
rep 9 scalability -e1 10000 45
rep 9 scalability -e1 10000 44
rep 9 scalability -e1 10000 43
rep 9 scalability -e1 10000 42
rep 9 scalability -e1 10000 41
rep 9 scalability -e1 10000 40
rep 9 scalability -e1 10000 39
rep 9 scalability -e1 10000 38
rep 9 scalability -e1 10000 37
rep 9 scalability -e1 10000 36
rep 9 scalability -e1 10000 35
rep 9 scalability -e1 10000 34
rep 9 scalability -e1 10000 33
rep 9 scalability -e1 10000 32
rep 9 scalability -e1 10000 31
rep 9 scalability -e1 10000 30
rep 9 scalability -e1 10000 29
rep 9 scalability -e1 10000 28
rep 9 scalability -e1 10000 27
rep 9 scalability -e1 10000 26
rep 9 scalability -e1 10000 25
rep 9 scalability -e1 10000 24
rep 9 scalability -e1 10000 23
rep 9 scalability -e1 10000 22
rep 9 scalability -e1 10000 21
rep 9 scalability -e1 10000 20
rep 9 scalability -e1 10000 19
rep 9 scalability -e1 10000 18
rep 9 scalability -e1 10000 17
rep 9 scalability -e1 10000 16
rep 10 scalability -e1 10000 64
rep 10 scalability -e1 10000 63
rep 10 scalability -e1 10000 62
rep 10 scalability -e1 10000 61
rep 10 scalability -e1 10000 60
rep 10 scalability -e1 10000 59
rep 10 scalability -e1 10000 58
rep 10 scalability -e1 10000 57
rep 10 scalability -e1 10000 56
rep 10 scalability -e1 10000 55
rep 10 scalability -e1 10000 54
rep 10 scalability -e1 10000 53
rep 10 scalability -e1 10000 52
rep 10 scalability -e1 10000 51
rep 10 scalability -e1 10000 50
rep 10 scalability -e1 10000 49
rep 10 scalability -e1 10000 48
rep 10 scalability -e1 10000 47
rep 10 scalability -e1 10000 46
rep 10 scalability -e1 10000 45
rep 10 scalability -e1 10000 44
rep 10 scalability -e1 10000 43
rep 10 scalability -e1 10000 42
rep 10 scalability -e1 10000 41
rep 10 scalability -e1 10000 40
rep 10 scalability -e1 10000 39
rep 10 scalability -e1 10000 38
rep 10 scalability -e1 10000 37
rep 10 scalability -e1 10000 36
rep 10 scalability -e1 10000 35
rep 10 scalability -e1 10000 34
rep 10 scalability -e1 10000 33
rep 10 scalability -e1 10000 32
rep 10 scalability -e1 10000 31
rep 10 scalability -e1 10000 30
rep 10 scalability -e1 10000 29
rep 10 scalability -e1 10000 28
rep 10 scalability -e1 10000 27
rep 10 scalability -e1 10000 26
rep 10 scalability -e1 10000 25
rep 10 scalability -e1 10000 24
rep 10 scalability -e1 10000 23
rep 10 scalability -e1 10000 22
rep 10 scalability -e1 10000 21
rep 10 scalability -e1 10000 20
rep 10 scalability -e1 10000 19
rep 10 scalability -e1 10000 18
rep 10 scalability -e1 10000 17
rep 10 scalability -e1 10000 16
scalability end
