Selected type of execution: i
make: Nothing to be done for 'all'.
scale_omp_epyc_epyc008_2023-06-16_14-14-18.csv epyc008 2023-06-16_14-14-18
OMP scalability begin
rep 1 scalability -i 50000 1
rep 1 scalability -i 50000 2
rep 1 scalability -i 50000 3
rep 1 scalability -i 50000 4
rep 1 scalability -i 50000 5
rep 1 scalability -i 50000 6
rep 1 scalability -i 50000 7
rep 1 scalability -i 50000 8
rep 1 scalability -i 50000 9
rep 1 scalability -i 50000 10
rep 1 scalability -i 50000 11
rep 1 scalability -i 50000 12
rep 1 scalability -i 50000 13
rep 1 scalability -i 50000 14
rep 1 scalability -i 50000 15
rep 1 scalability -i 50000 16
rep 1 scalability -i 50000 17
rep 1 scalability -i 50000 18
rep 1 scalability -i 50000 19
slurmstepd: error: *** JOB 12889 ON epyc008 CANCELLED AT 2023-06-16T16:14:46 DUE TO TIME LIMIT ***
