Selected type of execution: 1
make: Nothing to be done for 'all'.
scale_mpi_epyc_epyc004_2023-06-13_06-06-32.csv epyc004 2023-06-13_06-06-32
MPI scalability begin
rep 1 scalability -e1 10000 1
rep 1 scalability -e1 10000 2
rep 1 scalability -e1 10000 3
rep 1 scalability -e1 10000 4
rep 1 scalability -e1 10000 5
rep 1 scalability -e1 10000 6
rep 1 scalability -e1 10000 7
rep 1 scalability -e1 10000 8
rep 1 scalability -e1 10000 9
rep 1 scalability -e1 10000 10
rep 1 scalability -e1 10000 11
rep 1 scalability -e1 10000 12
rep 1 scalability -e1 10000 13
rep 1 scalability -e1 10000 14
rep 1 scalability -e1 10000 15
rep 1 scalability -e1 10000 16
rep 1 scalability -e1 10000 17
rep 1 scalability -e1 10000 18
rep 1 scalability -e1 10000 19
rep 1 scalability -e1 10000 20
rep 1 scalability -e1 10000 21
rep 1 scalability -e1 10000 22
rep 1 scalability -e1 10000 23
rep 1 scalability -e1 10000 24
rep 1 scalability -e1 10000 25
rep 1 scalability -e1 10000 26
rep 1 scalability -e1 10000 27
rep 1 scalability -e1 10000 28
rep 1 scalability -e1 10000 29
rep 1 scalability -e1 10000 30
rep 1 scalability -e1 10000 31
rep 1 scalability -e1 10000 32
rep 1 scalability -e1 10000 33
rep 1 scalability -e1 10000 34
rep 1 scalability -e1 10000 35
rep 1 scalability -e1 10000 36
rep 1 scalability -e1 10000 37
rep 1 scalability -e1 10000 38
rep 1 scalability -e1 10000 39
rep 1 scalability -e1 10000 40
rep 1 scalability -e1 10000 41
rep 1 scalability -e1 10000 42
rep 1 scalability -e1 10000 43
rep 1 scalability -e1 10000 44
rep 1 scalability -e1 10000 45
rep 1 scalability -e1 10000 46
rep 1 scalability -e1 10000 47
rep 1 scalability -e1 10000 48
rep 1 scalability -e1 10000 49
rep 1 scalability -e1 10000 50
rep 1 scalability -e1 10000 51
rep 1 scalability -e1 10000 52
rep 1 scalability -e1 10000 53
rep 1 scalability -e1 10000 54
rep 1 scalability -e1 10000 55
rep 1 scalability -e1 10000 56
rep 1 scalability -e1 10000 57
rep 1 scalability -e1 10000 58
rep 1 scalability -e1 10000 59
rep 1 scalability -e1 10000 60
rep 1 scalability -e1 10000 61
rep 1 scalability -e1 10000 62
rep 1 scalability -e1 10000 63
rep 1 scalability -e1 10000 64
rep 1 scalability -e1 1000 1
rep 1 scalability -e1 1000 2
rep 1 scalability -e1 1000 3
rep 1 scalability -e1 1000 4
rep 1 scalability -e1 1000 5
rep 1 scalability -e1 1000 6
rep 1 scalability -e1 1000 7
rep 1 scalability -e1 1000 8
rep 1 scalability -e1 1000 9
rep 1 scalability -e1 1000 10
rep 1 scalability -e1 1000 11
rep 1 scalability -e1 1000 12
rep 1 scalability -e1 1000 13
rep 1 scalability -e1 1000 14
rep 1 scalability -e1 1000 15
rep 1 scalability -e1 1000 16
rep 1 scalability -e1 1000 17
rep 1 scalability -e1 1000 18
rep 1 scalability -e1 1000 19
rep 1 scalability -e1 1000 20
rep 1 scalability -e1 1000 21
rep 1 scalability -e1 1000 22
rep 1 scalability -e1 1000 23
rep 1 scalability -e1 1000 24
rep 1 scalability -e1 1000 25
rep 1 scalability -e1 1000 26
rep 1 scalability -e1 1000 27
rep 1 scalability -e1 1000 28
rep 1 scalability -e1 1000 29
rep 1 scalability -e1 1000 30
rep 1 scalability -e1 1000 31
rep 1 scalability -e1 1000 32
rep 1 scalability -e1 1000 33
rep 1 scalability -e1 1000 34
rep 1 scalability -e1 1000 35
rep 1 scalability -e1 1000 36
rep 1 scalability -e1 1000 37
rep 1 scalability -e1 1000 38
rep 1 scalability -e1 1000 39
rep 1 scalability -e1 1000 40
rep 1 scalability -e1 1000 41
rep 1 scalability -e1 1000 42
rep 1 scalability -e1 1000 43
rep 1 scalability -e1 1000 44
rep 1 scalability -e1 1000 45
rep 1 scalability -e1 1000 46
rep 1 scalability -e1 1000 47
rep 1 scalability -e1 1000 48
rep 1 scalability -e1 1000 49
rep 1 scalability -e1 1000 50
rep 1 scalability -e1 1000 51
rep 1 scalability -e1 1000 52
rep 1 scalability -e1 1000 53
rep 1 scalability -e1 1000 54
rep 1 scalability -e1 1000 55
rep 1 scalability -e1 1000 56
rep 1 scalability -e1 1000 57
rep 1 scalability -e1 1000 58
rep 1 scalability -e1 1000 59
rep 1 scalability -e1 1000 60
rep 1 scalability -e1 1000 61
rep 1 scalability -e1 1000 62
rep 1 scalability -e1 1000 63
rep 1 scalability -e1 1000 64
rep 1 scalability -e1 100 1
rep 1 scalability -e1 100 2
rep 1 scalability -e1 100 3
rep 1 scalability -e1 100 4
rep 1 scalability -e1 100 5
rep 1 scalability -e1 100 6
rep 1 scalability -e1 100 7
rep 1 scalability -e1 100 8
rep 1 scalability -e1 100 9
rep 1 scalability -e1 100 10
rep 1 scalability -e1 100 11
rep 1 scalability -e1 100 12
rep 1 scalability -e1 100 13
rep 1 scalability -e1 100 14
rep 1 scalability -e1 100 15
rep 1 scalability -e1 100 16
rep 1 scalability -e1 100 17
rep 1 scalability -e1 100 18
rep 1 scalability -e1 100 19
rep 1 scalability -e1 100 20
rep 1 scalability -e1 100 21
rep 1 scalability -e1 100 22
rep 1 scalability -e1 100 23
rep 1 scalability -e1 100 24
rep 1 scalability -e1 100 25
rep 1 scalability -e1 100 26
rep 1 scalability -e1 100 27
rep 1 scalability -e1 100 28
rep 1 scalability -e1 100 29
rep 1 scalability -e1 100 30
rep 1 scalability -e1 100 31
rep 1 scalability -e1 100 32
rep 1 scalability -e1 100 33
rep 1 scalability -e1 100 34
rep 1 scalability -e1 100 35
rep 1 scalability -e1 100 36
rep 1 scalability -e1 100 37
rep 1 scalability -e1 100 38
rep 1 scalability -e1 100 39
rep 1 scalability -e1 100 40
rep 1 scalability -e1 100 41
rep 1 scalability -e1 100 42
rep 1 scalability -e1 100 43
rep 1 scalability -e1 100 44
rep 1 scalability -e1 100 45
rep 1 scalability -e1 100 46
rep 1 scalability -e1 100 47
rep 1 scalability -e1 100 48
rep 1 scalability -e1 100 49
rep 1 scalability -e1 100 50
rep 1 scalability -e1 100 51
rep 1 scalability -e1 100 52
rep 1 scalability -e1 100 53
rep 1 scalability -e1 100 54
rep 1 scalability -e1 100 55
rep 1 scalability -e1 100 56
rep 1 scalability -e1 100 57
rep 1 scalability -e1 100 58
rep 1 scalability -e1 100 59
rep 1 scalability -e1 100 60
rep 1 scalability -e1 100 61
rep 1 scalability -e1 100 62
rep 1 scalability -e1 100 63
rep 1 scalability -e1 100 64
rep 2 scalability -e1 10000 1
rep 2 scalability -e1 10000 2
rep 2 scalability -e1 10000 3
rep 2 scalability -e1 10000 4
rep 2 scalability -e1 10000 5
rep 2 scalability -e1 10000 6
rep 2 scalability -e1 10000 7
rep 2 scalability -e1 10000 8
rep 2 scalability -e1 10000 9
rep 2 scalability -e1 10000 10
rep 2 scalability -e1 10000 11
rep 2 scalability -e1 10000 12
rep 2 scalability -e1 10000 13
rep 2 scalability -e1 10000 14
rep 2 scalability -e1 10000 15
rep 2 scalability -e1 10000 16
rep 2 scalability -e1 10000 17
rep 2 scalability -e1 10000 18
rep 2 scalability -e1 10000 19
rep 2 scalability -e1 10000 20
rep 2 scalability -e1 10000 21
rep 2 scalability -e1 10000 22
rep 2 scalability -e1 10000 23
rep 2 scalability -e1 10000 24
rep 2 scalability -e1 10000 25
rep 2 scalability -e1 10000 26
rep 2 scalability -e1 10000 27
rep 2 scalability -e1 10000 28
rep 2 scalability -e1 10000 29
rep 2 scalability -e1 10000 30
rep 2 scalability -e1 10000 31
rep 2 scalability -e1 10000 32
rep 2 scalability -e1 10000 33
rep 2 scalability -e1 10000 34
rep 2 scalability -e1 10000 35
rep 2 scalability -e1 10000 36
rep 2 scalability -e1 10000 37
rep 2 scalability -e1 10000 38
rep 2 scalability -e1 10000 39
rep 2 scalability -e1 10000 40
rep 2 scalability -e1 10000 41
rep 2 scalability -e1 10000 42
rep 2 scalability -e1 10000 43
rep 2 scalability -e1 10000 44
rep 2 scalability -e1 10000 45
rep 2 scalability -e1 10000 46
rep 2 scalability -e1 10000 47
rep 2 scalability -e1 10000 48
rep 2 scalability -e1 10000 49
rep 2 scalability -e1 10000 50
rep 2 scalability -e1 10000 51
rep 2 scalability -e1 10000 52
rep 2 scalability -e1 10000 53
rep 2 scalability -e1 10000 54
rep 2 scalability -e1 10000 55
rep 2 scalability -e1 10000 56
rep 2 scalability -e1 10000 57
rep 2 scalability -e1 10000 58
rep 2 scalability -e1 10000 59
rep 2 scalability -e1 10000 60
rep 2 scalability -e1 10000 61
rep 2 scalability -e1 10000 62
rep 2 scalability -e1 10000 63
rep 2 scalability -e1 10000 64
rep 2 scalability -e1 1000 1
rep 2 scalability -e1 1000 2
rep 2 scalability -e1 1000 3
rep 2 scalability -e1 1000 4
rep 2 scalability -e1 1000 5
rep 2 scalability -e1 1000 6
rep 2 scalability -e1 1000 7
rep 2 scalability -e1 1000 8
rep 2 scalability -e1 1000 9
rep 2 scalability -e1 1000 10
rep 2 scalability -e1 1000 11
rep 2 scalability -e1 1000 12
rep 2 scalability -e1 1000 13
rep 2 scalability -e1 1000 14
rep 2 scalability -e1 1000 15
rep 2 scalability -e1 1000 16
rep 2 scalability -e1 1000 17
rep 2 scalability -e1 1000 18
rep 2 scalability -e1 1000 19
rep 2 scalability -e1 1000 20
rep 2 scalability -e1 1000 21
rep 2 scalability -e1 1000 22
rep 2 scalability -e1 1000 23
rep 2 scalability -e1 1000 24
rep 2 scalability -e1 1000 25
rep 2 scalability -e1 1000 26
rep 2 scalability -e1 1000 27
rep 2 scalability -e1 1000 28
rep 2 scalability -e1 1000 29
rep 2 scalability -e1 1000 30
rep 2 scalability -e1 1000 31
rep 2 scalability -e1 1000 32
rep 2 scalability -e1 1000 33
rep 2 scalability -e1 1000 34
rep 2 scalability -e1 1000 35
rep 2 scalability -e1 1000 36
rep 2 scalability -e1 1000 37
rep 2 scalability -e1 1000 38
rep 2 scalability -e1 1000 39
rep 2 scalability -e1 1000 40
rep 2 scalability -e1 1000 41
rep 2 scalability -e1 1000 42
rep 2 scalability -e1 1000 43
rep 2 scalability -e1 1000 44
rep 2 scalability -e1 1000 45
rep 2 scalability -e1 1000 46
rep 2 scalability -e1 1000 47
rep 2 scalability -e1 1000 48
rep 2 scalability -e1 1000 49
rep 2 scalability -e1 1000 50
rep 2 scalability -e1 1000 51
rep 2 scalability -e1 1000 52
rep 2 scalability -e1 1000 53
rep 2 scalability -e1 1000 54
rep 2 scalability -e1 1000 55
rep 2 scalability -e1 1000 56
rep 2 scalability -e1 1000 57
rep 2 scalability -e1 1000 58
rep 2 scalability -e1 1000 59
rep 2 scalability -e1 1000 60
rep 2 scalability -e1 1000 61
rep 2 scalability -e1 1000 62
rep 2 scalability -e1 1000 63
rep 2 scalability -e1 1000 64
rep 2 scalability -e1 100 1
rep 2 scalability -e1 100 2
rep 2 scalability -e1 100 3
rep 2 scalability -e1 100 4
rep 2 scalability -e1 100 5
rep 2 scalability -e1 100 6
rep 2 scalability -e1 100 7
rep 2 scalability -e1 100 8
rep 2 scalability -e1 100 9
rep 2 scalability -e1 100 10
rep 2 scalability -e1 100 11
rep 2 scalability -e1 100 12
rep 2 scalability -e1 100 13
rep 2 scalability -e1 100 14
rep 2 scalability -e1 100 15
rep 2 scalability -e1 100 16
rep 2 scalability -e1 100 17
rep 2 scalability -e1 100 18
rep 2 scalability -e1 100 19
rep 2 scalability -e1 100 20
rep 2 scalability -e1 100 21
rep 2 scalability -e1 100 22
rep 2 scalability -e1 100 23
rep 2 scalability -e1 100 24
rep 2 scalability -e1 100 25
rep 2 scalability -e1 100 26
rep 2 scalability -e1 100 27
rep 2 scalability -e1 100 28
rep 2 scalability -e1 100 29
rep 2 scalability -e1 100 30
rep 2 scalability -e1 100 31
rep 2 scalability -e1 100 32
rep 2 scalability -e1 100 33
rep 2 scalability -e1 100 34
rep 2 scalability -e1 100 35
rep 2 scalability -e1 100 36
rep 2 scalability -e1 100 37
rep 2 scalability -e1 100 38
rep 2 scalability -e1 100 39
rep 2 scalability -e1 100 40
rep 2 scalability -e1 100 41
rep 2 scalability -e1 100 42
rep 2 scalability -e1 100 43
rep 2 scalability -e1 100 44
rep 2 scalability -e1 100 45
rep 2 scalability -e1 100 46
rep 2 scalability -e1 100 47
rep 2 scalability -e1 100 48
rep 2 scalability -e1 100 49
rep 2 scalability -e1 100 50
rep 2 scalability -e1 100 51
rep 2 scalability -e1 100 52
rep 2 scalability -e1 100 53
rep 2 scalability -e1 100 54
rep 2 scalability -e1 100 55
rep 2 scalability -e1 100 56
rep 2 scalability -e1 100 57
rep 2 scalability -e1 100 58
rep 2 scalability -e1 100 59
rep 2 scalability -e1 100 60
rep 2 scalability -e1 100 61
rep 2 scalability -e1 100 62
rep 2 scalability -e1 100 63
rep 2 scalability -e1 100 64
rep 3 scalability -e1 10000 1
rep 3 scalability -e1 10000 2
rep 3 scalability -e1 10000 3
rep 3 scalability -e1 10000 4
rep 3 scalability -e1 10000 5
rep 3 scalability -e1 10000 6
rep 3 scalability -e1 10000 7
rep 3 scalability -e1 10000 8
rep 3 scalability -e1 10000 9
rep 3 scalability -e1 10000 10
rep 3 scalability -e1 10000 11
rep 3 scalability -e1 10000 12
rep 3 scalability -e1 10000 13
rep 3 scalability -e1 10000 14
rep 3 scalability -e1 10000 15
rep 3 scalability -e1 10000 16
rep 3 scalability -e1 10000 17
rep 3 scalability -e1 10000 18
rep 3 scalability -e1 10000 19
rep 3 scalability -e1 10000 20
rep 3 scalability -e1 10000 21
rep 3 scalability -e1 10000 22
rep 3 scalability -e1 10000 23
rep 3 scalability -e1 10000 24
rep 3 scalability -e1 10000 25
rep 3 scalability -e1 10000 26
rep 3 scalability -e1 10000 27
rep 3 scalability -e1 10000 28
slurmstepd: error: *** JOB 12136 ON epyc004 CANCELLED AT 2023-06-13T08:06:40 DUE TO TIME LIMIT ***
