Selected type of execution: 1
make: Nothing to be done for 'all'.
scale_omp_epyc_epyc002_2023-06-22_00-10-57.csv epyc002 2023-06-22_00-10-57
OMP scalability begin
rep 1 scalability -e1 25000 64
rep 1 scalability -e1 25000 63
rep 1 scalability -e1 25000 62
rep 1 scalability -e1 25000 61
rep 1 scalability -e1 25000 60
rep 1 scalability -e1 25000 59
rep 1 scalability -e1 25000 58
rep 1 scalability -e1 25000 57
rep 1 scalability -e1 25000 56
rep 1 scalability -e1 25000 55
rep 1 scalability -e1 25000 54
rep 1 scalability -e1 25000 53
rep 1 scalability -e1 25000 52
rep 1 scalability -e1 25000 51
rep 1 scalability -e1 25000 50
rep 1 scalability -e1 25000 49
rep 1 scalability -e1 25000 48
rep 1 scalability -e1 25000 47
rep 1 scalability -e1 25000 46
rep 1 scalability -e1 25000 45
rep 1 scalability -e1 25000 44
rep 1 scalability -e1 25000 43
rep 1 scalability -e1 25000 42
rep 1 scalability -e1 25000 41
rep 1 scalability -e1 25000 40
rep 1 scalability -e1 25000 39
rep 1 scalability -e1 25000 38
rep 1 scalability -e1 25000 37
rep 1 scalability -e1 25000 36
rep 1 scalability -e1 25000 35
rep 1 scalability -e1 30000 64
rep 1 scalability -e1 30000 63
rep 1 scalability -e1 30000 62
rep 1 scalability -e1 30000 61
rep 1 scalability -e1 30000 60
rep 1 scalability -e1 30000 59
rep 1 scalability -e1 30000 58
rep 1 scalability -e1 30000 57
rep 1 scalability -e1 30000 56
rep 1 scalability -e1 30000 55
rep 1 scalability -e1 30000 54
rep 1 scalability -e1 30000 53
rep 1 scalability -e1 30000 52
rep 1 scalability -e1 30000 51
rep 1 scalability -e1 30000 50
rep 1 scalability -e1 30000 49
rep 1 scalability -e1 30000 48
rep 1 scalability -e1 30000 47
rep 1 scalability -e1 30000 46
rep 1 scalability -e1 30000 45
rep 1 scalability -e1 30000 44
rep 1 scalability -e1 30000 43
rep 1 scalability -e1 30000 42
rep 1 scalability -e1 30000 41
rep 1 scalability -e1 30000 40
rep 1 scalability -e1 30000 39
rep 1 scalability -e1 30000 38
rep 1 scalability -e1 30000 37
rep 1 scalability -e1 30000 36
rep 1 scalability -e1 30000 35
rep 2 scalability -e1 25000 64
rep 2 scalability -e1 25000 63
rep 2 scalability -e1 25000 62
rep 2 scalability -e1 25000 61
rep 2 scalability -e1 25000 60
rep 2 scalability -e1 25000 59
rep 2 scalability -e1 25000 58
rep 2 scalability -e1 25000 57
rep 2 scalability -e1 25000 56
rep 2 scalability -e1 25000 55
rep 2 scalability -e1 25000 54
rep 2 scalability -e1 25000 53
rep 2 scalability -e1 25000 52
rep 2 scalability -e1 25000 51
rep 2 scalability -e1 25000 50
rep 2 scalability -e1 25000 49
rep 2 scalability -e1 25000 48
rep 2 scalability -e1 25000 47
rep 2 scalability -e1 25000 46
rep 2 scalability -e1 25000 45
rep 2 scalability -e1 25000 44
rep 2 scalability -e1 25000 43
rep 2 scalability -e1 25000 42
rep 2 scalability -e1 25000 41
rep 2 scalability -e1 25000 40
rep 2 scalability -e1 25000 39
rep 2 scalability -e1 25000 38
rep 2 scalability -e1 25000 37
rep 2 scalability -e1 25000 36
rep 2 scalability -e1 25000 35
rep 2 scalability -e1 30000 64
rep 2 scalability -e1 30000 63
rep 2 scalability -e1 30000 62
rep 2 scalability -e1 30000 61
rep 2 scalability -e1 30000 60
rep 2 scalability -e1 30000 59
rep 2 scalability -e1 30000 58
rep 2 scalability -e1 30000 57
rep 2 scalability -e1 30000 56
rep 2 scalability -e1 30000 55
rep 2 scalability -e1 30000 54
rep 2 scalability -e1 30000 53
rep 2 scalability -e1 30000 52
rep 2 scalability -e1 30000 51
rep 2 scalability -e1 30000 50
rep 2 scalability -e1 30000 49
rep 2 scalability -e1 30000 48
rep 2 scalability -e1 30000 47
rep 2 scalability -e1 30000 46
rep 2 scalability -e1 30000 45
rep 2 scalability -e1 30000 44
rep 2 scalability -e1 30000 43
rep 2 scalability -e1 30000 42
rep 2 scalability -e1 30000 41
rep 2 scalability -e1 30000 40
rep 2 scalability -e1 30000 39
rep 2 scalability -e1 30000 38
rep 2 scalability -e1 30000 37
rep 2 scalability -e1 30000 36
rep 2 scalability -e1 30000 35
rep 3 scalability -e1 25000 64
rep 3 scalability -e1 25000 63
rep 3 scalability -e1 25000 62
rep 3 scalability -e1 25000 61
rep 3 scalability -e1 25000 60
rep 3 scalability -e1 25000 59
rep 3 scalability -e1 25000 58
rep 3 scalability -e1 25000 57
rep 3 scalability -e1 25000 56
rep 3 scalability -e1 25000 55
rep 3 scalability -e1 25000 54
rep 3 scalability -e1 25000 53
rep 3 scalability -e1 25000 52
rep 3 scalability -e1 25000 51
rep 3 scalability -e1 25000 50
rep 3 scalability -e1 25000 49
rep 3 scalability -e1 25000 48
rep 3 scalability -e1 25000 47
rep 3 scalability -e1 25000 46
rep 3 scalability -e1 25000 45
rep 3 scalability -e1 25000 44
rep 3 scalability -e1 25000 43
rep 3 scalability -e1 25000 42
rep 3 scalability -e1 25000 41
rep 3 scalability -e1 25000 40
rep 3 scalability -e1 25000 39
rep 3 scalability -e1 25000 38
rep 3 scalability -e1 25000 37
rep 3 scalability -e1 25000 36
rep 3 scalability -e1 25000 35
rep 3 scalability -e1 30000 64
rep 3 scalability -e1 30000 63
rep 3 scalability -e1 30000 62
rep 3 scalability -e1 30000 61
rep 3 scalability -e1 30000 60
rep 3 scalability -e1 30000 59
rep 3 scalability -e1 30000 58
rep 3 scalability -e1 30000 57
rep 3 scalability -e1 30000 56
rep 3 scalability -e1 30000 55
rep 3 scalability -e1 30000 54
rep 3 scalability -e1 30000 53
rep 3 scalability -e1 30000 52
rep 3 scalability -e1 30000 51
rep 3 scalability -e1 30000 50
rep 3 scalability -e1 30000 49
rep 3 scalability -e1 30000 48
rep 3 scalability -e1 30000 47
rep 3 scalability -e1 30000 46
rep 3 scalability -e1 30000 45
rep 3 scalability -e1 30000 44
rep 3 scalability -e1 30000 43
rep 3 scalability -e1 30000 42
rep 3 scalability -e1 30000 41
rep 3 scalability -e1 30000 40
rep 3 scalability -e1 30000 39
rep 3 scalability -e1 30000 38
rep 3 scalability -e1 30000 37
rep 3 scalability -e1 30000 36
rep 3 scalability -e1 30000 35
rep 4 scalability -e1 25000 64
rep 4 scalability -e1 25000 63
rep 4 scalability -e1 25000 62
rep 4 scalability -e1 25000 61
rep 4 scalability -e1 25000 60
rep 4 scalability -e1 25000 59
rep 4 scalability -e1 25000 58
rep 4 scalability -e1 25000 57
rep 4 scalability -e1 25000 56
rep 4 scalability -e1 25000 55
rep 4 scalability -e1 25000 54
rep 4 scalability -e1 25000 53
rep 4 scalability -e1 25000 52
rep 4 scalability -e1 25000 51
rep 4 scalability -e1 25000 50
rep 4 scalability -e1 25000 49
rep 4 scalability -e1 25000 48
rep 4 scalability -e1 25000 47
rep 4 scalability -e1 25000 46
rep 4 scalability -e1 25000 45
rep 4 scalability -e1 25000 44
rep 4 scalability -e1 25000 43
rep 4 scalability -e1 25000 42
rep 4 scalability -e1 25000 41
rep 4 scalability -e1 25000 40
rep 4 scalability -e1 25000 39
rep 4 scalability -e1 25000 38
rep 4 scalability -e1 25000 37
rep 4 scalability -e1 25000 36
rep 4 scalability -e1 25000 35
rep 4 scalability -e1 30000 64
rep 4 scalability -e1 30000 63
slurmstepd: error: *** JOB 13499 ON epyc002 CANCELLED AT 2023-06-22T02:11:24 DUE TO TIME LIMIT ***
