Selected type of execution: 1
make: Nothing to be done for 'all'.
scale_mpi_epyc_epyc004_2023-06-26_09-35-35.csv epyc004 2023-06-26_09-35-35
MPI scalability begin
rep 1 scalability -e1 25000 256
rep 1 scalability -e1 25000 255
rep 1 scalability -e1 25000 254
rep 1 scalability -e1 25000 253
rep 1 scalability -e1 25000 252
rep 1 scalability -e1 25000 251
rep 1 scalability -e1 25000 250
rep 1 scalability -e1 25000 249
rep 1 scalability -e1 25000 248
rep 1 scalability -e1 25000 247
rep 1 scalability -e1 25000 246
rep 1 scalability -e1 25000 245
rep 1 scalability -e1 25000 244
rep 1 scalability -e1 25000 243
rep 1 scalability -e1 25000 242
rep 1 scalability -e1 25000 241
rep 1 scalability -e1 25000 240
rep 1 scalability -e1 25000 239
rep 1 scalability -e1 25000 238
rep 1 scalability -e1 25000 237
rep 1 scalability -e1 25000 236
rep 1 scalability -e1 25000 235
rep 1 scalability -e1 25000 234
rep 1 scalability -e1 25000 233
rep 1 scalability -e1 25000 232
rep 1 scalability -e1 25000 231
rep 1 scalability -e1 25000 230
rep 1 scalability -e1 25000 229
rep 1 scalability -e1 25000 228
rep 1 scalability -e1 25000 227
rep 1 scalability -e1 25000 226
rep 1 scalability -e1 25000 225
rep 1 scalability -e1 25000 224
rep 1 scalability -e1 25000 223
rep 1 scalability -e1 25000 222
rep 1 scalability -e1 25000 221
rep 1 scalability -e1 25000 220
rep 1 scalability -e1 25000 219
rep 1 scalability -e1 25000 218
rep 1 scalability -e1 25000 217
rep 1 scalability -e1 25000 216
rep 1 scalability -e1 25000 215
rep 1 scalability -e1 25000 214
rep 1 scalability -e1 25000 213
rep 1 scalability -e1 25000 212
rep 1 scalability -e1 25000 211
rep 1 scalability -e1 25000 210
rep 1 scalability -e1 25000 209
rep 1 scalability -e1 25000 208
rep 1 scalability -e1 25000 207
rep 1 scalability -e1 25000 206
rep 1 scalability -e1 25000 205
rep 1 scalability -e1 25000 204
rep 1 scalability -e1 25000 203
rep 1 scalability -e1 25000 202
rep 1 scalability -e1 25000 201
rep 1 scalability -e1 25000 200
rep 1 scalability -e1 25000 199
rep 1 scalability -e1 25000 198
rep 1 scalability -e1 25000 197
rep 1 scalability -e1 25000 196
rep 1 scalability -e1 25000 195
rep 1 scalability -e1 25000 194
rep 1 scalability -e1 25000 193
rep 1 scalability -e1 25000 192
rep 1 scalability -e1 25000 191
rep 1 scalability -e1 25000 190
rep 1 scalability -e1 25000 189
rep 1 scalability -e1 25000 188
rep 1 scalability -e1 25000 187
rep 1 scalability -e1 25000 186
rep 1 scalability -e1 25000 185
rep 1 scalability -e1 25000 184
rep 1 scalability -e1 25000 183
rep 1 scalability -e1 25000 182
rep 1 scalability -e1 25000 181
rep 1 scalability -e1 25000 180
rep 1 scalability -e1 25000 179
rep 1 scalability -e1 25000 178
rep 1 scalability -e1 25000 177
rep 1 scalability -e1 25000 176
rep 1 scalability -e1 25000 175
rep 1 scalability -e1 25000 174
rep 1 scalability -e1 25000 173
rep 1 scalability -e1 25000 172
rep 1 scalability -e1 25000 171
rep 1 scalability -e1 25000 170
rep 1 scalability -e1 25000 169
rep 1 scalability -e1 25000 168
rep 1 scalability -e1 25000 167
rep 1 scalability -e1 25000 166
rep 1 scalability -e1 25000 165
rep 1 scalability -e1 25000 164
rep 1 scalability -e1 25000 163
rep 1 scalability -e1 25000 162
rep 1 scalability -e1 25000 161
rep 1 scalability -e1 25000 160
rep 1 scalability -e1 25000 159
rep 1 scalability -e1 25000 158
rep 1 scalability -e1 25000 157
rep 1 scalability -e1 25000 156
rep 1 scalability -e1 25000 155
rep 1 scalability -e1 25000 154
rep 1 scalability -e1 25000 153
rep 1 scalability -e1 25000 152
rep 1 scalability -e1 25000 151
rep 1 scalability -e1 25000 150
rep 1 scalability -e1 25000 149
rep 1 scalability -e1 25000 148
rep 1 scalability -e1 25000 147
rep 1 scalability -e1 25000 146
rep 1 scalability -e1 25000 145
rep 1 scalability -e1 25000 144
rep 1 scalability -e1 25000 143
rep 1 scalability -e1 25000 142
rep 1 scalability -e1 25000 141
rep 1 scalability -e1 25000 140
rep 1 scalability -e1 25000 139
rep 1 scalability -e1 25000 138
rep 1 scalability -e1 25000 137
rep 1 scalability -e1 25000 136
rep 1 scalability -e1 25000 135
rep 1 scalability -e1 25000 134
rep 1 scalability -e1 25000 133
rep 1 scalability -e1 25000 132
rep 1 scalability -e1 25000 131
rep 1 scalability -e1 25000 130
rep 1 scalability -e1 25000 129
rep 1 scalability -e1 25000 128
rep 1 scalability -e1 25000 127
rep 1 scalability -e1 25000 126
rep 1 scalability -e1 25000 125
rep 1 scalability -e1 25000 124
rep 1 scalability -e1 25000 123
rep 1 scalability -e1 25000 122
rep 1 scalability -e1 25000 121
rep 1 scalability -e1 25000 120
rep 1 scalability -e1 25000 119
rep 1 scalability -e1 25000 118
rep 1 scalability -e1 25000 117
rep 1 scalability -e1 25000 116
rep 1 scalability -e1 25000 115
rep 1 scalability -e1 25000 114
rep 1 scalability -e1 25000 113
rep 1 scalability -e1 25000 112
rep 1 scalability -e1 25000 111
rep 1 scalability -e1 25000 110
rep 1 scalability -e1 25000 109
rep 1 scalability -e1 25000 108
rep 1 scalability -e1 25000 107
rep 1 scalability -e1 25000 106
rep 1 scalability -e1 25000 105
rep 1 scalability -e1 25000 104
rep 1 scalability -e1 25000 103
rep 1 scalability -e1 25000 102
rep 1 scalability -e1 25000 101
rep 1 scalability -e1 25000 100
rep 1 scalability -e1 25000 99
rep 1 scalability -e1 25000 98
rep 1 scalability -e1 25000 97
rep 1 scalability -e1 25000 96
rep 1 scalability -e1 25000 95
rep 1 scalability -e1 25000 94
rep 1 scalability -e1 25000 93
rep 1 scalability -e1 25000 92
rep 1 scalability -e1 25000 91
rep 1 scalability -e1 25000 90
rep 1 scalability -e1 25000 89
rep 1 scalability -e1 25000 88
rep 1 scalability -e1 25000 87
rep 1 scalability -e1 25000 86
rep 1 scalability -e1 25000 85
rep 1 scalability -e1 25000 84
rep 1 scalability -e1 25000 83
rep 1 scalability -e1 25000 82
rep 1 scalability -e1 25000 81
rep 1 scalability -e1 25000 80
rep 1 scalability -e1 25000 79
rep 1 scalability -e1 25000 78
rep 1 scalability -e1 25000 77
rep 1 scalability -e1 25000 76
rep 1 scalability -e1 25000 75
rep 1 scalability -e1 25000 74
rep 1 scalability -e1 25000 73
rep 1 scalability -e1 25000 72
rep 1 scalability -e1 25000 71
rep 1 scalability -e1 25000 70
rep 1 scalability -e1 25000 69
rep 1 scalability -e1 25000 68
rep 1 scalability -e1 25000 67
rep 1 scalability -e1 25000 66
rep 1 scalability -e1 25000 65
rep 1 scalability -e1 25000 64
rep 1 scalability -e1 25000 63
rep 1 scalability -e1 25000 62
rep 1 scalability -e1 25000 61
slurmstepd: error: *** JOB 13961 ON epyc004 CANCELLED AT 2023-06-26T11:35:33 DUE TO TIME LIMIT ***
--------------------------------------------------------------------------
ORTE has lost communication with a remote daemon.

  HNP daemon   : [[55115,0],0] on node epyc004
  Remote daemon: [[55115,0],2] on node epyc006

This is usually due to either a failure of the TCP network
connection to the node, or possibly an internal failure of
the daemon itself. We cannot recover from this failure, and
therefore will terminate the job.
--------------------------------------------------------------------------
