Selected type of execution: 2
make: Nothing to be done for 'all'.
scale_omp_epyc_epyc002_2023-06-16_09-51-51.csv epyc002 2023-06-16_09-51-51
OMP scalability begin
rep 1 scalability -e2 10000 30
rep 1 scalability -e2 10000 31
rep 1 scalability -e2 10000 32
rep 1 scalability -e2 10000 33
rep 1 scalability -e2 10000 34
rep 1 scalability -e2 10000 35
rep 1 scalability -e2 10000 36
rep 1 scalability -e2 10000 37
rep 1 scalability -e2 10000 38
rep 1 scalability -e2 10000 39
rep 1 scalability -e2 10000 40
rep 1 scalability -e2 10000 41
rep 1 scalability -e2 10000 42
rep 1 scalability -e2 10000 43
rep 1 scalability -e2 10000 44
rep 1 scalability -e2 10000 45
rep 1 scalability -e2 10000 46
rep 1 scalability -e2 10000 47
rep 1 scalability -e2 10000 48
rep 1 scalability -e2 10000 49
rep 1 scalability -e2 10000 50
rep 1 scalability -e2 10000 51
rep 1 scalability -e2 10000 52
rep 1 scalability -e2 10000 53
rep 1 scalability -e2 10000 54
rep 1 scalability -e2 10000 55
rep 1 scalability -e2 10000 56
rep 1 scalability -e2 10000 57
rep 1 scalability -e2 10000 58
rep 1 scalability -e2 10000 59
slurmstepd: error: *** JOB 12859 ON epyc002 CANCELLED AT 2023-06-16T11:52:15 DUE TO TIME LIMIT ***
