Selected type of execution: i
make: Nothing to be done for 'all'.
scale_mpi_epyc_epyc008_2023-06-14_06-07-47.csv epyc008 2023-06-14_06-07-47
MPI scalability begin
rep 1 scalability -i 50000 64
rep 1 scalability -i 50000 63
rep 1 scalability -i 50000 62
rep 1 scalability -i 50000 61
rep 1 scalability -i 50000 60
rep 1 scalability -i 50000 59
rep 1 scalability -i 50000 58
rep 1 scalability -i 50000 57
rep 1 scalability -i 50000 56
rep 1 scalability -i 50000 55
rep 1 scalability -i 50000 54
rep 1 scalability -i 50000 53
rep 1 scalability -i 50000 52
rep 1 scalability -i 50000 51
rep 1 scalability -i 50000 50
rep 1 scalability -i 50000 49
rep 1 scalability -i 50000 48
rep 1 scalability -i 50000 47
rep 1 scalability -i 50000 46
rep 1 scalability -i 50000 45
rep 1 scalability -i 50000 44
rep 1 scalability -i 50000 43
rep 1 scalability -i 50000 42
rep 1 scalability -i 50000 41
rep 1 scalability -i 50000 40
rep 1 scalability -i 50000 39
rep 1 scalability -i 50000 38
rep 1 scalability -i 50000 37
rep 1 scalability -i 50000 36
rep 1 scalability -i 50000 35
rep 1 scalability -i 50000 34
rep 1 scalability -i 50000 33
rep 1 scalability -i 50000 32
rep 1 scalability -i 50000 31
rep 1 scalability -i 50000 30
rep 1 scalability -i 50000 29
rep 1 scalability -i 50000 28
rep 1 scalability -i 50000 27
rep 1 scalability -i 50000 26
rep 1 scalability -i 50000 25
rep 1 scalability -i 50000 24
rep 1 scalability -i 50000 23
rep 1 scalability -i 50000 22
rep 1 scalability -i 50000 21
rep 1 scalability -i 50000 20
rep 1 scalability -i 50000 19
rep 1 scalability -i 50000 18
rep 1 scalability -i 50000 17
rep 1 scalability -i 50000 16
rep 1 scalability -i 50000 15
rep 1 scalability -i 50000 14
rep 1 scalability -i 50000 13
rep 1 scalability -i 50000 12
rep 1 scalability -i 50000 11
rep 1 scalability -i 50000 10
rep 1 scalability -i 50000 9
rep 1 scalability -i 50000 8
rep 1 scalability -i 50000 7
rep 1 scalability -i 50000 6
rep 1 scalability -i 50000 5
rep 1 scalability -i 50000 4
rep 1 scalability -i 50000 3
rep 1 scalability -i 50000 2
rep 1 scalability -i 50000 1
rep 2 scalability -i 50000 64
rep 2 scalability -i 50000 63
rep 2 scalability -i 50000 62
rep 2 scalability -i 50000 61
rep 2 scalability -i 50000 60
rep 2 scalability -i 50000 59
rep 2 scalability -i 50000 58
rep 2 scalability -i 50000 57
rep 2 scalability -i 50000 56
rep 2 scalability -i 50000 55
rep 2 scalability -i 50000 54
rep 2 scalability -i 50000 53
rep 2 scalability -i 50000 52
rep 2 scalability -i 50000 51
rep 2 scalability -i 50000 50
rep 2 scalability -i 50000 49
rep 2 scalability -i 50000 48
rep 2 scalability -i 50000 47
rep 2 scalability -i 50000 46
rep 2 scalability -i 50000 45
rep 2 scalability -i 50000 44
rep 2 scalability -i 50000 43
rep 2 scalability -i 50000 42
rep 2 scalability -i 50000 41
rep 2 scalability -i 50000 40
rep 2 scalability -i 50000 39
rep 2 scalability -i 50000 38
rep 2 scalability -i 50000 37
rep 2 scalability -i 50000 36
rep 2 scalability -i 50000 35
rep 2 scalability -i 50000 34
rep 2 scalability -i 50000 33
rep 2 scalability -i 50000 32
rep 2 scalability -i 50000 31
rep 2 scalability -i 50000 30
rep 2 scalability -i 50000 29
rep 2 scalability -i 50000 28
rep 2 scalability -i 50000 27
rep 2 scalability -i 50000 26
rep 2 scalability -i 50000 25
rep 2 scalability -i 50000 24
rep 2 scalability -i 50000 23
rep 2 scalability -i 50000 22
rep 2 scalability -i 50000 21
rep 2 scalability -i 50000 20
rep 2 scalability -i 50000 19
rep 2 scalability -i 50000 18
rep 2 scalability -i 50000 17
rep 2 scalability -i 50000 16
rep 2 scalability -i 50000 15
rep 2 scalability -i 50000 14
rep 2 scalability -i 50000 13
rep 2 scalability -i 50000 12
rep 2 scalability -i 50000 11
rep 2 scalability -i 50000 10
rep 2 scalability -i 50000 9
rep 2 scalability -i 50000 8
rep 2 scalability -i 50000 7
rep 2 scalability -i 50000 6
rep 2 scalability -i 50000 5
rep 2 scalability -i 50000 4
rep 2 scalability -i 50000 3
rep 2 scalability -i 50000 2
rep 2 scalability -i 50000 1
rep 3 scalability -i 50000 64
rep 3 scalability -i 50000 63
rep 3 scalability -i 50000 62
rep 3 scalability -i 50000 61
rep 3 scalability -i 50000 60
rep 3 scalability -i 50000 59
rep 3 scalability -i 50000 58
rep 3 scalability -i 50000 57
rep 3 scalability -i 50000 56
rep 3 scalability -i 50000 55
rep 3 scalability -i 50000 54
rep 3 scalability -i 50000 53
rep 3 scalability -i 50000 52
rep 3 scalability -i 50000 51
rep 3 scalability -i 50000 50
rep 3 scalability -i 50000 49
rep 3 scalability -i 50000 48
rep 3 scalability -i 50000 47
rep 3 scalability -i 50000 46
rep 3 scalability -i 50000 45
rep 3 scalability -i 50000 44
rep 3 scalability -i 50000 43
rep 3 scalability -i 50000 42
rep 3 scalability -i 50000 41
rep 3 scalability -i 50000 40
rep 3 scalability -i 50000 39
rep 3 scalability -i 50000 38
rep 3 scalability -i 50000 37
rep 3 scalability -i 50000 36
rep 3 scalability -i 50000 35
rep 3 scalability -i 50000 34
rep 3 scalability -i 50000 33
rep 3 scalability -i 50000 32
rep 3 scalability -i 50000 31
rep 3 scalability -i 50000 30
rep 3 scalability -i 50000 29
rep 3 scalability -i 50000 28
rep 3 scalability -i 50000 27
rep 3 scalability -i 50000 26
rep 3 scalability -i 50000 25
rep 3 scalability -i 50000 24
rep 3 scalability -i 50000 23
rep 3 scalability -i 50000 22
rep 3 scalability -i 50000 21
rep 3 scalability -i 50000 20
rep 3 scalability -i 50000 19
rep 3 scalability -i 50000 18
rep 3 scalability -i 50000 17
rep 3 scalability -i 50000 16
rep 3 scalability -i 50000 15
rep 3 scalability -i 50000 14
rep 3 scalability -i 50000 13
rep 3 scalability -i 50000 12
rep 3 scalability -i 50000 11
rep 3 scalability -i 50000 10
rep 3 scalability -i 50000 9
rep 3 scalability -i 50000 8
rep 3 scalability -i 50000 7
rep 3 scalability -i 50000 6
rep 3 scalability -i 50000 5
rep 3 scalability -i 50000 4
rep 3 scalability -i 50000 3
rep 3 scalability -i 50000 2
rep 3 scalability -i 50000 1
rep 4 scalability -i 50000 64
rep 4 scalability -i 50000 63
rep 4 scalability -i 50000 62
rep 4 scalability -i 50000 61
rep 4 scalability -i 50000 60
rep 4 scalability -i 50000 59
rep 4 scalability -i 50000 58
rep 4 scalability -i 50000 57
rep 4 scalability -i 50000 56
rep 4 scalability -i 50000 55
rep 4 scalability -i 50000 54
rep 4 scalability -i 50000 53
rep 4 scalability -i 50000 52
rep 4 scalability -i 50000 51
rep 4 scalability -i 50000 50
rep 4 scalability -i 50000 49
rep 4 scalability -i 50000 48
rep 4 scalability -i 50000 47
rep 4 scalability -i 50000 46
rep 4 scalability -i 50000 45
rep 4 scalability -i 50000 44
rep 4 scalability -i 50000 43
rep 4 scalability -i 50000 42
rep 4 scalability -i 50000 41
rep 4 scalability -i 50000 40
rep 4 scalability -i 50000 39
rep 4 scalability -i 50000 38
rep 4 scalability -i 50000 37
rep 4 scalability -i 50000 36
rep 4 scalability -i 50000 35
rep 4 scalability -i 50000 34
rep 4 scalability -i 50000 33
rep 4 scalability -i 50000 32
rep 4 scalability -i 50000 31
rep 4 scalability -i 50000 30
rep 4 scalability -i 50000 29
rep 4 scalability -i 50000 28
rep 4 scalability -i 50000 27
rep 4 scalability -i 50000 26
rep 4 scalability -i 50000 25
rep 4 scalability -i 50000 24
rep 4 scalability -i 50000 23
rep 4 scalability -i 50000 22
rep 4 scalability -i 50000 21
rep 4 scalability -i 50000 20
rep 4 scalability -i 50000 19
rep 4 scalability -i 50000 18
rep 4 scalability -i 50000 17
rep 4 scalability -i 50000 16
rep 4 scalability -i 50000 15
rep 4 scalability -i 50000 14
rep 4 scalability -i 50000 13
rep 4 scalability -i 50000 12
rep 4 scalability -i 50000 11
rep 4 scalability -i 50000 10
rep 4 scalability -i 50000 9
rep 4 scalability -i 50000 8
rep 4 scalability -i 50000 7
rep 4 scalability -i 50000 6
rep 4 scalability -i 50000 5
rep 4 scalability -i 50000 4
rep 4 scalability -i 50000 3
rep 4 scalability -i 50000 2
rep 4 scalability -i 50000 1
rep 5 scalability -i 50000 64
rep 5 scalability -i 50000 63
rep 5 scalability -i 50000 62
rep 5 scalability -i 50000 61
rep 5 scalability -i 50000 60
rep 5 scalability -i 50000 59
rep 5 scalability -i 50000 58
rep 5 scalability -i 50000 57
rep 5 scalability -i 50000 56
rep 5 scalability -i 50000 55
rep 5 scalability -i 50000 54
rep 5 scalability -i 50000 53
rep 5 scalability -i 50000 52
rep 5 scalability -i 50000 51
rep 5 scalability -i 50000 50
rep 5 scalability -i 50000 49
rep 5 scalability -i 50000 48
rep 5 scalability -i 50000 47
rep 5 scalability -i 50000 46
rep 5 scalability -i 50000 45
rep 5 scalability -i 50000 44
rep 5 scalability -i 50000 43
rep 5 scalability -i 50000 42
rep 5 scalability -i 50000 41
rep 5 scalability -i 50000 40
rep 5 scalability -i 50000 39
rep 5 scalability -i 50000 38
rep 5 scalability -i 50000 37
rep 5 scalability -i 50000 36
rep 5 scalability -i 50000 35
rep 5 scalability -i 50000 34
rep 5 scalability -i 50000 33
rep 5 scalability -i 50000 32
rep 5 scalability -i 50000 31
rep 5 scalability -i 50000 30
rep 5 scalability -i 50000 29
rep 5 scalability -i 50000 28
rep 5 scalability -i 50000 27
rep 5 scalability -i 50000 26
rep 5 scalability -i 50000 25
rep 5 scalability -i 50000 24
rep 5 scalability -i 50000 23
rep 5 scalability -i 50000 22
rep 5 scalability -i 50000 21
rep 5 scalability -i 50000 20
rep 5 scalability -i 50000 19
rep 5 scalability -i 50000 18
rep 5 scalability -i 50000 17
rep 5 scalability -i 50000 16
rep 5 scalability -i 50000 15
rep 5 scalability -i 50000 14
rep 5 scalability -i 50000 13
rep 5 scalability -i 50000 12
rep 5 scalability -i 50000 11
rep 5 scalability -i 50000 10
rep 5 scalability -i 50000 9
rep 5 scalability -i 50000 8
rep 5 scalability -i 50000 7
rep 5 scalability -i 50000 6
rep 5 scalability -i 50000 5
rep 5 scalability -i 50000 4
rep 5 scalability -i 50000 3
rep 5 scalability -i 50000 2
rep 5 scalability -i 50000 1
scalability end
