Selected type of execution: 1
make: Nothing to be done for 'all'.
scale_mpi_thin_thin008_2023-06-25_14-32-37.csv thin008 2023-06-25_14-32-37
MPI scalability begin
rep 1 scalability -e1 30000 1
[thin008:976906] MCW rank 0 bound to socket 0[core 0[hwt 0]]: [B/././././././././././.][./././././././././././.]
rep 1 scalability -e1 30000 2
[thin008:977088] MCW rank 0 bound to socket 0[core 0[hwt 0]]: [B/././././././././././.][./././././././././././.]
[thin008:977088] MCW rank 1 bound to socket 0[core 1[hwt 0]]: [./B/./././././././././.][./././././././././././.]
rep 1 scalability -e1 30000 3
[thin008:977180] MCW rank 0 bound to socket 0[core 0[hwt 0]]: [B/././././././././././.][./././././././././././.]
[thin008:977180] MCW rank 1 bound to socket 0[core 1[hwt 0]]: [./B/./././././././././.][./././././././././././.]
[thin008:977180] MCW rank 2 bound to socket 0[core 2[hwt 0]]: [././B/././././././././.][./././././././././././.]
rep 1 scalability -e1 30000 4
[thin008:977264] MCW rank 0 bound to socket 0[core 0[hwt 0]]: [B/././././././././././.][./././././././././././.]
[thin008:977264] MCW rank 1 bound to socket 0[core 1[hwt 0]]: [./B/./././././././././.][./././././././././././.]
[thin008:977264] MCW rank 2 bound to socket 0[core 2[hwt 0]]: [././B/././././././././.][./././././././././././.]
[thin008:977264] MCW rank 3 bound to socket 0[core 3[hwt 0]]: [./././B/./././././././.][./././././././././././.]
rep 1 scalability -e1 30000 5
[thin008:977336] MCW rank 1 bound to socket 0[core 1[hwt 0]]: [./B/./././././././././.][./././././././././././.]
[thin008:977336] MCW rank 2 bound to socket 0[core 2[hwt 0]]: [././B/././././././././.][./././././././././././.]
[thin008:977336] MCW rank 3 bound to socket 0[core 3[hwt 0]]: [./././B/./././././././.][./././././././././././.]
[thin008:977336] MCW rank 4 bound to socket 0[core 4[hwt 0]]: [././././B/././././././.][./././././././././././.]
[thin008:977336] MCW rank 0 bound to socket 0[core 0[hwt 0]]: [B/././././././././././.][./././././././././././.]
rep 1 scalability -e1 30000 6
[thin008:977409] MCW rank 2 bound to socket 0[core 2[hwt 0]]: [././B/././././././././.][./././././././././././.]
[thin008:977409] MCW rank 3 bound to socket 0[core 3[hwt 0]]: [./././B/./././././././.][./././././././././././.]
[thin008:977409] MCW rank 4 bound to socket 0[core 4[hwt 0]]: [././././B/././././././.][./././././././././././.]
[thin008:977409] MCW rank 5 bound to socket 0[core 5[hwt 0]]: [./././././B/./././././.][./././././././././././.]
[thin008:977409] MCW rank 0 bound to socket 0[core 0[hwt 0]]: [B/././././././././././.][./././././././././././.]
[thin008:977409] MCW rank 1 bound to socket 0[core 1[hwt 0]]: [./B/./././././././././.][./././././././././././.]
slurmstepd: error: *** JOB 13915 ON thin008 CANCELLED AT 2023-06-25T16:33:00 DUE TO TIME LIMIT ***
