Loading mkl version 2022.2.1
Loading tbb version 2021.7.1
Loading compiler-rt version 2022.2.1
size scalability begin
sgemm_thin_job_17101.out	sgemm_blis_optimized_thin_thin007_2023-07-09_21-53-06.csv	thin007	rep 1 size 30000 OMP_PLACES=cores OMP_PROC_BIND=close OMP_NUM_THREADS=12 BLIS_NUM_THREADS=12 srun -n1 --cpus-per-task=12 ./sgemm_blis_optimized.x 30000 30000 30000>>sgemm_blis_optimized_thin_thin007_2023-07-09_21-53-06.csv
sgemm_thin_job_17101.out	sgemm_blis_optimized_thin_thin007_2023-07-09_21-53-06.csv	thin007	rep 1 size 30000 OMP_PLACES=cores OMP_PROC_BIND=close OMP_NUM_THREADS=11 BLIS_NUM_THREADS=11 srun -n1 --cpus-per-task=11 ./sgemm_blis_optimized.x 30000 30000 30000>>sgemm_blis_optimized_thin_thin007_2023-07-09_21-53-06.csv
sgemm_thin_job_17101.out	sgemm_blis_optimized_thin_thin007_2023-07-09_21-53-06.csv	thin007	rep 1 size 30000 OMP_PLACES=cores OMP_PROC_BIND=close OMP_NUM_THREADS=10 BLIS_NUM_THREADS=10 srun -n1 --cpus-per-task=10 ./sgemm_blis_optimized.x 30000 30000 30000>>sgemm_blis_optimized_thin_thin007_2023-07-09_21-53-06.csv
sgemm_thin_job_17101.out	sgemm_blis_optimized_thin_thin007_2023-07-09_21-53-06.csv	thin007	rep 1 size 30000 OMP_PLACES=cores OMP_PROC_BIND=close OMP_NUM_THREADS=9 BLIS_NUM_THREADS=9 srun -n1 --cpus-per-task=9 ./sgemm_blis_optimized.x 30000 30000 30000>>sgemm_blis_optimized_thin_thin007_2023-07-09_21-53-06.csv
sgemm_thin_job_17101.out	sgemm_blis_optimized_thin_thin007_2023-07-09_21-53-06.csv	thin007	rep 1 size 30000 OMP_PLACES=cores OMP_PROC_BIND=close OMP_NUM_THREADS=8 BLIS_NUM_THREADS=8 srun -n1 --cpus-per-task=8 ./sgemm_blis_optimized.x 30000 30000 30000>>sgemm_blis_optimized_thin_thin007_2023-07-09_21-53-06.csv
sgemm_thin_job_17101.out	sgemm_blis_optimized_thin_thin007_2023-07-09_21-53-06.csv	thin007	rep 1 size 30000 OMP_PLACES=cores OMP_PROC_BIND=close OMP_NUM_THREADS=7 BLIS_NUM_THREADS=7 srun -n1 --cpus-per-task=7 ./sgemm_blis_optimized.x 30000 30000 30000>>sgemm_blis_optimized_thin_thin007_2023-07-09_21-53-06.csv
sgemm_thin_job_17101.out	sgemm_blis_optimized_thin_thin007_2023-07-09_21-53-06.csv	thin007	rep 1 size 30000 OMP_PLACES=cores OMP_PROC_BIND=close OMP_NUM_THREADS=6 BLIS_NUM_THREADS=6 srun -n1 --cpus-per-task=6 ./sgemm_blis_optimized.x 30000 30000 30000>>sgemm_blis_optimized_thin_thin007_2023-07-09_21-53-06.csv
sgemm_thin_job_17101.out	sgemm_blis_optimized_thin_thin007_2023-07-09_21-53-06.csv	thin007	rep 1 size 30000 OMP_PLACES=cores OMP_PROC_BIND=close OMP_NUM_THREADS=5 BLIS_NUM_THREADS=5 srun -n1 --cpus-per-task=5 ./sgemm_blis_optimized.x 30000 30000 30000>>sgemm_blis_optimized_thin_thin007_2023-07-09_21-53-06.csv
sgemm_thin_job_17101.out	sgemm_blis_optimized_thin_thin007_2023-07-09_21-53-06.csv	thin007	rep 1 size 30000 OMP_PLACES=cores OMP_PROC_BIND=close OMP_NUM_THREADS=4 BLIS_NUM_THREADS=4 srun -n1 --cpus-per-task=4 ./sgemm_blis_optimized.x 30000 30000 30000>>sgemm_blis_optimized_thin_thin007_2023-07-09_21-53-06.csv
sgemm_thin_job_17101.out	sgemm_blis_optimized_thin_thin007_2023-07-09_21-53-06.csv	thin007	rep 1 size 30000 OMP_PLACES=cores OMP_PROC_BIND=close OMP_NUM_THREADS=3 BLIS_NUM_THREADS=3 srun -n1 --cpus-per-task=3 ./sgemm_blis_optimized.x 30000 30000 30000>>sgemm_blis_optimized_thin_thin007_2023-07-09_21-53-06.csv
sgemm_thin_job_17101.out	sgemm_blis_optimized_thin_thin007_2023-07-09_21-53-06.csv	thin007	rep 1 size 30000 OMP_PLACES=cores OMP_PROC_BIND=close OMP_NUM_THREADS=2 BLIS_NUM_THREADS=2 srun -n1 --cpus-per-task=2 ./sgemm_blis_optimized.x 30000 30000 30000>>sgemm_blis_optimized_thin_thin007_2023-07-09_21-53-06.csv
sgemm_thin_job_17101.out	sgemm_blis_optimized_thin_thin007_2023-07-09_21-53-06.csv	thin007	rep 1 size 30000 OMP_PLACES=cores OMP_PROC_BIND=close OMP_NUM_THREADS=1 BLIS_NUM_THREADS=1 srun -n1 --cpus-per-task=1 ./sgemm_blis_optimized.x 30000 30000 30000>>sgemm_blis_optimized_thin_thin007_2023-07-09_21-53-06.csv
sgemm_thin_job_17101.out	sgemm_blis_optimized_thin_thin007_2023-07-09_21-53-06.csv	thin007	rep 2 size 30000 OMP_PLACES=cores OMP_PROC_BIND=close OMP_NUM_THREADS=12 BLIS_NUM_THREADS=12 srun -n1 --cpus-per-task=12 ./sgemm_blis_optimized.x 30000 30000 30000>>sgemm_blis_optimized_thin_thin007_2023-07-09_21-53-06.csv
sgemm_thin_job_17101.out	sgemm_blis_optimized_thin_thin007_2023-07-09_21-53-06.csv	thin007	rep 2 size 30000 OMP_PLACES=cores OMP_PROC_BIND=close OMP_NUM_THREADS=11 BLIS_NUM_THREADS=11 srun -n1 --cpus-per-task=11 ./sgemm_blis_optimized.x 30000 30000 30000>>sgemm_blis_optimized_thin_thin007_2023-07-09_21-53-06.csv
sgemm_thin_job_17101.out	sgemm_blis_optimized_thin_thin007_2023-07-09_21-53-06.csv	thin007	rep 2 size 30000 OMP_PLACES=cores OMP_PROC_BIND=close OMP_NUM_THREADS=10 BLIS_NUM_THREADS=10 srun -n1 --cpus-per-task=10 ./sgemm_blis_optimized.x 30000 30000 30000>>sgemm_blis_optimized_thin_thin007_2023-07-09_21-53-06.csv
sgemm_thin_job_17101.out	sgemm_blis_optimized_thin_thin007_2023-07-09_21-53-06.csv	thin007	rep 2 size 30000 OMP_PLACES=cores OMP_PROC_BIND=close OMP_NUM_THREADS=9 BLIS_NUM_THREADS=9 srun -n1 --cpus-per-task=9 ./sgemm_blis_optimized.x 30000 30000 30000>>sgemm_blis_optimized_thin_thin007_2023-07-09_21-53-06.csv
sgemm_thin_job_17101.out	sgemm_blis_optimized_thin_thin007_2023-07-09_21-53-06.csv	thin007	rep 2 size 30000 OMP_PLACES=cores OMP_PROC_BIND=close OMP_NUM_THREADS=8 BLIS_NUM_THREADS=8 srun -n1 --cpus-per-task=8 ./sgemm_blis_optimized.x 30000 30000 30000>>sgemm_blis_optimized_thin_thin007_2023-07-09_21-53-06.csv
sgemm_thin_job_17101.out	sgemm_blis_optimized_thin_thin007_2023-07-09_21-53-06.csv	thin007	rep 2 size 30000 OMP_PLACES=cores OMP_PROC_BIND=close OMP_NUM_THREADS=7 BLIS_NUM_THREADS=7 srun -n1 --cpus-per-task=7 ./sgemm_blis_optimized.x 30000 30000 30000>>sgemm_blis_optimized_thin_thin007_2023-07-09_21-53-06.csv
sgemm_thin_job_17101.out	sgemm_blis_optimized_thin_thin007_2023-07-09_21-53-06.csv	thin007	rep 2 size 30000 OMP_PLACES=cores OMP_PROC_BIND=close OMP_NUM_THREADS=6 BLIS_NUM_THREADS=6 srun -n1 --cpus-per-task=6 ./sgemm_blis_optimized.x 30000 30000 30000>>sgemm_blis_optimized_thin_thin007_2023-07-09_21-53-06.csv
sgemm_thin_job_17101.out	sgemm_blis_optimized_thin_thin007_2023-07-09_21-53-06.csv	thin007	rep 2 size 30000 OMP_PLACES=cores OMP_PROC_BIND=close OMP_NUM_THREADS=5 BLIS_NUM_THREADS=5 srun -n1 --cpus-per-task=5 ./sgemm_blis_optimized.x 30000 30000 30000>>sgemm_blis_optimized_thin_thin007_2023-07-09_21-53-06.csv
sgemm_thin_job_17101.out	sgemm_blis_optimized_thin_thin007_2023-07-09_21-53-06.csv	thin007	rep 2 size 30000 OMP_PLACES=cores OMP_PROC_BIND=close OMP_NUM_THREADS=4 BLIS_NUM_THREADS=4 srun -n1 --cpus-per-task=4 ./sgemm_blis_optimized.x 30000 30000 30000>>sgemm_blis_optimized_thin_thin007_2023-07-09_21-53-06.csv
sgemm_thin_job_17101.out	sgemm_blis_optimized_thin_thin007_2023-07-09_21-53-06.csv	thin007	rep 2 size 30000 OMP_PLACES=cores OMP_PROC_BIND=close OMP_NUM_THREADS=3 BLIS_NUM_THREADS=3 srun -n1 --cpus-per-task=3 ./sgemm_blis_optimized.x 30000 30000 30000>>sgemm_blis_optimized_thin_thin007_2023-07-09_21-53-06.csv
sgemm_thin_job_17101.out	sgemm_blis_optimized_thin_thin007_2023-07-09_21-53-06.csv	thin007	rep 2 size 30000 OMP_PLACES=cores OMP_PROC_BIND=close OMP_NUM_THREADS=2 BLIS_NUM_THREADS=2 srun -n1 --cpus-per-task=2 ./sgemm_blis_optimized.x 30000 30000 30000>>sgemm_blis_optimized_thin_thin007_2023-07-09_21-53-06.csv
sgemm_thin_job_17101.out	sgemm_blis_optimized_thin_thin007_2023-07-09_21-53-06.csv	thin007	rep 2 size 30000 OMP_PLACES=cores OMP_PROC_BIND=close OMP_NUM_THREADS=1 BLIS_NUM_THREADS=1 srun -n1 --cpus-per-task=1 ./sgemm_blis_optimized.x 30000 30000 30000>>sgemm_blis_optimized_thin_thin007_2023-07-09_21-53-06.csv
sgemm_thin_job_17101.out	sgemm_blis_optimized_thin_thin007_2023-07-09_21-53-06.csv	thin007	rep 3 size 30000 OMP_PLACES=cores OMP_PROC_BIND=close OMP_NUM_THREADS=12 BLIS_NUM_THREADS=12 srun -n1 --cpus-per-task=12 ./sgemm_blis_optimized.x 30000 30000 30000>>sgemm_blis_optimized_thin_thin007_2023-07-09_21-53-06.csv
sgemm_thin_job_17101.out	sgemm_blis_optimized_thin_thin007_2023-07-09_21-53-06.csv	thin007	rep 3 size 30000 OMP_PLACES=cores OMP_PROC_BIND=close OMP_NUM_THREADS=11 BLIS_NUM_THREADS=11 srun -n1 --cpus-per-task=11 ./sgemm_blis_optimized.x 30000 30000 30000>>sgemm_blis_optimized_thin_thin007_2023-07-09_21-53-06.csv
sgemm_thin_job_17101.out	sgemm_blis_optimized_thin_thin007_2023-07-09_21-53-06.csv	thin007	rep 3 size 30000 OMP_PLACES=cores OMP_PROC_BIND=close OMP_NUM_THREADS=10 BLIS_NUM_THREADS=10 srun -n1 --cpus-per-task=10 ./sgemm_blis_optimized.x 30000 30000 30000>>sgemm_blis_optimized_thin_thin007_2023-07-09_21-53-06.csv
sgemm_thin_job_17101.out	sgemm_blis_optimized_thin_thin007_2023-07-09_21-53-06.csv	thin007	rep 3 size 30000 OMP_PLACES=cores OMP_PROC_BIND=close OMP_NUM_THREADS=9 BLIS_NUM_THREADS=9 srun -n1 --cpus-per-task=9 ./sgemm_blis_optimized.x 30000 30000 30000>>sgemm_blis_optimized_thin_thin007_2023-07-09_21-53-06.csv
sgemm_thin_job_17101.out	sgemm_blis_optimized_thin_thin007_2023-07-09_21-53-06.csv	thin007	rep 3 size 30000 OMP_PLACES=cores OMP_PROC_BIND=close OMP_NUM_THREADS=8 BLIS_NUM_THREADS=8 srun -n1 --cpus-per-task=8 ./sgemm_blis_optimized.x 30000 30000 30000>>sgemm_blis_optimized_thin_thin007_2023-07-09_21-53-06.csv
sgemm_thin_job_17101.out	sgemm_blis_optimized_thin_thin007_2023-07-09_21-53-06.csv	thin007	rep 3 size 30000 OMP_PLACES=cores OMP_PROC_BIND=close OMP_NUM_THREADS=7 BLIS_NUM_THREADS=7 srun -n1 --cpus-per-task=7 ./sgemm_blis_optimized.x 30000 30000 30000>>sgemm_blis_optimized_thin_thin007_2023-07-09_21-53-06.csv
sgemm_thin_job_17101.out	sgemm_blis_optimized_thin_thin007_2023-07-09_21-53-06.csv	thin007	rep 3 size 30000 OMP_PLACES=cores OMP_PROC_BIND=close OMP_NUM_THREADS=6 BLIS_NUM_THREADS=6 srun -n1 --cpus-per-task=6 ./sgemm_blis_optimized.x 30000 30000 30000>>sgemm_blis_optimized_thin_thin007_2023-07-09_21-53-06.csv
sgemm_thin_job_17101.out	sgemm_blis_optimized_thin_thin007_2023-07-09_21-53-06.csv	thin007	rep 3 size 30000 OMP_PLACES=cores OMP_PROC_BIND=close OMP_NUM_THREADS=5 BLIS_NUM_THREADS=5 srun -n1 --cpus-per-task=5 ./sgemm_blis_optimized.x 30000 30000 30000>>sgemm_blis_optimized_thin_thin007_2023-07-09_21-53-06.csv
sgemm_thin_job_17101.out	sgemm_blis_optimized_thin_thin007_2023-07-09_21-53-06.csv	thin007	rep 3 size 30000 OMP_PLACES=cores OMP_PROC_BIND=close OMP_NUM_THREADS=4 BLIS_NUM_THREADS=4 srun -n1 --cpus-per-task=4 ./sgemm_blis_optimized.x 30000 30000 30000>>sgemm_blis_optimized_thin_thin007_2023-07-09_21-53-06.csv
sgemm_thin_job_17101.out	sgemm_blis_optimized_thin_thin007_2023-07-09_21-53-06.csv	thin007	rep 3 size 30000 OMP_PLACES=cores OMP_PROC_BIND=close OMP_NUM_THREADS=3 BLIS_NUM_THREADS=3 srun -n1 --cpus-per-task=3 ./sgemm_blis_optimized.x 30000 30000 30000>>sgemm_blis_optimized_thin_thin007_2023-07-09_21-53-06.csv
sgemm_thin_job_17101.out	sgemm_blis_optimized_thin_thin007_2023-07-09_21-53-06.csv	thin007	rep 3 size 30000 OMP_PLACES=cores OMP_PROC_BIND=close OMP_NUM_THREADS=2 BLIS_NUM_THREADS=2 srun -n1 --cpus-per-task=2 ./sgemm_blis_optimized.x 30000 30000 30000>>sgemm_blis_optimized_thin_thin007_2023-07-09_21-53-06.csv
sgemm_thin_job_17101.out	sgemm_blis_optimized_thin_thin007_2023-07-09_21-53-06.csv	thin007	rep 3 size 30000 OMP_PLACES=cores OMP_PROC_BIND=close OMP_NUM_THREADS=1 BLIS_NUM_THREADS=1 srun -n1 --cpus-per-task=1 ./sgemm_blis_optimized.x 30000 30000 30000>>sgemm_blis_optimized_thin_thin007_2023-07-09_21-53-06.csv
sgemm_thin_job_17101.out	sgemm_blis_optimized_thin_thin007_2023-07-09_21-53-06.csv	thin007	rep 4 size 30000 OMP_PLACES=cores OMP_PROC_BIND=close OMP_NUM_THREADS=12 BLIS_NUM_THREADS=12 srun -n1 --cpus-per-task=12 ./sgemm_blis_optimized.x 30000 30000 30000>>sgemm_blis_optimized_thin_thin007_2023-07-09_21-53-06.csv
sgemm_thin_job_17101.out	sgemm_blis_optimized_thin_thin007_2023-07-09_21-53-06.csv	thin007	rep 4 size 30000 OMP_PLACES=cores OMP_PROC_BIND=close OMP_NUM_THREADS=11 BLIS_NUM_THREADS=11 srun -n1 --cpus-per-task=11 ./sgemm_blis_optimized.x 30000 30000 30000>>sgemm_blis_optimized_thin_thin007_2023-07-09_21-53-06.csv
sgemm_thin_job_17101.out	sgemm_blis_optimized_thin_thin007_2023-07-09_21-53-06.csv	thin007	rep 4 size 30000 OMP_PLACES=cores OMP_PROC_BIND=close OMP_NUM_THREADS=10 BLIS_NUM_THREADS=10 srun -n1 --cpus-per-task=10 ./sgemm_blis_optimized.x 30000 30000 30000>>sgemm_blis_optimized_thin_thin007_2023-07-09_21-53-06.csv
sgemm_thin_job_17101.out	sgemm_blis_optimized_thin_thin007_2023-07-09_21-53-06.csv	thin007	rep 4 size 30000 OMP_PLACES=cores OMP_PROC_BIND=close OMP_NUM_THREADS=9 BLIS_NUM_THREADS=9 srun -n1 --cpus-per-task=9 ./sgemm_blis_optimized.x 30000 30000 30000>>sgemm_blis_optimized_thin_thin007_2023-07-09_21-53-06.csv
sgemm_thin_job_17101.out	sgemm_blis_optimized_thin_thin007_2023-07-09_21-53-06.csv	thin007	rep 4 size 30000 OMP_PLACES=cores OMP_PROC_BIND=close OMP_NUM_THREADS=8 BLIS_NUM_THREADS=8 srun -n1 --cpus-per-task=8 ./sgemm_blis_optimized.x 30000 30000 30000>>sgemm_blis_optimized_thin_thin007_2023-07-09_21-53-06.csv
sgemm_thin_job_17101.out	sgemm_blis_optimized_thin_thin007_2023-07-09_21-53-06.csv	thin007	rep 4 size 30000 OMP_PLACES=cores OMP_PROC_BIND=close OMP_NUM_THREADS=7 BLIS_NUM_THREADS=7 srun -n1 --cpus-per-task=7 ./sgemm_blis_optimized.x 30000 30000 30000>>sgemm_blis_optimized_thin_thin007_2023-07-09_21-53-06.csv
sgemm_thin_job_17101.out	sgemm_blis_optimized_thin_thin007_2023-07-09_21-53-06.csv	thin007	rep 4 size 30000 OMP_PLACES=cores OMP_PROC_BIND=close OMP_NUM_THREADS=6 BLIS_NUM_THREADS=6 srun -n1 --cpus-per-task=6 ./sgemm_blis_optimized.x 30000 30000 30000>>sgemm_blis_optimized_thin_thin007_2023-07-09_21-53-06.csv
sgemm_thin_job_17101.out	sgemm_blis_optimized_thin_thin007_2023-07-09_21-53-06.csv	thin007	rep 4 size 30000 OMP_PLACES=cores OMP_PROC_BIND=close OMP_NUM_THREADS=5 BLIS_NUM_THREADS=5 srun -n1 --cpus-per-task=5 ./sgemm_blis_optimized.x 30000 30000 30000>>sgemm_blis_optimized_thin_thin007_2023-07-09_21-53-06.csv
slurmstepd: error: *** JOB 17101 ON thin007 CANCELLED AT 2023-07-09T23:53:25 DUE TO TIME LIMIT ***
srun: Job step aborted: Waiting up to 32 seconds for job step to finish.
slurmstepd: error: *** STEP 17101.43 ON thin007 CANCELLED AT 2023-07-09T23:53:25 DUE TO TIME LIMIT ***
