Loading mkl version 2022.2.1
Loading tbb version 2021.7.1
Loading compiler-rt version 2022.2.1
size scalability begin
sgemm_thin_job_16531.out	sgemm_oblas_thin_thin008_2023-07-06_12-00-00.csv	thin008	rep 1 size 30000 OMP_PLACES=cores OMP_PROC_BIND=spread OMP_NUM_THREADS=24 BLIS_NUM_THREADS=24 srun -n1 --cpus-per-task=24 ./sgemm_oblas.x 30000 30000 30000>>sgemm_oblas_thin_thin008_2023-07-06_12-00-00.csv
sgemm_thin_job_16531.out	sgemm_oblas_thin_thin008_2023-07-06_12-00-00.csv	thin008	rep 1 size 29500 OMP_PLACES=cores OMP_PROC_BIND=spread OMP_NUM_THREADS=24 BLIS_NUM_THREADS=24 srun -n1 --cpus-per-task=24 ./sgemm_oblas.x 29500 29500 29500>>sgemm_oblas_thin_thin008_2023-07-06_12-00-00.csv
sgemm_thin_job_16531.out	sgemm_oblas_thin_thin008_2023-07-06_12-00-00.csv	thin008	rep 1 size 29000 OMP_PLACES=cores OMP_PROC_BIND=spread OMP_NUM_THREADS=24 BLIS_NUM_THREADS=24 srun -n1 --cpus-per-task=24 ./sgemm_oblas.x 29000 29000 29000>>sgemm_oblas_thin_thin008_2023-07-06_12-00-00.csv
sgemm_thin_job_16531.out	sgemm_oblas_thin_thin008_2023-07-06_12-00-00.csv	thin008	rep 1 size 28500 OMP_PLACES=cores OMP_PROC_BIND=spread OMP_NUM_THREADS=24 BLIS_NUM_THREADS=24 srun -n1 --cpus-per-task=24 ./sgemm_oblas.x 28500 28500 28500>>sgemm_oblas_thin_thin008_2023-07-06_12-00-00.csv
sgemm_thin_job_16531.out	sgemm_oblas_thin_thin008_2023-07-06_12-00-00.csv	thin008	rep 1 size 28000 OMP_PLACES=cores OMP_PROC_BIND=spread OMP_NUM_THREADS=24 BLIS_NUM_THREADS=24 srun -n1 --cpus-per-task=24 ./sgemm_oblas.x 28000 28000 28000>>sgemm_oblas_thin_thin008_2023-07-06_12-00-00.csv
sgemm_thin_job_16531.out	sgemm_oblas_thin_thin008_2023-07-06_12-00-00.csv	thin008	rep 1 size 27500 OMP_PLACES=cores OMP_PROC_BIND=spread OMP_NUM_THREADS=24 BLIS_NUM_THREADS=24 srun -n1 --cpus-per-task=24 ./sgemm_oblas.x 27500 27500 27500>>sgemm_oblas_thin_thin008_2023-07-06_12-00-00.csv
sgemm_thin_job_16531.out	sgemm_oblas_thin_thin008_2023-07-06_12-00-00.csv	thin008	rep 1 size 27000 OMP_PLACES=cores OMP_PROC_BIND=spread OMP_NUM_THREADS=24 BLIS_NUM_THREADS=24 srun -n1 --cpus-per-task=24 ./sgemm_oblas.x 27000 27000 27000>>sgemm_oblas_thin_thin008_2023-07-06_12-00-00.csv
sgemm_thin_job_16531.out	sgemm_oblas_thin_thin008_2023-07-06_12-00-00.csv	thin008	rep 1 size 26500 OMP_PLACES=cores OMP_PROC_BIND=spread OMP_NUM_THREADS=24 BLIS_NUM_THREADS=24 srun -n1 --cpus-per-task=24 ./sgemm_oblas.x 26500 26500 26500>>sgemm_oblas_thin_thin008_2023-07-06_12-00-00.csv
sgemm_thin_job_16531.out	sgemm_oblas_thin_thin008_2023-07-06_12-00-00.csv	thin008	rep 1 size 26000 OMP_PLACES=cores OMP_PROC_BIND=spread OMP_NUM_THREADS=24 BLIS_NUM_THREADS=24 srun -n1 --cpus-per-task=24 ./sgemm_oblas.x 26000 26000 26000>>sgemm_oblas_thin_thin008_2023-07-06_12-00-00.csv
sgemm_thin_job_16531.out	sgemm_oblas_thin_thin008_2023-07-06_12-00-00.csv	thin008	rep 1 size 25500 OMP_PLACES=cores OMP_PROC_BIND=spread OMP_NUM_THREADS=24 BLIS_NUM_THREADS=24 srun -n1 --cpus-per-task=24 ./sgemm_oblas.x 25500 25500 25500>>sgemm_oblas_thin_thin008_2023-07-06_12-00-00.csv
sgemm_thin_job_16531.out	sgemm_oblas_thin_thin008_2023-07-06_12-00-00.csv	thin008	rep 1 size 25000 OMP_PLACES=cores OMP_PROC_BIND=spread OMP_NUM_THREADS=24 BLIS_NUM_THREADS=24 srun -n1 --cpus-per-task=24 ./sgemm_oblas.x 25000 25000 25000>>sgemm_oblas_thin_thin008_2023-07-06_12-00-00.csv
sgemm_thin_job_16531.out	sgemm_oblas_thin_thin008_2023-07-06_12-00-00.csv	thin008	rep 1 size 24500 OMP_PLACES=cores OMP_PROC_BIND=spread OMP_NUM_THREADS=24 BLIS_NUM_THREADS=24 srun -n1 --cpus-per-task=24 ./sgemm_oblas.x 24500 24500 24500>>sgemm_oblas_thin_thin008_2023-07-06_12-00-00.csv
sgemm_thin_job_16531.out	sgemm_oblas_thin_thin008_2023-07-06_12-00-00.csv	thin008	rep 1 size 24000 OMP_PLACES=cores OMP_PROC_BIND=spread OMP_NUM_THREADS=24 BLIS_NUM_THREADS=24 srun -n1 --cpus-per-task=24 ./sgemm_oblas.x 24000 24000 24000>>sgemm_oblas_thin_thin008_2023-07-06_12-00-00.csv
sgemm_thin_job_16531.out	sgemm_oblas_thin_thin008_2023-07-06_12-00-00.csv	thin008	rep 1 size 23500 OMP_PLACES=cores OMP_PROC_BIND=spread OMP_NUM_THREADS=24 BLIS_NUM_THREADS=24 srun -n1 --cpus-per-task=24 ./sgemm_oblas.x 23500 23500 23500>>sgemm_oblas_thin_thin008_2023-07-06_12-00-00.csv
sgemm_thin_job_16531.out	sgemm_oblas_thin_thin008_2023-07-06_12-00-00.csv	thin008	rep 1 size 23000 OMP_PLACES=cores OMP_PROC_BIND=spread OMP_NUM_THREADS=24 BLIS_NUM_THREADS=24 srun -n1 --cpus-per-task=24 ./sgemm_oblas.x 23000 23000 23000>>sgemm_oblas_thin_thin008_2023-07-06_12-00-00.csv
sgemm_thin_job_16531.out	sgemm_oblas_thin_thin008_2023-07-06_12-00-00.csv	thin008	rep 1 size 22500 OMP_PLACES=cores OMP_PROC_BIND=spread OMP_NUM_THREADS=24 BLIS_NUM_THREADS=24 srun -n1 --cpus-per-task=24 ./sgemm_oblas.x 22500 22500 22500>>sgemm_oblas_thin_thin008_2023-07-06_12-00-00.csv
sgemm_thin_job_16531.out	sgemm_oblas_thin_thin008_2023-07-06_12-00-00.csv	thin008	rep 1 size 22000 OMP_PLACES=cores OMP_PROC_BIND=spread OMP_NUM_THREADS=24 BLIS_NUM_THREADS=24 srun -n1 --cpus-per-task=24 ./sgemm_oblas.x 22000 22000 22000>>sgemm_oblas_thin_thin008_2023-07-06_12-00-00.csv
sgemm_thin_job_16531.out	sgemm_oblas_thin_thin008_2023-07-06_12-00-00.csv	thin008	rep 1 size 21500 OMP_PLACES=cores OMP_PROC_BIND=spread OMP_NUM_THREADS=24 BLIS_NUM_THREADS=24 srun -n1 --cpus-per-task=24 ./sgemm_oblas.x 21500 21500 21500>>sgemm_oblas_thin_thin008_2023-07-06_12-00-00.csv
sgemm_thin_job_16531.out	sgemm_oblas_thin_thin008_2023-07-06_12-00-00.csv	thin008	rep 1 size 21000 OMP_PLACES=cores OMP_PROC_BIND=spread OMP_NUM_THREADS=24 BLIS_NUM_THREADS=24 srun -n1 --cpus-per-task=24 ./sgemm_oblas.x 21000 21000 21000>>sgemm_oblas_thin_thin008_2023-07-06_12-00-00.csv
sgemm_thin_job_16531.out	sgemm_oblas_thin_thin008_2023-07-06_12-00-00.csv	thin008	rep 1 size 20500 OMP_PLACES=cores OMP_PROC_BIND=spread OMP_NUM_THREADS=24 BLIS_NUM_THREADS=24 srun -n1 --cpus-per-task=24 ./sgemm_oblas.x 20500 20500 20500>>sgemm_oblas_thin_thin008_2023-07-06_12-00-00.csv
sgemm_thin_job_16531.out	sgemm_oblas_thin_thin008_2023-07-06_12-00-00.csv	thin008	rep 1 size 20000 OMP_PLACES=cores OMP_PROC_BIND=spread OMP_NUM_THREADS=24 BLIS_NUM_THREADS=24 srun -n1 --cpus-per-task=24 ./sgemm_oblas.x 20000 20000 20000>>sgemm_oblas_thin_thin008_2023-07-06_12-00-00.csv
sgemm_thin_job_16531.out	sgemm_oblas_thin_thin008_2023-07-06_12-00-00.csv	thin008	rep 1 size 19500 OMP_PLACES=cores OMP_PROC_BIND=spread OMP_NUM_THREADS=24 BLIS_NUM_THREADS=24 srun -n1 --cpus-per-task=24 ./sgemm_oblas.x 19500 19500 19500>>sgemm_oblas_thin_thin008_2023-07-06_12-00-00.csv
sgemm_thin_job_16531.out	sgemm_oblas_thin_thin008_2023-07-06_12-00-00.csv	thin008	rep 1 size 19000 OMP_PLACES=cores OMP_PROC_BIND=spread OMP_NUM_THREADS=24 BLIS_NUM_THREADS=24 srun -n1 --cpus-per-task=24 ./sgemm_oblas.x 19000 19000 19000>>sgemm_oblas_thin_thin008_2023-07-06_12-00-00.csv
sgemm_thin_job_16531.out	sgemm_oblas_thin_thin008_2023-07-06_12-00-00.csv	thin008	rep 1 size 18500 OMP_PLACES=cores OMP_PROC_BIND=spread OMP_NUM_THREADS=24 BLIS_NUM_THREADS=24 srun -n1 --cpus-per-task=24 ./sgemm_oblas.x 18500 18500 18500>>sgemm_oblas_thin_thin008_2023-07-06_12-00-00.csv
sgemm_thin_job_16531.out	sgemm_oblas_thin_thin008_2023-07-06_12-00-00.csv	thin008	rep 1 size 18000 OMP_PLACES=cores OMP_PROC_BIND=spread OMP_NUM_THREADS=24 BLIS_NUM_THREADS=24 srun -n1 --cpus-per-task=24 ./sgemm_oblas.x 18000 18000 18000>>sgemm_oblas_thin_thin008_2023-07-06_12-00-00.csv
sgemm_thin_job_16531.out	sgemm_oblas_thin_thin008_2023-07-06_12-00-00.csv	thin008	rep 1 size 17500 OMP_PLACES=cores OMP_PROC_BIND=spread OMP_NUM_THREADS=24 BLIS_NUM_THREADS=24 srun -n1 --cpus-per-task=24 ./sgemm_oblas.x 17500 17500 17500>>sgemm_oblas_thin_thin008_2023-07-06_12-00-00.csv
sgemm_thin_job_16531.out	sgemm_oblas_thin_thin008_2023-07-06_12-00-00.csv	thin008	rep 1 size 17000 OMP_PLACES=cores OMP_PROC_BIND=spread OMP_NUM_THREADS=24 BLIS_NUM_THREADS=24 srun -n1 --cpus-per-task=24 ./sgemm_oblas.x 17000 17000 17000>>sgemm_oblas_thin_thin008_2023-07-06_12-00-00.csv
sgemm_thin_job_16531.out	sgemm_oblas_thin_thin008_2023-07-06_12-00-00.csv	thin008	rep 1 size 16500 OMP_PLACES=cores OMP_PROC_BIND=spread OMP_NUM_THREADS=24 BLIS_NUM_THREADS=24 srun -n1 --cpus-per-task=24 ./sgemm_oblas.x 16500 16500 16500>>sgemm_oblas_thin_thin008_2023-07-06_12-00-00.csv
sgemm_thin_job_16531.out	sgemm_oblas_thin_thin008_2023-07-06_12-00-00.csv	thin008	rep 1 size 16000 OMP_PLACES=cores OMP_PROC_BIND=spread OMP_NUM_THREADS=24 BLIS_NUM_THREADS=24 srun -n1 --cpus-per-task=24 ./sgemm_oblas.x 16000 16000 16000>>sgemm_oblas_thin_thin008_2023-07-06_12-00-00.csv
sgemm_thin_job_16531.out	sgemm_oblas_thin_thin008_2023-07-06_12-00-00.csv	thin008	rep 1 size 15500 OMP_PLACES=cores OMP_PROC_BIND=spread OMP_NUM_THREADS=24 BLIS_NUM_THREADS=24 srun -n1 --cpus-per-task=24 ./sgemm_oblas.x 15500 15500 15500>>sgemm_oblas_thin_thin008_2023-07-06_12-00-00.csv
sgemm_thin_job_16531.out	sgemm_oblas_thin_thin008_2023-07-06_12-00-00.csv	thin008	rep 1 size 15000 OMP_PLACES=cores OMP_PROC_BIND=spread OMP_NUM_THREADS=24 BLIS_NUM_THREADS=24 srun -n1 --cpus-per-task=24 ./sgemm_oblas.x 15000 15000 15000>>sgemm_oblas_thin_thin008_2023-07-06_12-00-00.csv
sgemm_thin_job_16531.out	sgemm_oblas_thin_thin008_2023-07-06_12-00-00.csv	thin008	rep 1 size 14500 OMP_PLACES=cores OMP_PROC_BIND=spread OMP_NUM_THREADS=24 BLIS_NUM_THREADS=24 srun -n1 --cpus-per-task=24 ./sgemm_oblas.x 14500 14500 14500>>sgemm_oblas_thin_thin008_2023-07-06_12-00-00.csv
sgemm_thin_job_16531.out	sgemm_oblas_thin_thin008_2023-07-06_12-00-00.csv	thin008	rep 1 size 14000 OMP_PLACES=cores OMP_PROC_BIND=spread OMP_NUM_THREADS=24 BLIS_NUM_THREADS=24 srun -n1 --cpus-per-task=24 ./sgemm_oblas.x 14000 14000 14000>>sgemm_oblas_thin_thin008_2023-07-06_12-00-00.csv
sgemm_thin_job_16531.out	sgemm_oblas_thin_thin008_2023-07-06_12-00-00.csv	thin008	rep 1 size 13500 OMP_PLACES=cores OMP_PROC_BIND=spread OMP_NUM_THREADS=24 BLIS_NUM_THREADS=24 srun -n1 --cpus-per-task=24 ./sgemm_oblas.x 13500 13500 13500>>sgemm_oblas_thin_thin008_2023-07-06_12-00-00.csv
sgemm_thin_job_16531.out	sgemm_oblas_thin_thin008_2023-07-06_12-00-00.csv	thin008	rep 1 size 13000 OMP_PLACES=cores OMP_PROC_BIND=spread OMP_NUM_THREADS=24 BLIS_NUM_THREADS=24 srun -n1 --cpus-per-task=24 ./sgemm_oblas.x 13000 13000 13000>>sgemm_oblas_thin_thin008_2023-07-06_12-00-00.csv
sgemm_thin_job_16531.out	sgemm_oblas_thin_thin008_2023-07-06_12-00-00.csv	thin008	rep 1 size 12500 OMP_PLACES=cores OMP_PROC_BIND=spread OMP_NUM_THREADS=24 BLIS_NUM_THREADS=24 srun -n1 --cpus-per-task=24 ./sgemm_oblas.x 12500 12500 12500>>sgemm_oblas_thin_thin008_2023-07-06_12-00-00.csv
sgemm_thin_job_16531.out	sgemm_oblas_thin_thin008_2023-07-06_12-00-00.csv	thin008	rep 1 size 12000 OMP_PLACES=cores OMP_PROC_BIND=spread OMP_NUM_THREADS=24 BLIS_NUM_THREADS=24 srun -n1 --cpus-per-task=24 ./sgemm_oblas.x 12000 12000 12000>>sgemm_oblas_thin_thin008_2023-07-06_12-00-00.csv
sgemm_thin_job_16531.out	sgemm_oblas_thin_thin008_2023-07-06_12-00-00.csv	thin008	rep 1 size 11500 OMP_PLACES=cores OMP_PROC_BIND=spread OMP_NUM_THREADS=24 BLIS_NUM_THREADS=24 srun -n1 --cpus-per-task=24 ./sgemm_oblas.x 11500 11500 11500>>sgemm_oblas_thin_thin008_2023-07-06_12-00-00.csv
sgemm_thin_job_16531.out	sgemm_oblas_thin_thin008_2023-07-06_12-00-00.csv	thin008	rep 1 size 11000 OMP_PLACES=cores OMP_PROC_BIND=spread OMP_NUM_THREADS=24 BLIS_NUM_THREADS=24 srun -n1 --cpus-per-task=24 ./sgemm_oblas.x 11000 11000 11000>>sgemm_oblas_thin_thin008_2023-07-06_12-00-00.csv
sgemm_thin_job_16531.out	sgemm_oblas_thin_thin008_2023-07-06_12-00-00.csv	thin008	rep 1 size 10500 OMP_PLACES=cores OMP_PROC_BIND=spread OMP_NUM_THREADS=24 BLIS_NUM_THREADS=24 srun -n1 --cpus-per-task=24 ./sgemm_oblas.x 10500 10500 10500>>sgemm_oblas_thin_thin008_2023-07-06_12-00-00.csv
sgemm_thin_job_16531.out	sgemm_oblas_thin_thin008_2023-07-06_12-00-00.csv	thin008	rep 1 size 10000 OMP_PLACES=cores OMP_PROC_BIND=spread OMP_NUM_THREADS=24 BLIS_NUM_THREADS=24 srun -n1 --cpus-per-task=24 ./sgemm_oblas.x 10000 10000 10000>>sgemm_oblas_thin_thin008_2023-07-06_12-00-00.csv
sgemm_thin_job_16531.out	sgemm_oblas_thin_thin008_2023-07-06_12-00-00.csv	thin008	rep 1 size 9500 OMP_PLACES=cores OMP_PROC_BIND=spread OMP_NUM_THREADS=24 BLIS_NUM_THREADS=24 srun -n1 --cpus-per-task=24 ./sgemm_oblas.x 9500 9500 9500>>sgemm_oblas_thin_thin008_2023-07-06_12-00-00.csv
sgemm_thin_job_16531.out	sgemm_oblas_thin_thin008_2023-07-06_12-00-00.csv	thin008	rep 1 size 9000 OMP_PLACES=cores OMP_PROC_BIND=spread OMP_NUM_THREADS=24 BLIS_NUM_THREADS=24 srun -n1 --cpus-per-task=24 ./sgemm_oblas.x 9000 9000 9000>>sgemm_oblas_thin_thin008_2023-07-06_12-00-00.csv
sgemm_thin_job_16531.out	sgemm_oblas_thin_thin008_2023-07-06_12-00-00.csv	thin008	rep 1 size 8500 OMP_PLACES=cores OMP_PROC_BIND=spread OMP_NUM_THREADS=24 BLIS_NUM_THREADS=24 srun -n1 --cpus-per-task=24 ./sgemm_oblas.x 8500 8500 8500>>sgemm_oblas_thin_thin008_2023-07-06_12-00-00.csv
sgemm_thin_job_16531.out	sgemm_oblas_thin_thin008_2023-07-06_12-00-00.csv	thin008	rep 1 size 8000 OMP_PLACES=cores OMP_PROC_BIND=spread OMP_NUM_THREADS=24 BLIS_NUM_THREADS=24 srun -n1 --cpus-per-task=24 ./sgemm_oblas.x 8000 8000 8000>>sgemm_oblas_thin_thin008_2023-07-06_12-00-00.csv
sgemm_thin_job_16531.out	sgemm_oblas_thin_thin008_2023-07-06_12-00-00.csv	thin008	rep 1 size 7500 OMP_PLACES=cores OMP_PROC_BIND=spread OMP_NUM_THREADS=24 BLIS_NUM_THREADS=24 srun -n1 --cpus-per-task=24 ./sgemm_oblas.x 7500 7500 7500>>sgemm_oblas_thin_thin008_2023-07-06_12-00-00.csv
sgemm_thin_job_16531.out	sgemm_oblas_thin_thin008_2023-07-06_12-00-00.csv	thin008	rep 1 size 7000 OMP_PLACES=cores OMP_PROC_BIND=spread OMP_NUM_THREADS=24 BLIS_NUM_THREADS=24 srun -n1 --cpus-per-task=24 ./sgemm_oblas.x 7000 7000 7000>>sgemm_oblas_thin_thin008_2023-07-06_12-00-00.csv
sgemm_thin_job_16531.out	sgemm_oblas_thin_thin008_2023-07-06_12-00-00.csv	thin008	rep 1 size 6500 OMP_PLACES=cores OMP_PROC_BIND=spread OMP_NUM_THREADS=24 BLIS_NUM_THREADS=24 srun -n1 --cpus-per-task=24 ./sgemm_oblas.x 6500 6500 6500>>sgemm_oblas_thin_thin008_2023-07-06_12-00-00.csv
sgemm_thin_job_16531.out	sgemm_oblas_thin_thin008_2023-07-06_12-00-00.csv	thin008	rep 1 size 6000 OMP_PLACES=cores OMP_PROC_BIND=spread OMP_NUM_THREADS=24 BLIS_NUM_THREADS=24 srun -n1 --cpus-per-task=24 ./sgemm_oblas.x 6000 6000 6000>>sgemm_oblas_thin_thin008_2023-07-06_12-00-00.csv
sgemm_thin_job_16531.out	sgemm_oblas_thin_thin008_2023-07-06_12-00-00.csv	thin008	rep 1 size 5500 OMP_PLACES=cores OMP_PROC_BIND=spread OMP_NUM_THREADS=24 BLIS_NUM_THREADS=24 srun -n1 --cpus-per-task=24 ./sgemm_oblas.x 5500 5500 5500>>sgemm_oblas_thin_thin008_2023-07-06_12-00-00.csv
sgemm_thin_job_16531.out	sgemm_oblas_thin_thin008_2023-07-06_12-00-00.csv	thin008	rep 1 size 5000 OMP_PLACES=cores OMP_PROC_BIND=spread OMP_NUM_THREADS=24 BLIS_NUM_THREADS=24 srun -n1 --cpus-per-task=24 ./sgemm_oblas.x 5000 5000 5000>>sgemm_oblas_thin_thin008_2023-07-06_12-00-00.csv
sgemm_thin_job_16531.out	sgemm_oblas_thin_thin008_2023-07-06_12-00-00.csv	thin008	rep 1 size 4500 OMP_PLACES=cores OMP_PROC_BIND=spread OMP_NUM_THREADS=24 BLIS_NUM_THREADS=24 srun -n1 --cpus-per-task=24 ./sgemm_oblas.x 4500 4500 4500>>sgemm_oblas_thin_thin008_2023-07-06_12-00-00.csv
sgemm_thin_job_16531.out	sgemm_oblas_thin_thin008_2023-07-06_12-00-00.csv	thin008	rep 1 size 4000 OMP_PLACES=cores OMP_PROC_BIND=spread OMP_NUM_THREADS=24 BLIS_NUM_THREADS=24 srun -n1 --cpus-per-task=24 ./sgemm_oblas.x 4000 4000 4000>>sgemm_oblas_thin_thin008_2023-07-06_12-00-00.csv
sgemm_thin_job_16531.out	sgemm_oblas_thin_thin008_2023-07-06_12-00-00.csv	thin008	rep 1 size 3500 OMP_PLACES=cores OMP_PROC_BIND=spread OMP_NUM_THREADS=24 BLIS_NUM_THREADS=24 srun -n1 --cpus-per-task=24 ./sgemm_oblas.x 3500 3500 3500>>sgemm_oblas_thin_thin008_2023-07-06_12-00-00.csv
sgemm_thin_job_16531.out	sgemm_oblas_thin_thin008_2023-07-06_12-00-00.csv	thin008	rep 1 size 3000 OMP_PLACES=cores OMP_PROC_BIND=spread OMP_NUM_THREADS=24 BLIS_NUM_THREADS=24 srun -n1 --cpus-per-task=24 ./sgemm_oblas.x 3000 3000 3000>>sgemm_oblas_thin_thin008_2023-07-06_12-00-00.csv
sgemm_thin_job_16531.out	sgemm_oblas_thin_thin008_2023-07-06_12-00-00.csv	thin008	rep 1 size 2500 OMP_PLACES=cores OMP_PROC_BIND=spread OMP_NUM_THREADS=24 BLIS_NUM_THREADS=24 srun -n1 --cpus-per-task=24 ./sgemm_oblas.x 2500 2500 2500>>sgemm_oblas_thin_thin008_2023-07-06_12-00-00.csv
sgemm_thin_job_16531.out	sgemm_oblas_thin_thin008_2023-07-06_12-00-00.csv	thin008	rep 1 size 2000 OMP_PLACES=cores OMP_PROC_BIND=spread OMP_NUM_THREADS=24 BLIS_NUM_THREADS=24 srun -n1 --cpus-per-task=24 ./sgemm_oblas.x 2000 2000 2000>>sgemm_oblas_thin_thin008_2023-07-06_12-00-00.csv
sgemm_thin_job_16531.out	sgemm_oblas_thin_thin008_2023-07-06_12-00-00.csv	thin008	rep 2 size 30000 OMP_PLACES=cores OMP_PROC_BIND=spread OMP_NUM_THREADS=24 BLIS_NUM_THREADS=24 srun -n1 --cpus-per-task=24 ./sgemm_oblas.x 30000 30000 30000>>sgemm_oblas_thin_thin008_2023-07-06_12-00-00.csv
sgemm_thin_job_16531.out	sgemm_oblas_thin_thin008_2023-07-06_12-00-00.csv	thin008	rep 2 size 29500 OMP_PLACES=cores OMP_PROC_BIND=spread OMP_NUM_THREADS=24 BLIS_NUM_THREADS=24 srun -n1 --cpus-per-task=24 ./sgemm_oblas.x 29500 29500 29500>>sgemm_oblas_thin_thin008_2023-07-06_12-00-00.csv
sgemm_thin_job_16531.out	sgemm_oblas_thin_thin008_2023-07-06_12-00-00.csv	thin008	rep 2 size 29000 OMP_PLACES=cores OMP_PROC_BIND=spread OMP_NUM_THREADS=24 BLIS_NUM_THREADS=24 srun -n1 --cpus-per-task=24 ./sgemm_oblas.x 29000 29000 29000>>sgemm_oblas_thin_thin008_2023-07-06_12-00-00.csv
sgemm_thin_job_16531.out	sgemm_oblas_thin_thin008_2023-07-06_12-00-00.csv	thin008	rep 2 size 28500 OMP_PLACES=cores OMP_PROC_BIND=spread OMP_NUM_THREADS=24 BLIS_NUM_THREADS=24 srun -n1 --cpus-per-task=24 ./sgemm_oblas.x 28500 28500 28500>>sgemm_oblas_thin_thin008_2023-07-06_12-00-00.csv
sgemm_thin_job_16531.out	sgemm_oblas_thin_thin008_2023-07-06_12-00-00.csv	thin008	rep 2 size 28000 OMP_PLACES=cores OMP_PROC_BIND=spread OMP_NUM_THREADS=24 BLIS_NUM_THREADS=24 srun -n1 --cpus-per-task=24 ./sgemm_oblas.x 28000 28000 28000>>sgemm_oblas_thin_thin008_2023-07-06_12-00-00.csv
sgemm_thin_job_16531.out	sgemm_oblas_thin_thin008_2023-07-06_12-00-00.csv	thin008	rep 2 size 27500 OMP_PLACES=cores OMP_PROC_BIND=spread OMP_NUM_THREADS=24 BLIS_NUM_THREADS=24 srun -n1 --cpus-per-task=24 ./sgemm_oblas.x 27500 27500 27500>>sgemm_oblas_thin_thin008_2023-07-06_12-00-00.csv
sgemm_thin_job_16531.out	sgemm_oblas_thin_thin008_2023-07-06_12-00-00.csv	thin008	rep 2 size 27000 OMP_PLACES=cores OMP_PROC_BIND=spread OMP_NUM_THREADS=24 BLIS_NUM_THREADS=24 srun -n1 --cpus-per-task=24 ./sgemm_oblas.x 27000 27000 27000>>sgemm_oblas_thin_thin008_2023-07-06_12-00-00.csv
sgemm_thin_job_16531.out	sgemm_oblas_thin_thin008_2023-07-06_12-00-00.csv	thin008	rep 2 size 26500 OMP_PLACES=cores OMP_PROC_BIND=spread OMP_NUM_THREADS=24 BLIS_NUM_THREADS=24 srun -n1 --cpus-per-task=24 ./sgemm_oblas.x 26500 26500 26500>>sgemm_oblas_thin_thin008_2023-07-06_12-00-00.csv
sgemm_thin_job_16531.out	sgemm_oblas_thin_thin008_2023-07-06_12-00-00.csv	thin008	rep 2 size 26000 OMP_PLACES=cores OMP_PROC_BIND=spread OMP_NUM_THREADS=24 BLIS_NUM_THREADS=24 srun -n1 --cpus-per-task=24 ./sgemm_oblas.x 26000 26000 26000>>sgemm_oblas_thin_thin008_2023-07-06_12-00-00.csv
sgemm_thin_job_16531.out	sgemm_oblas_thin_thin008_2023-07-06_12-00-00.csv	thin008	rep 2 size 25500 OMP_PLACES=cores OMP_PROC_BIND=spread OMP_NUM_THREADS=24 BLIS_NUM_THREADS=24 srun -n1 --cpus-per-task=24 ./sgemm_oblas.x 25500 25500 25500>>sgemm_oblas_thin_thin008_2023-07-06_12-00-00.csv
sgemm_thin_job_16531.out	sgemm_oblas_thin_thin008_2023-07-06_12-00-00.csv	thin008	rep 2 size 25000 OMP_PLACES=cores OMP_PROC_BIND=spread OMP_NUM_THREADS=24 BLIS_NUM_THREADS=24 srun -n1 --cpus-per-task=24 ./sgemm_oblas.x 25000 25000 25000>>sgemm_oblas_thin_thin008_2023-07-06_12-00-00.csv
sgemm_thin_job_16531.out	sgemm_oblas_thin_thin008_2023-07-06_12-00-00.csv	thin008	rep 2 size 24500 OMP_PLACES=cores OMP_PROC_BIND=spread OMP_NUM_THREADS=24 BLIS_NUM_THREADS=24 srun -n1 --cpus-per-task=24 ./sgemm_oblas.x 24500 24500 24500>>sgemm_oblas_thin_thin008_2023-07-06_12-00-00.csv
sgemm_thin_job_16531.out	sgemm_oblas_thin_thin008_2023-07-06_12-00-00.csv	thin008	rep 2 size 24000 OMP_PLACES=cores OMP_PROC_BIND=spread OMP_NUM_THREADS=24 BLIS_NUM_THREADS=24 srun -n1 --cpus-per-task=24 ./sgemm_oblas.x 24000 24000 24000>>sgemm_oblas_thin_thin008_2023-07-06_12-00-00.csv
sgemm_thin_job_16531.out	sgemm_oblas_thin_thin008_2023-07-06_12-00-00.csv	thin008	rep 2 size 23500 OMP_PLACES=cores OMP_PROC_BIND=spread OMP_NUM_THREADS=24 BLIS_NUM_THREADS=24 srun -n1 --cpus-per-task=24 ./sgemm_oblas.x 23500 23500 23500>>sgemm_oblas_thin_thin008_2023-07-06_12-00-00.csv
sgemm_thin_job_16531.out	sgemm_oblas_thin_thin008_2023-07-06_12-00-00.csv	thin008	rep 2 size 23000 OMP_PLACES=cores OMP_PROC_BIND=spread OMP_NUM_THREADS=24 BLIS_NUM_THREADS=24 srun -n1 --cpus-per-task=24 ./sgemm_oblas.x 23000 23000 23000>>sgemm_oblas_thin_thin008_2023-07-06_12-00-00.csv
sgemm_thin_job_16531.out	sgemm_oblas_thin_thin008_2023-07-06_12-00-00.csv	thin008	rep 2 size 22500 OMP_PLACES=cores OMP_PROC_BIND=spread OMP_NUM_THREADS=24 BLIS_NUM_THREADS=24 srun -n1 --cpus-per-task=24 ./sgemm_oblas.x 22500 22500 22500>>sgemm_oblas_thin_thin008_2023-07-06_12-00-00.csv
sgemm_thin_job_16531.out	sgemm_oblas_thin_thin008_2023-07-06_12-00-00.csv	thin008	rep 2 size 22000 OMP_PLACES=cores OMP_PROC_BIND=spread OMP_NUM_THREADS=24 BLIS_NUM_THREADS=24 srun -n1 --cpus-per-task=24 ./sgemm_oblas.x 22000 22000 22000>>sgemm_oblas_thin_thin008_2023-07-06_12-00-00.csv
sgemm_thin_job_16531.out	sgemm_oblas_thin_thin008_2023-07-06_12-00-00.csv	thin008	rep 2 size 21500 OMP_PLACES=cores OMP_PROC_BIND=spread OMP_NUM_THREADS=24 BLIS_NUM_THREADS=24 srun -n1 --cpus-per-task=24 ./sgemm_oblas.x 21500 21500 21500>>sgemm_oblas_thin_thin008_2023-07-06_12-00-00.csv
sgemm_thin_job_16531.out	sgemm_oblas_thin_thin008_2023-07-06_12-00-00.csv	thin008	rep 2 size 21000 OMP_PLACES=cores OMP_PROC_BIND=spread OMP_NUM_THREADS=24 BLIS_NUM_THREADS=24 srun -n1 --cpus-per-task=24 ./sgemm_oblas.x 21000 21000 21000>>sgemm_oblas_thin_thin008_2023-07-06_12-00-00.csv
sgemm_thin_job_16531.out	sgemm_oblas_thin_thin008_2023-07-06_12-00-00.csv	thin008	rep 2 size 20500 OMP_PLACES=cores OMP_PROC_BIND=spread OMP_NUM_THREADS=24 BLIS_NUM_THREADS=24 srun -n1 --cpus-per-task=24 ./sgemm_oblas.x 20500 20500 20500>>sgemm_oblas_thin_thin008_2023-07-06_12-00-00.csv
sgemm_thin_job_16531.out	sgemm_oblas_thin_thin008_2023-07-06_12-00-00.csv	thin008	rep 2 size 20000 OMP_PLACES=cores OMP_PROC_BIND=spread OMP_NUM_THREADS=24 BLIS_NUM_THREADS=24 srun -n1 --cpus-per-task=24 ./sgemm_oblas.x 20000 20000 20000>>sgemm_oblas_thin_thin008_2023-07-06_12-00-00.csv
sgemm_thin_job_16531.out	sgemm_oblas_thin_thin008_2023-07-06_12-00-00.csv	thin008	rep 2 size 19500 OMP_PLACES=cores OMP_PROC_BIND=spread OMP_NUM_THREADS=24 BLIS_NUM_THREADS=24 srun -n1 --cpus-per-task=24 ./sgemm_oblas.x 19500 19500 19500>>sgemm_oblas_thin_thin008_2023-07-06_12-00-00.csv
sgemm_thin_job_16531.out	sgemm_oblas_thin_thin008_2023-07-06_12-00-00.csv	thin008	rep 2 size 19000 OMP_PLACES=cores OMP_PROC_BIND=spread OMP_NUM_THREADS=24 BLIS_NUM_THREADS=24 srun -n1 --cpus-per-task=24 ./sgemm_oblas.x 19000 19000 19000>>sgemm_oblas_thin_thin008_2023-07-06_12-00-00.csv
sgemm_thin_job_16531.out	sgemm_oblas_thin_thin008_2023-07-06_12-00-00.csv	thin008	rep 2 size 18500 OMP_PLACES=cores OMP_PROC_BIND=spread OMP_NUM_THREADS=24 BLIS_NUM_THREADS=24 srun -n1 --cpus-per-task=24 ./sgemm_oblas.x 18500 18500 18500>>sgemm_oblas_thin_thin008_2023-07-06_12-00-00.csv
sgemm_thin_job_16531.out	sgemm_oblas_thin_thin008_2023-07-06_12-00-00.csv	thin008	rep 2 size 18000 OMP_PLACES=cores OMP_PROC_BIND=spread OMP_NUM_THREADS=24 BLIS_NUM_THREADS=24 srun -n1 --cpus-per-task=24 ./sgemm_oblas.x 18000 18000 18000>>sgemm_oblas_thin_thin008_2023-07-06_12-00-00.csv
sgemm_thin_job_16531.out	sgemm_oblas_thin_thin008_2023-07-06_12-00-00.csv	thin008	rep 2 size 17500 OMP_PLACES=cores OMP_PROC_BIND=spread OMP_NUM_THREADS=24 BLIS_NUM_THREADS=24 srun -n1 --cpus-per-task=24 ./sgemm_oblas.x 17500 17500 17500>>sgemm_oblas_thin_thin008_2023-07-06_12-00-00.csv
sgemm_thin_job_16531.out	sgemm_oblas_thin_thin008_2023-07-06_12-00-00.csv	thin008	rep 2 size 17000 OMP_PLACES=cores OMP_PROC_BIND=spread OMP_NUM_THREADS=24 BLIS_NUM_THREADS=24 srun -n1 --cpus-per-task=24 ./sgemm_oblas.x 17000 17000 17000>>sgemm_oblas_thin_thin008_2023-07-06_12-00-00.csv
sgemm_thin_job_16531.out	sgemm_oblas_thin_thin008_2023-07-06_12-00-00.csv	thin008	rep 2 size 16500 OMP_PLACES=cores OMP_PROC_BIND=spread OMP_NUM_THREADS=24 BLIS_NUM_THREADS=24 srun -n1 --cpus-per-task=24 ./sgemm_oblas.x 16500 16500 16500>>sgemm_oblas_thin_thin008_2023-07-06_12-00-00.csv
sgemm_thin_job_16531.out	sgemm_oblas_thin_thin008_2023-07-06_12-00-00.csv	thin008	rep 2 size 16000 OMP_PLACES=cores OMP_PROC_BIND=spread OMP_NUM_THREADS=24 BLIS_NUM_THREADS=24 srun -n1 --cpus-per-task=24 ./sgemm_oblas.x 16000 16000 16000>>sgemm_oblas_thin_thin008_2023-07-06_12-00-00.csv
sgemm_thin_job_16531.out	sgemm_oblas_thin_thin008_2023-07-06_12-00-00.csv	thin008	rep 2 size 15500 OMP_PLACES=cores OMP_PROC_BIND=spread OMP_NUM_THREADS=24 BLIS_NUM_THREADS=24 srun -n1 --cpus-per-task=24 ./sgemm_oblas.x 15500 15500 15500>>sgemm_oblas_thin_thin008_2023-07-06_12-00-00.csv
sgemm_thin_job_16531.out	sgemm_oblas_thin_thin008_2023-07-06_12-00-00.csv	thin008	rep 2 size 15000 OMP_PLACES=cores OMP_PROC_BIND=spread OMP_NUM_THREADS=24 BLIS_NUM_THREADS=24 srun -n1 --cpus-per-task=24 ./sgemm_oblas.x 15000 15000 15000>>sgemm_oblas_thin_thin008_2023-07-06_12-00-00.csv
sgemm_thin_job_16531.out	sgemm_oblas_thin_thin008_2023-07-06_12-00-00.csv	thin008	rep 2 size 14500 OMP_PLACES=cores OMP_PROC_BIND=spread OMP_NUM_THREADS=24 BLIS_NUM_THREADS=24 srun -n1 --cpus-per-task=24 ./sgemm_oblas.x 14500 14500 14500>>sgemm_oblas_thin_thin008_2023-07-06_12-00-00.csv
sgemm_thin_job_16531.out	sgemm_oblas_thin_thin008_2023-07-06_12-00-00.csv	thin008	rep 2 size 14000 OMP_PLACES=cores OMP_PROC_BIND=spread OMP_NUM_THREADS=24 BLIS_NUM_THREADS=24 srun -n1 --cpus-per-task=24 ./sgemm_oblas.x 14000 14000 14000>>sgemm_oblas_thin_thin008_2023-07-06_12-00-00.csv
sgemm_thin_job_16531.out	sgemm_oblas_thin_thin008_2023-07-06_12-00-00.csv	thin008	rep 2 size 13500 OMP_PLACES=cores OMP_PROC_BIND=spread OMP_NUM_THREADS=24 BLIS_NUM_THREADS=24 srun -n1 --cpus-per-task=24 ./sgemm_oblas.x 13500 13500 13500>>sgemm_oblas_thin_thin008_2023-07-06_12-00-00.csv
sgemm_thin_job_16531.out	sgemm_oblas_thin_thin008_2023-07-06_12-00-00.csv	thin008	rep 2 size 13000 OMP_PLACES=cores OMP_PROC_BIND=spread OMP_NUM_THREADS=24 BLIS_NUM_THREADS=24 srun -n1 --cpus-per-task=24 ./sgemm_oblas.x 13000 13000 13000>>sgemm_oblas_thin_thin008_2023-07-06_12-00-00.csv
sgemm_thin_job_16531.out	sgemm_oblas_thin_thin008_2023-07-06_12-00-00.csv	thin008	rep 2 size 12500 OMP_PLACES=cores OMP_PROC_BIND=spread OMP_NUM_THREADS=24 BLIS_NUM_THREADS=24 srun -n1 --cpus-per-task=24 ./sgemm_oblas.x 12500 12500 12500>>sgemm_oblas_thin_thin008_2023-07-06_12-00-00.csv
sgemm_thin_job_16531.out	sgemm_oblas_thin_thin008_2023-07-06_12-00-00.csv	thin008	rep 2 size 12000 OMP_PLACES=cores OMP_PROC_BIND=spread OMP_NUM_THREADS=24 BLIS_NUM_THREADS=24 srun -n1 --cpus-per-task=24 ./sgemm_oblas.x 12000 12000 12000>>sgemm_oblas_thin_thin008_2023-07-06_12-00-00.csv
sgemm_thin_job_16531.out	sgemm_oblas_thin_thin008_2023-07-06_12-00-00.csv	thin008	rep 2 size 11500 OMP_PLACES=cores OMP_PROC_BIND=spread OMP_NUM_THREADS=24 BLIS_NUM_THREADS=24 srun -n1 --cpus-per-task=24 ./sgemm_oblas.x 11500 11500 11500>>sgemm_oblas_thin_thin008_2023-07-06_12-00-00.csv
sgemm_thin_job_16531.out	sgemm_oblas_thin_thin008_2023-07-06_12-00-00.csv	thin008	rep 2 size 11000 OMP_PLACES=cores OMP_PROC_BIND=spread OMP_NUM_THREADS=24 BLIS_NUM_THREADS=24 srun -n1 --cpus-per-task=24 ./sgemm_oblas.x 11000 11000 11000>>sgemm_oblas_thin_thin008_2023-07-06_12-00-00.csv
sgemm_thin_job_16531.out	sgemm_oblas_thin_thin008_2023-07-06_12-00-00.csv	thin008	rep 2 size 10500 OMP_PLACES=cores OMP_PROC_BIND=spread OMP_NUM_THREADS=24 BLIS_NUM_THREADS=24 srun -n1 --cpus-per-task=24 ./sgemm_oblas.x 10500 10500 10500>>sgemm_oblas_thin_thin008_2023-07-06_12-00-00.csv
sgemm_thin_job_16531.out	sgemm_oblas_thin_thin008_2023-07-06_12-00-00.csv	thin008	rep 2 size 10000 OMP_PLACES=cores OMP_PROC_BIND=spread OMP_NUM_THREADS=24 BLIS_NUM_THREADS=24 srun -n1 --cpus-per-task=24 ./sgemm_oblas.x 10000 10000 10000>>sgemm_oblas_thin_thin008_2023-07-06_12-00-00.csv
sgemm_thin_job_16531.out	sgemm_oblas_thin_thin008_2023-07-06_12-00-00.csv	thin008	rep 2 size 9500 OMP_PLACES=cores OMP_PROC_BIND=spread OMP_NUM_THREADS=24 BLIS_NUM_THREADS=24 srun -n1 --cpus-per-task=24 ./sgemm_oblas.x 9500 9500 9500>>sgemm_oblas_thin_thin008_2023-07-06_12-00-00.csv
sgemm_thin_job_16531.out	sgemm_oblas_thin_thin008_2023-07-06_12-00-00.csv	thin008	rep 2 size 9000 OMP_PLACES=cores OMP_PROC_BIND=spread OMP_NUM_THREADS=24 BLIS_NUM_THREADS=24 srun -n1 --cpus-per-task=24 ./sgemm_oblas.x 9000 9000 9000>>sgemm_oblas_thin_thin008_2023-07-06_12-00-00.csv
sgemm_thin_job_16531.out	sgemm_oblas_thin_thin008_2023-07-06_12-00-00.csv	thin008	rep 2 size 8500 OMP_PLACES=cores OMP_PROC_BIND=spread OMP_NUM_THREADS=24 BLIS_NUM_THREADS=24 srun -n1 --cpus-per-task=24 ./sgemm_oblas.x 8500 8500 8500>>sgemm_oblas_thin_thin008_2023-07-06_12-00-00.csv
sgemm_thin_job_16531.out	sgemm_oblas_thin_thin008_2023-07-06_12-00-00.csv	thin008	rep 2 size 8000 OMP_PLACES=cores OMP_PROC_BIND=spread OMP_NUM_THREADS=24 BLIS_NUM_THREADS=24 srun -n1 --cpus-per-task=24 ./sgemm_oblas.x 8000 8000 8000>>sgemm_oblas_thin_thin008_2023-07-06_12-00-00.csv
sgemm_thin_job_16531.out	sgemm_oblas_thin_thin008_2023-07-06_12-00-00.csv	thin008	rep 2 size 7500 OMP_PLACES=cores OMP_PROC_BIND=spread OMP_NUM_THREADS=24 BLIS_NUM_THREADS=24 srun -n1 --cpus-per-task=24 ./sgemm_oblas.x 7500 7500 7500>>sgemm_oblas_thin_thin008_2023-07-06_12-00-00.csv
sgemm_thin_job_16531.out	sgemm_oblas_thin_thin008_2023-07-06_12-00-00.csv	thin008	rep 2 size 7000 OMP_PLACES=cores OMP_PROC_BIND=spread OMP_NUM_THREADS=24 BLIS_NUM_THREADS=24 srun -n1 --cpus-per-task=24 ./sgemm_oblas.x 7000 7000 7000>>sgemm_oblas_thin_thin008_2023-07-06_12-00-00.csv
sgemm_thin_job_16531.out	sgemm_oblas_thin_thin008_2023-07-06_12-00-00.csv	thin008	rep 2 size 6500 OMP_PLACES=cores OMP_PROC_BIND=spread OMP_NUM_THREADS=24 BLIS_NUM_THREADS=24 srun -n1 --cpus-per-task=24 ./sgemm_oblas.x 6500 6500 6500>>sgemm_oblas_thin_thin008_2023-07-06_12-00-00.csv
sgemm_thin_job_16531.out	sgemm_oblas_thin_thin008_2023-07-06_12-00-00.csv	thin008	rep 2 size 6000 OMP_PLACES=cores OMP_PROC_BIND=spread OMP_NUM_THREADS=24 BLIS_NUM_THREADS=24 srun -n1 --cpus-per-task=24 ./sgemm_oblas.x 6000 6000 6000>>sgemm_oblas_thin_thin008_2023-07-06_12-00-00.csv
sgemm_thin_job_16531.out	sgemm_oblas_thin_thin008_2023-07-06_12-00-00.csv	thin008	rep 2 size 5500 OMP_PLACES=cores OMP_PROC_BIND=spread OMP_NUM_THREADS=24 BLIS_NUM_THREADS=24 srun -n1 --cpus-per-task=24 ./sgemm_oblas.x 5500 5500 5500>>sgemm_oblas_thin_thin008_2023-07-06_12-00-00.csv
sgemm_thin_job_16531.out	sgemm_oblas_thin_thin008_2023-07-06_12-00-00.csv	thin008	rep 2 size 5000 OMP_PLACES=cores OMP_PROC_BIND=spread OMP_NUM_THREADS=24 BLIS_NUM_THREADS=24 srun -n1 --cpus-per-task=24 ./sgemm_oblas.x 5000 5000 5000>>sgemm_oblas_thin_thin008_2023-07-06_12-00-00.csv
sgemm_thin_job_16531.out	sgemm_oblas_thin_thin008_2023-07-06_12-00-00.csv	thin008	rep 2 size 4500 OMP_PLACES=cores OMP_PROC_BIND=spread OMP_NUM_THREADS=24 BLIS_NUM_THREADS=24 srun -n1 --cpus-per-task=24 ./sgemm_oblas.x 4500 4500 4500>>sgemm_oblas_thin_thin008_2023-07-06_12-00-00.csv
sgemm_thin_job_16531.out	sgemm_oblas_thin_thin008_2023-07-06_12-00-00.csv	thin008	rep 2 size 4000 OMP_PLACES=cores OMP_PROC_BIND=spread OMP_NUM_THREADS=24 BLIS_NUM_THREADS=24 srun -n1 --cpus-per-task=24 ./sgemm_oblas.x 4000 4000 4000>>sgemm_oblas_thin_thin008_2023-07-06_12-00-00.csv
sgemm_thin_job_16531.out	sgemm_oblas_thin_thin008_2023-07-06_12-00-00.csv	thin008	rep 2 size 3500 OMP_PLACES=cores OMP_PROC_BIND=spread OMP_NUM_THREADS=24 BLIS_NUM_THREADS=24 srun -n1 --cpus-per-task=24 ./sgemm_oblas.x 3500 3500 3500>>sgemm_oblas_thin_thin008_2023-07-06_12-00-00.csv
sgemm_thin_job_16531.out	sgemm_oblas_thin_thin008_2023-07-06_12-00-00.csv	thin008	rep 2 size 3000 OMP_PLACES=cores OMP_PROC_BIND=spread OMP_NUM_THREADS=24 BLIS_NUM_THREADS=24 srun -n1 --cpus-per-task=24 ./sgemm_oblas.x 3000 3000 3000>>sgemm_oblas_thin_thin008_2023-07-06_12-00-00.csv
sgemm_thin_job_16531.out	sgemm_oblas_thin_thin008_2023-07-06_12-00-00.csv	thin008	rep 2 size 2500 OMP_PLACES=cores OMP_PROC_BIND=spread OMP_NUM_THREADS=24 BLIS_NUM_THREADS=24 srun -n1 --cpus-per-task=24 ./sgemm_oblas.x 2500 2500 2500>>sgemm_oblas_thin_thin008_2023-07-06_12-00-00.csv
sgemm_thin_job_16531.out	sgemm_oblas_thin_thin008_2023-07-06_12-00-00.csv	thin008	rep 2 size 2000 OMP_PLACES=cores OMP_PROC_BIND=spread OMP_NUM_THREADS=24 BLIS_NUM_THREADS=24 srun -n1 --cpus-per-task=24 ./sgemm_oblas.x 2000 2000 2000>>sgemm_oblas_thin_thin008_2023-07-06_12-00-00.csv
sgemm_thin_job_16531.out	sgemm_oblas_thin_thin008_2023-07-06_12-00-00.csv	thin008	rep 3 size 30000 OMP_PLACES=cores OMP_PROC_BIND=spread OMP_NUM_THREADS=24 BLIS_NUM_THREADS=24 srun -n1 --cpus-per-task=24 ./sgemm_oblas.x 30000 30000 30000>>sgemm_oblas_thin_thin008_2023-07-06_12-00-00.csv
sgemm_thin_job_16531.out	sgemm_oblas_thin_thin008_2023-07-06_12-00-00.csv	thin008	rep 3 size 29500 OMP_PLACES=cores OMP_PROC_BIND=spread OMP_NUM_THREADS=24 BLIS_NUM_THREADS=24 srun -n1 --cpus-per-task=24 ./sgemm_oblas.x 29500 29500 29500>>sgemm_oblas_thin_thin008_2023-07-06_12-00-00.csv
sgemm_thin_job_16531.out	sgemm_oblas_thin_thin008_2023-07-06_12-00-00.csv	thin008	rep 3 size 29000 OMP_PLACES=cores OMP_PROC_BIND=spread OMP_NUM_THREADS=24 BLIS_NUM_THREADS=24 srun -n1 --cpus-per-task=24 ./sgemm_oblas.x 29000 29000 29000>>sgemm_oblas_thin_thin008_2023-07-06_12-00-00.csv
sgemm_thin_job_16531.out	sgemm_oblas_thin_thin008_2023-07-06_12-00-00.csv	thin008	rep 3 size 28500 OMP_PLACES=cores OMP_PROC_BIND=spread OMP_NUM_THREADS=24 BLIS_NUM_THREADS=24 srun -n1 --cpus-per-task=24 ./sgemm_oblas.x 28500 28500 28500>>sgemm_oblas_thin_thin008_2023-07-06_12-00-00.csv
sgemm_thin_job_16531.out	sgemm_oblas_thin_thin008_2023-07-06_12-00-00.csv	thin008	rep 3 size 28000 OMP_PLACES=cores OMP_PROC_BIND=spread OMP_NUM_THREADS=24 BLIS_NUM_THREADS=24 srun -n1 --cpus-per-task=24 ./sgemm_oblas.x 28000 28000 28000>>sgemm_oblas_thin_thin008_2023-07-06_12-00-00.csv
sgemm_thin_job_16531.out	sgemm_oblas_thin_thin008_2023-07-06_12-00-00.csv	thin008	rep 3 size 27500 OMP_PLACES=cores OMP_PROC_BIND=spread OMP_NUM_THREADS=24 BLIS_NUM_THREADS=24 srun -n1 --cpus-per-task=24 ./sgemm_oblas.x 27500 27500 27500>>sgemm_oblas_thin_thin008_2023-07-06_12-00-00.csv
sgemm_thin_job_16531.out	sgemm_oblas_thin_thin008_2023-07-06_12-00-00.csv	thin008	rep 3 size 27000 OMP_PLACES=cores OMP_PROC_BIND=spread OMP_NUM_THREADS=24 BLIS_NUM_THREADS=24 srun -n1 --cpus-per-task=24 ./sgemm_oblas.x 27000 27000 27000>>sgemm_oblas_thin_thin008_2023-07-06_12-00-00.csv
sgemm_thin_job_16531.out	sgemm_oblas_thin_thin008_2023-07-06_12-00-00.csv	thin008	rep 3 size 26500 OMP_PLACES=cores OMP_PROC_BIND=spread OMP_NUM_THREADS=24 BLIS_NUM_THREADS=24 srun -n1 --cpus-per-task=24 ./sgemm_oblas.x 26500 26500 26500>>sgemm_oblas_thin_thin008_2023-07-06_12-00-00.csv
sgemm_thin_job_16531.out	sgemm_oblas_thin_thin008_2023-07-06_12-00-00.csv	thin008	rep 3 size 26000 OMP_PLACES=cores OMP_PROC_BIND=spread OMP_NUM_THREADS=24 BLIS_NUM_THREADS=24 srun -n1 --cpus-per-task=24 ./sgemm_oblas.x 26000 26000 26000>>sgemm_oblas_thin_thin008_2023-07-06_12-00-00.csv
sgemm_thin_job_16531.out	sgemm_oblas_thin_thin008_2023-07-06_12-00-00.csv	thin008	rep 3 size 25500 OMP_PLACES=cores OMP_PROC_BIND=spread OMP_NUM_THREADS=24 BLIS_NUM_THREADS=24 srun -n1 --cpus-per-task=24 ./sgemm_oblas.x 25500 25500 25500>>sgemm_oblas_thin_thin008_2023-07-06_12-00-00.csv
sgemm_thin_job_16531.out	sgemm_oblas_thin_thin008_2023-07-06_12-00-00.csv	thin008	rep 3 size 25000 OMP_PLACES=cores OMP_PROC_BIND=spread OMP_NUM_THREADS=24 BLIS_NUM_THREADS=24 srun -n1 --cpus-per-task=24 ./sgemm_oblas.x 25000 25000 25000>>sgemm_oblas_thin_thin008_2023-07-06_12-00-00.csv
sgemm_thin_job_16531.out	sgemm_oblas_thin_thin008_2023-07-06_12-00-00.csv	thin008	rep 3 size 24500 OMP_PLACES=cores OMP_PROC_BIND=spread OMP_NUM_THREADS=24 BLIS_NUM_THREADS=24 srun -n1 --cpus-per-task=24 ./sgemm_oblas.x 24500 24500 24500>>sgemm_oblas_thin_thin008_2023-07-06_12-00-00.csv
sgemm_thin_job_16531.out	sgemm_oblas_thin_thin008_2023-07-06_12-00-00.csv	thin008	rep 3 size 24000 OMP_PLACES=cores OMP_PROC_BIND=spread OMP_NUM_THREADS=24 BLIS_NUM_THREADS=24 srun -n1 --cpus-per-task=24 ./sgemm_oblas.x 24000 24000 24000>>sgemm_oblas_thin_thin008_2023-07-06_12-00-00.csv
sgemm_thin_job_16531.out	sgemm_oblas_thin_thin008_2023-07-06_12-00-00.csv	thin008	rep 3 size 23500 OMP_PLACES=cores OMP_PROC_BIND=spread OMP_NUM_THREADS=24 BLIS_NUM_THREADS=24 srun -n1 --cpus-per-task=24 ./sgemm_oblas.x 23500 23500 23500>>sgemm_oblas_thin_thin008_2023-07-06_12-00-00.csv
sgemm_thin_job_16531.out	sgemm_oblas_thin_thin008_2023-07-06_12-00-00.csv	thin008	rep 3 size 23000 OMP_PLACES=cores OMP_PROC_BIND=spread OMP_NUM_THREADS=24 BLIS_NUM_THREADS=24 srun -n1 --cpus-per-task=24 ./sgemm_oblas.x 23000 23000 23000>>sgemm_oblas_thin_thin008_2023-07-06_12-00-00.csv
sgemm_thin_job_16531.out	sgemm_oblas_thin_thin008_2023-07-06_12-00-00.csv	thin008	rep 3 size 22500 OMP_PLACES=cores OMP_PROC_BIND=spread OMP_NUM_THREADS=24 BLIS_NUM_THREADS=24 srun -n1 --cpus-per-task=24 ./sgemm_oblas.x 22500 22500 22500>>sgemm_oblas_thin_thin008_2023-07-06_12-00-00.csv
sgemm_thin_job_16531.out	sgemm_oblas_thin_thin008_2023-07-06_12-00-00.csv	thin008	rep 3 size 22000 OMP_PLACES=cores OMP_PROC_BIND=spread OMP_NUM_THREADS=24 BLIS_NUM_THREADS=24 srun -n1 --cpus-per-task=24 ./sgemm_oblas.x 22000 22000 22000>>sgemm_oblas_thin_thin008_2023-07-06_12-00-00.csv
sgemm_thin_job_16531.out	sgemm_oblas_thin_thin008_2023-07-06_12-00-00.csv	thin008	rep 3 size 21500 OMP_PLACES=cores OMP_PROC_BIND=spread OMP_NUM_THREADS=24 BLIS_NUM_THREADS=24 srun -n1 --cpus-per-task=24 ./sgemm_oblas.x 21500 21500 21500>>sgemm_oblas_thin_thin008_2023-07-06_12-00-00.csv
sgemm_thin_job_16531.out	sgemm_oblas_thin_thin008_2023-07-06_12-00-00.csv	thin008	rep 3 size 21000 OMP_PLACES=cores OMP_PROC_BIND=spread OMP_NUM_THREADS=24 BLIS_NUM_THREADS=24 srun -n1 --cpus-per-task=24 ./sgemm_oblas.x 21000 21000 21000>>sgemm_oblas_thin_thin008_2023-07-06_12-00-00.csv
sgemm_thin_job_16531.out	sgemm_oblas_thin_thin008_2023-07-06_12-00-00.csv	thin008	rep 3 size 20500 OMP_PLACES=cores OMP_PROC_BIND=spread OMP_NUM_THREADS=24 BLIS_NUM_THREADS=24 srun -n1 --cpus-per-task=24 ./sgemm_oblas.x 20500 20500 20500>>sgemm_oblas_thin_thin008_2023-07-06_12-00-00.csv
sgemm_thin_job_16531.out	sgemm_oblas_thin_thin008_2023-07-06_12-00-00.csv	thin008	rep 3 size 20000 OMP_PLACES=cores OMP_PROC_BIND=spread OMP_NUM_THREADS=24 BLIS_NUM_THREADS=24 srun -n1 --cpus-per-task=24 ./sgemm_oblas.x 20000 20000 20000>>sgemm_oblas_thin_thin008_2023-07-06_12-00-00.csv
sgemm_thin_job_16531.out	sgemm_oblas_thin_thin008_2023-07-06_12-00-00.csv	thin008	rep 3 size 19500 OMP_PLACES=cores OMP_PROC_BIND=spread OMP_NUM_THREADS=24 BLIS_NUM_THREADS=24 srun -n1 --cpus-per-task=24 ./sgemm_oblas.x 19500 19500 19500>>sgemm_oblas_thin_thin008_2023-07-06_12-00-00.csv
sgemm_thin_job_16531.out	sgemm_oblas_thin_thin008_2023-07-06_12-00-00.csv	thin008	rep 3 size 19000 OMP_PLACES=cores OMP_PROC_BIND=spread OMP_NUM_THREADS=24 BLIS_NUM_THREADS=24 srun -n1 --cpus-per-task=24 ./sgemm_oblas.x 19000 19000 19000>>sgemm_oblas_thin_thin008_2023-07-06_12-00-00.csv
sgemm_thin_job_16531.out	sgemm_oblas_thin_thin008_2023-07-06_12-00-00.csv	thin008	rep 3 size 18500 OMP_PLACES=cores OMP_PROC_BIND=spread OMP_NUM_THREADS=24 BLIS_NUM_THREADS=24 srun -n1 --cpus-per-task=24 ./sgemm_oblas.x 18500 18500 18500>>sgemm_oblas_thin_thin008_2023-07-06_12-00-00.csv
sgemm_thin_job_16531.out	sgemm_oblas_thin_thin008_2023-07-06_12-00-00.csv	thin008	rep 3 size 18000 OMP_PLACES=cores OMP_PROC_BIND=spread OMP_NUM_THREADS=24 BLIS_NUM_THREADS=24 srun -n1 --cpus-per-task=24 ./sgemm_oblas.x 18000 18000 18000>>sgemm_oblas_thin_thin008_2023-07-06_12-00-00.csv
sgemm_thin_job_16531.out	sgemm_oblas_thin_thin008_2023-07-06_12-00-00.csv	thin008	rep 3 size 17500 OMP_PLACES=cores OMP_PROC_BIND=spread OMP_NUM_THREADS=24 BLIS_NUM_THREADS=24 srun -n1 --cpus-per-task=24 ./sgemm_oblas.x 17500 17500 17500>>sgemm_oblas_thin_thin008_2023-07-06_12-00-00.csv
sgemm_thin_job_16531.out	sgemm_oblas_thin_thin008_2023-07-06_12-00-00.csv	thin008	rep 3 size 17000 OMP_PLACES=cores OMP_PROC_BIND=spread OMP_NUM_THREADS=24 BLIS_NUM_THREADS=24 srun -n1 --cpus-per-task=24 ./sgemm_oblas.x 17000 17000 17000>>sgemm_oblas_thin_thin008_2023-07-06_12-00-00.csv
sgemm_thin_job_16531.out	sgemm_oblas_thin_thin008_2023-07-06_12-00-00.csv	thin008	rep 3 size 16500 OMP_PLACES=cores OMP_PROC_BIND=spread OMP_NUM_THREADS=24 BLIS_NUM_THREADS=24 srun -n1 --cpus-per-task=24 ./sgemm_oblas.x 16500 16500 16500>>sgemm_oblas_thin_thin008_2023-07-06_12-00-00.csv
sgemm_thin_job_16531.out	sgemm_oblas_thin_thin008_2023-07-06_12-00-00.csv	thin008	rep 3 size 16000 OMP_PLACES=cores OMP_PROC_BIND=spread OMP_NUM_THREADS=24 BLIS_NUM_THREADS=24 srun -n1 --cpus-per-task=24 ./sgemm_oblas.x 16000 16000 16000>>sgemm_oblas_thin_thin008_2023-07-06_12-00-00.csv
sgemm_thin_job_16531.out	sgemm_oblas_thin_thin008_2023-07-06_12-00-00.csv	thin008	rep 3 size 15500 OMP_PLACES=cores OMP_PROC_BIND=spread OMP_NUM_THREADS=24 BLIS_NUM_THREADS=24 srun -n1 --cpus-per-task=24 ./sgemm_oblas.x 15500 15500 15500>>sgemm_oblas_thin_thin008_2023-07-06_12-00-00.csv
sgemm_thin_job_16531.out	sgemm_oblas_thin_thin008_2023-07-06_12-00-00.csv	thin008	rep 3 size 15000 OMP_PLACES=cores OMP_PROC_BIND=spread OMP_NUM_THREADS=24 BLIS_NUM_THREADS=24 srun -n1 --cpus-per-task=24 ./sgemm_oblas.x 15000 15000 15000>>sgemm_oblas_thin_thin008_2023-07-06_12-00-00.csv
sgemm_thin_job_16531.out	sgemm_oblas_thin_thin008_2023-07-06_12-00-00.csv	thin008	rep 3 size 14500 OMP_PLACES=cores OMP_PROC_BIND=spread OMP_NUM_THREADS=24 BLIS_NUM_THREADS=24 srun -n1 --cpus-per-task=24 ./sgemm_oblas.x 14500 14500 14500>>sgemm_oblas_thin_thin008_2023-07-06_12-00-00.csv
sgemm_thin_job_16531.out	sgemm_oblas_thin_thin008_2023-07-06_12-00-00.csv	thin008	rep 3 size 14000 OMP_PLACES=cores OMP_PROC_BIND=spread OMP_NUM_THREADS=24 BLIS_NUM_THREADS=24 srun -n1 --cpus-per-task=24 ./sgemm_oblas.x 14000 14000 14000>>sgemm_oblas_thin_thin008_2023-07-06_12-00-00.csv
sgemm_thin_job_16531.out	sgemm_oblas_thin_thin008_2023-07-06_12-00-00.csv	thin008	rep 3 size 13500 OMP_PLACES=cores OMP_PROC_BIND=spread OMP_NUM_THREADS=24 BLIS_NUM_THREADS=24 srun -n1 --cpus-per-task=24 ./sgemm_oblas.x 13500 13500 13500>>sgemm_oblas_thin_thin008_2023-07-06_12-00-00.csv
sgemm_thin_job_16531.out	sgemm_oblas_thin_thin008_2023-07-06_12-00-00.csv	thin008	rep 3 size 13000 OMP_PLACES=cores OMP_PROC_BIND=spread OMP_NUM_THREADS=24 BLIS_NUM_THREADS=24 srun -n1 --cpus-per-task=24 ./sgemm_oblas.x 13000 13000 13000>>sgemm_oblas_thin_thin008_2023-07-06_12-00-00.csv
sgemm_thin_job_16531.out	sgemm_oblas_thin_thin008_2023-07-06_12-00-00.csv	thin008	rep 3 size 12500 OMP_PLACES=cores OMP_PROC_BIND=spread OMP_NUM_THREADS=24 BLIS_NUM_THREADS=24 srun -n1 --cpus-per-task=24 ./sgemm_oblas.x 12500 12500 12500>>sgemm_oblas_thin_thin008_2023-07-06_12-00-00.csv
sgemm_thin_job_16531.out	sgemm_oblas_thin_thin008_2023-07-06_12-00-00.csv	thin008	rep 3 size 12000 OMP_PLACES=cores OMP_PROC_BIND=spread OMP_NUM_THREADS=24 BLIS_NUM_THREADS=24 srun -n1 --cpus-per-task=24 ./sgemm_oblas.x 12000 12000 12000>>sgemm_oblas_thin_thin008_2023-07-06_12-00-00.csv
sgemm_thin_job_16531.out	sgemm_oblas_thin_thin008_2023-07-06_12-00-00.csv	thin008	rep 3 size 11500 OMP_PLACES=cores OMP_PROC_BIND=spread OMP_NUM_THREADS=24 BLIS_NUM_THREADS=24 srun -n1 --cpus-per-task=24 ./sgemm_oblas.x 11500 11500 11500>>sgemm_oblas_thin_thin008_2023-07-06_12-00-00.csv
sgemm_thin_job_16531.out	sgemm_oblas_thin_thin008_2023-07-06_12-00-00.csv	thin008	rep 3 size 11000 OMP_PLACES=cores OMP_PROC_BIND=spread OMP_NUM_THREADS=24 BLIS_NUM_THREADS=24 srun -n1 --cpus-per-task=24 ./sgemm_oblas.x 11000 11000 11000>>sgemm_oblas_thin_thin008_2023-07-06_12-00-00.csv
sgemm_thin_job_16531.out	sgemm_oblas_thin_thin008_2023-07-06_12-00-00.csv	thin008	rep 3 size 10500 OMP_PLACES=cores OMP_PROC_BIND=spread OMP_NUM_THREADS=24 BLIS_NUM_THREADS=24 srun -n1 --cpus-per-task=24 ./sgemm_oblas.x 10500 10500 10500>>sgemm_oblas_thin_thin008_2023-07-06_12-00-00.csv
sgemm_thin_job_16531.out	sgemm_oblas_thin_thin008_2023-07-06_12-00-00.csv	thin008	rep 3 size 10000 OMP_PLACES=cores OMP_PROC_BIND=spread OMP_NUM_THREADS=24 BLIS_NUM_THREADS=24 srun -n1 --cpus-per-task=24 ./sgemm_oblas.x 10000 10000 10000>>sgemm_oblas_thin_thin008_2023-07-06_12-00-00.csv
sgemm_thin_job_16531.out	sgemm_oblas_thin_thin008_2023-07-06_12-00-00.csv	thin008	rep 3 size 9500 OMP_PLACES=cores OMP_PROC_BIND=spread OMP_NUM_THREADS=24 BLIS_NUM_THREADS=24 srun -n1 --cpus-per-task=24 ./sgemm_oblas.x 9500 9500 9500>>sgemm_oblas_thin_thin008_2023-07-06_12-00-00.csv
sgemm_thin_job_16531.out	sgemm_oblas_thin_thin008_2023-07-06_12-00-00.csv	thin008	rep 3 size 9000 OMP_PLACES=cores OMP_PROC_BIND=spread OMP_NUM_THREADS=24 BLIS_NUM_THREADS=24 srun -n1 --cpus-per-task=24 ./sgemm_oblas.x 9000 9000 9000>>sgemm_oblas_thin_thin008_2023-07-06_12-00-00.csv
sgemm_thin_job_16531.out	sgemm_oblas_thin_thin008_2023-07-06_12-00-00.csv	thin008	rep 3 size 8500 OMP_PLACES=cores OMP_PROC_BIND=spread OMP_NUM_THREADS=24 BLIS_NUM_THREADS=24 srun -n1 --cpus-per-task=24 ./sgemm_oblas.x 8500 8500 8500>>sgemm_oblas_thin_thin008_2023-07-06_12-00-00.csv
sgemm_thin_job_16531.out	sgemm_oblas_thin_thin008_2023-07-06_12-00-00.csv	thin008	rep 3 size 8000 OMP_PLACES=cores OMP_PROC_BIND=spread OMP_NUM_THREADS=24 BLIS_NUM_THREADS=24 srun -n1 --cpus-per-task=24 ./sgemm_oblas.x 8000 8000 8000>>sgemm_oblas_thin_thin008_2023-07-06_12-00-00.csv
sgemm_thin_job_16531.out	sgemm_oblas_thin_thin008_2023-07-06_12-00-00.csv	thin008	rep 3 size 7500 OMP_PLACES=cores OMP_PROC_BIND=spread OMP_NUM_THREADS=24 BLIS_NUM_THREADS=24 srun -n1 --cpus-per-task=24 ./sgemm_oblas.x 7500 7500 7500>>sgemm_oblas_thin_thin008_2023-07-06_12-00-00.csv
sgemm_thin_job_16531.out	sgemm_oblas_thin_thin008_2023-07-06_12-00-00.csv	thin008	rep 3 size 7000 OMP_PLACES=cores OMP_PROC_BIND=spread OMP_NUM_THREADS=24 BLIS_NUM_THREADS=24 srun -n1 --cpus-per-task=24 ./sgemm_oblas.x 7000 7000 7000>>sgemm_oblas_thin_thin008_2023-07-06_12-00-00.csv
sgemm_thin_job_16531.out	sgemm_oblas_thin_thin008_2023-07-06_12-00-00.csv	thin008	rep 3 size 6500 OMP_PLACES=cores OMP_PROC_BIND=spread OMP_NUM_THREADS=24 BLIS_NUM_THREADS=24 srun -n1 --cpus-per-task=24 ./sgemm_oblas.x 6500 6500 6500>>sgemm_oblas_thin_thin008_2023-07-06_12-00-00.csv
sgemm_thin_job_16531.out	sgemm_oblas_thin_thin008_2023-07-06_12-00-00.csv	thin008	rep 3 size 6000 OMP_PLACES=cores OMP_PROC_BIND=spread OMP_NUM_THREADS=24 BLIS_NUM_THREADS=24 srun -n1 --cpus-per-task=24 ./sgemm_oblas.x 6000 6000 6000>>sgemm_oblas_thin_thin008_2023-07-06_12-00-00.csv
sgemm_thin_job_16531.out	sgemm_oblas_thin_thin008_2023-07-06_12-00-00.csv	thin008	rep 3 size 5500 OMP_PLACES=cores OMP_PROC_BIND=spread OMP_NUM_THREADS=24 BLIS_NUM_THREADS=24 srun -n1 --cpus-per-task=24 ./sgemm_oblas.x 5500 5500 5500>>sgemm_oblas_thin_thin008_2023-07-06_12-00-00.csv
sgemm_thin_job_16531.out	sgemm_oblas_thin_thin008_2023-07-06_12-00-00.csv	thin008	rep 3 size 5000 OMP_PLACES=cores OMP_PROC_BIND=spread OMP_NUM_THREADS=24 BLIS_NUM_THREADS=24 srun -n1 --cpus-per-task=24 ./sgemm_oblas.x 5000 5000 5000>>sgemm_oblas_thin_thin008_2023-07-06_12-00-00.csv
sgemm_thin_job_16531.out	sgemm_oblas_thin_thin008_2023-07-06_12-00-00.csv	thin008	rep 3 size 4500 OMP_PLACES=cores OMP_PROC_BIND=spread OMP_NUM_THREADS=24 BLIS_NUM_THREADS=24 srun -n1 --cpus-per-task=24 ./sgemm_oblas.x 4500 4500 4500>>sgemm_oblas_thin_thin008_2023-07-06_12-00-00.csv
sgemm_thin_job_16531.out	sgemm_oblas_thin_thin008_2023-07-06_12-00-00.csv	thin008	rep 3 size 4000 OMP_PLACES=cores OMP_PROC_BIND=spread OMP_NUM_THREADS=24 BLIS_NUM_THREADS=24 srun -n1 --cpus-per-task=24 ./sgemm_oblas.x 4000 4000 4000>>sgemm_oblas_thin_thin008_2023-07-06_12-00-00.csv
sgemm_thin_job_16531.out	sgemm_oblas_thin_thin008_2023-07-06_12-00-00.csv	thin008	rep 3 size 3500 OMP_PLACES=cores OMP_PROC_BIND=spread OMP_NUM_THREADS=24 BLIS_NUM_THREADS=24 srun -n1 --cpus-per-task=24 ./sgemm_oblas.x 3500 3500 3500>>sgemm_oblas_thin_thin008_2023-07-06_12-00-00.csv
sgemm_thin_job_16531.out	sgemm_oblas_thin_thin008_2023-07-06_12-00-00.csv	thin008	rep 3 size 3000 OMP_PLACES=cores OMP_PROC_BIND=spread OMP_NUM_THREADS=24 BLIS_NUM_THREADS=24 srun -n1 --cpus-per-task=24 ./sgemm_oblas.x 3000 3000 3000>>sgemm_oblas_thin_thin008_2023-07-06_12-00-00.csv
sgemm_thin_job_16531.out	sgemm_oblas_thin_thin008_2023-07-06_12-00-00.csv	thin008	rep 3 size 2500 OMP_PLACES=cores OMP_PROC_BIND=spread OMP_NUM_THREADS=24 BLIS_NUM_THREADS=24 srun -n1 --cpus-per-task=24 ./sgemm_oblas.x 2500 2500 2500>>sgemm_oblas_thin_thin008_2023-07-06_12-00-00.csv
sgemm_thin_job_16531.out	sgemm_oblas_thin_thin008_2023-07-06_12-00-00.csv	thin008	rep 3 size 2000 OMP_PLACES=cores OMP_PROC_BIND=spread OMP_NUM_THREADS=24 BLIS_NUM_THREADS=24 srun -n1 --cpus-per-task=24 ./sgemm_oblas.x 2000 2000 2000>>sgemm_oblas_thin_thin008_2023-07-06_12-00-00.csv
sgemm_thin_job_16531.out	sgemm_oblas_thin_thin008_2023-07-06_12-00-00.csv	thin008	rep 4 size 30000 OMP_PLACES=cores OMP_PROC_BIND=spread OMP_NUM_THREADS=24 BLIS_NUM_THREADS=24 srun -n1 --cpus-per-task=24 ./sgemm_oblas.x 30000 30000 30000>>sgemm_oblas_thin_thin008_2023-07-06_12-00-00.csv
sgemm_thin_job_16531.out	sgemm_oblas_thin_thin008_2023-07-06_12-00-00.csv	thin008	rep 4 size 29500 OMP_PLACES=cores OMP_PROC_BIND=spread OMP_NUM_THREADS=24 BLIS_NUM_THREADS=24 srun -n1 --cpus-per-task=24 ./sgemm_oblas.x 29500 29500 29500>>sgemm_oblas_thin_thin008_2023-07-06_12-00-00.csv
sgemm_thin_job_16531.out	sgemm_oblas_thin_thin008_2023-07-06_12-00-00.csv	thin008	rep 4 size 29000 OMP_PLACES=cores OMP_PROC_BIND=spread OMP_NUM_THREADS=24 BLIS_NUM_THREADS=24 srun -n1 --cpus-per-task=24 ./sgemm_oblas.x 29000 29000 29000>>sgemm_oblas_thin_thin008_2023-07-06_12-00-00.csv
sgemm_thin_job_16531.out	sgemm_oblas_thin_thin008_2023-07-06_12-00-00.csv	thin008	rep 4 size 28500 OMP_PLACES=cores OMP_PROC_BIND=spread OMP_NUM_THREADS=24 BLIS_NUM_THREADS=24 srun -n1 --cpus-per-task=24 ./sgemm_oblas.x 28500 28500 28500>>sgemm_oblas_thin_thin008_2023-07-06_12-00-00.csv
sgemm_thin_job_16531.out	sgemm_oblas_thin_thin008_2023-07-06_12-00-00.csv	thin008	rep 4 size 28000 OMP_PLACES=cores OMP_PROC_BIND=spread OMP_NUM_THREADS=24 BLIS_NUM_THREADS=24 srun -n1 --cpus-per-task=24 ./sgemm_oblas.x 28000 28000 28000>>sgemm_oblas_thin_thin008_2023-07-06_12-00-00.csv
sgemm_thin_job_16531.out	sgemm_oblas_thin_thin008_2023-07-06_12-00-00.csv	thin008	rep 4 size 27500 OMP_PLACES=cores OMP_PROC_BIND=spread OMP_NUM_THREADS=24 BLIS_NUM_THREADS=24 srun -n1 --cpus-per-task=24 ./sgemm_oblas.x 27500 27500 27500>>sgemm_oblas_thin_thin008_2023-07-06_12-00-00.csv
sgemm_thin_job_16531.out	sgemm_oblas_thin_thin008_2023-07-06_12-00-00.csv	thin008	rep 4 size 27000 OMP_PLACES=cores OMP_PROC_BIND=spread OMP_NUM_THREADS=24 BLIS_NUM_THREADS=24 srun -n1 --cpus-per-task=24 ./sgemm_oblas.x 27000 27000 27000>>sgemm_oblas_thin_thin008_2023-07-06_12-00-00.csv
sgemm_thin_job_16531.out	sgemm_oblas_thin_thin008_2023-07-06_12-00-00.csv	thin008	rep 4 size 26500 OMP_PLACES=cores OMP_PROC_BIND=spread OMP_NUM_THREADS=24 BLIS_NUM_THREADS=24 srun -n1 --cpus-per-task=24 ./sgemm_oblas.x 26500 26500 26500>>sgemm_oblas_thin_thin008_2023-07-06_12-00-00.csv
sgemm_thin_job_16531.out	sgemm_oblas_thin_thin008_2023-07-06_12-00-00.csv	thin008	rep 4 size 26000 OMP_PLACES=cores OMP_PROC_BIND=spread OMP_NUM_THREADS=24 BLIS_NUM_THREADS=24 srun -n1 --cpus-per-task=24 ./sgemm_oblas.x 26000 26000 26000>>sgemm_oblas_thin_thin008_2023-07-06_12-00-00.csv
sgemm_thin_job_16531.out	sgemm_oblas_thin_thin008_2023-07-06_12-00-00.csv	thin008	rep 4 size 25500 OMP_PLACES=cores OMP_PROC_BIND=spread OMP_NUM_THREADS=24 BLIS_NUM_THREADS=24 srun -n1 --cpus-per-task=24 ./sgemm_oblas.x 25500 25500 25500>>sgemm_oblas_thin_thin008_2023-07-06_12-00-00.csv
sgemm_thin_job_16531.out	sgemm_oblas_thin_thin008_2023-07-06_12-00-00.csv	thin008	rep 4 size 25000 OMP_PLACES=cores OMP_PROC_BIND=spread OMP_NUM_THREADS=24 BLIS_NUM_THREADS=24 srun -n1 --cpus-per-task=24 ./sgemm_oblas.x 25000 25000 25000>>sgemm_oblas_thin_thin008_2023-07-06_12-00-00.csv
sgemm_thin_job_16531.out	sgemm_oblas_thin_thin008_2023-07-06_12-00-00.csv	thin008	rep 4 size 24500 OMP_PLACES=cores OMP_PROC_BIND=spread OMP_NUM_THREADS=24 BLIS_NUM_THREADS=24 srun -n1 --cpus-per-task=24 ./sgemm_oblas.x 24500 24500 24500>>sgemm_oblas_thin_thin008_2023-07-06_12-00-00.csv
sgemm_thin_job_16531.out	sgemm_oblas_thin_thin008_2023-07-06_12-00-00.csv	thin008	rep 4 size 24000 OMP_PLACES=cores OMP_PROC_BIND=spread OMP_NUM_THREADS=24 BLIS_NUM_THREADS=24 srun -n1 --cpus-per-task=24 ./sgemm_oblas.x 24000 24000 24000>>sgemm_oblas_thin_thin008_2023-07-06_12-00-00.csv
sgemm_thin_job_16531.out	sgemm_oblas_thin_thin008_2023-07-06_12-00-00.csv	thin008	rep 4 size 23500 OMP_PLACES=cores OMP_PROC_BIND=spread OMP_NUM_THREADS=24 BLIS_NUM_THREADS=24 srun -n1 --cpus-per-task=24 ./sgemm_oblas.x 23500 23500 23500>>sgemm_oblas_thin_thin008_2023-07-06_12-00-00.csv
sgemm_thin_job_16531.out	sgemm_oblas_thin_thin008_2023-07-06_12-00-00.csv	thin008	rep 4 size 23000 OMP_PLACES=cores OMP_PROC_BIND=spread OMP_NUM_THREADS=24 BLIS_NUM_THREADS=24 srun -n1 --cpus-per-task=24 ./sgemm_oblas.x 23000 23000 23000>>sgemm_oblas_thin_thin008_2023-07-06_12-00-00.csv
sgemm_thin_job_16531.out	sgemm_oblas_thin_thin008_2023-07-06_12-00-00.csv	thin008	rep 4 size 22500 OMP_PLACES=cores OMP_PROC_BIND=spread OMP_NUM_THREADS=24 BLIS_NUM_THREADS=24 srun -n1 --cpus-per-task=24 ./sgemm_oblas.x 22500 22500 22500>>sgemm_oblas_thin_thin008_2023-07-06_12-00-00.csv
sgemm_thin_job_16531.out	sgemm_oblas_thin_thin008_2023-07-06_12-00-00.csv	thin008	rep 4 size 22000 OMP_PLACES=cores OMP_PROC_BIND=spread OMP_NUM_THREADS=24 BLIS_NUM_THREADS=24 srun -n1 --cpus-per-task=24 ./sgemm_oblas.x 22000 22000 22000>>sgemm_oblas_thin_thin008_2023-07-06_12-00-00.csv
sgemm_thin_job_16531.out	sgemm_oblas_thin_thin008_2023-07-06_12-00-00.csv	thin008	rep 4 size 21500 OMP_PLACES=cores OMP_PROC_BIND=spread OMP_NUM_THREADS=24 BLIS_NUM_THREADS=24 srun -n1 --cpus-per-task=24 ./sgemm_oblas.x 21500 21500 21500>>sgemm_oblas_thin_thin008_2023-07-06_12-00-00.csv
sgemm_thin_job_16531.out	sgemm_oblas_thin_thin008_2023-07-06_12-00-00.csv	thin008	rep 4 size 21000 OMP_PLACES=cores OMP_PROC_BIND=spread OMP_NUM_THREADS=24 BLIS_NUM_THREADS=24 srun -n1 --cpus-per-task=24 ./sgemm_oblas.x 21000 21000 21000>>sgemm_oblas_thin_thin008_2023-07-06_12-00-00.csv
sgemm_thin_job_16531.out	sgemm_oblas_thin_thin008_2023-07-06_12-00-00.csv	thin008	rep 4 size 20500 OMP_PLACES=cores OMP_PROC_BIND=spread OMP_NUM_THREADS=24 BLIS_NUM_THREADS=24 srun -n1 --cpus-per-task=24 ./sgemm_oblas.x 20500 20500 20500>>sgemm_oblas_thin_thin008_2023-07-06_12-00-00.csv
sgemm_thin_job_16531.out	sgemm_oblas_thin_thin008_2023-07-06_12-00-00.csv	thin008	rep 4 size 20000 OMP_PLACES=cores OMP_PROC_BIND=spread OMP_NUM_THREADS=24 BLIS_NUM_THREADS=24 srun -n1 --cpus-per-task=24 ./sgemm_oblas.x 20000 20000 20000>>sgemm_oblas_thin_thin008_2023-07-06_12-00-00.csv
sgemm_thin_job_16531.out	sgemm_oblas_thin_thin008_2023-07-06_12-00-00.csv	thin008	rep 4 size 19500 OMP_PLACES=cores OMP_PROC_BIND=spread OMP_NUM_THREADS=24 BLIS_NUM_THREADS=24 srun -n1 --cpus-per-task=24 ./sgemm_oblas.x 19500 19500 19500>>sgemm_oblas_thin_thin008_2023-07-06_12-00-00.csv
sgemm_thin_job_16531.out	sgemm_oblas_thin_thin008_2023-07-06_12-00-00.csv	thin008	rep 4 size 19000 OMP_PLACES=cores OMP_PROC_BIND=spread OMP_NUM_THREADS=24 BLIS_NUM_THREADS=24 srun -n1 --cpus-per-task=24 ./sgemm_oblas.x 19000 19000 19000>>sgemm_oblas_thin_thin008_2023-07-06_12-00-00.csv
sgemm_thin_job_16531.out	sgemm_oblas_thin_thin008_2023-07-06_12-00-00.csv	thin008	rep 4 size 18500 OMP_PLACES=cores OMP_PROC_BIND=spread OMP_NUM_THREADS=24 BLIS_NUM_THREADS=24 srun -n1 --cpus-per-task=24 ./sgemm_oblas.x 18500 18500 18500>>sgemm_oblas_thin_thin008_2023-07-06_12-00-00.csv
sgemm_thin_job_16531.out	sgemm_oblas_thin_thin008_2023-07-06_12-00-00.csv	thin008	rep 4 size 18000 OMP_PLACES=cores OMP_PROC_BIND=spread OMP_NUM_THREADS=24 BLIS_NUM_THREADS=24 srun -n1 --cpus-per-task=24 ./sgemm_oblas.x 18000 18000 18000>>sgemm_oblas_thin_thin008_2023-07-06_12-00-00.csv
sgemm_thin_job_16531.out	sgemm_oblas_thin_thin008_2023-07-06_12-00-00.csv	thin008	rep 4 size 17500 OMP_PLACES=cores OMP_PROC_BIND=spread OMP_NUM_THREADS=24 BLIS_NUM_THREADS=24 srun -n1 --cpus-per-task=24 ./sgemm_oblas.x 17500 17500 17500>>sgemm_oblas_thin_thin008_2023-07-06_12-00-00.csv
sgemm_thin_job_16531.out	sgemm_oblas_thin_thin008_2023-07-06_12-00-00.csv	thin008	rep 4 size 17000 OMP_PLACES=cores OMP_PROC_BIND=spread OMP_NUM_THREADS=24 BLIS_NUM_THREADS=24 srun -n1 --cpus-per-task=24 ./sgemm_oblas.x 17000 17000 17000>>sgemm_oblas_thin_thin008_2023-07-06_12-00-00.csv
sgemm_thin_job_16531.out	sgemm_oblas_thin_thin008_2023-07-06_12-00-00.csv	thin008	rep 4 size 16500 OMP_PLACES=cores OMP_PROC_BIND=spread OMP_NUM_THREADS=24 BLIS_NUM_THREADS=24 srun -n1 --cpus-per-task=24 ./sgemm_oblas.x 16500 16500 16500>>sgemm_oblas_thin_thin008_2023-07-06_12-00-00.csv
sgemm_thin_job_16531.out	sgemm_oblas_thin_thin008_2023-07-06_12-00-00.csv	thin008	rep 4 size 16000 OMP_PLACES=cores OMP_PROC_BIND=spread OMP_NUM_THREADS=24 BLIS_NUM_THREADS=24 srun -n1 --cpus-per-task=24 ./sgemm_oblas.x 16000 16000 16000>>sgemm_oblas_thin_thin008_2023-07-06_12-00-00.csv
sgemm_thin_job_16531.out	sgemm_oblas_thin_thin008_2023-07-06_12-00-00.csv	thin008	rep 4 size 15500 OMP_PLACES=cores OMP_PROC_BIND=spread OMP_NUM_THREADS=24 BLIS_NUM_THREADS=24 srun -n1 --cpus-per-task=24 ./sgemm_oblas.x 15500 15500 15500>>sgemm_oblas_thin_thin008_2023-07-06_12-00-00.csv
sgemm_thin_job_16531.out	sgemm_oblas_thin_thin008_2023-07-06_12-00-00.csv	thin008	rep 4 size 15000 OMP_PLACES=cores OMP_PROC_BIND=spread OMP_NUM_THREADS=24 BLIS_NUM_THREADS=24 srun -n1 --cpus-per-task=24 ./sgemm_oblas.x 15000 15000 15000>>sgemm_oblas_thin_thin008_2023-07-06_12-00-00.csv
sgemm_thin_job_16531.out	sgemm_oblas_thin_thin008_2023-07-06_12-00-00.csv	thin008	rep 4 size 14500 OMP_PLACES=cores OMP_PROC_BIND=spread OMP_NUM_THREADS=24 BLIS_NUM_THREADS=24 srun -n1 --cpus-per-task=24 ./sgemm_oblas.x 14500 14500 14500>>sgemm_oblas_thin_thin008_2023-07-06_12-00-00.csv
sgemm_thin_job_16531.out	sgemm_oblas_thin_thin008_2023-07-06_12-00-00.csv	thin008	rep 4 size 14000 OMP_PLACES=cores OMP_PROC_BIND=spread OMP_NUM_THREADS=24 BLIS_NUM_THREADS=24 srun -n1 --cpus-per-task=24 ./sgemm_oblas.x 14000 14000 14000>>sgemm_oblas_thin_thin008_2023-07-06_12-00-00.csv
sgemm_thin_job_16531.out	sgemm_oblas_thin_thin008_2023-07-06_12-00-00.csv	thin008	rep 4 size 13500 OMP_PLACES=cores OMP_PROC_BIND=spread OMP_NUM_THREADS=24 BLIS_NUM_THREADS=24 srun -n1 --cpus-per-task=24 ./sgemm_oblas.x 13500 13500 13500>>sgemm_oblas_thin_thin008_2023-07-06_12-00-00.csv
sgemm_thin_job_16531.out	sgemm_oblas_thin_thin008_2023-07-06_12-00-00.csv	thin008	rep 4 size 13000 OMP_PLACES=cores OMP_PROC_BIND=spread OMP_NUM_THREADS=24 BLIS_NUM_THREADS=24 srun -n1 --cpus-per-task=24 ./sgemm_oblas.x 13000 13000 13000>>sgemm_oblas_thin_thin008_2023-07-06_12-00-00.csv
sgemm_thin_job_16531.out	sgemm_oblas_thin_thin008_2023-07-06_12-00-00.csv	thin008	rep 4 size 12500 OMP_PLACES=cores OMP_PROC_BIND=spread OMP_NUM_THREADS=24 BLIS_NUM_THREADS=24 srun -n1 --cpus-per-task=24 ./sgemm_oblas.x 12500 12500 12500>>sgemm_oblas_thin_thin008_2023-07-06_12-00-00.csv
sgemm_thin_job_16531.out	sgemm_oblas_thin_thin008_2023-07-06_12-00-00.csv	thin008	rep 4 size 12000 OMP_PLACES=cores OMP_PROC_BIND=spread OMP_NUM_THREADS=24 BLIS_NUM_THREADS=24 srun -n1 --cpus-per-task=24 ./sgemm_oblas.x 12000 12000 12000>>sgemm_oblas_thin_thin008_2023-07-06_12-00-00.csv
sgemm_thin_job_16531.out	sgemm_oblas_thin_thin008_2023-07-06_12-00-00.csv	thin008	rep 4 size 11500 OMP_PLACES=cores OMP_PROC_BIND=spread OMP_NUM_THREADS=24 BLIS_NUM_THREADS=24 srun -n1 --cpus-per-task=24 ./sgemm_oblas.x 11500 11500 11500>>sgemm_oblas_thin_thin008_2023-07-06_12-00-00.csv
sgemm_thin_job_16531.out	sgemm_oblas_thin_thin008_2023-07-06_12-00-00.csv	thin008	rep 4 size 11000 OMP_PLACES=cores OMP_PROC_BIND=spread OMP_NUM_THREADS=24 BLIS_NUM_THREADS=24 srun -n1 --cpus-per-task=24 ./sgemm_oblas.x 11000 11000 11000>>sgemm_oblas_thin_thin008_2023-07-06_12-00-00.csv
sgemm_thin_job_16531.out	sgemm_oblas_thin_thin008_2023-07-06_12-00-00.csv	thin008	rep 4 size 10500 OMP_PLACES=cores OMP_PROC_BIND=spread OMP_NUM_THREADS=24 BLIS_NUM_THREADS=24 srun -n1 --cpus-per-task=24 ./sgemm_oblas.x 10500 10500 10500>>sgemm_oblas_thin_thin008_2023-07-06_12-00-00.csv
sgemm_thin_job_16531.out	sgemm_oblas_thin_thin008_2023-07-06_12-00-00.csv	thin008	rep 4 size 10000 OMP_PLACES=cores OMP_PROC_BIND=spread OMP_NUM_THREADS=24 BLIS_NUM_THREADS=24 srun -n1 --cpus-per-task=24 ./sgemm_oblas.x 10000 10000 10000>>sgemm_oblas_thin_thin008_2023-07-06_12-00-00.csv
sgemm_thin_job_16531.out	sgemm_oblas_thin_thin008_2023-07-06_12-00-00.csv	thin008	rep 4 size 9500 OMP_PLACES=cores OMP_PROC_BIND=spread OMP_NUM_THREADS=24 BLIS_NUM_THREADS=24 srun -n1 --cpus-per-task=24 ./sgemm_oblas.x 9500 9500 9500>>sgemm_oblas_thin_thin008_2023-07-06_12-00-00.csv
sgemm_thin_job_16531.out	sgemm_oblas_thin_thin008_2023-07-06_12-00-00.csv	thin008	rep 4 size 9000 OMP_PLACES=cores OMP_PROC_BIND=spread OMP_NUM_THREADS=24 BLIS_NUM_THREADS=24 srun -n1 --cpus-per-task=24 ./sgemm_oblas.x 9000 9000 9000>>sgemm_oblas_thin_thin008_2023-07-06_12-00-00.csv
sgemm_thin_job_16531.out	sgemm_oblas_thin_thin008_2023-07-06_12-00-00.csv	thin008	rep 4 size 8500 OMP_PLACES=cores OMP_PROC_BIND=spread OMP_NUM_THREADS=24 BLIS_NUM_THREADS=24 srun -n1 --cpus-per-task=24 ./sgemm_oblas.x 8500 8500 8500>>sgemm_oblas_thin_thin008_2023-07-06_12-00-00.csv
sgemm_thin_job_16531.out	sgemm_oblas_thin_thin008_2023-07-06_12-00-00.csv	thin008	rep 4 size 8000 OMP_PLACES=cores OMP_PROC_BIND=spread OMP_NUM_THREADS=24 BLIS_NUM_THREADS=24 srun -n1 --cpus-per-task=24 ./sgemm_oblas.x 8000 8000 8000>>sgemm_oblas_thin_thin008_2023-07-06_12-00-00.csv
sgemm_thin_job_16531.out	sgemm_oblas_thin_thin008_2023-07-06_12-00-00.csv	thin008	rep 4 size 7500 OMP_PLACES=cores OMP_PROC_BIND=spread OMP_NUM_THREADS=24 BLIS_NUM_THREADS=24 srun -n1 --cpus-per-task=24 ./sgemm_oblas.x 7500 7500 7500>>sgemm_oblas_thin_thin008_2023-07-06_12-00-00.csv
sgemm_thin_job_16531.out	sgemm_oblas_thin_thin008_2023-07-06_12-00-00.csv	thin008	rep 4 size 7000 OMP_PLACES=cores OMP_PROC_BIND=spread OMP_NUM_THREADS=24 BLIS_NUM_THREADS=24 srun -n1 --cpus-per-task=24 ./sgemm_oblas.x 7000 7000 7000>>sgemm_oblas_thin_thin008_2023-07-06_12-00-00.csv
sgemm_thin_job_16531.out	sgemm_oblas_thin_thin008_2023-07-06_12-00-00.csv	thin008	rep 4 size 6500 OMP_PLACES=cores OMP_PROC_BIND=spread OMP_NUM_THREADS=24 BLIS_NUM_THREADS=24 srun -n1 --cpus-per-task=24 ./sgemm_oblas.x 6500 6500 6500>>sgemm_oblas_thin_thin008_2023-07-06_12-00-00.csv
sgemm_thin_job_16531.out	sgemm_oblas_thin_thin008_2023-07-06_12-00-00.csv	thin008	rep 4 size 6000 OMP_PLACES=cores OMP_PROC_BIND=spread OMP_NUM_THREADS=24 BLIS_NUM_THREADS=24 srun -n1 --cpus-per-task=24 ./sgemm_oblas.x 6000 6000 6000>>sgemm_oblas_thin_thin008_2023-07-06_12-00-00.csv
sgemm_thin_job_16531.out	sgemm_oblas_thin_thin008_2023-07-06_12-00-00.csv	thin008	rep 4 size 5500 OMP_PLACES=cores OMP_PROC_BIND=spread OMP_NUM_THREADS=24 BLIS_NUM_THREADS=24 srun -n1 --cpus-per-task=24 ./sgemm_oblas.x 5500 5500 5500>>sgemm_oblas_thin_thin008_2023-07-06_12-00-00.csv
sgemm_thin_job_16531.out	sgemm_oblas_thin_thin008_2023-07-06_12-00-00.csv	thin008	rep 4 size 5000 OMP_PLACES=cores OMP_PROC_BIND=spread OMP_NUM_THREADS=24 BLIS_NUM_THREADS=24 srun -n1 --cpus-per-task=24 ./sgemm_oblas.x 5000 5000 5000>>sgemm_oblas_thin_thin008_2023-07-06_12-00-00.csv
sgemm_thin_job_16531.out	sgemm_oblas_thin_thin008_2023-07-06_12-00-00.csv	thin008	rep 4 size 4500 OMP_PLACES=cores OMP_PROC_BIND=spread OMP_NUM_THREADS=24 BLIS_NUM_THREADS=24 srun -n1 --cpus-per-task=24 ./sgemm_oblas.x 4500 4500 4500>>sgemm_oblas_thin_thin008_2023-07-06_12-00-00.csv
sgemm_thin_job_16531.out	sgemm_oblas_thin_thin008_2023-07-06_12-00-00.csv	thin008	rep 4 size 4000 OMP_PLACES=cores OMP_PROC_BIND=spread OMP_NUM_THREADS=24 BLIS_NUM_THREADS=24 srun -n1 --cpus-per-task=24 ./sgemm_oblas.x 4000 4000 4000>>sgemm_oblas_thin_thin008_2023-07-06_12-00-00.csv
sgemm_thin_job_16531.out	sgemm_oblas_thin_thin008_2023-07-06_12-00-00.csv	thin008	rep 4 size 3500 OMP_PLACES=cores OMP_PROC_BIND=spread OMP_NUM_THREADS=24 BLIS_NUM_THREADS=24 srun -n1 --cpus-per-task=24 ./sgemm_oblas.x 3500 3500 3500>>sgemm_oblas_thin_thin008_2023-07-06_12-00-00.csv
sgemm_thin_job_16531.out	sgemm_oblas_thin_thin008_2023-07-06_12-00-00.csv	thin008	rep 4 size 3000 OMP_PLACES=cores OMP_PROC_BIND=spread OMP_NUM_THREADS=24 BLIS_NUM_THREADS=24 srun -n1 --cpus-per-task=24 ./sgemm_oblas.x 3000 3000 3000>>sgemm_oblas_thin_thin008_2023-07-06_12-00-00.csv
sgemm_thin_job_16531.out	sgemm_oblas_thin_thin008_2023-07-06_12-00-00.csv	thin008	rep 4 size 2500 OMP_PLACES=cores OMP_PROC_BIND=spread OMP_NUM_THREADS=24 BLIS_NUM_THREADS=24 srun -n1 --cpus-per-task=24 ./sgemm_oblas.x 2500 2500 2500>>sgemm_oblas_thin_thin008_2023-07-06_12-00-00.csv
sgemm_thin_job_16531.out	sgemm_oblas_thin_thin008_2023-07-06_12-00-00.csv	thin008	rep 4 size 2000 OMP_PLACES=cores OMP_PROC_BIND=spread OMP_NUM_THREADS=24 BLIS_NUM_THREADS=24 srun -n1 --cpus-per-task=24 ./sgemm_oblas.x 2000 2000 2000>>sgemm_oblas_thin_thin008_2023-07-06_12-00-00.csv
sgemm_thin_job_16531.out	sgemm_oblas_thin_thin008_2023-07-06_12-00-00.csv	thin008	rep 5 size 30000 OMP_PLACES=cores OMP_PROC_BIND=spread OMP_NUM_THREADS=24 BLIS_NUM_THREADS=24 srun -n1 --cpus-per-task=24 ./sgemm_oblas.x 30000 30000 30000>>sgemm_oblas_thin_thin008_2023-07-06_12-00-00.csv
sgemm_thin_job_16531.out	sgemm_oblas_thin_thin008_2023-07-06_12-00-00.csv	thin008	rep 5 size 29500 OMP_PLACES=cores OMP_PROC_BIND=spread OMP_NUM_THREADS=24 BLIS_NUM_THREADS=24 srun -n1 --cpus-per-task=24 ./sgemm_oblas.x 29500 29500 29500>>sgemm_oblas_thin_thin008_2023-07-06_12-00-00.csv
sgemm_thin_job_16531.out	sgemm_oblas_thin_thin008_2023-07-06_12-00-00.csv	thin008	rep 5 size 29000 OMP_PLACES=cores OMP_PROC_BIND=spread OMP_NUM_THREADS=24 BLIS_NUM_THREADS=24 srun -n1 --cpus-per-task=24 ./sgemm_oblas.x 29000 29000 29000>>sgemm_oblas_thin_thin008_2023-07-06_12-00-00.csv
sgemm_thin_job_16531.out	sgemm_oblas_thin_thin008_2023-07-06_12-00-00.csv	thin008	rep 5 size 28500 OMP_PLACES=cores OMP_PROC_BIND=spread OMP_NUM_THREADS=24 BLIS_NUM_THREADS=24 srun -n1 --cpus-per-task=24 ./sgemm_oblas.x 28500 28500 28500>>sgemm_oblas_thin_thin008_2023-07-06_12-00-00.csv
sgemm_thin_job_16531.out	sgemm_oblas_thin_thin008_2023-07-06_12-00-00.csv	thin008	rep 5 size 28000 OMP_PLACES=cores OMP_PROC_BIND=spread OMP_NUM_THREADS=24 BLIS_NUM_THREADS=24 srun -n1 --cpus-per-task=24 ./sgemm_oblas.x 28000 28000 28000>>sgemm_oblas_thin_thin008_2023-07-06_12-00-00.csv
sgemm_thin_job_16531.out	sgemm_oblas_thin_thin008_2023-07-06_12-00-00.csv	thin008	rep 5 size 27500 OMP_PLACES=cores OMP_PROC_BIND=spread OMP_NUM_THREADS=24 BLIS_NUM_THREADS=24 srun -n1 --cpus-per-task=24 ./sgemm_oblas.x 27500 27500 27500>>sgemm_oblas_thin_thin008_2023-07-06_12-00-00.csv
sgemm_thin_job_16531.out	sgemm_oblas_thin_thin008_2023-07-06_12-00-00.csv	thin008	rep 5 size 27000 OMP_PLACES=cores OMP_PROC_BIND=spread OMP_NUM_THREADS=24 BLIS_NUM_THREADS=24 srun -n1 --cpus-per-task=24 ./sgemm_oblas.x 27000 27000 27000>>sgemm_oblas_thin_thin008_2023-07-06_12-00-00.csv
sgemm_thin_job_16531.out	sgemm_oblas_thin_thin008_2023-07-06_12-00-00.csv	thin008	rep 5 size 26500 OMP_PLACES=cores OMP_PROC_BIND=spread OMP_NUM_THREADS=24 BLIS_NUM_THREADS=24 srun -n1 --cpus-per-task=24 ./sgemm_oblas.x 26500 26500 26500>>sgemm_oblas_thin_thin008_2023-07-06_12-00-00.csv
sgemm_thin_job_16531.out	sgemm_oblas_thin_thin008_2023-07-06_12-00-00.csv	thin008	rep 5 size 26000 OMP_PLACES=cores OMP_PROC_BIND=spread OMP_NUM_THREADS=24 BLIS_NUM_THREADS=24 srun -n1 --cpus-per-task=24 ./sgemm_oblas.x 26000 26000 26000>>sgemm_oblas_thin_thin008_2023-07-06_12-00-00.csv
sgemm_thin_job_16531.out	sgemm_oblas_thin_thin008_2023-07-06_12-00-00.csv	thin008	rep 5 size 25500 OMP_PLACES=cores OMP_PROC_BIND=spread OMP_NUM_THREADS=24 BLIS_NUM_THREADS=24 srun -n1 --cpus-per-task=24 ./sgemm_oblas.x 25500 25500 25500>>sgemm_oblas_thin_thin008_2023-07-06_12-00-00.csv
sgemm_thin_job_16531.out	sgemm_oblas_thin_thin008_2023-07-06_12-00-00.csv	thin008	rep 5 size 25000 OMP_PLACES=cores OMP_PROC_BIND=spread OMP_NUM_THREADS=24 BLIS_NUM_THREADS=24 srun -n1 --cpus-per-task=24 ./sgemm_oblas.x 25000 25000 25000>>sgemm_oblas_thin_thin008_2023-07-06_12-00-00.csv
sgemm_thin_job_16531.out	sgemm_oblas_thin_thin008_2023-07-06_12-00-00.csv	thin008	rep 5 size 24500 OMP_PLACES=cores OMP_PROC_BIND=spread OMP_NUM_THREADS=24 BLIS_NUM_THREADS=24 srun -n1 --cpus-per-task=24 ./sgemm_oblas.x 24500 24500 24500>>sgemm_oblas_thin_thin008_2023-07-06_12-00-00.csv
sgemm_thin_job_16531.out	sgemm_oblas_thin_thin008_2023-07-06_12-00-00.csv	thin008	rep 5 size 24000 OMP_PLACES=cores OMP_PROC_BIND=spread OMP_NUM_THREADS=24 BLIS_NUM_THREADS=24 srun -n1 --cpus-per-task=24 ./sgemm_oblas.x 24000 24000 24000>>sgemm_oblas_thin_thin008_2023-07-06_12-00-00.csv
sgemm_thin_job_16531.out	sgemm_oblas_thin_thin008_2023-07-06_12-00-00.csv	thin008	rep 5 size 23500 OMP_PLACES=cores OMP_PROC_BIND=spread OMP_NUM_THREADS=24 BLIS_NUM_THREADS=24 srun -n1 --cpus-per-task=24 ./sgemm_oblas.x 23500 23500 23500>>sgemm_oblas_thin_thin008_2023-07-06_12-00-00.csv
sgemm_thin_job_16531.out	sgemm_oblas_thin_thin008_2023-07-06_12-00-00.csv	thin008	rep 5 size 23000 OMP_PLACES=cores OMP_PROC_BIND=spread OMP_NUM_THREADS=24 BLIS_NUM_THREADS=24 srun -n1 --cpus-per-task=24 ./sgemm_oblas.x 23000 23000 23000>>sgemm_oblas_thin_thin008_2023-07-06_12-00-00.csv
sgemm_thin_job_16531.out	sgemm_oblas_thin_thin008_2023-07-06_12-00-00.csv	thin008	rep 5 size 22500 OMP_PLACES=cores OMP_PROC_BIND=spread OMP_NUM_THREADS=24 BLIS_NUM_THREADS=24 srun -n1 --cpus-per-task=24 ./sgemm_oblas.x 22500 22500 22500>>sgemm_oblas_thin_thin008_2023-07-06_12-00-00.csv
sgemm_thin_job_16531.out	sgemm_oblas_thin_thin008_2023-07-06_12-00-00.csv	thin008	rep 5 size 22000 OMP_PLACES=cores OMP_PROC_BIND=spread OMP_NUM_THREADS=24 BLIS_NUM_THREADS=24 srun -n1 --cpus-per-task=24 ./sgemm_oblas.x 22000 22000 22000>>sgemm_oblas_thin_thin008_2023-07-06_12-00-00.csv
sgemm_thin_job_16531.out	sgemm_oblas_thin_thin008_2023-07-06_12-00-00.csv	thin008	rep 5 size 21500 OMP_PLACES=cores OMP_PROC_BIND=spread OMP_NUM_THREADS=24 BLIS_NUM_THREADS=24 srun -n1 --cpus-per-task=24 ./sgemm_oblas.x 21500 21500 21500>>sgemm_oblas_thin_thin008_2023-07-06_12-00-00.csv
sgemm_thin_job_16531.out	sgemm_oblas_thin_thin008_2023-07-06_12-00-00.csv	thin008	rep 5 size 21000 OMP_PLACES=cores OMP_PROC_BIND=spread OMP_NUM_THREADS=24 BLIS_NUM_THREADS=24 srun -n1 --cpus-per-task=24 ./sgemm_oblas.x 21000 21000 21000>>sgemm_oblas_thin_thin008_2023-07-06_12-00-00.csv
sgemm_thin_job_16531.out	sgemm_oblas_thin_thin008_2023-07-06_12-00-00.csv	thin008	rep 5 size 20500 OMP_PLACES=cores OMP_PROC_BIND=spread OMP_NUM_THREADS=24 BLIS_NUM_THREADS=24 srun -n1 --cpus-per-task=24 ./sgemm_oblas.x 20500 20500 20500>>sgemm_oblas_thin_thin008_2023-07-06_12-00-00.csv
sgemm_thin_job_16531.out	sgemm_oblas_thin_thin008_2023-07-06_12-00-00.csv	thin008	rep 5 size 20000 OMP_PLACES=cores OMP_PROC_BIND=spread OMP_NUM_THREADS=24 BLIS_NUM_THREADS=24 srun -n1 --cpus-per-task=24 ./sgemm_oblas.x 20000 20000 20000>>sgemm_oblas_thin_thin008_2023-07-06_12-00-00.csv
sgemm_thin_job_16531.out	sgemm_oblas_thin_thin008_2023-07-06_12-00-00.csv	thin008	rep 5 size 19500 OMP_PLACES=cores OMP_PROC_BIND=spread OMP_NUM_THREADS=24 BLIS_NUM_THREADS=24 srun -n1 --cpus-per-task=24 ./sgemm_oblas.x 19500 19500 19500>>sgemm_oblas_thin_thin008_2023-07-06_12-00-00.csv
sgemm_thin_job_16531.out	sgemm_oblas_thin_thin008_2023-07-06_12-00-00.csv	thin008	rep 5 size 19000 OMP_PLACES=cores OMP_PROC_BIND=spread OMP_NUM_THREADS=24 BLIS_NUM_THREADS=24 srun -n1 --cpus-per-task=24 ./sgemm_oblas.x 19000 19000 19000>>sgemm_oblas_thin_thin008_2023-07-06_12-00-00.csv
sgemm_thin_job_16531.out	sgemm_oblas_thin_thin008_2023-07-06_12-00-00.csv	thin008	rep 5 size 18500 OMP_PLACES=cores OMP_PROC_BIND=spread OMP_NUM_THREADS=24 BLIS_NUM_THREADS=24 srun -n1 --cpus-per-task=24 ./sgemm_oblas.x 18500 18500 18500>>sgemm_oblas_thin_thin008_2023-07-06_12-00-00.csv
sgemm_thin_job_16531.out	sgemm_oblas_thin_thin008_2023-07-06_12-00-00.csv	thin008	rep 5 size 18000 OMP_PLACES=cores OMP_PROC_BIND=spread OMP_NUM_THREADS=24 BLIS_NUM_THREADS=24 srun -n1 --cpus-per-task=24 ./sgemm_oblas.x 18000 18000 18000>>sgemm_oblas_thin_thin008_2023-07-06_12-00-00.csv
sgemm_thin_job_16531.out	sgemm_oblas_thin_thin008_2023-07-06_12-00-00.csv	thin008	rep 5 size 17500 OMP_PLACES=cores OMP_PROC_BIND=spread OMP_NUM_THREADS=24 BLIS_NUM_THREADS=24 srun -n1 --cpus-per-task=24 ./sgemm_oblas.x 17500 17500 17500>>sgemm_oblas_thin_thin008_2023-07-06_12-00-00.csv
sgemm_thin_job_16531.out	sgemm_oblas_thin_thin008_2023-07-06_12-00-00.csv	thin008	rep 5 size 17000 OMP_PLACES=cores OMP_PROC_BIND=spread OMP_NUM_THREADS=24 BLIS_NUM_THREADS=24 srun -n1 --cpus-per-task=24 ./sgemm_oblas.x 17000 17000 17000>>sgemm_oblas_thin_thin008_2023-07-06_12-00-00.csv
sgemm_thin_job_16531.out	sgemm_oblas_thin_thin008_2023-07-06_12-00-00.csv	thin008	rep 5 size 16500 OMP_PLACES=cores OMP_PROC_BIND=spread OMP_NUM_THREADS=24 BLIS_NUM_THREADS=24 srun -n1 --cpus-per-task=24 ./sgemm_oblas.x 16500 16500 16500>>sgemm_oblas_thin_thin008_2023-07-06_12-00-00.csv
sgemm_thin_job_16531.out	sgemm_oblas_thin_thin008_2023-07-06_12-00-00.csv	thin008	rep 5 size 16000 OMP_PLACES=cores OMP_PROC_BIND=spread OMP_NUM_THREADS=24 BLIS_NUM_THREADS=24 srun -n1 --cpus-per-task=24 ./sgemm_oblas.x 16000 16000 16000>>sgemm_oblas_thin_thin008_2023-07-06_12-00-00.csv
sgemm_thin_job_16531.out	sgemm_oblas_thin_thin008_2023-07-06_12-00-00.csv	thin008	rep 5 size 15500 OMP_PLACES=cores OMP_PROC_BIND=spread OMP_NUM_THREADS=24 BLIS_NUM_THREADS=24 srun -n1 --cpus-per-task=24 ./sgemm_oblas.x 15500 15500 15500>>sgemm_oblas_thin_thin008_2023-07-06_12-00-00.csv
sgemm_thin_job_16531.out	sgemm_oblas_thin_thin008_2023-07-06_12-00-00.csv	thin008	rep 5 size 15000 OMP_PLACES=cores OMP_PROC_BIND=spread OMP_NUM_THREADS=24 BLIS_NUM_THREADS=24 srun -n1 --cpus-per-task=24 ./sgemm_oblas.x 15000 15000 15000>>sgemm_oblas_thin_thin008_2023-07-06_12-00-00.csv
sgemm_thin_job_16531.out	sgemm_oblas_thin_thin008_2023-07-06_12-00-00.csv	thin008	rep 5 size 14500 OMP_PLACES=cores OMP_PROC_BIND=spread OMP_NUM_THREADS=24 BLIS_NUM_THREADS=24 srun -n1 --cpus-per-task=24 ./sgemm_oblas.x 14500 14500 14500>>sgemm_oblas_thin_thin008_2023-07-06_12-00-00.csv
sgemm_thin_job_16531.out	sgemm_oblas_thin_thin008_2023-07-06_12-00-00.csv	thin008	rep 5 size 14000 OMP_PLACES=cores OMP_PROC_BIND=spread OMP_NUM_THREADS=24 BLIS_NUM_THREADS=24 srun -n1 --cpus-per-task=24 ./sgemm_oblas.x 14000 14000 14000>>sgemm_oblas_thin_thin008_2023-07-06_12-00-00.csv
sgemm_thin_job_16531.out	sgemm_oblas_thin_thin008_2023-07-06_12-00-00.csv	thin008	rep 5 size 13500 OMP_PLACES=cores OMP_PROC_BIND=spread OMP_NUM_THREADS=24 BLIS_NUM_THREADS=24 srun -n1 --cpus-per-task=24 ./sgemm_oblas.x 13500 13500 13500>>sgemm_oblas_thin_thin008_2023-07-06_12-00-00.csv
sgemm_thin_job_16531.out	sgemm_oblas_thin_thin008_2023-07-06_12-00-00.csv	thin008	rep 5 size 13000 OMP_PLACES=cores OMP_PROC_BIND=spread OMP_NUM_THREADS=24 BLIS_NUM_THREADS=24 srun -n1 --cpus-per-task=24 ./sgemm_oblas.x 13000 13000 13000>>sgemm_oblas_thin_thin008_2023-07-06_12-00-00.csv
sgemm_thin_job_16531.out	sgemm_oblas_thin_thin008_2023-07-06_12-00-00.csv	thin008	rep 5 size 12500 OMP_PLACES=cores OMP_PROC_BIND=spread OMP_NUM_THREADS=24 BLIS_NUM_THREADS=24 srun -n1 --cpus-per-task=24 ./sgemm_oblas.x 12500 12500 12500>>sgemm_oblas_thin_thin008_2023-07-06_12-00-00.csv
sgemm_thin_job_16531.out	sgemm_oblas_thin_thin008_2023-07-06_12-00-00.csv	thin008	rep 5 size 12000 OMP_PLACES=cores OMP_PROC_BIND=spread OMP_NUM_THREADS=24 BLIS_NUM_THREADS=24 srun -n1 --cpus-per-task=24 ./sgemm_oblas.x 12000 12000 12000>>sgemm_oblas_thin_thin008_2023-07-06_12-00-00.csv
sgemm_thin_job_16531.out	sgemm_oblas_thin_thin008_2023-07-06_12-00-00.csv	thin008	rep 5 size 11500 OMP_PLACES=cores OMP_PROC_BIND=spread OMP_NUM_THREADS=24 BLIS_NUM_THREADS=24 srun -n1 --cpus-per-task=24 ./sgemm_oblas.x 11500 11500 11500>>sgemm_oblas_thin_thin008_2023-07-06_12-00-00.csv
sgemm_thin_job_16531.out	sgemm_oblas_thin_thin008_2023-07-06_12-00-00.csv	thin008	rep 5 size 11000 OMP_PLACES=cores OMP_PROC_BIND=spread OMP_NUM_THREADS=24 BLIS_NUM_THREADS=24 srun -n1 --cpus-per-task=24 ./sgemm_oblas.x 11000 11000 11000>>sgemm_oblas_thin_thin008_2023-07-06_12-00-00.csv
sgemm_thin_job_16531.out	sgemm_oblas_thin_thin008_2023-07-06_12-00-00.csv	thin008	rep 5 size 10500 OMP_PLACES=cores OMP_PROC_BIND=spread OMP_NUM_THREADS=24 BLIS_NUM_THREADS=24 srun -n1 --cpus-per-task=24 ./sgemm_oblas.x 10500 10500 10500>>sgemm_oblas_thin_thin008_2023-07-06_12-00-00.csv
sgemm_thin_job_16531.out	sgemm_oblas_thin_thin008_2023-07-06_12-00-00.csv	thin008	rep 5 size 10000 OMP_PLACES=cores OMP_PROC_BIND=spread OMP_NUM_THREADS=24 BLIS_NUM_THREADS=24 srun -n1 --cpus-per-task=24 ./sgemm_oblas.x 10000 10000 10000>>sgemm_oblas_thin_thin008_2023-07-06_12-00-00.csv
sgemm_thin_job_16531.out	sgemm_oblas_thin_thin008_2023-07-06_12-00-00.csv	thin008	rep 5 size 9500 OMP_PLACES=cores OMP_PROC_BIND=spread OMP_NUM_THREADS=24 BLIS_NUM_THREADS=24 srun -n1 --cpus-per-task=24 ./sgemm_oblas.x 9500 9500 9500>>sgemm_oblas_thin_thin008_2023-07-06_12-00-00.csv
sgemm_thin_job_16531.out	sgemm_oblas_thin_thin008_2023-07-06_12-00-00.csv	thin008	rep 5 size 9000 OMP_PLACES=cores OMP_PROC_BIND=spread OMP_NUM_THREADS=24 BLIS_NUM_THREADS=24 srun -n1 --cpus-per-task=24 ./sgemm_oblas.x 9000 9000 9000>>sgemm_oblas_thin_thin008_2023-07-06_12-00-00.csv
sgemm_thin_job_16531.out	sgemm_oblas_thin_thin008_2023-07-06_12-00-00.csv	thin008	rep 5 size 8500 OMP_PLACES=cores OMP_PROC_BIND=spread OMP_NUM_THREADS=24 BLIS_NUM_THREADS=24 srun -n1 --cpus-per-task=24 ./sgemm_oblas.x 8500 8500 8500>>sgemm_oblas_thin_thin008_2023-07-06_12-00-00.csv
sgemm_thin_job_16531.out	sgemm_oblas_thin_thin008_2023-07-06_12-00-00.csv	thin008	rep 5 size 8000 OMP_PLACES=cores OMP_PROC_BIND=spread OMP_NUM_THREADS=24 BLIS_NUM_THREADS=24 srun -n1 --cpus-per-task=24 ./sgemm_oblas.x 8000 8000 8000>>sgemm_oblas_thin_thin008_2023-07-06_12-00-00.csv
sgemm_thin_job_16531.out	sgemm_oblas_thin_thin008_2023-07-06_12-00-00.csv	thin008	rep 5 size 7500 OMP_PLACES=cores OMP_PROC_BIND=spread OMP_NUM_THREADS=24 BLIS_NUM_THREADS=24 srun -n1 --cpus-per-task=24 ./sgemm_oblas.x 7500 7500 7500>>sgemm_oblas_thin_thin008_2023-07-06_12-00-00.csv
sgemm_thin_job_16531.out	sgemm_oblas_thin_thin008_2023-07-06_12-00-00.csv	thin008	rep 5 size 7000 OMP_PLACES=cores OMP_PROC_BIND=spread OMP_NUM_THREADS=24 BLIS_NUM_THREADS=24 srun -n1 --cpus-per-task=24 ./sgemm_oblas.x 7000 7000 7000>>sgemm_oblas_thin_thin008_2023-07-06_12-00-00.csv
sgemm_thin_job_16531.out	sgemm_oblas_thin_thin008_2023-07-06_12-00-00.csv	thin008	rep 5 size 6500 OMP_PLACES=cores OMP_PROC_BIND=spread OMP_NUM_THREADS=24 BLIS_NUM_THREADS=24 srun -n1 --cpus-per-task=24 ./sgemm_oblas.x 6500 6500 6500>>sgemm_oblas_thin_thin008_2023-07-06_12-00-00.csv
sgemm_thin_job_16531.out	sgemm_oblas_thin_thin008_2023-07-06_12-00-00.csv	thin008	rep 5 size 6000 OMP_PLACES=cores OMP_PROC_BIND=spread OMP_NUM_THREADS=24 BLIS_NUM_THREADS=24 srun -n1 --cpus-per-task=24 ./sgemm_oblas.x 6000 6000 6000>>sgemm_oblas_thin_thin008_2023-07-06_12-00-00.csv
sgemm_thin_job_16531.out	sgemm_oblas_thin_thin008_2023-07-06_12-00-00.csv	thin008	rep 5 size 5500 OMP_PLACES=cores OMP_PROC_BIND=spread OMP_NUM_THREADS=24 BLIS_NUM_THREADS=24 srun -n1 --cpus-per-task=24 ./sgemm_oblas.x 5500 5500 5500>>sgemm_oblas_thin_thin008_2023-07-06_12-00-00.csv
sgemm_thin_job_16531.out	sgemm_oblas_thin_thin008_2023-07-06_12-00-00.csv	thin008	rep 5 size 5000 OMP_PLACES=cores OMP_PROC_BIND=spread OMP_NUM_THREADS=24 BLIS_NUM_THREADS=24 srun -n1 --cpus-per-task=24 ./sgemm_oblas.x 5000 5000 5000>>sgemm_oblas_thin_thin008_2023-07-06_12-00-00.csv
sgemm_thin_job_16531.out	sgemm_oblas_thin_thin008_2023-07-06_12-00-00.csv	thin008	rep 5 size 4500 OMP_PLACES=cores OMP_PROC_BIND=spread OMP_NUM_THREADS=24 BLIS_NUM_THREADS=24 srun -n1 --cpus-per-task=24 ./sgemm_oblas.x 4500 4500 4500>>sgemm_oblas_thin_thin008_2023-07-06_12-00-00.csv
sgemm_thin_job_16531.out	sgemm_oblas_thin_thin008_2023-07-06_12-00-00.csv	thin008	rep 5 size 4000 OMP_PLACES=cores OMP_PROC_BIND=spread OMP_NUM_THREADS=24 BLIS_NUM_THREADS=24 srun -n1 --cpus-per-task=24 ./sgemm_oblas.x 4000 4000 4000>>sgemm_oblas_thin_thin008_2023-07-06_12-00-00.csv
sgemm_thin_job_16531.out	sgemm_oblas_thin_thin008_2023-07-06_12-00-00.csv	thin008	rep 5 size 3500 OMP_PLACES=cores OMP_PROC_BIND=spread OMP_NUM_THREADS=24 BLIS_NUM_THREADS=24 srun -n1 --cpus-per-task=24 ./sgemm_oblas.x 3500 3500 3500>>sgemm_oblas_thin_thin008_2023-07-06_12-00-00.csv
sgemm_thin_job_16531.out	sgemm_oblas_thin_thin008_2023-07-06_12-00-00.csv	thin008	rep 5 size 3000 OMP_PLACES=cores OMP_PROC_BIND=spread OMP_NUM_THREADS=24 BLIS_NUM_THREADS=24 srun -n1 --cpus-per-task=24 ./sgemm_oblas.x 3000 3000 3000>>sgemm_oblas_thin_thin008_2023-07-06_12-00-00.csv
sgemm_thin_job_16531.out	sgemm_oblas_thin_thin008_2023-07-06_12-00-00.csv	thin008	rep 5 size 2500 OMP_PLACES=cores OMP_PROC_BIND=spread OMP_NUM_THREADS=24 BLIS_NUM_THREADS=24 srun -n1 --cpus-per-task=24 ./sgemm_oblas.x 2500 2500 2500>>sgemm_oblas_thin_thin008_2023-07-06_12-00-00.csv
sgemm_thin_job_16531.out	sgemm_oblas_thin_thin008_2023-07-06_12-00-00.csv	thin008	rep 5 size 2000 OMP_PLACES=cores OMP_PROC_BIND=spread OMP_NUM_THREADS=24 BLIS_NUM_THREADS=24 srun -n1 --cpus-per-task=24 ./sgemm_oblas.x 2000 2000 2000>>sgemm_oblas_thin_thin008_2023-07-06_12-00-00.csv
thin008 2023-07-06_12-53-13 END
size scalability end
