Selected type of execution: i
make: Nothing to be done for 'all'.
scale_omp_epyc_epyc007_2023-06-16_23-13-50.csv epyc007 2023-06-16_23-13-50
OMP scalability begin
rep 1 scalability -i 5000 1
rep 1 scalability -i 5000 2
rep 1 scalability -i 5000 3
rep 1 scalability -i 5000 4
rep 1 scalability -i 5000 5
rep 1 scalability -i 5000 6
rep 1 scalability -i 5000 7
rep 1 scalability -i 5000 8
rep 1 scalability -i 5000 9
rep 1 scalability -i 5000 10
rep 1 scalability -i 5000 11
rep 1 scalability -i 5000 12
rep 1 scalability -i 5000 13
rep 1 scalability -i 5000 14
rep 1 scalability -i 5000 15
rep 1 scalability -i 5000 16
rep 1 scalability -i 5000 17
rep 1 scalability -i 5000 18
rep 1 scalability -i 5000 19
rep 1 scalability -i 5000 20
rep 1 scalability -i 5000 21
rep 1 scalability -i 5000 22
rep 1 scalability -i 5000 23
rep 1 scalability -i 5000 24
rep 1 scalability -i 5000 25
rep 1 scalability -i 5000 26
rep 1 scalability -i 5000 27
rep 1 scalability -i 5000 28
rep 1 scalability -i 5000 29
rep 1 scalability -i 5000 30
rep 1 scalability -i 5000 31
rep 1 scalability -i 5000 32
rep 1 scalability -i 5000 33
rep 1 scalability -i 5000 34
rep 1 scalability -i 5000 35
rep 1 scalability -i 5000 36
rep 1 scalability -i 5000 37
rep 1 scalability -i 5000 38
rep 1 scalability -i 5000 39
rep 1 scalability -i 5000 40
rep 1 scalability -i 5000 41
rep 1 scalability -i 5000 42
rep 1 scalability -i 5000 43
rep 1 scalability -i 5000 44
rep 1 scalability -i 5000 45
rep 1 scalability -i 5000 46
rep 1 scalability -i 5000 47
rep 1 scalability -i 5000 48
rep 1 scalability -i 5000 49
rep 1 scalability -i 5000 50
rep 1 scalability -i 5000 51
rep 1 scalability -i 5000 52
rep 1 scalability -i 5000 53
rep 1 scalability -i 5000 54
rep 1 scalability -i 5000 55
rep 1 scalability -i 5000 56
rep 1 scalability -i 5000 57
rep 1 scalability -i 5000 58
rep 1 scalability -i 5000 59
rep 1 scalability -i 5000 60
rep 1 scalability -i 5000 61
rep 1 scalability -i 5000 62
rep 1 scalability -i 5000 63
rep 1 scalability -i 5000 64
rep 2 scalability -i 5000 1
rep 2 scalability -i 5000 2
rep 2 scalability -i 5000 3
rep 2 scalability -i 5000 4
rep 2 scalability -i 5000 5
rep 2 scalability -i 5000 6
rep 2 scalability -i 5000 7
rep 2 scalability -i 5000 8
rep 2 scalability -i 5000 9
rep 2 scalability -i 5000 10
rep 2 scalability -i 5000 11
rep 2 scalability -i 5000 12
rep 2 scalability -i 5000 13
rep 2 scalability -i 5000 14
rep 2 scalability -i 5000 15
rep 2 scalability -i 5000 16
rep 2 scalability -i 5000 17
rep 2 scalability -i 5000 18
rep 2 scalability -i 5000 19
rep 2 scalability -i 5000 20
rep 2 scalability -i 5000 21
rep 2 scalability -i 5000 22
rep 2 scalability -i 5000 23
rep 2 scalability -i 5000 24
rep 2 scalability -i 5000 25
rep 2 scalability -i 5000 26
rep 2 scalability -i 5000 27
rep 2 scalability -i 5000 28
rep 2 scalability -i 5000 29
rep 2 scalability -i 5000 30
rep 2 scalability -i 5000 31
rep 2 scalability -i 5000 32
rep 2 scalability -i 5000 33
rep 2 scalability -i 5000 34
rep 2 scalability -i 5000 35
rep 2 scalability -i 5000 36
rep 2 scalability -i 5000 37
rep 2 scalability -i 5000 38
rep 2 scalability -i 5000 39
rep 2 scalability -i 5000 40
rep 2 scalability -i 5000 41
rep 2 scalability -i 5000 42
rep 2 scalability -i 5000 43
rep 2 scalability -i 5000 44
rep 2 scalability -i 5000 45
rep 2 scalability -i 5000 46
rep 2 scalability -i 5000 47
rep 2 scalability -i 5000 48
rep 2 scalability -i 5000 49
rep 2 scalability -i 5000 50
rep 2 scalability -i 5000 51
rep 2 scalability -i 5000 52
rep 2 scalability -i 5000 53
rep 2 scalability -i 5000 54
rep 2 scalability -i 5000 55
rep 2 scalability -i 5000 56
rep 2 scalability -i 5000 57
rep 2 scalability -i 5000 58
rep 2 scalability -i 5000 59
rep 2 scalability -i 5000 60
rep 2 scalability -i 5000 61
rep 2 scalability -i 5000 62
rep 2 scalability -i 5000 63
rep 2 scalability -i 5000 64
rep 3 scalability -i 5000 1
rep 3 scalability -i 5000 2
rep 3 scalability -i 5000 3
rep 3 scalability -i 5000 4
rep 3 scalability -i 5000 5
rep 3 scalability -i 5000 6
rep 3 scalability -i 5000 7
rep 3 scalability -i 5000 8
rep 3 scalability -i 5000 9
rep 3 scalability -i 5000 10
rep 3 scalability -i 5000 11
rep 3 scalability -i 5000 12
rep 3 scalability -i 5000 13
rep 3 scalability -i 5000 14
rep 3 scalability -i 5000 15
rep 3 scalability -i 5000 16
rep 3 scalability -i 5000 17
rep 3 scalability -i 5000 18
rep 3 scalability -i 5000 19
rep 3 scalability -i 5000 20
rep 3 scalability -i 5000 21
rep 3 scalability -i 5000 22
rep 3 scalability -i 5000 23
rep 3 scalability -i 5000 24
rep 3 scalability -i 5000 25
rep 3 scalability -i 5000 26
rep 3 scalability -i 5000 27
rep 3 scalability -i 5000 28
rep 3 scalability -i 5000 29
rep 3 scalability -i 5000 30
rep 3 scalability -i 5000 31
rep 3 scalability -i 5000 32
rep 3 scalability -i 5000 33
rep 3 scalability -i 5000 34
rep 3 scalability -i 5000 35
rep 3 scalability -i 5000 36
rep 3 scalability -i 5000 37
rep 3 scalability -i 5000 38
rep 3 scalability -i 5000 39
rep 3 scalability -i 5000 40
rep 3 scalability -i 5000 41
rep 3 scalability -i 5000 42
rep 3 scalability -i 5000 43
rep 3 scalability -i 5000 44
rep 3 scalability -i 5000 45
rep 3 scalability -i 5000 46
rep 3 scalability -i 5000 47
rep 3 scalability -i 5000 48
rep 3 scalability -i 5000 49
rep 3 scalability -i 5000 50
rep 3 scalability -i 5000 51
rep 3 scalability -i 5000 52
rep 3 scalability -i 5000 53
rep 3 scalability -i 5000 54
rep 3 scalability -i 5000 55
rep 3 scalability -i 5000 56
rep 3 scalability -i 5000 57
rep 3 scalability -i 5000 58
rep 3 scalability -i 5000 59
rep 3 scalability -i 5000 60
rep 3 scalability -i 5000 61
rep 3 scalability -i 5000 62
rep 3 scalability -i 5000 63
rep 3 scalability -i 5000 64
rep 4 scalability -i 5000 1
rep 4 scalability -i 5000 2
rep 4 scalability -i 5000 3
rep 4 scalability -i 5000 4
rep 4 scalability -i 5000 5
rep 4 scalability -i 5000 6
rep 4 scalability -i 5000 7
rep 4 scalability -i 5000 8
rep 4 scalability -i 5000 9
rep 4 scalability -i 5000 10
rep 4 scalability -i 5000 11
rep 4 scalability -i 5000 12
rep 4 scalability -i 5000 13
rep 4 scalability -i 5000 14
rep 4 scalability -i 5000 15
rep 4 scalability -i 5000 16
rep 4 scalability -i 5000 17
rep 4 scalability -i 5000 18
rep 4 scalability -i 5000 19
rep 4 scalability -i 5000 20
rep 4 scalability -i 5000 21
rep 4 scalability -i 5000 22
rep 4 scalability -i 5000 23
rep 4 scalability -i 5000 24
rep 4 scalability -i 5000 25
rep 4 scalability -i 5000 26
rep 4 scalability -i 5000 27
rep 4 scalability -i 5000 28
rep 4 scalability -i 5000 29
rep 4 scalability -i 5000 30
rep 4 scalability -i 5000 31
rep 4 scalability -i 5000 32
rep 4 scalability -i 5000 33
rep 4 scalability -i 5000 34
rep 4 scalability -i 5000 35
rep 4 scalability -i 5000 36
rep 4 scalability -i 5000 37
rep 4 scalability -i 5000 38
rep 4 scalability -i 5000 39
rep 4 scalability -i 5000 40
rep 4 scalability -i 5000 41
rep 4 scalability -i 5000 42
rep 4 scalability -i 5000 43
rep 4 scalability -i 5000 44
rep 4 scalability -i 5000 45
rep 4 scalability -i 5000 46
rep 4 scalability -i 5000 47
rep 4 scalability -i 5000 48
rep 4 scalability -i 5000 49
rep 4 scalability -i 5000 50
rep 4 scalability -i 5000 51
rep 4 scalability -i 5000 52
rep 4 scalability -i 5000 53
rep 4 scalability -i 5000 54
rep 4 scalability -i 5000 55
rep 4 scalability -i 5000 56
rep 4 scalability -i 5000 57
rep 4 scalability -i 5000 58
rep 4 scalability -i 5000 59
rep 4 scalability -i 5000 60
rep 4 scalability -i 5000 61
rep 4 scalability -i 5000 62
rep 4 scalability -i 5000 63
rep 4 scalability -i 5000 64
rep 5 scalability -i 5000 1
rep 5 scalability -i 5000 2
rep 5 scalability -i 5000 3
rep 5 scalability -i 5000 4
rep 5 scalability -i 5000 5
rep 5 scalability -i 5000 6
rep 5 scalability -i 5000 7
rep 5 scalability -i 5000 8
rep 5 scalability -i 5000 9
rep 5 scalability -i 5000 10
rep 5 scalability -i 5000 11
rep 5 scalability -i 5000 12
rep 5 scalability -i 5000 13
rep 5 scalability -i 5000 14
rep 5 scalability -i 5000 15
rep 5 scalability -i 5000 16
rep 5 scalability -i 5000 17
rep 5 scalability -i 5000 18
rep 5 scalability -i 5000 19
rep 5 scalability -i 5000 20
rep 5 scalability -i 5000 21
rep 5 scalability -i 5000 22
rep 5 scalability -i 5000 23
rep 5 scalability -i 5000 24
rep 5 scalability -i 5000 25
rep 5 scalability -i 5000 26
rep 5 scalability -i 5000 27
rep 5 scalability -i 5000 28
rep 5 scalability -i 5000 29
rep 5 scalability -i 5000 30
rep 5 scalability -i 5000 31
rep 5 scalability -i 5000 32
rep 5 scalability -i 5000 33
rep 5 scalability -i 5000 34
rep 5 scalability -i 5000 35
rep 5 scalability -i 5000 36
rep 5 scalability -i 5000 37
rep 5 scalability -i 5000 38
rep 5 scalability -i 5000 39
rep 5 scalability -i 5000 40
rep 5 scalability -i 5000 41
rep 5 scalability -i 5000 42
rep 5 scalability -i 5000 43
rep 5 scalability -i 5000 44
rep 5 scalability -i 5000 45
rep 5 scalability -i 5000 46
rep 5 scalability -i 5000 47
rep 5 scalability -i 5000 48
rep 5 scalability -i 5000 49
rep 5 scalability -i 5000 50
rep 5 scalability -i 5000 51
rep 5 scalability -i 5000 52
rep 5 scalability -i 5000 53
rep 5 scalability -i 5000 54
rep 5 scalability -i 5000 55
rep 5 scalability -i 5000 56
rep 5 scalability -i 5000 57
rep 5 scalability -i 5000 58
rep 5 scalability -i 5000 59
rep 5 scalability -i 5000 60
rep 5 scalability -i 5000 61
rep 5 scalability -i 5000 62
rep 5 scalability -i 5000 63
rep 5 scalability -i 5000 64
rep 6 scalability -i 5000 1
rep 6 scalability -i 5000 2
rep 6 scalability -i 5000 3
rep 6 scalability -i 5000 4
rep 6 scalability -i 5000 5
rep 6 scalability -i 5000 6
rep 6 scalability -i 5000 7
rep 6 scalability -i 5000 8
rep 6 scalability -i 5000 9
rep 6 scalability -i 5000 10
rep 6 scalability -i 5000 11
rep 6 scalability -i 5000 12
rep 6 scalability -i 5000 13
rep 6 scalability -i 5000 14
rep 6 scalability -i 5000 15
rep 6 scalability -i 5000 16
rep 6 scalability -i 5000 17
rep 6 scalability -i 5000 18
rep 6 scalability -i 5000 19
rep 6 scalability -i 5000 20
rep 6 scalability -i 5000 21
rep 6 scalability -i 5000 22
rep 6 scalability -i 5000 23
rep 6 scalability -i 5000 24
rep 6 scalability -i 5000 25
rep 6 scalability -i 5000 26
rep 6 scalability -i 5000 27
rep 6 scalability -i 5000 28
rep 6 scalability -i 5000 29
rep 6 scalability -i 5000 30
rep 6 scalability -i 5000 31
rep 6 scalability -i 5000 32
rep 6 scalability -i 5000 33
rep 6 scalability -i 5000 34
rep 6 scalability -i 5000 35
rep 6 scalability -i 5000 36
rep 6 scalability -i 5000 37
rep 6 scalability -i 5000 38
rep 6 scalability -i 5000 39
rep 6 scalability -i 5000 40
rep 6 scalability -i 5000 41
rep 6 scalability -i 5000 42
rep 6 scalability -i 5000 43
rep 6 scalability -i 5000 44
rep 6 scalability -i 5000 45
rep 6 scalability -i 5000 46
rep 6 scalability -i 5000 47
rep 6 scalability -i 5000 48
rep 6 scalability -i 5000 49
rep 6 scalability -i 5000 50
rep 6 scalability -i 5000 51
rep 6 scalability -i 5000 52
rep 6 scalability -i 5000 53
rep 6 scalability -i 5000 54
rep 6 scalability -i 5000 55
rep 6 scalability -i 5000 56
rep 6 scalability -i 5000 57
rep 6 scalability -i 5000 58
rep 6 scalability -i 5000 59
rep 6 scalability -i 5000 60
rep 6 scalability -i 5000 61
rep 6 scalability -i 5000 62
rep 6 scalability -i 5000 63
rep 6 scalability -i 5000 64
rep 7 scalability -i 5000 1
rep 7 scalability -i 5000 2
rep 7 scalability -i 5000 3
rep 7 scalability -i 5000 4
rep 7 scalability -i 5000 5
rep 7 scalability -i 5000 6
rep 7 scalability -i 5000 7
rep 7 scalability -i 5000 8
rep 7 scalability -i 5000 9
rep 7 scalability -i 5000 10
rep 7 scalability -i 5000 11
rep 7 scalability -i 5000 12
rep 7 scalability -i 5000 13
rep 7 scalability -i 5000 14
rep 7 scalability -i 5000 15
rep 7 scalability -i 5000 16
rep 7 scalability -i 5000 17
rep 7 scalability -i 5000 18
rep 7 scalability -i 5000 19
rep 7 scalability -i 5000 20
rep 7 scalability -i 5000 21
rep 7 scalability -i 5000 22
rep 7 scalability -i 5000 23
rep 7 scalability -i 5000 24
rep 7 scalability -i 5000 25
rep 7 scalability -i 5000 26
rep 7 scalability -i 5000 27
rep 7 scalability -i 5000 28
rep 7 scalability -i 5000 29
rep 7 scalability -i 5000 30
rep 7 scalability -i 5000 31
rep 7 scalability -i 5000 32
rep 7 scalability -i 5000 33
rep 7 scalability -i 5000 34
rep 7 scalability -i 5000 35
rep 7 scalability -i 5000 36
rep 7 scalability -i 5000 37
rep 7 scalability -i 5000 38
rep 7 scalability -i 5000 39
rep 7 scalability -i 5000 40
rep 7 scalability -i 5000 41
rep 7 scalability -i 5000 42
rep 7 scalability -i 5000 43
rep 7 scalability -i 5000 44
rep 7 scalability -i 5000 45
rep 7 scalability -i 5000 46
rep 7 scalability -i 5000 47
rep 7 scalability -i 5000 48
rep 7 scalability -i 5000 49
rep 7 scalability -i 5000 50
rep 7 scalability -i 5000 51
rep 7 scalability -i 5000 52
rep 7 scalability -i 5000 53
rep 7 scalability -i 5000 54
rep 7 scalability -i 5000 55
rep 7 scalability -i 5000 56
rep 7 scalability -i 5000 57
rep 7 scalability -i 5000 58
rep 7 scalability -i 5000 59
rep 7 scalability -i 5000 60
rep 7 scalability -i 5000 61
rep 7 scalability -i 5000 62
rep 7 scalability -i 5000 63
rep 7 scalability -i 5000 64
rep 8 scalability -i 5000 1
rep 8 scalability -i 5000 2
rep 8 scalability -i 5000 3
rep 8 scalability -i 5000 4
rep 8 scalability -i 5000 5
rep 8 scalability -i 5000 6
rep 8 scalability -i 5000 7
rep 8 scalability -i 5000 8
rep 8 scalability -i 5000 9
rep 8 scalability -i 5000 10
rep 8 scalability -i 5000 11
rep 8 scalability -i 5000 12
rep 8 scalability -i 5000 13
rep 8 scalability -i 5000 14
rep 8 scalability -i 5000 15
rep 8 scalability -i 5000 16
rep 8 scalability -i 5000 17
rep 8 scalability -i 5000 18
rep 8 scalability -i 5000 19
rep 8 scalability -i 5000 20
rep 8 scalability -i 5000 21
rep 8 scalability -i 5000 22
rep 8 scalability -i 5000 23
rep 8 scalability -i 5000 24
rep 8 scalability -i 5000 25
rep 8 scalability -i 5000 26
rep 8 scalability -i 5000 27
rep 8 scalability -i 5000 28
rep 8 scalability -i 5000 29
rep 8 scalability -i 5000 30
rep 8 scalability -i 5000 31
rep 8 scalability -i 5000 32
rep 8 scalability -i 5000 33
rep 8 scalability -i 5000 34
rep 8 scalability -i 5000 35
rep 8 scalability -i 5000 36
rep 8 scalability -i 5000 37
rep 8 scalability -i 5000 38
rep 8 scalability -i 5000 39
rep 8 scalability -i 5000 40
rep 8 scalability -i 5000 41
rep 8 scalability -i 5000 42
rep 8 scalability -i 5000 43
rep 8 scalability -i 5000 44
rep 8 scalability -i 5000 45
rep 8 scalability -i 5000 46
rep 8 scalability -i 5000 47
rep 8 scalability -i 5000 48
rep 8 scalability -i 5000 49
rep 8 scalability -i 5000 50
rep 8 scalability -i 5000 51
rep 8 scalability -i 5000 52
rep 8 scalability -i 5000 53
rep 8 scalability -i 5000 54
rep 8 scalability -i 5000 55
rep 8 scalability -i 5000 56
rep 8 scalability -i 5000 57
rep 8 scalability -i 5000 58
rep 8 scalability -i 5000 59
rep 8 scalability -i 5000 60
rep 8 scalability -i 5000 61
rep 8 scalability -i 5000 62
rep 8 scalability -i 5000 63
rep 8 scalability -i 5000 64
rep 9 scalability -i 5000 1
rep 9 scalability -i 5000 2
rep 9 scalability -i 5000 3
rep 9 scalability -i 5000 4
rep 9 scalability -i 5000 5
rep 9 scalability -i 5000 6
rep 9 scalability -i 5000 7
rep 9 scalability -i 5000 8
rep 9 scalability -i 5000 9
rep 9 scalability -i 5000 10
rep 9 scalability -i 5000 11
rep 9 scalability -i 5000 12
rep 9 scalability -i 5000 13
rep 9 scalability -i 5000 14
rep 9 scalability -i 5000 15
rep 9 scalability -i 5000 16
rep 9 scalability -i 5000 17
rep 9 scalability -i 5000 18
rep 9 scalability -i 5000 19
rep 9 scalability -i 5000 20
rep 9 scalability -i 5000 21
rep 9 scalability -i 5000 22
rep 9 scalability -i 5000 23
rep 9 scalability -i 5000 24
rep 9 scalability -i 5000 25
rep 9 scalability -i 5000 26
rep 9 scalability -i 5000 27
rep 9 scalability -i 5000 28
rep 9 scalability -i 5000 29
rep 9 scalability -i 5000 30
rep 9 scalability -i 5000 31
rep 9 scalability -i 5000 32
rep 9 scalability -i 5000 33
rep 9 scalability -i 5000 34
rep 9 scalability -i 5000 35
rep 9 scalability -i 5000 36
rep 9 scalability -i 5000 37
rep 9 scalability -i 5000 38
rep 9 scalability -i 5000 39
rep 9 scalability -i 5000 40
rep 9 scalability -i 5000 41
rep 9 scalability -i 5000 42
rep 9 scalability -i 5000 43
rep 9 scalability -i 5000 44
rep 9 scalability -i 5000 45
rep 9 scalability -i 5000 46
rep 9 scalability -i 5000 47
rep 9 scalability -i 5000 48
rep 9 scalability -i 5000 49
rep 9 scalability -i 5000 50
rep 9 scalability -i 5000 51
rep 9 scalability -i 5000 52
rep 9 scalability -i 5000 53
rep 9 scalability -i 5000 54
rep 9 scalability -i 5000 55
rep 9 scalability -i 5000 56
rep 9 scalability -i 5000 57
rep 9 scalability -i 5000 58
rep 9 scalability -i 5000 59
rep 9 scalability -i 5000 60
rep 9 scalability -i 5000 61
rep 9 scalability -i 5000 62
rep 9 scalability -i 5000 63
rep 9 scalability -i 5000 64
rep 10 scalability -i 5000 1
rep 10 scalability -i 5000 2
rep 10 scalability -i 5000 3
rep 10 scalability -i 5000 4
rep 10 scalability -i 5000 5
rep 10 scalability -i 5000 6
rep 10 scalability -i 5000 7
rep 10 scalability -i 5000 8
rep 10 scalability -i 5000 9
rep 10 scalability -i 5000 10
rep 10 scalability -i 5000 11
rep 10 scalability -i 5000 12
rep 10 scalability -i 5000 13
rep 10 scalability -i 5000 14
rep 10 scalability -i 5000 15
rep 10 scalability -i 5000 16
rep 10 scalability -i 5000 17
rep 10 scalability -i 5000 18
rep 10 scalability -i 5000 19
rep 10 scalability -i 5000 20
rep 10 scalability -i 5000 21
rep 10 scalability -i 5000 22
rep 10 scalability -i 5000 23
rep 10 scalability -i 5000 24
rep 10 scalability -i 5000 25
rep 10 scalability -i 5000 26
rep 10 scalability -i 5000 27
rep 10 scalability -i 5000 28
rep 10 scalability -i 5000 29
rep 10 scalability -i 5000 30
rep 10 scalability -i 5000 31
rep 10 scalability -i 5000 32
rep 10 scalability -i 5000 33
rep 10 scalability -i 5000 34
rep 10 scalability -i 5000 35
rep 10 scalability -i 5000 36
rep 10 scalability -i 5000 37
rep 10 scalability -i 5000 38
rep 10 scalability -i 5000 39
rep 10 scalability -i 5000 40
rep 10 scalability -i 5000 41
rep 10 scalability -i 5000 42
rep 10 scalability -i 5000 43
rep 10 scalability -i 5000 44
rep 10 scalability -i 5000 45
rep 10 scalability -i 5000 46
rep 10 scalability -i 5000 47
rep 10 scalability -i 5000 48
rep 10 scalability -i 5000 49
rep 10 scalability -i 5000 50
rep 10 scalability -i 5000 51
rep 10 scalability -i 5000 52
rep 10 scalability -i 5000 53
rep 10 scalability -i 5000 54
rep 10 scalability -i 5000 55
rep 10 scalability -i 5000 56
rep 10 scalability -i 5000 57
rep 10 scalability -i 5000 58
rep 10 scalability -i 5000 59
rep 10 scalability -i 5000 60
rep 10 scalability -i 5000 61
rep 10 scalability -i 5000 62
rep 10 scalability -i 5000 63
rep 10 scalability -i 5000 64
scalability end
