Selected type of execution: i
mpicc -fopenmp gameoflife.h gameoflife.c files_io.h files_io.c new_playground.c evolution_ordered.c evolution_static.c evolution_wave.c evolution_whiteblack.c -o gameoflife.x
scale_omp_epyc_epyc001.orfeo.hpc_2023-06-11_12-15-16.csv epyc001.orfeo.hpc 2023-06-11_12-15-16
scalability begin
scalability -i 10000 1
scalability -i 10000 2
scalability -i 10000 3
scalability -i 10000 4
scalability -i 10000 5
scalability -i 10000 6
scalability -i 10000 7
scalability -i 10000 8
scalability -i 10000 9
scalability -i 10000 10
scalability -i 10000 11
scalability -i 10000 12
scalability -i 10000 13
scalability -i 10000 14
scalability -i 10000 15
scalability -i 10000 16
scalability -i 10000 17
scalability -i 10000 18
scalability -i 10000 19
scalability -i 10000 20
scalability -i 10000 21
scalability -i 10000 22
scalability -i 10000 23
scalability -i 10000 24
scalability -i 10000 25
scalability -i 10000 26
scalability -i 10000 27
scalability -i 10000 28
scalability -i 10000 29
scalability -i 10000 30
scalability -i 10000 31
scalability -i 10000 32
scalability -i 10000 33
scalability -i 10000 34
scalability -i 10000 35
scalability -i 10000 36
scalability -i 10000 37
scalability -i 10000 38
scalability -i 10000 39
scalability -i 10000 40
scalability -i 10000 41
scalability -i 10000 42
scalability -i 10000 43
scalability -i 10000 44
scalability -i 10000 45
scalability -i 10000 46
scalability -i 10000 47
scalability -i 10000 48
scalability -i 10000 49
scalability -i 10000 50
scalability -i 10000 51
scalability -i 10000 52
scalability -i 10000 53
scalability -i 10000 54
scalability -i 10000 55
scalability -i 10000 56
scalability -i 10000 57
scalability -i 10000 58
scalability -i 10000 59
scalability -i 10000 60
scalability -i 10000 61
scalability -i 10000 62
scalability -i 10000 63
scalability -i 10000 64
scalability -i 1000 1
scalability -i 1000 2
scalability -i 1000 3
scalability -i 1000 4
scalability -i 1000 5
scalability -i 1000 6
scalability -i 1000 7
scalability -i 1000 8
scalability -i 1000 9
scalability -i 1000 10
scalability -i 1000 11
scalability -i 1000 12
scalability -i 1000 13
scalability -i 1000 14
scalability -i 1000 15
scalability -i 1000 16
scalability -i 1000 17
scalability -i 1000 18
scalability -i 1000 19
scalability -i 1000 20
scalability -i 1000 21
scalability -i 1000 22
scalability -i 1000 23
scalability -i 1000 24
scalability -i 1000 25
scalability -i 1000 26
scalability -i 1000 27
scalability -i 1000 28
scalability -i 1000 29
scalability -i 1000 30
scalability -i 1000 31
scalability -i 1000 32
scalability -i 1000 33
scalability -i 1000 34
scalability -i 1000 35
scalability -i 1000 36
scalability -i 1000 37
scalability -i 1000 38
scalability -i 1000 39
scalability -i 1000 40
scalability -i 1000 41
scalability -i 1000 42
scalability -i 1000 43
scalability -i 1000 44
scalability -i 1000 45
scalability -i 1000 46
scalability -i 1000 47
scalability -i 1000 48
scalability -i 1000 49
scalability -i 1000 50
scalability -i 1000 51
scalability -i 1000 52
scalability -i 1000 53
scalability -i 1000 54
scalability -i 1000 55
scalability -i 1000 56
scalability -i 1000 57
scalability -i 1000 58
scalability -i 1000 59
scalability -i 1000 60
scalability -i 1000 61
scalability -i 1000 62
scalability -i 1000 63
scalability -i 1000 64
scalability -i 100 1
scalability -i 100 2
scalability -i 100 3
scalability -i 100 4
scalability -i 100 5
scalability -i 100 6
scalability -i 100 7
scalability -i 100 8
scalability -i 100 9
scalability -i 100 10
scalability -i 100 11
scalability -i 100 12
scalability -i 100 13
scalability -i 100 14
scalability -i 100 15
scalability -i 100 16
scalability -i 100 17
scalability -i 100 18
scalability -i 100 19
scalability -i 100 20
scalability -i 100 21
scalability -i 100 22
scalability -i 100 23
scalability -i 100 24
scalability -i 100 25
scalability -i 100 26
scalability -i 100 27
scalability -i 100 28
scalability -i 100 29
scalability -i 100 30
scalability -i 100 31
scalability -i 100 32
scalability -i 100 33
scalability -i 100 34
scalability -i 100 35
scalability -i 100 36
scalability -i 100 37
scalability -i 100 38
scalability -i 100 39
scalability -i 100 40
scalability -i 100 41
scalability -i 100 42
scalability -i 100 43
scalability -i 100 44
scalability -i 100 45
scalability -i 100 46
scalability -i 100 47
scalability -i 100 48
scalability -i 100 49
scalability -i 100 50
scalability -i 100 51
scalability -i 100 52
scalability -i 100 53
scalability -i 100 54
scalability -i 100 55
scalability -i 100 56
scalability -i 100 57
scalability -i 100 58
scalability -i 100 59
scalability -i 100 60
scalability -i 100 61
scalability -i 100 62
scalability -i 100 63
scalability -i 100 64
scalability end
