make: Nothing to be done for 'all'.
scale_omp_epyc_epyc001.orfeo.hpc_2023-06-10_15-55-29.csv epyc001.orfeo.hpc 2023-06-10_15-55-29
scalability begin
scalability -i 10000 1
scalability -i 10000 2
scalability -i 10000 3
scalability -i 10000 4
scalability -i 10000 5
scalability -i 10000 6
scalability -i 10000 7
scalability -i 10000 8
scalability -i 10000 9
scalability -i 10000 10
scalability -i 10000 11
scalability -i 10000 12
scalability -i 10000 13
scalability -i 10000 14
scalability -i 10000 15
scalability -i 10000 16
scalability -i 10000 17
scalability -i 10000 18
scalability -i 10000 19
scalability -i 10000 20
scalability -i 10000 21
scalability -i 10000 22
scalability -i 10000 23
scalability -i 10000 24
scalability -i 10000 25
scalability -i 10000 26
scalability -i 10000 27
scalability -i 10000 28
scalability -i 10000 29
scalability -i 10000 30
scalability -i 10000 31
scalability -i 10000 32
scalability -i 10000 33
scalability -i 10000 34
scalability -i 10000 35
scalability -i 10000 36
scalability -i 10000 37
scalability -i 10000 38
scalability -i 10000 39
scalability -i 10000 40
scalability -i 10000 41
scalability -i 10000 42
scalability -i 10000 43
scalability -i 10000 44
scalability -i 10000 45
scalability -i 10000 46
scalability -i 10000 47
scalability -i 10000 48
scalability -i 10000 49
scalability -i 10000 50
scalability -i 10000 51
scalability -i 10000 52
scalability -i 10000 53
scalability -i 10000 54
scalability -i 10000 55
scalability -i 10000 56
scalability -i 10000 57
scalability -i 10000 58
scalability -i 10000 59
scalability -i 10000 60
scalability -i 10000 61
scalability -i 10000 62
scalability -i 10000 63
scalability -i 10000 64
scalability -e 10000 1
slurmstepd: error: *** JOB 11886 ON epyc001 CANCELLED AT 2023-06-10T17:55:35 DUE TO TIME LIMIT ***
