Selected type of execution: 0
make: Nothing to be done for 'all'.
scale_omp_epyc_epyc002_2023-06-11_09-12-32.csv epyc002 2023-06-11_09-12-32
scalability begin
scalability -e0 10000 1
scalability -e0 10000 2
scalability -e0 10000 3
scalability -e0 10000 4
scalability -e0 10000 5
scalability -e0 10000 6
scalability -e0 10000 7
scalability -e0 10000 8
scalability -e0 10000 9
scalability -e0 10000 10
scalability -e0 10000 11
scalability -e0 10000 12
scalability -e0 10000 13
scalability -e0 10000 14
scalability -e0 10000 15
scalability -e0 10000 16
scalability -e0 10000 17
scalability -e0 10000 18
scalability -e0 10000 19
scalability -e0 10000 20
scalability -e0 10000 21
scalability -e0 10000 22
scalability -e0 10000 23
scalability -e0 10000 24
scalability -e0 10000 25
scalability -e0 10000 26
scalability -e0 10000 27
scalability -e0 10000 28
scalability -e0 10000 29
scalability -e0 10000 30
slurmstepd: error: *** JOB 11905 ON epyc002 CANCELLED AT 2023-06-11T11:12:38 DUE TO TIME LIMIT ***
