make: Nothing to be done for 'all'.
scale_omp_epyc_epyc001.orfeo.hpc_2023-06-10_12-15-26.csv epyc001.orfeo.hpc 2023-06-10_12-15-26
scalability begin
scalability 1 - written as a csv field
scalability 2 - written as a csv field
scalability 3 - written as a csv field
scalability 4 - written as a csv field
scalability 5 - written as a csv field
scalability 6 - written as a csv field
scalability 7 - written as a csv field
scalability 8 - written as a csv field
scalability 9 - written as a csv field
scalability 10 - written as a csv field
scalability 11 - written as a csv field
scalability 12 - written as a csv field
scalability 13 - written as a csv field
scalability 14 - written as a csv field
scalability 15 - written as a csv field
scalability 16 - written as a csv field
scalability 17 - written as a csv field
scalability 18 - written as a csv field
scalability 19 - written as a csv field
scalability 20 - written as a csv field
scalability 21 - written as a csv field
scalability 22 - written as a csv field
scalability 23 - written as a csv field
scalability 24 - written as a csv field
scalability 25 - written as a csv field
scalability 26 - written as a csv field
scalability 27 - written as a csv field
scalability 28 - written as a csv field
scalability 29 - written as a csv field
scalability 30 - written as a csv field
scalability 31 - written as a csv field
scalability 32 - written as a csv field
scalability 33 - written as a csv field
scalability 34 - written as a csv field
scalability 35 - written as a csv field
scalability 36 - written as a csv field
scalability 37 - written as a csv field
scalability 38 - written as a csv field
scalability 39 - written as a csv field
scalability 40 - written as a csv field
scalability 41 - written as a csv field
scalability 42 - written as a csv field
scalability 43 - written as a csv field
scalability 44 - written as a csv field
scalability 45 - written as a csv field
scalability 46 - written as a csv field
scalability 47 - written as a csv field
scalability 48 - written as a csv field
scalability 49 - written as a csv field
scalability 50 - written as a csv field
scalability 51 - written as a csv field
scalability 52 - written as a csv field
scalability 53 - written as a csv field
scalability 54 - written as a csv field
scalability 55 - written as a csv field
scalability 56 - written as a csv field
scalability 57 - written as a csv field
scalability 58 - written as a csv field
scalability 59 - written as a csv field
scalability 60 - written as a csv field
scalability 61 - written as a csv field
scalability 62 - written as a csv field
scalability 63 - written as a csv field
scalability 64 - written as a csv field
scalability 1 - written as a csv field
scalability 2 - written as a csv field
scalability 3 - written as a csv field
scalability 4 - written as a csv field
scalability 5 - written as a csv field
scalability 6 - written as a csv field
scalability 7 - written as a csv field
scalability 8 - written as a csv field
scalability 9 - written as a csv field
scalability 10 - written as a csv field
scalability 11 - written as a csv field
scalability 12 - written as a csv field
scalability 13 - written as a csv field
scalability 14 - written as a csv field
scalability 15 - written as a csv field
scalability 16 - written as a csv field
scalability 17 - written as a csv field
scalability 18 - written as a csv field
scalability 19 - written as a csv field
scalability 20 - written as a csv field
scalability 21 - written as a csv field
scalability 22 - written as a csv field
scalability 23 - written as a csv field
scalability 24 - written as a csv field
scalability 25 - written as a csv field
scalability 26 - written as a csv field
scalability 27 - written as a csv field
scalability 28 - written as a csv field
scalability 29 - written as a csv field
scalability 30 - written as a csv field
scalability 31 - written as a csv field
scalability 32 - written as a csv field
scalability 33 - written as a csv field
scalability 34 - written as a csv field
scalability 35 - written as a csv field
scalability 36 - written as a csv field
scalability 37 - written as a csv field
scalability 38 - written as a csv field
scalability 39 - written as a csv field
scalability 40 - written as a csv field
scalability 41 - written as a csv field
scalability 42 - written as a csv field
scalability 43 - written as a csv field
scalability 44 - written as a csv field
scalability 45 - written as a csv field
scalability 46 - written as a csv field
scalability 47 - written as a csv field
scalability 48 - written as a csv field
scalability 49 - written as a csv field
scalability 50 - written as a csv field
scalability 51 - written as a csv field
scalability 52 - written as a csv field
scalability 53 - written as a csv field
scalability 54 - written as a csv field
scalability 55 - written as a csv field
scalability 56 - written as a csv field
scalability 57 - written as a csv field
scalability 58 - written as a csv field
scalability 59 - written as a csv field
scalability 60 - written as a csv field
scalability 61 - written as a csv field
scalability 62 - written as a csv field
scalability 63 - written as a csv field
scalability 64 - written as a csv field
scalability end
