Selected type of execution: 1
make: Nothing to be done for 'all'.
scale_omp_epyc_epyc005_2023-06-27_15-12-25.csv epyc005 2023-06-27_15-12-25
OMP scalability begin
rep 1 scalability -e1 10000 1
gameoflife.x running on 6*1 cores with 6 MPI-tasks and 1 threads
mpirun -n 6 --map-by ppr:1:socket:PE=1 --bind-to core --report-bindings gameoflife.x -r -f pattern_random10000.pgm -n 100 -e 1 -s 0 -q
[epyc005:28964] MCW rank 1 bound to socket 1[core 64[hwt 0]]: [./././././././././././././././././././././././././././././././././././././././././././././././././././././././././././././././.][B/././././././././././././././././././././././././././././././././././././././././././././././././././././././././././././././.]
[epyc005:28964] MCW rank 0 bound to socket 0[core 0[hwt 0]]: [B/././././././././././././././././././././././././././././././././././././././././././././././././././././././././././././././.][./././././././././././././././././././././././././././././././././././././././././././././././././././././././././././././././.]
[epyc007:09963] MCW rank 5 bound to socket 1[core 64[hwt 0]]: [./././././././././././././././././././././././././././././././././././././././././././././././././././././././././././././././.][B/././././././././././././././././././././././././././././././././././././././././././././././././././././././././././././././.]
[epyc007:09963] MCW rank 4 bound to socket 0[core 0[hwt 0]]: [B/././././././././././././././././././././././././././././././././././././././././././././././././././././././././././././././.][./././././././././././././././././././././././././././././././././././././././././././././././././././././././././././././././.]
[epyc006:33431] MCW rank 2 bound to socket 0[core 0[hwt 0]]: [B/././././././././././././././././././././././././././././././././././././././././././././././././././././././././././././././.][./././././././././././././././././././././././././././././././././././././././././././././././././././././././././././././././.]
[epyc006:33431] MCW rank 3 bound to socket 1[core 64[hwt 0]]: [./././././././././././././././././././././././././././././././././././././././././././././././././././././././././././././././.][B/././././././././././././././././././././././././././././././././././././././././././././././././././././././././././././././.]
rep 1 scalability -e1 10000 2
gameoflife.x running on 6*2 cores with 6 MPI-tasks and 2 threads
mpirun -n 6 --map-by ppr:1:socket:PE=2 --bind-to core --report-bindings gameoflife.x -r -f pattern_random10000.pgm -n 100 -e 1 -s 0 -q
[epyc005:29019] MCW rank 0 bound to socket 0[core 0[hwt 0]], socket 0[core 1[hwt 0]]: [B/B/./././././././././././././././././././././././././././././././././././././././././././././././././././././././././././././.][./././././././././././././././././././././././././././././././././././././././././././././././././././././././././././././././.]
[epyc005:29019] MCW rank 1 bound to socket 1[core 64[hwt 0]], socket 1[core 65[hwt 0]]: [./././././././././././././././././././././././././././././././././././././././././././././././././././././././././././././././.][B/B/./././././././././././././././././././././././././././././././././././././././././././././././././././././././././././././.]
[epyc007:09992] MCW rank 4 bound to socket 0[core 0[hwt 0]], socket 0[core 1[hwt 0]]: [B/B/./././././././././././././././././././././././././././././././././././././././././././././././././././././././././././././.][./././././././././././././././././././././././././././././././././././././././././././././././././././././././././././././././.]
[epyc007:09992] MCW rank 5 bound to socket 1[core 64[hwt 0]], socket 1[core 65[hwt 0]]: [./././././././././././././././././././././././././././././././././././././././././././././././././././././././././././././././.][B/B/./././././././././././././././././././././././././././././././././././././././././././././././././././././././././././././.]
[epyc006:33478] MCW rank 3 bound to socket 1[core 64[hwt 0]], socket 1[core 65[hwt 0]]: [./././././././././././././././././././././././././././././././././././././././././././././././././././././././././././././././.][B/B/./././././././././././././././././././././././././././././././././././././././././././././././././././././././././././././.]
[epyc006:33478] MCW rank 2 bound to socket 0[core 0[hwt 0]], socket 0[core 1[hwt 0]]: [B/B/./././././././././././././././././././././././././././././././././././././././././././././././././././././././././././././.][./././././././././././././././././././././././././././././././././././././././././././././././././././././././././././././././.]
slurmstepd: error: *** JOB 14566 ON epyc005 CANCELLED AT 2023-06-27T15:13:58 ***
