Selected type of execution: i
make: Nothing to be done for 'all'.
scale_omp_epyc_epyc001.orfeo.hpc_2023-06-11_12-00-29.csv epyc001.orfeo.hpc 2023-06-11_12-00-29
scalability begin
scalability -i 100 1
scalability -i 100 2
scalability -i 100 3
scalability -i 100 4
scalability -i 100 5
scalability -i 100 6
scalability -i 100 7
scalability -i 100 8
scalability -i 100 9
scalability -i 100 10
scalability -i 100 11
scalability -i 100 12
scalability -i 100 13
scalability -i 100 14
scalability -i 100 15
scalability -i 100 16
scalability -i 100 17
scalability -i 100 18
scalability -i 100 19
scalability -i 100 20
scalability -i 100 21
scalability -i 100 22
scalability -i 100 23
scalability -i 100 24
scalability -i 100 25
scalability -i 100 26
scalability -i 100 27
scalability -i 100 28
scalability -i 100 29
scalability -i 100 30
scalability -i 100 31
scalability -i 100 32
scalability -i 100 33
scalability -i 100 34
scalability -i 100 35
scalability -i 100 36
scalability -i 100 37
scalability -i 100 38
scalability -i 100 39
scalability -i 100 40
scalability -i 100 41
scalability -i 100 42
scalability -i 100 43
scalability -i 100 44
scalability -i 100 45
scalability -i 100 46
scalability -i 100 47
scalability -i 100 48
scalability -i 100 49
scalability -i 100 50
scalability -i 100 51
scalability -i 100 52
scalability -i 100 53
scalability -i 100 54
scalability -i 100 55
scalability -i 100 56
scalability -i 100 57
scalability -i 100 58
scalability -i 100 59
scalability -i 100 60
scalability -i 100 61
scalability -i 100 62
scalability -i 100 63
scalability -i 100 64
scalability end
