Selected type of execution: 1
make: Nothing to be done for 'all'.
scale_omp_epyc_epyc004_2023-06-11_09-13-20.csv epyc004 2023-06-11_09-13-20
scalability begin
scalability -e1 10000 1
scalability -e1 10000 2
scalability -e1 10000 3
scalability -e1 10000 4
scalability -e1 10000 5
scalability -e1 10000 6
scalability -e1 10000 7
scalability -e1 10000 8
scalability -e1 10000 9
scalability -e1 10000 10
scalability -e1 10000 11
scalability -e1 10000 12
scalability -e1 10000 13
scalability -e1 10000 14
scalability -e1 10000 15
scalability -e1 10000 16
scalability -e1 10000 17
scalability -e1 10000 18
scalability -e1 10000 19
scalability -e1 10000 20
scalability -e1 10000 21
scalability -e1 10000 22
scalability -e1 10000 23
scalability -e1 10000 24
scalability -e1 10000 25
scalability -e1 10000 26
scalability -e1 10000 27
scalability -e1 10000 28
scalability -e1 10000 29
scalability -e1 10000 30
scalability -e1 10000 31
scalability -e1 10000 32
scalability -e1 10000 33
scalability -e1 10000 34
scalability -e1 10000 35
scalability -e1 10000 36
scalability -e1 10000 37
scalability -e1 10000 38
scalability -e1 10000 39
slurmstepd: error: *** JOB 11906 ON epyc004 CANCELLED AT 2023-06-11T11:13:38 DUE TO TIME LIMIT ***
